[2023-02-10T21:32:53.637+0200] {processor.py:153} INFO - Started process (PID=48378) to work on /Users/v.lytvyniuk/Documents/библиотечка/DE online1/git/de_7/lesson_07/airflow_env/lib/python3.8/site-packages/airflow/example_dags/example_branch_labels.py
[2023-02-10T21:32:53.640+0200] {processor.py:640} INFO - Processing file /Users/v.lytvyniuk/Documents/библиотечка/DE online1/git/de_7/lesson_07/airflow_env/lib/python3.8/site-packages/airflow/example_dags/example_branch_labels.py for tasks to queue
[2023-02-10T21:32:53.640+0200] {logging_mixin.py:115} INFO - [2023-02-10T21:32:53.640+0200] {dagbag.py:508} INFO - Filling up the DagBag from /Users/v.lytvyniuk/Documents/библиотечка/DE online1/git/de_7/lesson_07/airflow_env/lib/python3.8/site-packages/airflow/example_dags/example_branch_labels.py
[2023-02-10T21:32:53.648+0200] {processor.py:650} INFO - DAG(s) dict_keys(['example_branch_labels']) retrieved from /Users/v.lytvyniuk/Documents/библиотечка/DE online1/git/de_7/lesson_07/airflow_env/lib/python3.8/site-packages/airflow/example_dags/example_branch_labels.py
[2023-02-10T21:32:54.033+0200] {logging_mixin.py:115} INFO - [2023-02-10T21:32:54.033+0200] {manager.py:508} INFO - Created Permission View: can delete on DAG:example_branch_labels
[2023-02-10T21:32:54.036+0200] {logging_mixin.py:115} INFO - [2023-02-10T21:32:54.036+0200] {manager.py:508} INFO - Created Permission View: can edit on DAG:example_branch_labels
[2023-02-10T21:32:54.039+0200] {logging_mixin.py:115} INFO - [2023-02-10T21:32:54.039+0200] {manager.py:508} INFO - Created Permission View: can read on DAG:example_branch_labels
[2023-02-10T21:32:54.039+0200] {logging_mixin.py:115} INFO - [2023-02-10T21:32:54.039+0200] {dag.py:2429} INFO - Sync 1 DAGs
[2023-02-10T21:32:54.043+0200] {logging_mixin.py:115} INFO - [2023-02-10T21:32:54.043+0200] {dag.py:2448} INFO - Creating ORM DAG for example_branch_labels
[2023-02-10T21:32:54.048+0200] {logging_mixin.py:115} INFO - [2023-02-10T21:32:54.048+0200] {dag.py:2977} INFO - Setting next_dagrun for example_branch_labels to 2023-02-09T00:00:00+00:00, run_after=2023-02-10T00:00:00+00:00
[2023-02-10T21:32:54.053+0200] {processor.py:161} INFO - Processing /Users/v.lytvyniuk/Documents/библиотечка/DE online1/git/de_7/lesson_07/airflow_env/lib/python3.8/site-packages/airflow/example_dags/example_branch_labels.py took 0.416 seconds
[2023-02-10T21:35:23.498+0200] {processor.py:153} INFO - Started process (PID=48847) to work on /Users/v.lytvyniuk/Documents/библиотечка/DE online1/git/de_7/lesson_07/airflow_env/lib/python3.8/site-packages/airflow/example_dags/example_branch_labels.py
[2023-02-10T21:35:23.502+0200] {processor.py:640} INFO - Processing file /Users/v.lytvyniuk/Documents/библиотечка/DE online1/git/de_7/lesson_07/airflow_env/lib/python3.8/site-packages/airflow/example_dags/example_branch_labels.py for tasks to queue
[2023-02-10T21:35:23.502+0200] {logging_mixin.py:115} INFO - [2023-02-10T21:35:23.502+0200] {dagbag.py:508} INFO - Filling up the DagBag from /Users/v.lytvyniuk/Documents/библиотечка/DE online1/git/de_7/lesson_07/airflow_env/lib/python3.8/site-packages/airflow/example_dags/example_branch_labels.py
[2023-02-10T21:35:23.510+0200] {processor.py:650} INFO - DAG(s) dict_keys(['example_branch_labels']) retrieved from /Users/v.lytvyniuk/Documents/библиотечка/DE online1/git/de_7/lesson_07/airflow_env/lib/python3.8/site-packages/airflow/example_dags/example_branch_labels.py
[2023-02-10T21:35:23.541+0200] {logging_mixin.py:115} INFO - [2023-02-10T21:35:23.541+0200] {dag.py:2429} INFO - Sync 1 DAGs
[2023-02-10T21:35:23.549+0200] {logging_mixin.py:115} INFO - [2023-02-10T21:35:23.548+0200] {dag.py:2977} INFO - Setting next_dagrun for example_branch_labels to 2023-02-09T00:00:00+00:00, run_after=2023-02-10T00:00:00+00:00
[2023-02-10T21:35:23.553+0200] {processor.py:161} INFO - Processing /Users/v.lytvyniuk/Documents/библиотечка/DE online1/git/de_7/lesson_07/airflow_env/lib/python3.8/site-packages/airflow/example_dags/example_branch_labels.py took 0.055 seconds
[2023-02-10T21:36:15.839+0200] {processor.py:153} INFO - Started process (PID=48991) to work on /Users/v.lytvyniuk/Documents/библиотечка/DE online1/git/de_7/lesson_07/airflow_env/lib/python3.8/site-packages/airflow/example_dags/example_branch_labels.py
[2023-02-10T21:36:15.843+0200] {processor.py:640} INFO - Processing file /Users/v.lytvyniuk/Documents/библиотечка/DE online1/git/de_7/lesson_07/airflow_env/lib/python3.8/site-packages/airflow/example_dags/example_branch_labels.py for tasks to queue
[2023-02-10T21:36:15.843+0200] {logging_mixin.py:115} INFO - [2023-02-10T21:36:15.843+0200] {dagbag.py:508} INFO - Filling up the DagBag from /Users/v.lytvyniuk/Documents/библиотечка/DE online1/git/de_7/lesson_07/airflow_env/lib/python3.8/site-packages/airflow/example_dags/example_branch_labels.py
[2023-02-10T21:36:15.850+0200] {processor.py:650} INFO - DAG(s) dict_keys(['example_branch_labels']) retrieved from /Users/v.lytvyniuk/Documents/библиотечка/DE online1/git/de_7/lesson_07/airflow_env/lib/python3.8/site-packages/airflow/example_dags/example_branch_labels.py
[2023-02-10T21:36:15.881+0200] {logging_mixin.py:115} INFO - [2023-02-10T21:36:15.881+0200] {dag.py:2429} INFO - Sync 1 DAGs
[2023-02-10T21:36:15.889+0200] {logging_mixin.py:115} INFO - [2023-02-10T21:36:15.889+0200] {dag.py:2977} INFO - Setting next_dagrun for example_branch_labels to 2023-02-09T00:00:00+00:00, run_after=2023-02-10T00:00:00+00:00
[2023-02-10T21:36:15.894+0200] {processor.py:161} INFO - Processing /Users/v.lytvyniuk/Documents/библиотечка/DE online1/git/de_7/lesson_07/airflow_env/lib/python3.8/site-packages/airflow/example_dags/example_branch_labels.py took 0.055 seconds
[2023-02-10T21:37:06.041+0200] {processor.py:153} INFO - Started process (PID=49142) to work on /Users/v.lytvyniuk/Documents/библиотечка/DE online1/git/de_7/lesson_07/airflow_env/lib/python3.8/site-packages/airflow/example_dags/example_branch_labels.py
[2023-02-10T21:37:06.044+0200] {processor.py:640} INFO - Processing file /Users/v.lytvyniuk/Documents/библиотечка/DE online1/git/de_7/lesson_07/airflow_env/lib/python3.8/site-packages/airflow/example_dags/example_branch_labels.py for tasks to queue
[2023-02-10T21:37:06.044+0200] {logging_mixin.py:115} INFO - [2023-02-10T21:37:06.044+0200] {dagbag.py:508} INFO - Filling up the DagBag from /Users/v.lytvyniuk/Documents/библиотечка/DE online1/git/de_7/lesson_07/airflow_env/lib/python3.8/site-packages/airflow/example_dags/example_branch_labels.py
[2023-02-10T21:37:06.052+0200] {processor.py:650} INFO - DAG(s) dict_keys(['example_branch_labels']) retrieved from /Users/v.lytvyniuk/Documents/библиотечка/DE online1/git/de_7/lesson_07/airflow_env/lib/python3.8/site-packages/airflow/example_dags/example_branch_labels.py
[2023-02-10T21:37:06.082+0200] {logging_mixin.py:115} INFO - [2023-02-10T21:37:06.082+0200] {dag.py:2429} INFO - Sync 1 DAGs
[2023-02-10T21:37:06.090+0200] {logging_mixin.py:115} INFO - [2023-02-10T21:37:06.089+0200] {dag.py:2977} INFO - Setting next_dagrun for example_branch_labels to 2023-02-09T00:00:00+00:00, run_after=2023-02-10T00:00:00+00:00
[2023-02-10T21:37:06.095+0200] {processor.py:161} INFO - Processing /Users/v.lytvyniuk/Documents/библиотечка/DE online1/git/de_7/lesson_07/airflow_env/lib/python3.8/site-packages/airflow/example_dags/example_branch_labels.py took 0.054 seconds
[2023-02-10T21:37:55.867+0200] {processor.py:153} INFO - Started process (PID=49277) to work on /Users/v.lytvyniuk/Documents/библиотечка/DE online1/git/de_7/lesson_07/airflow_env/lib/python3.8/site-packages/airflow/example_dags/example_branch_labels.py
[2023-02-10T21:37:55.871+0200] {processor.py:640} INFO - Processing file /Users/v.lytvyniuk/Documents/библиотечка/DE online1/git/de_7/lesson_07/airflow_env/lib/python3.8/site-packages/airflow/example_dags/example_branch_labels.py for tasks to queue
[2023-02-10T21:37:55.871+0200] {logging_mixin.py:115} INFO - [2023-02-10T21:37:55.871+0200] {dagbag.py:508} INFO - Filling up the DagBag from /Users/v.lytvyniuk/Documents/библиотечка/DE online1/git/de_7/lesson_07/airflow_env/lib/python3.8/site-packages/airflow/example_dags/example_branch_labels.py
[2023-02-10T21:37:55.879+0200] {processor.py:650} INFO - DAG(s) dict_keys(['example_branch_labels']) retrieved from /Users/v.lytvyniuk/Documents/библиотечка/DE online1/git/de_7/lesson_07/airflow_env/lib/python3.8/site-packages/airflow/example_dags/example_branch_labels.py
[2023-02-10T21:37:55.910+0200] {logging_mixin.py:115} INFO - [2023-02-10T21:37:55.910+0200] {dag.py:2429} INFO - Sync 1 DAGs
[2023-02-10T21:37:55.918+0200] {logging_mixin.py:115} INFO - [2023-02-10T21:37:55.918+0200] {dag.py:2977} INFO - Setting next_dagrun for example_branch_labels to 2023-02-09T00:00:00+00:00, run_after=2023-02-10T00:00:00+00:00
[2023-02-10T21:37:55.922+0200] {processor.py:161} INFO - Processing /Users/v.lytvyniuk/Documents/библиотечка/DE online1/git/de_7/lesson_07/airflow_env/lib/python3.8/site-packages/airflow/example_dags/example_branch_labels.py took 0.055 seconds
[2023-02-10T21:38:45.734+0200] {processor.py:153} INFO - Started process (PID=49435) to work on /Users/v.lytvyniuk/Documents/библиотечка/DE online1/git/de_7/lesson_07/airflow_env/lib/python3.8/site-packages/airflow/example_dags/example_branch_labels.py
[2023-02-10T21:38:45.737+0200] {processor.py:640} INFO - Processing file /Users/v.lytvyniuk/Documents/библиотечка/DE online1/git/de_7/lesson_07/airflow_env/lib/python3.8/site-packages/airflow/example_dags/example_branch_labels.py for tasks to queue
[2023-02-10T21:38:45.737+0200] {logging_mixin.py:115} INFO - [2023-02-10T21:38:45.737+0200] {dagbag.py:508} INFO - Filling up the DagBag from /Users/v.lytvyniuk/Documents/библиотечка/DE online1/git/de_7/lesson_07/airflow_env/lib/python3.8/site-packages/airflow/example_dags/example_branch_labels.py
[2023-02-10T21:38:45.745+0200] {processor.py:650} INFO - DAG(s) dict_keys(['example_branch_labels']) retrieved from /Users/v.lytvyniuk/Documents/библиотечка/DE online1/git/de_7/lesson_07/airflow_env/lib/python3.8/site-packages/airflow/example_dags/example_branch_labels.py
[2023-02-10T21:38:45.775+0200] {logging_mixin.py:115} INFO - [2023-02-10T21:38:45.775+0200] {dag.py:2429} INFO - Sync 1 DAGs
[2023-02-10T21:38:45.782+0200] {logging_mixin.py:115} INFO - [2023-02-10T21:38:45.782+0200] {dag.py:2977} INFO - Setting next_dagrun for example_branch_labels to 2023-02-09T00:00:00+00:00, run_after=2023-02-10T00:00:00+00:00
[2023-02-10T21:38:45.787+0200] {processor.py:161} INFO - Processing /Users/v.lytvyniuk/Documents/библиотечка/DE online1/git/de_7/lesson_07/airflow_env/lib/python3.8/site-packages/airflow/example_dags/example_branch_labels.py took 0.054 seconds
[2023-02-10T21:39:35.639+0200] {processor.py:153} INFO - Started process (PID=49619) to work on /Users/v.lytvyniuk/Documents/библиотечка/DE online1/git/de_7/lesson_07/airflow_env/lib/python3.8/site-packages/airflow/example_dags/example_branch_labels.py
[2023-02-10T21:39:35.643+0200] {processor.py:640} INFO - Processing file /Users/v.lytvyniuk/Documents/библиотечка/DE online1/git/de_7/lesson_07/airflow_env/lib/python3.8/site-packages/airflow/example_dags/example_branch_labels.py for tasks to queue
[2023-02-10T21:39:35.643+0200] {logging_mixin.py:115} INFO - [2023-02-10T21:39:35.643+0200] {dagbag.py:508} INFO - Filling up the DagBag from /Users/v.lytvyniuk/Documents/библиотечка/DE online1/git/de_7/lesson_07/airflow_env/lib/python3.8/site-packages/airflow/example_dags/example_branch_labels.py
[2023-02-10T21:39:35.652+0200] {processor.py:650} INFO - DAG(s) dict_keys(['example_branch_labels']) retrieved from /Users/v.lytvyniuk/Documents/библиотечка/DE online1/git/de_7/lesson_07/airflow_env/lib/python3.8/site-packages/airflow/example_dags/example_branch_labels.py
[2023-02-10T21:39:35.687+0200] {logging_mixin.py:115} INFO - [2023-02-10T21:39:35.687+0200] {dag.py:2429} INFO - Sync 1 DAGs
[2023-02-10T21:39:35.696+0200] {logging_mixin.py:115} INFO - [2023-02-10T21:39:35.696+0200] {dag.py:2977} INFO - Setting next_dagrun for example_branch_labels to 2023-02-09T00:00:00+00:00, run_after=2023-02-10T00:00:00+00:00
[2023-02-10T21:39:35.701+0200] {processor.py:161} INFO - Processing /Users/v.lytvyniuk/Documents/библиотечка/DE online1/git/de_7/lesson_07/airflow_env/lib/python3.8/site-packages/airflow/example_dags/example_branch_labels.py took 0.062 seconds
[2023-02-10T21:40:25.023+0200] {processor.py:153} INFO - Started process (PID=49753) to work on /Users/v.lytvyniuk/Documents/библиотечка/DE online1/git/de_7/lesson_07/airflow_env/lib/python3.8/site-packages/airflow/example_dags/example_branch_labels.py
[2023-02-10T21:40:25.027+0200] {processor.py:640} INFO - Processing file /Users/v.lytvyniuk/Documents/библиотечка/DE online1/git/de_7/lesson_07/airflow_env/lib/python3.8/site-packages/airflow/example_dags/example_branch_labels.py for tasks to queue
[2023-02-10T21:40:25.027+0200] {logging_mixin.py:115} INFO - [2023-02-10T21:40:25.027+0200] {dagbag.py:508} INFO - Filling up the DagBag from /Users/v.lytvyniuk/Documents/библиотечка/DE online1/git/de_7/lesson_07/airflow_env/lib/python3.8/site-packages/airflow/example_dags/example_branch_labels.py
[2023-02-10T21:40:25.035+0200] {processor.py:650} INFO - DAG(s) dict_keys(['example_branch_labels']) retrieved from /Users/v.lytvyniuk/Documents/библиотечка/DE online1/git/de_7/lesson_07/airflow_env/lib/python3.8/site-packages/airflow/example_dags/example_branch_labels.py
[2023-02-10T21:40:25.066+0200] {logging_mixin.py:115} INFO - [2023-02-10T21:40:25.065+0200] {dag.py:2429} INFO - Sync 1 DAGs
[2023-02-10T21:40:25.073+0200] {logging_mixin.py:115} INFO - [2023-02-10T21:40:25.073+0200] {dag.py:2977} INFO - Setting next_dagrun for example_branch_labels to 2023-02-09T00:00:00+00:00, run_after=2023-02-10T00:00:00+00:00
[2023-02-10T21:40:25.078+0200] {processor.py:161} INFO - Processing /Users/v.lytvyniuk/Documents/библиотечка/DE online1/git/de_7/lesson_07/airflow_env/lib/python3.8/site-packages/airflow/example_dags/example_branch_labels.py took 0.055 seconds
[2023-02-10T21:41:15.382+0200] {processor.py:153} INFO - Started process (PID=49889) to work on /Users/v.lytvyniuk/Documents/библиотечка/DE online1/git/de_7/lesson_07/airflow_env/lib/python3.8/site-packages/airflow/example_dags/example_branch_labels.py
[2023-02-10T21:41:15.385+0200] {processor.py:640} INFO - Processing file /Users/v.lytvyniuk/Documents/библиотечка/DE online1/git/de_7/lesson_07/airflow_env/lib/python3.8/site-packages/airflow/example_dags/example_branch_labels.py for tasks to queue
[2023-02-10T21:41:15.385+0200] {logging_mixin.py:115} INFO - [2023-02-10T21:41:15.385+0200] {dagbag.py:508} INFO - Filling up the DagBag from /Users/v.lytvyniuk/Documents/библиотечка/DE online1/git/de_7/lesson_07/airflow_env/lib/python3.8/site-packages/airflow/example_dags/example_branch_labels.py
[2023-02-10T21:41:15.392+0200] {processor.py:650} INFO - DAG(s) dict_keys(['example_branch_labels']) retrieved from /Users/v.lytvyniuk/Documents/библиотечка/DE online1/git/de_7/lesson_07/airflow_env/lib/python3.8/site-packages/airflow/example_dags/example_branch_labels.py
[2023-02-10T21:41:15.423+0200] {logging_mixin.py:115} INFO - [2023-02-10T21:41:15.423+0200] {dag.py:2429} INFO - Sync 1 DAGs
[2023-02-10T21:41:15.430+0200] {logging_mixin.py:115} INFO - [2023-02-10T21:41:15.430+0200] {dag.py:2977} INFO - Setting next_dagrun for example_branch_labels to 2023-02-09T00:00:00+00:00, run_after=2023-02-10T00:00:00+00:00
[2023-02-10T21:41:15.435+0200] {processor.py:161} INFO - Processing /Users/v.lytvyniuk/Documents/библиотечка/DE online1/git/de_7/lesson_07/airflow_env/lib/python3.8/site-packages/airflow/example_dags/example_branch_labels.py took 0.053 seconds
[2023-02-10T21:42:06.689+0200] {processor.py:153} INFO - Started process (PID=50024) to work on /Users/v.lytvyniuk/Documents/библиотечка/DE online1/git/de_7/lesson_07/airflow_env/lib/python3.8/site-packages/airflow/example_dags/example_branch_labels.py
[2023-02-10T21:42:06.693+0200] {processor.py:640} INFO - Processing file /Users/v.lytvyniuk/Documents/библиотечка/DE online1/git/de_7/lesson_07/airflow_env/lib/python3.8/site-packages/airflow/example_dags/example_branch_labels.py for tasks to queue
[2023-02-10T21:42:06.693+0200] {logging_mixin.py:115} INFO - [2023-02-10T21:42:06.693+0200] {dagbag.py:508} INFO - Filling up the DagBag from /Users/v.lytvyniuk/Documents/библиотечка/DE online1/git/de_7/lesson_07/airflow_env/lib/python3.8/site-packages/airflow/example_dags/example_branch_labels.py
[2023-02-10T21:42:06.701+0200] {processor.py:650} INFO - DAG(s) dict_keys(['example_branch_labels']) retrieved from /Users/v.lytvyniuk/Documents/библиотечка/DE online1/git/de_7/lesson_07/airflow_env/lib/python3.8/site-packages/airflow/example_dags/example_branch_labels.py
[2023-02-10T21:42:06.732+0200] {logging_mixin.py:115} INFO - [2023-02-10T21:42:06.732+0200] {dag.py:2429} INFO - Sync 1 DAGs
[2023-02-10T21:42:06.739+0200] {logging_mixin.py:115} INFO - [2023-02-10T21:42:06.739+0200] {dag.py:2977} INFO - Setting next_dagrun for example_branch_labels to 2023-02-09T00:00:00+00:00, run_after=2023-02-10T00:00:00+00:00
[2023-02-10T21:42:06.744+0200] {processor.py:161} INFO - Processing /Users/v.lytvyniuk/Documents/библиотечка/DE online1/git/de_7/lesson_07/airflow_env/lib/python3.8/site-packages/airflow/example_dags/example_branch_labels.py took 0.055 seconds
[2023-02-10T21:42:59.010+0200] {processor.py:153} INFO - Started process (PID=50174) to work on /Users/v.lytvyniuk/Documents/библиотечка/DE online1/git/de_7/lesson_07/airflow_env/lib/python3.8/site-packages/airflow/example_dags/example_branch_labels.py
[2023-02-10T21:42:59.014+0200] {processor.py:640} INFO - Processing file /Users/v.lytvyniuk/Documents/библиотечка/DE online1/git/de_7/lesson_07/airflow_env/lib/python3.8/site-packages/airflow/example_dags/example_branch_labels.py for tasks to queue
[2023-02-10T21:42:59.014+0200] {logging_mixin.py:115} INFO - [2023-02-10T21:42:59.014+0200] {dagbag.py:508} INFO - Filling up the DagBag from /Users/v.lytvyniuk/Documents/библиотечка/DE online1/git/de_7/lesson_07/airflow_env/lib/python3.8/site-packages/airflow/example_dags/example_branch_labels.py
[2023-02-10T21:42:59.021+0200] {processor.py:650} INFO - DAG(s) dict_keys(['example_branch_labels']) retrieved from /Users/v.lytvyniuk/Documents/библиотечка/DE online1/git/de_7/lesson_07/airflow_env/lib/python3.8/site-packages/airflow/example_dags/example_branch_labels.py
[2023-02-10T21:42:59.052+0200] {logging_mixin.py:115} INFO - [2023-02-10T21:42:59.052+0200] {dag.py:2429} INFO - Sync 1 DAGs
[2023-02-10T21:42:59.059+0200] {logging_mixin.py:115} INFO - [2023-02-10T21:42:59.059+0200] {dag.py:2977} INFO - Setting next_dagrun for example_branch_labels to 2023-02-09T00:00:00+00:00, run_after=2023-02-10T00:00:00+00:00
[2023-02-10T21:42:59.064+0200] {processor.py:161} INFO - Processing /Users/v.lytvyniuk/Documents/библиотечка/DE online1/git/de_7/lesson_07/airflow_env/lib/python3.8/site-packages/airflow/example_dags/example_branch_labels.py took 0.054 seconds
[2023-02-10T21:43:47.598+0200] {processor.py:153} INFO - Started process (PID=50296) to work on /Users/v.lytvyniuk/Documents/библиотечка/DE online1/git/de_7/lesson_07/airflow_env/lib/python3.8/site-packages/airflow/example_dags/example_branch_labels.py
[2023-02-10T21:43:47.601+0200] {processor.py:640} INFO - Processing file /Users/v.lytvyniuk/Documents/библиотечка/DE online1/git/de_7/lesson_07/airflow_env/lib/python3.8/site-packages/airflow/example_dags/example_branch_labels.py for tasks to queue
[2023-02-10T21:43:47.601+0200] {logging_mixin.py:115} INFO - [2023-02-10T21:43:47.601+0200] {dagbag.py:508} INFO - Filling up the DagBag from /Users/v.lytvyniuk/Documents/библиотечка/DE online1/git/de_7/lesson_07/airflow_env/lib/python3.8/site-packages/airflow/example_dags/example_branch_labels.py
[2023-02-10T21:43:47.608+0200] {processor.py:650} INFO - DAG(s) dict_keys(['example_branch_labels']) retrieved from /Users/v.lytvyniuk/Documents/библиотечка/DE online1/git/de_7/lesson_07/airflow_env/lib/python3.8/site-packages/airflow/example_dags/example_branch_labels.py
[2023-02-10T21:43:47.645+0200] {logging_mixin.py:115} INFO - [2023-02-10T21:43:47.645+0200] {dag.py:2429} INFO - Sync 1 DAGs
[2023-02-10T21:43:47.653+0200] {logging_mixin.py:115} INFO - [2023-02-10T21:43:47.653+0200] {dag.py:2977} INFO - Setting next_dagrun for example_branch_labels to 2023-02-09T00:00:00+00:00, run_after=2023-02-10T00:00:00+00:00
[2023-02-10T21:43:47.658+0200] {processor.py:161} INFO - Processing /Users/v.lytvyniuk/Documents/библиотечка/DE online1/git/de_7/lesson_07/airflow_env/lib/python3.8/site-packages/airflow/example_dags/example_branch_labels.py took 0.061 seconds
[2023-02-10T21:44:39.836+0200] {processor.py:153} INFO - Started process (PID=50438) to work on /Users/v.lytvyniuk/Documents/библиотечка/DE online1/git/de_7/lesson_07/airflow_env/lib/python3.8/site-packages/airflow/example_dags/example_branch_labels.py
[2023-02-10T21:44:39.839+0200] {processor.py:640} INFO - Processing file /Users/v.lytvyniuk/Documents/библиотечка/DE online1/git/de_7/lesson_07/airflow_env/lib/python3.8/site-packages/airflow/example_dags/example_branch_labels.py for tasks to queue
[2023-02-10T21:44:39.840+0200] {logging_mixin.py:115} INFO - [2023-02-10T21:44:39.840+0200] {dagbag.py:508} INFO - Filling up the DagBag from /Users/v.lytvyniuk/Documents/библиотечка/DE online1/git/de_7/lesson_07/airflow_env/lib/python3.8/site-packages/airflow/example_dags/example_branch_labels.py
[2023-02-10T21:44:39.847+0200] {processor.py:650} INFO - DAG(s) dict_keys(['example_branch_labels']) retrieved from /Users/v.lytvyniuk/Documents/библиотечка/DE online1/git/de_7/lesson_07/airflow_env/lib/python3.8/site-packages/airflow/example_dags/example_branch_labels.py
[2023-02-10T21:44:39.878+0200] {logging_mixin.py:115} INFO - [2023-02-10T21:44:39.878+0200] {dag.py:2429} INFO - Sync 1 DAGs
[2023-02-10T21:44:39.887+0200] {logging_mixin.py:115} INFO - [2023-02-10T21:44:39.887+0200] {dag.py:2977} INFO - Setting next_dagrun for example_branch_labels to 2023-02-09T00:00:00+00:00, run_after=2023-02-10T00:00:00+00:00
[2023-02-10T21:44:39.892+0200] {processor.py:161} INFO - Processing /Users/v.lytvyniuk/Documents/библиотечка/DE online1/git/de_7/lesson_07/airflow_env/lib/python3.8/site-packages/airflow/example_dags/example_branch_labels.py took 0.056 seconds
[2023-02-10T21:45:30.112+0200] {processor.py:153} INFO - Started process (PID=50950) to work on /Users/v.lytvyniuk/Documents/библиотечка/DE online1/git/de_7/lesson_07/airflow_env/lib/python3.8/site-packages/airflow/example_dags/example_branch_labels.py
[2023-02-10T21:45:30.115+0200] {processor.py:640} INFO - Processing file /Users/v.lytvyniuk/Documents/библиотечка/DE online1/git/de_7/lesson_07/airflow_env/lib/python3.8/site-packages/airflow/example_dags/example_branch_labels.py for tasks to queue
[2023-02-10T21:45:30.115+0200] {logging_mixin.py:115} INFO - [2023-02-10T21:45:30.115+0200] {dagbag.py:508} INFO - Filling up the DagBag from /Users/v.lytvyniuk/Documents/библиотечка/DE online1/git/de_7/lesson_07/airflow_env/lib/python3.8/site-packages/airflow/example_dags/example_branch_labels.py
[2023-02-10T21:45:30.122+0200] {processor.py:650} INFO - DAG(s) dict_keys(['example_branch_labels']) retrieved from /Users/v.lytvyniuk/Documents/библиотечка/DE online1/git/de_7/lesson_07/airflow_env/lib/python3.8/site-packages/airflow/example_dags/example_branch_labels.py
[2023-02-10T21:45:30.153+0200] {logging_mixin.py:115} INFO - [2023-02-10T21:45:30.153+0200] {dag.py:2429} INFO - Sync 1 DAGs
[2023-02-10T21:45:30.160+0200] {logging_mixin.py:115} INFO - [2023-02-10T21:45:30.160+0200] {dag.py:2977} INFO - Setting next_dagrun for example_branch_labels to 2023-02-09T00:00:00+00:00, run_after=2023-02-10T00:00:00+00:00
[2023-02-10T21:45:30.165+0200] {processor.py:161} INFO - Processing /Users/v.lytvyniuk/Documents/библиотечка/DE online1/git/de_7/lesson_07/airflow_env/lib/python3.8/site-packages/airflow/example_dags/example_branch_labels.py took 0.054 seconds
[2023-02-10T21:46:22.916+0200] {processor.py:153} INFO - Started process (PID=51083) to work on /Users/v.lytvyniuk/Documents/библиотечка/DE online1/git/de_7/lesson_07/airflow_env/lib/python3.8/site-packages/airflow/example_dags/example_branch_labels.py
[2023-02-10T21:46:22.919+0200] {processor.py:640} INFO - Processing file /Users/v.lytvyniuk/Documents/библиотечка/DE online1/git/de_7/lesson_07/airflow_env/lib/python3.8/site-packages/airflow/example_dags/example_branch_labels.py for tasks to queue
[2023-02-10T21:46:22.919+0200] {logging_mixin.py:115} INFO - [2023-02-10T21:46:22.919+0200] {dagbag.py:508} INFO - Filling up the DagBag from /Users/v.lytvyniuk/Documents/библиотечка/DE online1/git/de_7/lesson_07/airflow_env/lib/python3.8/site-packages/airflow/example_dags/example_branch_labels.py
[2023-02-10T21:46:22.927+0200] {processor.py:650} INFO - DAG(s) dict_keys(['example_branch_labels']) retrieved from /Users/v.lytvyniuk/Documents/библиотечка/DE online1/git/de_7/lesson_07/airflow_env/lib/python3.8/site-packages/airflow/example_dags/example_branch_labels.py
[2023-02-10T21:46:22.960+0200] {logging_mixin.py:115} INFO - [2023-02-10T21:46:22.960+0200] {dag.py:2429} INFO - Sync 1 DAGs
[2023-02-10T21:46:22.968+0200] {logging_mixin.py:115} INFO - [2023-02-10T21:46:22.968+0200] {dag.py:2977} INFO - Setting next_dagrun for example_branch_labels to 2023-02-09T00:00:00+00:00, run_after=2023-02-10T00:00:00+00:00
[2023-02-10T21:46:22.973+0200] {processor.py:161} INFO - Processing /Users/v.lytvyniuk/Documents/библиотечка/DE online1/git/de_7/lesson_07/airflow_env/lib/python3.8/site-packages/airflow/example_dags/example_branch_labels.py took 0.057 seconds
[2023-02-10T21:47:12.732+0200] {processor.py:153} INFO - Started process (PID=51478) to work on /Users/v.lytvyniuk/Documents/библиотечка/DE online1/git/de_7/lesson_07/airflow_env/lib/python3.8/site-packages/airflow/example_dags/example_branch_labels.py
[2023-02-10T21:47:12.735+0200] {processor.py:640} INFO - Processing file /Users/v.lytvyniuk/Documents/библиотечка/DE online1/git/de_7/lesson_07/airflow_env/lib/python3.8/site-packages/airflow/example_dags/example_branch_labels.py for tasks to queue
[2023-02-10T21:47:12.736+0200] {logging_mixin.py:115} INFO - [2023-02-10T21:47:12.736+0200] {dagbag.py:508} INFO - Filling up the DagBag from /Users/v.lytvyniuk/Documents/библиотечка/DE online1/git/de_7/lesson_07/airflow_env/lib/python3.8/site-packages/airflow/example_dags/example_branch_labels.py
[2023-02-10T21:47:12.743+0200] {processor.py:650} INFO - DAG(s) dict_keys(['example_branch_labels']) retrieved from /Users/v.lytvyniuk/Documents/библиотечка/DE online1/git/de_7/lesson_07/airflow_env/lib/python3.8/site-packages/airflow/example_dags/example_branch_labels.py
[2023-02-10T21:47:12.774+0200] {logging_mixin.py:115} INFO - [2023-02-10T21:47:12.774+0200] {dag.py:2429} INFO - Sync 1 DAGs
[2023-02-10T21:47:12.781+0200] {logging_mixin.py:115} INFO - [2023-02-10T21:47:12.781+0200] {dag.py:2977} INFO - Setting next_dagrun for example_branch_labels to 2023-02-09T00:00:00+00:00, run_after=2023-02-10T00:00:00+00:00
[2023-02-10T21:47:12.786+0200] {processor.py:161} INFO - Processing /Users/v.lytvyniuk/Documents/библиотечка/DE online1/git/de_7/lesson_07/airflow_env/lib/python3.8/site-packages/airflow/example_dags/example_branch_labels.py took 0.054 seconds
[2023-02-10T21:54:09.348+0200] {processor.py:153} INFO - Started process (PID=2629) to work on /Users/v.lytvyniuk/Documents/библиотечка/DE online1/git/de_7/lesson_07/airflow_env/lib/python3.8/site-packages/airflow/example_dags/example_branch_labels.py
[2023-02-10T21:54:09.352+0200] {processor.py:640} INFO - Processing file /Users/v.lytvyniuk/Documents/библиотечка/DE online1/git/de_7/lesson_07/airflow_env/lib/python3.8/site-packages/airflow/example_dags/example_branch_labels.py for tasks to queue
[2023-02-10T21:54:09.353+0200] {logging_mixin.py:115} INFO - [2023-02-10T21:54:09.353+0200] {dagbag.py:508} INFO - Filling up the DagBag from /Users/v.lytvyniuk/Documents/библиотечка/DE online1/git/de_7/lesson_07/airflow_env/lib/python3.8/site-packages/airflow/example_dags/example_branch_labels.py
[2023-02-10T21:54:09.361+0200] {processor.py:650} INFO - DAG(s) dict_keys(['example_branch_labels']) retrieved from /Users/v.lytvyniuk/Documents/библиотечка/DE online1/git/de_7/lesson_07/airflow_env/lib/python3.8/site-packages/airflow/example_dags/example_branch_labels.py
[2023-02-10T21:54:09.396+0200] {logging_mixin.py:115} INFO - [2023-02-10T21:54:09.396+0200] {dag.py:2429} INFO - Sync 1 DAGs
[2023-02-10T21:54:09.404+0200] {logging_mixin.py:115} INFO - [2023-02-10T21:54:09.404+0200] {dag.py:2977} INFO - Setting next_dagrun for example_branch_labels to 2023-02-09T00:00:00+00:00, run_after=2023-02-10T00:00:00+00:00
[2023-02-10T21:54:09.410+0200] {processor.py:161} INFO - Processing /Users/v.lytvyniuk/Documents/библиотечка/DE online1/git/de_7/lesson_07/airflow_env/lib/python3.8/site-packages/airflow/example_dags/example_branch_labels.py took 0.063 seconds
[2023-02-10T21:55:01.741+0200] {processor.py:153} INFO - Started process (PID=2841) to work on /Users/v.lytvyniuk/Documents/библиотечка/DE online1/git/de_7/lesson_07/airflow_env/lib/python3.8/site-packages/airflow/example_dags/example_branch_labels.py
[2023-02-10T21:55:01.745+0200] {processor.py:640} INFO - Processing file /Users/v.lytvyniuk/Documents/библиотечка/DE online1/git/de_7/lesson_07/airflow_env/lib/python3.8/site-packages/airflow/example_dags/example_branch_labels.py for tasks to queue
[2023-02-10T21:55:01.745+0200] {logging_mixin.py:115} INFO - [2023-02-10T21:55:01.745+0200] {dagbag.py:508} INFO - Filling up the DagBag from /Users/v.lytvyniuk/Documents/библиотечка/DE online1/git/de_7/lesson_07/airflow_env/lib/python3.8/site-packages/airflow/example_dags/example_branch_labels.py
[2023-02-10T21:55:01.753+0200] {processor.py:650} INFO - DAG(s) dict_keys(['example_branch_labels']) retrieved from /Users/v.lytvyniuk/Documents/библиотечка/DE online1/git/de_7/lesson_07/airflow_env/lib/python3.8/site-packages/airflow/example_dags/example_branch_labels.py
[2023-02-10T21:55:01.784+0200] {logging_mixin.py:115} INFO - [2023-02-10T21:55:01.783+0200] {dag.py:2429} INFO - Sync 1 DAGs
[2023-02-10T21:55:01.791+0200] {logging_mixin.py:115} INFO - [2023-02-10T21:55:01.791+0200] {dag.py:2977} INFO - Setting next_dagrun for example_branch_labels to 2023-02-09T00:00:00+00:00, run_after=2023-02-10T00:00:00+00:00
[2023-02-10T21:55:01.796+0200] {processor.py:161} INFO - Processing /Users/v.lytvyniuk/Documents/библиотечка/DE online1/git/de_7/lesson_07/airflow_env/lib/python3.8/site-packages/airflow/example_dags/example_branch_labels.py took 0.055 seconds
[2023-02-10T21:55:52.546+0200] {processor.py:153} INFO - Started process (PID=3010) to work on /Users/v.lytvyniuk/Documents/библиотечка/DE online1/git/de_7/lesson_07/airflow_env/lib/python3.8/site-packages/airflow/example_dags/example_branch_labels.py
[2023-02-10T21:55:52.550+0200] {processor.py:640} INFO - Processing file /Users/v.lytvyniuk/Documents/библиотечка/DE online1/git/de_7/lesson_07/airflow_env/lib/python3.8/site-packages/airflow/example_dags/example_branch_labels.py for tasks to queue
[2023-02-10T21:55:52.550+0200] {logging_mixin.py:115} INFO - [2023-02-10T21:55:52.550+0200] {dagbag.py:508} INFO - Filling up the DagBag from /Users/v.lytvyniuk/Documents/библиотечка/DE online1/git/de_7/lesson_07/airflow_env/lib/python3.8/site-packages/airflow/example_dags/example_branch_labels.py
[2023-02-10T21:55:52.558+0200] {processor.py:650} INFO - DAG(s) dict_keys(['example_branch_labels']) retrieved from /Users/v.lytvyniuk/Documents/библиотечка/DE online1/git/de_7/lesson_07/airflow_env/lib/python3.8/site-packages/airflow/example_dags/example_branch_labels.py
[2023-02-10T21:55:52.588+0200] {logging_mixin.py:115} INFO - [2023-02-10T21:55:52.588+0200] {dag.py:2429} INFO - Sync 1 DAGs
[2023-02-10T21:55:52.595+0200] {logging_mixin.py:115} INFO - [2023-02-10T21:55:52.595+0200] {dag.py:2977} INFO - Setting next_dagrun for example_branch_labels to 2023-02-09T00:00:00+00:00, run_after=2023-02-10T00:00:00+00:00
[2023-02-10T21:55:52.601+0200] {processor.py:161} INFO - Processing /Users/v.lytvyniuk/Documents/библиотечка/DE online1/git/de_7/lesson_07/airflow_env/lib/python3.8/site-packages/airflow/example_dags/example_branch_labels.py took 0.055 seconds
[2023-02-10T21:56:45.608+0200] {processor.py:153} INFO - Started process (PID=3161) to work on /Users/v.lytvyniuk/Documents/библиотечка/DE online1/git/de_7/lesson_07/airflow_env/lib/python3.8/site-packages/airflow/example_dags/example_branch_labels.py
[2023-02-10T21:56:45.611+0200] {processor.py:640} INFO - Processing file /Users/v.lytvyniuk/Documents/библиотечка/DE online1/git/de_7/lesson_07/airflow_env/lib/python3.8/site-packages/airflow/example_dags/example_branch_labels.py for tasks to queue
[2023-02-10T21:56:45.611+0200] {logging_mixin.py:115} INFO - [2023-02-10T21:56:45.611+0200] {dagbag.py:508} INFO - Filling up the DagBag from /Users/v.lytvyniuk/Documents/библиотечка/DE online1/git/de_7/lesson_07/airflow_env/lib/python3.8/site-packages/airflow/example_dags/example_branch_labels.py
[2023-02-10T21:56:45.619+0200] {processor.py:650} INFO - DAG(s) dict_keys(['example_branch_labels']) retrieved from /Users/v.lytvyniuk/Documents/библиотечка/DE online1/git/de_7/lesson_07/airflow_env/lib/python3.8/site-packages/airflow/example_dags/example_branch_labels.py
[2023-02-10T21:56:45.650+0200] {logging_mixin.py:115} INFO - [2023-02-10T21:56:45.649+0200] {dag.py:2429} INFO - Sync 1 DAGs
[2023-02-10T21:56:45.657+0200] {logging_mixin.py:115} INFO - [2023-02-10T21:56:45.657+0200] {dag.py:2977} INFO - Setting next_dagrun for example_branch_labels to 2023-02-09T00:00:00+00:00, run_after=2023-02-10T00:00:00+00:00
[2023-02-10T21:56:45.662+0200] {processor.py:161} INFO - Processing /Users/v.lytvyniuk/Documents/библиотечка/DE online1/git/de_7/lesson_07/airflow_env/lib/python3.8/site-packages/airflow/example_dags/example_branch_labels.py took 0.055 seconds
[2023-02-10T21:57:38.068+0200] {processor.py:153} INFO - Started process (PID=3324) to work on /Users/v.lytvyniuk/Documents/библиотечка/DE online1/git/de_7/lesson_07/airflow_env/lib/python3.8/site-packages/airflow/example_dags/example_branch_labels.py
[2023-02-10T21:57:38.071+0200] {processor.py:640} INFO - Processing file /Users/v.lytvyniuk/Documents/библиотечка/DE online1/git/de_7/lesson_07/airflow_env/lib/python3.8/site-packages/airflow/example_dags/example_branch_labels.py for tasks to queue
[2023-02-10T21:57:38.071+0200] {logging_mixin.py:115} INFO - [2023-02-10T21:57:38.071+0200] {dagbag.py:508} INFO - Filling up the DagBag from /Users/v.lytvyniuk/Documents/библиотечка/DE online1/git/de_7/lesson_07/airflow_env/lib/python3.8/site-packages/airflow/example_dags/example_branch_labels.py
[2023-02-10T21:57:38.079+0200] {processor.py:650} INFO - DAG(s) dict_keys(['example_branch_labels']) retrieved from /Users/v.lytvyniuk/Documents/библиотечка/DE online1/git/de_7/lesson_07/airflow_env/lib/python3.8/site-packages/airflow/example_dags/example_branch_labels.py
[2023-02-10T21:57:38.110+0200] {logging_mixin.py:115} INFO - [2023-02-10T21:57:38.110+0200] {dag.py:2429} INFO - Sync 1 DAGs
[2023-02-10T21:57:38.117+0200] {logging_mixin.py:115} INFO - [2023-02-10T21:57:38.117+0200] {dag.py:2977} INFO - Setting next_dagrun for example_branch_labels to 2023-02-09T00:00:00+00:00, run_after=2023-02-10T00:00:00+00:00
[2023-02-10T21:57:38.122+0200] {processor.py:161} INFO - Processing /Users/v.lytvyniuk/Documents/библиотечка/DE online1/git/de_7/lesson_07/airflow_env/lib/python3.8/site-packages/airflow/example_dags/example_branch_labels.py took 0.055 seconds
