[2023-02-10T21:32:42.142+0200] {processor.py:153} INFO - Started process (PID=48354) to work on /Users/v.lytvyniuk/Documents/библиотечка/DE online1/git/de_7/lesson_07/airflow_env/lib/python3.8/site-packages/airflow/example_dags/example_external_task_marker_dag.py
[2023-02-10T21:32:42.145+0200] {processor.py:640} INFO - Processing file /Users/v.lytvyniuk/Documents/библиотечка/DE online1/git/de_7/lesson_07/airflow_env/lib/python3.8/site-packages/airflow/example_dags/example_external_task_marker_dag.py for tasks to queue
[2023-02-10T21:32:42.145+0200] {logging_mixin.py:115} INFO - [2023-02-10T21:32:42.145+0200] {dagbag.py:508} INFO - Filling up the DagBag from /Users/v.lytvyniuk/Documents/библиотечка/DE online1/git/de_7/lesson_07/airflow_env/lib/python3.8/site-packages/airflow/example_dags/example_external_task_marker_dag.py
[2023-02-10T21:32:42.153+0200] {processor.py:650} INFO - DAG(s) dict_keys(['example_external_task_marker_parent', 'example_external_task_marker_child']) retrieved from /Users/v.lytvyniuk/Documents/библиотечка/DE online1/git/de_7/lesson_07/airflow_env/lib/python3.8/site-packages/airflow/example_dags/example_external_task_marker_dag.py
[2023-02-10T21:32:42.533+0200] {logging_mixin.py:115} INFO - [2023-02-10T21:32:42.533+0200] {manager.py:508} INFO - Created Permission View: can edit on DAG:example_external_task_marker_parent
[2023-02-10T21:32:42.536+0200] {logging_mixin.py:115} INFO - [2023-02-10T21:32:42.536+0200] {manager.py:508} INFO - Created Permission View: can delete on DAG:example_external_task_marker_parent
[2023-02-10T21:32:42.539+0200] {logging_mixin.py:115} INFO - [2023-02-10T21:32:42.539+0200] {manager.py:508} INFO - Created Permission View: can read on DAG:example_external_task_marker_parent
[2023-02-10T21:32:42.594+0200] {logging_mixin.py:115} INFO - [2023-02-10T21:32:42.594+0200] {manager.py:508} INFO - Created Permission View: can edit on DAG:example_external_task_marker_child
[2023-02-10T21:32:42.597+0200] {logging_mixin.py:115} INFO - [2023-02-10T21:32:42.597+0200] {manager.py:508} INFO - Created Permission View: can delete on DAG:example_external_task_marker_child
[2023-02-10T21:32:42.599+0200] {logging_mixin.py:115} INFO - [2023-02-10T21:32:42.599+0200] {manager.py:508} INFO - Created Permission View: can read on DAG:example_external_task_marker_child
[2023-02-10T21:32:42.599+0200] {logging_mixin.py:115} INFO - [2023-02-10T21:32:42.599+0200] {dag.py:2429} INFO - Sync 2 DAGs
[2023-02-10T21:32:42.603+0200] {logging_mixin.py:115} INFO - [2023-02-10T21:32:42.603+0200] {dag.py:2448} INFO - Creating ORM DAG for example_external_task_marker_parent
[2023-02-10T21:32:42.603+0200] {logging_mixin.py:115} INFO - [2023-02-10T21:32:42.603+0200] {dag.py:2448} INFO - Creating ORM DAG for example_external_task_marker_child
[2023-02-10T21:32:42.607+0200] {logging_mixin.py:115} INFO - [2023-02-10T21:32:42.607+0200] {dag.py:2977} INFO - Setting next_dagrun for example_external_task_marker_child to None, run_after=None
[2023-02-10T21:32:42.607+0200] {logging_mixin.py:115} INFO - [2023-02-10T21:32:42.607+0200] {dag.py:2977} INFO - Setting next_dagrun for example_external_task_marker_parent to None, run_after=None
[2023-02-10T21:32:42.613+0200] {processor.py:161} INFO - Processing /Users/v.lytvyniuk/Documents/библиотечка/DE online1/git/de_7/lesson_07/airflow_env/lib/python3.8/site-packages/airflow/example_dags/example_external_task_marker_dag.py took 0.472 seconds
[2023-02-10T21:35:15.106+0200] {processor.py:153} INFO - Started process (PID=48825) to work on /Users/v.lytvyniuk/Documents/библиотечка/DE online1/git/de_7/lesson_07/airflow_env/lib/python3.8/site-packages/airflow/example_dags/example_external_task_marker_dag.py
[2023-02-10T21:35:15.109+0200] {processor.py:640} INFO - Processing file /Users/v.lytvyniuk/Documents/библиотечка/DE online1/git/de_7/lesson_07/airflow_env/lib/python3.8/site-packages/airflow/example_dags/example_external_task_marker_dag.py for tasks to queue
[2023-02-10T21:35:15.109+0200] {logging_mixin.py:115} INFO - [2023-02-10T21:35:15.109+0200] {dagbag.py:508} INFO - Filling up the DagBag from /Users/v.lytvyniuk/Documents/библиотечка/DE online1/git/de_7/lesson_07/airflow_env/lib/python3.8/site-packages/airflow/example_dags/example_external_task_marker_dag.py
[2023-02-10T21:35:15.117+0200] {processor.py:650} INFO - DAG(s) dict_keys(['example_external_task_marker_parent', 'example_external_task_marker_child']) retrieved from /Users/v.lytvyniuk/Documents/библиотечка/DE online1/git/de_7/lesson_07/airflow_env/lib/python3.8/site-packages/airflow/example_dags/example_external_task_marker_dag.py
[2023-02-10T21:35:15.204+0200] {logging_mixin.py:115} INFO - [2023-02-10T21:35:15.204+0200] {dag.py:2429} INFO - Sync 2 DAGs
[2023-02-10T21:35:15.211+0200] {logging_mixin.py:115} INFO - [2023-02-10T21:35:15.211+0200] {dag.py:2977} INFO - Setting next_dagrun for example_external_task_marker_child to None, run_after=None
[2023-02-10T21:35:15.211+0200] {logging_mixin.py:115} INFO - [2023-02-10T21:35:15.211+0200] {dag.py:2977} INFO - Setting next_dagrun for example_external_task_marker_parent to None, run_after=None
[2023-02-10T21:35:15.216+0200] {processor.py:161} INFO - Processing /Users/v.lytvyniuk/Documents/библиотечка/DE online1/git/de_7/lesson_07/airflow_env/lib/python3.8/site-packages/airflow/example_dags/example_external_task_marker_dag.py took 0.111 seconds
[2023-02-10T21:36:06.538+0200] {processor.py:153} INFO - Started process (PID=48964) to work on /Users/v.lytvyniuk/Documents/библиотечка/DE online1/git/de_7/lesson_07/airflow_env/lib/python3.8/site-packages/airflow/example_dags/example_external_task_marker_dag.py
[2023-02-10T21:36:06.542+0200] {processor.py:640} INFO - Processing file /Users/v.lytvyniuk/Documents/библиотечка/DE online1/git/de_7/lesson_07/airflow_env/lib/python3.8/site-packages/airflow/example_dags/example_external_task_marker_dag.py for tasks to queue
[2023-02-10T21:36:06.542+0200] {logging_mixin.py:115} INFO - [2023-02-10T21:36:06.542+0200] {dagbag.py:508} INFO - Filling up the DagBag from /Users/v.lytvyniuk/Documents/библиотечка/DE online1/git/de_7/lesson_07/airflow_env/lib/python3.8/site-packages/airflow/example_dags/example_external_task_marker_dag.py
[2023-02-10T21:36:06.549+0200] {processor.py:650} INFO - DAG(s) dict_keys(['example_external_task_marker_parent', 'example_external_task_marker_child']) retrieved from /Users/v.lytvyniuk/Documents/библиотечка/DE online1/git/de_7/lesson_07/airflow_env/lib/python3.8/site-packages/airflow/example_dags/example_external_task_marker_dag.py
[2023-02-10T21:36:06.635+0200] {logging_mixin.py:115} INFO - [2023-02-10T21:36:06.635+0200] {dag.py:2429} INFO - Sync 2 DAGs
[2023-02-10T21:36:06.642+0200] {logging_mixin.py:115} INFO - [2023-02-10T21:36:06.642+0200] {dag.py:2977} INFO - Setting next_dagrun for example_external_task_marker_child to None, run_after=None
[2023-02-10T21:36:06.642+0200] {logging_mixin.py:115} INFO - [2023-02-10T21:36:06.642+0200] {dag.py:2977} INFO - Setting next_dagrun for example_external_task_marker_parent to None, run_after=None
[2023-02-10T21:36:06.648+0200] {processor.py:161} INFO - Processing /Users/v.lytvyniuk/Documents/библиотечка/DE online1/git/de_7/lesson_07/airflow_env/lib/python3.8/site-packages/airflow/example_dags/example_external_task_marker_dag.py took 0.109 seconds
[2023-02-10T21:36:56.890+0200] {processor.py:153} INFO - Started process (PID=49122) to work on /Users/v.lytvyniuk/Documents/библиотечка/DE online1/git/de_7/lesson_07/airflow_env/lib/python3.8/site-packages/airflow/example_dags/example_external_task_marker_dag.py
[2023-02-10T21:36:56.893+0200] {processor.py:640} INFO - Processing file /Users/v.lytvyniuk/Documents/библиотечка/DE online1/git/de_7/lesson_07/airflow_env/lib/python3.8/site-packages/airflow/example_dags/example_external_task_marker_dag.py for tasks to queue
[2023-02-10T21:36:56.893+0200] {logging_mixin.py:115} INFO - [2023-02-10T21:36:56.893+0200] {dagbag.py:508} INFO - Filling up the DagBag from /Users/v.lytvyniuk/Documents/библиотечка/DE online1/git/de_7/lesson_07/airflow_env/lib/python3.8/site-packages/airflow/example_dags/example_external_task_marker_dag.py
[2023-02-10T21:36:56.900+0200] {processor.py:650} INFO - DAG(s) dict_keys(['example_external_task_marker_parent', 'example_external_task_marker_child']) retrieved from /Users/v.lytvyniuk/Documents/библиотечка/DE online1/git/de_7/lesson_07/airflow_env/lib/python3.8/site-packages/airflow/example_dags/example_external_task_marker_dag.py
[2023-02-10T21:36:56.964+0200] {logging_mixin.py:115} INFO - [2023-02-10T21:36:56.964+0200] {dag.py:2429} INFO - Sync 2 DAGs
[2023-02-10T21:36:56.971+0200] {logging_mixin.py:115} INFO - [2023-02-10T21:36:56.971+0200] {dag.py:2977} INFO - Setting next_dagrun for example_external_task_marker_child to None, run_after=None
[2023-02-10T21:36:56.971+0200] {logging_mixin.py:115} INFO - [2023-02-10T21:36:56.971+0200] {dag.py:2977} INFO - Setting next_dagrun for example_external_task_marker_parent to None, run_after=None
[2023-02-10T21:36:56.976+0200] {processor.py:161} INFO - Processing /Users/v.lytvyniuk/Documents/библиотечка/DE online1/git/de_7/lesson_07/airflow_env/lib/python3.8/site-packages/airflow/example_dags/example_external_task_marker_dag.py took 0.087 seconds
[2023-02-10T21:37:46.211+0200] {processor.py:153} INFO - Started process (PID=49255) to work on /Users/v.lytvyniuk/Documents/библиотечка/DE online1/git/de_7/lesson_07/airflow_env/lib/python3.8/site-packages/airflow/example_dags/example_external_task_marker_dag.py
[2023-02-10T21:37:46.213+0200] {processor.py:640} INFO - Processing file /Users/v.lytvyniuk/Documents/библиотечка/DE online1/git/de_7/lesson_07/airflow_env/lib/python3.8/site-packages/airflow/example_dags/example_external_task_marker_dag.py for tasks to queue
[2023-02-10T21:37:46.214+0200] {logging_mixin.py:115} INFO - [2023-02-10T21:37:46.214+0200] {dagbag.py:508} INFO - Filling up the DagBag from /Users/v.lytvyniuk/Documents/библиотечка/DE online1/git/de_7/lesson_07/airflow_env/lib/python3.8/site-packages/airflow/example_dags/example_external_task_marker_dag.py
[2023-02-10T21:37:46.221+0200] {processor.py:650} INFO - DAG(s) dict_keys(['example_external_task_marker_parent', 'example_external_task_marker_child']) retrieved from /Users/v.lytvyniuk/Documents/библиотечка/DE online1/git/de_7/lesson_07/airflow_env/lib/python3.8/site-packages/airflow/example_dags/example_external_task_marker_dag.py
[2023-02-10T21:37:46.319+0200] {logging_mixin.py:115} INFO - [2023-02-10T21:37:46.319+0200] {dag.py:2429} INFO - Sync 2 DAGs
[2023-02-10T21:37:46.329+0200] {logging_mixin.py:115} INFO - [2023-02-10T21:37:46.329+0200] {dag.py:2977} INFO - Setting next_dagrun for example_external_task_marker_child to None, run_after=None
[2023-02-10T21:37:46.330+0200] {logging_mixin.py:115} INFO - [2023-02-10T21:37:46.329+0200] {dag.py:2977} INFO - Setting next_dagrun for example_external_task_marker_parent to None, run_after=None
[2023-02-10T21:37:46.337+0200] {processor.py:161} INFO - Processing /Users/v.lytvyniuk/Documents/библиотечка/DE online1/git/de_7/lesson_07/airflow_env/lib/python3.8/site-packages/airflow/example_dags/example_external_task_marker_dag.py took 0.126 seconds
[2023-02-10T21:38:36.349+0200] {processor.py:153} INFO - Started process (PID=49381) to work on /Users/v.lytvyniuk/Documents/библиотечка/DE online1/git/de_7/lesson_07/airflow_env/lib/python3.8/site-packages/airflow/example_dags/example_external_task_marker_dag.py
[2023-02-10T21:38:36.353+0200] {processor.py:640} INFO - Processing file /Users/v.lytvyniuk/Documents/библиотечка/DE online1/git/de_7/lesson_07/airflow_env/lib/python3.8/site-packages/airflow/example_dags/example_external_task_marker_dag.py for tasks to queue
[2023-02-10T21:38:36.353+0200] {logging_mixin.py:115} INFO - [2023-02-10T21:38:36.353+0200] {dagbag.py:508} INFO - Filling up the DagBag from /Users/v.lytvyniuk/Documents/библиотечка/DE online1/git/de_7/lesson_07/airflow_env/lib/python3.8/site-packages/airflow/example_dags/example_external_task_marker_dag.py
[2023-02-10T21:38:36.360+0200] {processor.py:650} INFO - DAG(s) dict_keys(['example_external_task_marker_parent', 'example_external_task_marker_child']) retrieved from /Users/v.lytvyniuk/Documents/библиотечка/DE online1/git/de_7/lesson_07/airflow_env/lib/python3.8/site-packages/airflow/example_dags/example_external_task_marker_dag.py
[2023-02-10T21:38:36.424+0200] {logging_mixin.py:115} INFO - [2023-02-10T21:38:36.424+0200] {dag.py:2429} INFO - Sync 2 DAGs
[2023-02-10T21:38:36.431+0200] {logging_mixin.py:115} INFO - [2023-02-10T21:38:36.431+0200] {dag.py:2977} INFO - Setting next_dagrun for example_external_task_marker_child to None, run_after=None
[2023-02-10T21:38:36.431+0200] {logging_mixin.py:115} INFO - [2023-02-10T21:38:36.431+0200] {dag.py:2977} INFO - Setting next_dagrun for example_external_task_marker_parent to None, run_after=None
[2023-02-10T21:38:36.437+0200] {processor.py:161} INFO - Processing /Users/v.lytvyniuk/Documents/библиотечка/DE online1/git/de_7/lesson_07/airflow_env/lib/python3.8/site-packages/airflow/example_dags/example_external_task_marker_dag.py took 0.088 seconds
[2023-02-10T21:39:26.294+0200] {processor.py:153} INFO - Started process (PID=49587) to work on /Users/v.lytvyniuk/Documents/библиотечка/DE online1/git/de_7/lesson_07/airflow_env/lib/python3.8/site-packages/airflow/example_dags/example_external_task_marker_dag.py
[2023-02-10T21:39:26.297+0200] {processor.py:640} INFO - Processing file /Users/v.lytvyniuk/Documents/библиотечка/DE online1/git/de_7/lesson_07/airflow_env/lib/python3.8/site-packages/airflow/example_dags/example_external_task_marker_dag.py for tasks to queue
[2023-02-10T21:39:26.297+0200] {logging_mixin.py:115} INFO - [2023-02-10T21:39:26.297+0200] {dagbag.py:508} INFO - Filling up the DagBag from /Users/v.lytvyniuk/Documents/библиотечка/DE online1/git/de_7/lesson_07/airflow_env/lib/python3.8/site-packages/airflow/example_dags/example_external_task_marker_dag.py
[2023-02-10T21:39:26.304+0200] {processor.py:650} INFO - DAG(s) dict_keys(['example_external_task_marker_parent', 'example_external_task_marker_child']) retrieved from /Users/v.lytvyniuk/Documents/библиотечка/DE online1/git/de_7/lesson_07/airflow_env/lib/python3.8/site-packages/airflow/example_dags/example_external_task_marker_dag.py
[2023-02-10T21:39:26.395+0200] {logging_mixin.py:115} INFO - [2023-02-10T21:39:26.395+0200] {dag.py:2429} INFO - Sync 2 DAGs
[2023-02-10T21:39:26.402+0200] {logging_mixin.py:115} INFO - [2023-02-10T21:39:26.402+0200] {dag.py:2977} INFO - Setting next_dagrun for example_external_task_marker_child to None, run_after=None
[2023-02-10T21:39:26.403+0200] {logging_mixin.py:115} INFO - [2023-02-10T21:39:26.403+0200] {dag.py:2977} INFO - Setting next_dagrun for example_external_task_marker_parent to None, run_after=None
[2023-02-10T21:39:26.408+0200] {processor.py:161} INFO - Processing /Users/v.lytvyniuk/Documents/библиотечка/DE online1/git/de_7/lesson_07/airflow_env/lib/python3.8/site-packages/airflow/example_dags/example_external_task_marker_dag.py took 0.114 seconds
[2023-02-10T21:40:16.251+0200] {processor.py:153} INFO - Started process (PID=49725) to work on /Users/v.lytvyniuk/Documents/библиотечка/DE online1/git/de_7/lesson_07/airflow_env/lib/python3.8/site-packages/airflow/example_dags/example_external_task_marker_dag.py
[2023-02-10T21:40:16.254+0200] {processor.py:640} INFO - Processing file /Users/v.lytvyniuk/Documents/библиотечка/DE online1/git/de_7/lesson_07/airflow_env/lib/python3.8/site-packages/airflow/example_dags/example_external_task_marker_dag.py for tasks to queue
[2023-02-10T21:40:16.254+0200] {logging_mixin.py:115} INFO - [2023-02-10T21:40:16.254+0200] {dagbag.py:508} INFO - Filling up the DagBag from /Users/v.lytvyniuk/Documents/библиотечка/DE online1/git/de_7/lesson_07/airflow_env/lib/python3.8/site-packages/airflow/example_dags/example_external_task_marker_dag.py
[2023-02-10T21:40:16.261+0200] {processor.py:650} INFO - DAG(s) dict_keys(['example_external_task_marker_parent', 'example_external_task_marker_child']) retrieved from /Users/v.lytvyniuk/Documents/библиотечка/DE online1/git/de_7/lesson_07/airflow_env/lib/python3.8/site-packages/airflow/example_dags/example_external_task_marker_dag.py
[2023-02-10T21:40:16.342+0200] {logging_mixin.py:115} INFO - [2023-02-10T21:40:16.342+0200] {dag.py:2429} INFO - Sync 2 DAGs
[2023-02-10T21:40:16.349+0200] {logging_mixin.py:115} INFO - [2023-02-10T21:40:16.349+0200] {dag.py:2977} INFO - Setting next_dagrun for example_external_task_marker_child to None, run_after=None
[2023-02-10T21:40:16.349+0200] {logging_mixin.py:115} INFO - [2023-02-10T21:40:16.349+0200] {dag.py:2977} INFO - Setting next_dagrun for example_external_task_marker_parent to None, run_after=None
[2023-02-10T21:40:16.354+0200] {processor.py:161} INFO - Processing /Users/v.lytvyniuk/Documents/библиотечка/DE online1/git/de_7/lesson_07/airflow_env/lib/python3.8/site-packages/airflow/example_dags/example_external_task_marker_dag.py took 0.104 seconds
[2023-02-10T21:41:06.157+0200] {processor.py:153} INFO - Started process (PID=49868) to work on /Users/v.lytvyniuk/Documents/библиотечка/DE online1/git/de_7/lesson_07/airflow_env/lib/python3.8/site-packages/airflow/example_dags/example_external_task_marker_dag.py
[2023-02-10T21:41:06.160+0200] {processor.py:640} INFO - Processing file /Users/v.lytvyniuk/Documents/библиотечка/DE online1/git/de_7/lesson_07/airflow_env/lib/python3.8/site-packages/airflow/example_dags/example_external_task_marker_dag.py for tasks to queue
[2023-02-10T21:41:06.160+0200] {logging_mixin.py:115} INFO - [2023-02-10T21:41:06.160+0200] {dagbag.py:508} INFO - Filling up the DagBag from /Users/v.lytvyniuk/Documents/библиотечка/DE online1/git/de_7/lesson_07/airflow_env/lib/python3.8/site-packages/airflow/example_dags/example_external_task_marker_dag.py
[2023-02-10T21:41:06.167+0200] {processor.py:650} INFO - DAG(s) dict_keys(['example_external_task_marker_parent', 'example_external_task_marker_child']) retrieved from /Users/v.lytvyniuk/Documents/библиотечка/DE online1/git/de_7/lesson_07/airflow_env/lib/python3.8/site-packages/airflow/example_dags/example_external_task_marker_dag.py
[2023-02-10T21:41:06.250+0200] {logging_mixin.py:115} INFO - [2023-02-10T21:41:06.250+0200] {dag.py:2429} INFO - Sync 2 DAGs
[2023-02-10T21:41:06.257+0200] {logging_mixin.py:115} INFO - [2023-02-10T21:41:06.257+0200] {dag.py:2977} INFO - Setting next_dagrun for example_external_task_marker_child to None, run_after=None
[2023-02-10T21:41:06.257+0200] {logging_mixin.py:115} INFO - [2023-02-10T21:41:06.257+0200] {dag.py:2977} INFO - Setting next_dagrun for example_external_task_marker_parent to None, run_after=None
[2023-02-10T21:41:06.262+0200] {processor.py:161} INFO - Processing /Users/v.lytvyniuk/Documents/библиотечка/DE online1/git/de_7/lesson_07/airflow_env/lib/python3.8/site-packages/airflow/example_dags/example_external_task_marker_dag.py took 0.106 seconds
[2023-02-10T21:41:57.377+0200] {processor.py:153} INFO - Started process (PID=50001) to work on /Users/v.lytvyniuk/Documents/библиотечка/DE online1/git/de_7/lesson_07/airflow_env/lib/python3.8/site-packages/airflow/example_dags/example_external_task_marker_dag.py
[2023-02-10T21:41:57.380+0200] {processor.py:640} INFO - Processing file /Users/v.lytvyniuk/Documents/библиотечка/DE online1/git/de_7/lesson_07/airflow_env/lib/python3.8/site-packages/airflow/example_dags/example_external_task_marker_dag.py for tasks to queue
[2023-02-10T21:41:57.381+0200] {logging_mixin.py:115} INFO - [2023-02-10T21:41:57.380+0200] {dagbag.py:508} INFO - Filling up the DagBag from /Users/v.lytvyniuk/Documents/библиотечка/DE online1/git/de_7/lesson_07/airflow_env/lib/python3.8/site-packages/airflow/example_dags/example_external_task_marker_dag.py
[2023-02-10T21:41:57.387+0200] {processor.py:650} INFO - DAG(s) dict_keys(['example_external_task_marker_parent', 'example_external_task_marker_child']) retrieved from /Users/v.lytvyniuk/Documents/библиотечка/DE online1/git/de_7/lesson_07/airflow_env/lib/python3.8/site-packages/airflow/example_dags/example_external_task_marker_dag.py
[2023-02-10T21:41:57.454+0200] {logging_mixin.py:115} INFO - [2023-02-10T21:41:57.454+0200] {dag.py:2429} INFO - Sync 2 DAGs
[2023-02-10T21:41:57.461+0200] {logging_mixin.py:115} INFO - [2023-02-10T21:41:57.461+0200] {dag.py:2977} INFO - Setting next_dagrun for example_external_task_marker_child to None, run_after=None
[2023-02-10T21:41:57.461+0200] {logging_mixin.py:115} INFO - [2023-02-10T21:41:57.461+0200] {dag.py:2977} INFO - Setting next_dagrun for example_external_task_marker_parent to None, run_after=None
[2023-02-10T21:41:57.467+0200] {processor.py:161} INFO - Processing /Users/v.lytvyniuk/Documents/библиотечка/DE online1/git/de_7/lesson_07/airflow_env/lib/python3.8/site-packages/airflow/example_dags/example_external_task_marker_dag.py took 0.089 seconds
[2023-02-10T21:42:48.857+0200] {processor.py:153} INFO - Started process (PID=50151) to work on /Users/v.lytvyniuk/Documents/библиотечка/DE online1/git/de_7/lesson_07/airflow_env/lib/python3.8/site-packages/airflow/example_dags/example_external_task_marker_dag.py
[2023-02-10T21:42:48.860+0200] {processor.py:640} INFO - Processing file /Users/v.lytvyniuk/Documents/библиотечка/DE online1/git/de_7/lesson_07/airflow_env/lib/python3.8/site-packages/airflow/example_dags/example_external_task_marker_dag.py for tasks to queue
[2023-02-10T21:42:48.860+0200] {logging_mixin.py:115} INFO - [2023-02-10T21:42:48.860+0200] {dagbag.py:508} INFO - Filling up the DagBag from /Users/v.lytvyniuk/Documents/библиотечка/DE online1/git/de_7/lesson_07/airflow_env/lib/python3.8/site-packages/airflow/example_dags/example_external_task_marker_dag.py
[2023-02-10T21:42:48.867+0200] {processor.py:650} INFO - DAG(s) dict_keys(['example_external_task_marker_parent', 'example_external_task_marker_child']) retrieved from /Users/v.lytvyniuk/Documents/библиотечка/DE online1/git/de_7/lesson_07/airflow_env/lib/python3.8/site-packages/airflow/example_dags/example_external_task_marker_dag.py
[2023-02-10T21:42:48.949+0200] {logging_mixin.py:115} INFO - [2023-02-10T21:42:48.949+0200] {dag.py:2429} INFO - Sync 2 DAGs
[2023-02-10T21:42:48.956+0200] {logging_mixin.py:115} INFO - [2023-02-10T21:42:48.956+0200] {dag.py:2977} INFO - Setting next_dagrun for example_external_task_marker_child to None, run_after=None
[2023-02-10T21:42:48.956+0200] {logging_mixin.py:115} INFO - [2023-02-10T21:42:48.956+0200] {dag.py:2977} INFO - Setting next_dagrun for example_external_task_marker_parent to None, run_after=None
[2023-02-10T21:42:48.961+0200] {processor.py:161} INFO - Processing /Users/v.lytvyniuk/Documents/библиотечка/DE online1/git/de_7/lesson_07/airflow_env/lib/python3.8/site-packages/airflow/example_dags/example_external_task_marker_dag.py took 0.104 seconds
[2023-02-10T21:43:38.721+0200] {processor.py:153} INFO - Started process (PID=50272) to work on /Users/v.lytvyniuk/Documents/библиотечка/DE online1/git/de_7/lesson_07/airflow_env/lib/python3.8/site-packages/airflow/example_dags/example_external_task_marker_dag.py
[2023-02-10T21:43:38.725+0200] {processor.py:640} INFO - Processing file /Users/v.lytvyniuk/Documents/библиотечка/DE online1/git/de_7/lesson_07/airflow_env/lib/python3.8/site-packages/airflow/example_dags/example_external_task_marker_dag.py for tasks to queue
[2023-02-10T21:43:38.725+0200] {logging_mixin.py:115} INFO - [2023-02-10T21:43:38.725+0200] {dagbag.py:508} INFO - Filling up the DagBag from /Users/v.lytvyniuk/Documents/библиотечка/DE online1/git/de_7/lesson_07/airflow_env/lib/python3.8/site-packages/airflow/example_dags/example_external_task_marker_dag.py
[2023-02-10T21:43:38.732+0200] {processor.py:650} INFO - DAG(s) dict_keys(['example_external_task_marker_parent', 'example_external_task_marker_child']) retrieved from /Users/v.lytvyniuk/Documents/библиотечка/DE online1/git/de_7/lesson_07/airflow_env/lib/python3.8/site-packages/airflow/example_dags/example_external_task_marker_dag.py
[2023-02-10T21:43:38.796+0200] {logging_mixin.py:115} INFO - [2023-02-10T21:43:38.795+0200] {dag.py:2429} INFO - Sync 2 DAGs
[2023-02-10T21:43:38.802+0200] {logging_mixin.py:115} INFO - [2023-02-10T21:43:38.802+0200] {dag.py:2977} INFO - Setting next_dagrun for example_external_task_marker_child to None, run_after=None
[2023-02-10T21:43:38.802+0200] {logging_mixin.py:115} INFO - [2023-02-10T21:43:38.802+0200] {dag.py:2977} INFO - Setting next_dagrun for example_external_task_marker_parent to None, run_after=None
[2023-02-10T21:43:38.808+0200] {processor.py:161} INFO - Processing /Users/v.lytvyniuk/Documents/библиотечка/DE online1/git/de_7/lesson_07/airflow_env/lib/python3.8/site-packages/airflow/example_dags/example_external_task_marker_dag.py took 0.087 seconds
[2023-02-10T21:44:30.402+0200] {processor.py:153} INFO - Started process (PID=50413) to work on /Users/v.lytvyniuk/Documents/библиотечка/DE online1/git/de_7/lesson_07/airflow_env/lib/python3.8/site-packages/airflow/example_dags/example_external_task_marker_dag.py
[2023-02-10T21:44:30.405+0200] {processor.py:640} INFO - Processing file /Users/v.lytvyniuk/Documents/библиотечка/DE online1/git/de_7/lesson_07/airflow_env/lib/python3.8/site-packages/airflow/example_dags/example_external_task_marker_dag.py for tasks to queue
[2023-02-10T21:44:30.405+0200] {logging_mixin.py:115} INFO - [2023-02-10T21:44:30.405+0200] {dagbag.py:508} INFO - Filling up the DagBag from /Users/v.lytvyniuk/Documents/библиотечка/DE online1/git/de_7/lesson_07/airflow_env/lib/python3.8/site-packages/airflow/example_dags/example_external_task_marker_dag.py
[2023-02-10T21:44:30.412+0200] {processor.py:650} INFO - DAG(s) dict_keys(['example_external_task_marker_parent', 'example_external_task_marker_child']) retrieved from /Users/v.lytvyniuk/Documents/библиотечка/DE online1/git/de_7/lesson_07/airflow_env/lib/python3.8/site-packages/airflow/example_dags/example_external_task_marker_dag.py
[2023-02-10T21:44:30.495+0200] {logging_mixin.py:115} INFO - [2023-02-10T21:44:30.495+0200] {dag.py:2429} INFO - Sync 2 DAGs
[2023-02-10T21:44:30.502+0200] {logging_mixin.py:115} INFO - [2023-02-10T21:44:30.502+0200] {dag.py:2977} INFO - Setting next_dagrun for example_external_task_marker_child to None, run_after=None
[2023-02-10T21:44:30.502+0200] {logging_mixin.py:115} INFO - [2023-02-10T21:44:30.502+0200] {dag.py:2977} INFO - Setting next_dagrun for example_external_task_marker_parent to None, run_after=None
[2023-02-10T21:44:30.508+0200] {processor.py:161} INFO - Processing /Users/v.lytvyniuk/Documents/библиотечка/DE online1/git/de_7/lesson_07/airflow_env/lib/python3.8/site-packages/airflow/example_dags/example_external_task_marker_dag.py took 0.106 seconds
[2023-02-10T21:45:20.930+0200] {processor.py:153} INFO - Started process (PID=50920) to work on /Users/v.lytvyniuk/Documents/библиотечка/DE online1/git/de_7/lesson_07/airflow_env/lib/python3.8/site-packages/airflow/example_dags/example_external_task_marker_dag.py
[2023-02-10T21:45:20.933+0200] {processor.py:640} INFO - Processing file /Users/v.lytvyniuk/Documents/библиотечка/DE online1/git/de_7/lesson_07/airflow_env/lib/python3.8/site-packages/airflow/example_dags/example_external_task_marker_dag.py for tasks to queue
[2023-02-10T21:45:20.933+0200] {logging_mixin.py:115} INFO - [2023-02-10T21:45:20.933+0200] {dagbag.py:508} INFO - Filling up the DagBag from /Users/v.lytvyniuk/Documents/библиотечка/DE online1/git/de_7/lesson_07/airflow_env/lib/python3.8/site-packages/airflow/example_dags/example_external_task_marker_dag.py
[2023-02-10T21:45:20.940+0200] {processor.py:650} INFO - DAG(s) dict_keys(['example_external_task_marker_parent', 'example_external_task_marker_child']) retrieved from /Users/v.lytvyniuk/Documents/библиотечка/DE online1/git/de_7/lesson_07/airflow_env/lib/python3.8/site-packages/airflow/example_dags/example_external_task_marker_dag.py
[2023-02-10T21:45:21.023+0200] {logging_mixin.py:115} INFO - [2023-02-10T21:45:21.023+0200] {dag.py:2429} INFO - Sync 2 DAGs
[2023-02-10T21:45:21.030+0200] {logging_mixin.py:115} INFO - [2023-02-10T21:45:21.030+0200] {dag.py:2977} INFO - Setting next_dagrun for example_external_task_marker_child to None, run_after=None
[2023-02-10T21:45:21.030+0200] {logging_mixin.py:115} INFO - [2023-02-10T21:45:21.030+0200] {dag.py:2977} INFO - Setting next_dagrun for example_external_task_marker_parent to None, run_after=None
[2023-02-10T21:45:21.036+0200] {processor.py:161} INFO - Processing /Users/v.lytvyniuk/Documents/библиотечка/DE online1/git/de_7/lesson_07/airflow_env/lib/python3.8/site-packages/airflow/example_dags/example_external_task_marker_dag.py took 0.106 seconds
[2023-02-10T21:46:13.533+0200] {processor.py:153} INFO - Started process (PID=51058) to work on /Users/v.lytvyniuk/Documents/библиотечка/DE online1/git/de_7/lesson_07/airflow_env/lib/python3.8/site-packages/airflow/example_dags/example_external_task_marker_dag.py
[2023-02-10T21:46:13.537+0200] {processor.py:640} INFO - Processing file /Users/v.lytvyniuk/Documents/библиотечка/DE online1/git/de_7/lesson_07/airflow_env/lib/python3.8/site-packages/airflow/example_dags/example_external_task_marker_dag.py for tasks to queue
[2023-02-10T21:46:13.537+0200] {logging_mixin.py:115} INFO - [2023-02-10T21:46:13.537+0200] {dagbag.py:508} INFO - Filling up the DagBag from /Users/v.lytvyniuk/Documents/библиотечка/DE online1/git/de_7/lesson_07/airflow_env/lib/python3.8/site-packages/airflow/example_dags/example_external_task_marker_dag.py
[2023-02-10T21:46:13.544+0200] {processor.py:650} INFO - DAG(s) dict_keys(['example_external_task_marker_parent', 'example_external_task_marker_child']) retrieved from /Users/v.lytvyniuk/Documents/библиотечка/DE online1/git/de_7/lesson_07/airflow_env/lib/python3.8/site-packages/airflow/example_dags/example_external_task_marker_dag.py
[2023-02-10T21:46:13.609+0200] {logging_mixin.py:115} INFO - [2023-02-10T21:46:13.608+0200] {dag.py:2429} INFO - Sync 2 DAGs
[2023-02-10T21:46:13.615+0200] {logging_mixin.py:115} INFO - [2023-02-10T21:46:13.615+0200] {dag.py:2977} INFO - Setting next_dagrun for example_external_task_marker_child to None, run_after=None
[2023-02-10T21:46:13.615+0200] {logging_mixin.py:115} INFO - [2023-02-10T21:46:13.615+0200] {dag.py:2977} INFO - Setting next_dagrun for example_external_task_marker_parent to None, run_after=None
[2023-02-10T21:46:13.621+0200] {processor.py:161} INFO - Processing /Users/v.lytvyniuk/Documents/библиотечка/DE online1/git/de_7/lesson_07/airflow_env/lib/python3.8/site-packages/airflow/example_dags/example_external_task_marker_dag.py took 0.088 seconds
[2023-02-10T21:47:03.641+0200] {processor.py:153} INFO - Started process (PID=51191) to work on /Users/v.lytvyniuk/Documents/библиотечка/DE online1/git/de_7/lesson_07/airflow_env/lib/python3.8/site-packages/airflow/example_dags/example_external_task_marker_dag.py
[2023-02-10T21:47:03.645+0200] {processor.py:640} INFO - Processing file /Users/v.lytvyniuk/Documents/библиотечка/DE online1/git/de_7/lesson_07/airflow_env/lib/python3.8/site-packages/airflow/example_dags/example_external_task_marker_dag.py for tasks to queue
[2023-02-10T21:47:03.645+0200] {logging_mixin.py:115} INFO - [2023-02-10T21:47:03.645+0200] {dagbag.py:508} INFO - Filling up the DagBag from /Users/v.lytvyniuk/Documents/библиотечка/DE online1/git/de_7/lesson_07/airflow_env/lib/python3.8/site-packages/airflow/example_dags/example_external_task_marker_dag.py
[2023-02-10T21:47:03.652+0200] {processor.py:650} INFO - DAG(s) dict_keys(['example_external_task_marker_parent', 'example_external_task_marker_child']) retrieved from /Users/v.lytvyniuk/Documents/библиотечка/DE online1/git/de_7/lesson_07/airflow_env/lib/python3.8/site-packages/airflow/example_dags/example_external_task_marker_dag.py
[2023-02-10T21:47:03.740+0200] {logging_mixin.py:115} INFO - [2023-02-10T21:47:03.740+0200] {dag.py:2429} INFO - Sync 2 DAGs
[2023-02-10T21:47:03.747+0200] {logging_mixin.py:115} INFO - [2023-02-10T21:47:03.747+0200] {dag.py:2977} INFO - Setting next_dagrun for example_external_task_marker_child to None, run_after=None
[2023-02-10T21:47:03.747+0200] {logging_mixin.py:115} INFO - [2023-02-10T21:47:03.747+0200] {dag.py:2977} INFO - Setting next_dagrun for example_external_task_marker_parent to None, run_after=None
[2023-02-10T21:47:03.753+0200] {processor.py:161} INFO - Processing /Users/v.lytvyniuk/Documents/библиотечка/DE online1/git/de_7/lesson_07/airflow_env/lib/python3.8/site-packages/airflow/example_dags/example_external_task_marker_dag.py took 0.112 seconds
[2023-02-10T21:53:59.952+0200] {processor.py:153} INFO - Started process (PID=2591) to work on /Users/v.lytvyniuk/Documents/библиотечка/DE online1/git/de_7/lesson_07/airflow_env/lib/python3.8/site-packages/airflow/example_dags/example_external_task_marker_dag.py
[2023-02-10T21:53:59.955+0200] {processor.py:640} INFO - Processing file /Users/v.lytvyniuk/Documents/библиотечка/DE online1/git/de_7/lesson_07/airflow_env/lib/python3.8/site-packages/airflow/example_dags/example_external_task_marker_dag.py for tasks to queue
[2023-02-10T21:53:59.956+0200] {logging_mixin.py:115} INFO - [2023-02-10T21:53:59.956+0200] {dagbag.py:508} INFO - Filling up the DagBag from /Users/v.lytvyniuk/Documents/библиотечка/DE online1/git/de_7/lesson_07/airflow_env/lib/python3.8/site-packages/airflow/example_dags/example_external_task_marker_dag.py
[2023-02-10T21:53:59.963+0200] {processor.py:650} INFO - DAG(s) dict_keys(['example_external_task_marker_parent', 'example_external_task_marker_child']) retrieved from /Users/v.lytvyniuk/Documents/библиотечка/DE online1/git/de_7/lesson_07/airflow_env/lib/python3.8/site-packages/airflow/example_dags/example_external_task_marker_dag.py
[2023-02-10T21:54:00.050+0200] {logging_mixin.py:115} INFO - [2023-02-10T21:54:00.050+0200] {dag.py:2429} INFO - Sync 2 DAGs
[2023-02-10T21:54:00.057+0200] {logging_mixin.py:115} INFO - [2023-02-10T21:54:00.057+0200] {dag.py:2977} INFO - Setting next_dagrun for example_external_task_marker_child to None, run_after=None
[2023-02-10T21:54:00.057+0200] {logging_mixin.py:115} INFO - [2023-02-10T21:54:00.057+0200] {dag.py:2977} INFO - Setting next_dagrun for example_external_task_marker_parent to None, run_after=None
[2023-02-10T21:54:00.063+0200] {processor.py:161} INFO - Processing /Users/v.lytvyniuk/Documents/библиотечка/DE online1/git/de_7/lesson_07/airflow_env/lib/python3.8/site-packages/airflow/example_dags/example_external_task_marker_dag.py took 0.111 seconds
[2023-02-10T21:54:52.913+0200] {processor.py:153} INFO - Started process (PID=2807) to work on /Users/v.lytvyniuk/Documents/библиотечка/DE online1/git/de_7/lesson_07/airflow_env/lib/python3.8/site-packages/airflow/example_dags/example_external_task_marker_dag.py
[2023-02-10T21:54:52.917+0200] {processor.py:640} INFO - Processing file /Users/v.lytvyniuk/Documents/библиотечка/DE online1/git/de_7/lesson_07/airflow_env/lib/python3.8/site-packages/airflow/example_dags/example_external_task_marker_dag.py for tasks to queue
[2023-02-10T21:54:52.917+0200] {logging_mixin.py:115} INFO - [2023-02-10T21:54:52.917+0200] {dagbag.py:508} INFO - Filling up the DagBag from /Users/v.lytvyniuk/Documents/библиотечка/DE online1/git/de_7/lesson_07/airflow_env/lib/python3.8/site-packages/airflow/example_dags/example_external_task_marker_dag.py
[2023-02-10T21:54:52.924+0200] {processor.py:650} INFO - DAG(s) dict_keys(['example_external_task_marker_parent', 'example_external_task_marker_child']) retrieved from /Users/v.lytvyniuk/Documents/библиотечка/DE online1/git/de_7/lesson_07/airflow_env/lib/python3.8/site-packages/airflow/example_dags/example_external_task_marker_dag.py
[2023-02-10T21:54:52.990+0200] {logging_mixin.py:115} INFO - [2023-02-10T21:54:52.990+0200] {dag.py:2429} INFO - Sync 2 DAGs
[2023-02-10T21:54:52.997+0200] {logging_mixin.py:115} INFO - [2023-02-10T21:54:52.997+0200] {dag.py:2977} INFO - Setting next_dagrun for example_external_task_marker_child to None, run_after=None
[2023-02-10T21:54:52.997+0200] {logging_mixin.py:115} INFO - [2023-02-10T21:54:52.997+0200] {dag.py:2977} INFO - Setting next_dagrun for example_external_task_marker_parent to None, run_after=None
[2023-02-10T21:54:53.003+0200] {processor.py:161} INFO - Processing /Users/v.lytvyniuk/Documents/библиотечка/DE online1/git/de_7/lesson_07/airflow_env/lib/python3.8/site-packages/airflow/example_dags/example_external_task_marker_dag.py took 0.090 seconds
[2023-02-10T21:55:43.186+0200] {processor.py:153} INFO - Started process (PID=2974) to work on /Users/v.lytvyniuk/Documents/библиотечка/DE online1/git/de_7/lesson_07/airflow_env/lib/python3.8/site-packages/airflow/example_dags/example_external_task_marker_dag.py
[2023-02-10T21:55:43.189+0200] {processor.py:640} INFO - Processing file /Users/v.lytvyniuk/Documents/библиотечка/DE online1/git/de_7/lesson_07/airflow_env/lib/python3.8/site-packages/airflow/example_dags/example_external_task_marker_dag.py for tasks to queue
[2023-02-10T21:55:43.189+0200] {logging_mixin.py:115} INFO - [2023-02-10T21:55:43.189+0200] {dagbag.py:508} INFO - Filling up the DagBag from /Users/v.lytvyniuk/Documents/библиотечка/DE online1/git/de_7/lesson_07/airflow_env/lib/python3.8/site-packages/airflow/example_dags/example_external_task_marker_dag.py
[2023-02-10T21:55:43.197+0200] {processor.py:650} INFO - DAG(s) dict_keys(['example_external_task_marker_parent', 'example_external_task_marker_child']) retrieved from /Users/v.lytvyniuk/Documents/библиотечка/DE online1/git/de_7/lesson_07/airflow_env/lib/python3.8/site-packages/airflow/example_dags/example_external_task_marker_dag.py
[2023-02-10T21:55:43.267+0200] {logging_mixin.py:115} INFO - [2023-02-10T21:55:43.267+0200] {dag.py:2429} INFO - Sync 2 DAGs
[2023-02-10T21:55:43.276+0200] {logging_mixin.py:115} INFO - [2023-02-10T21:55:43.276+0200] {dag.py:2977} INFO - Setting next_dagrun for example_external_task_marker_child to None, run_after=None
[2023-02-10T21:55:43.276+0200] {logging_mixin.py:115} INFO - [2023-02-10T21:55:43.276+0200] {dag.py:2977} INFO - Setting next_dagrun for example_external_task_marker_parent to None, run_after=None
[2023-02-10T21:55:43.282+0200] {processor.py:161} INFO - Processing /Users/v.lytvyniuk/Documents/библиотечка/DE online1/git/de_7/lesson_07/airflow_env/lib/python3.8/site-packages/airflow/example_dags/example_external_task_marker_dag.py took 0.097 seconds
[2023-02-10T21:56:36.427+0200] {processor.py:153} INFO - Started process (PID=3139) to work on /Users/v.lytvyniuk/Documents/библиотечка/DE online1/git/de_7/lesson_07/airflow_env/lib/python3.8/site-packages/airflow/example_dags/example_external_task_marker_dag.py
[2023-02-10T21:56:36.430+0200] {processor.py:640} INFO - Processing file /Users/v.lytvyniuk/Documents/библиотечка/DE online1/git/de_7/lesson_07/airflow_env/lib/python3.8/site-packages/airflow/example_dags/example_external_task_marker_dag.py for tasks to queue
[2023-02-10T21:56:36.431+0200] {logging_mixin.py:115} INFO - [2023-02-10T21:56:36.431+0200] {dagbag.py:508} INFO - Filling up the DagBag from /Users/v.lytvyniuk/Documents/библиотечка/DE online1/git/de_7/lesson_07/airflow_env/lib/python3.8/site-packages/airflow/example_dags/example_external_task_marker_dag.py
[2023-02-10T21:56:36.438+0200] {processor.py:650} INFO - DAG(s) dict_keys(['example_external_task_marker_parent', 'example_external_task_marker_child']) retrieved from /Users/v.lytvyniuk/Documents/библиотечка/DE online1/git/de_7/lesson_07/airflow_env/lib/python3.8/site-packages/airflow/example_dags/example_external_task_marker_dag.py
[2023-02-10T21:56:36.503+0200] {logging_mixin.py:115} INFO - [2023-02-10T21:56:36.503+0200] {dag.py:2429} INFO - Sync 2 DAGs
[2023-02-10T21:56:36.509+0200] {logging_mixin.py:115} INFO - [2023-02-10T21:56:36.509+0200] {dag.py:2977} INFO - Setting next_dagrun for example_external_task_marker_child to None, run_after=None
[2023-02-10T21:56:36.510+0200] {logging_mixin.py:115} INFO - [2023-02-10T21:56:36.509+0200] {dag.py:2977} INFO - Setting next_dagrun for example_external_task_marker_parent to None, run_after=None
[2023-02-10T21:56:36.515+0200] {processor.py:161} INFO - Processing /Users/v.lytvyniuk/Documents/библиотечка/DE online1/git/de_7/lesson_07/airflow_env/lib/python3.8/site-packages/airflow/example_dags/example_external_task_marker_dag.py took 0.088 seconds
[2023-02-10T21:57:28.705+0200] {processor.py:153} INFO - Started process (PID=3303) to work on /Users/v.lytvyniuk/Documents/библиотечка/DE online1/git/de_7/lesson_07/airflow_env/lib/python3.8/site-packages/airflow/example_dags/example_external_task_marker_dag.py
[2023-02-10T21:57:28.709+0200] {processor.py:640} INFO - Processing file /Users/v.lytvyniuk/Documents/библиотечка/DE online1/git/de_7/lesson_07/airflow_env/lib/python3.8/site-packages/airflow/example_dags/example_external_task_marker_dag.py for tasks to queue
[2023-02-10T21:57:28.709+0200] {logging_mixin.py:115} INFO - [2023-02-10T21:57:28.709+0200] {dagbag.py:508} INFO - Filling up the DagBag from /Users/v.lytvyniuk/Documents/библиотечка/DE online1/git/de_7/lesson_07/airflow_env/lib/python3.8/site-packages/airflow/example_dags/example_external_task_marker_dag.py
[2023-02-10T21:57:28.717+0200] {processor.py:650} INFO - DAG(s) dict_keys(['example_external_task_marker_parent', 'example_external_task_marker_child']) retrieved from /Users/v.lytvyniuk/Documents/библиотечка/DE online1/git/de_7/lesson_07/airflow_env/lib/python3.8/site-packages/airflow/example_dags/example_external_task_marker_dag.py
[2023-02-10T21:57:28.804+0200] {logging_mixin.py:115} INFO - [2023-02-10T21:57:28.804+0200] {dag.py:2429} INFO - Sync 2 DAGs
[2023-02-10T21:57:28.811+0200] {logging_mixin.py:115} INFO - [2023-02-10T21:57:28.811+0200] {dag.py:2977} INFO - Setting next_dagrun for example_external_task_marker_child to None, run_after=None
[2023-02-10T21:57:28.811+0200] {logging_mixin.py:115} INFO - [2023-02-10T21:57:28.811+0200] {dag.py:2977} INFO - Setting next_dagrun for example_external_task_marker_parent to None, run_after=None
[2023-02-10T21:57:28.816+0200] {processor.py:161} INFO - Processing /Users/v.lytvyniuk/Documents/библиотечка/DE online1/git/de_7/lesson_07/airflow_env/lib/python3.8/site-packages/airflow/example_dags/example_external_task_marker_dag.py took 0.111 seconds
