[2023-02-10T21:32:29.579+0200] {processor.py:153} INFO - Started process (PID=48325) to work on /Users/v.lytvyniuk/Documents/библиотечка/DE online1/git/de_7/lesson_07/airflow_env/lib/python3.8/site-packages/airflow/example_dags/example_python_operator.py
[2023-02-10T21:32:29.581+0200] {processor.py:640} INFO - Processing file /Users/v.lytvyniuk/Documents/библиотечка/DE online1/git/de_7/lesson_07/airflow_env/lib/python3.8/site-packages/airflow/example_dags/example_python_operator.py for tasks to queue
[2023-02-10T21:32:29.582+0200] {logging_mixin.py:115} INFO - [2023-02-10T21:32:29.581+0200] {dagbag.py:508} INFO - Filling up the DagBag from /Users/v.lytvyniuk/Documents/библиотечка/DE online1/git/de_7/lesson_07/airflow_env/lib/python3.8/site-packages/airflow/example_dags/example_python_operator.py
[2023-02-10T21:32:29.600+0200] {processor.py:650} INFO - DAG(s) dict_keys(['example_python_operator']) retrieved from /Users/v.lytvyniuk/Documents/библиотечка/DE online1/git/de_7/lesson_07/airflow_env/lib/python3.8/site-packages/airflow/example_dags/example_python_operator.py
[2023-02-10T21:32:29.962+0200] {logging_mixin.py:115} INFO - [2023-02-10T21:32:29.962+0200] {manager.py:508} INFO - Created Permission View: can delete on DAG:example_python_operator
[2023-02-10T21:32:29.966+0200] {logging_mixin.py:115} INFO - [2023-02-10T21:32:29.965+0200] {manager.py:508} INFO - Created Permission View: can read on DAG:example_python_operator
[2023-02-10T21:32:29.968+0200] {logging_mixin.py:115} INFO - [2023-02-10T21:32:29.968+0200] {manager.py:508} INFO - Created Permission View: can edit on DAG:example_python_operator
[2023-02-10T21:32:29.968+0200] {logging_mixin.py:115} INFO - [2023-02-10T21:32:29.968+0200] {dag.py:2429} INFO - Sync 1 DAGs
[2023-02-10T21:32:29.972+0200] {logging_mixin.py:115} INFO - [2023-02-10T21:32:29.972+0200] {dag.py:2448} INFO - Creating ORM DAG for example_python_operator
[2023-02-10T21:32:29.976+0200] {logging_mixin.py:115} INFO - [2023-02-10T21:32:29.976+0200] {dag.py:2977} INFO - Setting next_dagrun for example_python_operator to None, run_after=None
[2023-02-10T21:32:29.981+0200] {processor.py:161} INFO - Processing /Users/v.lytvyniuk/Documents/библиотечка/DE online1/git/de_7/lesson_07/airflow_env/lib/python3.8/site-packages/airflow/example_dags/example_python_operator.py took 0.403 seconds
[2023-02-10T21:35:04.566+0200] {processor.py:153} INFO - Started process (PID=48799) to work on /Users/v.lytvyniuk/Documents/библиотечка/DE online1/git/de_7/lesson_07/airflow_env/lib/python3.8/site-packages/airflow/example_dags/example_python_operator.py
[2023-02-10T21:35:04.570+0200] {processor.py:640} INFO - Processing file /Users/v.lytvyniuk/Documents/библиотечка/DE online1/git/de_7/lesson_07/airflow_env/lib/python3.8/site-packages/airflow/example_dags/example_python_operator.py for tasks to queue
[2023-02-10T21:35:04.570+0200] {logging_mixin.py:115} INFO - [2023-02-10T21:35:04.570+0200] {dagbag.py:508} INFO - Filling up the DagBag from /Users/v.lytvyniuk/Documents/библиотечка/DE online1/git/de_7/lesson_07/airflow_env/lib/python3.8/site-packages/airflow/example_dags/example_python_operator.py
[2023-02-10T21:35:04.589+0200] {processor.py:650} INFO - DAG(s) dict_keys(['example_python_operator']) retrieved from /Users/v.lytvyniuk/Documents/библиотечка/DE online1/git/de_7/lesson_07/airflow_env/lib/python3.8/site-packages/airflow/example_dags/example_python_operator.py
[2023-02-10T21:35:04.621+0200] {logging_mixin.py:115} INFO - [2023-02-10T21:35:04.621+0200] {dag.py:2429} INFO - Sync 1 DAGs
[2023-02-10T21:35:04.629+0200] {logging_mixin.py:115} INFO - [2023-02-10T21:35:04.628+0200] {dag.py:2977} INFO - Setting next_dagrun for example_python_operator to None, run_after=None
[2023-02-10T21:35:04.634+0200] {processor.py:161} INFO - Processing /Users/v.lytvyniuk/Documents/библиотечка/DE online1/git/de_7/lesson_07/airflow_env/lib/python3.8/site-packages/airflow/example_dags/example_python_operator.py took 0.067 seconds
[2023-02-10T21:35:56.526+0200] {processor.py:153} INFO - Started process (PID=48933) to work on /Users/v.lytvyniuk/Documents/библиотечка/DE online1/git/de_7/lesson_07/airflow_env/lib/python3.8/site-packages/airflow/example_dags/example_python_operator.py
[2023-02-10T21:35:56.529+0200] {processor.py:640} INFO - Processing file /Users/v.lytvyniuk/Documents/библиотечка/DE online1/git/de_7/lesson_07/airflow_env/lib/python3.8/site-packages/airflow/example_dags/example_python_operator.py for tasks to queue
[2023-02-10T21:35:56.530+0200] {logging_mixin.py:115} INFO - [2023-02-10T21:35:56.529+0200] {dagbag.py:508} INFO - Filling up the DagBag from /Users/v.lytvyniuk/Documents/библиотечка/DE online1/git/de_7/lesson_07/airflow_env/lib/python3.8/site-packages/airflow/example_dags/example_python_operator.py
[2023-02-10T21:35:56.548+0200] {processor.py:650} INFO - DAG(s) dict_keys(['example_python_operator']) retrieved from /Users/v.lytvyniuk/Documents/библиотечка/DE online1/git/de_7/lesson_07/airflow_env/lib/python3.8/site-packages/airflow/example_dags/example_python_operator.py
[2023-02-10T21:35:56.579+0200] {logging_mixin.py:115} INFO - [2023-02-10T21:35:56.578+0200] {dag.py:2429} INFO - Sync 1 DAGs
[2023-02-10T21:35:56.586+0200] {logging_mixin.py:115} INFO - [2023-02-10T21:35:56.585+0200] {dag.py:2977} INFO - Setting next_dagrun for example_python_operator to None, run_after=None
[2023-02-10T21:35:56.591+0200] {processor.py:161} INFO - Processing /Users/v.lytvyniuk/Documents/библиотечка/DE online1/git/de_7/lesson_07/airflow_env/lib/python3.8/site-packages/airflow/example_dags/example_python_operator.py took 0.065 seconds
[2023-02-10T21:36:47.406+0200] {processor.py:153} INFO - Started process (PID=49097) to work on /Users/v.lytvyniuk/Documents/библиотечка/DE online1/git/de_7/lesson_07/airflow_env/lib/python3.8/site-packages/airflow/example_dags/example_python_operator.py
[2023-02-10T21:36:47.410+0200] {processor.py:640} INFO - Processing file /Users/v.lytvyniuk/Documents/библиотечка/DE online1/git/de_7/lesson_07/airflow_env/lib/python3.8/site-packages/airflow/example_dags/example_python_operator.py for tasks to queue
[2023-02-10T21:36:47.410+0200] {logging_mixin.py:115} INFO - [2023-02-10T21:36:47.410+0200] {dagbag.py:508} INFO - Filling up the DagBag from /Users/v.lytvyniuk/Documents/библиотечка/DE online1/git/de_7/lesson_07/airflow_env/lib/python3.8/site-packages/airflow/example_dags/example_python_operator.py
[2023-02-10T21:36:47.434+0200] {processor.py:650} INFO - DAG(s) dict_keys(['example_python_operator']) retrieved from /Users/v.lytvyniuk/Documents/библиотечка/DE online1/git/de_7/lesson_07/airflow_env/lib/python3.8/site-packages/airflow/example_dags/example_python_operator.py
[2023-02-10T21:36:47.475+0200] {logging_mixin.py:115} INFO - [2023-02-10T21:36:47.475+0200] {dag.py:2429} INFO - Sync 1 DAGs
[2023-02-10T21:36:47.485+0200] {logging_mixin.py:115} INFO - [2023-02-10T21:36:47.485+0200] {dag.py:2977} INFO - Setting next_dagrun for example_python_operator to None, run_after=None
[2023-02-10T21:36:47.491+0200] {processor.py:161} INFO - Processing /Users/v.lytvyniuk/Documents/библиотечка/DE online1/git/de_7/lesson_07/airflow_env/lib/python3.8/site-packages/airflow/example_dags/example_python_operator.py took 0.085 seconds
[2023-02-10T21:37:37.192+0200] {processor.py:153} INFO - Started process (PID=49220) to work on /Users/v.lytvyniuk/Documents/библиотечка/DE online1/git/de_7/lesson_07/airflow_env/lib/python3.8/site-packages/airflow/example_dags/example_python_operator.py
[2023-02-10T21:37:37.195+0200] {processor.py:640} INFO - Processing file /Users/v.lytvyniuk/Documents/библиотечка/DE online1/git/de_7/lesson_07/airflow_env/lib/python3.8/site-packages/airflow/example_dags/example_python_operator.py for tasks to queue
[2023-02-10T21:37:37.195+0200] {logging_mixin.py:115} INFO - [2023-02-10T21:37:37.195+0200] {dagbag.py:508} INFO - Filling up the DagBag from /Users/v.lytvyniuk/Documents/библиотечка/DE online1/git/de_7/lesson_07/airflow_env/lib/python3.8/site-packages/airflow/example_dags/example_python_operator.py
[2023-02-10T21:37:37.214+0200] {processor.py:650} INFO - DAG(s) dict_keys(['example_python_operator']) retrieved from /Users/v.lytvyniuk/Documents/библиотечка/DE online1/git/de_7/lesson_07/airflow_env/lib/python3.8/site-packages/airflow/example_dags/example_python_operator.py
[2023-02-10T21:37:37.246+0200] {logging_mixin.py:115} INFO - [2023-02-10T21:37:37.246+0200] {dag.py:2429} INFO - Sync 1 DAGs
[2023-02-10T21:37:37.253+0200] {logging_mixin.py:115} INFO - [2023-02-10T21:37:37.253+0200] {dag.py:2977} INFO - Setting next_dagrun for example_python_operator to None, run_after=None
[2023-02-10T21:37:37.259+0200] {processor.py:161} INFO - Processing /Users/v.lytvyniuk/Documents/библиотечка/DE online1/git/de_7/lesson_07/airflow_env/lib/python3.8/site-packages/airflow/example_dags/example_python_operator.py took 0.067 seconds
[2023-02-10T21:38:26.901+0200] {processor.py:153} INFO - Started process (PID=49357) to work on /Users/v.lytvyniuk/Documents/библиотечка/DE online1/git/de_7/lesson_07/airflow_env/lib/python3.8/site-packages/airflow/example_dags/example_python_operator.py
[2023-02-10T21:38:26.903+0200] {processor.py:640} INFO - Processing file /Users/v.lytvyniuk/Documents/библиотечка/DE online1/git/de_7/lesson_07/airflow_env/lib/python3.8/site-packages/airflow/example_dags/example_python_operator.py for tasks to queue
[2023-02-10T21:38:26.904+0200] {logging_mixin.py:115} INFO - [2023-02-10T21:38:26.904+0200] {dagbag.py:508} INFO - Filling up the DagBag from /Users/v.lytvyniuk/Documents/библиотечка/DE online1/git/de_7/lesson_07/airflow_env/lib/python3.8/site-packages/airflow/example_dags/example_python_operator.py
[2023-02-10T21:38:26.924+0200] {processor.py:650} INFO - DAG(s) dict_keys(['example_python_operator']) retrieved from /Users/v.lytvyniuk/Documents/библиотечка/DE online1/git/de_7/lesson_07/airflow_env/lib/python3.8/site-packages/airflow/example_dags/example_python_operator.py
[2023-02-10T21:38:26.957+0200] {logging_mixin.py:115} INFO - [2023-02-10T21:38:26.957+0200] {dag.py:2429} INFO - Sync 1 DAGs
[2023-02-10T21:38:26.965+0200] {logging_mixin.py:115} INFO - [2023-02-10T21:38:26.965+0200] {dag.py:2977} INFO - Setting next_dagrun for example_python_operator to None, run_after=None
[2023-02-10T21:38:26.970+0200] {processor.py:161} INFO - Processing /Users/v.lytvyniuk/Documents/библиотечка/DE online1/git/de_7/lesson_07/airflow_env/lib/python3.8/site-packages/airflow/example_dags/example_python_operator.py took 0.070 seconds
[2023-02-10T21:39:16.753+0200] {processor.py:153} INFO - Started process (PID=49539) to work on /Users/v.lytvyniuk/Documents/библиотечка/DE online1/git/de_7/lesson_07/airflow_env/lib/python3.8/site-packages/airflow/example_dags/example_python_operator.py
[2023-02-10T21:39:16.756+0200] {processor.py:640} INFO - Processing file /Users/v.lytvyniuk/Documents/библиотечка/DE online1/git/de_7/lesson_07/airflow_env/lib/python3.8/site-packages/airflow/example_dags/example_python_operator.py for tasks to queue
[2023-02-10T21:39:16.757+0200] {logging_mixin.py:115} INFO - [2023-02-10T21:39:16.757+0200] {dagbag.py:508} INFO - Filling up the DagBag from /Users/v.lytvyniuk/Documents/библиотечка/DE online1/git/de_7/lesson_07/airflow_env/lib/python3.8/site-packages/airflow/example_dags/example_python_operator.py
[2023-02-10T21:39:16.775+0200] {processor.py:650} INFO - DAG(s) dict_keys(['example_python_operator']) retrieved from /Users/v.lytvyniuk/Documents/библиотечка/DE online1/git/de_7/lesson_07/airflow_env/lib/python3.8/site-packages/airflow/example_dags/example_python_operator.py
[2023-02-10T21:39:16.806+0200] {logging_mixin.py:115} INFO - [2023-02-10T21:39:16.806+0200] {dag.py:2429} INFO - Sync 1 DAGs
[2023-02-10T21:39:16.813+0200] {logging_mixin.py:115} INFO - [2023-02-10T21:39:16.813+0200] {dag.py:2977} INFO - Setting next_dagrun for example_python_operator to None, run_after=None
[2023-02-10T21:39:16.818+0200] {processor.py:161} INFO - Processing /Users/v.lytvyniuk/Documents/библиотечка/DE online1/git/de_7/lesson_07/airflow_env/lib/python3.8/site-packages/airflow/example_dags/example_python_operator.py took 0.065 seconds
[2023-02-10T21:40:06.705+0200] {processor.py:153} INFO - Started process (PID=49700) to work on /Users/v.lytvyniuk/Documents/библиотечка/DE online1/git/de_7/lesson_07/airflow_env/lib/python3.8/site-packages/airflow/example_dags/example_python_operator.py
[2023-02-10T21:40:06.709+0200] {processor.py:640} INFO - Processing file /Users/v.lytvyniuk/Documents/библиотечка/DE online1/git/de_7/lesson_07/airflow_env/lib/python3.8/site-packages/airflow/example_dags/example_python_operator.py for tasks to queue
[2023-02-10T21:40:06.709+0200] {logging_mixin.py:115} INFO - [2023-02-10T21:40:06.709+0200] {dagbag.py:508} INFO - Filling up the DagBag from /Users/v.lytvyniuk/Documents/библиотечка/DE online1/git/de_7/lesson_07/airflow_env/lib/python3.8/site-packages/airflow/example_dags/example_python_operator.py
[2023-02-10T21:40:06.728+0200] {processor.py:650} INFO - DAG(s) dict_keys(['example_python_operator']) retrieved from /Users/v.lytvyniuk/Documents/библиотечка/DE online1/git/de_7/lesson_07/airflow_env/lib/python3.8/site-packages/airflow/example_dags/example_python_operator.py
[2023-02-10T21:40:06.759+0200] {logging_mixin.py:115} INFO - [2023-02-10T21:40:06.758+0200] {dag.py:2429} INFO - Sync 1 DAGs
[2023-02-10T21:40:06.766+0200] {logging_mixin.py:115} INFO - [2023-02-10T21:40:06.766+0200] {dag.py:2977} INFO - Setting next_dagrun for example_python_operator to None, run_after=None
[2023-02-10T21:40:06.771+0200] {processor.py:161} INFO - Processing /Users/v.lytvyniuk/Documents/библиотечка/DE online1/git/de_7/lesson_07/airflow_env/lib/python3.8/site-packages/airflow/example_dags/example_python_operator.py took 0.066 seconds
[2023-02-10T21:40:57.728+0200] {processor.py:153} INFO - Started process (PID=49845) to work on /Users/v.lytvyniuk/Documents/библиотечка/DE online1/git/de_7/lesson_07/airflow_env/lib/python3.8/site-packages/airflow/example_dags/example_python_operator.py
[2023-02-10T21:40:57.731+0200] {processor.py:640} INFO - Processing file /Users/v.lytvyniuk/Documents/библиотечка/DE online1/git/de_7/lesson_07/airflow_env/lib/python3.8/site-packages/airflow/example_dags/example_python_operator.py for tasks to queue
[2023-02-10T21:40:57.731+0200] {logging_mixin.py:115} INFO - [2023-02-10T21:40:57.731+0200] {dagbag.py:508} INFO - Filling up the DagBag from /Users/v.lytvyniuk/Documents/библиотечка/DE online1/git/de_7/lesson_07/airflow_env/lib/python3.8/site-packages/airflow/example_dags/example_python_operator.py
[2023-02-10T21:40:57.750+0200] {processor.py:650} INFO - DAG(s) dict_keys(['example_python_operator']) retrieved from /Users/v.lytvyniuk/Documents/библиотечка/DE online1/git/de_7/lesson_07/airflow_env/lib/python3.8/site-packages/airflow/example_dags/example_python_operator.py
[2023-02-10T21:40:57.780+0200] {logging_mixin.py:115} INFO - [2023-02-10T21:40:57.779+0200] {dag.py:2429} INFO - Sync 1 DAGs
[2023-02-10T21:40:57.786+0200] {logging_mixin.py:115} INFO - [2023-02-10T21:40:57.786+0200] {dag.py:2977} INFO - Setting next_dagrun for example_python_operator to None, run_after=None
[2023-02-10T21:40:57.792+0200] {processor.py:161} INFO - Processing /Users/v.lytvyniuk/Documents/библиотечка/DE online1/git/de_7/lesson_07/airflow_env/lib/python3.8/site-packages/airflow/example_dags/example_python_operator.py took 0.064 seconds
[2023-02-10T21:41:47.073+0200] {processor.py:153} INFO - Started process (PID=49977) to work on /Users/v.lytvyniuk/Documents/библиотечка/DE online1/git/de_7/lesson_07/airflow_env/lib/python3.8/site-packages/airflow/example_dags/example_python_operator.py
[2023-02-10T21:41:47.076+0200] {processor.py:640} INFO - Processing file /Users/v.lytvyniuk/Documents/библиотечка/DE online1/git/de_7/lesson_07/airflow_env/lib/python3.8/site-packages/airflow/example_dags/example_python_operator.py for tasks to queue
[2023-02-10T21:41:47.076+0200] {logging_mixin.py:115} INFO - [2023-02-10T21:41:47.076+0200] {dagbag.py:508} INFO - Filling up the DagBag from /Users/v.lytvyniuk/Documents/библиотечка/DE online1/git/de_7/lesson_07/airflow_env/lib/python3.8/site-packages/airflow/example_dags/example_python_operator.py
[2023-02-10T21:41:47.095+0200] {processor.py:650} INFO - DAG(s) dict_keys(['example_python_operator']) retrieved from /Users/v.lytvyniuk/Documents/библиотечка/DE online1/git/de_7/lesson_07/airflow_env/lib/python3.8/site-packages/airflow/example_dags/example_python_operator.py
[2023-02-10T21:41:47.127+0200] {logging_mixin.py:115} INFO - [2023-02-10T21:41:47.126+0200] {dag.py:2429} INFO - Sync 1 DAGs
[2023-02-10T21:41:47.134+0200] {logging_mixin.py:115} INFO - [2023-02-10T21:41:47.134+0200] {dag.py:2977} INFO - Setting next_dagrun for example_python_operator to None, run_after=None
[2023-02-10T21:41:47.139+0200] {processor.py:161} INFO - Processing /Users/v.lytvyniuk/Documents/библиотечка/DE online1/git/de_7/lesson_07/airflow_env/lib/python3.8/site-packages/airflow/example_dags/example_python_operator.py took 0.067 seconds
[2023-02-10T21:42:39.285+0200] {processor.py:153} INFO - Started process (PID=50108) to work on /Users/v.lytvyniuk/Documents/библиотечка/DE online1/git/de_7/lesson_07/airflow_env/lib/python3.8/site-packages/airflow/example_dags/example_python_operator.py
[2023-02-10T21:42:39.288+0200] {processor.py:640} INFO - Processing file /Users/v.lytvyniuk/Documents/библиотечка/DE online1/git/de_7/lesson_07/airflow_env/lib/python3.8/site-packages/airflow/example_dags/example_python_operator.py for tasks to queue
[2023-02-10T21:42:39.288+0200] {logging_mixin.py:115} INFO - [2023-02-10T21:42:39.288+0200] {dagbag.py:508} INFO - Filling up the DagBag from /Users/v.lytvyniuk/Documents/библиотечка/DE online1/git/de_7/lesson_07/airflow_env/lib/python3.8/site-packages/airflow/example_dags/example_python_operator.py
[2023-02-10T21:42:39.309+0200] {processor.py:650} INFO - DAG(s) dict_keys(['example_python_operator']) retrieved from /Users/v.lytvyniuk/Documents/библиотечка/DE online1/git/de_7/lesson_07/airflow_env/lib/python3.8/site-packages/airflow/example_dags/example_python_operator.py
[2023-02-10T21:42:39.343+0200] {logging_mixin.py:115} INFO - [2023-02-10T21:42:39.342+0200] {dag.py:2429} INFO - Sync 1 DAGs
[2023-02-10T21:42:39.351+0200] {logging_mixin.py:115} INFO - [2023-02-10T21:42:39.351+0200] {dag.py:2977} INFO - Setting next_dagrun for example_python_operator to None, run_after=None
[2023-02-10T21:42:39.357+0200] {processor.py:161} INFO - Processing /Users/v.lytvyniuk/Documents/библиотечка/DE online1/git/de_7/lesson_07/airflow_env/lib/python3.8/site-packages/airflow/example_dags/example_python_operator.py took 0.072 seconds
[2023-02-10T21:43:29.157+0200] {processor.py:153} INFO - Started process (PID=50248) to work on /Users/v.lytvyniuk/Documents/библиотечка/DE online1/git/de_7/lesson_07/airflow_env/lib/python3.8/site-packages/airflow/example_dags/example_python_operator.py
[2023-02-10T21:43:29.161+0200] {processor.py:640} INFO - Processing file /Users/v.lytvyniuk/Documents/библиотечка/DE online1/git/de_7/lesson_07/airflow_env/lib/python3.8/site-packages/airflow/example_dags/example_python_operator.py for tasks to queue
[2023-02-10T21:43:29.161+0200] {logging_mixin.py:115} INFO - [2023-02-10T21:43:29.161+0200] {dagbag.py:508} INFO - Filling up the DagBag from /Users/v.lytvyniuk/Documents/библиотечка/DE online1/git/de_7/lesson_07/airflow_env/lib/python3.8/site-packages/airflow/example_dags/example_python_operator.py
[2023-02-10T21:43:29.179+0200] {processor.py:650} INFO - DAG(s) dict_keys(['example_python_operator']) retrieved from /Users/v.lytvyniuk/Documents/библиотечка/DE online1/git/de_7/lesson_07/airflow_env/lib/python3.8/site-packages/airflow/example_dags/example_python_operator.py
[2023-02-10T21:43:29.210+0200] {logging_mixin.py:115} INFO - [2023-02-10T21:43:29.210+0200] {dag.py:2429} INFO - Sync 1 DAGs
[2023-02-10T21:43:29.217+0200] {logging_mixin.py:115} INFO - [2023-02-10T21:43:29.217+0200] {dag.py:2977} INFO - Setting next_dagrun for example_python_operator to None, run_after=None
[2023-02-10T21:43:29.223+0200] {processor.py:161} INFO - Processing /Users/v.lytvyniuk/Documents/библиотечка/DE online1/git/de_7/lesson_07/airflow_env/lib/python3.8/site-packages/airflow/example_dags/example_python_operator.py took 0.066 seconds
[2023-02-10T21:44:20.696+0200] {processor.py:153} INFO - Started process (PID=50386) to work on /Users/v.lytvyniuk/Documents/библиотечка/DE online1/git/de_7/lesson_07/airflow_env/lib/python3.8/site-packages/airflow/example_dags/example_python_operator.py
[2023-02-10T21:44:20.700+0200] {processor.py:640} INFO - Processing file /Users/v.lytvyniuk/Documents/библиотечка/DE online1/git/de_7/lesson_07/airflow_env/lib/python3.8/site-packages/airflow/example_dags/example_python_operator.py for tasks to queue
[2023-02-10T21:44:20.700+0200] {logging_mixin.py:115} INFO - [2023-02-10T21:44:20.700+0200] {dagbag.py:508} INFO - Filling up the DagBag from /Users/v.lytvyniuk/Documents/библиотечка/DE online1/git/de_7/lesson_07/airflow_env/lib/python3.8/site-packages/airflow/example_dags/example_python_operator.py
[2023-02-10T21:44:20.719+0200] {processor.py:650} INFO - DAG(s) dict_keys(['example_python_operator']) retrieved from /Users/v.lytvyniuk/Documents/библиотечка/DE online1/git/de_7/lesson_07/airflow_env/lib/python3.8/site-packages/airflow/example_dags/example_python_operator.py
[2023-02-10T21:44:20.757+0200] {logging_mixin.py:115} INFO - [2023-02-10T21:44:20.757+0200] {dag.py:2429} INFO - Sync 1 DAGs
[2023-02-10T21:44:20.766+0200] {logging_mixin.py:115} INFO - [2023-02-10T21:44:20.766+0200] {dag.py:2977} INFO - Setting next_dagrun for example_python_operator to None, run_after=None
[2023-02-10T21:44:20.773+0200] {processor.py:161} INFO - Processing /Users/v.lytvyniuk/Documents/библиотечка/DE online1/git/de_7/lesson_07/airflow_env/lib/python3.8/site-packages/airflow/example_dags/example_python_operator.py took 0.077 seconds
[2023-02-10T21:45:11.429+0200] {processor.py:153} INFO - Started process (PID=50889) to work on /Users/v.lytvyniuk/Documents/библиотечка/DE online1/git/de_7/lesson_07/airflow_env/lib/python3.8/site-packages/airflow/example_dags/example_python_operator.py
[2023-02-10T21:45:11.432+0200] {processor.py:640} INFO - Processing file /Users/v.lytvyniuk/Documents/библиотечка/DE online1/git/de_7/lesson_07/airflow_env/lib/python3.8/site-packages/airflow/example_dags/example_python_operator.py for tasks to queue
[2023-02-10T21:45:11.432+0200] {logging_mixin.py:115} INFO - [2023-02-10T21:45:11.432+0200] {dagbag.py:508} INFO - Filling up the DagBag from /Users/v.lytvyniuk/Documents/библиотечка/DE online1/git/de_7/lesson_07/airflow_env/lib/python3.8/site-packages/airflow/example_dags/example_python_operator.py
[2023-02-10T21:45:11.450+0200] {processor.py:650} INFO - DAG(s) dict_keys(['example_python_operator']) retrieved from /Users/v.lytvyniuk/Documents/библиотечка/DE online1/git/de_7/lesson_07/airflow_env/lib/python3.8/site-packages/airflow/example_dags/example_python_operator.py
[2023-02-10T21:45:11.481+0200] {logging_mixin.py:115} INFO - [2023-02-10T21:45:11.481+0200] {dag.py:2429} INFO - Sync 1 DAGs
[2023-02-10T21:45:11.488+0200] {logging_mixin.py:115} INFO - [2023-02-10T21:45:11.488+0200] {dag.py:2977} INFO - Setting next_dagrun for example_python_operator to None, run_after=None
[2023-02-10T21:45:11.494+0200] {processor.py:161} INFO - Processing /Users/v.lytvyniuk/Documents/библиотечка/DE online1/git/de_7/lesson_07/airflow_env/lib/python3.8/site-packages/airflow/example_dags/example_python_operator.py took 0.065 seconds
[2023-02-10T21:46:03.956+0200] {processor.py:153} INFO - Started process (PID=51033) to work on /Users/v.lytvyniuk/Documents/библиотечка/DE online1/git/de_7/lesson_07/airflow_env/lib/python3.8/site-packages/airflow/example_dags/example_python_operator.py
[2023-02-10T21:46:03.960+0200] {processor.py:640} INFO - Processing file /Users/v.lytvyniuk/Documents/библиотечка/DE online1/git/de_7/lesson_07/airflow_env/lib/python3.8/site-packages/airflow/example_dags/example_python_operator.py for tasks to queue
[2023-02-10T21:46:03.960+0200] {logging_mixin.py:115} INFO - [2023-02-10T21:46:03.960+0200] {dagbag.py:508} INFO - Filling up the DagBag from /Users/v.lytvyniuk/Documents/библиотечка/DE online1/git/de_7/lesson_07/airflow_env/lib/python3.8/site-packages/airflow/example_dags/example_python_operator.py
[2023-02-10T21:46:03.979+0200] {processor.py:650} INFO - DAG(s) dict_keys(['example_python_operator']) retrieved from /Users/v.lytvyniuk/Documents/библиотечка/DE online1/git/de_7/lesson_07/airflow_env/lib/python3.8/site-packages/airflow/example_dags/example_python_operator.py
[2023-02-10T21:46:04.009+0200] {logging_mixin.py:115} INFO - [2023-02-10T21:46:04.009+0200] {dag.py:2429} INFO - Sync 1 DAGs
[2023-02-10T21:46:04.017+0200] {logging_mixin.py:115} INFO - [2023-02-10T21:46:04.017+0200] {dag.py:2977} INFO - Setting next_dagrun for example_python_operator to None, run_after=None
[2023-02-10T21:46:04.022+0200] {processor.py:161} INFO - Processing /Users/v.lytvyniuk/Documents/библиотечка/DE online1/git/de_7/lesson_07/airflow_env/lib/python3.8/site-packages/airflow/example_dags/example_python_operator.py took 0.066 seconds
[2023-02-10T21:46:54.642+0200] {processor.py:153} INFO - Started process (PID=51163) to work on /Users/v.lytvyniuk/Documents/библиотечка/DE online1/git/de_7/lesson_07/airflow_env/lib/python3.8/site-packages/airflow/example_dags/example_python_operator.py
[2023-02-10T21:46:54.645+0200] {processor.py:640} INFO - Processing file /Users/v.lytvyniuk/Documents/библиотечка/DE online1/git/de_7/lesson_07/airflow_env/lib/python3.8/site-packages/airflow/example_dags/example_python_operator.py for tasks to queue
[2023-02-10T21:46:54.646+0200] {logging_mixin.py:115} INFO - [2023-02-10T21:46:54.646+0200] {dagbag.py:508} INFO - Filling up the DagBag from /Users/v.lytvyniuk/Documents/библиотечка/DE online1/git/de_7/lesson_07/airflow_env/lib/python3.8/site-packages/airflow/example_dags/example_python_operator.py
[2023-02-10T21:46:54.665+0200] {processor.py:650} INFO - DAG(s) dict_keys(['example_python_operator']) retrieved from /Users/v.lytvyniuk/Documents/библиотечка/DE online1/git/de_7/lesson_07/airflow_env/lib/python3.8/site-packages/airflow/example_dags/example_python_operator.py
[2023-02-10T21:46:54.697+0200] {logging_mixin.py:115} INFO - [2023-02-10T21:46:54.697+0200] {dag.py:2429} INFO - Sync 1 DAGs
[2023-02-10T21:46:54.704+0200] {logging_mixin.py:115} INFO - [2023-02-10T21:46:54.704+0200] {dag.py:2977} INFO - Setting next_dagrun for example_python_operator to None, run_after=None
[2023-02-10T21:46:54.710+0200] {processor.py:161} INFO - Processing /Users/v.lytvyniuk/Documents/библиотечка/DE online1/git/de_7/lesson_07/airflow_env/lib/python3.8/site-packages/airflow/example_dags/example_python_operator.py took 0.069 seconds
[2023-02-10T21:47:44.445+0200] {processor.py:153} INFO - Started process (PID=51908) to work on /Users/v.lytvyniuk/Documents/библиотечка/DE online1/git/de_7/lesson_07/airflow_env/lib/python3.8/site-packages/airflow/example_dags/example_python_operator.py
[2023-02-10T21:47:44.450+0200] {processor.py:640} INFO - Processing file /Users/v.lytvyniuk/Documents/библиотечка/DE online1/git/de_7/lesson_07/airflow_env/lib/python3.8/site-packages/airflow/example_dags/example_python_operator.py for tasks to queue
[2023-02-10T21:47:44.451+0200] {logging_mixin.py:115} INFO - [2023-02-10T21:47:44.450+0200] {dagbag.py:508} INFO - Filling up the DagBag from /Users/v.lytvyniuk/Documents/библиотечка/DE online1/git/de_7/lesson_07/airflow_env/lib/python3.8/site-packages/airflow/example_dags/example_python_operator.py
[2023-02-10T21:47:44.469+0200] {processor.py:650} INFO - DAG(s) dict_keys(['example_python_operator']) retrieved from /Users/v.lytvyniuk/Documents/библиотечка/DE online1/git/de_7/lesson_07/airflow_env/lib/python3.8/site-packages/airflow/example_dags/example_python_operator.py
[2023-02-10T21:47:44.499+0200] {logging_mixin.py:115} INFO - [2023-02-10T21:47:44.499+0200] {dag.py:2429} INFO - Sync 1 DAGs
[2023-02-10T21:47:44.506+0200] {logging_mixin.py:115} INFO - [2023-02-10T21:47:44.506+0200] {dag.py:2977} INFO - Setting next_dagrun for example_python_operator to None, run_after=None
[2023-02-10T21:47:44.511+0200] {processor.py:161} INFO - Processing /Users/v.lytvyniuk/Documents/библиотечка/DE online1/git/de_7/lesson_07/airflow_env/lib/python3.8/site-packages/airflow/example_dags/example_python_operator.py took 0.066 seconds
[2023-02-10T21:53:50.487+0200] {processor.py:153} INFO - Started process (PID=2556) to work on /Users/v.lytvyniuk/Documents/библиотечка/DE online1/git/de_7/lesson_07/airflow_env/lib/python3.8/site-packages/airflow/example_dags/example_python_operator.py
[2023-02-10T21:53:50.491+0200] {processor.py:640} INFO - Processing file /Users/v.lytvyniuk/Documents/библиотечка/DE online1/git/de_7/lesson_07/airflow_env/lib/python3.8/site-packages/airflow/example_dags/example_python_operator.py for tasks to queue
[2023-02-10T21:53:50.492+0200] {logging_mixin.py:115} INFO - [2023-02-10T21:53:50.492+0200] {dagbag.py:508} INFO - Filling up the DagBag from /Users/v.lytvyniuk/Documents/библиотечка/DE online1/git/de_7/lesson_07/airflow_env/lib/python3.8/site-packages/airflow/example_dags/example_python_operator.py
[2023-02-10T21:53:50.512+0200] {processor.py:650} INFO - DAG(s) dict_keys(['example_python_operator']) retrieved from /Users/v.lytvyniuk/Documents/библиотечка/DE online1/git/de_7/lesson_07/airflow_env/lib/python3.8/site-packages/airflow/example_dags/example_python_operator.py
[2023-02-10T21:53:50.545+0200] {logging_mixin.py:115} INFO - [2023-02-10T21:53:50.545+0200] {dag.py:2429} INFO - Sync 1 DAGs
[2023-02-10T21:53:50.552+0200] {logging_mixin.py:115} INFO - [2023-02-10T21:53:50.552+0200] {dag.py:2977} INFO - Setting next_dagrun for example_python_operator to None, run_after=None
[2023-02-10T21:53:50.558+0200] {processor.py:161} INFO - Processing /Users/v.lytvyniuk/Documents/библиотечка/DE online1/git/de_7/lesson_07/airflow_env/lib/python3.8/site-packages/airflow/example_dags/example_python_operator.py took 0.071 seconds
[2023-02-10T21:54:43.841+0200] {processor.py:153} INFO - Started process (PID=2764) to work on /Users/v.lytvyniuk/Documents/библиотечка/DE online1/git/de_7/lesson_07/airflow_env/lib/python3.8/site-packages/airflow/example_dags/example_python_operator.py
[2023-02-10T21:54:43.844+0200] {processor.py:640} INFO - Processing file /Users/v.lytvyniuk/Documents/библиотечка/DE online1/git/de_7/lesson_07/airflow_env/lib/python3.8/site-packages/airflow/example_dags/example_python_operator.py for tasks to queue
[2023-02-10T21:54:43.844+0200] {logging_mixin.py:115} INFO - [2023-02-10T21:54:43.844+0200] {dagbag.py:508} INFO - Filling up the DagBag from /Users/v.lytvyniuk/Documents/библиотечка/DE online1/git/de_7/lesson_07/airflow_env/lib/python3.8/site-packages/airflow/example_dags/example_python_operator.py
[2023-02-10T21:54:43.866+0200] {processor.py:650} INFO - DAG(s) dict_keys(['example_python_operator']) retrieved from /Users/v.lytvyniuk/Documents/библиотечка/DE online1/git/de_7/lesson_07/airflow_env/lib/python3.8/site-packages/airflow/example_dags/example_python_operator.py
[2023-02-10T21:54:43.901+0200] {logging_mixin.py:115} INFO - [2023-02-10T21:54:43.900+0200] {dag.py:2429} INFO - Sync 1 DAGs
[2023-02-10T21:54:43.909+0200] {logging_mixin.py:115} INFO - [2023-02-10T21:54:43.909+0200] {dag.py:2977} INFO - Setting next_dagrun for example_python_operator to None, run_after=None
[2023-02-10T21:54:43.916+0200] {processor.py:161} INFO - Processing /Users/v.lytvyniuk/Documents/библиотечка/DE online1/git/de_7/lesson_07/airflow_env/lib/python3.8/site-packages/airflow/example_dags/example_python_operator.py took 0.075 seconds
[2023-02-10T21:55:33.582+0200] {processor.py:153} INFO - Started process (PID=2945) to work on /Users/v.lytvyniuk/Documents/библиотечка/DE online1/git/de_7/lesson_07/airflow_env/lib/python3.8/site-packages/airflow/example_dags/example_python_operator.py
[2023-02-10T21:55:33.585+0200] {processor.py:640} INFO - Processing file /Users/v.lytvyniuk/Documents/библиотечка/DE online1/git/de_7/lesson_07/airflow_env/lib/python3.8/site-packages/airflow/example_dags/example_python_operator.py for tasks to queue
[2023-02-10T21:55:33.585+0200] {logging_mixin.py:115} INFO - [2023-02-10T21:55:33.585+0200] {dagbag.py:508} INFO - Filling up the DagBag from /Users/v.lytvyniuk/Documents/библиотечка/DE online1/git/de_7/lesson_07/airflow_env/lib/python3.8/site-packages/airflow/example_dags/example_python_operator.py
[2023-02-10T21:55:33.604+0200] {processor.py:650} INFO - DAG(s) dict_keys(['example_python_operator']) retrieved from /Users/v.lytvyniuk/Documents/библиотечка/DE online1/git/de_7/lesson_07/airflow_env/lib/python3.8/site-packages/airflow/example_dags/example_python_operator.py
[2023-02-10T21:55:33.635+0200] {logging_mixin.py:115} INFO - [2023-02-10T21:55:33.635+0200] {dag.py:2429} INFO - Sync 1 DAGs
[2023-02-10T21:55:33.642+0200] {logging_mixin.py:115} INFO - [2023-02-10T21:55:33.642+0200] {dag.py:2977} INFO - Setting next_dagrun for example_python_operator to None, run_after=None
[2023-02-10T21:55:33.649+0200] {processor.py:161} INFO - Processing /Users/v.lytvyniuk/Documents/библиотечка/DE online1/git/de_7/lesson_07/airflow_env/lib/python3.8/site-packages/airflow/example_dags/example_python_operator.py took 0.068 seconds
[2023-02-10T21:56:26.876+0200] {processor.py:153} INFO - Started process (PID=3113) to work on /Users/v.lytvyniuk/Documents/библиотечка/DE online1/git/de_7/lesson_07/airflow_env/lib/python3.8/site-packages/airflow/example_dags/example_python_operator.py
[2023-02-10T21:56:26.880+0200] {processor.py:640} INFO - Processing file /Users/v.lytvyniuk/Documents/библиотечка/DE online1/git/de_7/lesson_07/airflow_env/lib/python3.8/site-packages/airflow/example_dags/example_python_operator.py for tasks to queue
[2023-02-10T21:56:26.880+0200] {logging_mixin.py:115} INFO - [2023-02-10T21:56:26.880+0200] {dagbag.py:508} INFO - Filling up the DagBag from /Users/v.lytvyniuk/Documents/библиотечка/DE online1/git/de_7/lesson_07/airflow_env/lib/python3.8/site-packages/airflow/example_dags/example_python_operator.py
[2023-02-10T21:56:26.899+0200] {processor.py:650} INFO - DAG(s) dict_keys(['example_python_operator']) retrieved from /Users/v.lytvyniuk/Documents/библиотечка/DE online1/git/de_7/lesson_07/airflow_env/lib/python3.8/site-packages/airflow/example_dags/example_python_operator.py
[2023-02-10T21:56:26.930+0200] {logging_mixin.py:115} INFO - [2023-02-10T21:56:26.930+0200] {dag.py:2429} INFO - Sync 1 DAGs
[2023-02-10T21:56:26.937+0200] {logging_mixin.py:115} INFO - [2023-02-10T21:56:26.937+0200] {dag.py:2977} INFO - Setting next_dagrun for example_python_operator to None, run_after=None
[2023-02-10T21:56:26.942+0200] {processor.py:161} INFO - Processing /Users/v.lytvyniuk/Documents/библиотечка/DE online1/git/de_7/lesson_07/airflow_env/lib/python3.8/site-packages/airflow/example_dags/example_python_operator.py took 0.066 seconds
[2023-02-10T21:57:18.555+0200] {processor.py:153} INFO - Started process (PID=3272) to work on /Users/v.lytvyniuk/Documents/библиотечка/DE online1/git/de_7/lesson_07/airflow_env/lib/python3.8/site-packages/airflow/example_dags/example_python_operator.py
[2023-02-10T21:57:18.558+0200] {processor.py:640} INFO - Processing file /Users/v.lytvyniuk/Documents/библиотечка/DE online1/git/de_7/lesson_07/airflow_env/lib/python3.8/site-packages/airflow/example_dags/example_python_operator.py for tasks to queue
[2023-02-10T21:57:18.559+0200] {logging_mixin.py:115} INFO - [2023-02-10T21:57:18.559+0200] {dagbag.py:508} INFO - Filling up the DagBag from /Users/v.lytvyniuk/Documents/библиотечка/DE online1/git/de_7/lesson_07/airflow_env/lib/python3.8/site-packages/airflow/example_dags/example_python_operator.py
[2023-02-10T21:57:18.578+0200] {processor.py:650} INFO - DAG(s) dict_keys(['example_python_operator']) retrieved from /Users/v.lytvyniuk/Documents/библиотечка/DE online1/git/de_7/lesson_07/airflow_env/lib/python3.8/site-packages/airflow/example_dags/example_python_operator.py
[2023-02-10T21:57:18.608+0200] {logging_mixin.py:115} INFO - [2023-02-10T21:57:18.608+0200] {dag.py:2429} INFO - Sync 1 DAGs
[2023-02-10T21:57:18.615+0200] {logging_mixin.py:115} INFO - [2023-02-10T21:57:18.615+0200] {dag.py:2977} INFO - Setting next_dagrun for example_python_operator to None, run_after=None
[2023-02-10T21:57:18.620+0200] {processor.py:161} INFO - Processing /Users/v.lytvyniuk/Documents/библиотечка/DE online1/git/de_7/lesson_07/airflow_env/lib/python3.8/site-packages/airflow/example_dags/example_python_operator.py took 0.066 seconds
