[2023-02-10T21:32:17.420+0200] {processor.py:153} INFO - Started process (PID=48301) to work on /Users/v.lytvyniuk/Documents/библиотечка/DE online1/git/de_7/lesson_07/airflow_env/lib/python3.8/site-packages/airflow/example_dags/example_task_group_decorator.py
[2023-02-10T21:32:17.423+0200] {processor.py:640} INFO - Processing file /Users/v.lytvyniuk/Documents/библиотечка/DE online1/git/de_7/lesson_07/airflow_env/lib/python3.8/site-packages/airflow/example_dags/example_task_group_decorator.py for tasks to queue
[2023-02-10T21:32:17.423+0200] {logging_mixin.py:115} INFO - [2023-02-10T21:32:17.423+0200] {dagbag.py:508} INFO - Filling up the DagBag from /Users/v.lytvyniuk/Documents/библиотечка/DE online1/git/de_7/lesson_07/airflow_env/lib/python3.8/site-packages/airflow/example_dags/example_task_group_decorator.py
[2023-02-10T21:32:17.446+0200] {processor.py:650} INFO - DAG(s) dict_keys(['example_task_group_decorator']) retrieved from /Users/v.lytvyniuk/Documents/библиотечка/DE online1/git/de_7/lesson_07/airflow_env/lib/python3.8/site-packages/airflow/example_dags/example_task_group_decorator.py
[2023-02-10T21:32:17.817+0200] {logging_mixin.py:115} INFO - [2023-02-10T21:32:17.817+0200] {manager.py:508} INFO - Created Permission View: can read on DAG:example_task_group_decorator
[2023-02-10T21:32:17.821+0200] {logging_mixin.py:115} INFO - [2023-02-10T21:32:17.821+0200] {manager.py:508} INFO - Created Permission View: can edit on DAG:example_task_group_decorator
[2023-02-10T21:32:17.826+0200] {logging_mixin.py:115} INFO - [2023-02-10T21:32:17.826+0200] {manager.py:508} INFO - Created Permission View: can delete on DAG:example_task_group_decorator
[2023-02-10T21:32:17.826+0200] {logging_mixin.py:115} INFO - [2023-02-10T21:32:17.826+0200] {dag.py:2429} INFO - Sync 1 DAGs
[2023-02-10T21:32:17.831+0200] {logging_mixin.py:115} INFO - [2023-02-10T21:32:17.831+0200] {dag.py:2448} INFO - Creating ORM DAG for example_task_group_decorator
[2023-02-10T21:32:17.836+0200] {logging_mixin.py:115} INFO - [2023-02-10T21:32:17.836+0200] {dag.py:2977} INFO - Setting next_dagrun for example_task_group_decorator to 2023-02-09T19:32:17.836754+00:00, run_after=2023-02-10T19:32:17.836754+00:00
[2023-02-10T21:32:17.844+0200] {processor.py:161} INFO - Processing /Users/v.lytvyniuk/Documents/библиотечка/DE online1/git/de_7/lesson_07/airflow_env/lib/python3.8/site-packages/airflow/example_dags/example_task_group_decorator.py took 0.425 seconds
[2023-02-10T21:34:55.585+0200] {processor.py:153} INFO - Started process (PID=48778) to work on /Users/v.lytvyniuk/Documents/библиотечка/DE online1/git/de_7/lesson_07/airflow_env/lib/python3.8/site-packages/airflow/example_dags/example_task_group_decorator.py
[2023-02-10T21:34:55.588+0200] {processor.py:640} INFO - Processing file /Users/v.lytvyniuk/Documents/библиотечка/DE online1/git/de_7/lesson_07/airflow_env/lib/python3.8/site-packages/airflow/example_dags/example_task_group_decorator.py for tasks to queue
[2023-02-10T21:34:55.589+0200] {logging_mixin.py:115} INFO - [2023-02-10T21:34:55.589+0200] {dagbag.py:508} INFO - Filling up the DagBag from /Users/v.lytvyniuk/Documents/библиотечка/DE online1/git/de_7/lesson_07/airflow_env/lib/python3.8/site-packages/airflow/example_dags/example_task_group_decorator.py
[2023-02-10T21:34:55.612+0200] {processor.py:650} INFO - DAG(s) dict_keys(['example_task_group_decorator']) retrieved from /Users/v.lytvyniuk/Documents/библиотечка/DE online1/git/de_7/lesson_07/airflow_env/lib/python3.8/site-packages/airflow/example_dags/example_task_group_decorator.py
[2023-02-10T21:34:55.943+0200] {logging_mixin.py:115} INFO - [2023-02-10T21:34:55.943+0200] {dag.py:2429} INFO - Sync 1 DAGs
[2023-02-10T21:34:55.952+0200] {logging_mixin.py:115} INFO - [2023-02-10T21:34:55.952+0200] {dag.py:2977} INFO - Setting next_dagrun for example_task_group_decorator to 2023-02-09T19:34:55.952161+00:00, run_after=2023-02-10T19:34:55.952161+00:00
[2023-02-10T21:34:55.959+0200] {processor.py:161} INFO - Processing /Users/v.lytvyniuk/Documents/библиотечка/DE online1/git/de_7/lesson_07/airflow_env/lib/python3.8/site-packages/airflow/example_dags/example_task_group_decorator.py took 0.374 seconds
[2023-02-10T21:35:47.668+0200] {processor.py:153} INFO - Started process (PID=48911) to work on /Users/v.lytvyniuk/Documents/библиотечка/DE online1/git/de_7/lesson_07/airflow_env/lib/python3.8/site-packages/airflow/example_dags/example_task_group_decorator.py
[2023-02-10T21:35:47.670+0200] {processor.py:640} INFO - Processing file /Users/v.lytvyniuk/Documents/библиотечка/DE online1/git/de_7/lesson_07/airflow_env/lib/python3.8/site-packages/airflow/example_dags/example_task_group_decorator.py for tasks to queue
[2023-02-10T21:35:47.671+0200] {logging_mixin.py:115} INFO - [2023-02-10T21:35:47.671+0200] {dagbag.py:508} INFO - Filling up the DagBag from /Users/v.lytvyniuk/Documents/библиотечка/DE online1/git/de_7/lesson_07/airflow_env/lib/python3.8/site-packages/airflow/example_dags/example_task_group_decorator.py
[2023-02-10T21:35:47.693+0200] {processor.py:650} INFO - DAG(s) dict_keys(['example_task_group_decorator']) retrieved from /Users/v.lytvyniuk/Documents/библиотечка/DE online1/git/de_7/lesson_07/airflow_env/lib/python3.8/site-packages/airflow/example_dags/example_task_group_decorator.py
[2023-02-10T21:35:47.994+0200] {logging_mixin.py:115} INFO - [2023-02-10T21:35:47.994+0200] {dag.py:2429} INFO - Sync 1 DAGs
[2023-02-10T21:35:48.001+0200] {logging_mixin.py:115} INFO - [2023-02-10T21:35:48.001+0200] {dag.py:2977} INFO - Setting next_dagrun for example_task_group_decorator to 2023-02-09T19:35:48.001701+00:00, run_after=2023-02-10T19:35:48.001701+00:00
[2023-02-10T21:35:48.008+0200] {processor.py:161} INFO - Processing /Users/v.lytvyniuk/Documents/библиотечка/DE online1/git/de_7/lesson_07/airflow_env/lib/python3.8/site-packages/airflow/example_dags/example_task_group_decorator.py took 0.341 seconds
[2023-02-10T21:36:38.106+0200] {processor.py:153} INFO - Started process (PID=49045) to work on /Users/v.lytvyniuk/Documents/библиотечка/DE online1/git/de_7/lesson_07/airflow_env/lib/python3.8/site-packages/airflow/example_dags/example_task_group_decorator.py
[2023-02-10T21:36:38.110+0200] {processor.py:640} INFO - Processing file /Users/v.lytvyniuk/Documents/библиотечка/DE online1/git/de_7/lesson_07/airflow_env/lib/python3.8/site-packages/airflow/example_dags/example_task_group_decorator.py for tasks to queue
[2023-02-10T21:36:38.110+0200] {logging_mixin.py:115} INFO - [2023-02-10T21:36:38.110+0200] {dagbag.py:508} INFO - Filling up the DagBag from /Users/v.lytvyniuk/Documents/библиотечка/DE online1/git/de_7/lesson_07/airflow_env/lib/python3.8/site-packages/airflow/example_dags/example_task_group_decorator.py
[2023-02-10T21:36:38.133+0200] {processor.py:650} INFO - DAG(s) dict_keys(['example_task_group_decorator']) retrieved from /Users/v.lytvyniuk/Documents/библиотечка/DE online1/git/de_7/lesson_07/airflow_env/lib/python3.8/site-packages/airflow/example_dags/example_task_group_decorator.py
[2023-02-10T21:36:38.437+0200] {logging_mixin.py:115} INFO - [2023-02-10T21:36:38.437+0200] {dag.py:2429} INFO - Sync 1 DAGs
[2023-02-10T21:36:38.445+0200] {logging_mixin.py:115} INFO - [2023-02-10T21:36:38.445+0200] {dag.py:2977} INFO - Setting next_dagrun for example_task_group_decorator to 2023-02-09T19:36:38.445703+00:00, run_after=2023-02-10T19:36:38.445703+00:00
[2023-02-10T21:36:38.452+0200] {processor.py:161} INFO - Processing /Users/v.lytvyniuk/Documents/библиотечка/DE online1/git/de_7/lesson_07/airflow_env/lib/python3.8/site-packages/airflow/example_dags/example_task_group_decorator.py took 0.346 seconds
[2023-02-10T21:37:28.111+0200] {processor.py:153} INFO - Started process (PID=49199) to work on /Users/v.lytvyniuk/Documents/библиотечка/DE online1/git/de_7/lesson_07/airflow_env/lib/python3.8/site-packages/airflow/example_dags/example_task_group_decorator.py
[2023-02-10T21:37:28.115+0200] {processor.py:640} INFO - Processing file /Users/v.lytvyniuk/Documents/библиотечка/DE online1/git/de_7/lesson_07/airflow_env/lib/python3.8/site-packages/airflow/example_dags/example_task_group_decorator.py for tasks to queue
[2023-02-10T21:37:28.115+0200] {logging_mixin.py:115} INFO - [2023-02-10T21:37:28.115+0200] {dagbag.py:508} INFO - Filling up the DagBag from /Users/v.lytvyniuk/Documents/библиотечка/DE online1/git/de_7/lesson_07/airflow_env/lib/python3.8/site-packages/airflow/example_dags/example_task_group_decorator.py
[2023-02-10T21:37:28.139+0200] {processor.py:650} INFO - DAG(s) dict_keys(['example_task_group_decorator']) retrieved from /Users/v.lytvyniuk/Documents/библиотечка/DE online1/git/de_7/lesson_07/airflow_env/lib/python3.8/site-packages/airflow/example_dags/example_task_group_decorator.py
[2023-02-10T21:37:28.448+0200] {logging_mixin.py:115} INFO - [2023-02-10T21:37:28.448+0200] {dag.py:2429} INFO - Sync 1 DAGs
[2023-02-10T21:37:28.456+0200] {logging_mixin.py:115} INFO - [2023-02-10T21:37:28.456+0200] {dag.py:2977} INFO - Setting next_dagrun for example_task_group_decorator to 2023-02-09T19:37:28.456485+00:00, run_after=2023-02-10T19:37:28.456485+00:00
[2023-02-10T21:37:28.463+0200] {processor.py:161} INFO - Processing /Users/v.lytvyniuk/Documents/библиотечка/DE online1/git/de_7/lesson_07/airflow_env/lib/python3.8/site-packages/airflow/example_dags/example_task_group_decorator.py took 0.352 seconds
[2023-02-10T21:38:17.719+0200] {processor.py:153} INFO - Started process (PID=49336) to work on /Users/v.lytvyniuk/Documents/библиотечка/DE online1/git/de_7/lesson_07/airflow_env/lib/python3.8/site-packages/airflow/example_dags/example_task_group_decorator.py
[2023-02-10T21:38:17.723+0200] {processor.py:640} INFO - Processing file /Users/v.lytvyniuk/Documents/библиотечка/DE online1/git/de_7/lesson_07/airflow_env/lib/python3.8/site-packages/airflow/example_dags/example_task_group_decorator.py for tasks to queue
[2023-02-10T21:38:17.723+0200] {logging_mixin.py:115} INFO - [2023-02-10T21:38:17.723+0200] {dagbag.py:508} INFO - Filling up the DagBag from /Users/v.lytvyniuk/Documents/библиотечка/DE online1/git/de_7/lesson_07/airflow_env/lib/python3.8/site-packages/airflow/example_dags/example_task_group_decorator.py
[2023-02-10T21:38:17.744+0200] {processor.py:650} INFO - DAG(s) dict_keys(['example_task_group_decorator']) retrieved from /Users/v.lytvyniuk/Documents/библиотечка/DE online1/git/de_7/lesson_07/airflow_env/lib/python3.8/site-packages/airflow/example_dags/example_task_group_decorator.py
[2023-02-10T21:38:18.040+0200] {logging_mixin.py:115} INFO - [2023-02-10T21:38:18.040+0200] {dag.py:2429} INFO - Sync 1 DAGs
[2023-02-10T21:38:18.047+0200] {logging_mixin.py:115} INFO - [2023-02-10T21:38:18.047+0200] {dag.py:2977} INFO - Setting next_dagrun for example_task_group_decorator to 2023-02-09T19:38:18.047750+00:00, run_after=2023-02-10T19:38:18.047750+00:00
[2023-02-10T21:38:18.054+0200] {processor.py:161} INFO - Processing /Users/v.lytvyniuk/Documents/библиотечка/DE online1/git/de_7/lesson_07/airflow_env/lib/python3.8/site-packages/airflow/example_dags/example_task_group_decorator.py took 0.335 seconds
[2023-02-10T21:39:07.527+0200] {processor.py:153} INFO - Started process (PID=49510) to work on /Users/v.lytvyniuk/Documents/библиотечка/DE online1/git/de_7/lesson_07/airflow_env/lib/python3.8/site-packages/airflow/example_dags/example_task_group_decorator.py
[2023-02-10T21:39:07.531+0200] {processor.py:640} INFO - Processing file /Users/v.lytvyniuk/Documents/библиотечка/DE online1/git/de_7/lesson_07/airflow_env/lib/python3.8/site-packages/airflow/example_dags/example_task_group_decorator.py for tasks to queue
[2023-02-10T21:39:07.531+0200] {logging_mixin.py:115} INFO - [2023-02-10T21:39:07.531+0200] {dagbag.py:508} INFO - Filling up the DagBag from /Users/v.lytvyniuk/Documents/библиотечка/DE online1/git/de_7/lesson_07/airflow_env/lib/python3.8/site-packages/airflow/example_dags/example_task_group_decorator.py
[2023-02-10T21:39:07.553+0200] {processor.py:650} INFO - DAG(s) dict_keys(['example_task_group_decorator']) retrieved from /Users/v.lytvyniuk/Documents/библиотечка/DE online1/git/de_7/lesson_07/airflow_env/lib/python3.8/site-packages/airflow/example_dags/example_task_group_decorator.py
[2023-02-10T21:39:07.849+0200] {logging_mixin.py:115} INFO - [2023-02-10T21:39:07.849+0200] {dag.py:2429} INFO - Sync 1 DAGs
[2023-02-10T21:39:07.856+0200] {logging_mixin.py:115} INFO - [2023-02-10T21:39:07.856+0200] {dag.py:2977} INFO - Setting next_dagrun for example_task_group_decorator to 2023-02-09T19:39:07.856773+00:00, run_after=2023-02-10T19:39:07.856773+00:00
[2023-02-10T21:39:07.863+0200] {processor.py:161} INFO - Processing /Users/v.lytvyniuk/Documents/библиотечка/DE online1/git/de_7/lesson_07/airflow_env/lib/python3.8/site-packages/airflow/example_dags/example_task_group_decorator.py took 0.336 seconds
[2023-02-10T21:39:57.492+0200] {processor.py:153} INFO - Started process (PID=49679) to work on /Users/v.lytvyniuk/Documents/библиотечка/DE online1/git/de_7/lesson_07/airflow_env/lib/python3.8/site-packages/airflow/example_dags/example_task_group_decorator.py
[2023-02-10T21:39:57.496+0200] {processor.py:640} INFO - Processing file /Users/v.lytvyniuk/Documents/библиотечка/DE online1/git/de_7/lesson_07/airflow_env/lib/python3.8/site-packages/airflow/example_dags/example_task_group_decorator.py for tasks to queue
[2023-02-10T21:39:57.496+0200] {logging_mixin.py:115} INFO - [2023-02-10T21:39:57.496+0200] {dagbag.py:508} INFO - Filling up the DagBag from /Users/v.lytvyniuk/Documents/библиотечка/DE online1/git/de_7/lesson_07/airflow_env/lib/python3.8/site-packages/airflow/example_dags/example_task_group_decorator.py
[2023-02-10T21:39:57.523+0200] {processor.py:650} INFO - DAG(s) dict_keys(['example_task_group_decorator']) retrieved from /Users/v.lytvyniuk/Documents/библиотечка/DE online1/git/de_7/lesson_07/airflow_env/lib/python3.8/site-packages/airflow/example_dags/example_task_group_decorator.py
[2023-02-10T21:39:57.846+0200] {logging_mixin.py:115} INFO - [2023-02-10T21:39:57.846+0200] {dag.py:2429} INFO - Sync 1 DAGs
[2023-02-10T21:39:57.854+0200] {logging_mixin.py:115} INFO - [2023-02-10T21:39:57.854+0200] {dag.py:2977} INFO - Setting next_dagrun for example_task_group_decorator to 2023-02-09T19:39:57.854446+00:00, run_after=2023-02-10T19:39:57.854446+00:00
[2023-02-10T21:39:57.861+0200] {processor.py:161} INFO - Processing /Users/v.lytvyniuk/Documents/библиотечка/DE online1/git/de_7/lesson_07/airflow_env/lib/python3.8/site-packages/airflow/example_dags/example_task_group_decorator.py took 0.369 seconds
[2023-02-10T21:40:48.937+0200] {processor.py:153} INFO - Started process (PID=49824) to work on /Users/v.lytvyniuk/Documents/библиотечка/DE online1/git/de_7/lesson_07/airflow_env/lib/python3.8/site-packages/airflow/example_dags/example_task_group_decorator.py
[2023-02-10T21:40:48.940+0200] {processor.py:640} INFO - Processing file /Users/v.lytvyniuk/Documents/библиотечка/DE online1/git/de_7/lesson_07/airflow_env/lib/python3.8/site-packages/airflow/example_dags/example_task_group_decorator.py for tasks to queue
[2023-02-10T21:40:48.940+0200] {logging_mixin.py:115} INFO - [2023-02-10T21:40:48.940+0200] {dagbag.py:508} INFO - Filling up the DagBag from /Users/v.lytvyniuk/Documents/библиотечка/DE online1/git/de_7/lesson_07/airflow_env/lib/python3.8/site-packages/airflow/example_dags/example_task_group_decorator.py
[2023-02-10T21:40:48.962+0200] {processor.py:650} INFO - DAG(s) dict_keys(['example_task_group_decorator']) retrieved from /Users/v.lytvyniuk/Documents/библиотечка/DE online1/git/de_7/lesson_07/airflow_env/lib/python3.8/site-packages/airflow/example_dags/example_task_group_decorator.py
[2023-02-10T21:40:49.266+0200] {logging_mixin.py:115} INFO - [2023-02-10T21:40:49.265+0200] {dag.py:2429} INFO - Sync 1 DAGs
[2023-02-10T21:40:49.273+0200] {logging_mixin.py:115} INFO - [2023-02-10T21:40:49.273+0200] {dag.py:2977} INFO - Setting next_dagrun for example_task_group_decorator to 2023-02-09T19:40:49.273338+00:00, run_after=2023-02-10T19:40:49.273338+00:00
[2023-02-10T21:40:49.279+0200] {processor.py:161} INFO - Processing /Users/v.lytvyniuk/Documents/библиотечка/DE online1/git/de_7/lesson_07/airflow_env/lib/python3.8/site-packages/airflow/example_dags/example_task_group_decorator.py took 0.343 seconds
[2023-02-10T21:41:37.485+0200] {processor.py:153} INFO - Started process (PID=49954) to work on /Users/v.lytvyniuk/Documents/библиотечка/DE online1/git/de_7/lesson_07/airflow_env/lib/python3.8/site-packages/airflow/example_dags/example_task_group_decorator.py
[2023-02-10T21:41:37.489+0200] {processor.py:640} INFO - Processing file /Users/v.lytvyniuk/Documents/библиотечка/DE online1/git/de_7/lesson_07/airflow_env/lib/python3.8/site-packages/airflow/example_dags/example_task_group_decorator.py for tasks to queue
[2023-02-10T21:41:37.489+0200] {logging_mixin.py:115} INFO - [2023-02-10T21:41:37.489+0200] {dagbag.py:508} INFO - Filling up the DagBag from /Users/v.lytvyniuk/Documents/библиотечка/DE online1/git/de_7/lesson_07/airflow_env/lib/python3.8/site-packages/airflow/example_dags/example_task_group_decorator.py
[2023-02-10T21:41:37.513+0200] {processor.py:650} INFO - DAG(s) dict_keys(['example_task_group_decorator']) retrieved from /Users/v.lytvyniuk/Documents/библиотечка/DE online1/git/de_7/lesson_07/airflow_env/lib/python3.8/site-packages/airflow/example_dags/example_task_group_decorator.py
[2023-02-10T21:41:37.877+0200] {logging_mixin.py:115} INFO - [2023-02-10T21:41:37.876+0200] {dag.py:2429} INFO - Sync 1 DAGs
[2023-02-10T21:41:37.885+0200] {logging_mixin.py:115} INFO - [2023-02-10T21:41:37.885+0200] {dag.py:2977} INFO - Setting next_dagrun for example_task_group_decorator to 2023-02-09T19:41:37.884913+00:00, run_after=2023-02-10T19:41:37.884913+00:00
[2023-02-10T21:41:37.891+0200] {processor.py:161} INFO - Processing /Users/v.lytvyniuk/Documents/библиотечка/DE online1/git/de_7/lesson_07/airflow_env/lib/python3.8/site-packages/airflow/example_dags/example_task_group_decorator.py took 0.406 seconds
[2023-02-10T21:42:29.034+0200] {processor.py:153} INFO - Started process (PID=50082) to work on /Users/v.lytvyniuk/Documents/библиотечка/DE online1/git/de_7/lesson_07/airflow_env/lib/python3.8/site-packages/airflow/example_dags/example_task_group_decorator.py
[2023-02-10T21:42:29.037+0200] {processor.py:640} INFO - Processing file /Users/v.lytvyniuk/Documents/библиотечка/DE online1/git/de_7/lesson_07/airflow_env/lib/python3.8/site-packages/airflow/example_dags/example_task_group_decorator.py for tasks to queue
[2023-02-10T21:42:29.037+0200] {logging_mixin.py:115} INFO - [2023-02-10T21:42:29.037+0200] {dagbag.py:508} INFO - Filling up the DagBag from /Users/v.lytvyniuk/Documents/библиотечка/DE online1/git/de_7/lesson_07/airflow_env/lib/python3.8/site-packages/airflow/example_dags/example_task_group_decorator.py
[2023-02-10T21:42:29.059+0200] {processor.py:650} INFO - DAG(s) dict_keys(['example_task_group_decorator']) retrieved from /Users/v.lytvyniuk/Documents/библиотечка/DE online1/git/de_7/lesson_07/airflow_env/lib/python3.8/site-packages/airflow/example_dags/example_task_group_decorator.py
[2023-02-10T21:42:29.358+0200] {logging_mixin.py:115} INFO - [2023-02-10T21:42:29.358+0200] {dag.py:2429} INFO - Sync 1 DAGs
[2023-02-10T21:42:29.365+0200] {logging_mixin.py:115} INFO - [2023-02-10T21:42:29.365+0200] {dag.py:2977} INFO - Setting next_dagrun for example_task_group_decorator to 2023-02-09T19:42:29.365325+00:00, run_after=2023-02-10T19:42:29.365325+00:00
[2023-02-10T21:42:29.371+0200] {processor.py:161} INFO - Processing /Users/v.lytvyniuk/Documents/библиотечка/DE online1/git/de_7/lesson_07/airflow_env/lib/python3.8/site-packages/airflow/example_dags/example_task_group_decorator.py took 0.337 seconds
[2023-02-10T21:43:21.579+0200] {processor.py:153} INFO - Started process (PID=50229) to work on /Users/v.lytvyniuk/Documents/библиотечка/DE online1/git/de_7/lesson_07/airflow_env/lib/python3.8/site-packages/airflow/example_dags/example_task_group_decorator.py
[2023-02-10T21:43:21.582+0200] {processor.py:640} INFO - Processing file /Users/v.lytvyniuk/Documents/библиотечка/DE online1/git/de_7/lesson_07/airflow_env/lib/python3.8/site-packages/airflow/example_dags/example_task_group_decorator.py for tasks to queue
[2023-02-10T21:43:21.583+0200] {logging_mixin.py:115} INFO - [2023-02-10T21:43:21.583+0200] {dagbag.py:508} INFO - Filling up the DagBag from /Users/v.lytvyniuk/Documents/библиотечка/DE online1/git/de_7/lesson_07/airflow_env/lib/python3.8/site-packages/airflow/example_dags/example_task_group_decorator.py
[2023-02-10T21:43:21.604+0200] {processor.py:650} INFO - DAG(s) dict_keys(['example_task_group_decorator']) retrieved from /Users/v.lytvyniuk/Documents/библиотечка/DE online1/git/de_7/lesson_07/airflow_env/lib/python3.8/site-packages/airflow/example_dags/example_task_group_decorator.py
[2023-02-10T21:43:21.899+0200] {logging_mixin.py:115} INFO - [2023-02-10T21:43:21.899+0200] {dag.py:2429} INFO - Sync 1 DAGs
[2023-02-10T21:43:21.906+0200] {logging_mixin.py:115} INFO - [2023-02-10T21:43:21.906+0200] {dag.py:2977} INFO - Setting next_dagrun for example_task_group_decorator to 2023-02-09T19:43:21.906293+00:00, run_after=2023-02-10T19:43:21.906293+00:00
[2023-02-10T21:43:21.912+0200] {processor.py:161} INFO - Processing /Users/v.lytvyniuk/Documents/библиотечка/DE online1/git/de_7/lesson_07/airflow_env/lib/python3.8/site-packages/airflow/example_dags/example_task_group_decorator.py took 0.334 seconds
[2023-02-10T21:44:11.558+0200] {processor.py:153} INFO - Started process (PID=50355) to work on /Users/v.lytvyniuk/Documents/библиотечка/DE online1/git/de_7/lesson_07/airflow_env/lib/python3.8/site-packages/airflow/example_dags/example_task_group_decorator.py
[2023-02-10T21:44:11.561+0200] {processor.py:640} INFO - Processing file /Users/v.lytvyniuk/Documents/библиотечка/DE online1/git/de_7/lesson_07/airflow_env/lib/python3.8/site-packages/airflow/example_dags/example_task_group_decorator.py for tasks to queue
[2023-02-10T21:44:11.561+0200] {logging_mixin.py:115} INFO - [2023-02-10T21:44:11.561+0200] {dagbag.py:508} INFO - Filling up the DagBag from /Users/v.lytvyniuk/Documents/библиотечка/DE online1/git/de_7/lesson_07/airflow_env/lib/python3.8/site-packages/airflow/example_dags/example_task_group_decorator.py
[2023-02-10T21:44:11.584+0200] {processor.py:650} INFO - DAG(s) dict_keys(['example_task_group_decorator']) retrieved from /Users/v.lytvyniuk/Documents/библиотечка/DE online1/git/de_7/lesson_07/airflow_env/lib/python3.8/site-packages/airflow/example_dags/example_task_group_decorator.py
[2023-02-10T21:44:11.891+0200] {logging_mixin.py:115} INFO - [2023-02-10T21:44:11.890+0200] {dag.py:2429} INFO - Sync 1 DAGs
[2023-02-10T21:44:11.898+0200] {logging_mixin.py:115} INFO - [2023-02-10T21:44:11.898+0200] {dag.py:2977} INFO - Setting next_dagrun for example_task_group_decorator to 2023-02-09T19:44:11.898454+00:00, run_after=2023-02-10T19:44:11.898454+00:00
[2023-02-10T21:44:11.906+0200] {processor.py:161} INFO - Processing /Users/v.lytvyniuk/Documents/библиотечка/DE online1/git/de_7/lesson_07/airflow_env/lib/python3.8/site-packages/airflow/example_dags/example_task_group_decorator.py took 0.348 seconds
[2023-02-10T21:45:02.244+0200] {processor.py:153} INFO - Started process (PID=50862) to work on /Users/v.lytvyniuk/Documents/библиотечка/DE online1/git/de_7/lesson_07/airflow_env/lib/python3.8/site-packages/airflow/example_dags/example_task_group_decorator.py
[2023-02-10T21:45:02.248+0200] {processor.py:640} INFO - Processing file /Users/v.lytvyniuk/Documents/библиотечка/DE online1/git/de_7/lesson_07/airflow_env/lib/python3.8/site-packages/airflow/example_dags/example_task_group_decorator.py for tasks to queue
[2023-02-10T21:45:02.248+0200] {logging_mixin.py:115} INFO - [2023-02-10T21:45:02.248+0200] {dagbag.py:508} INFO - Filling up the DagBag from /Users/v.lytvyniuk/Documents/библиотечка/DE online1/git/de_7/lesson_07/airflow_env/lib/python3.8/site-packages/airflow/example_dags/example_task_group_decorator.py
[2023-02-10T21:45:02.270+0200] {processor.py:650} INFO - DAG(s) dict_keys(['example_task_group_decorator']) retrieved from /Users/v.lytvyniuk/Documents/библиотечка/DE online1/git/de_7/lesson_07/airflow_env/lib/python3.8/site-packages/airflow/example_dags/example_task_group_decorator.py
[2023-02-10T21:45:02.576+0200] {logging_mixin.py:115} INFO - [2023-02-10T21:45:02.576+0200] {dag.py:2429} INFO - Sync 1 DAGs
[2023-02-10T21:45:02.583+0200] {logging_mixin.py:115} INFO - [2023-02-10T21:45:02.583+0200] {dag.py:2977} INFO - Setting next_dagrun for example_task_group_decorator to 2023-02-09T19:45:02.583445+00:00, run_after=2023-02-10T19:45:02.583445+00:00
[2023-02-10T21:45:02.589+0200] {processor.py:161} INFO - Processing /Users/v.lytvyniuk/Documents/библиотечка/DE online1/git/de_7/lesson_07/airflow_env/lib/python3.8/site-packages/airflow/example_dags/example_task_group_decorator.py took 0.345 seconds
[2023-02-10T21:45:54.813+0200] {processor.py:153} INFO - Started process (PID=51012) to work on /Users/v.lytvyniuk/Documents/библиотечка/DE online1/git/de_7/lesson_07/airflow_env/lib/python3.8/site-packages/airflow/example_dags/example_task_group_decorator.py
[2023-02-10T21:45:54.816+0200] {processor.py:640} INFO - Processing file /Users/v.lytvyniuk/Documents/библиотечка/DE online1/git/de_7/lesson_07/airflow_env/lib/python3.8/site-packages/airflow/example_dags/example_task_group_decorator.py for tasks to queue
[2023-02-10T21:45:54.816+0200] {logging_mixin.py:115} INFO - [2023-02-10T21:45:54.816+0200] {dagbag.py:508} INFO - Filling up the DagBag from /Users/v.lytvyniuk/Documents/библиотечка/DE online1/git/de_7/lesson_07/airflow_env/lib/python3.8/site-packages/airflow/example_dags/example_task_group_decorator.py
[2023-02-10T21:45:54.839+0200] {processor.py:650} INFO - DAG(s) dict_keys(['example_task_group_decorator']) retrieved from /Users/v.lytvyniuk/Documents/библиотечка/DE online1/git/de_7/lesson_07/airflow_env/lib/python3.8/site-packages/airflow/example_dags/example_task_group_decorator.py
[2023-02-10T21:45:55.148+0200] {logging_mixin.py:115} INFO - [2023-02-10T21:45:55.147+0200] {dag.py:2429} INFO - Sync 1 DAGs
[2023-02-10T21:45:55.155+0200] {logging_mixin.py:115} INFO - [2023-02-10T21:45:55.155+0200] {dag.py:2977} INFO - Setting next_dagrun for example_task_group_decorator to 2023-02-09T19:45:55.155152+00:00, run_after=2023-02-10T19:45:55.155152+00:00
[2023-02-10T21:45:55.161+0200] {processor.py:161} INFO - Processing /Users/v.lytvyniuk/Documents/библиотечка/DE online1/git/de_7/lesson_07/airflow_env/lib/python3.8/site-packages/airflow/example_dags/example_task_group_decorator.py took 0.348 seconds
[2023-02-10T21:46:45.756+0200] {processor.py:153} INFO - Started process (PID=51137) to work on /Users/v.lytvyniuk/Documents/библиотечка/DE online1/git/de_7/lesson_07/airflow_env/lib/python3.8/site-packages/airflow/example_dags/example_task_group_decorator.py
[2023-02-10T21:46:45.760+0200] {processor.py:640} INFO - Processing file /Users/v.lytvyniuk/Documents/библиотечка/DE online1/git/de_7/lesson_07/airflow_env/lib/python3.8/site-packages/airflow/example_dags/example_task_group_decorator.py for tasks to queue
[2023-02-10T21:46:45.760+0200] {logging_mixin.py:115} INFO - [2023-02-10T21:46:45.760+0200] {dagbag.py:508} INFO - Filling up the DagBag from /Users/v.lytvyniuk/Documents/библиотечка/DE online1/git/de_7/lesson_07/airflow_env/lib/python3.8/site-packages/airflow/example_dags/example_task_group_decorator.py
[2023-02-10T21:46:45.790+0200] {processor.py:650} INFO - DAG(s) dict_keys(['example_task_group_decorator']) retrieved from /Users/v.lytvyniuk/Documents/библиотечка/DE online1/git/de_7/lesson_07/airflow_env/lib/python3.8/site-packages/airflow/example_dags/example_task_group_decorator.py
[2023-02-10T21:46:46.107+0200] {logging_mixin.py:115} INFO - [2023-02-10T21:46:46.106+0200] {dag.py:2429} INFO - Sync 1 DAGs
[2023-02-10T21:46:46.114+0200] {logging_mixin.py:115} INFO - [2023-02-10T21:46:46.114+0200] {dag.py:2977} INFO - Setting next_dagrun for example_task_group_decorator to 2023-02-09T19:46:46.114298+00:00, run_after=2023-02-10T19:46:46.114298+00:00
[2023-02-10T21:46:46.120+0200] {processor.py:161} INFO - Processing /Users/v.lytvyniuk/Documents/библиотечка/DE online1/git/de_7/lesson_07/airflow_env/lib/python3.8/site-packages/airflow/example_dags/example_task_group_decorator.py took 0.364 seconds
[2023-02-10T21:47:35.384+0200] {processor.py:153} INFO - Started process (PID=51877) to work on /Users/v.lytvyniuk/Documents/библиотечка/DE online1/git/de_7/lesson_07/airflow_env/lib/python3.8/site-packages/airflow/example_dags/example_task_group_decorator.py
[2023-02-10T21:47:35.387+0200] {processor.py:640} INFO - Processing file /Users/v.lytvyniuk/Documents/библиотечка/DE online1/git/de_7/lesson_07/airflow_env/lib/python3.8/site-packages/airflow/example_dags/example_task_group_decorator.py for tasks to queue
[2023-02-10T21:47:35.387+0200] {logging_mixin.py:115} INFO - [2023-02-10T21:47:35.387+0200] {dagbag.py:508} INFO - Filling up the DagBag from /Users/v.lytvyniuk/Documents/библиотечка/DE online1/git/de_7/lesson_07/airflow_env/lib/python3.8/site-packages/airflow/example_dags/example_task_group_decorator.py
[2023-02-10T21:47:35.410+0200] {processor.py:650} INFO - DAG(s) dict_keys(['example_task_group_decorator']) retrieved from /Users/v.lytvyniuk/Documents/библиотечка/DE online1/git/de_7/lesson_07/airflow_env/lib/python3.8/site-packages/airflow/example_dags/example_task_group_decorator.py
[2023-02-10T21:47:35.708+0200] {logging_mixin.py:115} INFO - [2023-02-10T21:47:35.708+0200] {dag.py:2429} INFO - Sync 1 DAGs
[2023-02-10T21:47:35.715+0200] {logging_mixin.py:115} INFO - [2023-02-10T21:47:35.715+0200] {dag.py:2977} INFO - Setting next_dagrun for example_task_group_decorator to 2023-02-09T19:47:35.715587+00:00, run_after=2023-02-10T19:47:35.715587+00:00
[2023-02-10T21:47:35.721+0200] {processor.py:161} INFO - Processing /Users/v.lytvyniuk/Documents/библиотечка/DE online1/git/de_7/lesson_07/airflow_env/lib/python3.8/site-packages/airflow/example_dags/example_task_group_decorator.py took 0.338 seconds
[2023-02-10T21:53:41.843+0200] {processor.py:153} INFO - Started process (PID=2522) to work on /Users/v.lytvyniuk/Documents/библиотечка/DE online1/git/de_7/lesson_07/airflow_env/lib/python3.8/site-packages/airflow/example_dags/example_task_group_decorator.py
[2023-02-10T21:53:41.848+0200] {processor.py:640} INFO - Processing file /Users/v.lytvyniuk/Documents/библиотечка/DE online1/git/de_7/lesson_07/airflow_env/lib/python3.8/site-packages/airflow/example_dags/example_task_group_decorator.py for tasks to queue
[2023-02-10T21:53:41.848+0200] {logging_mixin.py:115} INFO - [2023-02-10T21:53:41.848+0200] {dagbag.py:508} INFO - Filling up the DagBag from /Users/v.lytvyniuk/Documents/библиотечка/DE online1/git/de_7/lesson_07/airflow_env/lib/python3.8/site-packages/airflow/example_dags/example_task_group_decorator.py
[2023-02-10T21:53:41.878+0200] {processor.py:650} INFO - DAG(s) dict_keys(['example_task_group_decorator']) retrieved from /Users/v.lytvyniuk/Documents/библиотечка/DE online1/git/de_7/lesson_07/airflow_env/lib/python3.8/site-packages/airflow/example_dags/example_task_group_decorator.py
[2023-02-10T21:53:42.206+0200] {logging_mixin.py:115} INFO - [2023-02-10T21:53:42.206+0200] {dag.py:2429} INFO - Sync 1 DAGs
[2023-02-10T21:53:42.214+0200] {logging_mixin.py:115} INFO - [2023-02-10T21:53:42.214+0200] {dag.py:2977} INFO - Setting next_dagrun for example_task_group_decorator to 2023-02-09T19:53:42.214346+00:00, run_after=2023-02-10T19:53:42.214346+00:00
[2023-02-10T21:53:42.220+0200] {processor.py:161} INFO - Processing /Users/v.lytvyniuk/Documents/библиотечка/DE online1/git/de_7/lesson_07/airflow_env/lib/python3.8/site-packages/airflow/example_dags/example_task_group_decorator.py took 0.378 seconds
[2023-02-10T21:54:34.513+0200] {processor.py:153} INFO - Started process (PID=2729) to work on /Users/v.lytvyniuk/Documents/библиотечка/DE online1/git/de_7/lesson_07/airflow_env/lib/python3.8/site-packages/airflow/example_dags/example_task_group_decorator.py
[2023-02-10T21:54:34.516+0200] {processor.py:640} INFO - Processing file /Users/v.lytvyniuk/Documents/библиотечка/DE online1/git/de_7/lesson_07/airflow_env/lib/python3.8/site-packages/airflow/example_dags/example_task_group_decorator.py for tasks to queue
[2023-02-10T21:54:34.516+0200] {logging_mixin.py:115} INFO - [2023-02-10T21:54:34.516+0200] {dagbag.py:508} INFO - Filling up the DagBag from /Users/v.lytvyniuk/Documents/библиотечка/DE online1/git/de_7/lesson_07/airflow_env/lib/python3.8/site-packages/airflow/example_dags/example_task_group_decorator.py
[2023-02-10T21:54:34.540+0200] {processor.py:650} INFO - DAG(s) dict_keys(['example_task_group_decorator']) retrieved from /Users/v.lytvyniuk/Documents/библиотечка/DE online1/git/de_7/lesson_07/airflow_env/lib/python3.8/site-packages/airflow/example_dags/example_task_group_decorator.py
[2023-02-10T21:54:34.870+0200] {logging_mixin.py:115} INFO - [2023-02-10T21:54:34.870+0200] {dag.py:2429} INFO - Sync 1 DAGs
[2023-02-10T21:54:34.878+0200] {logging_mixin.py:115} INFO - [2023-02-10T21:54:34.878+0200] {dag.py:2977} INFO - Setting next_dagrun for example_task_group_decorator to 2023-02-09T19:54:34.878655+00:00, run_after=2023-02-10T19:54:34.878655+00:00
[2023-02-10T21:54:34.885+0200] {processor.py:161} INFO - Processing /Users/v.lytvyniuk/Documents/библиотечка/DE online1/git/de_7/lesson_07/airflow_env/lib/python3.8/site-packages/airflow/example_dags/example_task_group_decorator.py took 0.372 seconds
[2023-02-10T21:55:24.588+0200] {processor.py:153} INFO - Started process (PID=2916) to work on /Users/v.lytvyniuk/Documents/библиотечка/DE online1/git/de_7/lesson_07/airflow_env/lib/python3.8/site-packages/airflow/example_dags/example_task_group_decorator.py
[2023-02-10T21:55:24.591+0200] {processor.py:640} INFO - Processing file /Users/v.lytvyniuk/Documents/библиотечка/DE online1/git/de_7/lesson_07/airflow_env/lib/python3.8/site-packages/airflow/example_dags/example_task_group_decorator.py for tasks to queue
[2023-02-10T21:55:24.591+0200] {logging_mixin.py:115} INFO - [2023-02-10T21:55:24.591+0200] {dagbag.py:508} INFO - Filling up the DagBag from /Users/v.lytvyniuk/Documents/библиотечка/DE online1/git/de_7/lesson_07/airflow_env/lib/python3.8/site-packages/airflow/example_dags/example_task_group_decorator.py
[2023-02-10T21:55:24.614+0200] {processor.py:650} INFO - DAG(s) dict_keys(['example_task_group_decorator']) retrieved from /Users/v.lytvyniuk/Documents/библиотечка/DE online1/git/de_7/lesson_07/airflow_env/lib/python3.8/site-packages/airflow/example_dags/example_task_group_decorator.py
[2023-02-10T21:55:24.939+0200] {logging_mixin.py:115} INFO - [2023-02-10T21:55:24.939+0200] {dag.py:2429} INFO - Sync 1 DAGs
[2023-02-10T21:55:24.947+0200] {logging_mixin.py:115} INFO - [2023-02-10T21:55:24.947+0200] {dag.py:2977} INFO - Setting next_dagrun for example_task_group_decorator to 2023-02-09T19:55:24.947447+00:00, run_after=2023-02-10T19:55:24.947447+00:00
[2023-02-10T21:55:24.954+0200] {processor.py:161} INFO - Processing /Users/v.lytvyniuk/Documents/библиотечка/DE online1/git/de_7/lesson_07/airflow_env/lib/python3.8/site-packages/airflow/example_dags/example_task_group_decorator.py took 0.366 seconds
[2023-02-10T21:56:17.736+0200] {processor.py:153} INFO - Started process (PID=3087) to work on /Users/v.lytvyniuk/Documents/библиотечка/DE online1/git/de_7/lesson_07/airflow_env/lib/python3.8/site-packages/airflow/example_dags/example_task_group_decorator.py
[2023-02-10T21:56:17.739+0200] {processor.py:640} INFO - Processing file /Users/v.lytvyniuk/Documents/библиотечка/DE online1/git/de_7/lesson_07/airflow_env/lib/python3.8/site-packages/airflow/example_dags/example_task_group_decorator.py for tasks to queue
[2023-02-10T21:56:17.739+0200] {logging_mixin.py:115} INFO - [2023-02-10T21:56:17.739+0200] {dagbag.py:508} INFO - Filling up the DagBag from /Users/v.lytvyniuk/Documents/библиотечка/DE online1/git/de_7/lesson_07/airflow_env/lib/python3.8/site-packages/airflow/example_dags/example_task_group_decorator.py
[2023-02-10T21:56:17.765+0200] {processor.py:650} INFO - DAG(s) dict_keys(['example_task_group_decorator']) retrieved from /Users/v.lytvyniuk/Documents/библиотечка/DE online1/git/de_7/lesson_07/airflow_env/lib/python3.8/site-packages/airflow/example_dags/example_task_group_decorator.py
[2023-02-10T21:56:18.070+0200] {logging_mixin.py:115} INFO - [2023-02-10T21:56:18.070+0200] {dag.py:2429} INFO - Sync 1 DAGs
[2023-02-10T21:56:18.078+0200] {logging_mixin.py:115} INFO - [2023-02-10T21:56:18.078+0200] {dag.py:2977} INFO - Setting next_dagrun for example_task_group_decorator to 2023-02-09T19:56:18.078059+00:00, run_after=2023-02-10T19:56:18.078059+00:00
[2023-02-10T21:56:18.084+0200] {processor.py:161} INFO - Processing /Users/v.lytvyniuk/Documents/библиотечка/DE online1/git/de_7/lesson_07/airflow_env/lib/python3.8/site-packages/airflow/example_dags/example_task_group_decorator.py took 0.349 seconds
[2023-02-10T21:57:09.836+0200] {processor.py:153} INFO - Started process (PID=3244) to work on /Users/v.lytvyniuk/Documents/библиотечка/DE online1/git/de_7/lesson_07/airflow_env/lib/python3.8/site-packages/airflow/example_dags/example_task_group_decorator.py
[2023-02-10T21:57:09.840+0200] {processor.py:640} INFO - Processing file /Users/v.lytvyniuk/Documents/библиотечка/DE online1/git/de_7/lesson_07/airflow_env/lib/python3.8/site-packages/airflow/example_dags/example_task_group_decorator.py for tasks to queue
[2023-02-10T21:57:09.840+0200] {logging_mixin.py:115} INFO - [2023-02-10T21:57:09.840+0200] {dagbag.py:508} INFO - Filling up the DagBag from /Users/v.lytvyniuk/Documents/библиотечка/DE online1/git/de_7/lesson_07/airflow_env/lib/python3.8/site-packages/airflow/example_dags/example_task_group_decorator.py
[2023-02-10T21:57:09.862+0200] {processor.py:650} INFO - DAG(s) dict_keys(['example_task_group_decorator']) retrieved from /Users/v.lytvyniuk/Documents/библиотечка/DE online1/git/de_7/lesson_07/airflow_env/lib/python3.8/site-packages/airflow/example_dags/example_task_group_decorator.py
[2023-02-10T21:57:10.178+0200] {logging_mixin.py:115} INFO - [2023-02-10T21:57:10.178+0200] {dag.py:2429} INFO - Sync 1 DAGs
[2023-02-10T21:57:10.185+0200] {logging_mixin.py:115} INFO - [2023-02-10T21:57:10.185+0200] {dag.py:2977} INFO - Setting next_dagrun for example_task_group_decorator to 2023-02-09T19:57:10.185760+00:00, run_after=2023-02-10T19:57:10.185760+00:00
[2023-02-10T21:57:10.192+0200] {processor.py:161} INFO - Processing /Users/v.lytvyniuk/Documents/библиотечка/DE online1/git/de_7/lesson_07/airflow_env/lib/python3.8/site-packages/airflow/example_dags/example_task_group_decorator.py took 0.356 seconds
[2023-02-10T21:58:03.928+0200] {processor.py:153} INFO - Started process (PID=3556) to work on /Users/v.lytvyniuk/Documents/библиотечка/DE online1/git/de_7/lesson_07/airflow_env/lib/python3.8/site-packages/airflow/example_dags/example_task_group_decorator.py
[2023-02-10T21:58:03.932+0200] {processor.py:640} INFO - Processing file /Users/v.lytvyniuk/Documents/библиотечка/DE online1/git/de_7/lesson_07/airflow_env/lib/python3.8/site-packages/airflow/example_dags/example_task_group_decorator.py for tasks to queue
[2023-02-10T21:58:03.932+0200] {logging_mixin.py:115} INFO - [2023-02-10T21:58:03.932+0200] {dagbag.py:508} INFO - Filling up the DagBag from /Users/v.lytvyniuk/Documents/библиотечка/DE online1/git/de_7/lesson_07/airflow_env/lib/python3.8/site-packages/airflow/example_dags/example_task_group_decorator.py
[2023-02-10T21:58:03.959+0200] {processor.py:650} INFO - DAG(s) dict_keys(['example_task_group_decorator']) retrieved from /Users/v.lytvyniuk/Documents/библиотечка/DE online1/git/de_7/lesson_07/airflow_env/lib/python3.8/site-packages/airflow/example_dags/example_task_group_decorator.py
[2023-02-10T21:58:04.322+0200] {logging_mixin.py:115} INFO - [2023-02-10T21:58:04.322+0200] {dag.py:2429} INFO - Sync 1 DAGs
[2023-02-10T21:58:04.332+0200] {logging_mixin.py:115} INFO - [2023-02-10T21:58:04.332+0200] {dag.py:2977} INFO - Setting next_dagrun for example_task_group_decorator to 2023-02-09T19:58:04.332506+00:00, run_after=2023-02-10T19:58:04.332506+00:00
[2023-02-10T21:58:04.340+0200] {processor.py:161} INFO - Processing /Users/v.lytvyniuk/Documents/библиотечка/DE online1/git/de_7/lesson_07/airflow_env/lib/python3.8/site-packages/airflow/example_dags/example_task_group_decorator.py took 0.412 seconds
