[2023-02-10T21:32:19.438+0200] {processor.py:153} INFO - Started process (PID=48304) to work on /Users/v.lytvyniuk/Documents/библиотечка/DE online1/git/de_7/lesson_07/airflow_env/lib/python3.8/site-packages/airflow/example_dags/example_task_group.py
[2023-02-10T21:32:19.441+0200] {processor.py:640} INFO - Processing file /Users/v.lytvyniuk/Documents/библиотечка/DE online1/git/de_7/lesson_07/airflow_env/lib/python3.8/site-packages/airflow/example_dags/example_task_group.py for tasks to queue
[2023-02-10T21:32:19.442+0200] {logging_mixin.py:115} INFO - [2023-02-10T21:32:19.442+0200] {dagbag.py:508} INFO - Filling up the DagBag from /Users/v.lytvyniuk/Documents/библиотечка/DE online1/git/de_7/lesson_07/airflow_env/lib/python3.8/site-packages/airflow/example_dags/example_task_group.py
[2023-02-10T21:32:19.450+0200] {processor.py:650} INFO - DAG(s) dict_keys(['example_task_group']) retrieved from /Users/v.lytvyniuk/Documents/библиотечка/DE online1/git/de_7/lesson_07/airflow_env/lib/python3.8/site-packages/airflow/example_dags/example_task_group.py
[2023-02-10T21:32:19.849+0200] {logging_mixin.py:115} INFO - [2023-02-10T21:32:19.849+0200] {manager.py:508} INFO - Created Permission View: can read on DAG:example_task_group
[2023-02-10T21:32:19.852+0200] {logging_mixin.py:115} INFO - [2023-02-10T21:32:19.852+0200] {manager.py:508} INFO - Created Permission View: can edit on DAG:example_task_group
[2023-02-10T21:32:19.855+0200] {logging_mixin.py:115} INFO - [2023-02-10T21:32:19.855+0200] {manager.py:508} INFO - Created Permission View: can delete on DAG:example_task_group
[2023-02-10T21:32:19.855+0200] {logging_mixin.py:115} INFO - [2023-02-10T21:32:19.855+0200] {dag.py:2429} INFO - Sync 1 DAGs
[2023-02-10T21:32:19.859+0200] {logging_mixin.py:115} INFO - [2023-02-10T21:32:19.859+0200] {dag.py:2448} INFO - Creating ORM DAG for example_task_group
[2023-02-10T21:32:19.863+0200] {logging_mixin.py:115} INFO - [2023-02-10T21:32:19.863+0200] {dag.py:2977} INFO - Setting next_dagrun for example_task_group to 2023-02-09T19:32:19.863441+00:00, run_after=2023-02-10T19:32:19.863441+00:00
[2023-02-10T21:32:19.869+0200] {processor.py:161} INFO - Processing /Users/v.lytvyniuk/Documents/библиотечка/DE online1/git/de_7/lesson_07/airflow_env/lib/python3.8/site-packages/airflow/example_dags/example_task_group.py took 0.431 seconds
[2023-02-10T21:34:57.613+0200] {processor.py:153} INFO - Started process (PID=48781) to work on /Users/v.lytvyniuk/Documents/библиотечка/DE online1/git/de_7/lesson_07/airflow_env/lib/python3.8/site-packages/airflow/example_dags/example_task_group.py
[2023-02-10T21:34:57.616+0200] {processor.py:640} INFO - Processing file /Users/v.lytvyniuk/Documents/библиотечка/DE online1/git/de_7/lesson_07/airflow_env/lib/python3.8/site-packages/airflow/example_dags/example_task_group.py for tasks to queue
[2023-02-10T21:34:57.616+0200] {logging_mixin.py:115} INFO - [2023-02-10T21:34:57.616+0200] {dagbag.py:508} INFO - Filling up the DagBag from /Users/v.lytvyniuk/Documents/библиотечка/DE online1/git/de_7/lesson_07/airflow_env/lib/python3.8/site-packages/airflow/example_dags/example_task_group.py
[2023-02-10T21:34:57.624+0200] {processor.py:650} INFO - DAG(s) dict_keys(['example_task_group']) retrieved from /Users/v.lytvyniuk/Documents/библиотечка/DE online1/git/de_7/lesson_07/airflow_env/lib/python3.8/site-packages/airflow/example_dags/example_task_group.py
[2023-02-10T21:34:57.658+0200] {logging_mixin.py:115} INFO - [2023-02-10T21:34:57.658+0200] {dag.py:2429} INFO - Sync 1 DAGs
[2023-02-10T21:34:57.666+0200] {logging_mixin.py:115} INFO - [2023-02-10T21:34:57.666+0200] {dag.py:2977} INFO - Setting next_dagrun for example_task_group to 2023-02-09T19:34:57.666074+00:00, run_after=2023-02-10T19:34:57.666074+00:00
[2023-02-10T21:34:57.671+0200] {processor.py:161} INFO - Processing /Users/v.lytvyniuk/Documents/библиотечка/DE online1/git/de_7/lesson_07/airflow_env/lib/python3.8/site-packages/airflow/example_dags/example_task_group.py took 0.059 seconds
[2023-02-10T21:35:49.579+0200] {processor.py:153} INFO - Started process (PID=48915) to work on /Users/v.lytvyniuk/Documents/библиотечка/DE online1/git/de_7/lesson_07/airflow_env/lib/python3.8/site-packages/airflow/example_dags/example_task_group.py
[2023-02-10T21:35:49.582+0200] {processor.py:640} INFO - Processing file /Users/v.lytvyniuk/Documents/библиотечка/DE online1/git/de_7/lesson_07/airflow_env/lib/python3.8/site-packages/airflow/example_dags/example_task_group.py for tasks to queue
[2023-02-10T21:35:49.582+0200] {logging_mixin.py:115} INFO - [2023-02-10T21:35:49.582+0200] {dagbag.py:508} INFO - Filling up the DagBag from /Users/v.lytvyniuk/Documents/библиотечка/DE online1/git/de_7/lesson_07/airflow_env/lib/python3.8/site-packages/airflow/example_dags/example_task_group.py
[2023-02-10T21:35:49.590+0200] {processor.py:650} INFO - DAG(s) dict_keys(['example_task_group']) retrieved from /Users/v.lytvyniuk/Documents/библиотечка/DE online1/git/de_7/lesson_07/airflow_env/lib/python3.8/site-packages/airflow/example_dags/example_task_group.py
[2023-02-10T21:35:49.622+0200] {logging_mixin.py:115} INFO - [2023-02-10T21:35:49.622+0200] {dag.py:2429} INFO - Sync 1 DAGs
[2023-02-10T21:35:49.629+0200] {logging_mixin.py:115} INFO - [2023-02-10T21:35:49.629+0200] {dag.py:2977} INFO - Setting next_dagrun for example_task_group to 2023-02-09T19:35:49.629560+00:00, run_after=2023-02-10T19:35:49.629560+00:00
[2023-02-10T21:35:49.635+0200] {processor.py:161} INFO - Processing /Users/v.lytvyniuk/Documents/библиотечка/DE online1/git/de_7/lesson_07/airflow_env/lib/python3.8/site-packages/airflow/example_dags/example_task_group.py took 0.056 seconds
[2023-02-10T21:36:40.071+0200] {processor.py:153} INFO - Started process (PID=49051) to work on /Users/v.lytvyniuk/Documents/библиотечка/DE online1/git/de_7/lesson_07/airflow_env/lib/python3.8/site-packages/airflow/example_dags/example_task_group.py
[2023-02-10T21:36:40.075+0200] {processor.py:640} INFO - Processing file /Users/v.lytvyniuk/Documents/библиотечка/DE online1/git/de_7/lesson_07/airflow_env/lib/python3.8/site-packages/airflow/example_dags/example_task_group.py for tasks to queue
[2023-02-10T21:36:40.075+0200] {logging_mixin.py:115} INFO - [2023-02-10T21:36:40.075+0200] {dagbag.py:508} INFO - Filling up the DagBag from /Users/v.lytvyniuk/Documents/библиотечка/DE online1/git/de_7/lesson_07/airflow_env/lib/python3.8/site-packages/airflow/example_dags/example_task_group.py
[2023-02-10T21:36:40.084+0200] {processor.py:650} INFO - DAG(s) dict_keys(['example_task_group']) retrieved from /Users/v.lytvyniuk/Documents/библиотечка/DE online1/git/de_7/lesson_07/airflow_env/lib/python3.8/site-packages/airflow/example_dags/example_task_group.py
[2023-02-10T21:36:40.117+0200] {logging_mixin.py:115} INFO - [2023-02-10T21:36:40.117+0200] {dag.py:2429} INFO - Sync 1 DAGs
[2023-02-10T21:36:40.124+0200] {logging_mixin.py:115} INFO - [2023-02-10T21:36:40.124+0200] {dag.py:2977} INFO - Setting next_dagrun for example_task_group to 2023-02-09T19:36:40.124314+00:00, run_after=2023-02-10T19:36:40.124314+00:00
[2023-02-10T21:36:40.130+0200] {processor.py:161} INFO - Processing /Users/v.lytvyniuk/Documents/библиотечка/DE online1/git/de_7/lesson_07/airflow_env/lib/python3.8/site-packages/airflow/example_dags/example_task_group.py took 0.059 seconds
[2023-02-10T21:37:30.086+0200] {processor.py:153} INFO - Started process (PID=49203) to work on /Users/v.lytvyniuk/Documents/библиотечка/DE online1/git/de_7/lesson_07/airflow_env/lib/python3.8/site-packages/airflow/example_dags/example_task_group.py
[2023-02-10T21:37:30.090+0200] {processor.py:640} INFO - Processing file /Users/v.lytvyniuk/Documents/библиотечка/DE online1/git/de_7/lesson_07/airflow_env/lib/python3.8/site-packages/airflow/example_dags/example_task_group.py for tasks to queue
[2023-02-10T21:37:30.090+0200] {logging_mixin.py:115} INFO - [2023-02-10T21:37:30.090+0200] {dagbag.py:508} INFO - Filling up the DagBag from /Users/v.lytvyniuk/Documents/библиотечка/DE online1/git/de_7/lesson_07/airflow_env/lib/python3.8/site-packages/airflow/example_dags/example_task_group.py
[2023-02-10T21:37:30.097+0200] {processor.py:650} INFO - DAG(s) dict_keys(['example_task_group']) retrieved from /Users/v.lytvyniuk/Documents/библиотечка/DE online1/git/de_7/lesson_07/airflow_env/lib/python3.8/site-packages/airflow/example_dags/example_task_group.py
[2023-02-10T21:37:30.128+0200] {logging_mixin.py:115} INFO - [2023-02-10T21:37:30.128+0200] {dag.py:2429} INFO - Sync 1 DAGs
[2023-02-10T21:37:30.135+0200] {logging_mixin.py:115} INFO - [2023-02-10T21:37:30.135+0200] {dag.py:2977} INFO - Setting next_dagrun for example_task_group to 2023-02-09T19:37:30.135115+00:00, run_after=2023-02-10T19:37:30.135115+00:00
[2023-02-10T21:37:30.140+0200] {processor.py:161} INFO - Processing /Users/v.lytvyniuk/Documents/библиотечка/DE online1/git/de_7/lesson_07/airflow_env/lib/python3.8/site-packages/airflow/example_dags/example_task_group.py took 0.054 seconds
[2023-02-10T21:38:19.659+0200] {processor.py:153} INFO - Started process (PID=49340) to work on /Users/v.lytvyniuk/Documents/библиотечка/DE online1/git/de_7/lesson_07/airflow_env/lib/python3.8/site-packages/airflow/example_dags/example_task_group.py
[2023-02-10T21:38:19.662+0200] {processor.py:640} INFO - Processing file /Users/v.lytvyniuk/Documents/библиотечка/DE online1/git/de_7/lesson_07/airflow_env/lib/python3.8/site-packages/airflow/example_dags/example_task_group.py for tasks to queue
[2023-02-10T21:38:19.662+0200] {logging_mixin.py:115} INFO - [2023-02-10T21:38:19.662+0200] {dagbag.py:508} INFO - Filling up the DagBag from /Users/v.lytvyniuk/Documents/библиотечка/DE online1/git/de_7/lesson_07/airflow_env/lib/python3.8/site-packages/airflow/example_dags/example_task_group.py
[2023-02-10T21:38:19.669+0200] {processor.py:650} INFO - DAG(s) dict_keys(['example_task_group']) retrieved from /Users/v.lytvyniuk/Documents/библиотечка/DE online1/git/de_7/lesson_07/airflow_env/lib/python3.8/site-packages/airflow/example_dags/example_task_group.py
[2023-02-10T21:38:19.700+0200] {logging_mixin.py:115} INFO - [2023-02-10T21:38:19.700+0200] {dag.py:2429} INFO - Sync 1 DAGs
[2023-02-10T21:38:19.707+0200] {logging_mixin.py:115} INFO - [2023-02-10T21:38:19.707+0200] {dag.py:2977} INFO - Setting next_dagrun for example_task_group to 2023-02-09T19:38:19.706967+00:00, run_after=2023-02-10T19:38:19.706967+00:00
[2023-02-10T21:38:19.712+0200] {processor.py:161} INFO - Processing /Users/v.lytvyniuk/Documents/библиотечка/DE online1/git/de_7/lesson_07/airflow_env/lib/python3.8/site-packages/airflow/example_dags/example_task_group.py took 0.053 seconds
[2023-02-10T21:39:09.486+0200] {processor.py:153} INFO - Started process (PID=49514) to work on /Users/v.lytvyniuk/Documents/библиотечка/DE online1/git/de_7/lesson_07/airflow_env/lib/python3.8/site-packages/airflow/example_dags/example_task_group.py
[2023-02-10T21:39:09.489+0200] {processor.py:640} INFO - Processing file /Users/v.lytvyniuk/Documents/библиотечка/DE online1/git/de_7/lesson_07/airflow_env/lib/python3.8/site-packages/airflow/example_dags/example_task_group.py for tasks to queue
[2023-02-10T21:39:09.489+0200] {logging_mixin.py:115} INFO - [2023-02-10T21:39:09.489+0200] {dagbag.py:508} INFO - Filling up the DagBag from /Users/v.lytvyniuk/Documents/библиотечка/DE online1/git/de_7/lesson_07/airflow_env/lib/python3.8/site-packages/airflow/example_dags/example_task_group.py
[2023-02-10T21:39:09.498+0200] {processor.py:650} INFO - DAG(s) dict_keys(['example_task_group']) retrieved from /Users/v.lytvyniuk/Documents/библиотечка/DE online1/git/de_7/lesson_07/airflow_env/lib/python3.8/site-packages/airflow/example_dags/example_task_group.py
[2023-02-10T21:39:09.531+0200] {logging_mixin.py:115} INFO - [2023-02-10T21:39:09.531+0200] {dag.py:2429} INFO - Sync 1 DAGs
[2023-02-10T21:39:09.538+0200] {logging_mixin.py:115} INFO - [2023-02-10T21:39:09.538+0200] {dag.py:2977} INFO - Setting next_dagrun for example_task_group to 2023-02-09T19:39:09.538544+00:00, run_after=2023-02-10T19:39:09.538544+00:00
[2023-02-10T21:39:09.544+0200] {processor.py:161} INFO - Processing /Users/v.lytvyniuk/Documents/библиотечка/DE online1/git/de_7/lesson_07/airflow_env/lib/python3.8/site-packages/airflow/example_dags/example_task_group.py took 0.058 seconds
[2023-02-10T21:39:59.452+0200] {processor.py:153} INFO - Started process (PID=49684) to work on /Users/v.lytvyniuk/Documents/библиотечка/DE online1/git/de_7/lesson_07/airflow_env/lib/python3.8/site-packages/airflow/example_dags/example_task_group.py
[2023-02-10T21:39:59.455+0200] {processor.py:640} INFO - Processing file /Users/v.lytvyniuk/Documents/библиотечка/DE online1/git/de_7/lesson_07/airflow_env/lib/python3.8/site-packages/airflow/example_dags/example_task_group.py for tasks to queue
[2023-02-10T21:39:59.456+0200] {logging_mixin.py:115} INFO - [2023-02-10T21:39:59.456+0200] {dagbag.py:508} INFO - Filling up the DagBag from /Users/v.lytvyniuk/Documents/библиотечка/DE online1/git/de_7/lesson_07/airflow_env/lib/python3.8/site-packages/airflow/example_dags/example_task_group.py
[2023-02-10T21:39:59.463+0200] {processor.py:650} INFO - DAG(s) dict_keys(['example_task_group']) retrieved from /Users/v.lytvyniuk/Documents/библиотечка/DE online1/git/de_7/lesson_07/airflow_env/lib/python3.8/site-packages/airflow/example_dags/example_task_group.py
[2023-02-10T21:39:59.496+0200] {logging_mixin.py:115} INFO - [2023-02-10T21:39:59.495+0200] {dag.py:2429} INFO - Sync 1 DAGs
[2023-02-10T21:39:59.503+0200] {logging_mixin.py:115} INFO - [2023-02-10T21:39:59.503+0200] {dag.py:2977} INFO - Setting next_dagrun for example_task_group to 2023-02-09T19:39:59.503056+00:00, run_after=2023-02-10T19:39:59.503056+00:00
[2023-02-10T21:39:59.508+0200] {processor.py:161} INFO - Processing /Users/v.lytvyniuk/Documents/библиотечка/DE online1/git/de_7/lesson_07/airflow_env/lib/python3.8/site-packages/airflow/example_dags/example_task_group.py took 0.057 seconds
[2023-02-10T21:40:50.544+0200] {processor.py:153} INFO - Started process (PID=49828) to work on /Users/v.lytvyniuk/Documents/библиотечка/DE online1/git/de_7/lesson_07/airflow_env/lib/python3.8/site-packages/airflow/example_dags/example_task_group.py
[2023-02-10T21:40:50.548+0200] {processor.py:640} INFO - Processing file /Users/v.lytvyniuk/Documents/библиотечка/DE online1/git/de_7/lesson_07/airflow_env/lib/python3.8/site-packages/airflow/example_dags/example_task_group.py for tasks to queue
[2023-02-10T21:40:50.548+0200] {logging_mixin.py:115} INFO - [2023-02-10T21:40:50.548+0200] {dagbag.py:508} INFO - Filling up the DagBag from /Users/v.lytvyniuk/Documents/библиотечка/DE online1/git/de_7/lesson_07/airflow_env/lib/python3.8/site-packages/airflow/example_dags/example_task_group.py
[2023-02-10T21:40:50.556+0200] {processor.py:650} INFO - DAG(s) dict_keys(['example_task_group']) retrieved from /Users/v.lytvyniuk/Documents/библиотечка/DE online1/git/de_7/lesson_07/airflow_env/lib/python3.8/site-packages/airflow/example_dags/example_task_group.py
[2023-02-10T21:40:50.588+0200] {logging_mixin.py:115} INFO - [2023-02-10T21:40:50.588+0200] {dag.py:2429} INFO - Sync 1 DAGs
[2023-02-10T21:40:50.595+0200] {logging_mixin.py:115} INFO - [2023-02-10T21:40:50.594+0200] {dag.py:2977} INFO - Setting next_dagrun for example_task_group to 2023-02-09T19:40:50.594881+00:00, run_after=2023-02-10T19:40:50.594881+00:00
[2023-02-10T21:40:50.600+0200] {processor.py:161} INFO - Processing /Users/v.lytvyniuk/Documents/библиотечка/DE online1/git/de_7/lesson_07/airflow_env/lib/python3.8/site-packages/airflow/example_dags/example_task_group.py took 0.056 seconds
[2023-02-10T21:41:39.513+0200] {processor.py:153} INFO - Started process (PID=49959) to work on /Users/v.lytvyniuk/Documents/библиотечка/DE online1/git/de_7/lesson_07/airflow_env/lib/python3.8/site-packages/airflow/example_dags/example_task_group.py
[2023-02-10T21:41:39.516+0200] {processor.py:640} INFO - Processing file /Users/v.lytvyniuk/Documents/библиотечка/DE online1/git/de_7/lesson_07/airflow_env/lib/python3.8/site-packages/airflow/example_dags/example_task_group.py for tasks to queue
[2023-02-10T21:41:39.517+0200] {logging_mixin.py:115} INFO - [2023-02-10T21:41:39.517+0200] {dagbag.py:508} INFO - Filling up the DagBag from /Users/v.lytvyniuk/Documents/библиотечка/DE online1/git/de_7/lesson_07/airflow_env/lib/python3.8/site-packages/airflow/example_dags/example_task_group.py
[2023-02-10T21:41:39.524+0200] {processor.py:650} INFO - DAG(s) dict_keys(['example_task_group']) retrieved from /Users/v.lytvyniuk/Documents/библиотечка/DE online1/git/de_7/lesson_07/airflow_env/lib/python3.8/site-packages/airflow/example_dags/example_task_group.py
[2023-02-10T21:41:39.555+0200] {logging_mixin.py:115} INFO - [2023-02-10T21:41:39.555+0200] {dag.py:2429} INFO - Sync 1 DAGs
[2023-02-10T21:41:39.561+0200] {logging_mixin.py:115} INFO - [2023-02-10T21:41:39.561+0200] {dag.py:2977} INFO - Setting next_dagrun for example_task_group to 2023-02-09T19:41:39.561533+00:00, run_after=2023-02-10T19:41:39.561533+00:00
[2023-02-10T21:41:39.567+0200] {processor.py:161} INFO - Processing /Users/v.lytvyniuk/Documents/библиотечка/DE online1/git/de_7/lesson_07/airflow_env/lib/python3.8/site-packages/airflow/example_dags/example_task_group.py took 0.054 seconds
[2023-02-10T21:42:30.973+0200] {processor.py:153} INFO - Started process (PID=50086) to work on /Users/v.lytvyniuk/Documents/библиотечка/DE online1/git/de_7/lesson_07/airflow_env/lib/python3.8/site-packages/airflow/example_dags/example_task_group.py
[2023-02-10T21:42:30.977+0200] {processor.py:640} INFO - Processing file /Users/v.lytvyniuk/Documents/библиотечка/DE online1/git/de_7/lesson_07/airflow_env/lib/python3.8/site-packages/airflow/example_dags/example_task_group.py for tasks to queue
[2023-02-10T21:42:30.977+0200] {logging_mixin.py:115} INFO - [2023-02-10T21:42:30.977+0200] {dagbag.py:508} INFO - Filling up the DagBag from /Users/v.lytvyniuk/Documents/библиотечка/DE online1/git/de_7/lesson_07/airflow_env/lib/python3.8/site-packages/airflow/example_dags/example_task_group.py
[2023-02-10T21:42:30.985+0200] {processor.py:650} INFO - DAG(s) dict_keys(['example_task_group']) retrieved from /Users/v.lytvyniuk/Documents/библиотечка/DE online1/git/de_7/lesson_07/airflow_env/lib/python3.8/site-packages/airflow/example_dags/example_task_group.py
[2023-02-10T21:42:31.016+0200] {logging_mixin.py:115} INFO - [2023-02-10T21:42:31.015+0200] {dag.py:2429} INFO - Sync 1 DAGs
[2023-02-10T21:42:31.022+0200] {logging_mixin.py:115} INFO - [2023-02-10T21:42:31.022+0200] {dag.py:2977} INFO - Setting next_dagrun for example_task_group to 2023-02-09T19:42:31.022520+00:00, run_after=2023-02-10T19:42:31.022520+00:00
[2023-02-10T21:42:31.028+0200] {processor.py:161} INFO - Processing /Users/v.lytvyniuk/Documents/библиотечка/DE online1/git/de_7/lesson_07/airflow_env/lib/python3.8/site-packages/airflow/example_dags/example_task_group.py took 0.055 seconds
[2023-02-10T21:43:22.864+0200] {processor.py:153} INFO - Started process (PID=50232) to work on /Users/v.lytvyniuk/Documents/библиотечка/DE online1/git/de_7/lesson_07/airflow_env/lib/python3.8/site-packages/airflow/example_dags/example_task_group.py
[2023-02-10T21:43:22.866+0200] {processor.py:640} INFO - Processing file /Users/v.lytvyniuk/Documents/библиотечка/DE online1/git/de_7/lesson_07/airflow_env/lib/python3.8/site-packages/airflow/example_dags/example_task_group.py for tasks to queue
[2023-02-10T21:43:22.867+0200] {logging_mixin.py:115} INFO - [2023-02-10T21:43:22.867+0200] {dagbag.py:508} INFO - Filling up the DagBag from /Users/v.lytvyniuk/Documents/библиотечка/DE online1/git/de_7/lesson_07/airflow_env/lib/python3.8/site-packages/airflow/example_dags/example_task_group.py
[2023-02-10T21:43:22.875+0200] {processor.py:650} INFO - DAG(s) dict_keys(['example_task_group']) retrieved from /Users/v.lytvyniuk/Documents/библиотечка/DE online1/git/de_7/lesson_07/airflow_env/lib/python3.8/site-packages/airflow/example_dags/example_task_group.py
[2023-02-10T21:43:22.906+0200] {logging_mixin.py:115} INFO - [2023-02-10T21:43:22.906+0200] {dag.py:2429} INFO - Sync 1 DAGs
[2023-02-10T21:43:22.913+0200] {logging_mixin.py:115} INFO - [2023-02-10T21:43:22.913+0200] {dag.py:2977} INFO - Setting next_dagrun for example_task_group to 2023-02-09T19:43:22.913362+00:00, run_after=2023-02-10T19:43:22.913362+00:00
[2023-02-10T21:43:22.918+0200] {processor.py:161} INFO - Processing /Users/v.lytvyniuk/Documents/библиотечка/DE online1/git/de_7/lesson_07/airflow_env/lib/python3.8/site-packages/airflow/example_dags/example_task_group.py took 0.055 seconds
[2023-02-10T21:44:13.488+0200] {processor.py:153} INFO - Started process (PID=50359) to work on /Users/v.lytvyniuk/Documents/библиотечка/DE online1/git/de_7/lesson_07/airflow_env/lib/python3.8/site-packages/airflow/example_dags/example_task_group.py
[2023-02-10T21:44:13.492+0200] {processor.py:640} INFO - Processing file /Users/v.lytvyniuk/Documents/библиотечка/DE online1/git/de_7/lesson_07/airflow_env/lib/python3.8/site-packages/airflow/example_dags/example_task_group.py for tasks to queue
[2023-02-10T21:44:13.492+0200] {logging_mixin.py:115} INFO - [2023-02-10T21:44:13.492+0200] {dagbag.py:508} INFO - Filling up the DagBag from /Users/v.lytvyniuk/Documents/библиотечка/DE online1/git/de_7/lesson_07/airflow_env/lib/python3.8/site-packages/airflow/example_dags/example_task_group.py
[2023-02-10T21:44:13.500+0200] {processor.py:650} INFO - DAG(s) dict_keys(['example_task_group']) retrieved from /Users/v.lytvyniuk/Documents/библиотечка/DE online1/git/de_7/lesson_07/airflow_env/lib/python3.8/site-packages/airflow/example_dags/example_task_group.py
[2023-02-10T21:44:13.531+0200] {logging_mixin.py:115} INFO - [2023-02-10T21:44:13.531+0200] {dag.py:2429} INFO - Sync 1 DAGs
[2023-02-10T21:44:13.538+0200] {logging_mixin.py:115} INFO - [2023-02-10T21:44:13.538+0200] {dag.py:2977} INFO - Setting next_dagrun for example_task_group to 2023-02-09T19:44:13.538070+00:00, run_after=2023-02-10T19:44:13.538070+00:00
[2023-02-10T21:44:13.543+0200] {processor.py:161} INFO - Processing /Users/v.lytvyniuk/Documents/библиотечка/DE online1/git/de_7/lesson_07/airflow_env/lib/python3.8/site-packages/airflow/example_dags/example_task_group.py took 0.055 seconds
[2023-02-10T21:45:04.165+0200] {processor.py:153} INFO - Started process (PID=50868) to work on /Users/v.lytvyniuk/Documents/библиотечка/DE online1/git/de_7/lesson_07/airflow_env/lib/python3.8/site-packages/airflow/example_dags/example_task_group.py
[2023-02-10T21:45:04.168+0200] {processor.py:640} INFO - Processing file /Users/v.lytvyniuk/Documents/библиотечка/DE online1/git/de_7/lesson_07/airflow_env/lib/python3.8/site-packages/airflow/example_dags/example_task_group.py for tasks to queue
[2023-02-10T21:45:04.168+0200] {logging_mixin.py:115} INFO - [2023-02-10T21:45:04.168+0200] {dagbag.py:508} INFO - Filling up the DagBag from /Users/v.lytvyniuk/Documents/библиотечка/DE online1/git/de_7/lesson_07/airflow_env/lib/python3.8/site-packages/airflow/example_dags/example_task_group.py
[2023-02-10T21:45:04.176+0200] {processor.py:650} INFO - DAG(s) dict_keys(['example_task_group']) retrieved from /Users/v.lytvyniuk/Documents/библиотечка/DE online1/git/de_7/lesson_07/airflow_env/lib/python3.8/site-packages/airflow/example_dags/example_task_group.py
[2023-02-10T21:45:04.208+0200] {logging_mixin.py:115} INFO - [2023-02-10T21:45:04.207+0200] {dag.py:2429} INFO - Sync 1 DAGs
[2023-02-10T21:45:04.215+0200] {logging_mixin.py:115} INFO - [2023-02-10T21:45:04.215+0200] {dag.py:2977} INFO - Setting next_dagrun for example_task_group to 2023-02-09T19:45:04.214923+00:00, run_after=2023-02-10T19:45:04.214923+00:00
[2023-02-10T21:45:04.220+0200] {processor.py:161} INFO - Processing /Users/v.lytvyniuk/Documents/библиотечка/DE online1/git/de_7/lesson_07/airflow_env/lib/python3.8/site-packages/airflow/example_dags/example_task_group.py took 0.055 seconds
[2023-02-10T21:45:56.766+0200] {processor.py:153} INFO - Started process (PID=51016) to work on /Users/v.lytvyniuk/Documents/библиотечка/DE online1/git/de_7/lesson_07/airflow_env/lib/python3.8/site-packages/airflow/example_dags/example_task_group.py
[2023-02-10T21:45:56.770+0200] {processor.py:640} INFO - Processing file /Users/v.lytvyniuk/Documents/библиотечка/DE online1/git/de_7/lesson_07/airflow_env/lib/python3.8/site-packages/airflow/example_dags/example_task_group.py for tasks to queue
[2023-02-10T21:45:56.770+0200] {logging_mixin.py:115} INFO - [2023-02-10T21:45:56.770+0200] {dagbag.py:508} INFO - Filling up the DagBag from /Users/v.lytvyniuk/Documents/библиотечка/DE online1/git/de_7/lesson_07/airflow_env/lib/python3.8/site-packages/airflow/example_dags/example_task_group.py
[2023-02-10T21:45:56.777+0200] {processor.py:650} INFO - DAG(s) dict_keys(['example_task_group']) retrieved from /Users/v.lytvyniuk/Documents/библиотечка/DE online1/git/de_7/lesson_07/airflow_env/lib/python3.8/site-packages/airflow/example_dags/example_task_group.py
[2023-02-10T21:45:56.809+0200] {logging_mixin.py:115} INFO - [2023-02-10T21:45:56.809+0200] {dag.py:2429} INFO - Sync 1 DAGs
[2023-02-10T21:45:56.816+0200] {logging_mixin.py:115} INFO - [2023-02-10T21:45:56.816+0200] {dag.py:2977} INFO - Setting next_dagrun for example_task_group to 2023-02-09T19:45:56.816351+00:00, run_after=2023-02-10T19:45:56.816351+00:00
[2023-02-10T21:45:56.821+0200] {processor.py:161} INFO - Processing /Users/v.lytvyniuk/Documents/библиотечка/DE online1/git/de_7/lesson_07/airflow_env/lib/python3.8/site-packages/airflow/example_dags/example_task_group.py took 0.055 seconds
[2023-02-10T21:46:47.758+0200] {processor.py:153} INFO - Started process (PID=51141) to work on /Users/v.lytvyniuk/Documents/библиотечка/DE online1/git/de_7/lesson_07/airflow_env/lib/python3.8/site-packages/airflow/example_dags/example_task_group.py
[2023-02-10T21:46:47.762+0200] {processor.py:640} INFO - Processing file /Users/v.lytvyniuk/Documents/библиотечка/DE online1/git/de_7/lesson_07/airflow_env/lib/python3.8/site-packages/airflow/example_dags/example_task_group.py for tasks to queue
[2023-02-10T21:46:47.762+0200] {logging_mixin.py:115} INFO - [2023-02-10T21:46:47.762+0200] {dagbag.py:508} INFO - Filling up the DagBag from /Users/v.lytvyniuk/Documents/библиотечка/DE online1/git/de_7/lesson_07/airflow_env/lib/python3.8/site-packages/airflow/example_dags/example_task_group.py
[2023-02-10T21:46:47.776+0200] {processor.py:650} INFO - DAG(s) dict_keys(['example_task_group']) retrieved from /Users/v.lytvyniuk/Documents/библиотечка/DE online1/git/de_7/lesson_07/airflow_env/lib/python3.8/site-packages/airflow/example_dags/example_task_group.py
[2023-02-10T21:46:47.809+0200] {logging_mixin.py:115} INFO - [2023-02-10T21:46:47.809+0200] {dag.py:2429} INFO - Sync 1 DAGs
[2023-02-10T21:46:47.816+0200] {logging_mixin.py:115} INFO - [2023-02-10T21:46:47.816+0200] {dag.py:2977} INFO - Setting next_dagrun for example_task_group to 2023-02-09T19:46:47.816758+00:00, run_after=2023-02-10T19:46:47.816758+00:00
[2023-02-10T21:46:47.823+0200] {processor.py:161} INFO - Processing /Users/v.lytvyniuk/Documents/библиотечка/DE online1/git/de_7/lesson_07/airflow_env/lib/python3.8/site-packages/airflow/example_dags/example_task_group.py took 0.065 seconds
[2023-02-10T21:47:36.336+0200] {processor.py:153} INFO - Started process (PID=51880) to work on /Users/v.lytvyniuk/Documents/библиотечка/DE online1/git/de_7/lesson_07/airflow_env/lib/python3.8/site-packages/airflow/example_dags/example_task_group.py
[2023-02-10T21:47:36.340+0200] {processor.py:640} INFO - Processing file /Users/v.lytvyniuk/Documents/библиотечка/DE online1/git/de_7/lesson_07/airflow_env/lib/python3.8/site-packages/airflow/example_dags/example_task_group.py for tasks to queue
[2023-02-10T21:47:36.340+0200] {logging_mixin.py:115} INFO - [2023-02-10T21:47:36.340+0200] {dagbag.py:508} INFO - Filling up the DagBag from /Users/v.lytvyniuk/Documents/библиотечка/DE online1/git/de_7/lesson_07/airflow_env/lib/python3.8/site-packages/airflow/example_dags/example_task_group.py
[2023-02-10T21:47:36.347+0200] {processor.py:650} INFO - DAG(s) dict_keys(['example_task_group']) retrieved from /Users/v.lytvyniuk/Documents/библиотечка/DE online1/git/de_7/lesson_07/airflow_env/lib/python3.8/site-packages/airflow/example_dags/example_task_group.py
[2023-02-10T21:47:36.378+0200] {logging_mixin.py:115} INFO - [2023-02-10T21:47:36.378+0200] {dag.py:2429} INFO - Sync 1 DAGs
[2023-02-10T21:47:36.385+0200] {logging_mixin.py:115} INFO - [2023-02-10T21:47:36.385+0200] {dag.py:2977} INFO - Setting next_dagrun for example_task_group to 2023-02-09T19:47:36.384944+00:00, run_after=2023-02-10T19:47:36.384944+00:00
[2023-02-10T21:47:36.390+0200] {processor.py:161} INFO - Processing /Users/v.lytvyniuk/Documents/библиотечка/DE online1/git/de_7/lesson_07/airflow_env/lib/python3.8/site-packages/airflow/example_dags/example_task_group.py took 0.054 seconds
[2023-02-10T21:53:43.823+0200] {processor.py:153} INFO - Started process (PID=2533) to work on /Users/v.lytvyniuk/Documents/библиотечка/DE online1/git/de_7/lesson_07/airflow_env/lib/python3.8/site-packages/airflow/example_dags/example_task_group.py
[2023-02-10T21:53:43.826+0200] {processor.py:640} INFO - Processing file /Users/v.lytvyniuk/Documents/библиотечка/DE online1/git/de_7/lesson_07/airflow_env/lib/python3.8/site-packages/airflow/example_dags/example_task_group.py for tasks to queue
[2023-02-10T21:53:43.826+0200] {logging_mixin.py:115} INFO - [2023-02-10T21:53:43.826+0200] {dagbag.py:508} INFO - Filling up the DagBag from /Users/v.lytvyniuk/Documents/библиотечка/DE online1/git/de_7/lesson_07/airflow_env/lib/python3.8/site-packages/airflow/example_dags/example_task_group.py
[2023-02-10T21:53:43.834+0200] {processor.py:650} INFO - DAG(s) dict_keys(['example_task_group']) retrieved from /Users/v.lytvyniuk/Documents/библиотечка/DE online1/git/de_7/lesson_07/airflow_env/lib/python3.8/site-packages/airflow/example_dags/example_task_group.py
[2023-02-10T21:53:43.865+0200] {logging_mixin.py:115} INFO - [2023-02-10T21:53:43.865+0200] {dag.py:2429} INFO - Sync 1 DAGs
[2023-02-10T21:53:43.871+0200] {logging_mixin.py:115} INFO - [2023-02-10T21:53:43.871+0200] {dag.py:2977} INFO - Setting next_dagrun for example_task_group to 2023-02-09T19:53:43.871661+00:00, run_after=2023-02-10T19:53:43.871661+00:00
[2023-02-10T21:53:43.876+0200] {processor.py:161} INFO - Processing /Users/v.lytvyniuk/Documents/библиотечка/DE online1/git/de_7/lesson_07/airflow_env/lib/python3.8/site-packages/airflow/example_dags/example_task_group.py took 0.054 seconds
[2023-02-10T21:54:36.517+0200] {processor.py:153} INFO - Started process (PID=2737) to work on /Users/v.lytvyniuk/Documents/библиотечка/DE online1/git/de_7/lesson_07/airflow_env/lib/python3.8/site-packages/airflow/example_dags/example_task_group.py
[2023-02-10T21:54:36.521+0200] {processor.py:640} INFO - Processing file /Users/v.lytvyniuk/Documents/библиотечка/DE online1/git/de_7/lesson_07/airflow_env/lib/python3.8/site-packages/airflow/example_dags/example_task_group.py for tasks to queue
[2023-02-10T21:54:36.521+0200] {logging_mixin.py:115} INFO - [2023-02-10T21:54:36.521+0200] {dagbag.py:508} INFO - Filling up the DagBag from /Users/v.lytvyniuk/Documents/библиотечка/DE online1/git/de_7/lesson_07/airflow_env/lib/python3.8/site-packages/airflow/example_dags/example_task_group.py
[2023-02-10T21:54:36.528+0200] {processor.py:650} INFO - DAG(s) dict_keys(['example_task_group']) retrieved from /Users/v.lytvyniuk/Documents/библиотечка/DE online1/git/de_7/lesson_07/airflow_env/lib/python3.8/site-packages/airflow/example_dags/example_task_group.py
[2023-02-10T21:54:36.560+0200] {logging_mixin.py:115} INFO - [2023-02-10T21:54:36.559+0200] {dag.py:2429} INFO - Sync 1 DAGs
[2023-02-10T21:54:36.566+0200] {logging_mixin.py:115} INFO - [2023-02-10T21:54:36.566+0200] {dag.py:2977} INFO - Setting next_dagrun for example_task_group to 2023-02-09T19:54:36.566499+00:00, run_after=2023-02-10T19:54:36.566499+00:00
[2023-02-10T21:54:36.571+0200] {processor.py:161} INFO - Processing /Users/v.lytvyniuk/Documents/библиотечка/DE online1/git/de_7/lesson_07/airflow_env/lib/python3.8/site-packages/airflow/example_dags/example_task_group.py took 0.055 seconds
[2023-02-10T21:55:26.565+0200] {processor.py:153} INFO - Started process (PID=2924) to work on /Users/v.lytvyniuk/Documents/библиотечка/DE online1/git/de_7/lesson_07/airflow_env/lib/python3.8/site-packages/airflow/example_dags/example_task_group.py
[2023-02-10T21:55:26.568+0200] {processor.py:640} INFO - Processing file /Users/v.lytvyniuk/Documents/библиотечка/DE online1/git/de_7/lesson_07/airflow_env/lib/python3.8/site-packages/airflow/example_dags/example_task_group.py for tasks to queue
[2023-02-10T21:55:26.568+0200] {logging_mixin.py:115} INFO - [2023-02-10T21:55:26.568+0200] {dagbag.py:508} INFO - Filling up the DagBag from /Users/v.lytvyniuk/Documents/библиотечка/DE online1/git/de_7/lesson_07/airflow_env/lib/python3.8/site-packages/airflow/example_dags/example_task_group.py
[2023-02-10T21:55:26.576+0200] {processor.py:650} INFO - DAG(s) dict_keys(['example_task_group']) retrieved from /Users/v.lytvyniuk/Documents/библиотечка/DE online1/git/de_7/lesson_07/airflow_env/lib/python3.8/site-packages/airflow/example_dags/example_task_group.py
[2023-02-10T21:55:26.608+0200] {logging_mixin.py:115} INFO - [2023-02-10T21:55:26.608+0200] {dag.py:2429} INFO - Sync 1 DAGs
[2023-02-10T21:55:26.615+0200] {logging_mixin.py:115} INFO - [2023-02-10T21:55:26.615+0200] {dag.py:2977} INFO - Setting next_dagrun for example_task_group to 2023-02-09T19:55:26.615098+00:00, run_after=2023-02-10T19:55:26.615098+00:00
[2023-02-10T21:55:26.620+0200] {processor.py:161} INFO - Processing /Users/v.lytvyniuk/Documents/библиотечка/DE online1/git/de_7/lesson_07/airflow_env/lib/python3.8/site-packages/airflow/example_dags/example_task_group.py took 0.055 seconds
[2023-02-10T21:56:19.682+0200] {processor.py:153} INFO - Started process (PID=3094) to work on /Users/v.lytvyniuk/Documents/библиотечка/DE online1/git/de_7/lesson_07/airflow_env/lib/python3.8/site-packages/airflow/example_dags/example_task_group.py
[2023-02-10T21:56:19.685+0200] {processor.py:640} INFO - Processing file /Users/v.lytvyniuk/Documents/библиотечка/DE online1/git/de_7/lesson_07/airflow_env/lib/python3.8/site-packages/airflow/example_dags/example_task_group.py for tasks to queue
[2023-02-10T21:56:19.685+0200] {logging_mixin.py:115} INFO - [2023-02-10T21:56:19.685+0200] {dagbag.py:508} INFO - Filling up the DagBag from /Users/v.lytvyniuk/Documents/библиотечка/DE online1/git/de_7/lesson_07/airflow_env/lib/python3.8/site-packages/airflow/example_dags/example_task_group.py
[2023-02-10T21:56:19.693+0200] {processor.py:650} INFO - DAG(s) dict_keys(['example_task_group']) retrieved from /Users/v.lytvyniuk/Documents/библиотечка/DE online1/git/de_7/lesson_07/airflow_env/lib/python3.8/site-packages/airflow/example_dags/example_task_group.py
[2023-02-10T21:56:19.724+0200] {logging_mixin.py:115} INFO - [2023-02-10T21:56:19.723+0200] {dag.py:2429} INFO - Sync 1 DAGs
[2023-02-10T21:56:19.730+0200] {logging_mixin.py:115} INFO - [2023-02-10T21:56:19.730+0200] {dag.py:2977} INFO - Setting next_dagrun for example_task_group to 2023-02-09T19:56:19.730518+00:00, run_after=2023-02-10T19:56:19.730518+00:00
[2023-02-10T21:56:19.735+0200] {processor.py:161} INFO - Processing /Users/v.lytvyniuk/Documents/библиотечка/DE online1/git/de_7/lesson_07/airflow_env/lib/python3.8/site-packages/airflow/example_dags/example_task_group.py took 0.054 seconds
[2023-02-10T21:57:11.797+0200] {processor.py:153} INFO - Started process (PID=3248) to work on /Users/v.lytvyniuk/Documents/библиотечка/DE online1/git/de_7/lesson_07/airflow_env/lib/python3.8/site-packages/airflow/example_dags/example_task_group.py
[2023-02-10T21:57:11.800+0200] {processor.py:640} INFO - Processing file /Users/v.lytvyniuk/Documents/библиотечка/DE online1/git/de_7/lesson_07/airflow_env/lib/python3.8/site-packages/airflow/example_dags/example_task_group.py for tasks to queue
[2023-02-10T21:57:11.800+0200] {logging_mixin.py:115} INFO - [2023-02-10T21:57:11.800+0200] {dagbag.py:508} INFO - Filling up the DagBag from /Users/v.lytvyniuk/Documents/библиотечка/DE online1/git/de_7/lesson_07/airflow_env/lib/python3.8/site-packages/airflow/example_dags/example_task_group.py
[2023-02-10T21:57:11.808+0200] {processor.py:650} INFO - DAG(s) dict_keys(['example_task_group']) retrieved from /Users/v.lytvyniuk/Documents/библиотечка/DE online1/git/de_7/lesson_07/airflow_env/lib/python3.8/site-packages/airflow/example_dags/example_task_group.py
[2023-02-10T21:57:11.840+0200] {logging_mixin.py:115} INFO - [2023-02-10T21:57:11.840+0200] {dag.py:2429} INFO - Sync 1 DAGs
[2023-02-10T21:57:11.847+0200] {logging_mixin.py:115} INFO - [2023-02-10T21:57:11.847+0200] {dag.py:2977} INFO - Setting next_dagrun for example_task_group to 2023-02-09T19:57:11.847153+00:00, run_after=2023-02-10T19:57:11.847153+00:00
[2023-02-10T21:57:11.852+0200] {processor.py:161} INFO - Processing /Users/v.lytvyniuk/Documents/библиотечка/DE online1/git/de_7/lesson_07/airflow_env/lib/python3.8/site-packages/airflow/example_dags/example_task_group.py took 0.056 seconds
[2023-02-10T21:58:05.610+0200] {processor.py:153} INFO - Started process (PID=3571) to work on /Users/v.lytvyniuk/Documents/библиотечка/DE online1/git/de_7/lesson_07/airflow_env/lib/python3.8/site-packages/airflow/example_dags/example_task_group.py
[2023-02-10T21:58:05.613+0200] {processor.py:640} INFO - Processing file /Users/v.lytvyniuk/Documents/библиотечка/DE online1/git/de_7/lesson_07/airflow_env/lib/python3.8/site-packages/airflow/example_dags/example_task_group.py for tasks to queue
[2023-02-10T21:58:05.613+0200] {logging_mixin.py:115} INFO - [2023-02-10T21:58:05.613+0200] {dagbag.py:508} INFO - Filling up the DagBag from /Users/v.lytvyniuk/Documents/библиотечка/DE online1/git/de_7/lesson_07/airflow_env/lib/python3.8/site-packages/airflow/example_dags/example_task_group.py
[2023-02-10T21:58:05.621+0200] {processor.py:650} INFO - DAG(s) dict_keys(['example_task_group']) retrieved from /Users/v.lytvyniuk/Documents/библиотечка/DE online1/git/de_7/lesson_07/airflow_env/lib/python3.8/site-packages/airflow/example_dags/example_task_group.py
[2023-02-10T21:58:05.653+0200] {logging_mixin.py:115} INFO - [2023-02-10T21:58:05.653+0200] {dag.py:2429} INFO - Sync 1 DAGs
[2023-02-10T21:58:05.660+0200] {logging_mixin.py:115} INFO - [2023-02-10T21:58:05.660+0200] {dag.py:2977} INFO - Setting next_dagrun for example_task_group to 2023-02-09T19:58:05.660426+00:00, run_after=2023-02-10T19:58:05.660426+00:00
[2023-02-10T21:58:05.666+0200] {processor.py:161} INFO - Processing /Users/v.lytvyniuk/Documents/библиотечка/DE online1/git/de_7/lesson_07/airflow_env/lib/python3.8/site-packages/airflow/example_dags/example_task_group.py took 0.056 seconds
