[2023-02-10T21:32:08.381+0200] {processor.py:153} INFO - Started process (PID=48279) to work on /Users/v.lytvyniuk/Documents/библиотечка/DE online1/git/de_7/lesson_07/airflow_env/lib/python3.8/site-packages/airflow/example_dags/example_xcomargs.py
[2023-02-10T21:32:08.384+0200] {processor.py:640} INFO - Processing file /Users/v.lytvyniuk/Documents/библиотечка/DE online1/git/de_7/lesson_07/airflow_env/lib/python3.8/site-packages/airflow/example_dags/example_xcomargs.py for tasks to queue
[2023-02-10T21:32:08.384+0200] {logging_mixin.py:115} INFO - [2023-02-10T21:32:08.384+0200] {dagbag.py:508} INFO - Filling up the DagBag from /Users/v.lytvyniuk/Documents/библиотечка/DE online1/git/de_7/lesson_07/airflow_env/lib/python3.8/site-packages/airflow/example_dags/example_xcomargs.py
[2023-02-10T21:32:08.403+0200] {processor.py:650} INFO - DAG(s) dict_keys(['example_xcom_args', 'example_xcom_args_with_operators']) retrieved from /Users/v.lytvyniuk/Documents/библиотечка/DE online1/git/de_7/lesson_07/airflow_env/lib/python3.8/site-packages/airflow/example_dags/example_xcomargs.py
[2023-02-10T21:32:08.801+0200] {logging_mixin.py:115} INFO - [2023-02-10T21:32:08.801+0200] {manager.py:508} INFO - Created Permission View: can read on DAG:example_xcom_args
[2023-02-10T21:32:08.805+0200] {logging_mixin.py:115} INFO - [2023-02-10T21:32:08.805+0200] {manager.py:508} INFO - Created Permission View: can edit on DAG:example_xcom_args
[2023-02-10T21:32:08.807+0200] {logging_mixin.py:115} INFO - [2023-02-10T21:32:08.807+0200] {manager.py:508} INFO - Created Permission View: can delete on DAG:example_xcom_args
[2023-02-10T21:32:08.813+0200] {logging_mixin.py:115} INFO - [2023-02-10T21:32:08.813+0200] {manager.py:508} INFO - Created Permission View: can read on DAG:example_xcom_args_with_operators
[2023-02-10T21:32:08.816+0200] {logging_mixin.py:115} INFO - [2023-02-10T21:32:08.816+0200] {manager.py:508} INFO - Created Permission View: can edit on DAG:example_xcom_args_with_operators
[2023-02-10T21:32:08.818+0200] {logging_mixin.py:115} INFO - [2023-02-10T21:32:08.818+0200] {manager.py:508} INFO - Created Permission View: can delete on DAG:example_xcom_args_with_operators
[2023-02-10T21:32:08.818+0200] {logging_mixin.py:115} INFO - [2023-02-10T21:32:08.818+0200] {dag.py:2429} INFO - Sync 2 DAGs
[2023-02-10T21:32:08.822+0200] {logging_mixin.py:115} INFO - [2023-02-10T21:32:08.822+0200] {dag.py:2448} INFO - Creating ORM DAG for example_xcom_args_with_operators
[2023-02-10T21:32:08.822+0200] {logging_mixin.py:115} INFO - [2023-02-10T21:32:08.822+0200] {dag.py:2448} INFO - Creating ORM DAG for example_xcom_args
[2023-02-10T21:32:08.826+0200] {logging_mixin.py:115} INFO - [2023-02-10T21:32:08.826+0200] {dag.py:2977} INFO - Setting next_dagrun for example_xcom_args to None, run_after=None
[2023-02-10T21:32:08.826+0200] {logging_mixin.py:115} INFO - [2023-02-10T21:32:08.826+0200] {dag.py:2977} INFO - Setting next_dagrun for example_xcom_args_with_operators to None, run_after=None
[2023-02-10T21:32:08.832+0200] {processor.py:161} INFO - Processing /Users/v.lytvyniuk/Documents/библиотечка/DE online1/git/de_7/lesson_07/airflow_env/lib/python3.8/site-packages/airflow/example_dags/example_xcomargs.py took 0.452 seconds
[2023-02-10T21:34:47.884+0200] {processor.py:153} INFO - Started process (PID=48751) to work on /Users/v.lytvyniuk/Documents/библиотечка/DE online1/git/de_7/lesson_07/airflow_env/lib/python3.8/site-packages/airflow/example_dags/example_xcomargs.py
[2023-02-10T21:34:47.887+0200] {processor.py:640} INFO - Processing file /Users/v.lytvyniuk/Documents/библиотечка/DE online1/git/de_7/lesson_07/airflow_env/lib/python3.8/site-packages/airflow/example_dags/example_xcomargs.py for tasks to queue
[2023-02-10T21:34:47.888+0200] {logging_mixin.py:115} INFO - [2023-02-10T21:34:47.888+0200] {dagbag.py:508} INFO - Filling up the DagBag from /Users/v.lytvyniuk/Documents/библиотечка/DE online1/git/de_7/lesson_07/airflow_env/lib/python3.8/site-packages/airflow/example_dags/example_xcomargs.py
[2023-02-10T21:34:47.909+0200] {processor.py:650} INFO - DAG(s) dict_keys(['example_xcom_args', 'example_xcom_args_with_operators']) retrieved from /Users/v.lytvyniuk/Documents/библиотечка/DE online1/git/de_7/lesson_07/airflow_env/lib/python3.8/site-packages/airflow/example_dags/example_xcomargs.py
[2023-02-10T21:34:48.230+0200] {logging_mixin.py:115} INFO - [2023-02-10T21:34:48.229+0200] {dag.py:2429} INFO - Sync 2 DAGs
[2023-02-10T21:34:48.237+0200] {logging_mixin.py:115} INFO - [2023-02-10T21:34:48.237+0200] {dag.py:2977} INFO - Setting next_dagrun for example_xcom_args to None, run_after=None
[2023-02-10T21:34:48.238+0200] {logging_mixin.py:115} INFO - [2023-02-10T21:34:48.238+0200] {dag.py:2977} INFO - Setting next_dagrun for example_xcom_args_with_operators to None, run_after=None
[2023-02-10T21:34:48.245+0200] {processor.py:161} INFO - Processing /Users/v.lytvyniuk/Documents/библиотечка/DE online1/git/de_7/lesson_07/airflow_env/lib/python3.8/site-packages/airflow/example_dags/example_xcomargs.py took 0.361 seconds
[2023-02-10T21:35:38.997+0200] {processor.py:153} INFO - Started process (PID=48891) to work on /Users/v.lytvyniuk/Documents/библиотечка/DE online1/git/de_7/lesson_07/airflow_env/lib/python3.8/site-packages/airflow/example_dags/example_xcomargs.py
[2023-02-10T21:35:39.000+0200] {processor.py:640} INFO - Processing file /Users/v.lytvyniuk/Documents/библиотечка/DE online1/git/de_7/lesson_07/airflow_env/lib/python3.8/site-packages/airflow/example_dags/example_xcomargs.py for tasks to queue
[2023-02-10T21:35:39.000+0200] {logging_mixin.py:115} INFO - [2023-02-10T21:35:39.000+0200] {dagbag.py:508} INFO - Filling up the DagBag from /Users/v.lytvyniuk/Documents/библиотечка/DE online1/git/de_7/lesson_07/airflow_env/lib/python3.8/site-packages/airflow/example_dags/example_xcomargs.py
[2023-02-10T21:35:39.019+0200] {processor.py:650} INFO - DAG(s) dict_keys(['example_xcom_args', 'example_xcom_args_with_operators']) retrieved from /Users/v.lytvyniuk/Documents/библиотечка/DE online1/git/de_7/lesson_07/airflow_env/lib/python3.8/site-packages/airflow/example_dags/example_xcomargs.py
[2023-02-10T21:35:39.317+0200] {logging_mixin.py:115} INFO - [2023-02-10T21:35:39.317+0200] {dag.py:2429} INFO - Sync 2 DAGs
[2023-02-10T21:35:39.324+0200] {logging_mixin.py:115} INFO - [2023-02-10T21:35:39.324+0200] {dag.py:2977} INFO - Setting next_dagrun for example_xcom_args to None, run_after=None
[2023-02-10T21:35:39.324+0200] {logging_mixin.py:115} INFO - [2023-02-10T21:35:39.324+0200] {dag.py:2977} INFO - Setting next_dagrun for example_xcom_args_with_operators to None, run_after=None
[2023-02-10T21:35:39.330+0200] {processor.py:161} INFO - Processing /Users/v.lytvyniuk/Documents/библиотечка/DE online1/git/de_7/lesson_07/airflow_env/lib/python3.8/site-packages/airflow/example_dags/example_xcomargs.py took 0.333 seconds
[2023-02-10T21:36:30.189+0200] {processor.py:153} INFO - Started process (PID=49027) to work on /Users/v.lytvyniuk/Documents/библиотечка/DE online1/git/de_7/lesson_07/airflow_env/lib/python3.8/site-packages/airflow/example_dags/example_xcomargs.py
[2023-02-10T21:36:30.193+0200] {processor.py:640} INFO - Processing file /Users/v.lytvyniuk/Documents/библиотечка/DE online1/git/de_7/lesson_07/airflow_env/lib/python3.8/site-packages/airflow/example_dags/example_xcomargs.py for tasks to queue
[2023-02-10T21:36:30.193+0200] {logging_mixin.py:115} INFO - [2023-02-10T21:36:30.193+0200] {dagbag.py:508} INFO - Filling up the DagBag from /Users/v.lytvyniuk/Documents/библиотечка/DE online1/git/de_7/lesson_07/airflow_env/lib/python3.8/site-packages/airflow/example_dags/example_xcomargs.py
[2023-02-10T21:36:30.211+0200] {processor.py:650} INFO - DAG(s) dict_keys(['example_xcom_args', 'example_xcom_args_with_operators']) retrieved from /Users/v.lytvyniuk/Documents/библиотечка/DE online1/git/de_7/lesson_07/airflow_env/lib/python3.8/site-packages/airflow/example_dags/example_xcomargs.py
[2023-02-10T21:36:30.513+0200] {logging_mixin.py:115} INFO - [2023-02-10T21:36:30.513+0200] {dag.py:2429} INFO - Sync 2 DAGs
[2023-02-10T21:36:30.521+0200] {logging_mixin.py:115} INFO - [2023-02-10T21:36:30.521+0200] {dag.py:2977} INFO - Setting next_dagrun for example_xcom_args to None, run_after=None
[2023-02-10T21:36:30.521+0200] {logging_mixin.py:115} INFO - [2023-02-10T21:36:30.521+0200] {dag.py:2977} INFO - Setting next_dagrun for example_xcom_args_with_operators to None, run_after=None
[2023-02-10T21:36:30.532+0200] {processor.py:161} INFO - Processing /Users/v.lytvyniuk/Documents/библиотечка/DE online1/git/de_7/lesson_07/airflow_env/lib/python3.8/site-packages/airflow/example_dags/example_xcomargs.py took 0.343 seconds
[2023-02-10T21:37:20.396+0200] {processor.py:153} INFO - Started process (PID=49179) to work on /Users/v.lytvyniuk/Documents/библиотечка/DE online1/git/de_7/lesson_07/airflow_env/lib/python3.8/site-packages/airflow/example_dags/example_xcomargs.py
[2023-02-10T21:37:20.399+0200] {processor.py:640} INFO - Processing file /Users/v.lytvyniuk/Documents/библиотечка/DE online1/git/de_7/lesson_07/airflow_env/lib/python3.8/site-packages/airflow/example_dags/example_xcomargs.py for tasks to queue
[2023-02-10T21:37:20.399+0200] {logging_mixin.py:115} INFO - [2023-02-10T21:37:20.399+0200] {dagbag.py:508} INFO - Filling up the DagBag from /Users/v.lytvyniuk/Documents/библиотечка/DE online1/git/de_7/lesson_07/airflow_env/lib/python3.8/site-packages/airflow/example_dags/example_xcomargs.py
[2023-02-10T21:37:20.418+0200] {processor.py:650} INFO - DAG(s) dict_keys(['example_xcom_args', 'example_xcom_args_with_operators']) retrieved from /Users/v.lytvyniuk/Documents/библиотечка/DE online1/git/de_7/lesson_07/airflow_env/lib/python3.8/site-packages/airflow/example_dags/example_xcomargs.py
[2023-02-10T21:37:20.716+0200] {logging_mixin.py:115} INFO - [2023-02-10T21:37:20.715+0200] {dag.py:2429} INFO - Sync 2 DAGs
[2023-02-10T21:37:20.723+0200] {logging_mixin.py:115} INFO - [2023-02-10T21:37:20.723+0200] {dag.py:2977} INFO - Setting next_dagrun for example_xcom_args to None, run_after=None
[2023-02-10T21:37:20.723+0200] {logging_mixin.py:115} INFO - [2023-02-10T21:37:20.723+0200] {dag.py:2977} INFO - Setting next_dagrun for example_xcom_args_with_operators to None, run_after=None
[2023-02-10T21:37:20.729+0200] {processor.py:161} INFO - Processing /Users/v.lytvyniuk/Documents/библиотечка/DE online1/git/de_7/lesson_07/airflow_env/lib/python3.8/site-packages/airflow/example_dags/example_xcomargs.py took 0.333 seconds
[2023-02-10T21:38:10.383+0200] {processor.py:153} INFO - Started process (PID=49315) to work on /Users/v.lytvyniuk/Documents/библиотечка/DE online1/git/de_7/lesson_07/airflow_env/lib/python3.8/site-packages/airflow/example_dags/example_xcomargs.py
[2023-02-10T21:38:10.386+0200] {processor.py:640} INFO - Processing file /Users/v.lytvyniuk/Documents/библиотечка/DE online1/git/de_7/lesson_07/airflow_env/lib/python3.8/site-packages/airflow/example_dags/example_xcomargs.py for tasks to queue
[2023-02-10T21:38:10.386+0200] {logging_mixin.py:115} INFO - [2023-02-10T21:38:10.386+0200] {dagbag.py:508} INFO - Filling up the DagBag from /Users/v.lytvyniuk/Documents/библиотечка/DE online1/git/de_7/lesson_07/airflow_env/lib/python3.8/site-packages/airflow/example_dags/example_xcomargs.py
[2023-02-10T21:38:10.405+0200] {processor.py:650} INFO - DAG(s) dict_keys(['example_xcom_args', 'example_xcom_args_with_operators']) retrieved from /Users/v.lytvyniuk/Documents/библиотечка/DE online1/git/de_7/lesson_07/airflow_env/lib/python3.8/site-packages/airflow/example_dags/example_xcomargs.py
[2023-02-10T21:38:10.709+0200] {logging_mixin.py:115} INFO - [2023-02-10T21:38:10.708+0200] {dag.py:2429} INFO - Sync 2 DAGs
[2023-02-10T21:38:10.716+0200] {logging_mixin.py:115} INFO - [2023-02-10T21:38:10.716+0200] {dag.py:2977} INFO - Setting next_dagrun for example_xcom_args to None, run_after=None
[2023-02-10T21:38:10.716+0200] {logging_mixin.py:115} INFO - [2023-02-10T21:38:10.716+0200] {dag.py:2977} INFO - Setting next_dagrun for example_xcom_args_with_operators to None, run_after=None
[2023-02-10T21:38:10.723+0200] {processor.py:161} INFO - Processing /Users/v.lytvyniuk/Documents/библиотечка/DE online1/git/de_7/lesson_07/airflow_env/lib/python3.8/site-packages/airflow/example_dags/example_xcomargs.py took 0.340 seconds
[2023-02-10T21:38:59.695+0200] {processor.py:153} INFO - Started process (PID=49488) to work on /Users/v.lytvyniuk/Documents/библиотечка/DE online1/git/de_7/lesson_07/airflow_env/lib/python3.8/site-packages/airflow/example_dags/example_xcomargs.py
[2023-02-10T21:38:59.698+0200] {processor.py:640} INFO - Processing file /Users/v.lytvyniuk/Documents/библиотечка/DE online1/git/de_7/lesson_07/airflow_env/lib/python3.8/site-packages/airflow/example_dags/example_xcomargs.py for tasks to queue
[2023-02-10T21:38:59.699+0200] {logging_mixin.py:115} INFO - [2023-02-10T21:38:59.699+0200] {dagbag.py:508} INFO - Filling up the DagBag from /Users/v.lytvyniuk/Documents/библиотечка/DE online1/git/de_7/lesson_07/airflow_env/lib/python3.8/site-packages/airflow/example_dags/example_xcomargs.py
[2023-02-10T21:38:59.718+0200] {processor.py:650} INFO - DAG(s) dict_keys(['example_xcom_args', 'example_xcom_args_with_operators']) retrieved from /Users/v.lytvyniuk/Documents/библиотечка/DE online1/git/de_7/lesson_07/airflow_env/lib/python3.8/site-packages/airflow/example_dags/example_xcomargs.py
[2023-02-10T21:39:00.031+0200] {logging_mixin.py:115} INFO - [2023-02-10T21:39:00.030+0200] {dag.py:2429} INFO - Sync 2 DAGs
[2023-02-10T21:39:00.038+0200] {logging_mixin.py:115} INFO - [2023-02-10T21:39:00.038+0200] {dag.py:2977} INFO - Setting next_dagrun for example_xcom_args to None, run_after=None
[2023-02-10T21:39:00.038+0200] {logging_mixin.py:115} INFO - [2023-02-10T21:39:00.038+0200] {dag.py:2977} INFO - Setting next_dagrun for example_xcom_args_with_operators to None, run_after=None
[2023-02-10T21:39:00.044+0200] {processor.py:161} INFO - Processing /Users/v.lytvyniuk/Documents/библиотечка/DE online1/git/de_7/lesson_07/airflow_env/lib/python3.8/site-packages/airflow/example_dags/example_xcomargs.py took 0.349 seconds
[2023-02-10T21:39:49.687+0200] {processor.py:153} INFO - Started process (PID=49661) to work on /Users/v.lytvyniuk/Documents/библиотечка/DE online1/git/de_7/lesson_07/airflow_env/lib/python3.8/site-packages/airflow/example_dags/example_xcomargs.py
[2023-02-10T21:39:49.690+0200] {processor.py:640} INFO - Processing file /Users/v.lytvyniuk/Documents/библиотечка/DE online1/git/de_7/lesson_07/airflow_env/lib/python3.8/site-packages/airflow/example_dags/example_xcomargs.py for tasks to queue
[2023-02-10T21:39:49.690+0200] {logging_mixin.py:115} INFO - [2023-02-10T21:39:49.690+0200] {dagbag.py:508} INFO - Filling up the DagBag from /Users/v.lytvyniuk/Documents/библиотечка/DE online1/git/de_7/lesson_07/airflow_env/lib/python3.8/site-packages/airflow/example_dags/example_xcomargs.py
[2023-02-10T21:39:49.710+0200] {processor.py:650} INFO - DAG(s) dict_keys(['example_xcom_args', 'example_xcom_args_with_operators']) retrieved from /Users/v.lytvyniuk/Documents/библиотечка/DE online1/git/de_7/lesson_07/airflow_env/lib/python3.8/site-packages/airflow/example_dags/example_xcomargs.py
[2023-02-10T21:39:50.018+0200] {logging_mixin.py:115} INFO - [2023-02-10T21:39:50.018+0200] {dag.py:2429} INFO - Sync 2 DAGs
[2023-02-10T21:39:50.026+0200] {logging_mixin.py:115} INFO - [2023-02-10T21:39:50.026+0200] {dag.py:2977} INFO - Setting next_dagrun for example_xcom_args to None, run_after=None
[2023-02-10T21:39:50.026+0200] {logging_mixin.py:115} INFO - [2023-02-10T21:39:50.026+0200] {dag.py:2977} INFO - Setting next_dagrun for example_xcom_args_with_operators to None, run_after=None
[2023-02-10T21:39:50.032+0200] {processor.py:161} INFO - Processing /Users/v.lytvyniuk/Documents/библиотечка/DE online1/git/de_7/lesson_07/airflow_env/lib/python3.8/site-packages/airflow/example_dags/example_xcomargs.py took 0.345 seconds
[2023-02-10T21:40:39.901+0200] {processor.py:153} INFO - Started process (PID=49798) to work on /Users/v.lytvyniuk/Documents/библиотечка/DE online1/git/de_7/lesson_07/airflow_env/lib/python3.8/site-packages/airflow/example_dags/example_xcomargs.py
[2023-02-10T21:40:39.904+0200] {processor.py:640} INFO - Processing file /Users/v.lytvyniuk/Documents/библиотечка/DE online1/git/de_7/lesson_07/airflow_env/lib/python3.8/site-packages/airflow/example_dags/example_xcomargs.py for tasks to queue
[2023-02-10T21:40:39.904+0200] {logging_mixin.py:115} INFO - [2023-02-10T21:40:39.904+0200] {dagbag.py:508} INFO - Filling up the DagBag from /Users/v.lytvyniuk/Documents/библиотечка/DE online1/git/de_7/lesson_07/airflow_env/lib/python3.8/site-packages/airflow/example_dags/example_xcomargs.py
[2023-02-10T21:40:39.922+0200] {processor.py:650} INFO - DAG(s) dict_keys(['example_xcom_args', 'example_xcom_args_with_operators']) retrieved from /Users/v.lytvyniuk/Documents/библиотечка/DE online1/git/de_7/lesson_07/airflow_env/lib/python3.8/site-packages/airflow/example_dags/example_xcomargs.py
[2023-02-10T21:40:40.224+0200] {logging_mixin.py:115} INFO - [2023-02-10T21:40:40.224+0200] {dag.py:2429} INFO - Sync 2 DAGs
[2023-02-10T21:40:40.232+0200] {logging_mixin.py:115} INFO - [2023-02-10T21:40:40.232+0200] {dag.py:2977} INFO - Setting next_dagrun for example_xcom_args to None, run_after=None
[2023-02-10T21:40:40.232+0200] {logging_mixin.py:115} INFO - [2023-02-10T21:40:40.232+0200] {dag.py:2977} INFO - Setting next_dagrun for example_xcom_args_with_operators to None, run_after=None
[2023-02-10T21:40:40.238+0200] {processor.py:161} INFO - Processing /Users/v.lytvyniuk/Documents/библиотечка/DE online1/git/de_7/lesson_07/airflow_env/lib/python3.8/site-packages/airflow/example_dags/example_xcomargs.py took 0.337 seconds
[2023-02-10T21:41:29.725+0200] {processor.py:153} INFO - Started process (PID=49932) to work on /Users/v.lytvyniuk/Documents/библиотечка/DE online1/git/de_7/lesson_07/airflow_env/lib/python3.8/site-packages/airflow/example_dags/example_xcomargs.py
[2023-02-10T21:41:29.728+0200] {processor.py:640} INFO - Processing file /Users/v.lytvyniuk/Documents/библиотечка/DE online1/git/de_7/lesson_07/airflow_env/lib/python3.8/site-packages/airflow/example_dags/example_xcomargs.py for tasks to queue
[2023-02-10T21:41:29.728+0200] {logging_mixin.py:115} INFO - [2023-02-10T21:41:29.728+0200] {dagbag.py:508} INFO - Filling up the DagBag from /Users/v.lytvyniuk/Documents/библиотечка/DE online1/git/de_7/lesson_07/airflow_env/lib/python3.8/site-packages/airflow/example_dags/example_xcomargs.py
[2023-02-10T21:41:29.747+0200] {processor.py:650} INFO - DAG(s) dict_keys(['example_xcom_args', 'example_xcom_args_with_operators']) retrieved from /Users/v.lytvyniuk/Documents/библиотечка/DE online1/git/de_7/lesson_07/airflow_env/lib/python3.8/site-packages/airflow/example_dags/example_xcomargs.py
[2023-02-10T21:41:30.042+0200] {logging_mixin.py:115} INFO - [2023-02-10T21:41:30.042+0200] {dag.py:2429} INFO - Sync 2 DAGs
[2023-02-10T21:41:30.049+0200] {logging_mixin.py:115} INFO - [2023-02-10T21:41:30.049+0200] {dag.py:2977} INFO - Setting next_dagrun for example_xcom_args to None, run_after=None
[2023-02-10T21:41:30.050+0200] {logging_mixin.py:115} INFO - [2023-02-10T21:41:30.049+0200] {dag.py:2977} INFO - Setting next_dagrun for example_xcom_args_with_operators to None, run_after=None
[2023-02-10T21:41:30.055+0200] {processor.py:161} INFO - Processing /Users/v.lytvyniuk/Documents/библиотечка/DE online1/git/de_7/lesson_07/airflow_env/lib/python3.8/site-packages/airflow/example_dags/example_xcomargs.py took 0.331 seconds
[2023-02-10T21:42:21.413+0200] {processor.py:153} INFO - Started process (PID=50065) to work on /Users/v.lytvyniuk/Documents/библиотечка/DE online1/git/de_7/lesson_07/airflow_env/lib/python3.8/site-packages/airflow/example_dags/example_xcomargs.py
[2023-02-10T21:42:21.417+0200] {processor.py:640} INFO - Processing file /Users/v.lytvyniuk/Documents/библиотечка/DE online1/git/de_7/lesson_07/airflow_env/lib/python3.8/site-packages/airflow/example_dags/example_xcomargs.py for tasks to queue
[2023-02-10T21:42:21.417+0200] {logging_mixin.py:115} INFO - [2023-02-10T21:42:21.417+0200] {dagbag.py:508} INFO - Filling up the DagBag from /Users/v.lytvyniuk/Documents/библиотечка/DE online1/git/de_7/lesson_07/airflow_env/lib/python3.8/site-packages/airflow/example_dags/example_xcomargs.py
[2023-02-10T21:42:21.435+0200] {processor.py:650} INFO - DAG(s) dict_keys(['example_xcom_args', 'example_xcom_args_with_operators']) retrieved from /Users/v.lytvyniuk/Documents/библиотечка/DE online1/git/de_7/lesson_07/airflow_env/lib/python3.8/site-packages/airflow/example_dags/example_xcomargs.py
[2023-02-10T21:42:21.731+0200] {logging_mixin.py:115} INFO - [2023-02-10T21:42:21.731+0200] {dag.py:2429} INFO - Sync 2 DAGs
[2023-02-10T21:42:21.738+0200] {logging_mixin.py:115} INFO - [2023-02-10T21:42:21.738+0200] {dag.py:2977} INFO - Setting next_dagrun for example_xcom_args to None, run_after=None
[2023-02-10T21:42:21.738+0200] {logging_mixin.py:115} INFO - [2023-02-10T21:42:21.738+0200] {dag.py:2977} INFO - Setting next_dagrun for example_xcom_args_with_operators to None, run_after=None
[2023-02-10T21:42:21.744+0200] {processor.py:161} INFO - Processing /Users/v.lytvyniuk/Documents/библиотечка/DE online1/git/de_7/lesson_07/airflow_env/lib/python3.8/site-packages/airflow/example_dags/example_xcomargs.py took 0.331 seconds
[2023-02-10T21:43:13.853+0200] {processor.py:153} INFO - Started process (PID=50209) to work on /Users/v.lytvyniuk/Documents/библиотечка/DE online1/git/de_7/lesson_07/airflow_env/lib/python3.8/site-packages/airflow/example_dags/example_xcomargs.py
[2023-02-10T21:43:13.857+0200] {processor.py:640} INFO - Processing file /Users/v.lytvyniuk/Documents/библиотечка/DE online1/git/de_7/lesson_07/airflow_env/lib/python3.8/site-packages/airflow/example_dags/example_xcomargs.py for tasks to queue
[2023-02-10T21:43:13.857+0200] {logging_mixin.py:115} INFO - [2023-02-10T21:43:13.857+0200] {dagbag.py:508} INFO - Filling up the DagBag from /Users/v.lytvyniuk/Documents/библиотечка/DE online1/git/de_7/lesson_07/airflow_env/lib/python3.8/site-packages/airflow/example_dags/example_xcomargs.py
[2023-02-10T21:43:13.876+0200] {processor.py:650} INFO - DAG(s) dict_keys(['example_xcom_args', 'example_xcom_args_with_operators']) retrieved from /Users/v.lytvyniuk/Documents/библиотечка/DE online1/git/de_7/lesson_07/airflow_env/lib/python3.8/site-packages/airflow/example_dags/example_xcomargs.py
[2023-02-10T21:43:14.173+0200] {logging_mixin.py:115} INFO - [2023-02-10T21:43:14.172+0200] {dag.py:2429} INFO - Sync 2 DAGs
[2023-02-10T21:43:14.180+0200] {logging_mixin.py:115} INFO - [2023-02-10T21:43:14.180+0200] {dag.py:2977} INFO - Setting next_dagrun for example_xcom_args to None, run_after=None
[2023-02-10T21:43:14.180+0200] {logging_mixin.py:115} INFO - [2023-02-10T21:43:14.180+0200] {dag.py:2977} INFO - Setting next_dagrun for example_xcom_args_with_operators to None, run_after=None
[2023-02-10T21:43:14.186+0200] {processor.py:161} INFO - Processing /Users/v.lytvyniuk/Documents/библиотечка/DE online1/git/de_7/lesson_07/airflow_env/lib/python3.8/site-packages/airflow/example_dags/example_xcomargs.py took 0.332 seconds
[2023-02-10T21:44:02.779+0200] {processor.py:153} INFO - Started process (PID=50335) to work on /Users/v.lytvyniuk/Documents/библиотечка/DE online1/git/de_7/lesson_07/airflow_env/lib/python3.8/site-packages/airflow/example_dags/example_xcomargs.py
[2023-02-10T21:44:02.782+0200] {processor.py:640} INFO - Processing file /Users/v.lytvyniuk/Documents/библиотечка/DE online1/git/de_7/lesson_07/airflow_env/lib/python3.8/site-packages/airflow/example_dags/example_xcomargs.py for tasks to queue
[2023-02-10T21:44:02.783+0200] {logging_mixin.py:115} INFO - [2023-02-10T21:44:02.782+0200] {dagbag.py:508} INFO - Filling up the DagBag from /Users/v.lytvyniuk/Documents/библиотечка/DE online1/git/de_7/lesson_07/airflow_env/lib/python3.8/site-packages/airflow/example_dags/example_xcomargs.py
[2023-02-10T21:44:02.801+0200] {processor.py:650} INFO - DAG(s) dict_keys(['example_xcom_args', 'example_xcom_args_with_operators']) retrieved from /Users/v.lytvyniuk/Documents/библиотечка/DE online1/git/de_7/lesson_07/airflow_env/lib/python3.8/site-packages/airflow/example_dags/example_xcomargs.py
[2023-02-10T21:44:03.094+0200] {logging_mixin.py:115} INFO - [2023-02-10T21:44:03.094+0200] {dag.py:2429} INFO - Sync 2 DAGs
[2023-02-10T21:44:03.102+0200] {logging_mixin.py:115} INFO - [2023-02-10T21:44:03.101+0200] {dag.py:2977} INFO - Setting next_dagrun for example_xcom_args to None, run_after=None
[2023-02-10T21:44:03.102+0200] {logging_mixin.py:115} INFO - [2023-02-10T21:44:03.102+0200] {dag.py:2977} INFO - Setting next_dagrun for example_xcom_args_with_operators to None, run_after=None
[2023-02-10T21:44:03.108+0200] {processor.py:161} INFO - Processing /Users/v.lytvyniuk/Documents/библиотечка/DE online1/git/de_7/lesson_07/airflow_env/lib/python3.8/site-packages/airflow/example_dags/example_xcomargs.py took 0.329 seconds
[2023-02-10T21:44:54.380+0200] {processor.py:153} INFO - Started process (PID=50478) to work on /Users/v.lytvyniuk/Documents/библиотечка/DE online1/git/de_7/lesson_07/airflow_env/lib/python3.8/site-packages/airflow/example_dags/example_xcomargs.py
[2023-02-10T21:44:54.384+0200] {processor.py:640} INFO - Processing file /Users/v.lytvyniuk/Documents/библиотечка/DE online1/git/de_7/lesson_07/airflow_env/lib/python3.8/site-packages/airflow/example_dags/example_xcomargs.py for tasks to queue
[2023-02-10T21:44:54.384+0200] {logging_mixin.py:115} INFO - [2023-02-10T21:44:54.384+0200] {dagbag.py:508} INFO - Filling up the DagBag from /Users/v.lytvyniuk/Documents/библиотечка/DE online1/git/de_7/lesson_07/airflow_env/lib/python3.8/site-packages/airflow/example_dags/example_xcomargs.py
[2023-02-10T21:44:54.404+0200] {processor.py:650} INFO - DAG(s) dict_keys(['example_xcom_args', 'example_xcom_args_with_operators']) retrieved from /Users/v.lytvyniuk/Documents/библиотечка/DE online1/git/de_7/lesson_07/airflow_env/lib/python3.8/site-packages/airflow/example_dags/example_xcomargs.py
[2023-02-10T21:44:54.754+0200] {logging_mixin.py:115} INFO - [2023-02-10T21:44:54.754+0200] {dag.py:2429} INFO - Sync 2 DAGs
[2023-02-10T21:44:54.762+0200] {logging_mixin.py:115} INFO - [2023-02-10T21:44:54.762+0200] {dag.py:2977} INFO - Setting next_dagrun for example_xcom_args to None, run_after=None
[2023-02-10T21:44:54.763+0200] {logging_mixin.py:115} INFO - [2023-02-10T21:44:54.763+0200] {dag.py:2977} INFO - Setting next_dagrun for example_xcom_args_with_operators to None, run_after=None
[2023-02-10T21:44:54.770+0200] {processor.py:161} INFO - Processing /Users/v.lytvyniuk/Documents/библиотечка/DE online1/git/de_7/lesson_07/airflow_env/lib/python3.8/site-packages/airflow/example_dags/example_xcomargs.py took 0.390 seconds
[2023-02-10T21:45:46.044+0200] {processor.py:153} INFO - Started process (PID=50991) to work on /Users/v.lytvyniuk/Documents/библиотечка/DE online1/git/de_7/lesson_07/airflow_env/lib/python3.8/site-packages/airflow/example_dags/example_xcomargs.py
[2023-02-10T21:45:46.047+0200] {processor.py:640} INFO - Processing file /Users/v.lytvyniuk/Documents/библиотечка/DE online1/git/de_7/lesson_07/airflow_env/lib/python3.8/site-packages/airflow/example_dags/example_xcomargs.py for tasks to queue
[2023-02-10T21:45:46.048+0200] {logging_mixin.py:115} INFO - [2023-02-10T21:45:46.048+0200] {dagbag.py:508} INFO - Filling up the DagBag from /Users/v.lytvyniuk/Documents/библиотечка/DE online1/git/de_7/lesson_07/airflow_env/lib/python3.8/site-packages/airflow/example_dags/example_xcomargs.py
[2023-02-10T21:45:46.067+0200] {processor.py:650} INFO - DAG(s) dict_keys(['example_xcom_args', 'example_xcom_args_with_operators']) retrieved from /Users/v.lytvyniuk/Documents/библиотечка/DE online1/git/de_7/lesson_07/airflow_env/lib/python3.8/site-packages/airflow/example_dags/example_xcomargs.py
[2023-02-10T21:45:46.370+0200] {logging_mixin.py:115} INFO - [2023-02-10T21:45:46.370+0200] {dag.py:2429} INFO - Sync 2 DAGs
[2023-02-10T21:45:46.377+0200] {logging_mixin.py:115} INFO - [2023-02-10T21:45:46.377+0200] {dag.py:2977} INFO - Setting next_dagrun for example_xcom_args to None, run_after=None
[2023-02-10T21:45:46.377+0200] {logging_mixin.py:115} INFO - [2023-02-10T21:45:46.377+0200] {dag.py:2977} INFO - Setting next_dagrun for example_xcom_args_with_operators to None, run_after=None
[2023-02-10T21:45:46.383+0200] {processor.py:161} INFO - Processing /Users/v.lytvyniuk/Documents/библиотечка/DE online1/git/de_7/lesson_07/airflow_env/lib/python3.8/site-packages/airflow/example_dags/example_xcomargs.py took 0.340 seconds
[2023-02-10T21:46:37.172+0200] {processor.py:153} INFO - Started process (PID=51118) to work on /Users/v.lytvyniuk/Documents/библиотечка/DE online1/git/de_7/lesson_07/airflow_env/lib/python3.8/site-packages/airflow/example_dags/example_xcomargs.py
[2023-02-10T21:46:37.175+0200] {processor.py:640} INFO - Processing file /Users/v.lytvyniuk/Documents/библиотечка/DE online1/git/de_7/lesson_07/airflow_env/lib/python3.8/site-packages/airflow/example_dags/example_xcomargs.py for tasks to queue
[2023-02-10T21:46:37.175+0200] {logging_mixin.py:115} INFO - [2023-02-10T21:46:37.175+0200] {dagbag.py:508} INFO - Filling up the DagBag from /Users/v.lytvyniuk/Documents/библиотечка/DE online1/git/de_7/lesson_07/airflow_env/lib/python3.8/site-packages/airflow/example_dags/example_xcomargs.py
[2023-02-10T21:46:37.195+0200] {processor.py:650} INFO - DAG(s) dict_keys(['example_xcom_args', 'example_xcom_args_with_operators']) retrieved from /Users/v.lytvyniuk/Documents/библиотечка/DE online1/git/de_7/lesson_07/airflow_env/lib/python3.8/site-packages/airflow/example_dags/example_xcomargs.py
[2023-02-10T21:46:37.496+0200] {logging_mixin.py:115} INFO - [2023-02-10T21:46:37.496+0200] {dag.py:2429} INFO - Sync 2 DAGs
[2023-02-10T21:46:37.503+0200] {logging_mixin.py:115} INFO - [2023-02-10T21:46:37.503+0200] {dag.py:2977} INFO - Setting next_dagrun for example_xcom_args to None, run_after=None
[2023-02-10T21:46:37.503+0200] {logging_mixin.py:115} INFO - [2023-02-10T21:46:37.503+0200] {dag.py:2977} INFO - Setting next_dagrun for example_xcom_args_with_operators to None, run_after=None
[2023-02-10T21:46:37.509+0200] {processor.py:161} INFO - Processing /Users/v.lytvyniuk/Documents/библиотечка/DE online1/git/de_7/lesson_07/airflow_env/lib/python3.8/site-packages/airflow/example_dags/example_xcomargs.py took 0.337 seconds
[2023-02-10T21:47:27.496+0200] {processor.py:153} INFO - Started process (PID=51837) to work on /Users/v.lytvyniuk/Documents/библиотечка/DE online1/git/de_7/lesson_07/airflow_env/lib/python3.8/site-packages/airflow/example_dags/example_xcomargs.py
[2023-02-10T21:47:27.499+0200] {processor.py:640} INFO - Processing file /Users/v.lytvyniuk/Documents/библиотечка/DE online1/git/de_7/lesson_07/airflow_env/lib/python3.8/site-packages/airflow/example_dags/example_xcomargs.py for tasks to queue
[2023-02-10T21:47:27.499+0200] {logging_mixin.py:115} INFO - [2023-02-10T21:47:27.499+0200] {dagbag.py:508} INFO - Filling up the DagBag from /Users/v.lytvyniuk/Documents/библиотечка/DE online1/git/de_7/lesson_07/airflow_env/lib/python3.8/site-packages/airflow/example_dags/example_xcomargs.py
[2023-02-10T21:47:27.520+0200] {processor.py:650} INFO - DAG(s) dict_keys(['example_xcom_args', 'example_xcom_args_with_operators']) retrieved from /Users/v.lytvyniuk/Documents/библиотечка/DE online1/git/de_7/lesson_07/airflow_env/lib/python3.8/site-packages/airflow/example_dags/example_xcomargs.py
[2023-02-10T21:47:27.836+0200] {logging_mixin.py:115} INFO - [2023-02-10T21:47:27.836+0200] {dag.py:2429} INFO - Sync 2 DAGs
[2023-02-10T21:47:27.844+0200] {logging_mixin.py:115} INFO - [2023-02-10T21:47:27.844+0200] {dag.py:2977} INFO - Setting next_dagrun for example_xcom_args to None, run_after=None
[2023-02-10T21:47:27.844+0200] {logging_mixin.py:115} INFO - [2023-02-10T21:47:27.844+0200] {dag.py:2977} INFO - Setting next_dagrun for example_xcom_args_with_operators to None, run_after=None
[2023-02-10T21:47:27.850+0200] {processor.py:161} INFO - Processing /Users/v.lytvyniuk/Documents/библиотечка/DE online1/git/de_7/lesson_07/airflow_env/lib/python3.8/site-packages/airflow/example_dags/example_xcomargs.py took 0.355 seconds
[2023-02-10T21:53:33.983+0200] {processor.py:153} INFO - Started process (PID=2496) to work on /Users/v.lytvyniuk/Documents/библиотечка/DE online1/git/de_7/lesson_07/airflow_env/lib/python3.8/site-packages/airflow/example_dags/example_xcomargs.py
[2023-02-10T21:53:33.986+0200] {processor.py:640} INFO - Processing file /Users/v.lytvyniuk/Documents/библиотечка/DE online1/git/de_7/lesson_07/airflow_env/lib/python3.8/site-packages/airflow/example_dags/example_xcomargs.py for tasks to queue
[2023-02-10T21:53:33.986+0200] {logging_mixin.py:115} INFO - [2023-02-10T21:53:33.986+0200] {dagbag.py:508} INFO - Filling up the DagBag from /Users/v.lytvyniuk/Documents/библиотечка/DE online1/git/de_7/lesson_07/airflow_env/lib/python3.8/site-packages/airflow/example_dags/example_xcomargs.py
[2023-02-10T21:53:34.005+0200] {processor.py:650} INFO - DAG(s) dict_keys(['example_xcom_args', 'example_xcom_args_with_operators']) retrieved from /Users/v.lytvyniuk/Documents/библиотечка/DE online1/git/de_7/lesson_07/airflow_env/lib/python3.8/site-packages/airflow/example_dags/example_xcomargs.py
[2023-02-10T21:53:34.315+0200] {logging_mixin.py:115} INFO - [2023-02-10T21:53:34.315+0200] {dag.py:2429} INFO - Sync 2 DAGs
[2023-02-10T21:53:34.322+0200] {logging_mixin.py:115} INFO - [2023-02-10T21:53:34.322+0200] {dag.py:2977} INFO - Setting next_dagrun for example_xcom_args to None, run_after=None
[2023-02-10T21:53:34.322+0200] {logging_mixin.py:115} INFO - [2023-02-10T21:53:34.322+0200] {dag.py:2977} INFO - Setting next_dagrun for example_xcom_args_with_operators to None, run_after=None
[2023-02-10T21:53:34.328+0200] {processor.py:161} INFO - Processing /Users/v.lytvyniuk/Documents/библиотечка/DE online1/git/de_7/lesson_07/airflow_env/lib/python3.8/site-packages/airflow/example_dags/example_xcomargs.py took 0.345 seconds
[2023-02-10T21:54:26.626+0200] {processor.py:153} INFO - Started process (PID=2707) to work on /Users/v.lytvyniuk/Documents/библиотечка/DE online1/git/de_7/lesson_07/airflow_env/lib/python3.8/site-packages/airflow/example_dags/example_xcomargs.py
[2023-02-10T21:54:26.630+0200] {processor.py:640} INFO - Processing file /Users/v.lytvyniuk/Documents/библиотечка/DE online1/git/de_7/lesson_07/airflow_env/lib/python3.8/site-packages/airflow/example_dags/example_xcomargs.py for tasks to queue
[2023-02-10T21:54:26.630+0200] {logging_mixin.py:115} INFO - [2023-02-10T21:54:26.630+0200] {dagbag.py:508} INFO - Filling up the DagBag from /Users/v.lytvyniuk/Documents/библиотечка/DE online1/git/de_7/lesson_07/airflow_env/lib/python3.8/site-packages/airflow/example_dags/example_xcomargs.py
[2023-02-10T21:54:26.649+0200] {processor.py:650} INFO - DAG(s) dict_keys(['example_xcom_args', 'example_xcom_args_with_operators']) retrieved from /Users/v.lytvyniuk/Documents/библиотечка/DE online1/git/de_7/lesson_07/airflow_env/lib/python3.8/site-packages/airflow/example_dags/example_xcomargs.py
[2023-02-10T21:54:26.974+0200] {logging_mixin.py:115} INFO - [2023-02-10T21:54:26.974+0200] {dag.py:2429} INFO - Sync 2 DAGs
[2023-02-10T21:54:26.982+0200] {logging_mixin.py:115} INFO - [2023-02-10T21:54:26.982+0200] {dag.py:2977} INFO - Setting next_dagrun for example_xcom_args to None, run_after=None
[2023-02-10T21:54:26.982+0200] {logging_mixin.py:115} INFO - [2023-02-10T21:54:26.982+0200] {dag.py:2977} INFO - Setting next_dagrun for example_xcom_args_with_operators to None, run_after=None
[2023-02-10T21:54:26.988+0200] {processor.py:161} INFO - Processing /Users/v.lytvyniuk/Documents/библиотечка/DE online1/git/de_7/lesson_07/airflow_env/lib/python3.8/site-packages/airflow/example_dags/example_xcomargs.py took 0.362 seconds
[2023-02-10T21:55:16.813+0200] {processor.py:153} INFO - Started process (PID=2892) to work on /Users/v.lytvyniuk/Documents/библиотечка/DE online1/git/de_7/lesson_07/airflow_env/lib/python3.8/site-packages/airflow/example_dags/example_xcomargs.py
[2023-02-10T21:55:16.816+0200] {processor.py:640} INFO - Processing file /Users/v.lytvyniuk/Documents/библиотечка/DE online1/git/de_7/lesson_07/airflow_env/lib/python3.8/site-packages/airflow/example_dags/example_xcomargs.py for tasks to queue
[2023-02-10T21:55:16.816+0200] {logging_mixin.py:115} INFO - [2023-02-10T21:55:16.816+0200] {dagbag.py:508} INFO - Filling up the DagBag from /Users/v.lytvyniuk/Documents/библиотечка/DE online1/git/de_7/lesson_07/airflow_env/lib/python3.8/site-packages/airflow/example_dags/example_xcomargs.py
[2023-02-10T21:55:16.836+0200] {processor.py:650} INFO - DAG(s) dict_keys(['example_xcom_args', 'example_xcom_args_with_operators']) retrieved from /Users/v.lytvyniuk/Documents/библиотечка/DE online1/git/de_7/lesson_07/airflow_env/lib/python3.8/site-packages/airflow/example_dags/example_xcomargs.py
[2023-02-10T21:55:17.141+0200] {logging_mixin.py:115} INFO - [2023-02-10T21:55:17.141+0200] {dag.py:2429} INFO - Sync 2 DAGs
[2023-02-10T21:55:17.148+0200] {logging_mixin.py:115} INFO - [2023-02-10T21:55:17.148+0200] {dag.py:2977} INFO - Setting next_dagrun for example_xcom_args to None, run_after=None
[2023-02-10T21:55:17.149+0200] {logging_mixin.py:115} INFO - [2023-02-10T21:55:17.149+0200] {dag.py:2977} INFO - Setting next_dagrun for example_xcom_args_with_operators to None, run_after=None
[2023-02-10T21:55:17.154+0200] {processor.py:161} INFO - Processing /Users/v.lytvyniuk/Documents/библиотечка/DE online1/git/de_7/lesson_07/airflow_env/lib/python3.8/site-packages/airflow/example_dags/example_xcomargs.py took 0.341 seconds
[2023-02-10T21:56:08.989+0200] {processor.py:153} INFO - Started process (PID=3064) to work on /Users/v.lytvyniuk/Documents/библиотечка/DE online1/git/de_7/lesson_07/airflow_env/lib/python3.8/site-packages/airflow/example_dags/example_xcomargs.py
[2023-02-10T21:56:08.992+0200] {processor.py:640} INFO - Processing file /Users/v.lytvyniuk/Documents/библиотечка/DE online1/git/de_7/lesson_07/airflow_env/lib/python3.8/site-packages/airflow/example_dags/example_xcomargs.py for tasks to queue
[2023-02-10T21:56:08.993+0200] {logging_mixin.py:115} INFO - [2023-02-10T21:56:08.993+0200] {dagbag.py:508} INFO - Filling up the DagBag from /Users/v.lytvyniuk/Documents/библиотечка/DE online1/git/de_7/lesson_07/airflow_env/lib/python3.8/site-packages/airflow/example_dags/example_xcomargs.py
[2023-02-10T21:56:09.011+0200] {processor.py:650} INFO - DAG(s) dict_keys(['example_xcom_args', 'example_xcom_args_with_operators']) retrieved from /Users/v.lytvyniuk/Documents/библиотечка/DE online1/git/de_7/lesson_07/airflow_env/lib/python3.8/site-packages/airflow/example_dags/example_xcomargs.py
[2023-02-10T21:56:09.316+0200] {logging_mixin.py:115} INFO - [2023-02-10T21:56:09.316+0200] {dag.py:2429} INFO - Sync 2 DAGs
[2023-02-10T21:56:09.324+0200] {logging_mixin.py:115} INFO - [2023-02-10T21:56:09.324+0200] {dag.py:2977} INFO - Setting next_dagrun for example_xcom_args to None, run_after=None
[2023-02-10T21:56:09.325+0200] {logging_mixin.py:115} INFO - [2023-02-10T21:56:09.324+0200] {dag.py:2977} INFO - Setting next_dagrun for example_xcom_args_with_operators to None, run_after=None
[2023-02-10T21:56:09.330+0200] {processor.py:161} INFO - Processing /Users/v.lytvyniuk/Documents/библиотечка/DE online1/git/de_7/lesson_07/airflow_env/lib/python3.8/site-packages/airflow/example_dags/example_xcomargs.py took 0.342 seconds
[2023-02-10T21:57:02.809+0200] {processor.py:153} INFO - Started process (PID=3218) to work on /Users/v.lytvyniuk/Documents/библиотечка/DE online1/git/de_7/lesson_07/airflow_env/lib/python3.8/site-packages/airflow/example_dags/example_xcomargs.py
[2023-02-10T21:57:02.812+0200] {processor.py:640} INFO - Processing file /Users/v.lytvyniuk/Documents/библиотечка/DE online1/git/de_7/lesson_07/airflow_env/lib/python3.8/site-packages/airflow/example_dags/example_xcomargs.py for tasks to queue
[2023-02-10T21:57:02.813+0200] {logging_mixin.py:115} INFO - [2023-02-10T21:57:02.813+0200] {dagbag.py:508} INFO - Filling up the DagBag from /Users/v.lytvyniuk/Documents/библиотечка/DE online1/git/de_7/lesson_07/airflow_env/lib/python3.8/site-packages/airflow/example_dags/example_xcomargs.py
[2023-02-10T21:57:02.832+0200] {processor.py:650} INFO - DAG(s) dict_keys(['example_xcom_args', 'example_xcom_args_with_operators']) retrieved from /Users/v.lytvyniuk/Documents/библиотечка/DE online1/git/de_7/lesson_07/airflow_env/lib/python3.8/site-packages/airflow/example_dags/example_xcomargs.py
[2023-02-10T21:57:03.177+0200] {logging_mixin.py:115} INFO - [2023-02-10T21:57:03.177+0200] {dag.py:2429} INFO - Sync 2 DAGs
[2023-02-10T21:57:03.185+0200] {logging_mixin.py:115} INFO - [2023-02-10T21:57:03.185+0200] {dag.py:2977} INFO - Setting next_dagrun for example_xcom_args to None, run_after=None
[2023-02-10T21:57:03.185+0200] {logging_mixin.py:115} INFO - [2023-02-10T21:57:03.185+0200] {dag.py:2977} INFO - Setting next_dagrun for example_xcom_args_with_operators to None, run_after=None
[2023-02-10T21:57:03.193+0200] {processor.py:161} INFO - Processing /Users/v.lytvyniuk/Documents/библиотечка/DE online1/git/de_7/lesson_07/airflow_env/lib/python3.8/site-packages/airflow/example_dags/example_xcomargs.py took 0.384 seconds
[2023-02-10T21:57:54.422+0200] {processor.py:153} INFO - Started process (PID=3390) to work on /Users/v.lytvyniuk/Documents/библиотечка/DE online1/git/de_7/lesson_07/airflow_env/lib/python3.8/site-packages/airflow/example_dags/example_xcomargs.py
[2023-02-10T21:57:54.426+0200] {processor.py:640} INFO - Processing file /Users/v.lytvyniuk/Documents/библиотечка/DE online1/git/de_7/lesson_07/airflow_env/lib/python3.8/site-packages/airflow/example_dags/example_xcomargs.py for tasks to queue
[2023-02-10T21:57:54.426+0200] {logging_mixin.py:115} INFO - [2023-02-10T21:57:54.426+0200] {dagbag.py:508} INFO - Filling up the DagBag from /Users/v.lytvyniuk/Documents/библиотечка/DE online1/git/de_7/lesson_07/airflow_env/lib/python3.8/site-packages/airflow/example_dags/example_xcomargs.py
[2023-02-10T21:57:54.445+0200] {processor.py:650} INFO - DAG(s) dict_keys(['example_xcom_args', 'example_xcom_args_with_operators']) retrieved from /Users/v.lytvyniuk/Documents/библиотечка/DE online1/git/de_7/lesson_07/airflow_env/lib/python3.8/site-packages/airflow/example_dags/example_xcomargs.py
[2023-02-10T21:57:54.753+0200] {logging_mixin.py:115} INFO - [2023-02-10T21:57:54.753+0200] {dag.py:2429} INFO - Sync 2 DAGs
[2023-02-10T21:57:54.760+0200] {logging_mixin.py:115} INFO - [2023-02-10T21:57:54.760+0200] {dag.py:2977} INFO - Setting next_dagrun for example_xcom_args to None, run_after=None
[2023-02-10T21:57:54.760+0200] {logging_mixin.py:115} INFO - [2023-02-10T21:57:54.760+0200] {dag.py:2977} INFO - Setting next_dagrun for example_xcom_args_with_operators to None, run_after=None
[2023-02-10T21:57:54.766+0200] {processor.py:161} INFO - Processing /Users/v.lytvyniuk/Documents/библиотечка/DE online1/git/de_7/lesson_07/airflow_env/lib/python3.8/site-packages/airflow/example_dags/example_xcomargs.py took 0.344 seconds
