[2023-02-10T21:32:10.454+0200] {processor.py:153} INFO - Started process (PID=48283) to work on /Users/v.lytvyniuk/Documents/библиотечка/DE online1/git/de_7/lesson_07/airflow_env/lib/python3.8/site-packages/airflow/example_dags/example_xcom.py
[2023-02-10T21:32:10.457+0200] {processor.py:640} INFO - Processing file /Users/v.lytvyniuk/Documents/библиотечка/DE online1/git/de_7/lesson_07/airflow_env/lib/python3.8/site-packages/airflow/example_dags/example_xcom.py for tasks to queue
[2023-02-10T21:32:10.458+0200] {logging_mixin.py:115} INFO - [2023-02-10T21:32:10.458+0200] {dagbag.py:508} INFO - Filling up the DagBag from /Users/v.lytvyniuk/Documents/библиотечка/DE online1/git/de_7/lesson_07/airflow_env/lib/python3.8/site-packages/airflow/example_dags/example_xcom.py
[2023-02-10T21:32:10.479+0200] {processor.py:650} INFO - DAG(s) dict_keys(['example_xcom']) retrieved from /Users/v.lytvyniuk/Documents/библиотечка/DE online1/git/de_7/lesson_07/airflow_env/lib/python3.8/site-packages/airflow/example_dags/example_xcom.py
[2023-02-10T21:32:10.858+0200] {logging_mixin.py:115} INFO - [2023-02-10T21:32:10.858+0200] {manager.py:508} INFO - Created Permission View: can edit on DAG:example_xcom
[2023-02-10T21:32:10.862+0200] {logging_mixin.py:115} INFO - [2023-02-10T21:32:10.862+0200] {manager.py:508} INFO - Created Permission View: can delete on DAG:example_xcom
[2023-02-10T21:32:10.865+0200] {logging_mixin.py:115} INFO - [2023-02-10T21:32:10.865+0200] {manager.py:508} INFO - Created Permission View: can read on DAG:example_xcom
[2023-02-10T21:32:10.865+0200] {logging_mixin.py:115} INFO - [2023-02-10T21:32:10.865+0200] {dag.py:2429} INFO - Sync 1 DAGs
[2023-02-10T21:32:10.869+0200] {logging_mixin.py:115} INFO - [2023-02-10T21:32:10.869+0200] {dag.py:2448} INFO - Creating ORM DAG for example_xcom
[2023-02-10T21:32:10.873+0200] {logging_mixin.py:115} INFO - [2023-02-10T21:32:10.873+0200] {dag.py:2977} INFO - Setting next_dagrun for example_xcom to 2021-01-01T00:00:00+00:00, run_after=2021-01-01T00:00:00+00:00
[2023-02-10T21:32:10.879+0200] {processor.py:161} INFO - Processing /Users/v.lytvyniuk/Documents/библиотечка/DE online1/git/de_7/lesson_07/airflow_env/lib/python3.8/site-packages/airflow/example_dags/example_xcom.py took 0.425 seconds
[2023-02-10T21:34:49.883+0200] {processor.py:153} INFO - Started process (PID=48758) to work on /Users/v.lytvyniuk/Documents/библиотечка/DE online1/git/de_7/lesson_07/airflow_env/lib/python3.8/site-packages/airflow/example_dags/example_xcom.py
[2023-02-10T21:34:49.886+0200] {processor.py:640} INFO - Processing file /Users/v.lytvyniuk/Documents/библиотечка/DE online1/git/de_7/lesson_07/airflow_env/lib/python3.8/site-packages/airflow/example_dags/example_xcom.py for tasks to queue
[2023-02-10T21:34:49.886+0200] {logging_mixin.py:115} INFO - [2023-02-10T21:34:49.886+0200] {dagbag.py:508} INFO - Filling up the DagBag from /Users/v.lytvyniuk/Documents/библиотечка/DE online1/git/de_7/lesson_07/airflow_env/lib/python3.8/site-packages/airflow/example_dags/example_xcom.py
[2023-02-10T21:34:49.907+0200] {processor.py:650} INFO - DAG(s) dict_keys(['example_xcom']) retrieved from /Users/v.lytvyniuk/Documents/библиотечка/DE online1/git/de_7/lesson_07/airflow_env/lib/python3.8/site-packages/airflow/example_dags/example_xcom.py
[2023-02-10T21:34:50.232+0200] {logging_mixin.py:115} INFO - [2023-02-10T21:34:50.232+0200] {dag.py:2429} INFO - Sync 1 DAGs
[2023-02-10T21:34:50.240+0200] {logging_mixin.py:115} INFO - [2023-02-10T21:34:50.240+0200] {dag.py:2977} INFO - Setting next_dagrun for example_xcom to 2021-01-01T00:00:00+00:00, run_after=2021-01-01T00:00:00+00:00
[2023-02-10T21:34:50.246+0200] {processor.py:161} INFO - Processing /Users/v.lytvyniuk/Documents/библиотечка/DE online1/git/de_7/lesson_07/airflow_env/lib/python3.8/site-packages/airflow/example_dags/example_xcom.py took 0.363 seconds
[2023-02-10T21:35:40.914+0200] {processor.py:153} INFO - Started process (PID=48896) to work on /Users/v.lytvyniuk/Documents/библиотечка/DE online1/git/de_7/lesson_07/airflow_env/lib/python3.8/site-packages/airflow/example_dags/example_xcom.py
[2023-02-10T21:35:40.917+0200] {processor.py:640} INFO - Processing file /Users/v.lytvyniuk/Documents/библиотечка/DE online1/git/de_7/lesson_07/airflow_env/lib/python3.8/site-packages/airflow/example_dags/example_xcom.py for tasks to queue
[2023-02-10T21:35:40.917+0200] {logging_mixin.py:115} INFO - [2023-02-10T21:35:40.917+0200] {dagbag.py:508} INFO - Filling up the DagBag from /Users/v.lytvyniuk/Documents/библиотечка/DE online1/git/de_7/lesson_07/airflow_env/lib/python3.8/site-packages/airflow/example_dags/example_xcom.py
[2023-02-10T21:35:40.936+0200] {processor.py:650} INFO - DAG(s) dict_keys(['example_xcom']) retrieved from /Users/v.lytvyniuk/Documents/библиотечка/DE online1/git/de_7/lesson_07/airflow_env/lib/python3.8/site-packages/airflow/example_dags/example_xcom.py
[2023-02-10T21:35:41.229+0200] {logging_mixin.py:115} INFO - [2023-02-10T21:35:41.228+0200] {dag.py:2429} INFO - Sync 1 DAGs
[2023-02-10T21:35:41.236+0200] {logging_mixin.py:115} INFO - [2023-02-10T21:35:41.236+0200] {dag.py:2977} INFO - Setting next_dagrun for example_xcom to 2021-01-01T00:00:00+00:00, run_after=2021-01-01T00:00:00+00:00
[2023-02-10T21:35:41.242+0200] {processor.py:161} INFO - Processing /Users/v.lytvyniuk/Documents/библиотечка/DE online1/git/de_7/lesson_07/airflow_env/lib/python3.8/site-packages/airflow/example_dags/example_xcom.py took 0.329 seconds
[2023-02-10T21:36:32.169+0200] {processor.py:153} INFO - Started process (PID=49031) to work on /Users/v.lytvyniuk/Documents/библиотечка/DE online1/git/de_7/lesson_07/airflow_env/lib/python3.8/site-packages/airflow/example_dags/example_xcom.py
[2023-02-10T21:36:32.172+0200] {processor.py:640} INFO - Processing file /Users/v.lytvyniuk/Documents/библиотечка/DE online1/git/de_7/lesson_07/airflow_env/lib/python3.8/site-packages/airflow/example_dags/example_xcom.py for tasks to queue
[2023-02-10T21:36:32.172+0200] {logging_mixin.py:115} INFO - [2023-02-10T21:36:32.172+0200] {dagbag.py:508} INFO - Filling up the DagBag from /Users/v.lytvyniuk/Documents/библиотечка/DE online1/git/de_7/lesson_07/airflow_env/lib/python3.8/site-packages/airflow/example_dags/example_xcom.py
[2023-02-10T21:36:32.193+0200] {processor.py:650} INFO - DAG(s) dict_keys(['example_xcom']) retrieved from /Users/v.lytvyniuk/Documents/библиотечка/DE online1/git/de_7/lesson_07/airflow_env/lib/python3.8/site-packages/airflow/example_dags/example_xcom.py
[2023-02-10T21:36:32.499+0200] {logging_mixin.py:115} INFO - [2023-02-10T21:36:32.499+0200] {dag.py:2429} INFO - Sync 1 DAGs
[2023-02-10T21:36:32.506+0200] {logging_mixin.py:115} INFO - [2023-02-10T21:36:32.506+0200] {dag.py:2977} INFO - Setting next_dagrun for example_xcom to 2021-01-01T00:00:00+00:00, run_after=2021-01-01T00:00:00+00:00
[2023-02-10T21:36:32.513+0200] {processor.py:161} INFO - Processing /Users/v.lytvyniuk/Documents/библиотечка/DE online1/git/de_7/lesson_07/airflow_env/lib/python3.8/site-packages/airflow/example_dags/example_xcom.py took 0.344 seconds
[2023-02-10T21:37:22.279+0200] {processor.py:153} INFO - Started process (PID=49182) to work on /Users/v.lytvyniuk/Documents/библиотечка/DE online1/git/de_7/lesson_07/airflow_env/lib/python3.8/site-packages/airflow/example_dags/example_xcom.py
[2023-02-10T21:37:22.283+0200] {processor.py:640} INFO - Processing file /Users/v.lytvyniuk/Documents/библиотечка/DE online1/git/de_7/lesson_07/airflow_env/lib/python3.8/site-packages/airflow/example_dags/example_xcom.py for tasks to queue
[2023-02-10T21:37:22.283+0200] {logging_mixin.py:115} INFO - [2023-02-10T21:37:22.283+0200] {dagbag.py:508} INFO - Filling up the DagBag from /Users/v.lytvyniuk/Documents/библиотечка/DE online1/git/de_7/lesson_07/airflow_env/lib/python3.8/site-packages/airflow/example_dags/example_xcom.py
[2023-02-10T21:37:22.301+0200] {processor.py:650} INFO - DAG(s) dict_keys(['example_xcom']) retrieved from /Users/v.lytvyniuk/Documents/библиотечка/DE online1/git/de_7/lesson_07/airflow_env/lib/python3.8/site-packages/airflow/example_dags/example_xcom.py
[2023-02-10T21:37:22.607+0200] {logging_mixin.py:115} INFO - [2023-02-10T21:37:22.607+0200] {dag.py:2429} INFO - Sync 1 DAGs
[2023-02-10T21:37:22.614+0200] {logging_mixin.py:115} INFO - [2023-02-10T21:37:22.614+0200] {dag.py:2977} INFO - Setting next_dagrun for example_xcom to 2021-01-01T00:00:00+00:00, run_after=2021-01-01T00:00:00+00:00
[2023-02-10T21:37:22.620+0200] {processor.py:161} INFO - Processing /Users/v.lytvyniuk/Documents/библиотечка/DE online1/git/de_7/lesson_07/airflow_env/lib/python3.8/site-packages/airflow/example_dags/example_xcom.py took 0.341 seconds
[2023-02-10T21:38:12.336+0200] {processor.py:153} INFO - Started process (PID=49319) to work on /Users/v.lytvyniuk/Documents/библиотечка/DE online1/git/de_7/lesson_07/airflow_env/lib/python3.8/site-packages/airflow/example_dags/example_xcom.py
[2023-02-10T21:38:12.339+0200] {processor.py:640} INFO - Processing file /Users/v.lytvyniuk/Documents/библиотечка/DE online1/git/de_7/lesson_07/airflow_env/lib/python3.8/site-packages/airflow/example_dags/example_xcom.py for tasks to queue
[2023-02-10T21:38:12.339+0200] {logging_mixin.py:115} INFO - [2023-02-10T21:38:12.339+0200] {dagbag.py:508} INFO - Filling up the DagBag from /Users/v.lytvyniuk/Documents/библиотечка/DE online1/git/de_7/lesson_07/airflow_env/lib/python3.8/site-packages/airflow/example_dags/example_xcom.py
[2023-02-10T21:38:12.358+0200] {processor.py:650} INFO - DAG(s) dict_keys(['example_xcom']) retrieved from /Users/v.lytvyniuk/Documents/библиотечка/DE online1/git/de_7/lesson_07/airflow_env/lib/python3.8/site-packages/airflow/example_dags/example_xcom.py
[2023-02-10T21:38:12.665+0200] {logging_mixin.py:115} INFO - [2023-02-10T21:38:12.665+0200] {dag.py:2429} INFO - Sync 1 DAGs
[2023-02-10T21:38:12.673+0200] {logging_mixin.py:115} INFO - [2023-02-10T21:38:12.673+0200] {dag.py:2977} INFO - Setting next_dagrun for example_xcom to 2021-01-01T00:00:00+00:00, run_after=2021-01-01T00:00:00+00:00
[2023-02-10T21:38:12.679+0200] {processor.py:161} INFO - Processing /Users/v.lytvyniuk/Documents/библиотечка/DE online1/git/de_7/lesson_07/airflow_env/lib/python3.8/site-packages/airflow/example_dags/example_xcom.py took 0.343 seconds
[2023-02-10T21:39:01.625+0200] {processor.py:153} INFO - Started process (PID=49492) to work on /Users/v.lytvyniuk/Documents/библиотечка/DE online1/git/de_7/lesson_07/airflow_env/lib/python3.8/site-packages/airflow/example_dags/example_xcom.py
[2023-02-10T21:39:01.628+0200] {processor.py:640} INFO - Processing file /Users/v.lytvyniuk/Documents/библиотечка/DE online1/git/de_7/lesson_07/airflow_env/lib/python3.8/site-packages/airflow/example_dags/example_xcom.py for tasks to queue
[2023-02-10T21:39:01.628+0200] {logging_mixin.py:115} INFO - [2023-02-10T21:39:01.628+0200] {dagbag.py:508} INFO - Filling up the DagBag from /Users/v.lytvyniuk/Documents/библиотечка/DE online1/git/de_7/lesson_07/airflow_env/lib/python3.8/site-packages/airflow/example_dags/example_xcom.py
[2023-02-10T21:39:01.646+0200] {processor.py:650} INFO - DAG(s) dict_keys(['example_xcom']) retrieved from /Users/v.lytvyniuk/Documents/библиотечка/DE online1/git/de_7/lesson_07/airflow_env/lib/python3.8/site-packages/airflow/example_dags/example_xcom.py
[2023-02-10T21:39:01.941+0200] {logging_mixin.py:115} INFO - [2023-02-10T21:39:01.941+0200] {dag.py:2429} INFO - Sync 1 DAGs
[2023-02-10T21:39:01.948+0200] {logging_mixin.py:115} INFO - [2023-02-10T21:39:01.948+0200] {dag.py:2977} INFO - Setting next_dagrun for example_xcom to 2021-01-01T00:00:00+00:00, run_after=2021-01-01T00:00:00+00:00
[2023-02-10T21:39:01.956+0200] {processor.py:161} INFO - Processing /Users/v.lytvyniuk/Documents/библиотечка/DE online1/git/de_7/lesson_07/airflow_env/lib/python3.8/site-packages/airflow/example_dags/example_xcom.py took 0.332 seconds
[2023-02-10T21:39:51.595+0200] {processor.py:153} INFO - Started process (PID=49664) to work on /Users/v.lytvyniuk/Documents/библиотечка/DE online1/git/de_7/lesson_07/airflow_env/lib/python3.8/site-packages/airflow/example_dags/example_xcom.py
[2023-02-10T21:39:51.597+0200] {processor.py:640} INFO - Processing file /Users/v.lytvyniuk/Documents/библиотечка/DE online1/git/de_7/lesson_07/airflow_env/lib/python3.8/site-packages/airflow/example_dags/example_xcom.py for tasks to queue
[2023-02-10T21:39:51.598+0200] {logging_mixin.py:115} INFO - [2023-02-10T21:39:51.598+0200] {dagbag.py:508} INFO - Filling up the DagBag from /Users/v.lytvyniuk/Documents/библиотечка/DE online1/git/de_7/lesson_07/airflow_env/lib/python3.8/site-packages/airflow/example_dags/example_xcom.py
[2023-02-10T21:39:51.617+0200] {processor.py:650} INFO - DAG(s) dict_keys(['example_xcom']) retrieved from /Users/v.lytvyniuk/Documents/библиотечка/DE online1/git/de_7/lesson_07/airflow_env/lib/python3.8/site-packages/airflow/example_dags/example_xcom.py
[2023-02-10T21:39:51.920+0200] {logging_mixin.py:115} INFO - [2023-02-10T21:39:51.920+0200] {dag.py:2429} INFO - Sync 1 DAGs
[2023-02-10T21:39:51.928+0200] {logging_mixin.py:115} INFO - [2023-02-10T21:39:51.928+0200] {dag.py:2977} INFO - Setting next_dagrun for example_xcom to 2021-01-01T00:00:00+00:00, run_after=2021-01-01T00:00:00+00:00
[2023-02-10T21:39:51.934+0200] {processor.py:161} INFO - Processing /Users/v.lytvyniuk/Documents/библиотечка/DE online1/git/de_7/lesson_07/airflow_env/lib/python3.8/site-packages/airflow/example_dags/example_xcom.py took 0.340 seconds
[2023-02-10T21:40:41.857+0200] {processor.py:153} INFO - Started process (PID=49802) to work on /Users/v.lytvyniuk/Documents/библиотечка/DE online1/git/de_7/lesson_07/airflow_env/lib/python3.8/site-packages/airflow/example_dags/example_xcom.py
[2023-02-10T21:40:41.860+0200] {processor.py:640} INFO - Processing file /Users/v.lytvyniuk/Documents/библиотечка/DE online1/git/de_7/lesson_07/airflow_env/lib/python3.8/site-packages/airflow/example_dags/example_xcom.py for tasks to queue
[2023-02-10T21:40:41.860+0200] {logging_mixin.py:115} INFO - [2023-02-10T21:40:41.860+0200] {dagbag.py:508} INFO - Filling up the DagBag from /Users/v.lytvyniuk/Documents/библиотечка/DE online1/git/de_7/lesson_07/airflow_env/lib/python3.8/site-packages/airflow/example_dags/example_xcom.py
[2023-02-10T21:40:41.880+0200] {processor.py:650} INFO - DAG(s) dict_keys(['example_xcom']) retrieved from /Users/v.lytvyniuk/Documents/библиотечка/DE online1/git/de_7/lesson_07/airflow_env/lib/python3.8/site-packages/airflow/example_dags/example_xcom.py
[2023-02-10T21:40:42.212+0200] {logging_mixin.py:115} INFO - [2023-02-10T21:40:42.212+0200] {dag.py:2429} INFO - Sync 1 DAGs
[2023-02-10T21:40:42.219+0200] {logging_mixin.py:115} INFO - [2023-02-10T21:40:42.219+0200] {dag.py:2977} INFO - Setting next_dagrun for example_xcom to 2021-01-01T00:00:00+00:00, run_after=2021-01-01T00:00:00+00:00
[2023-02-10T21:40:42.225+0200] {processor.py:161} INFO - Processing /Users/v.lytvyniuk/Documents/библиотечка/DE online1/git/de_7/lesson_07/airflow_env/lib/python3.8/site-packages/airflow/example_dags/example_xcom.py took 0.368 seconds
[2023-02-10T21:41:31.660+0200] {processor.py:153} INFO - Started process (PID=49936) to work on /Users/v.lytvyniuk/Documents/библиотечка/DE online1/git/de_7/lesson_07/airflow_env/lib/python3.8/site-packages/airflow/example_dags/example_xcom.py
[2023-02-10T21:41:31.663+0200] {processor.py:640} INFO - Processing file /Users/v.lytvyniuk/Documents/библиотечка/DE online1/git/de_7/lesson_07/airflow_env/lib/python3.8/site-packages/airflow/example_dags/example_xcom.py for tasks to queue
[2023-02-10T21:41:31.664+0200] {logging_mixin.py:115} INFO - [2023-02-10T21:41:31.664+0200] {dagbag.py:508} INFO - Filling up the DagBag from /Users/v.lytvyniuk/Documents/библиотечка/DE online1/git/de_7/lesson_07/airflow_env/lib/python3.8/site-packages/airflow/example_dags/example_xcom.py
[2023-02-10T21:41:31.682+0200] {processor.py:650} INFO - DAG(s) dict_keys(['example_xcom']) retrieved from /Users/v.lytvyniuk/Documents/библиотечка/DE online1/git/de_7/lesson_07/airflow_env/lib/python3.8/site-packages/airflow/example_dags/example_xcom.py
[2023-02-10T21:41:31.975+0200] {logging_mixin.py:115} INFO - [2023-02-10T21:41:31.975+0200] {dag.py:2429} INFO - Sync 1 DAGs
[2023-02-10T21:41:31.982+0200] {logging_mixin.py:115} INFO - [2023-02-10T21:41:31.982+0200] {dag.py:2977} INFO - Setting next_dagrun for example_xcom to 2021-01-01T00:00:00+00:00, run_after=2021-01-01T00:00:00+00:00
[2023-02-10T21:41:31.988+0200] {processor.py:161} INFO - Processing /Users/v.lytvyniuk/Documents/библиотечка/DE online1/git/de_7/lesson_07/airflow_env/lib/python3.8/site-packages/airflow/example_dags/example_xcom.py took 0.328 seconds
[2023-02-10T21:42:23.335+0200] {processor.py:153} INFO - Started process (PID=50068) to work on /Users/v.lytvyniuk/Documents/библиотечка/DE online1/git/de_7/lesson_07/airflow_env/lib/python3.8/site-packages/airflow/example_dags/example_xcom.py
[2023-02-10T21:42:23.338+0200] {processor.py:640} INFO - Processing file /Users/v.lytvyniuk/Documents/библиотечка/DE online1/git/de_7/lesson_07/airflow_env/lib/python3.8/site-packages/airflow/example_dags/example_xcom.py for tasks to queue
[2023-02-10T21:42:23.338+0200] {logging_mixin.py:115} INFO - [2023-02-10T21:42:23.338+0200] {dagbag.py:508} INFO - Filling up the DagBag from /Users/v.lytvyniuk/Documents/библиотечка/DE online1/git/de_7/lesson_07/airflow_env/lib/python3.8/site-packages/airflow/example_dags/example_xcom.py
[2023-02-10T21:42:23.358+0200] {processor.py:650} INFO - DAG(s) dict_keys(['example_xcom']) retrieved from /Users/v.lytvyniuk/Documents/библиотечка/DE online1/git/de_7/lesson_07/airflow_env/lib/python3.8/site-packages/airflow/example_dags/example_xcom.py
[2023-02-10T21:42:23.662+0200] {logging_mixin.py:115} INFO - [2023-02-10T21:42:23.662+0200] {dag.py:2429} INFO - Sync 1 DAGs
[2023-02-10T21:42:23.670+0200] {logging_mixin.py:115} INFO - [2023-02-10T21:42:23.670+0200] {dag.py:2977} INFO - Setting next_dagrun for example_xcom to 2021-01-01T00:00:00+00:00, run_after=2021-01-01T00:00:00+00:00
[2023-02-10T21:42:23.678+0200] {processor.py:161} INFO - Processing /Users/v.lytvyniuk/Documents/библиотечка/DE online1/git/de_7/lesson_07/airflow_env/lib/python3.8/site-packages/airflow/example_dags/example_xcom.py took 0.343 seconds
[2023-02-10T21:43:15.783+0200] {processor.py:153} INFO - Started process (PID=50213) to work on /Users/v.lytvyniuk/Documents/библиотечка/DE online1/git/de_7/lesson_07/airflow_env/lib/python3.8/site-packages/airflow/example_dags/example_xcom.py
[2023-02-10T21:43:15.786+0200] {processor.py:640} INFO - Processing file /Users/v.lytvyniuk/Documents/библиотечка/DE online1/git/de_7/lesson_07/airflow_env/lib/python3.8/site-packages/airflow/example_dags/example_xcom.py for tasks to queue
[2023-02-10T21:43:15.786+0200] {logging_mixin.py:115} INFO - [2023-02-10T21:43:15.786+0200] {dagbag.py:508} INFO - Filling up the DagBag from /Users/v.lytvyniuk/Documents/библиотечка/DE online1/git/de_7/lesson_07/airflow_env/lib/python3.8/site-packages/airflow/example_dags/example_xcom.py
[2023-02-10T21:43:15.804+0200] {processor.py:650} INFO - DAG(s) dict_keys(['example_xcom']) retrieved from /Users/v.lytvyniuk/Documents/библиотечка/DE online1/git/de_7/lesson_07/airflow_env/lib/python3.8/site-packages/airflow/example_dags/example_xcom.py
[2023-02-10T21:43:16.108+0200] {logging_mixin.py:115} INFO - [2023-02-10T21:43:16.107+0200] {dag.py:2429} INFO - Sync 1 DAGs
[2023-02-10T21:43:16.115+0200] {logging_mixin.py:115} INFO - [2023-02-10T21:43:16.115+0200] {dag.py:2977} INFO - Setting next_dagrun for example_xcom to 2021-01-01T00:00:00+00:00, run_after=2021-01-01T00:00:00+00:00
[2023-02-10T21:43:16.121+0200] {processor.py:161} INFO - Processing /Users/v.lytvyniuk/Documents/библиотечка/DE online1/git/de_7/lesson_07/airflow_env/lib/python3.8/site-packages/airflow/example_dags/example_xcom.py took 0.339 seconds
[2023-02-10T21:44:04.699+0200] {processor.py:153} INFO - Started process (PID=50339) to work on /Users/v.lytvyniuk/Documents/библиотечка/DE online1/git/de_7/lesson_07/airflow_env/lib/python3.8/site-packages/airflow/example_dags/example_xcom.py
[2023-02-10T21:44:04.702+0200] {processor.py:640} INFO - Processing file /Users/v.lytvyniuk/Documents/библиотечка/DE online1/git/de_7/lesson_07/airflow_env/lib/python3.8/site-packages/airflow/example_dags/example_xcom.py for tasks to queue
[2023-02-10T21:44:04.702+0200] {logging_mixin.py:115} INFO - [2023-02-10T21:44:04.702+0200] {dagbag.py:508} INFO - Filling up the DagBag from /Users/v.lytvyniuk/Documents/библиотечка/DE online1/git/de_7/lesson_07/airflow_env/lib/python3.8/site-packages/airflow/example_dags/example_xcom.py
[2023-02-10T21:44:04.721+0200] {processor.py:650} INFO - DAG(s) dict_keys(['example_xcom']) retrieved from /Users/v.lytvyniuk/Documents/библиотечка/DE online1/git/de_7/lesson_07/airflow_env/lib/python3.8/site-packages/airflow/example_dags/example_xcom.py
[2023-02-10T21:44:05.023+0200] {logging_mixin.py:115} INFO - [2023-02-10T21:44:05.023+0200] {dag.py:2429} INFO - Sync 1 DAGs
[2023-02-10T21:44:05.030+0200] {logging_mixin.py:115} INFO - [2023-02-10T21:44:05.030+0200] {dag.py:2977} INFO - Setting next_dagrun for example_xcom to 2021-01-01T00:00:00+00:00, run_after=2021-01-01T00:00:00+00:00
[2023-02-10T21:44:05.036+0200] {processor.py:161} INFO - Processing /Users/v.lytvyniuk/Documents/библиотечка/DE online1/git/de_7/lesson_07/airflow_env/lib/python3.8/site-packages/airflow/example_dags/example_xcom.py took 0.338 seconds
[2023-02-10T21:44:56.340+0200] {processor.py:153} INFO - Started process (PID=50482) to work on /Users/v.lytvyniuk/Documents/библиотечка/DE online1/git/de_7/lesson_07/airflow_env/lib/python3.8/site-packages/airflow/example_dags/example_xcom.py
[2023-02-10T21:44:56.343+0200] {processor.py:640} INFO - Processing file /Users/v.lytvyniuk/Documents/библиотечка/DE online1/git/de_7/lesson_07/airflow_env/lib/python3.8/site-packages/airflow/example_dags/example_xcom.py for tasks to queue
[2023-02-10T21:44:56.343+0200] {logging_mixin.py:115} INFO - [2023-02-10T21:44:56.343+0200] {dagbag.py:508} INFO - Filling up the DagBag from /Users/v.lytvyniuk/Documents/библиотечка/DE online1/git/de_7/lesson_07/airflow_env/lib/python3.8/site-packages/airflow/example_dags/example_xcom.py
[2023-02-10T21:44:56.362+0200] {processor.py:650} INFO - DAG(s) dict_keys(['example_xcom']) retrieved from /Users/v.lytvyniuk/Documents/библиотечка/DE online1/git/de_7/lesson_07/airflow_env/lib/python3.8/site-packages/airflow/example_dags/example_xcom.py
[2023-02-10T21:44:56.668+0200] {logging_mixin.py:115} INFO - [2023-02-10T21:44:56.667+0200] {dag.py:2429} INFO - Sync 1 DAGs
[2023-02-10T21:44:56.675+0200] {logging_mixin.py:115} INFO - [2023-02-10T21:44:56.675+0200] {dag.py:2977} INFO - Setting next_dagrun for example_xcom to 2021-01-01T00:00:00+00:00, run_after=2021-01-01T00:00:00+00:00
[2023-02-10T21:44:56.681+0200] {processor.py:161} INFO - Processing /Users/v.lytvyniuk/Documents/библиотечка/DE online1/git/de_7/lesson_07/airflow_env/lib/python3.8/site-packages/airflow/example_dags/example_xcom.py took 0.342 seconds
[2023-02-10T21:45:48.033+0200] {processor.py:153} INFO - Started process (PID=50995) to work on /Users/v.lytvyniuk/Documents/библиотечка/DE online1/git/de_7/lesson_07/airflow_env/lib/python3.8/site-packages/airflow/example_dags/example_xcom.py
[2023-02-10T21:45:48.036+0200] {processor.py:640} INFO - Processing file /Users/v.lytvyniuk/Documents/библиотечка/DE online1/git/de_7/lesson_07/airflow_env/lib/python3.8/site-packages/airflow/example_dags/example_xcom.py for tasks to queue
[2023-02-10T21:45:48.036+0200] {logging_mixin.py:115} INFO - [2023-02-10T21:45:48.036+0200] {dagbag.py:508} INFO - Filling up the DagBag from /Users/v.lytvyniuk/Documents/библиотечка/DE online1/git/de_7/lesson_07/airflow_env/lib/python3.8/site-packages/airflow/example_dags/example_xcom.py
[2023-02-10T21:45:48.055+0200] {processor.py:650} INFO - DAG(s) dict_keys(['example_xcom']) retrieved from /Users/v.lytvyniuk/Documents/библиотечка/DE online1/git/de_7/lesson_07/airflow_env/lib/python3.8/site-packages/airflow/example_dags/example_xcom.py
[2023-02-10T21:45:48.364+0200] {logging_mixin.py:115} INFO - [2023-02-10T21:45:48.364+0200] {dag.py:2429} INFO - Sync 1 DAGs
[2023-02-10T21:45:48.372+0200] {logging_mixin.py:115} INFO - [2023-02-10T21:45:48.372+0200] {dag.py:2977} INFO - Setting next_dagrun for example_xcom to 2021-01-01T00:00:00+00:00, run_after=2021-01-01T00:00:00+00:00
[2023-02-10T21:45:48.378+0200] {processor.py:161} INFO - Processing /Users/v.lytvyniuk/Documents/библиотечка/DE online1/git/de_7/lesson_07/airflow_env/lib/python3.8/site-packages/airflow/example_dags/example_xcom.py took 0.345 seconds
[2023-02-10T21:46:39.121+0200] {processor.py:153} INFO - Started process (PID=51122) to work on /Users/v.lytvyniuk/Documents/библиотечка/DE online1/git/de_7/lesson_07/airflow_env/lib/python3.8/site-packages/airflow/example_dags/example_xcom.py
[2023-02-10T21:46:39.124+0200] {processor.py:640} INFO - Processing file /Users/v.lytvyniuk/Documents/библиотечка/DE online1/git/de_7/lesson_07/airflow_env/lib/python3.8/site-packages/airflow/example_dags/example_xcom.py for tasks to queue
[2023-02-10T21:46:39.124+0200] {logging_mixin.py:115} INFO - [2023-02-10T21:46:39.124+0200] {dagbag.py:508} INFO - Filling up the DagBag from /Users/v.lytvyniuk/Documents/библиотечка/DE online1/git/de_7/lesson_07/airflow_env/lib/python3.8/site-packages/airflow/example_dags/example_xcom.py
[2023-02-10T21:46:39.142+0200] {processor.py:650} INFO - DAG(s) dict_keys(['example_xcom']) retrieved from /Users/v.lytvyniuk/Documents/библиотечка/DE online1/git/de_7/lesson_07/airflow_env/lib/python3.8/site-packages/airflow/example_dags/example_xcom.py
[2023-02-10T21:46:39.439+0200] {logging_mixin.py:115} INFO - [2023-02-10T21:46:39.439+0200] {dag.py:2429} INFO - Sync 1 DAGs
[2023-02-10T21:46:39.446+0200] {logging_mixin.py:115} INFO - [2023-02-10T21:46:39.446+0200] {dag.py:2977} INFO - Setting next_dagrun for example_xcom to 2021-01-01T00:00:00+00:00, run_after=2021-01-01T00:00:00+00:00
[2023-02-10T21:46:39.452+0200] {processor.py:161} INFO - Processing /Users/v.lytvyniuk/Documents/библиотечка/DE online1/git/de_7/lesson_07/airflow_env/lib/python3.8/site-packages/airflow/example_dags/example_xcom.py took 0.332 seconds
[2023-02-10T21:47:29.470+0200] {processor.py:153} INFO - Started process (PID=51848) to work on /Users/v.lytvyniuk/Documents/библиотечка/DE online1/git/de_7/lesson_07/airflow_env/lib/python3.8/site-packages/airflow/example_dags/example_xcom.py
[2023-02-10T21:47:29.473+0200] {processor.py:640} INFO - Processing file /Users/v.lytvyniuk/Documents/библиотечка/DE online1/git/de_7/lesson_07/airflow_env/lib/python3.8/site-packages/airflow/example_dags/example_xcom.py for tasks to queue
[2023-02-10T21:47:29.473+0200] {logging_mixin.py:115} INFO - [2023-02-10T21:47:29.473+0200] {dagbag.py:508} INFO - Filling up the DagBag from /Users/v.lytvyniuk/Documents/библиотечка/DE online1/git/de_7/lesson_07/airflow_env/lib/python3.8/site-packages/airflow/example_dags/example_xcom.py
[2023-02-10T21:47:29.492+0200] {processor.py:650} INFO - DAG(s) dict_keys(['example_xcom']) retrieved from /Users/v.lytvyniuk/Documents/библиотечка/DE online1/git/de_7/lesson_07/airflow_env/lib/python3.8/site-packages/airflow/example_dags/example_xcom.py
[2023-02-10T21:47:29.796+0200] {logging_mixin.py:115} INFO - [2023-02-10T21:47:29.796+0200] {dag.py:2429} INFO - Sync 1 DAGs
[2023-02-10T21:47:29.804+0200] {logging_mixin.py:115} INFO - [2023-02-10T21:47:29.804+0200] {dag.py:2977} INFO - Setting next_dagrun for example_xcom to 2021-01-01T00:00:00+00:00, run_after=2021-01-01T00:00:00+00:00
[2023-02-10T21:47:29.810+0200] {processor.py:161} INFO - Processing /Users/v.lytvyniuk/Documents/библиотечка/DE online1/git/de_7/lesson_07/airflow_env/lib/python3.8/site-packages/airflow/example_dags/example_xcom.py took 0.340 seconds
[2023-02-10T21:53:36.030+0200] {processor.py:153} INFO - Started process (PID=2500) to work on /Users/v.lytvyniuk/Documents/библиотечка/DE online1/git/de_7/lesson_07/airflow_env/lib/python3.8/site-packages/airflow/example_dags/example_xcom.py
[2023-02-10T21:53:36.034+0200] {processor.py:640} INFO - Processing file /Users/v.lytvyniuk/Documents/библиотечка/DE online1/git/de_7/lesson_07/airflow_env/lib/python3.8/site-packages/airflow/example_dags/example_xcom.py for tasks to queue
[2023-02-10T21:53:36.034+0200] {logging_mixin.py:115} INFO - [2023-02-10T21:53:36.034+0200] {dagbag.py:508} INFO - Filling up the DagBag from /Users/v.lytvyniuk/Documents/библиотечка/DE online1/git/de_7/lesson_07/airflow_env/lib/python3.8/site-packages/airflow/example_dags/example_xcom.py
[2023-02-10T21:53:36.055+0200] {processor.py:650} INFO - DAG(s) dict_keys(['example_xcom']) retrieved from /Users/v.lytvyniuk/Documents/библиотечка/DE online1/git/de_7/lesson_07/airflow_env/lib/python3.8/site-packages/airflow/example_dags/example_xcom.py
[2023-02-10T21:53:36.378+0200] {logging_mixin.py:115} INFO - [2023-02-10T21:53:36.378+0200] {dag.py:2429} INFO - Sync 1 DAGs
[2023-02-10T21:53:36.386+0200] {logging_mixin.py:115} INFO - [2023-02-10T21:53:36.386+0200] {dag.py:2977} INFO - Setting next_dagrun for example_xcom to 2021-01-01T00:00:00+00:00, run_after=2021-01-01T00:00:00+00:00
[2023-02-10T21:53:36.393+0200] {processor.py:161} INFO - Processing /Users/v.lytvyniuk/Documents/библиотечка/DE online1/git/de_7/lesson_07/airflow_env/lib/python3.8/site-packages/airflow/example_dags/example_xcom.py took 0.364 seconds
[2023-02-10T21:54:28.581+0200] {processor.py:153} INFO - Started process (PID=2711) to work on /Users/v.lytvyniuk/Documents/библиотечка/DE online1/git/de_7/lesson_07/airflow_env/lib/python3.8/site-packages/airflow/example_dags/example_xcom.py
[2023-02-10T21:54:28.584+0200] {processor.py:640} INFO - Processing file /Users/v.lytvyniuk/Documents/библиотечка/DE online1/git/de_7/lesson_07/airflow_env/lib/python3.8/site-packages/airflow/example_dags/example_xcom.py for tasks to queue
[2023-02-10T21:54:28.585+0200] {logging_mixin.py:115} INFO - [2023-02-10T21:54:28.585+0200] {dagbag.py:508} INFO - Filling up the DagBag from /Users/v.lytvyniuk/Documents/библиотечка/DE online1/git/de_7/lesson_07/airflow_env/lib/python3.8/site-packages/airflow/example_dags/example_xcom.py
[2023-02-10T21:54:28.603+0200] {processor.py:650} INFO - DAG(s) dict_keys(['example_xcom']) retrieved from /Users/v.lytvyniuk/Documents/библиотечка/DE online1/git/de_7/lesson_07/airflow_env/lib/python3.8/site-packages/airflow/example_dags/example_xcom.py
[2023-02-10T21:54:28.903+0200] {logging_mixin.py:115} INFO - [2023-02-10T21:54:28.903+0200] {dag.py:2429} INFO - Sync 1 DAGs
[2023-02-10T21:54:28.911+0200] {logging_mixin.py:115} INFO - [2023-02-10T21:54:28.911+0200] {dag.py:2977} INFO - Setting next_dagrun for example_xcom to 2021-01-01T00:00:00+00:00, run_after=2021-01-01T00:00:00+00:00
[2023-02-10T21:54:28.917+0200] {processor.py:161} INFO - Processing /Users/v.lytvyniuk/Documents/библиотечка/DE online1/git/de_7/lesson_07/airflow_env/lib/python3.8/site-packages/airflow/example_dags/example_xcom.py took 0.336 seconds
[2023-02-10T21:55:18.741+0200] {processor.py:153} INFO - Started process (PID=2897) to work on /Users/v.lytvyniuk/Documents/библиотечка/DE online1/git/de_7/lesson_07/airflow_env/lib/python3.8/site-packages/airflow/example_dags/example_xcom.py
[2023-02-10T21:55:18.745+0200] {processor.py:640} INFO - Processing file /Users/v.lytvyniuk/Documents/библиотечка/DE online1/git/de_7/lesson_07/airflow_env/lib/python3.8/site-packages/airflow/example_dags/example_xcom.py for tasks to queue
[2023-02-10T21:55:18.745+0200] {logging_mixin.py:115} INFO - [2023-02-10T21:55:18.745+0200] {dagbag.py:508} INFO - Filling up the DagBag from /Users/v.lytvyniuk/Documents/библиотечка/DE online1/git/de_7/lesson_07/airflow_env/lib/python3.8/site-packages/airflow/example_dags/example_xcom.py
[2023-02-10T21:55:18.763+0200] {processor.py:650} INFO - DAG(s) dict_keys(['example_xcom']) retrieved from /Users/v.lytvyniuk/Documents/библиотечка/DE online1/git/de_7/lesson_07/airflow_env/lib/python3.8/site-packages/airflow/example_dags/example_xcom.py
[2023-02-10T21:55:19.058+0200] {logging_mixin.py:115} INFO - [2023-02-10T21:55:19.058+0200] {dag.py:2429} INFO - Sync 1 DAGs
[2023-02-10T21:55:19.067+0200] {logging_mixin.py:115} INFO - [2023-02-10T21:55:19.067+0200] {dag.py:2977} INFO - Setting next_dagrun for example_xcom to 2021-01-01T00:00:00+00:00, run_after=2021-01-01T00:00:00+00:00
[2023-02-10T21:55:19.073+0200] {processor.py:161} INFO - Processing /Users/v.lytvyniuk/Documents/библиотечка/DE online1/git/de_7/lesson_07/airflow_env/lib/python3.8/site-packages/airflow/example_dags/example_xcom.py took 0.332 seconds
[2023-02-10T21:56:10.941+0200] {processor.py:153} INFO - Started process (PID=3068) to work on /Users/v.lytvyniuk/Documents/библиотечка/DE online1/git/de_7/lesson_07/airflow_env/lib/python3.8/site-packages/airflow/example_dags/example_xcom.py
[2023-02-10T21:56:10.944+0200] {processor.py:640} INFO - Processing file /Users/v.lytvyniuk/Documents/библиотечка/DE online1/git/de_7/lesson_07/airflow_env/lib/python3.8/site-packages/airflow/example_dags/example_xcom.py for tasks to queue
[2023-02-10T21:56:10.945+0200] {logging_mixin.py:115} INFO - [2023-02-10T21:56:10.945+0200] {dagbag.py:508} INFO - Filling up the DagBag from /Users/v.lytvyniuk/Documents/библиотечка/DE online1/git/de_7/lesson_07/airflow_env/lib/python3.8/site-packages/airflow/example_dags/example_xcom.py
[2023-02-10T21:56:10.963+0200] {processor.py:650} INFO - DAG(s) dict_keys(['example_xcom']) retrieved from /Users/v.lytvyniuk/Documents/библиотечка/DE online1/git/de_7/lesson_07/airflow_env/lib/python3.8/site-packages/airflow/example_dags/example_xcom.py
[2023-02-10T21:56:11.268+0200] {logging_mixin.py:115} INFO - [2023-02-10T21:56:11.268+0200] {dag.py:2429} INFO - Sync 1 DAGs
[2023-02-10T21:56:11.275+0200] {logging_mixin.py:115} INFO - [2023-02-10T21:56:11.275+0200] {dag.py:2977} INFO - Setting next_dagrun for example_xcom to 2021-01-01T00:00:00+00:00, run_after=2021-01-01T00:00:00+00:00
[2023-02-10T21:56:11.281+0200] {processor.py:161} INFO - Processing /Users/v.lytvyniuk/Documents/библиотечка/DE online1/git/de_7/lesson_07/airflow_env/lib/python3.8/site-packages/airflow/example_dags/example_xcom.py took 0.340 seconds
[2023-02-10T21:57:03.916+0200] {processor.py:153} INFO - Started process (PID=3226) to work on /Users/v.lytvyniuk/Documents/библиотечка/DE online1/git/de_7/lesson_07/airflow_env/lib/python3.8/site-packages/airflow/example_dags/example_xcom.py
[2023-02-10T21:57:03.920+0200] {processor.py:640} INFO - Processing file /Users/v.lytvyniuk/Documents/библиотечка/DE online1/git/de_7/lesson_07/airflow_env/lib/python3.8/site-packages/airflow/example_dags/example_xcom.py for tasks to queue
[2023-02-10T21:57:03.920+0200] {logging_mixin.py:115} INFO - [2023-02-10T21:57:03.920+0200] {dagbag.py:508} INFO - Filling up the DagBag from /Users/v.lytvyniuk/Documents/библиотечка/DE online1/git/de_7/lesson_07/airflow_env/lib/python3.8/site-packages/airflow/example_dags/example_xcom.py
[2023-02-10T21:57:03.939+0200] {processor.py:650} INFO - DAG(s) dict_keys(['example_xcom']) retrieved from /Users/v.lytvyniuk/Documents/библиотечка/DE online1/git/de_7/lesson_07/airflow_env/lib/python3.8/site-packages/airflow/example_dags/example_xcom.py
[2023-02-10T21:57:04.234+0200] {logging_mixin.py:115} INFO - [2023-02-10T21:57:04.234+0200] {dag.py:2429} INFO - Sync 1 DAGs
[2023-02-10T21:57:04.241+0200] {logging_mixin.py:115} INFO - [2023-02-10T21:57:04.241+0200] {dag.py:2977} INFO - Setting next_dagrun for example_xcom to 2021-01-01T00:00:00+00:00, run_after=2021-01-01T00:00:00+00:00
[2023-02-10T21:57:04.247+0200] {processor.py:161} INFO - Processing /Users/v.lytvyniuk/Documents/библиотечка/DE online1/git/de_7/lesson_07/airflow_env/lib/python3.8/site-packages/airflow/example_dags/example_xcom.py took 0.331 seconds
[2023-02-10T21:57:56.371+0200] {processor.py:153} INFO - Started process (PID=3400) to work on /Users/v.lytvyniuk/Documents/библиотечка/DE online1/git/de_7/lesson_07/airflow_env/lib/python3.8/site-packages/airflow/example_dags/example_xcom.py
[2023-02-10T21:57:56.374+0200] {processor.py:640} INFO - Processing file /Users/v.lytvyniuk/Documents/библиотечка/DE online1/git/de_7/lesson_07/airflow_env/lib/python3.8/site-packages/airflow/example_dags/example_xcom.py for tasks to queue
[2023-02-10T21:57:56.375+0200] {logging_mixin.py:115} INFO - [2023-02-10T21:57:56.375+0200] {dagbag.py:508} INFO - Filling up the DagBag from /Users/v.lytvyniuk/Documents/библиотечка/DE online1/git/de_7/lesson_07/airflow_env/lib/python3.8/site-packages/airflow/example_dags/example_xcom.py
[2023-02-10T21:57:56.395+0200] {processor.py:650} INFO - DAG(s) dict_keys(['example_xcom']) retrieved from /Users/v.lytvyniuk/Documents/библиотечка/DE online1/git/de_7/lesson_07/airflow_env/lib/python3.8/site-packages/airflow/example_dags/example_xcom.py
[2023-02-10T21:57:56.723+0200] {logging_mixin.py:115} INFO - [2023-02-10T21:57:56.723+0200] {dag.py:2429} INFO - Sync 1 DAGs
[2023-02-10T21:57:56.732+0200] {logging_mixin.py:115} INFO - [2023-02-10T21:57:56.731+0200] {dag.py:2977} INFO - Setting next_dagrun for example_xcom to 2021-01-01T00:00:00+00:00, run_after=2021-01-01T00:00:00+00:00
[2023-02-10T21:57:56.739+0200] {processor.py:161} INFO - Processing /Users/v.lytvyniuk/Documents/библиотечка/DE online1/git/de_7/lesson_07/airflow_env/lib/python3.8/site-packages/airflow/example_dags/example_xcom.py took 0.368 seconds
