[2023-02-10T21:32:51.649+0200] {processor.py:153} INFO - Started process (PID=48374) to work on /Users/v.lytvyniuk/Documents/библиотечка/DE online1/git/de_7/lesson_07/airflow_env/lib/python3.8/site-packages/airflow/example_dags/example_branch_operator.py
[2023-02-10T21:32:51.652+0200] {processor.py:640} INFO - Processing file /Users/v.lytvyniuk/Documents/библиотечка/DE online1/git/de_7/lesson_07/airflow_env/lib/python3.8/site-packages/airflow/example_dags/example_branch_operator.py for tasks to queue
[2023-02-10T21:32:51.652+0200] {logging_mixin.py:115} INFO - [2023-02-10T21:32:51.652+0200] {dagbag.py:508} INFO - Filling up the DagBag from /Users/v.lytvyniuk/Documents/библиотечка/DE online1/git/de_7/lesson_07/airflow_env/lib/python3.8/site-packages/airflow/example_dags/example_branch_operator.py
[2023-02-10T21:32:51.668+0200] {processor.py:650} INFO - DAG(s) dict_keys(['example_branch_operator']) retrieved from /Users/v.lytvyniuk/Documents/библиотечка/DE online1/git/de_7/lesson_07/airflow_env/lib/python3.8/site-packages/airflow/example_dags/example_branch_operator.py
[2023-02-10T21:32:52.043+0200] {logging_mixin.py:115} INFO - [2023-02-10T21:32:52.043+0200] {manager.py:508} INFO - Created Permission View: can read on DAG:example_branch_operator
[2023-02-10T21:32:52.047+0200] {logging_mixin.py:115} INFO - [2023-02-10T21:32:52.047+0200] {manager.py:508} INFO - Created Permission View: can delete on DAG:example_branch_operator
[2023-02-10T21:32:52.050+0200] {logging_mixin.py:115} INFO - [2023-02-10T21:32:52.049+0200] {manager.py:508} INFO - Created Permission View: can edit on DAG:example_branch_operator
[2023-02-10T21:32:52.050+0200] {logging_mixin.py:115} INFO - [2023-02-10T21:32:52.050+0200] {dag.py:2429} INFO - Sync 1 DAGs
[2023-02-10T21:32:52.053+0200] {logging_mixin.py:115} INFO - [2023-02-10T21:32:52.053+0200] {dag.py:2448} INFO - Creating ORM DAG for example_branch_operator
[2023-02-10T21:32:52.058+0200] {logging_mixin.py:115} INFO - [2023-02-10T21:32:52.058+0200] {dag.py:2977} INFO - Setting next_dagrun for example_branch_operator to 2023-02-09T00:00:00+00:00, run_after=2023-02-10T00:00:00+00:00
[2023-02-10T21:32:52.064+0200] {processor.py:161} INFO - Processing /Users/v.lytvyniuk/Documents/библиотечка/DE online1/git/de_7/lesson_07/airflow_env/lib/python3.8/site-packages/airflow/example_dags/example_branch_operator.py took 0.415 seconds
[2023-02-10T21:35:22.396+0200] {processor.py:153} INFO - Started process (PID=48844) to work on /Users/v.lytvyniuk/Documents/библиотечка/DE online1/git/de_7/lesson_07/airflow_env/lib/python3.8/site-packages/airflow/example_dags/example_branch_operator.py
[2023-02-10T21:35:22.399+0200] {processor.py:640} INFO - Processing file /Users/v.lytvyniuk/Documents/библиотечка/DE online1/git/de_7/lesson_07/airflow_env/lib/python3.8/site-packages/airflow/example_dags/example_branch_operator.py for tasks to queue
[2023-02-10T21:35:22.399+0200] {logging_mixin.py:115} INFO - [2023-02-10T21:35:22.399+0200] {dagbag.py:508} INFO - Filling up the DagBag from /Users/v.lytvyniuk/Documents/библиотечка/DE online1/git/de_7/lesson_07/airflow_env/lib/python3.8/site-packages/airflow/example_dags/example_branch_operator.py
[2023-02-10T21:35:22.418+0200] {processor.py:650} INFO - DAG(s) dict_keys(['example_branch_operator']) retrieved from /Users/v.lytvyniuk/Documents/библиотечка/DE online1/git/de_7/lesson_07/airflow_env/lib/python3.8/site-packages/airflow/example_dags/example_branch_operator.py
[2023-02-10T21:35:22.453+0200] {logging_mixin.py:115} INFO - [2023-02-10T21:35:22.452+0200] {dag.py:2429} INFO - Sync 1 DAGs
[2023-02-10T21:35:22.460+0200] {logging_mixin.py:115} INFO - [2023-02-10T21:35:22.460+0200] {dag.py:2977} INFO - Setting next_dagrun for example_branch_operator to 2023-02-09T00:00:00+00:00, run_after=2023-02-10T00:00:00+00:00
[2023-02-10T21:35:22.467+0200] {processor.py:161} INFO - Processing /Users/v.lytvyniuk/Documents/библиотечка/DE online1/git/de_7/lesson_07/airflow_env/lib/python3.8/site-packages/airflow/example_dags/example_branch_operator.py took 0.071 seconds
[2023-02-10T21:36:15.170+0200] {processor.py:153} INFO - Started process (PID=48988) to work on /Users/v.lytvyniuk/Documents/библиотечка/DE online1/git/de_7/lesson_07/airflow_env/lib/python3.8/site-packages/airflow/example_dags/example_branch_operator.py
[2023-02-10T21:36:15.173+0200] {processor.py:640} INFO - Processing file /Users/v.lytvyniuk/Documents/библиотечка/DE online1/git/de_7/lesson_07/airflow_env/lib/python3.8/site-packages/airflow/example_dags/example_branch_operator.py for tasks to queue
[2023-02-10T21:36:15.173+0200] {logging_mixin.py:115} INFO - [2023-02-10T21:36:15.173+0200] {dagbag.py:508} INFO - Filling up the DagBag from /Users/v.lytvyniuk/Documents/библиотечка/DE online1/git/de_7/lesson_07/airflow_env/lib/python3.8/site-packages/airflow/example_dags/example_branch_operator.py
[2023-02-10T21:36:15.190+0200] {processor.py:650} INFO - DAG(s) dict_keys(['example_branch_operator']) retrieved from /Users/v.lytvyniuk/Documents/библиотечка/DE online1/git/de_7/lesson_07/airflow_env/lib/python3.8/site-packages/airflow/example_dags/example_branch_operator.py
[2023-02-10T21:36:15.221+0200] {logging_mixin.py:115} INFO - [2023-02-10T21:36:15.221+0200] {dag.py:2429} INFO - Sync 1 DAGs
[2023-02-10T21:36:15.229+0200] {logging_mixin.py:115} INFO - [2023-02-10T21:36:15.229+0200] {dag.py:2977} INFO - Setting next_dagrun for example_branch_operator to 2023-02-09T00:00:00+00:00, run_after=2023-02-10T00:00:00+00:00
[2023-02-10T21:36:15.235+0200] {processor.py:161} INFO - Processing /Users/v.lytvyniuk/Documents/библиотечка/DE online1/git/de_7/lesson_07/airflow_env/lib/python3.8/site-packages/airflow/example_dags/example_branch_operator.py took 0.066 seconds
[2023-02-10T21:37:04.448+0200] {processor.py:153} INFO - Started process (PID=49139) to work on /Users/v.lytvyniuk/Documents/библиотечка/DE online1/git/de_7/lesson_07/airflow_env/lib/python3.8/site-packages/airflow/example_dags/example_branch_operator.py
[2023-02-10T21:37:04.451+0200] {processor.py:640} INFO - Processing file /Users/v.lytvyniuk/Documents/библиотечка/DE online1/git/de_7/lesson_07/airflow_env/lib/python3.8/site-packages/airflow/example_dags/example_branch_operator.py for tasks to queue
[2023-02-10T21:37:04.452+0200] {logging_mixin.py:115} INFO - [2023-02-10T21:37:04.452+0200] {dagbag.py:508} INFO - Filling up the DagBag from /Users/v.lytvyniuk/Documents/библиотечка/DE online1/git/de_7/lesson_07/airflow_env/lib/python3.8/site-packages/airflow/example_dags/example_branch_operator.py
[2023-02-10T21:37:04.467+0200] {processor.py:650} INFO - DAG(s) dict_keys(['example_branch_operator']) retrieved from /Users/v.lytvyniuk/Documents/библиотечка/DE online1/git/de_7/lesson_07/airflow_env/lib/python3.8/site-packages/airflow/example_dags/example_branch_operator.py
[2023-02-10T21:37:04.498+0200] {logging_mixin.py:115} INFO - [2023-02-10T21:37:04.498+0200] {dag.py:2429} INFO - Sync 1 DAGs
[2023-02-10T21:37:04.505+0200] {logging_mixin.py:115} INFO - [2023-02-10T21:37:04.505+0200] {dag.py:2977} INFO - Setting next_dagrun for example_branch_operator to 2023-02-09T00:00:00+00:00, run_after=2023-02-10T00:00:00+00:00
[2023-02-10T21:37:04.511+0200] {processor.py:161} INFO - Processing /Users/v.lytvyniuk/Documents/библиотечка/DE online1/git/de_7/lesson_07/airflow_env/lib/python3.8/site-packages/airflow/example_dags/example_branch_operator.py took 0.063 seconds
[2023-02-10T21:37:54.199+0200] {processor.py:153} INFO - Started process (PID=49273) to work on /Users/v.lytvyniuk/Documents/библиотечка/DE online1/git/de_7/lesson_07/airflow_env/lib/python3.8/site-packages/airflow/example_dags/example_branch_operator.py
[2023-02-10T21:37:54.202+0200] {processor.py:640} INFO - Processing file /Users/v.lytvyniuk/Documents/библиотечка/DE online1/git/de_7/lesson_07/airflow_env/lib/python3.8/site-packages/airflow/example_dags/example_branch_operator.py for tasks to queue
[2023-02-10T21:37:54.202+0200] {logging_mixin.py:115} INFO - [2023-02-10T21:37:54.202+0200] {dagbag.py:508} INFO - Filling up the DagBag from /Users/v.lytvyniuk/Documents/библиотечка/DE online1/git/de_7/lesson_07/airflow_env/lib/python3.8/site-packages/airflow/example_dags/example_branch_operator.py
[2023-02-10T21:37:54.220+0200] {processor.py:650} INFO - DAG(s) dict_keys(['example_branch_operator']) retrieved from /Users/v.lytvyniuk/Documents/библиотечка/DE online1/git/de_7/lesson_07/airflow_env/lib/python3.8/site-packages/airflow/example_dags/example_branch_operator.py
[2023-02-10T21:37:54.253+0200] {logging_mixin.py:115} INFO - [2023-02-10T21:37:54.253+0200] {dag.py:2429} INFO - Sync 1 DAGs
[2023-02-10T21:37:54.261+0200] {logging_mixin.py:115} INFO - [2023-02-10T21:37:54.261+0200] {dag.py:2977} INFO - Setting next_dagrun for example_branch_operator to 2023-02-09T00:00:00+00:00, run_after=2023-02-10T00:00:00+00:00
[2023-02-10T21:37:54.268+0200] {processor.py:161} INFO - Processing /Users/v.lytvyniuk/Documents/библиотечка/DE online1/git/de_7/lesson_07/airflow_env/lib/python3.8/site-packages/airflow/example_dags/example_branch_operator.py took 0.070 seconds
[2023-02-10T21:38:44.946+0200] {processor.py:153} INFO - Started process (PID=49432) to work on /Users/v.lytvyniuk/Documents/библиотечка/DE online1/git/de_7/lesson_07/airflow_env/lib/python3.8/site-packages/airflow/example_dags/example_branch_operator.py
[2023-02-10T21:38:44.949+0200] {processor.py:640} INFO - Processing file /Users/v.lytvyniuk/Documents/библиотечка/DE online1/git/de_7/lesson_07/airflow_env/lib/python3.8/site-packages/airflow/example_dags/example_branch_operator.py for tasks to queue
[2023-02-10T21:38:44.949+0200] {logging_mixin.py:115} INFO - [2023-02-10T21:38:44.949+0200] {dagbag.py:508} INFO - Filling up the DagBag from /Users/v.lytvyniuk/Documents/библиотечка/DE online1/git/de_7/lesson_07/airflow_env/lib/python3.8/site-packages/airflow/example_dags/example_branch_operator.py
[2023-02-10T21:38:44.965+0200] {processor.py:650} INFO - DAG(s) dict_keys(['example_branch_operator']) retrieved from /Users/v.lytvyniuk/Documents/библиотечка/DE online1/git/de_7/lesson_07/airflow_env/lib/python3.8/site-packages/airflow/example_dags/example_branch_operator.py
[2023-02-10T21:38:44.995+0200] {logging_mixin.py:115} INFO - [2023-02-10T21:38:44.995+0200] {dag.py:2429} INFO - Sync 1 DAGs
[2023-02-10T21:38:45.003+0200] {logging_mixin.py:115} INFO - [2023-02-10T21:38:45.003+0200] {dag.py:2977} INFO - Setting next_dagrun for example_branch_operator to 2023-02-09T00:00:00+00:00, run_after=2023-02-10T00:00:00+00:00
[2023-02-10T21:38:45.008+0200] {processor.py:161} INFO - Processing /Users/v.lytvyniuk/Documents/библиотечка/DE online1/git/de_7/lesson_07/airflow_env/lib/python3.8/site-packages/airflow/example_dags/example_branch_operator.py took 0.063 seconds
[2023-02-10T21:39:34.495+0200] {processor.py:153} INFO - Started process (PID=49605) to work on /Users/v.lytvyniuk/Documents/библиотечка/DE online1/git/de_7/lesson_07/airflow_env/lib/python3.8/site-packages/airflow/example_dags/example_branch_operator.py
[2023-02-10T21:39:34.498+0200] {processor.py:640} INFO - Processing file /Users/v.lytvyniuk/Documents/библиотечка/DE online1/git/de_7/lesson_07/airflow_env/lib/python3.8/site-packages/airflow/example_dags/example_branch_operator.py for tasks to queue
[2023-02-10T21:39:34.499+0200] {logging_mixin.py:115} INFO - [2023-02-10T21:39:34.499+0200] {dagbag.py:508} INFO - Filling up the DagBag from /Users/v.lytvyniuk/Documents/библиотечка/DE online1/git/de_7/lesson_07/airflow_env/lib/python3.8/site-packages/airflow/example_dags/example_branch_operator.py
[2023-02-10T21:39:34.515+0200] {processor.py:650} INFO - DAG(s) dict_keys(['example_branch_operator']) retrieved from /Users/v.lytvyniuk/Documents/библиотечка/DE online1/git/de_7/lesson_07/airflow_env/lib/python3.8/site-packages/airflow/example_dags/example_branch_operator.py
[2023-02-10T21:39:34.547+0200] {logging_mixin.py:115} INFO - [2023-02-10T21:39:34.547+0200] {dag.py:2429} INFO - Sync 1 DAGs
[2023-02-10T21:39:34.556+0200] {logging_mixin.py:115} INFO - [2023-02-10T21:39:34.556+0200] {dag.py:2977} INFO - Setting next_dagrun for example_branch_operator to 2023-02-09T00:00:00+00:00, run_after=2023-02-10T00:00:00+00:00
[2023-02-10T21:39:34.562+0200] {processor.py:161} INFO - Processing /Users/v.lytvyniuk/Documents/библиотечка/DE online1/git/de_7/lesson_07/airflow_env/lib/python3.8/site-packages/airflow/example_dags/example_branch_operator.py took 0.068 seconds
[2023-02-10T21:40:23.426+0200] {processor.py:153} INFO - Started process (PID=49750) to work on /Users/v.lytvyniuk/Documents/библиотечка/DE online1/git/de_7/lesson_07/airflow_env/lib/python3.8/site-packages/airflow/example_dags/example_branch_operator.py
[2023-02-10T21:40:23.429+0200] {processor.py:640} INFO - Processing file /Users/v.lytvyniuk/Documents/библиотечка/DE online1/git/de_7/lesson_07/airflow_env/lib/python3.8/site-packages/airflow/example_dags/example_branch_operator.py for tasks to queue
[2023-02-10T21:40:23.430+0200] {logging_mixin.py:115} INFO - [2023-02-10T21:40:23.430+0200] {dagbag.py:508} INFO - Filling up the DagBag from /Users/v.lytvyniuk/Documents/библиотечка/DE online1/git/de_7/lesson_07/airflow_env/lib/python3.8/site-packages/airflow/example_dags/example_branch_operator.py
[2023-02-10T21:40:23.445+0200] {processor.py:650} INFO - DAG(s) dict_keys(['example_branch_operator']) retrieved from /Users/v.lytvyniuk/Documents/библиотечка/DE online1/git/de_7/lesson_07/airflow_env/lib/python3.8/site-packages/airflow/example_dags/example_branch_operator.py
[2023-02-10T21:40:23.475+0200] {logging_mixin.py:115} INFO - [2023-02-10T21:40:23.475+0200] {dag.py:2429} INFO - Sync 1 DAGs
[2023-02-10T21:40:23.483+0200] {logging_mixin.py:115} INFO - [2023-02-10T21:40:23.483+0200] {dag.py:2977} INFO - Setting next_dagrun for example_branch_operator to 2023-02-09T00:00:00+00:00, run_after=2023-02-10T00:00:00+00:00
[2023-02-10T21:40:23.489+0200] {processor.py:161} INFO - Processing /Users/v.lytvyniuk/Documents/библиотечка/DE online1/git/de_7/lesson_07/airflow_env/lib/python3.8/site-packages/airflow/example_dags/example_branch_operator.py took 0.063 seconds
[2023-02-10T21:41:14.620+0200] {processor.py:153} INFO - Started process (PID=49886) to work on /Users/v.lytvyniuk/Documents/библиотечка/DE online1/git/de_7/lesson_07/airflow_env/lib/python3.8/site-packages/airflow/example_dags/example_branch_operator.py
[2023-02-10T21:41:14.624+0200] {processor.py:640} INFO - Processing file /Users/v.lytvyniuk/Documents/библиотечка/DE online1/git/de_7/lesson_07/airflow_env/lib/python3.8/site-packages/airflow/example_dags/example_branch_operator.py for tasks to queue
[2023-02-10T21:41:14.624+0200] {logging_mixin.py:115} INFO - [2023-02-10T21:41:14.624+0200] {dagbag.py:508} INFO - Filling up the DagBag from /Users/v.lytvyniuk/Documents/библиотечка/DE online1/git/de_7/lesson_07/airflow_env/lib/python3.8/site-packages/airflow/example_dags/example_branch_operator.py
[2023-02-10T21:41:14.640+0200] {processor.py:650} INFO - DAG(s) dict_keys(['example_branch_operator']) retrieved from /Users/v.lytvyniuk/Documents/библиотечка/DE online1/git/de_7/lesson_07/airflow_env/lib/python3.8/site-packages/airflow/example_dags/example_branch_operator.py
[2023-02-10T21:41:14.670+0200] {logging_mixin.py:115} INFO - [2023-02-10T21:41:14.670+0200] {dag.py:2429} INFO - Sync 1 DAGs
[2023-02-10T21:41:14.678+0200] {logging_mixin.py:115} INFO - [2023-02-10T21:41:14.678+0200] {dag.py:2977} INFO - Setting next_dagrun for example_branch_operator to 2023-02-09T00:00:00+00:00, run_after=2023-02-10T00:00:00+00:00
[2023-02-10T21:41:14.684+0200] {processor.py:161} INFO - Processing /Users/v.lytvyniuk/Documents/библиотечка/DE online1/git/de_7/lesson_07/airflow_env/lib/python3.8/site-packages/airflow/example_dags/example_branch_operator.py took 0.064 seconds
[2023-02-10T21:42:05.062+0200] {processor.py:153} INFO - Started process (PID=50020) to work on /Users/v.lytvyniuk/Documents/библиотечка/DE online1/git/de_7/lesson_07/airflow_env/lib/python3.8/site-packages/airflow/example_dags/example_branch_operator.py
[2023-02-10T21:42:05.065+0200] {processor.py:640} INFO - Processing file /Users/v.lytvyniuk/Documents/библиотечка/DE online1/git/de_7/lesson_07/airflow_env/lib/python3.8/site-packages/airflow/example_dags/example_branch_operator.py for tasks to queue
[2023-02-10T21:42:05.065+0200] {logging_mixin.py:115} INFO - [2023-02-10T21:42:05.065+0200] {dagbag.py:508} INFO - Filling up the DagBag from /Users/v.lytvyniuk/Documents/библиотечка/DE online1/git/de_7/lesson_07/airflow_env/lib/python3.8/site-packages/airflow/example_dags/example_branch_operator.py
[2023-02-10T21:42:05.082+0200] {processor.py:650} INFO - DAG(s) dict_keys(['example_branch_operator']) retrieved from /Users/v.lytvyniuk/Documents/библиотечка/DE online1/git/de_7/lesson_07/airflow_env/lib/python3.8/site-packages/airflow/example_dags/example_branch_operator.py
[2023-02-10T21:42:05.114+0200] {logging_mixin.py:115} INFO - [2023-02-10T21:42:05.113+0200] {dag.py:2429} INFO - Sync 1 DAGs
[2023-02-10T21:42:05.121+0200] {logging_mixin.py:115} INFO - [2023-02-10T21:42:05.121+0200] {dag.py:2977} INFO - Setting next_dagrun for example_branch_operator to 2023-02-09T00:00:00+00:00, run_after=2023-02-10T00:00:00+00:00
[2023-02-10T21:42:05.128+0200] {processor.py:161} INFO - Processing /Users/v.lytvyniuk/Documents/библиотечка/DE online1/git/de_7/lesson_07/airflow_env/lib/python3.8/site-packages/airflow/example_dags/example_branch_operator.py took 0.066 seconds
[2023-02-10T21:42:57.366+0200] {processor.py:153} INFO - Started process (PID=50170) to work on /Users/v.lytvyniuk/Documents/библиотечка/DE online1/git/de_7/lesson_07/airflow_env/lib/python3.8/site-packages/airflow/example_dags/example_branch_operator.py
[2023-02-10T21:42:57.369+0200] {processor.py:640} INFO - Processing file /Users/v.lytvyniuk/Documents/библиотечка/DE online1/git/de_7/lesson_07/airflow_env/lib/python3.8/site-packages/airflow/example_dags/example_branch_operator.py for tasks to queue
[2023-02-10T21:42:57.369+0200] {logging_mixin.py:115} INFO - [2023-02-10T21:42:57.369+0200] {dagbag.py:508} INFO - Filling up the DagBag from /Users/v.lytvyniuk/Documents/библиотечка/DE online1/git/de_7/lesson_07/airflow_env/lib/python3.8/site-packages/airflow/example_dags/example_branch_operator.py
[2023-02-10T21:42:57.385+0200] {processor.py:650} INFO - DAG(s) dict_keys(['example_branch_operator']) retrieved from /Users/v.lytvyniuk/Documents/библиотечка/DE online1/git/de_7/lesson_07/airflow_env/lib/python3.8/site-packages/airflow/example_dags/example_branch_operator.py
[2023-02-10T21:42:57.415+0200] {logging_mixin.py:115} INFO - [2023-02-10T21:42:57.415+0200] {dag.py:2429} INFO - Sync 1 DAGs
[2023-02-10T21:42:57.423+0200] {logging_mixin.py:115} INFO - [2023-02-10T21:42:57.423+0200] {dag.py:2977} INFO - Setting next_dagrun for example_branch_operator to 2023-02-09T00:00:00+00:00, run_after=2023-02-10T00:00:00+00:00
[2023-02-10T21:42:57.429+0200] {processor.py:161} INFO - Processing /Users/v.lytvyniuk/Documents/библиотечка/DE online1/git/de_7/lesson_07/airflow_env/lib/python3.8/site-packages/airflow/example_dags/example_branch_operator.py took 0.064 seconds
[2023-02-10T21:43:45.983+0200] {processor.py:153} INFO - Started process (PID=50292) to work on /Users/v.lytvyniuk/Documents/библиотечка/DE online1/git/de_7/lesson_07/airflow_env/lib/python3.8/site-packages/airflow/example_dags/example_branch_operator.py
[2023-02-10T21:43:45.987+0200] {processor.py:640} INFO - Processing file /Users/v.lytvyniuk/Documents/библиотечка/DE online1/git/de_7/lesson_07/airflow_env/lib/python3.8/site-packages/airflow/example_dags/example_branch_operator.py for tasks to queue
[2023-02-10T21:43:45.987+0200] {logging_mixin.py:115} INFO - [2023-02-10T21:43:45.987+0200] {dagbag.py:508} INFO - Filling up the DagBag from /Users/v.lytvyniuk/Documents/библиотечка/DE online1/git/de_7/lesson_07/airflow_env/lib/python3.8/site-packages/airflow/example_dags/example_branch_operator.py
[2023-02-10T21:43:46.003+0200] {processor.py:650} INFO - DAG(s) dict_keys(['example_branch_operator']) retrieved from /Users/v.lytvyniuk/Documents/библиотечка/DE online1/git/de_7/lesson_07/airflow_env/lib/python3.8/site-packages/airflow/example_dags/example_branch_operator.py
[2023-02-10T21:43:46.033+0200] {logging_mixin.py:115} INFO - [2023-02-10T21:43:46.032+0200] {dag.py:2429} INFO - Sync 1 DAGs
[2023-02-10T21:43:46.040+0200] {logging_mixin.py:115} INFO - [2023-02-10T21:43:46.040+0200] {dag.py:2977} INFO - Setting next_dagrun for example_branch_operator to 2023-02-09T00:00:00+00:00, run_after=2023-02-10T00:00:00+00:00
[2023-02-10T21:43:46.046+0200] {processor.py:161} INFO - Processing /Users/v.lytvyniuk/Documents/библиотечка/DE online1/git/de_7/lesson_07/airflow_env/lib/python3.8/site-packages/airflow/example_dags/example_branch_operator.py took 0.062 seconds
[2023-02-10T21:44:38.401+0200] {processor.py:153} INFO - Started process (PID=50435) to work on /Users/v.lytvyniuk/Documents/библиотечка/DE online1/git/de_7/lesson_07/airflow_env/lib/python3.8/site-packages/airflow/example_dags/example_branch_operator.py
[2023-02-10T21:44:38.404+0200] {processor.py:640} INFO - Processing file /Users/v.lytvyniuk/Documents/библиотечка/DE online1/git/de_7/lesson_07/airflow_env/lib/python3.8/site-packages/airflow/example_dags/example_branch_operator.py for tasks to queue
[2023-02-10T21:44:38.405+0200] {logging_mixin.py:115} INFO - [2023-02-10T21:44:38.405+0200] {dagbag.py:508} INFO - Filling up the DagBag from /Users/v.lytvyniuk/Documents/библиотечка/DE online1/git/de_7/lesson_07/airflow_env/lib/python3.8/site-packages/airflow/example_dags/example_branch_operator.py
[2023-02-10T21:44:38.421+0200] {processor.py:650} INFO - DAG(s) dict_keys(['example_branch_operator']) retrieved from /Users/v.lytvyniuk/Documents/библиотечка/DE online1/git/de_7/lesson_07/airflow_env/lib/python3.8/site-packages/airflow/example_dags/example_branch_operator.py
[2023-02-10T21:44:38.452+0200] {logging_mixin.py:115} INFO - [2023-02-10T21:44:38.451+0200] {dag.py:2429} INFO - Sync 1 DAGs
[2023-02-10T21:44:38.459+0200] {logging_mixin.py:115} INFO - [2023-02-10T21:44:38.459+0200] {dag.py:2977} INFO - Setting next_dagrun for example_branch_operator to 2023-02-09T00:00:00+00:00, run_after=2023-02-10T00:00:00+00:00
[2023-02-10T21:44:38.465+0200] {processor.py:161} INFO - Processing /Users/v.lytvyniuk/Documents/библиотечка/DE online1/git/de_7/lesson_07/airflow_env/lib/python3.8/site-packages/airflow/example_dags/example_branch_operator.py took 0.064 seconds
[2023-02-10T21:45:28.476+0200] {processor.py:153} INFO - Started process (PID=50947) to work on /Users/v.lytvyniuk/Documents/библиотечка/DE online1/git/de_7/lesson_07/airflow_env/lib/python3.8/site-packages/airflow/example_dags/example_branch_operator.py
[2023-02-10T21:45:28.479+0200] {processor.py:640} INFO - Processing file /Users/v.lytvyniuk/Documents/библиотечка/DE online1/git/de_7/lesson_07/airflow_env/lib/python3.8/site-packages/airflow/example_dags/example_branch_operator.py for tasks to queue
[2023-02-10T21:45:28.479+0200] {logging_mixin.py:115} INFO - [2023-02-10T21:45:28.479+0200] {dagbag.py:508} INFO - Filling up the DagBag from /Users/v.lytvyniuk/Documents/библиотечка/DE online1/git/de_7/lesson_07/airflow_env/lib/python3.8/site-packages/airflow/example_dags/example_branch_operator.py
[2023-02-10T21:45:28.495+0200] {processor.py:650} INFO - DAG(s) dict_keys(['example_branch_operator']) retrieved from /Users/v.lytvyniuk/Documents/библиотечка/DE online1/git/de_7/lesson_07/airflow_env/lib/python3.8/site-packages/airflow/example_dags/example_branch_operator.py
[2023-02-10T21:45:28.526+0200] {logging_mixin.py:115} INFO - [2023-02-10T21:45:28.526+0200] {dag.py:2429} INFO - Sync 1 DAGs
[2023-02-10T21:45:28.533+0200] {logging_mixin.py:115} INFO - [2023-02-10T21:45:28.533+0200] {dag.py:2977} INFO - Setting next_dagrun for example_branch_operator to 2023-02-09T00:00:00+00:00, run_after=2023-02-10T00:00:00+00:00
[2023-02-10T21:45:28.539+0200] {processor.py:161} INFO - Processing /Users/v.lytvyniuk/Documents/библиотечка/DE online1/git/de_7/lesson_07/airflow_env/lib/python3.8/site-packages/airflow/example_dags/example_branch_operator.py took 0.064 seconds
[2023-02-10T21:46:21.300+0200] {processor.py:153} INFO - Started process (PID=51079) to work on /Users/v.lytvyniuk/Documents/библиотечка/DE online1/git/de_7/lesson_07/airflow_env/lib/python3.8/site-packages/airflow/example_dags/example_branch_operator.py
[2023-02-10T21:46:21.303+0200] {processor.py:640} INFO - Processing file /Users/v.lytvyniuk/Documents/библиотечка/DE online1/git/de_7/lesson_07/airflow_env/lib/python3.8/site-packages/airflow/example_dags/example_branch_operator.py for tasks to queue
[2023-02-10T21:46:21.303+0200] {logging_mixin.py:115} INFO - [2023-02-10T21:46:21.303+0200] {dagbag.py:508} INFO - Filling up the DagBag from /Users/v.lytvyniuk/Documents/библиотечка/DE online1/git/de_7/lesson_07/airflow_env/lib/python3.8/site-packages/airflow/example_dags/example_branch_operator.py
[2023-02-10T21:46:21.319+0200] {processor.py:650} INFO - DAG(s) dict_keys(['example_branch_operator']) retrieved from /Users/v.lytvyniuk/Documents/библиотечка/DE online1/git/de_7/lesson_07/airflow_env/lib/python3.8/site-packages/airflow/example_dags/example_branch_operator.py
[2023-02-10T21:46:21.350+0200] {logging_mixin.py:115} INFO - [2023-02-10T21:46:21.350+0200] {dag.py:2429} INFO - Sync 1 DAGs
[2023-02-10T21:46:21.357+0200] {logging_mixin.py:115} INFO - [2023-02-10T21:46:21.357+0200] {dag.py:2977} INFO - Setting next_dagrun for example_branch_operator to 2023-02-09T00:00:00+00:00, run_after=2023-02-10T00:00:00+00:00
[2023-02-10T21:46:21.363+0200] {processor.py:161} INFO - Processing /Users/v.lytvyniuk/Documents/библиотечка/DE online1/git/de_7/lesson_07/airflow_env/lib/python3.8/site-packages/airflow/example_dags/example_branch_operator.py took 0.063 seconds
[2023-02-10T21:47:11.128+0200] {processor.py:153} INFO - Started process (PID=51439) to work on /Users/v.lytvyniuk/Documents/библиотечка/DE online1/git/de_7/lesson_07/airflow_env/lib/python3.8/site-packages/airflow/example_dags/example_branch_operator.py
[2023-02-10T21:47:11.132+0200] {processor.py:640} INFO - Processing file /Users/v.lytvyniuk/Documents/библиотечка/DE online1/git/de_7/lesson_07/airflow_env/lib/python3.8/site-packages/airflow/example_dags/example_branch_operator.py for tasks to queue
[2023-02-10T21:47:11.132+0200] {logging_mixin.py:115} INFO - [2023-02-10T21:47:11.132+0200] {dagbag.py:508} INFO - Filling up the DagBag from /Users/v.lytvyniuk/Documents/библиотечка/DE online1/git/de_7/lesson_07/airflow_env/lib/python3.8/site-packages/airflow/example_dags/example_branch_operator.py
[2023-02-10T21:47:11.150+0200] {processor.py:650} INFO - DAG(s) dict_keys(['example_branch_operator']) retrieved from /Users/v.lytvyniuk/Documents/библиотечка/DE online1/git/de_7/lesson_07/airflow_env/lib/python3.8/site-packages/airflow/example_dags/example_branch_operator.py
[2023-02-10T21:47:11.184+0200] {logging_mixin.py:115} INFO - [2023-02-10T21:47:11.184+0200] {dag.py:2429} INFO - Sync 1 DAGs
[2023-02-10T21:47:11.192+0200] {logging_mixin.py:115} INFO - [2023-02-10T21:47:11.192+0200] {dag.py:2977} INFO - Setting next_dagrun for example_branch_operator to 2023-02-09T00:00:00+00:00, run_after=2023-02-10T00:00:00+00:00
[2023-02-10T21:47:11.199+0200] {processor.py:161} INFO - Processing /Users/v.lytvyniuk/Documents/библиотечка/DE online1/git/de_7/lesson_07/airflow_env/lib/python3.8/site-packages/airflow/example_dags/example_branch_operator.py took 0.071 seconds
[2023-02-10T21:54:07.716+0200] {processor.py:153} INFO - Started process (PID=2620) to work on /Users/v.lytvyniuk/Documents/библиотечка/DE online1/git/de_7/lesson_07/airflow_env/lib/python3.8/site-packages/airflow/example_dags/example_branch_operator.py
[2023-02-10T21:54:07.719+0200] {processor.py:640} INFO - Processing file /Users/v.lytvyniuk/Documents/библиотечка/DE online1/git/de_7/lesson_07/airflow_env/lib/python3.8/site-packages/airflow/example_dags/example_branch_operator.py for tasks to queue
[2023-02-10T21:54:07.720+0200] {logging_mixin.py:115} INFO - [2023-02-10T21:54:07.720+0200] {dagbag.py:508} INFO - Filling up the DagBag from /Users/v.lytvyniuk/Documents/библиотечка/DE online1/git/de_7/lesson_07/airflow_env/lib/python3.8/site-packages/airflow/example_dags/example_branch_operator.py
[2023-02-10T21:54:07.736+0200] {processor.py:650} INFO - DAG(s) dict_keys(['example_branch_operator']) retrieved from /Users/v.lytvyniuk/Documents/библиотечка/DE online1/git/de_7/lesson_07/airflow_env/lib/python3.8/site-packages/airflow/example_dags/example_branch_operator.py
[2023-02-10T21:54:07.768+0200] {logging_mixin.py:115} INFO - [2023-02-10T21:54:07.767+0200] {dag.py:2429} INFO - Sync 1 DAGs
[2023-02-10T21:54:07.776+0200] {logging_mixin.py:115} INFO - [2023-02-10T21:54:07.776+0200] {dag.py:2977} INFO - Setting next_dagrun for example_branch_operator to 2023-02-09T00:00:00+00:00, run_after=2023-02-10T00:00:00+00:00
[2023-02-10T21:54:07.782+0200] {processor.py:161} INFO - Processing /Users/v.lytvyniuk/Documents/библиотечка/DE online1/git/de_7/lesson_07/airflow_env/lib/python3.8/site-packages/airflow/example_dags/example_branch_operator.py took 0.066 seconds
[2023-02-10T21:55:00.142+0200] {processor.py:153} INFO - Started process (PID=2837) to work on /Users/v.lytvyniuk/Documents/библиотечка/DE online1/git/de_7/lesson_07/airflow_env/lib/python3.8/site-packages/airflow/example_dags/example_branch_operator.py
[2023-02-10T21:55:00.145+0200] {processor.py:640} INFO - Processing file /Users/v.lytvyniuk/Documents/библиотечка/DE online1/git/de_7/lesson_07/airflow_env/lib/python3.8/site-packages/airflow/example_dags/example_branch_operator.py for tasks to queue
[2023-02-10T21:55:00.145+0200] {logging_mixin.py:115} INFO - [2023-02-10T21:55:00.145+0200] {dagbag.py:508} INFO - Filling up the DagBag from /Users/v.lytvyniuk/Documents/библиотечка/DE online1/git/de_7/lesson_07/airflow_env/lib/python3.8/site-packages/airflow/example_dags/example_branch_operator.py
[2023-02-10T21:55:00.161+0200] {processor.py:650} INFO - DAG(s) dict_keys(['example_branch_operator']) retrieved from /Users/v.lytvyniuk/Documents/библиотечка/DE online1/git/de_7/lesson_07/airflow_env/lib/python3.8/site-packages/airflow/example_dags/example_branch_operator.py
[2023-02-10T21:55:00.192+0200] {logging_mixin.py:115} INFO - [2023-02-10T21:55:00.192+0200] {dag.py:2429} INFO - Sync 1 DAGs
[2023-02-10T21:55:00.199+0200] {logging_mixin.py:115} INFO - [2023-02-10T21:55:00.199+0200] {dag.py:2977} INFO - Setting next_dagrun for example_branch_operator to 2023-02-09T00:00:00+00:00, run_after=2023-02-10T00:00:00+00:00
[2023-02-10T21:55:00.205+0200] {processor.py:161} INFO - Processing /Users/v.lytvyniuk/Documents/библиотечка/DE online1/git/de_7/lesson_07/airflow_env/lib/python3.8/site-packages/airflow/example_dags/example_branch_operator.py took 0.064 seconds
[2023-02-10T21:55:51.363+0200] {processor.py:153} INFO - Started process (PID=3007) to work on /Users/v.lytvyniuk/Documents/библиотечка/DE online1/git/de_7/lesson_07/airflow_env/lib/python3.8/site-packages/airflow/example_dags/example_branch_operator.py
[2023-02-10T21:55:51.367+0200] {processor.py:640} INFO - Processing file /Users/v.lytvyniuk/Documents/библиотечка/DE online1/git/de_7/lesson_07/airflow_env/lib/python3.8/site-packages/airflow/example_dags/example_branch_operator.py for tasks to queue
[2023-02-10T21:55:51.367+0200] {logging_mixin.py:115} INFO - [2023-02-10T21:55:51.367+0200] {dagbag.py:508} INFO - Filling up the DagBag from /Users/v.lytvyniuk/Documents/библиотечка/DE online1/git/de_7/lesson_07/airflow_env/lib/python3.8/site-packages/airflow/example_dags/example_branch_operator.py
[2023-02-10T21:55:51.387+0200] {processor.py:650} INFO - DAG(s) dict_keys(['example_branch_operator']) retrieved from /Users/v.lytvyniuk/Documents/библиотечка/DE online1/git/de_7/lesson_07/airflow_env/lib/python3.8/site-packages/airflow/example_dags/example_branch_operator.py
[2023-02-10T21:55:51.428+0200] {logging_mixin.py:115} INFO - [2023-02-10T21:55:51.427+0200] {dag.py:2429} INFO - Sync 1 DAGs
[2023-02-10T21:55:51.435+0200] {logging_mixin.py:115} INFO - [2023-02-10T21:55:51.435+0200] {dag.py:2977} INFO - Setting next_dagrun for example_branch_operator to 2023-02-09T00:00:00+00:00, run_after=2023-02-10T00:00:00+00:00
[2023-02-10T21:55:51.443+0200] {processor.py:161} INFO - Processing /Users/v.lytvyniuk/Documents/библиотечка/DE online1/git/de_7/lesson_07/airflow_env/lib/python3.8/site-packages/airflow/example_dags/example_branch_operator.py took 0.080 seconds
[2023-02-10T21:56:44.199+0200] {processor.py:153} INFO - Started process (PID=3158) to work on /Users/v.lytvyniuk/Documents/библиотечка/DE online1/git/de_7/lesson_07/airflow_env/lib/python3.8/site-packages/airflow/example_dags/example_branch_operator.py
[2023-02-10T21:56:44.202+0200] {processor.py:640} INFO - Processing file /Users/v.lytvyniuk/Documents/библиотечка/DE online1/git/de_7/lesson_07/airflow_env/lib/python3.8/site-packages/airflow/example_dags/example_branch_operator.py for tasks to queue
[2023-02-10T21:56:44.202+0200] {logging_mixin.py:115} INFO - [2023-02-10T21:56:44.202+0200] {dagbag.py:508} INFO - Filling up the DagBag from /Users/v.lytvyniuk/Documents/библиотечка/DE online1/git/de_7/lesson_07/airflow_env/lib/python3.8/site-packages/airflow/example_dags/example_branch_operator.py
[2023-02-10T21:56:44.218+0200] {processor.py:650} INFO - DAG(s) dict_keys(['example_branch_operator']) retrieved from /Users/v.lytvyniuk/Documents/библиотечка/DE online1/git/de_7/lesson_07/airflow_env/lib/python3.8/site-packages/airflow/example_dags/example_branch_operator.py
[2023-02-10T21:56:44.248+0200] {logging_mixin.py:115} INFO - [2023-02-10T21:56:44.248+0200] {dag.py:2429} INFO - Sync 1 DAGs
[2023-02-10T21:56:44.256+0200] {logging_mixin.py:115} INFO - [2023-02-10T21:56:44.256+0200] {dag.py:2977} INFO - Setting next_dagrun for example_branch_operator to 2023-02-09T00:00:00+00:00, run_after=2023-02-10T00:00:00+00:00
[2023-02-10T21:56:44.262+0200] {processor.py:161} INFO - Processing /Users/v.lytvyniuk/Documents/библиотечка/DE online1/git/de_7/lesson_07/airflow_env/lib/python3.8/site-packages/airflow/example_dags/example_branch_operator.py took 0.063 seconds
[2023-02-10T21:57:37.425+0200] {processor.py:153} INFO - Started process (PID=3322) to work on /Users/v.lytvyniuk/Documents/библиотечка/DE online1/git/de_7/lesson_07/airflow_env/lib/python3.8/site-packages/airflow/example_dags/example_branch_operator.py
[2023-02-10T21:57:37.429+0200] {processor.py:640} INFO - Processing file /Users/v.lytvyniuk/Documents/библиотечка/DE online1/git/de_7/lesson_07/airflow_env/lib/python3.8/site-packages/airflow/example_dags/example_branch_operator.py for tasks to queue
[2023-02-10T21:57:37.430+0200] {logging_mixin.py:115} INFO - [2023-02-10T21:57:37.429+0200] {dagbag.py:508} INFO - Filling up the DagBag from /Users/v.lytvyniuk/Documents/библиотечка/DE online1/git/de_7/lesson_07/airflow_env/lib/python3.8/site-packages/airflow/example_dags/example_branch_operator.py
[2023-02-10T21:57:37.448+0200] {processor.py:650} INFO - DAG(s) dict_keys(['example_branch_operator']) retrieved from /Users/v.lytvyniuk/Documents/библиотечка/DE online1/git/de_7/lesson_07/airflow_env/lib/python3.8/site-packages/airflow/example_dags/example_branch_operator.py
[2023-02-10T21:57:37.488+0200] {logging_mixin.py:115} INFO - [2023-02-10T21:57:37.488+0200] {dag.py:2429} INFO - Sync 1 DAGs
[2023-02-10T21:57:37.498+0200] {logging_mixin.py:115} INFO - [2023-02-10T21:57:37.498+0200] {dag.py:2977} INFO - Setting next_dagrun for example_branch_operator to 2023-02-09T00:00:00+00:00, run_after=2023-02-10T00:00:00+00:00
[2023-02-10T21:57:37.506+0200] {processor.py:161} INFO - Processing /Users/v.lytvyniuk/Documents/библиотечка/DE online1/git/de_7/lesson_07/airflow_env/lib/python3.8/site-packages/airflow/example_dags/example_branch_operator.py took 0.081 seconds
