[2023-02-10T21:32:43.593+0200] {processor.py:153} INFO - Started process (PID=48357) to work on /Users/v.lytvyniuk/Documents/библиотечка/DE online1/git/de_7/lesson_07/airflow_env/lib/python3.8/site-packages/airflow/example_dags/example_dag_decorator.py
[2023-02-10T21:32:43.596+0200] {processor.py:640} INFO - Processing file /Users/v.lytvyniuk/Documents/библиотечка/DE online1/git/de_7/lesson_07/airflow_env/lib/python3.8/site-packages/airflow/example_dags/example_dag_decorator.py for tasks to queue
[2023-02-10T21:32:43.596+0200] {logging_mixin.py:115} INFO - [2023-02-10T21:32:43.596+0200] {dagbag.py:508} INFO - Filling up the DagBag from /Users/v.lytvyniuk/Documents/библиотечка/DE online1/git/de_7/lesson_07/airflow_env/lib/python3.8/site-packages/airflow/example_dags/example_dag_decorator.py
[2023-02-10T21:32:43.695+0200] {processor.py:650} INFO - DAG(s) dict_keys(['example_dag_decorator']) retrieved from /Users/v.lytvyniuk/Documents/библиотечка/DE online1/git/de_7/lesson_07/airflow_env/lib/python3.8/site-packages/airflow/example_dags/example_dag_decorator.py
[2023-02-10T21:32:44.000+0200] {logging_mixin.py:115} INFO - [2023-02-10T21:32:43.999+0200] {manager.py:508} INFO - Created Permission View: can read on DAG:example_dag_decorator
[2023-02-10T21:32:44.003+0200] {logging_mixin.py:115} INFO - [2023-02-10T21:32:44.003+0200] {manager.py:508} INFO - Created Permission View: can edit on DAG:example_dag_decorator
[2023-02-10T21:32:44.006+0200] {logging_mixin.py:115} INFO - [2023-02-10T21:32:44.006+0200] {manager.py:508} INFO - Created Permission View: can delete on DAG:example_dag_decorator
[2023-02-10T21:32:44.006+0200] {logging_mixin.py:115} INFO - [2023-02-10T21:32:44.006+0200] {dag.py:2429} INFO - Sync 1 DAGs
[2023-02-10T21:32:44.010+0200] {logging_mixin.py:115} INFO - [2023-02-10T21:32:44.010+0200] {dag.py:2448} INFO - Creating ORM DAG for example_dag_decorator
[2023-02-10T21:32:44.014+0200] {logging_mixin.py:115} INFO - [2023-02-10T21:32:44.014+0200] {dag.py:2977} INFO - Setting next_dagrun for example_dag_decorator to None, run_after=None
[2023-02-10T21:32:44.021+0200] {processor.py:161} INFO - Processing /Users/v.lytvyniuk/Documents/библиотечка/DE online1/git/de_7/lesson_07/airflow_env/lib/python3.8/site-packages/airflow/example_dags/example_dag_decorator.py took 0.428 seconds
[2023-02-10T21:35:16.735+0200] {processor.py:153} INFO - Started process (PID=48829) to work on /Users/v.lytvyniuk/Documents/библиотечка/DE online1/git/de_7/lesson_07/airflow_env/lib/python3.8/site-packages/airflow/example_dags/example_dag_decorator.py
[2023-02-10T21:35:16.739+0200] {processor.py:640} INFO - Processing file /Users/v.lytvyniuk/Documents/библиотечка/DE online1/git/de_7/lesson_07/airflow_env/lib/python3.8/site-packages/airflow/example_dags/example_dag_decorator.py for tasks to queue
[2023-02-10T21:35:16.739+0200] {logging_mixin.py:115} INFO - [2023-02-10T21:35:16.739+0200] {dagbag.py:508} INFO - Filling up the DagBag from /Users/v.lytvyniuk/Documents/библиотечка/DE online1/git/de_7/lesson_07/airflow_env/lib/python3.8/site-packages/airflow/example_dags/example_dag_decorator.py
[2023-02-10T21:35:16.866+0200] {processor.py:650} INFO - DAG(s) dict_keys(['example_dag_decorator']) retrieved from /Users/v.lytvyniuk/Documents/библиотечка/DE online1/git/de_7/lesson_07/airflow_env/lib/python3.8/site-packages/airflow/example_dags/example_dag_decorator.py
[2023-02-10T21:35:17.148+0200] {logging_mixin.py:115} INFO - [2023-02-10T21:35:17.148+0200] {dag.py:2429} INFO - Sync 1 DAGs
[2023-02-10T21:35:17.156+0200] {logging_mixin.py:115} INFO - [2023-02-10T21:35:17.156+0200] {dag.py:2977} INFO - Setting next_dagrun for example_dag_decorator to None, run_after=None
[2023-02-10T21:35:17.162+0200] {processor.py:161} INFO - Processing /Users/v.lytvyniuk/Documents/библиотечка/DE online1/git/de_7/lesson_07/airflow_env/lib/python3.8/site-packages/airflow/example_dags/example_dag_decorator.py took 0.427 seconds
[2023-02-10T21:36:08.226+0200] {processor.py:153} INFO - Started process (PID=48968) to work on /Users/v.lytvyniuk/Documents/библиотечка/DE online1/git/de_7/lesson_07/airflow_env/lib/python3.8/site-packages/airflow/example_dags/example_dag_decorator.py
[2023-02-10T21:36:08.228+0200] {processor.py:640} INFO - Processing file /Users/v.lytvyniuk/Documents/библиотечка/DE online1/git/de_7/lesson_07/airflow_env/lib/python3.8/site-packages/airflow/example_dags/example_dag_decorator.py for tasks to queue
[2023-02-10T21:36:08.229+0200] {logging_mixin.py:115} INFO - [2023-02-10T21:36:08.229+0200] {dagbag.py:508} INFO - Filling up the DagBag from /Users/v.lytvyniuk/Documents/библиотечка/DE online1/git/de_7/lesson_07/airflow_env/lib/python3.8/site-packages/airflow/example_dags/example_dag_decorator.py
[2023-02-10T21:36:08.355+0200] {processor.py:650} INFO - DAG(s) dict_keys(['example_dag_decorator']) retrieved from /Users/v.lytvyniuk/Documents/библиотечка/DE online1/git/de_7/lesson_07/airflow_env/lib/python3.8/site-packages/airflow/example_dags/example_dag_decorator.py
[2023-02-10T21:36:08.638+0200] {logging_mixin.py:115} INFO - [2023-02-10T21:36:08.637+0200] {dag.py:2429} INFO - Sync 1 DAGs
[2023-02-10T21:36:08.646+0200] {logging_mixin.py:115} INFO - [2023-02-10T21:36:08.645+0200] {dag.py:2977} INFO - Setting next_dagrun for example_dag_decorator to None, run_after=None
[2023-02-10T21:36:08.651+0200] {processor.py:161} INFO - Processing /Users/v.lytvyniuk/Documents/библиотечка/DE online1/git/de_7/lesson_07/airflow_env/lib/python3.8/site-packages/airflow/example_dags/example_dag_decorator.py took 0.426 seconds
[2023-02-10T21:36:58.543+0200] {processor.py:153} INFO - Started process (PID=49125) to work on /Users/v.lytvyniuk/Documents/библиотечка/DE online1/git/de_7/lesson_07/airflow_env/lib/python3.8/site-packages/airflow/example_dags/example_dag_decorator.py
[2023-02-10T21:36:58.547+0200] {processor.py:640} INFO - Processing file /Users/v.lytvyniuk/Documents/библиотечка/DE online1/git/de_7/lesson_07/airflow_env/lib/python3.8/site-packages/airflow/example_dags/example_dag_decorator.py for tasks to queue
[2023-02-10T21:36:58.547+0200] {logging_mixin.py:115} INFO - [2023-02-10T21:36:58.547+0200] {dagbag.py:508} INFO - Filling up the DagBag from /Users/v.lytvyniuk/Documents/библиотечка/DE online1/git/de_7/lesson_07/airflow_env/lib/python3.8/site-packages/airflow/example_dags/example_dag_decorator.py
[2023-02-10T21:36:58.653+0200] {processor.py:650} INFO - DAG(s) dict_keys(['example_dag_decorator']) retrieved from /Users/v.lytvyniuk/Documents/библиотечка/DE online1/git/de_7/lesson_07/airflow_env/lib/python3.8/site-packages/airflow/example_dags/example_dag_decorator.py
[2023-02-10T21:36:58.889+0200] {logging_mixin.py:115} INFO - [2023-02-10T21:36:58.888+0200] {dag.py:2429} INFO - Sync 1 DAGs
[2023-02-10T21:36:58.896+0200] {logging_mixin.py:115} INFO - [2023-02-10T21:36:58.896+0200] {dag.py:2977} INFO - Setting next_dagrun for example_dag_decorator to None, run_after=None
[2023-02-10T21:36:58.901+0200] {processor.py:161} INFO - Processing /Users/v.lytvyniuk/Documents/библиотечка/DE online1/git/de_7/lesson_07/airflow_env/lib/python3.8/site-packages/airflow/example_dags/example_dag_decorator.py took 0.358 seconds
[2023-02-10T21:37:47.907+0200] {processor.py:153} INFO - Started process (PID=49259) to work on /Users/v.lytvyniuk/Documents/библиотечка/DE online1/git/de_7/lesson_07/airflow_env/lib/python3.8/site-packages/airflow/example_dags/example_dag_decorator.py
[2023-02-10T21:37:47.910+0200] {processor.py:640} INFO - Processing file /Users/v.lytvyniuk/Documents/библиотечка/DE online1/git/de_7/lesson_07/airflow_env/lib/python3.8/site-packages/airflow/example_dags/example_dag_decorator.py for tasks to queue
[2023-02-10T21:37:47.910+0200] {logging_mixin.py:115} INFO - [2023-02-10T21:37:47.910+0200] {dagbag.py:508} INFO - Filling up the DagBag from /Users/v.lytvyniuk/Documents/библиотечка/DE online1/git/de_7/lesson_07/airflow_env/lib/python3.8/site-packages/airflow/example_dags/example_dag_decorator.py
[2023-02-10T21:37:48.057+0200] {processor.py:650} INFO - DAG(s) dict_keys(['example_dag_decorator']) retrieved from /Users/v.lytvyniuk/Documents/библиотечка/DE online1/git/de_7/lesson_07/airflow_env/lib/python3.8/site-packages/airflow/example_dags/example_dag_decorator.py
[2023-02-10T21:37:48.361+0200] {logging_mixin.py:115} INFO - [2023-02-10T21:37:48.360+0200] {dag.py:2429} INFO - Sync 1 DAGs
[2023-02-10T21:37:48.368+0200] {logging_mixin.py:115} INFO - [2023-02-10T21:37:48.368+0200] {dag.py:2977} INFO - Setting next_dagrun for example_dag_decorator to None, run_after=None
[2023-02-10T21:37:48.374+0200] {processor.py:161} INFO - Processing /Users/v.lytvyniuk/Documents/библиотечка/DE online1/git/de_7/lesson_07/airflow_env/lib/python3.8/site-packages/airflow/example_dags/example_dag_decorator.py took 0.467 seconds
[2023-02-10T21:38:38.083+0200] {processor.py:153} INFO - Started process (PID=49386) to work on /Users/v.lytvyniuk/Documents/библиотечка/DE online1/git/de_7/lesson_07/airflow_env/lib/python3.8/site-packages/airflow/example_dags/example_dag_decorator.py
[2023-02-10T21:38:38.086+0200] {processor.py:640} INFO - Processing file /Users/v.lytvyniuk/Documents/библиотечка/DE online1/git/de_7/lesson_07/airflow_env/lib/python3.8/site-packages/airflow/example_dags/example_dag_decorator.py for tasks to queue
[2023-02-10T21:38:38.086+0200] {logging_mixin.py:115} INFO - [2023-02-10T21:38:38.086+0200] {dagbag.py:508} INFO - Filling up the DagBag from /Users/v.lytvyniuk/Documents/библиотечка/DE online1/git/de_7/lesson_07/airflow_env/lib/python3.8/site-packages/airflow/example_dags/example_dag_decorator.py
[2023-02-10T21:38:38.211+0200] {processor.py:650} INFO - DAG(s) dict_keys(['example_dag_decorator']) retrieved from /Users/v.lytvyniuk/Documents/библиотечка/DE online1/git/de_7/lesson_07/airflow_env/lib/python3.8/site-packages/airflow/example_dags/example_dag_decorator.py
[2023-02-10T21:38:38.536+0200] {logging_mixin.py:115} INFO - [2023-02-10T21:38:38.536+0200] {dag.py:2429} INFO - Sync 1 DAGs
[2023-02-10T21:38:38.545+0200] {logging_mixin.py:115} INFO - [2023-02-10T21:38:38.544+0200] {dag.py:2977} INFO - Setting next_dagrun for example_dag_decorator to None, run_after=None
[2023-02-10T21:38:38.551+0200] {processor.py:161} INFO - Processing /Users/v.lytvyniuk/Documents/библиотечка/DE online1/git/de_7/lesson_07/airflow_env/lib/python3.8/site-packages/airflow/example_dags/example_dag_decorator.py took 0.468 seconds
[2023-02-10T21:39:27.978+0200] {processor.py:153} INFO - Started process (PID=49591) to work on /Users/v.lytvyniuk/Documents/библиотечка/DE online1/git/de_7/lesson_07/airflow_env/lib/python3.8/site-packages/airflow/example_dags/example_dag_decorator.py
[2023-02-10T21:39:27.982+0200] {processor.py:640} INFO - Processing file /Users/v.lytvyniuk/Documents/библиотечка/DE online1/git/de_7/lesson_07/airflow_env/lib/python3.8/site-packages/airflow/example_dags/example_dag_decorator.py for tasks to queue
[2023-02-10T21:39:27.982+0200] {logging_mixin.py:115} INFO - [2023-02-10T21:39:27.982+0200] {dagbag.py:508} INFO - Filling up the DagBag from /Users/v.lytvyniuk/Documents/библиотечка/DE online1/git/de_7/lesson_07/airflow_env/lib/python3.8/site-packages/airflow/example_dags/example_dag_decorator.py
[2023-02-10T21:39:28.139+0200] {processor.py:650} INFO - DAG(s) dict_keys(['example_dag_decorator']) retrieved from /Users/v.lytvyniuk/Documents/библиотечка/DE online1/git/de_7/lesson_07/airflow_env/lib/python3.8/site-packages/airflow/example_dags/example_dag_decorator.py
[2023-02-10T21:39:28.445+0200] {logging_mixin.py:115} INFO - [2023-02-10T21:39:28.445+0200] {dag.py:2429} INFO - Sync 1 DAGs
[2023-02-10T21:39:28.453+0200] {logging_mixin.py:115} INFO - [2023-02-10T21:39:28.453+0200] {dag.py:2977} INFO - Setting next_dagrun for example_dag_decorator to None, run_after=None
[2023-02-10T21:39:28.459+0200] {processor.py:161} INFO - Processing /Users/v.lytvyniuk/Documents/библиотечка/DE online1/git/de_7/lesson_07/airflow_env/lib/python3.8/site-packages/airflow/example_dags/example_dag_decorator.py took 0.481 seconds
[2023-02-10T21:40:17.936+0200] {processor.py:153} INFO - Started process (PID=49729) to work on /Users/v.lytvyniuk/Documents/библиотечка/DE online1/git/de_7/lesson_07/airflow_env/lib/python3.8/site-packages/airflow/example_dags/example_dag_decorator.py
[2023-02-10T21:40:17.939+0200] {processor.py:640} INFO - Processing file /Users/v.lytvyniuk/Documents/библиотечка/DE online1/git/de_7/lesson_07/airflow_env/lib/python3.8/site-packages/airflow/example_dags/example_dag_decorator.py for tasks to queue
[2023-02-10T21:40:17.939+0200] {logging_mixin.py:115} INFO - [2023-02-10T21:40:17.939+0200] {dagbag.py:508} INFO - Filling up the DagBag from /Users/v.lytvyniuk/Documents/библиотечка/DE online1/git/de_7/lesson_07/airflow_env/lib/python3.8/site-packages/airflow/example_dags/example_dag_decorator.py
[2023-02-10T21:40:18.059+0200] {processor.py:650} INFO - DAG(s) dict_keys(['example_dag_decorator']) retrieved from /Users/v.lytvyniuk/Documents/библиотечка/DE online1/git/de_7/lesson_07/airflow_env/lib/python3.8/site-packages/airflow/example_dags/example_dag_decorator.py
[2023-02-10T21:40:18.323+0200] {logging_mixin.py:115} INFO - [2023-02-10T21:40:18.323+0200] {dag.py:2429} INFO - Sync 1 DAGs
[2023-02-10T21:40:18.330+0200] {logging_mixin.py:115} INFO - [2023-02-10T21:40:18.330+0200] {dag.py:2977} INFO - Setting next_dagrun for example_dag_decorator to None, run_after=None
[2023-02-10T21:40:18.336+0200] {processor.py:161} INFO - Processing /Users/v.lytvyniuk/Documents/библиотечка/DE online1/git/de_7/lesson_07/airflow_env/lib/python3.8/site-packages/airflow/example_dags/example_dag_decorator.py took 0.401 seconds
[2023-02-10T21:41:07.817+0200] {processor.py:153} INFO - Started process (PID=49871) to work on /Users/v.lytvyniuk/Documents/библиотечка/DE online1/git/de_7/lesson_07/airflow_env/lib/python3.8/site-packages/airflow/example_dags/example_dag_decorator.py
[2023-02-10T21:41:07.820+0200] {processor.py:640} INFO - Processing file /Users/v.lytvyniuk/Documents/библиотечка/DE online1/git/de_7/lesson_07/airflow_env/lib/python3.8/site-packages/airflow/example_dags/example_dag_decorator.py for tasks to queue
[2023-02-10T21:41:07.820+0200] {logging_mixin.py:115} INFO - [2023-02-10T21:41:07.820+0200] {dagbag.py:508} INFO - Filling up the DagBag from /Users/v.lytvyniuk/Documents/библиотечка/DE online1/git/de_7/lesson_07/airflow_env/lib/python3.8/site-packages/airflow/example_dags/example_dag_decorator.py
[2023-02-10T21:41:07.947+0200] {processor.py:650} INFO - DAG(s) dict_keys(['example_dag_decorator']) retrieved from /Users/v.lytvyniuk/Documents/библиотечка/DE online1/git/de_7/lesson_07/airflow_env/lib/python3.8/site-packages/airflow/example_dags/example_dag_decorator.py
[2023-02-10T21:41:08.224+0200] {logging_mixin.py:115} INFO - [2023-02-10T21:41:08.224+0200] {dag.py:2429} INFO - Sync 1 DAGs
[2023-02-10T21:41:08.232+0200] {logging_mixin.py:115} INFO - [2023-02-10T21:41:08.232+0200] {dag.py:2977} INFO - Setting next_dagrun for example_dag_decorator to None, run_after=None
[2023-02-10T21:41:08.238+0200] {processor.py:161} INFO - Processing /Users/v.lytvyniuk/Documents/библиотечка/DE online1/git/de_7/lesson_07/airflow_env/lib/python3.8/site-packages/airflow/example_dags/example_dag_decorator.py took 0.422 seconds
[2023-02-10T21:41:59.050+0200] {processor.py:153} INFO - Started process (PID=50005) to work on /Users/v.lytvyniuk/Documents/библиотечка/DE online1/git/de_7/lesson_07/airflow_env/lib/python3.8/site-packages/airflow/example_dags/example_dag_decorator.py
[2023-02-10T21:41:59.054+0200] {processor.py:640} INFO - Processing file /Users/v.lytvyniuk/Documents/библиотечка/DE online1/git/de_7/lesson_07/airflow_env/lib/python3.8/site-packages/airflow/example_dags/example_dag_decorator.py for tasks to queue
[2023-02-10T21:41:59.054+0200] {logging_mixin.py:115} INFO - [2023-02-10T21:41:59.054+0200] {dagbag.py:508} INFO - Filling up the DagBag from /Users/v.lytvyniuk/Documents/библиотечка/DE online1/git/de_7/lesson_07/airflow_env/lib/python3.8/site-packages/airflow/example_dags/example_dag_decorator.py
[2023-02-10T21:41:59.180+0200] {processor.py:650} INFO - DAG(s) dict_keys(['example_dag_decorator']) retrieved from /Users/v.lytvyniuk/Documents/библиотечка/DE online1/git/de_7/lesson_07/airflow_env/lib/python3.8/site-packages/airflow/example_dags/example_dag_decorator.py
[2023-02-10T21:41:59.464+0200] {logging_mixin.py:115} INFO - [2023-02-10T21:41:59.464+0200] {dag.py:2429} INFO - Sync 1 DAGs
[2023-02-10T21:41:59.472+0200] {logging_mixin.py:115} INFO - [2023-02-10T21:41:59.472+0200] {dag.py:2977} INFO - Setting next_dagrun for example_dag_decorator to None, run_after=None
[2023-02-10T21:41:59.478+0200] {processor.py:161} INFO - Processing /Users/v.lytvyniuk/Documents/библиотечка/DE online1/git/de_7/lesson_07/airflow_env/lib/python3.8/site-packages/airflow/example_dags/example_dag_decorator.py took 0.428 seconds
[2023-02-10T21:42:50.526+0200] {processor.py:153} INFO - Started process (PID=50156) to work on /Users/v.lytvyniuk/Documents/библиотечка/DE online1/git/de_7/lesson_07/airflow_env/lib/python3.8/site-packages/airflow/example_dags/example_dag_decorator.py
[2023-02-10T21:42:50.530+0200] {processor.py:640} INFO - Processing file /Users/v.lytvyniuk/Documents/библиотечка/DE online1/git/de_7/lesson_07/airflow_env/lib/python3.8/site-packages/airflow/example_dags/example_dag_decorator.py for tasks to queue
[2023-02-10T21:42:50.530+0200] {logging_mixin.py:115} INFO - [2023-02-10T21:42:50.530+0200] {dagbag.py:508} INFO - Filling up the DagBag from /Users/v.lytvyniuk/Documents/библиотечка/DE online1/git/de_7/lesson_07/airflow_env/lib/python3.8/site-packages/airflow/example_dags/example_dag_decorator.py
[2023-02-10T21:42:50.684+0200] {processor.py:650} INFO - DAG(s) dict_keys(['example_dag_decorator']) retrieved from /Users/v.lytvyniuk/Documents/библиотечка/DE online1/git/de_7/lesson_07/airflow_env/lib/python3.8/site-packages/airflow/example_dags/example_dag_decorator.py
[2023-02-10T21:42:50.986+0200] {logging_mixin.py:115} INFO - [2023-02-10T21:42:50.986+0200] {dag.py:2429} INFO - Sync 1 DAGs
[2023-02-10T21:42:50.995+0200] {logging_mixin.py:115} INFO - [2023-02-10T21:42:50.995+0200] {dag.py:2977} INFO - Setting next_dagrun for example_dag_decorator to None, run_after=None
[2023-02-10T21:42:51.003+0200] {processor.py:161} INFO - Processing /Users/v.lytvyniuk/Documents/библиотечка/DE online1/git/de_7/lesson_07/airflow_env/lib/python3.8/site-packages/airflow/example_dags/example_dag_decorator.py took 0.477 seconds
[2023-02-10T21:43:40.413+0200] {processor.py:153} INFO - Started process (PID=50278) to work on /Users/v.lytvyniuk/Documents/библиотечка/DE online1/git/de_7/lesson_07/airflow_env/lib/python3.8/site-packages/airflow/example_dags/example_dag_decorator.py
[2023-02-10T21:43:40.417+0200] {processor.py:640} INFO - Processing file /Users/v.lytvyniuk/Documents/библиотечка/DE online1/git/de_7/lesson_07/airflow_env/lib/python3.8/site-packages/airflow/example_dags/example_dag_decorator.py for tasks to queue
[2023-02-10T21:43:40.417+0200] {logging_mixin.py:115} INFO - [2023-02-10T21:43:40.417+0200] {dagbag.py:508} INFO - Filling up the DagBag from /Users/v.lytvyniuk/Documents/библиотечка/DE online1/git/de_7/lesson_07/airflow_env/lib/python3.8/site-packages/airflow/example_dags/example_dag_decorator.py
[2023-02-10T21:43:40.517+0200] {processor.py:650} INFO - DAG(s) dict_keys(['example_dag_decorator']) retrieved from /Users/v.lytvyniuk/Documents/библиотечка/DE online1/git/de_7/lesson_07/airflow_env/lib/python3.8/site-packages/airflow/example_dags/example_dag_decorator.py
[2023-02-10T21:43:40.736+0200] {logging_mixin.py:115} INFO - [2023-02-10T21:43:40.736+0200] {dag.py:2429} INFO - Sync 1 DAGs
[2023-02-10T21:43:40.743+0200] {logging_mixin.py:115} INFO - [2023-02-10T21:43:40.743+0200] {dag.py:2977} INFO - Setting next_dagrun for example_dag_decorator to None, run_after=None
[2023-02-10T21:43:40.749+0200] {processor.py:161} INFO - Processing /Users/v.lytvyniuk/Documents/библиотечка/DE online1/git/de_7/lesson_07/airflow_env/lib/python3.8/site-packages/airflow/example_dags/example_dag_decorator.py took 0.336 seconds
[2023-02-10T21:44:32.063+0200] {processor.py:153} INFO - Started process (PID=50417) to work on /Users/v.lytvyniuk/Documents/библиотечка/DE online1/git/de_7/lesson_07/airflow_env/lib/python3.8/site-packages/airflow/example_dags/example_dag_decorator.py
[2023-02-10T21:44:32.067+0200] {processor.py:640} INFO - Processing file /Users/v.lytvyniuk/Documents/библиотечка/DE online1/git/de_7/lesson_07/airflow_env/lib/python3.8/site-packages/airflow/example_dags/example_dag_decorator.py for tasks to queue
[2023-02-10T21:44:32.067+0200] {logging_mixin.py:115} INFO - [2023-02-10T21:44:32.067+0200] {dagbag.py:508} INFO - Filling up the DagBag from /Users/v.lytvyniuk/Documents/библиотечка/DE online1/git/de_7/lesson_07/airflow_env/lib/python3.8/site-packages/airflow/example_dags/example_dag_decorator.py
[2023-02-10T21:44:32.190+0200] {processor.py:650} INFO - DAG(s) dict_keys(['example_dag_decorator']) retrieved from /Users/v.lytvyniuk/Documents/библиотечка/DE online1/git/de_7/lesson_07/airflow_env/lib/python3.8/site-packages/airflow/example_dags/example_dag_decorator.py
[2023-02-10T21:44:32.468+0200] {logging_mixin.py:115} INFO - [2023-02-10T21:44:32.467+0200] {dag.py:2429} INFO - Sync 1 DAGs
[2023-02-10T21:44:32.475+0200] {logging_mixin.py:115} INFO - [2023-02-10T21:44:32.475+0200] {dag.py:2977} INFO - Setting next_dagrun for example_dag_decorator to None, run_after=None
[2023-02-10T21:44:32.481+0200] {processor.py:161} INFO - Processing /Users/v.lytvyniuk/Documents/библиотечка/DE online1/git/de_7/lesson_07/airflow_env/lib/python3.8/site-packages/airflow/example_dags/example_dag_decorator.py took 0.418 seconds
[2023-02-10T21:45:22.602+0200] {processor.py:153} INFO - Started process (PID=50932) to work on /Users/v.lytvyniuk/Documents/библиотечка/DE online1/git/de_7/lesson_07/airflow_env/lib/python3.8/site-packages/airflow/example_dags/example_dag_decorator.py
[2023-02-10T21:45:22.605+0200] {processor.py:640} INFO - Processing file /Users/v.lytvyniuk/Documents/библиотечка/DE online1/git/de_7/lesson_07/airflow_env/lib/python3.8/site-packages/airflow/example_dags/example_dag_decorator.py for tasks to queue
[2023-02-10T21:45:22.605+0200] {logging_mixin.py:115} INFO - [2023-02-10T21:45:22.605+0200] {dagbag.py:508} INFO - Filling up the DagBag from /Users/v.lytvyniuk/Documents/библиотечка/DE online1/git/de_7/lesson_07/airflow_env/lib/python3.8/site-packages/airflow/example_dags/example_dag_decorator.py
[2023-02-10T21:45:22.727+0200] {processor.py:650} INFO - DAG(s) dict_keys(['example_dag_decorator']) retrieved from /Users/v.lytvyniuk/Documents/библиотечка/DE online1/git/de_7/lesson_07/airflow_env/lib/python3.8/site-packages/airflow/example_dags/example_dag_decorator.py
[2023-02-10T21:45:23.015+0200] {logging_mixin.py:115} INFO - [2023-02-10T21:45:23.015+0200] {dag.py:2429} INFO - Sync 1 DAGs
[2023-02-10T21:45:23.022+0200] {logging_mixin.py:115} INFO - [2023-02-10T21:45:23.022+0200] {dag.py:2977} INFO - Setting next_dagrun for example_dag_decorator to None, run_after=None
[2023-02-10T21:45:23.028+0200] {processor.py:161} INFO - Processing /Users/v.lytvyniuk/Documents/библиотечка/DE online1/git/de_7/lesson_07/airflow_env/lib/python3.8/site-packages/airflow/example_dags/example_dag_decorator.py took 0.427 seconds
[2023-02-10T21:46:15.215+0200] {processor.py:153} INFO - Started process (PID=51062) to work on /Users/v.lytvyniuk/Documents/библиотечка/DE online1/git/de_7/lesson_07/airflow_env/lib/python3.8/site-packages/airflow/example_dags/example_dag_decorator.py
[2023-02-10T21:46:15.218+0200] {processor.py:640} INFO - Processing file /Users/v.lytvyniuk/Documents/библиотечка/DE online1/git/de_7/lesson_07/airflow_env/lib/python3.8/site-packages/airflow/example_dags/example_dag_decorator.py for tasks to queue
[2023-02-10T21:46:15.218+0200] {logging_mixin.py:115} INFO - [2023-02-10T21:46:15.218+0200] {dagbag.py:508} INFO - Filling up the DagBag from /Users/v.lytvyniuk/Documents/библиотечка/DE online1/git/de_7/lesson_07/airflow_env/lib/python3.8/site-packages/airflow/example_dags/example_dag_decorator.py
[2023-02-10T21:46:15.316+0200] {processor.py:650} INFO - DAG(s) dict_keys(['example_dag_decorator']) retrieved from /Users/v.lytvyniuk/Documents/библиотечка/DE online1/git/de_7/lesson_07/airflow_env/lib/python3.8/site-packages/airflow/example_dags/example_dag_decorator.py
[2023-02-10T21:46:15.539+0200] {logging_mixin.py:115} INFO - [2023-02-10T21:46:15.539+0200] {dag.py:2429} INFO - Sync 1 DAGs
[2023-02-10T21:46:15.546+0200] {logging_mixin.py:115} INFO - [2023-02-10T21:46:15.546+0200] {dag.py:2977} INFO - Setting next_dagrun for example_dag_decorator to None, run_after=None
[2023-02-10T21:46:15.552+0200] {processor.py:161} INFO - Processing /Users/v.lytvyniuk/Documents/библиотечка/DE online1/git/de_7/lesson_07/airflow_env/lib/python3.8/site-packages/airflow/example_dags/example_dag_decorator.py took 0.338 seconds
[2023-02-10T21:47:04.286+0200] {processor.py:153} INFO - Started process (PID=51194) to work on /Users/v.lytvyniuk/Documents/библиотечка/DE online1/git/de_7/lesson_07/airflow_env/lib/python3.8/site-packages/airflow/example_dags/example_dag_decorator.py
[2023-02-10T21:47:04.289+0200] {processor.py:640} INFO - Processing file /Users/v.lytvyniuk/Documents/библиотечка/DE online1/git/de_7/lesson_07/airflow_env/lib/python3.8/site-packages/airflow/example_dags/example_dag_decorator.py for tasks to queue
[2023-02-10T21:47:04.290+0200] {logging_mixin.py:115} INFO - [2023-02-10T21:47:04.290+0200] {dagbag.py:508} INFO - Filling up the DagBag from /Users/v.lytvyniuk/Documents/библиотечка/DE online1/git/de_7/lesson_07/airflow_env/lib/python3.8/site-packages/airflow/example_dags/example_dag_decorator.py
[2023-02-10T21:47:04.414+0200] {processor.py:650} INFO - DAG(s) dict_keys(['example_dag_decorator']) retrieved from /Users/v.lytvyniuk/Documents/библиотечка/DE online1/git/de_7/lesson_07/airflow_env/lib/python3.8/site-packages/airflow/example_dags/example_dag_decorator.py
[2023-02-10T21:47:04.719+0200] {logging_mixin.py:115} INFO - [2023-02-10T21:47:04.718+0200] {dag.py:2429} INFO - Sync 1 DAGs
[2023-02-10T21:47:04.726+0200] {logging_mixin.py:115} INFO - [2023-02-10T21:47:04.726+0200] {dag.py:2977} INFO - Setting next_dagrun for example_dag_decorator to None, run_after=None
[2023-02-10T21:47:04.732+0200] {processor.py:161} INFO - Processing /Users/v.lytvyniuk/Documents/библиотечка/DE online1/git/de_7/lesson_07/airflow_env/lib/python3.8/site-packages/airflow/example_dags/example_dag_decorator.py took 0.446 seconds
[2023-02-10T21:54:01.656+0200] {processor.py:153} INFO - Started process (PID=2595) to work on /Users/v.lytvyniuk/Documents/библиотечка/DE online1/git/de_7/lesson_07/airflow_env/lib/python3.8/site-packages/airflow/example_dags/example_dag_decorator.py
[2023-02-10T21:54:01.660+0200] {processor.py:640} INFO - Processing file /Users/v.lytvyniuk/Documents/библиотечка/DE online1/git/de_7/lesson_07/airflow_env/lib/python3.8/site-packages/airflow/example_dags/example_dag_decorator.py for tasks to queue
[2023-02-10T21:54:01.660+0200] {logging_mixin.py:115} INFO - [2023-02-10T21:54:01.660+0200] {dagbag.py:508} INFO - Filling up the DagBag from /Users/v.lytvyniuk/Documents/библиотечка/DE online1/git/de_7/lesson_07/airflow_env/lib/python3.8/site-packages/airflow/example_dags/example_dag_decorator.py
[2023-02-10T21:54:01.786+0200] {processor.py:650} INFO - DAG(s) dict_keys(['example_dag_decorator']) retrieved from /Users/v.lytvyniuk/Documents/библиотечка/DE online1/git/de_7/lesson_07/airflow_env/lib/python3.8/site-packages/airflow/example_dags/example_dag_decorator.py
[2023-02-10T21:54:02.079+0200] {logging_mixin.py:115} INFO - [2023-02-10T21:54:02.079+0200] {dag.py:2429} INFO - Sync 1 DAGs
[2023-02-10T21:54:02.086+0200] {logging_mixin.py:115} INFO - [2023-02-10T21:54:02.086+0200] {dag.py:2977} INFO - Setting next_dagrun for example_dag_decorator to None, run_after=None
[2023-02-10T21:54:02.093+0200] {processor.py:161} INFO - Processing /Users/v.lytvyniuk/Documents/библиотечка/DE online1/git/de_7/lesson_07/airflow_env/lib/python3.8/site-packages/airflow/example_dags/example_dag_decorator.py took 0.437 seconds
[2023-02-10T21:54:54.529+0200] {processor.py:153} INFO - Started process (PID=2820) to work on /Users/v.lytvyniuk/Documents/библиотечка/DE online1/git/de_7/lesson_07/airflow_env/lib/python3.8/site-packages/airflow/example_dags/example_dag_decorator.py
[2023-02-10T21:54:54.532+0200] {processor.py:640} INFO - Processing file /Users/v.lytvyniuk/Documents/библиотечка/DE online1/git/de_7/lesson_07/airflow_env/lib/python3.8/site-packages/airflow/example_dags/example_dag_decorator.py for tasks to queue
[2023-02-10T21:54:54.532+0200] {logging_mixin.py:115} INFO - [2023-02-10T21:54:54.532+0200] {dagbag.py:508} INFO - Filling up the DagBag from /Users/v.lytvyniuk/Documents/библиотечка/DE online1/git/de_7/lesson_07/airflow_env/lib/python3.8/site-packages/airflow/example_dags/example_dag_decorator.py
[2023-02-10T21:54:54.636+0200] {processor.py:650} INFO - DAG(s) dict_keys(['example_dag_decorator']) retrieved from /Users/v.lytvyniuk/Documents/библиотечка/DE online1/git/de_7/lesson_07/airflow_env/lib/python3.8/site-packages/airflow/example_dags/example_dag_decorator.py
[2023-02-10T21:54:54.873+0200] {logging_mixin.py:115} INFO - [2023-02-10T21:54:54.873+0200] {dag.py:2429} INFO - Sync 1 DAGs
[2023-02-10T21:54:54.880+0200] {logging_mixin.py:115} INFO - [2023-02-10T21:54:54.880+0200] {dag.py:2977} INFO - Setting next_dagrun for example_dag_decorator to None, run_after=None
[2023-02-10T21:54:54.885+0200] {processor.py:161} INFO - Processing /Users/v.lytvyniuk/Documents/библиотечка/DE online1/git/de_7/lesson_07/airflow_env/lib/python3.8/site-packages/airflow/example_dags/example_dag_decorator.py took 0.357 seconds
[2023-02-10T21:55:44.889+0200] {processor.py:153} INFO - Started process (PID=2981) to work on /Users/v.lytvyniuk/Documents/библиотечка/DE online1/git/de_7/lesson_07/airflow_env/lib/python3.8/site-packages/airflow/example_dags/example_dag_decorator.py
[2023-02-10T21:55:44.892+0200] {processor.py:640} INFO - Processing file /Users/v.lytvyniuk/Documents/библиотечка/DE online1/git/de_7/lesson_07/airflow_env/lib/python3.8/site-packages/airflow/example_dags/example_dag_decorator.py for tasks to queue
[2023-02-10T21:55:44.893+0200] {logging_mixin.py:115} INFO - [2023-02-10T21:55:44.893+0200] {dagbag.py:508} INFO - Filling up the DagBag from /Users/v.lytvyniuk/Documents/библиотечка/DE online1/git/de_7/lesson_07/airflow_env/lib/python3.8/site-packages/airflow/example_dags/example_dag_decorator.py
[2023-02-10T21:55:45.003+0200] {processor.py:650} INFO - DAG(s) dict_keys(['example_dag_decorator']) retrieved from /Users/v.lytvyniuk/Documents/библиотечка/DE online1/git/de_7/lesson_07/airflow_env/lib/python3.8/site-packages/airflow/example_dags/example_dag_decorator.py
[2023-02-10T21:55:45.248+0200] {logging_mixin.py:115} INFO - [2023-02-10T21:55:45.248+0200] {dag.py:2429} INFO - Sync 1 DAGs
[2023-02-10T21:55:45.256+0200] {logging_mixin.py:115} INFO - [2023-02-10T21:55:45.256+0200] {dag.py:2977} INFO - Setting next_dagrun for example_dag_decorator to None, run_after=None
[2023-02-10T21:55:45.263+0200] {processor.py:161} INFO - Processing /Users/v.lytvyniuk/Documents/библиотечка/DE online1/git/de_7/lesson_07/airflow_env/lib/python3.8/site-packages/airflow/example_dags/example_dag_decorator.py took 0.374 seconds
[2023-02-10T21:56:38.068+0200] {processor.py:153} INFO - Started process (PID=3142) to work on /Users/v.lytvyniuk/Documents/библиотечка/DE online1/git/de_7/lesson_07/airflow_env/lib/python3.8/site-packages/airflow/example_dags/example_dag_decorator.py
[2023-02-10T21:56:38.071+0200] {processor.py:640} INFO - Processing file /Users/v.lytvyniuk/Documents/библиотечка/DE online1/git/de_7/lesson_07/airflow_env/lib/python3.8/site-packages/airflow/example_dags/example_dag_decorator.py for tasks to queue
[2023-02-10T21:56:38.072+0200] {logging_mixin.py:115} INFO - [2023-02-10T21:56:38.072+0200] {dagbag.py:508} INFO - Filling up the DagBag from /Users/v.lytvyniuk/Documents/библиотечка/DE online1/git/de_7/lesson_07/airflow_env/lib/python3.8/site-packages/airflow/example_dags/example_dag_decorator.py
[2023-02-10T21:56:38.171+0200] {processor.py:650} INFO - DAG(s) dict_keys(['example_dag_decorator']) retrieved from /Users/v.lytvyniuk/Documents/библиотечка/DE online1/git/de_7/lesson_07/airflow_env/lib/python3.8/site-packages/airflow/example_dags/example_dag_decorator.py
[2023-02-10T21:56:38.390+0200] {logging_mixin.py:115} INFO - [2023-02-10T21:56:38.390+0200] {dag.py:2429} INFO - Sync 1 DAGs
[2023-02-10T21:56:38.397+0200] {logging_mixin.py:115} INFO - [2023-02-10T21:56:38.397+0200] {dag.py:2977} INFO - Setting next_dagrun for example_dag_decorator to None, run_after=None
[2023-02-10T21:56:38.403+0200] {processor.py:161} INFO - Processing /Users/v.lytvyniuk/Documents/библиотечка/DE online1/git/de_7/lesson_07/airflow_env/lib/python3.8/site-packages/airflow/example_dags/example_dag_decorator.py took 0.335 seconds
[2023-02-10T21:57:30.439+0200] {processor.py:153} INFO - Started process (PID=3306) to work on /Users/v.lytvyniuk/Documents/библиотечка/DE online1/git/de_7/lesson_07/airflow_env/lib/python3.8/site-packages/airflow/example_dags/example_dag_decorator.py
[2023-02-10T21:57:30.442+0200] {processor.py:640} INFO - Processing file /Users/v.lytvyniuk/Documents/библиотечка/DE online1/git/de_7/lesson_07/airflow_env/lib/python3.8/site-packages/airflow/example_dags/example_dag_decorator.py for tasks to queue
[2023-02-10T21:57:30.443+0200] {logging_mixin.py:115} INFO - [2023-02-10T21:57:30.442+0200] {dagbag.py:508} INFO - Filling up the DagBag from /Users/v.lytvyniuk/Documents/библиотечка/DE online1/git/de_7/lesson_07/airflow_env/lib/python3.8/site-packages/airflow/example_dags/example_dag_decorator.py
[2023-02-10T21:57:30.576+0200] {processor.py:650} INFO - DAG(s) dict_keys(['example_dag_decorator']) retrieved from /Users/v.lytvyniuk/Documents/библиотечка/DE online1/git/de_7/lesson_07/airflow_env/lib/python3.8/site-packages/airflow/example_dags/example_dag_decorator.py
[2023-02-10T21:57:30.864+0200] {logging_mixin.py:115} INFO - [2023-02-10T21:57:30.864+0200] {dag.py:2429} INFO - Sync 1 DAGs
[2023-02-10T21:57:30.871+0200] {logging_mixin.py:115} INFO - [2023-02-10T21:57:30.871+0200] {dag.py:2977} INFO - Setting next_dagrun for example_dag_decorator to None, run_after=None
[2023-02-10T21:57:30.877+0200] {processor.py:161} INFO - Processing /Users/v.lytvyniuk/Documents/библиотечка/DE online1/git/de_7/lesson_07/airflow_env/lib/python3.8/site-packages/airflow/example_dags/example_dag_decorator.py took 0.438 seconds
