[2023-02-10T21:32:21.474+0200] {processor.py:153} INFO - Started process (PID=48308) to work on /Users/v.lytvyniuk/Documents/библиотечка/DE online1/git/de_7/lesson_07/airflow_env/lib/python3.8/site-packages/airflow/example_dags/example_subdag_operator.py
[2023-02-10T21:32:21.476+0200] {processor.py:640} INFO - Processing file /Users/v.lytvyniuk/Documents/библиотечка/DE online1/git/de_7/lesson_07/airflow_env/lib/python3.8/site-packages/airflow/example_dags/example_subdag_operator.py for tasks to queue
[2023-02-10T21:32:21.477+0200] {logging_mixin.py:115} INFO - [2023-02-10T21:32:21.476+0200] {dagbag.py:508} INFO - Filling up the DagBag from /Users/v.lytvyniuk/Documents/библиотечка/DE online1/git/de_7/lesson_07/airflow_env/lib/python3.8/site-packages/airflow/example_dags/example_subdag_operator.py
[2023-02-10T21:32:21.507+0200] {processor.py:650} INFO - DAG(s) dict_keys(['example_subdag_operator.section-1', 'example_subdag_operator.section-2', 'example_subdag_operator']) retrieved from /Users/v.lytvyniuk/Documents/библиотечка/DE online1/git/de_7/lesson_07/airflow_env/lib/python3.8/site-packages/airflow/example_dags/example_subdag_operator.py
[2023-02-10T21:32:21.903+0200] {logging_mixin.py:115} INFO - [2023-02-10T21:32:21.903+0200] {manager.py:508} INFO - Created Permission View: can delete on DAG:example_subdag_operator
[2023-02-10T21:32:21.907+0200] {logging_mixin.py:115} INFO - [2023-02-10T21:32:21.906+0200] {manager.py:508} INFO - Created Permission View: can edit on DAG:example_subdag_operator
[2023-02-10T21:32:21.909+0200] {logging_mixin.py:115} INFO - [2023-02-10T21:32:21.909+0200] {manager.py:508} INFO - Created Permission View: can read on DAG:example_subdag_operator
[2023-02-10T21:32:21.910+0200] {logging_mixin.py:115} INFO - [2023-02-10T21:32:21.909+0200] {dag.py:2429} INFO - Sync 3 DAGs
[2023-02-10T21:32:21.913+0200] {logging_mixin.py:115} INFO - [2023-02-10T21:32:21.913+0200] {dag.py:2448} INFO - Creating ORM DAG for example_subdag_operator
[2023-02-10T21:32:21.913+0200] {logging_mixin.py:115} INFO - [2023-02-10T21:32:21.913+0200] {dag.py:2448} INFO - Creating ORM DAG for example_subdag_operator.section-1
[2023-02-10T21:32:21.914+0200] {logging_mixin.py:115} INFO - [2023-02-10T21:32:21.914+0200] {dag.py:2448} INFO - Creating ORM DAG for example_subdag_operator.section-2
[2023-02-10T21:32:21.917+0200] {logging_mixin.py:115} INFO - [2023-02-10T21:32:21.917+0200] {dag.py:2977} INFO - Setting next_dagrun for example_subdag_operator to 2022-01-01T00:00:00+00:00, run_after=2022-01-01T00:00:00+00:00
[2023-02-10T21:32:21.917+0200] {logging_mixin.py:115} INFO - [2023-02-10T21:32:21.917+0200] {dag.py:2977} INFO - Setting next_dagrun for example_subdag_operator.section-1 to None, run_after=None
[2023-02-10T21:32:21.918+0200] {logging_mixin.py:115} INFO - [2023-02-10T21:32:21.918+0200] {dag.py:2977} INFO - Setting next_dagrun for example_subdag_operator.section-2 to None, run_after=None
[2023-02-10T21:32:21.921+0200] {logging_mixin.py:115} INFO - [2023-02-10T21:32:21.921+0200] {dag.py:2429} INFO - Sync 2 DAGs
[2023-02-10T21:32:21.922+0200] {logging_mixin.py:115} INFO - [2023-02-10T21:32:21.922+0200] {dag.py:2977} INFO - Setting next_dagrun for example_subdag_operator.section-1 to None, run_after=None
[2023-02-10T21:32:21.922+0200] {logging_mixin.py:115} INFO - [2023-02-10T21:32:21.922+0200] {dag.py:2977} INFO - Setting next_dagrun for example_subdag_operator.section-2 to None, run_after=None
[2023-02-10T21:32:21.926+0200] {processor.py:161} INFO - Processing /Users/v.lytvyniuk/Documents/библиотечка/DE online1/git/de_7/lesson_07/airflow_env/lib/python3.8/site-packages/airflow/example_dags/example_subdag_operator.py took 0.453 seconds
[2023-02-10T21:34:58.897+0200] {processor.py:153} INFO - Started process (PID=48785) to work on /Users/v.lytvyniuk/Documents/библиотечка/DE online1/git/de_7/lesson_07/airflow_env/lib/python3.8/site-packages/airflow/example_dags/example_subdag_operator.py
[2023-02-10T21:34:58.900+0200] {processor.py:640} INFO - Processing file /Users/v.lytvyniuk/Documents/библиотечка/DE online1/git/de_7/lesson_07/airflow_env/lib/python3.8/site-packages/airflow/example_dags/example_subdag_operator.py for tasks to queue
[2023-02-10T21:34:58.900+0200] {logging_mixin.py:115} INFO - [2023-02-10T21:34:58.900+0200] {dagbag.py:508} INFO - Filling up the DagBag from /Users/v.lytvyniuk/Documents/библиотечка/DE online1/git/de_7/lesson_07/airflow_env/lib/python3.8/site-packages/airflow/example_dags/example_subdag_operator.py
[2023-02-10T21:34:58.932+0200] {processor.py:650} INFO - DAG(s) dict_keys(['example_subdag_operator.section-1', 'example_subdag_operator.section-2', 'example_subdag_operator']) retrieved from /Users/v.lytvyniuk/Documents/библиотечка/DE online1/git/de_7/lesson_07/airflow_env/lib/python3.8/site-packages/airflow/example_dags/example_subdag_operator.py
[2023-02-10T21:34:58.985+0200] {logging_mixin.py:115} INFO - [2023-02-10T21:34:58.985+0200] {dag.py:2429} INFO - Sync 3 DAGs
[2023-02-10T21:34:58.992+0200] {logging_mixin.py:115} INFO - [2023-02-10T21:34:58.992+0200] {dag.py:2977} INFO - Setting next_dagrun for example_subdag_operator to 2022-01-01T00:00:00+00:00, run_after=2022-01-01T00:00:00+00:00
[2023-02-10T21:34:58.993+0200] {logging_mixin.py:115} INFO - [2023-02-10T21:34:58.992+0200] {dag.py:2977} INFO - Setting next_dagrun for example_subdag_operator.section-1 to None, run_after=None
[2023-02-10T21:34:58.993+0200] {logging_mixin.py:115} INFO - [2023-02-10T21:34:58.993+0200] {dag.py:2977} INFO - Setting next_dagrun for example_subdag_operator.section-2 to None, run_after=None
[2023-02-10T21:34:58.995+0200] {logging_mixin.py:115} INFO - [2023-02-10T21:34:58.995+0200] {dag.py:2429} INFO - Sync 2 DAGs
[2023-02-10T21:34:58.997+0200] {logging_mixin.py:115} INFO - [2023-02-10T21:34:58.997+0200] {dag.py:2977} INFO - Setting next_dagrun for example_subdag_operator.section-1 to None, run_after=None
[2023-02-10T21:34:58.997+0200] {logging_mixin.py:115} INFO - [2023-02-10T21:34:58.997+0200] {dag.py:2977} INFO - Setting next_dagrun for example_subdag_operator.section-2 to None, run_after=None
[2023-02-10T21:34:59.001+0200] {processor.py:161} INFO - Processing /Users/v.lytvyniuk/Documents/библиотечка/DE online1/git/de_7/lesson_07/airflow_env/lib/python3.8/site-packages/airflow/example_dags/example_subdag_operator.py took 0.105 seconds
[2023-02-10T21:35:51.163+0200] {processor.py:153} INFO - Started process (PID=48918) to work on /Users/v.lytvyniuk/Documents/библиотечка/DE online1/git/de_7/lesson_07/airflow_env/lib/python3.8/site-packages/airflow/example_dags/example_subdag_operator.py
[2023-02-10T21:35:51.166+0200] {processor.py:640} INFO - Processing file /Users/v.lytvyniuk/Documents/библиотечка/DE online1/git/de_7/lesson_07/airflow_env/lib/python3.8/site-packages/airflow/example_dags/example_subdag_operator.py for tasks to queue
[2023-02-10T21:35:51.166+0200] {logging_mixin.py:115} INFO - [2023-02-10T21:35:51.166+0200] {dagbag.py:508} INFO - Filling up the DagBag from /Users/v.lytvyniuk/Documents/библиотечка/DE online1/git/de_7/lesson_07/airflow_env/lib/python3.8/site-packages/airflow/example_dags/example_subdag_operator.py
[2023-02-10T21:35:51.197+0200] {processor.py:650} INFO - DAG(s) dict_keys(['example_subdag_operator.section-1', 'example_subdag_operator.section-2', 'example_subdag_operator']) retrieved from /Users/v.lytvyniuk/Documents/библиотечка/DE online1/git/de_7/lesson_07/airflow_env/lib/python3.8/site-packages/airflow/example_dags/example_subdag_operator.py
[2023-02-10T21:35:51.246+0200] {logging_mixin.py:115} INFO - [2023-02-10T21:35:51.246+0200] {dag.py:2429} INFO - Sync 3 DAGs
[2023-02-10T21:35:51.252+0200] {logging_mixin.py:115} INFO - [2023-02-10T21:35:51.252+0200] {dag.py:2977} INFO - Setting next_dagrun for example_subdag_operator to 2022-01-01T00:00:00+00:00, run_after=2022-01-01T00:00:00+00:00
[2023-02-10T21:35:51.253+0200] {logging_mixin.py:115} INFO - [2023-02-10T21:35:51.253+0200] {dag.py:2977} INFO - Setting next_dagrun for example_subdag_operator.section-1 to None, run_after=None
[2023-02-10T21:35:51.253+0200] {logging_mixin.py:115} INFO - [2023-02-10T21:35:51.253+0200] {dag.py:2977} INFO - Setting next_dagrun for example_subdag_operator.section-2 to None, run_after=None
[2023-02-10T21:35:51.255+0200] {logging_mixin.py:115} INFO - [2023-02-10T21:35:51.255+0200] {dag.py:2429} INFO - Sync 2 DAGs
[2023-02-10T21:35:51.257+0200] {logging_mixin.py:115} INFO - [2023-02-10T21:35:51.257+0200] {dag.py:2977} INFO - Setting next_dagrun for example_subdag_operator.section-1 to None, run_after=None
[2023-02-10T21:35:51.257+0200] {logging_mixin.py:115} INFO - [2023-02-10T21:35:51.257+0200] {dag.py:2977} INFO - Setting next_dagrun for example_subdag_operator.section-2 to None, run_after=None
[2023-02-10T21:35:51.261+0200] {processor.py:161} INFO - Processing /Users/v.lytvyniuk/Documents/библиотечка/DE online1/git/de_7/lesson_07/airflow_env/lib/python3.8/site-packages/airflow/example_dags/example_subdag_operator.py took 0.099 seconds
[2023-02-10T21:36:41.642+0200] {processor.py:153} INFO - Started process (PID=49056) to work on /Users/v.lytvyniuk/Documents/библиотечка/DE online1/git/de_7/lesson_07/airflow_env/lib/python3.8/site-packages/airflow/example_dags/example_subdag_operator.py
[2023-02-10T21:36:41.646+0200] {processor.py:640} INFO - Processing file /Users/v.lytvyniuk/Documents/библиотечка/DE online1/git/de_7/lesson_07/airflow_env/lib/python3.8/site-packages/airflow/example_dags/example_subdag_operator.py for tasks to queue
[2023-02-10T21:36:41.646+0200] {logging_mixin.py:115} INFO - [2023-02-10T21:36:41.646+0200] {dagbag.py:508} INFO - Filling up the DagBag from /Users/v.lytvyniuk/Documents/библиотечка/DE online1/git/de_7/lesson_07/airflow_env/lib/python3.8/site-packages/airflow/example_dags/example_subdag_operator.py
[2023-02-10T21:36:41.677+0200] {processor.py:650} INFO - DAG(s) dict_keys(['example_subdag_operator.section-1', 'example_subdag_operator.section-2', 'example_subdag_operator']) retrieved from /Users/v.lytvyniuk/Documents/библиотечка/DE online1/git/de_7/lesson_07/airflow_env/lib/python3.8/site-packages/airflow/example_dags/example_subdag_operator.py
[2023-02-10T21:36:41.728+0200] {logging_mixin.py:115} INFO - [2023-02-10T21:36:41.728+0200] {dag.py:2429} INFO - Sync 3 DAGs
[2023-02-10T21:36:41.735+0200] {logging_mixin.py:115} INFO - [2023-02-10T21:36:41.735+0200] {dag.py:2977} INFO - Setting next_dagrun for example_subdag_operator to 2022-01-01T00:00:00+00:00, run_after=2022-01-01T00:00:00+00:00
[2023-02-10T21:36:41.735+0200] {logging_mixin.py:115} INFO - [2023-02-10T21:36:41.735+0200] {dag.py:2977} INFO - Setting next_dagrun for example_subdag_operator.section-1 to None, run_after=None
[2023-02-10T21:36:41.735+0200] {logging_mixin.py:115} INFO - [2023-02-10T21:36:41.735+0200] {dag.py:2977} INFO - Setting next_dagrun for example_subdag_operator.section-2 to None, run_after=None
[2023-02-10T21:36:41.738+0200] {logging_mixin.py:115} INFO - [2023-02-10T21:36:41.738+0200] {dag.py:2429} INFO - Sync 2 DAGs
[2023-02-10T21:36:41.739+0200] {logging_mixin.py:115} INFO - [2023-02-10T21:36:41.739+0200] {dag.py:2977} INFO - Setting next_dagrun for example_subdag_operator.section-1 to None, run_after=None
[2023-02-10T21:36:41.740+0200] {logging_mixin.py:115} INFO - [2023-02-10T21:36:41.739+0200] {dag.py:2977} INFO - Setting next_dagrun for example_subdag_operator.section-2 to None, run_after=None
[2023-02-10T21:36:41.746+0200] {processor.py:161} INFO - Processing /Users/v.lytvyniuk/Documents/библиотечка/DE online1/git/de_7/lesson_07/airflow_env/lib/python3.8/site-packages/airflow/example_dags/example_subdag_operator.py took 0.103 seconds
[2023-02-10T21:37:31.744+0200] {processor.py:153} INFO - Started process (PID=49206) to work on /Users/v.lytvyniuk/Documents/библиотечка/DE online1/git/de_7/lesson_07/airflow_env/lib/python3.8/site-packages/airflow/example_dags/example_subdag_operator.py
[2023-02-10T21:37:31.748+0200] {processor.py:640} INFO - Processing file /Users/v.lytvyniuk/Documents/библиотечка/DE online1/git/de_7/lesson_07/airflow_env/lib/python3.8/site-packages/airflow/example_dags/example_subdag_operator.py for tasks to queue
[2023-02-10T21:37:31.748+0200] {logging_mixin.py:115} INFO - [2023-02-10T21:37:31.748+0200] {dagbag.py:508} INFO - Filling up the DagBag from /Users/v.lytvyniuk/Documents/библиотечка/DE online1/git/de_7/lesson_07/airflow_env/lib/python3.8/site-packages/airflow/example_dags/example_subdag_operator.py
[2023-02-10T21:37:31.780+0200] {processor.py:650} INFO - DAG(s) dict_keys(['example_subdag_operator.section-1', 'example_subdag_operator.section-2', 'example_subdag_operator']) retrieved from /Users/v.lytvyniuk/Documents/библиотечка/DE online1/git/de_7/lesson_07/airflow_env/lib/python3.8/site-packages/airflow/example_dags/example_subdag_operator.py
[2023-02-10T21:37:31.832+0200] {logging_mixin.py:115} INFO - [2023-02-10T21:37:31.832+0200] {dag.py:2429} INFO - Sync 3 DAGs
[2023-02-10T21:37:31.839+0200] {logging_mixin.py:115} INFO - [2023-02-10T21:37:31.839+0200] {dag.py:2977} INFO - Setting next_dagrun for example_subdag_operator to 2022-01-01T00:00:00+00:00, run_after=2022-01-01T00:00:00+00:00
[2023-02-10T21:37:31.839+0200] {logging_mixin.py:115} INFO - [2023-02-10T21:37:31.839+0200] {dag.py:2977} INFO - Setting next_dagrun for example_subdag_operator.section-1 to None, run_after=None
[2023-02-10T21:37:31.839+0200] {logging_mixin.py:115} INFO - [2023-02-10T21:37:31.839+0200] {dag.py:2977} INFO - Setting next_dagrun for example_subdag_operator.section-2 to None, run_after=None
[2023-02-10T21:37:31.842+0200] {logging_mixin.py:115} INFO - [2023-02-10T21:37:31.842+0200] {dag.py:2429} INFO - Sync 2 DAGs
[2023-02-10T21:37:31.844+0200] {logging_mixin.py:115} INFO - [2023-02-10T21:37:31.844+0200] {dag.py:2977} INFO - Setting next_dagrun for example_subdag_operator.section-1 to None, run_after=None
[2023-02-10T21:37:31.844+0200] {logging_mixin.py:115} INFO - [2023-02-10T21:37:31.844+0200] {dag.py:2977} INFO - Setting next_dagrun for example_subdag_operator.section-2 to None, run_after=None
[2023-02-10T21:37:31.849+0200] {processor.py:161} INFO - Processing /Users/v.lytvyniuk/Documents/библиотечка/DE online1/git/de_7/lesson_07/airflow_env/lib/python3.8/site-packages/airflow/example_dags/example_subdag_operator.py took 0.105 seconds
[2023-02-10T21:38:21.272+0200] {processor.py:153} INFO - Started process (PID=49343) to work on /Users/v.lytvyniuk/Documents/библиотечка/DE online1/git/de_7/lesson_07/airflow_env/lib/python3.8/site-packages/airflow/example_dags/example_subdag_operator.py
[2023-02-10T21:38:21.275+0200] {processor.py:640} INFO - Processing file /Users/v.lytvyniuk/Documents/библиотечка/DE online1/git/de_7/lesson_07/airflow_env/lib/python3.8/site-packages/airflow/example_dags/example_subdag_operator.py for tasks to queue
[2023-02-10T21:38:21.275+0200] {logging_mixin.py:115} INFO - [2023-02-10T21:38:21.275+0200] {dagbag.py:508} INFO - Filling up the DagBag from /Users/v.lytvyniuk/Documents/библиотечка/DE online1/git/de_7/lesson_07/airflow_env/lib/python3.8/site-packages/airflow/example_dags/example_subdag_operator.py
[2023-02-10T21:38:21.305+0200] {processor.py:650} INFO - DAG(s) dict_keys(['example_subdag_operator.section-1', 'example_subdag_operator.section-2', 'example_subdag_operator']) retrieved from /Users/v.lytvyniuk/Documents/библиотечка/DE online1/git/de_7/lesson_07/airflow_env/lib/python3.8/site-packages/airflow/example_dags/example_subdag_operator.py
[2023-02-10T21:38:21.353+0200] {logging_mixin.py:115} INFO - [2023-02-10T21:38:21.353+0200] {dag.py:2429} INFO - Sync 3 DAGs
[2023-02-10T21:38:21.360+0200] {logging_mixin.py:115} INFO - [2023-02-10T21:38:21.360+0200] {dag.py:2977} INFO - Setting next_dagrun for example_subdag_operator to 2022-01-01T00:00:00+00:00, run_after=2022-01-01T00:00:00+00:00
[2023-02-10T21:38:21.360+0200] {logging_mixin.py:115} INFO - [2023-02-10T21:38:21.360+0200] {dag.py:2977} INFO - Setting next_dagrun for example_subdag_operator.section-1 to None, run_after=None
[2023-02-10T21:38:21.360+0200] {logging_mixin.py:115} INFO - [2023-02-10T21:38:21.360+0200] {dag.py:2977} INFO - Setting next_dagrun for example_subdag_operator.section-2 to None, run_after=None
[2023-02-10T21:38:21.362+0200] {logging_mixin.py:115} INFO - [2023-02-10T21:38:21.362+0200] {dag.py:2429} INFO - Sync 2 DAGs
[2023-02-10T21:38:21.364+0200] {logging_mixin.py:115} INFO - [2023-02-10T21:38:21.364+0200] {dag.py:2977} INFO - Setting next_dagrun for example_subdag_operator.section-1 to None, run_after=None
[2023-02-10T21:38:21.364+0200] {logging_mixin.py:115} INFO - [2023-02-10T21:38:21.364+0200] {dag.py:2977} INFO - Setting next_dagrun for example_subdag_operator.section-2 to None, run_after=None
[2023-02-10T21:38:21.368+0200] {processor.py:161} INFO - Processing /Users/v.lytvyniuk/Documents/библиотечка/DE online1/git/de_7/lesson_07/airflow_env/lib/python3.8/site-packages/airflow/example_dags/example_subdag_operator.py took 0.097 seconds
[2023-02-10T21:39:10.635+0200] {processor.py:153} INFO - Started process (PID=49518) to work on /Users/v.lytvyniuk/Documents/библиотечка/DE online1/git/de_7/lesson_07/airflow_env/lib/python3.8/site-packages/airflow/example_dags/example_subdag_operator.py
[2023-02-10T21:39:10.638+0200] {processor.py:640} INFO - Processing file /Users/v.lytvyniuk/Documents/библиотечка/DE online1/git/de_7/lesson_07/airflow_env/lib/python3.8/site-packages/airflow/example_dags/example_subdag_operator.py for tasks to queue
[2023-02-10T21:39:10.639+0200] {logging_mixin.py:115} INFO - [2023-02-10T21:39:10.639+0200] {dagbag.py:508} INFO - Filling up the DagBag from /Users/v.lytvyniuk/Documents/библиотечка/DE online1/git/de_7/lesson_07/airflow_env/lib/python3.8/site-packages/airflow/example_dags/example_subdag_operator.py
[2023-02-10T21:39:10.669+0200] {processor.py:650} INFO - DAG(s) dict_keys(['example_subdag_operator.section-1', 'example_subdag_operator.section-2', 'example_subdag_operator']) retrieved from /Users/v.lytvyniuk/Documents/библиотечка/DE online1/git/de_7/lesson_07/airflow_env/lib/python3.8/site-packages/airflow/example_dags/example_subdag_operator.py
[2023-02-10T21:39:10.719+0200] {logging_mixin.py:115} INFO - [2023-02-10T21:39:10.719+0200] {dag.py:2429} INFO - Sync 3 DAGs
[2023-02-10T21:39:10.726+0200] {logging_mixin.py:115} INFO - [2023-02-10T21:39:10.725+0200] {dag.py:2977} INFO - Setting next_dagrun for example_subdag_operator to 2022-01-01T00:00:00+00:00, run_after=2022-01-01T00:00:00+00:00
[2023-02-10T21:39:10.726+0200] {logging_mixin.py:115} INFO - [2023-02-10T21:39:10.726+0200] {dag.py:2977} INFO - Setting next_dagrun for example_subdag_operator.section-1 to None, run_after=None
[2023-02-10T21:39:10.726+0200] {logging_mixin.py:115} INFO - [2023-02-10T21:39:10.726+0200] {dag.py:2977} INFO - Setting next_dagrun for example_subdag_operator.section-2 to None, run_after=None
[2023-02-10T21:39:10.728+0200] {logging_mixin.py:115} INFO - [2023-02-10T21:39:10.728+0200] {dag.py:2429} INFO - Sync 2 DAGs
[2023-02-10T21:39:10.730+0200] {logging_mixin.py:115} INFO - [2023-02-10T21:39:10.730+0200] {dag.py:2977} INFO - Setting next_dagrun for example_subdag_operator.section-1 to None, run_after=None
[2023-02-10T21:39:10.730+0200] {logging_mixin.py:115} INFO - [2023-02-10T21:39:10.730+0200] {dag.py:2977} INFO - Setting next_dagrun for example_subdag_operator.section-2 to None, run_after=None
[2023-02-10T21:39:10.734+0200] {processor.py:161} INFO - Processing /Users/v.lytvyniuk/Documents/библиотечка/DE online1/git/de_7/lesson_07/airflow_env/lib/python3.8/site-packages/airflow/example_dags/example_subdag_operator.py took 0.100 seconds
[2023-02-10T21:40:01.016+0200] {processor.py:153} INFO - Started process (PID=49687) to work on /Users/v.lytvyniuk/Documents/библиотечка/DE online1/git/de_7/lesson_07/airflow_env/lib/python3.8/site-packages/airflow/example_dags/example_subdag_operator.py
[2023-02-10T21:40:01.019+0200] {processor.py:640} INFO - Processing file /Users/v.lytvyniuk/Documents/библиотечка/DE online1/git/de_7/lesson_07/airflow_env/lib/python3.8/site-packages/airflow/example_dags/example_subdag_operator.py for tasks to queue
[2023-02-10T21:40:01.019+0200] {logging_mixin.py:115} INFO - [2023-02-10T21:40:01.019+0200] {dagbag.py:508} INFO - Filling up the DagBag from /Users/v.lytvyniuk/Documents/библиотечка/DE online1/git/de_7/lesson_07/airflow_env/lib/python3.8/site-packages/airflow/example_dags/example_subdag_operator.py
[2023-02-10T21:40:01.050+0200] {processor.py:650} INFO - DAG(s) dict_keys(['example_subdag_operator.section-1', 'example_subdag_operator.section-2', 'example_subdag_operator']) retrieved from /Users/v.lytvyniuk/Documents/библиотечка/DE online1/git/de_7/lesson_07/airflow_env/lib/python3.8/site-packages/airflow/example_dags/example_subdag_operator.py
[2023-02-10T21:40:01.100+0200] {logging_mixin.py:115} INFO - [2023-02-10T21:40:01.100+0200] {dag.py:2429} INFO - Sync 3 DAGs
[2023-02-10T21:40:01.107+0200] {logging_mixin.py:115} INFO - [2023-02-10T21:40:01.107+0200] {dag.py:2977} INFO - Setting next_dagrun for example_subdag_operator to 2022-01-01T00:00:00+00:00, run_after=2022-01-01T00:00:00+00:00
[2023-02-10T21:40:01.107+0200] {logging_mixin.py:115} INFO - [2023-02-10T21:40:01.107+0200] {dag.py:2977} INFO - Setting next_dagrun for example_subdag_operator.section-1 to None, run_after=None
[2023-02-10T21:40:01.107+0200] {logging_mixin.py:115} INFO - [2023-02-10T21:40:01.107+0200] {dag.py:2977} INFO - Setting next_dagrun for example_subdag_operator.section-2 to None, run_after=None
[2023-02-10T21:40:01.109+0200] {logging_mixin.py:115} INFO - [2023-02-10T21:40:01.109+0200] {dag.py:2429} INFO - Sync 2 DAGs
[2023-02-10T21:40:01.111+0200] {logging_mixin.py:115} INFO - [2023-02-10T21:40:01.111+0200] {dag.py:2977} INFO - Setting next_dagrun for example_subdag_operator.section-1 to None, run_after=None
[2023-02-10T21:40:01.111+0200] {logging_mixin.py:115} INFO - [2023-02-10T21:40:01.111+0200] {dag.py:2977} INFO - Setting next_dagrun for example_subdag_operator.section-2 to None, run_after=None
[2023-02-10T21:40:01.116+0200] {processor.py:161} INFO - Processing /Users/v.lytvyniuk/Documents/библиотечка/DE online1/git/de_7/lesson_07/airflow_env/lib/python3.8/site-packages/airflow/example_dags/example_subdag_operator.py took 0.100 seconds
[2023-02-10T21:40:52.144+0200] {processor.py:153} INFO - Started process (PID=49832) to work on /Users/v.lytvyniuk/Documents/библиотечка/DE online1/git/de_7/lesson_07/airflow_env/lib/python3.8/site-packages/airflow/example_dags/example_subdag_operator.py
[2023-02-10T21:40:52.148+0200] {processor.py:640} INFO - Processing file /Users/v.lytvyniuk/Documents/библиотечка/DE online1/git/de_7/lesson_07/airflow_env/lib/python3.8/site-packages/airflow/example_dags/example_subdag_operator.py for tasks to queue
[2023-02-10T21:40:52.148+0200] {logging_mixin.py:115} INFO - [2023-02-10T21:40:52.148+0200] {dagbag.py:508} INFO - Filling up the DagBag from /Users/v.lytvyniuk/Documents/библиотечка/DE online1/git/de_7/lesson_07/airflow_env/lib/python3.8/site-packages/airflow/example_dags/example_subdag_operator.py
[2023-02-10T21:40:52.177+0200] {processor.py:650} INFO - DAG(s) dict_keys(['example_subdag_operator.section-1', 'example_subdag_operator.section-2', 'example_subdag_operator']) retrieved from /Users/v.lytvyniuk/Documents/библиотечка/DE online1/git/de_7/lesson_07/airflow_env/lib/python3.8/site-packages/airflow/example_dags/example_subdag_operator.py
[2023-02-10T21:40:52.225+0200] {logging_mixin.py:115} INFO - [2023-02-10T21:40:52.225+0200] {dag.py:2429} INFO - Sync 3 DAGs
[2023-02-10T21:40:52.232+0200] {logging_mixin.py:115} INFO - [2023-02-10T21:40:52.232+0200] {dag.py:2977} INFO - Setting next_dagrun for example_subdag_operator to 2022-01-01T00:00:00+00:00, run_after=2022-01-01T00:00:00+00:00
[2023-02-10T21:40:52.232+0200] {logging_mixin.py:115} INFO - [2023-02-10T21:40:52.232+0200] {dag.py:2977} INFO - Setting next_dagrun for example_subdag_operator.section-1 to None, run_after=None
[2023-02-10T21:40:52.232+0200] {logging_mixin.py:115} INFO - [2023-02-10T21:40:52.232+0200] {dag.py:2977} INFO - Setting next_dagrun for example_subdag_operator.section-2 to None, run_after=None
[2023-02-10T21:40:52.235+0200] {logging_mixin.py:115} INFO - [2023-02-10T21:40:52.235+0200] {dag.py:2429} INFO - Sync 2 DAGs
[2023-02-10T21:40:52.236+0200] {logging_mixin.py:115} INFO - [2023-02-10T21:40:52.236+0200] {dag.py:2977} INFO - Setting next_dagrun for example_subdag_operator.section-1 to None, run_after=None
[2023-02-10T21:40:52.236+0200] {logging_mixin.py:115} INFO - [2023-02-10T21:40:52.236+0200] {dag.py:2977} INFO - Setting next_dagrun for example_subdag_operator.section-2 to None, run_after=None
[2023-02-10T21:40:52.240+0200] {processor.py:161} INFO - Processing /Users/v.lytvyniuk/Documents/библиотечка/DE online1/git/de_7/lesson_07/airflow_env/lib/python3.8/site-packages/airflow/example_dags/example_subdag_operator.py took 0.096 seconds
[2023-02-10T21:41:41.122+0200] {processor.py:153} INFO - Started process (PID=49962) to work on /Users/v.lytvyniuk/Documents/библиотечка/DE online1/git/de_7/lesson_07/airflow_env/lib/python3.8/site-packages/airflow/example_dags/example_subdag_operator.py
[2023-02-10T21:41:41.126+0200] {processor.py:640} INFO - Processing file /Users/v.lytvyniuk/Documents/библиотечка/DE online1/git/de_7/lesson_07/airflow_env/lib/python3.8/site-packages/airflow/example_dags/example_subdag_operator.py for tasks to queue
[2023-02-10T21:41:41.126+0200] {logging_mixin.py:115} INFO - [2023-02-10T21:41:41.126+0200] {dagbag.py:508} INFO - Filling up the DagBag from /Users/v.lytvyniuk/Documents/библиотечка/DE online1/git/de_7/lesson_07/airflow_env/lib/python3.8/site-packages/airflow/example_dags/example_subdag_operator.py
[2023-02-10T21:41:41.157+0200] {processor.py:650} INFO - DAG(s) dict_keys(['example_subdag_operator.section-1', 'example_subdag_operator.section-2', 'example_subdag_operator']) retrieved from /Users/v.lytvyniuk/Documents/библиотечка/DE online1/git/de_7/lesson_07/airflow_env/lib/python3.8/site-packages/airflow/example_dags/example_subdag_operator.py
[2023-02-10T21:41:41.252+0200] {logging_mixin.py:115} INFO - [2023-02-10T21:41:41.252+0200] {dag.py:2429} INFO - Sync 3 DAGs
[2023-02-10T21:41:41.267+0200] {logging_mixin.py:115} INFO - [2023-02-10T21:41:41.267+0200] {dag.py:2977} INFO - Setting next_dagrun for example_subdag_operator to 2022-01-01T00:00:00+00:00, run_after=2022-01-01T00:00:00+00:00
[2023-02-10T21:41:41.267+0200] {logging_mixin.py:115} INFO - [2023-02-10T21:41:41.267+0200] {dag.py:2977} INFO - Setting next_dagrun for example_subdag_operator.section-1 to None, run_after=None
[2023-02-10T21:41:41.267+0200] {logging_mixin.py:115} INFO - [2023-02-10T21:41:41.267+0200] {dag.py:2977} INFO - Setting next_dagrun for example_subdag_operator.section-2 to None, run_after=None
[2023-02-10T21:41:41.270+0200] {logging_mixin.py:115} INFO - [2023-02-10T21:41:41.270+0200] {dag.py:2429} INFO - Sync 2 DAGs
[2023-02-10T21:41:41.273+0200] {logging_mixin.py:115} INFO - [2023-02-10T21:41:41.273+0200] {dag.py:2977} INFO - Setting next_dagrun for example_subdag_operator.section-1 to None, run_after=None
[2023-02-10T21:41:41.273+0200] {logging_mixin.py:115} INFO - [2023-02-10T21:41:41.273+0200] {dag.py:2977} INFO - Setting next_dagrun for example_subdag_operator.section-2 to None, run_after=None
[2023-02-10T21:41:41.280+0200] {processor.py:161} INFO - Processing /Users/v.lytvyniuk/Documents/библиотечка/DE online1/git/de_7/lesson_07/airflow_env/lib/python3.8/site-packages/airflow/example_dags/example_subdag_operator.py took 0.158 seconds
[2023-02-10T21:42:32.574+0200] {processor.py:153} INFO - Started process (PID=50090) to work on /Users/v.lytvyniuk/Documents/библиотечка/DE online1/git/de_7/lesson_07/airflow_env/lib/python3.8/site-packages/airflow/example_dags/example_subdag_operator.py
[2023-02-10T21:42:32.578+0200] {processor.py:640} INFO - Processing file /Users/v.lytvyniuk/Documents/библиотечка/DE online1/git/de_7/lesson_07/airflow_env/lib/python3.8/site-packages/airflow/example_dags/example_subdag_operator.py for tasks to queue
[2023-02-10T21:42:32.578+0200] {logging_mixin.py:115} INFO - [2023-02-10T21:42:32.578+0200] {dagbag.py:508} INFO - Filling up the DagBag from /Users/v.lytvyniuk/Documents/библиотечка/DE online1/git/de_7/lesson_07/airflow_env/lib/python3.8/site-packages/airflow/example_dags/example_subdag_operator.py
[2023-02-10T21:42:32.608+0200] {processor.py:650} INFO - DAG(s) dict_keys(['example_subdag_operator.section-1', 'example_subdag_operator.section-2', 'example_subdag_operator']) retrieved from /Users/v.lytvyniuk/Documents/библиотечка/DE online1/git/de_7/lesson_07/airflow_env/lib/python3.8/site-packages/airflow/example_dags/example_subdag_operator.py
[2023-02-10T21:42:32.656+0200] {logging_mixin.py:115} INFO - [2023-02-10T21:42:32.656+0200] {dag.py:2429} INFO - Sync 3 DAGs
[2023-02-10T21:42:32.663+0200] {logging_mixin.py:115} INFO - [2023-02-10T21:42:32.663+0200] {dag.py:2977} INFO - Setting next_dagrun for example_subdag_operator to 2022-01-01T00:00:00+00:00, run_after=2022-01-01T00:00:00+00:00
[2023-02-10T21:42:32.663+0200] {logging_mixin.py:115} INFO - [2023-02-10T21:42:32.663+0200] {dag.py:2977} INFO - Setting next_dagrun for example_subdag_operator.section-1 to None, run_after=None
[2023-02-10T21:42:32.663+0200] {logging_mixin.py:115} INFO - [2023-02-10T21:42:32.663+0200] {dag.py:2977} INFO - Setting next_dagrun for example_subdag_operator.section-2 to None, run_after=None
[2023-02-10T21:42:32.665+0200] {logging_mixin.py:115} INFO - [2023-02-10T21:42:32.665+0200] {dag.py:2429} INFO - Sync 2 DAGs
[2023-02-10T21:42:32.667+0200] {logging_mixin.py:115} INFO - [2023-02-10T21:42:32.667+0200] {dag.py:2977} INFO - Setting next_dagrun for example_subdag_operator.section-1 to None, run_after=None
[2023-02-10T21:42:32.667+0200] {logging_mixin.py:115} INFO - [2023-02-10T21:42:32.667+0200] {dag.py:2977} INFO - Setting next_dagrun for example_subdag_operator.section-2 to None, run_after=None
[2023-02-10T21:42:32.671+0200] {processor.py:161} INFO - Processing /Users/v.lytvyniuk/Documents/библиотечка/DE online1/git/de_7/lesson_07/airflow_env/lib/python3.8/site-packages/airflow/example_dags/example_subdag_operator.py took 0.097 seconds
[2023-02-10T21:43:24.481+0200] {processor.py:153} INFO - Started process (PID=50235) to work on /Users/v.lytvyniuk/Documents/библиотечка/DE online1/git/de_7/lesson_07/airflow_env/lib/python3.8/site-packages/airflow/example_dags/example_subdag_operator.py
[2023-02-10T21:43:24.484+0200] {processor.py:640} INFO - Processing file /Users/v.lytvyniuk/Documents/библиотечка/DE online1/git/de_7/lesson_07/airflow_env/lib/python3.8/site-packages/airflow/example_dags/example_subdag_operator.py for tasks to queue
[2023-02-10T21:43:24.485+0200] {logging_mixin.py:115} INFO - [2023-02-10T21:43:24.484+0200] {dagbag.py:508} INFO - Filling up the DagBag from /Users/v.lytvyniuk/Documents/библиотечка/DE online1/git/de_7/lesson_07/airflow_env/lib/python3.8/site-packages/airflow/example_dags/example_subdag_operator.py
[2023-02-10T21:43:24.514+0200] {processor.py:650} INFO - DAG(s) dict_keys(['example_subdag_operator.section-1', 'example_subdag_operator.section-2', 'example_subdag_operator']) retrieved from /Users/v.lytvyniuk/Documents/библиотечка/DE online1/git/de_7/lesson_07/airflow_env/lib/python3.8/site-packages/airflow/example_dags/example_subdag_operator.py
[2023-02-10T21:43:24.563+0200] {logging_mixin.py:115} INFO - [2023-02-10T21:43:24.563+0200] {dag.py:2429} INFO - Sync 3 DAGs
[2023-02-10T21:43:24.570+0200] {logging_mixin.py:115} INFO - [2023-02-10T21:43:24.570+0200] {dag.py:2977} INFO - Setting next_dagrun for example_subdag_operator to 2022-01-01T00:00:00+00:00, run_after=2022-01-01T00:00:00+00:00
[2023-02-10T21:43:24.570+0200] {logging_mixin.py:115} INFO - [2023-02-10T21:43:24.570+0200] {dag.py:2977} INFO - Setting next_dagrun for example_subdag_operator.section-1 to None, run_after=None
[2023-02-10T21:43:24.570+0200] {logging_mixin.py:115} INFO - [2023-02-10T21:43:24.570+0200] {dag.py:2977} INFO - Setting next_dagrun for example_subdag_operator.section-2 to None, run_after=None
[2023-02-10T21:43:24.572+0200] {logging_mixin.py:115} INFO - [2023-02-10T21:43:24.572+0200] {dag.py:2429} INFO - Sync 2 DAGs
[2023-02-10T21:43:24.574+0200] {logging_mixin.py:115} INFO - [2023-02-10T21:43:24.574+0200] {dag.py:2977} INFO - Setting next_dagrun for example_subdag_operator.section-1 to None, run_after=None
[2023-02-10T21:43:24.574+0200] {logging_mixin.py:115} INFO - [2023-02-10T21:43:24.574+0200] {dag.py:2977} INFO - Setting next_dagrun for example_subdag_operator.section-2 to None, run_after=None
[2023-02-10T21:43:24.578+0200] {processor.py:161} INFO - Processing /Users/v.lytvyniuk/Documents/библиотечка/DE online1/git/de_7/lesson_07/airflow_env/lib/python3.8/site-packages/airflow/example_dags/example_subdag_operator.py took 0.098 seconds
[2023-02-10T21:44:15.069+0200] {processor.py:153} INFO - Started process (PID=50362) to work on /Users/v.lytvyniuk/Documents/библиотечка/DE online1/git/de_7/lesson_07/airflow_env/lib/python3.8/site-packages/airflow/example_dags/example_subdag_operator.py
[2023-02-10T21:44:15.072+0200] {processor.py:640} INFO - Processing file /Users/v.lytvyniuk/Documents/библиотечка/DE online1/git/de_7/lesson_07/airflow_env/lib/python3.8/site-packages/airflow/example_dags/example_subdag_operator.py for tasks to queue
[2023-02-10T21:44:15.072+0200] {logging_mixin.py:115} INFO - [2023-02-10T21:44:15.072+0200] {dagbag.py:508} INFO - Filling up the DagBag from /Users/v.lytvyniuk/Documents/библиотечка/DE online1/git/de_7/lesson_07/airflow_env/lib/python3.8/site-packages/airflow/example_dags/example_subdag_operator.py
[2023-02-10T21:44:15.103+0200] {processor.py:650} INFO - DAG(s) dict_keys(['example_subdag_operator.section-1', 'example_subdag_operator.section-2', 'example_subdag_operator']) retrieved from /Users/v.lytvyniuk/Documents/библиотечка/DE online1/git/de_7/lesson_07/airflow_env/lib/python3.8/site-packages/airflow/example_dags/example_subdag_operator.py
[2023-02-10T21:44:15.202+0200] {logging_mixin.py:115} INFO - [2023-02-10T21:44:15.202+0200] {dag.py:2429} INFO - Sync 3 DAGs
[2023-02-10T21:44:15.213+0200] {logging_mixin.py:115} INFO - [2023-02-10T21:44:15.213+0200] {dag.py:2977} INFO - Setting next_dagrun for example_subdag_operator to 2022-01-01T00:00:00+00:00, run_after=2022-01-01T00:00:00+00:00
[2023-02-10T21:44:15.214+0200] {logging_mixin.py:115} INFO - [2023-02-10T21:44:15.214+0200] {dag.py:2977} INFO - Setting next_dagrun for example_subdag_operator.section-1 to None, run_after=None
[2023-02-10T21:44:15.214+0200] {logging_mixin.py:115} INFO - [2023-02-10T21:44:15.214+0200] {dag.py:2977} INFO - Setting next_dagrun for example_subdag_operator.section-2 to None, run_after=None
[2023-02-10T21:44:15.222+0200] {logging_mixin.py:115} INFO - [2023-02-10T21:44:15.222+0200] {dag.py:2429} INFO - Sync 2 DAGs
[2023-02-10T21:44:15.224+0200] {logging_mixin.py:115} INFO - [2023-02-10T21:44:15.224+0200] {dag.py:2977} INFO - Setting next_dagrun for example_subdag_operator.section-1 to None, run_after=None
[2023-02-10T21:44:15.224+0200] {logging_mixin.py:115} INFO - [2023-02-10T21:44:15.224+0200] {dag.py:2977} INFO - Setting next_dagrun for example_subdag_operator.section-2 to None, run_after=None
[2023-02-10T21:44:15.229+0200] {processor.py:161} INFO - Processing /Users/v.lytvyniuk/Documents/библиотечка/DE online1/git/de_7/lesson_07/airflow_env/lib/python3.8/site-packages/airflow/example_dags/example_subdag_operator.py took 0.161 seconds
[2023-02-10T21:45:05.748+0200] {processor.py:153} INFO - Started process (PID=50871) to work on /Users/v.lytvyniuk/Documents/библиотечка/DE online1/git/de_7/lesson_07/airflow_env/lib/python3.8/site-packages/airflow/example_dags/example_subdag_operator.py
[2023-02-10T21:45:05.751+0200] {processor.py:640} INFO - Processing file /Users/v.lytvyniuk/Documents/библиотечка/DE online1/git/de_7/lesson_07/airflow_env/lib/python3.8/site-packages/airflow/example_dags/example_subdag_operator.py for tasks to queue
[2023-02-10T21:45:05.752+0200] {logging_mixin.py:115} INFO - [2023-02-10T21:45:05.752+0200] {dagbag.py:508} INFO - Filling up the DagBag from /Users/v.lytvyniuk/Documents/библиотечка/DE online1/git/de_7/lesson_07/airflow_env/lib/python3.8/site-packages/airflow/example_dags/example_subdag_operator.py
[2023-02-10T21:45:05.782+0200] {processor.py:650} INFO - DAG(s) dict_keys(['example_subdag_operator.section-1', 'example_subdag_operator.section-2', 'example_subdag_operator']) retrieved from /Users/v.lytvyniuk/Documents/библиотечка/DE online1/git/de_7/lesson_07/airflow_env/lib/python3.8/site-packages/airflow/example_dags/example_subdag_operator.py
[2023-02-10T21:45:05.830+0200] {logging_mixin.py:115} INFO - [2023-02-10T21:45:05.830+0200] {dag.py:2429} INFO - Sync 3 DAGs
[2023-02-10T21:45:05.837+0200] {logging_mixin.py:115} INFO - [2023-02-10T21:45:05.837+0200] {dag.py:2977} INFO - Setting next_dagrun for example_subdag_operator to 2022-01-01T00:00:00+00:00, run_after=2022-01-01T00:00:00+00:00
[2023-02-10T21:45:05.837+0200] {logging_mixin.py:115} INFO - [2023-02-10T21:45:05.837+0200] {dag.py:2977} INFO - Setting next_dagrun for example_subdag_operator.section-1 to None, run_after=None
[2023-02-10T21:45:05.837+0200] {logging_mixin.py:115} INFO - [2023-02-10T21:45:05.837+0200] {dag.py:2977} INFO - Setting next_dagrun for example_subdag_operator.section-2 to None, run_after=None
[2023-02-10T21:45:05.839+0200] {logging_mixin.py:115} INFO - [2023-02-10T21:45:05.839+0200] {dag.py:2429} INFO - Sync 2 DAGs
[2023-02-10T21:45:05.841+0200] {logging_mixin.py:115} INFO - [2023-02-10T21:45:05.841+0200] {dag.py:2977} INFO - Setting next_dagrun for example_subdag_operator.section-1 to None, run_after=None
[2023-02-10T21:45:05.841+0200] {logging_mixin.py:115} INFO - [2023-02-10T21:45:05.841+0200] {dag.py:2977} INFO - Setting next_dagrun for example_subdag_operator.section-2 to None, run_after=None
[2023-02-10T21:45:05.845+0200] {processor.py:161} INFO - Processing /Users/v.lytvyniuk/Documents/библиотечка/DE online1/git/de_7/lesson_07/airflow_env/lib/python3.8/site-packages/airflow/example_dags/example_subdag_operator.py took 0.097 seconds
[2023-02-10T21:45:58.385+0200] {processor.py:153} INFO - Started process (PID=51019) to work on /Users/v.lytvyniuk/Documents/библиотечка/DE online1/git/de_7/lesson_07/airflow_env/lib/python3.8/site-packages/airflow/example_dags/example_subdag_operator.py
[2023-02-10T21:45:58.388+0200] {processor.py:640} INFO - Processing file /Users/v.lytvyniuk/Documents/библиотечка/DE online1/git/de_7/lesson_07/airflow_env/lib/python3.8/site-packages/airflow/example_dags/example_subdag_operator.py for tasks to queue
[2023-02-10T21:45:58.388+0200] {logging_mixin.py:115} INFO - [2023-02-10T21:45:58.388+0200] {dagbag.py:508} INFO - Filling up the DagBag from /Users/v.lytvyniuk/Documents/библиотечка/DE online1/git/de_7/lesson_07/airflow_env/lib/python3.8/site-packages/airflow/example_dags/example_subdag_operator.py
[2023-02-10T21:45:58.418+0200] {processor.py:650} INFO - DAG(s) dict_keys(['example_subdag_operator.section-1', 'example_subdag_operator.section-2', 'example_subdag_operator']) retrieved from /Users/v.lytvyniuk/Documents/библиотечка/DE online1/git/de_7/lesson_07/airflow_env/lib/python3.8/site-packages/airflow/example_dags/example_subdag_operator.py
[2023-02-10T21:45:58.466+0200] {logging_mixin.py:115} INFO - [2023-02-10T21:45:58.466+0200] {dag.py:2429} INFO - Sync 3 DAGs
[2023-02-10T21:45:58.472+0200] {logging_mixin.py:115} INFO - [2023-02-10T21:45:58.472+0200] {dag.py:2977} INFO - Setting next_dagrun for example_subdag_operator to 2022-01-01T00:00:00+00:00, run_after=2022-01-01T00:00:00+00:00
[2023-02-10T21:45:58.473+0200] {logging_mixin.py:115} INFO - [2023-02-10T21:45:58.472+0200] {dag.py:2977} INFO - Setting next_dagrun for example_subdag_operator.section-1 to None, run_after=None
[2023-02-10T21:45:58.473+0200] {logging_mixin.py:115} INFO - [2023-02-10T21:45:58.473+0200] {dag.py:2977} INFO - Setting next_dagrun for example_subdag_operator.section-2 to None, run_after=None
[2023-02-10T21:45:58.475+0200] {logging_mixin.py:115} INFO - [2023-02-10T21:45:58.475+0200] {dag.py:2429} INFO - Sync 2 DAGs
[2023-02-10T21:45:58.477+0200] {logging_mixin.py:115} INFO - [2023-02-10T21:45:58.477+0200] {dag.py:2977} INFO - Setting next_dagrun for example_subdag_operator.section-1 to None, run_after=None
[2023-02-10T21:45:58.477+0200] {logging_mixin.py:115} INFO - [2023-02-10T21:45:58.477+0200] {dag.py:2977} INFO - Setting next_dagrun for example_subdag_operator.section-2 to None, run_after=None
[2023-02-10T21:45:58.481+0200] {processor.py:161} INFO - Processing /Users/v.lytvyniuk/Documents/библиотечка/DE online1/git/de_7/lesson_07/airflow_env/lib/python3.8/site-packages/airflow/example_dags/example_subdag_operator.py took 0.097 seconds
[2023-02-10T21:46:48.675+0200] {processor.py:153} INFO - Started process (PID=51144) to work on /Users/v.lytvyniuk/Documents/библиотечка/DE online1/git/de_7/lesson_07/airflow_env/lib/python3.8/site-packages/airflow/example_dags/example_subdag_operator.py
[2023-02-10T21:46:48.679+0200] {processor.py:640} INFO - Processing file /Users/v.lytvyniuk/Documents/библиотечка/DE online1/git/de_7/lesson_07/airflow_env/lib/python3.8/site-packages/airflow/example_dags/example_subdag_operator.py for tasks to queue
[2023-02-10T21:46:48.679+0200] {logging_mixin.py:115} INFO - [2023-02-10T21:46:48.679+0200] {dagbag.py:508} INFO - Filling up the DagBag from /Users/v.lytvyniuk/Documents/библиотечка/DE online1/git/de_7/lesson_07/airflow_env/lib/python3.8/site-packages/airflow/example_dags/example_subdag_operator.py
[2023-02-10T21:46:48.710+0200] {processor.py:650} INFO - DAG(s) dict_keys(['example_subdag_operator.section-1', 'example_subdag_operator.section-2', 'example_subdag_operator']) retrieved from /Users/v.lytvyniuk/Documents/библиотечка/DE online1/git/de_7/lesson_07/airflow_env/lib/python3.8/site-packages/airflow/example_dags/example_subdag_operator.py
[2023-02-10T21:46:48.759+0200] {logging_mixin.py:115} INFO - [2023-02-10T21:46:48.759+0200] {dag.py:2429} INFO - Sync 3 DAGs
[2023-02-10T21:46:48.766+0200] {logging_mixin.py:115} INFO - [2023-02-10T21:46:48.766+0200] {dag.py:2977} INFO - Setting next_dagrun for example_subdag_operator to 2022-01-01T00:00:00+00:00, run_after=2022-01-01T00:00:00+00:00
[2023-02-10T21:46:48.766+0200] {logging_mixin.py:115} INFO - [2023-02-10T21:46:48.766+0200] {dag.py:2977} INFO - Setting next_dagrun for example_subdag_operator.section-1 to None, run_after=None
[2023-02-10T21:46:48.766+0200] {logging_mixin.py:115} INFO - [2023-02-10T21:46:48.766+0200] {dag.py:2977} INFO - Setting next_dagrun for example_subdag_operator.section-2 to None, run_after=None
[2023-02-10T21:46:48.768+0200] {logging_mixin.py:115} INFO - [2023-02-10T21:46:48.768+0200] {dag.py:2429} INFO - Sync 2 DAGs
[2023-02-10T21:46:48.770+0200] {logging_mixin.py:115} INFO - [2023-02-10T21:46:48.770+0200] {dag.py:2977} INFO - Setting next_dagrun for example_subdag_operator.section-1 to None, run_after=None
[2023-02-10T21:46:48.770+0200] {logging_mixin.py:115} INFO - [2023-02-10T21:46:48.770+0200] {dag.py:2977} INFO - Setting next_dagrun for example_subdag_operator.section-2 to None, run_after=None
[2023-02-10T21:46:48.775+0200] {processor.py:161} INFO - Processing /Users/v.lytvyniuk/Documents/библиотечка/DE online1/git/de_7/lesson_07/airflow_env/lib/python3.8/site-packages/airflow/example_dags/example_subdag_operator.py took 0.100 seconds
[2023-02-10T21:47:37.963+0200] {processor.py:153} INFO - Started process (PID=51883) to work on /Users/v.lytvyniuk/Documents/библиотечка/DE online1/git/de_7/lesson_07/airflow_env/lib/python3.8/site-packages/airflow/example_dags/example_subdag_operator.py
[2023-02-10T21:47:37.967+0200] {processor.py:640} INFO - Processing file /Users/v.lytvyniuk/Documents/библиотечка/DE online1/git/de_7/lesson_07/airflow_env/lib/python3.8/site-packages/airflow/example_dags/example_subdag_operator.py for tasks to queue
[2023-02-10T21:47:37.967+0200] {logging_mixin.py:115} INFO - [2023-02-10T21:47:37.967+0200] {dagbag.py:508} INFO - Filling up the DagBag from /Users/v.lytvyniuk/Documents/библиотечка/DE online1/git/de_7/lesson_07/airflow_env/lib/python3.8/site-packages/airflow/example_dags/example_subdag_operator.py
[2023-02-10T21:47:38.002+0200] {processor.py:650} INFO - DAG(s) dict_keys(['example_subdag_operator.section-1', 'example_subdag_operator.section-2', 'example_subdag_operator']) retrieved from /Users/v.lytvyniuk/Documents/библиотечка/DE online1/git/de_7/lesson_07/airflow_env/lib/python3.8/site-packages/airflow/example_dags/example_subdag_operator.py
[2023-02-10T21:47:38.056+0200] {logging_mixin.py:115} INFO - [2023-02-10T21:47:38.056+0200] {dag.py:2429} INFO - Sync 3 DAGs
[2023-02-10T21:47:38.064+0200] {logging_mixin.py:115} INFO - [2023-02-10T21:47:38.064+0200] {dag.py:2977} INFO - Setting next_dagrun for example_subdag_operator to 2022-01-01T00:00:00+00:00, run_after=2022-01-01T00:00:00+00:00
[2023-02-10T21:47:38.064+0200] {logging_mixin.py:115} INFO - [2023-02-10T21:47:38.064+0200] {dag.py:2977} INFO - Setting next_dagrun for example_subdag_operator.section-1 to None, run_after=None
[2023-02-10T21:47:38.064+0200] {logging_mixin.py:115} INFO - [2023-02-10T21:47:38.064+0200] {dag.py:2977} INFO - Setting next_dagrun for example_subdag_operator.section-2 to None, run_after=None
[2023-02-10T21:47:38.067+0200] {logging_mixin.py:115} INFO - [2023-02-10T21:47:38.067+0200] {dag.py:2429} INFO - Sync 2 DAGs
[2023-02-10T21:47:38.069+0200] {logging_mixin.py:115} INFO - [2023-02-10T21:47:38.069+0200] {dag.py:2977} INFO - Setting next_dagrun for example_subdag_operator.section-1 to None, run_after=None
[2023-02-10T21:47:38.069+0200] {logging_mixin.py:115} INFO - [2023-02-10T21:47:38.069+0200] {dag.py:2977} INFO - Setting next_dagrun for example_subdag_operator.section-2 to None, run_after=None
[2023-02-10T21:47:38.074+0200] {processor.py:161} INFO - Processing /Users/v.lytvyniuk/Documents/библиотечка/DE online1/git/de_7/lesson_07/airflow_env/lib/python3.8/site-packages/airflow/example_dags/example_subdag_operator.py took 0.111 seconds
[2023-02-10T21:53:44.924+0200] {processor.py:153} INFO - Started process (PID=2536) to work on /Users/v.lytvyniuk/Documents/библиотечка/DE online1/git/de_7/lesson_07/airflow_env/lib/python3.8/site-packages/airflow/example_dags/example_subdag_operator.py
[2023-02-10T21:53:44.927+0200] {processor.py:640} INFO - Processing file /Users/v.lytvyniuk/Documents/библиотечка/DE online1/git/de_7/lesson_07/airflow_env/lib/python3.8/site-packages/airflow/example_dags/example_subdag_operator.py for tasks to queue
[2023-02-10T21:53:44.928+0200] {logging_mixin.py:115} INFO - [2023-02-10T21:53:44.928+0200] {dagbag.py:508} INFO - Filling up the DagBag from /Users/v.lytvyniuk/Documents/библиотечка/DE online1/git/de_7/lesson_07/airflow_env/lib/python3.8/site-packages/airflow/example_dags/example_subdag_operator.py
[2023-02-10T21:53:44.957+0200] {processor.py:650} INFO - DAG(s) dict_keys(['example_subdag_operator.section-1', 'example_subdag_operator.section-2', 'example_subdag_operator']) retrieved from /Users/v.lytvyniuk/Documents/библиотечка/DE online1/git/de_7/lesson_07/airflow_env/lib/python3.8/site-packages/airflow/example_dags/example_subdag_operator.py
[2023-02-10T21:53:45.006+0200] {logging_mixin.py:115} INFO - [2023-02-10T21:53:45.006+0200] {dag.py:2429} INFO - Sync 3 DAGs
[2023-02-10T21:53:45.013+0200] {logging_mixin.py:115} INFO - [2023-02-10T21:53:45.013+0200] {dag.py:2977} INFO - Setting next_dagrun for example_subdag_operator to 2022-01-01T00:00:00+00:00, run_after=2022-01-01T00:00:00+00:00
[2023-02-10T21:53:45.013+0200] {logging_mixin.py:115} INFO - [2023-02-10T21:53:45.013+0200] {dag.py:2977} INFO - Setting next_dagrun for example_subdag_operator.section-1 to None, run_after=None
[2023-02-10T21:53:45.014+0200] {logging_mixin.py:115} INFO - [2023-02-10T21:53:45.014+0200] {dag.py:2977} INFO - Setting next_dagrun for example_subdag_operator.section-2 to None, run_after=None
[2023-02-10T21:53:45.016+0200] {logging_mixin.py:115} INFO - [2023-02-10T21:53:45.016+0200] {dag.py:2429} INFO - Sync 2 DAGs
[2023-02-10T21:53:45.018+0200] {logging_mixin.py:115} INFO - [2023-02-10T21:53:45.018+0200] {dag.py:2977} INFO - Setting next_dagrun for example_subdag_operator.section-1 to None, run_after=None
[2023-02-10T21:53:45.018+0200] {logging_mixin.py:115} INFO - [2023-02-10T21:53:45.018+0200] {dag.py:2977} INFO - Setting next_dagrun for example_subdag_operator.section-2 to None, run_after=None
[2023-02-10T21:53:45.022+0200] {processor.py:161} INFO - Processing /Users/v.lytvyniuk/Documents/библиотечка/DE online1/git/de_7/lesson_07/airflow_env/lib/python3.8/site-packages/airflow/example_dags/example_subdag_operator.py took 0.098 seconds
[2023-02-10T21:54:37.588+0200] {processor.py:153} INFO - Started process (PID=2741) to work on /Users/v.lytvyniuk/Documents/библиотечка/DE online1/git/de_7/lesson_07/airflow_env/lib/python3.8/site-packages/airflow/example_dags/example_subdag_operator.py
[2023-02-10T21:54:37.592+0200] {processor.py:640} INFO - Processing file /Users/v.lytvyniuk/Documents/библиотечка/DE online1/git/de_7/lesson_07/airflow_env/lib/python3.8/site-packages/airflow/example_dags/example_subdag_operator.py for tasks to queue
[2023-02-10T21:54:37.592+0200] {logging_mixin.py:115} INFO - [2023-02-10T21:54:37.592+0200] {dagbag.py:508} INFO - Filling up the DagBag from /Users/v.lytvyniuk/Documents/библиотечка/DE online1/git/de_7/lesson_07/airflow_env/lib/python3.8/site-packages/airflow/example_dags/example_subdag_operator.py
[2023-02-10T21:54:37.621+0200] {processor.py:650} INFO - DAG(s) dict_keys(['example_subdag_operator.section-1', 'example_subdag_operator.section-2', 'example_subdag_operator']) retrieved from /Users/v.lytvyniuk/Documents/библиотечка/DE online1/git/de_7/lesson_07/airflow_env/lib/python3.8/site-packages/airflow/example_dags/example_subdag_operator.py
[2023-02-10T21:54:37.670+0200] {logging_mixin.py:115} INFO - [2023-02-10T21:54:37.670+0200] {dag.py:2429} INFO - Sync 3 DAGs
[2023-02-10T21:54:37.678+0200] {logging_mixin.py:115} INFO - [2023-02-10T21:54:37.677+0200] {dag.py:2977} INFO - Setting next_dagrun for example_subdag_operator to 2022-01-01T00:00:00+00:00, run_after=2022-01-01T00:00:00+00:00
[2023-02-10T21:54:37.678+0200] {logging_mixin.py:115} INFO - [2023-02-10T21:54:37.678+0200] {dag.py:2977} INFO - Setting next_dagrun for example_subdag_operator.section-1 to None, run_after=None
[2023-02-10T21:54:37.678+0200] {logging_mixin.py:115} INFO - [2023-02-10T21:54:37.678+0200] {dag.py:2977} INFO - Setting next_dagrun for example_subdag_operator.section-2 to None, run_after=None
[2023-02-10T21:54:37.680+0200] {logging_mixin.py:115} INFO - [2023-02-10T21:54:37.680+0200] {dag.py:2429} INFO - Sync 2 DAGs
[2023-02-10T21:54:37.682+0200] {logging_mixin.py:115} INFO - [2023-02-10T21:54:37.682+0200] {dag.py:2977} INFO - Setting next_dagrun for example_subdag_operator.section-1 to None, run_after=None
[2023-02-10T21:54:37.682+0200] {logging_mixin.py:115} INFO - [2023-02-10T21:54:37.682+0200] {dag.py:2977} INFO - Setting next_dagrun for example_subdag_operator.section-2 to None, run_after=None
[2023-02-10T21:54:37.686+0200] {processor.py:161} INFO - Processing /Users/v.lytvyniuk/Documents/библиотечка/DE online1/git/de_7/lesson_07/airflow_env/lib/python3.8/site-packages/airflow/example_dags/example_subdag_operator.py took 0.098 seconds
[2023-02-10T21:55:27.626+0200] {processor.py:153} INFO - Started process (PID=2927) to work on /Users/v.lytvyniuk/Documents/библиотечка/DE online1/git/de_7/lesson_07/airflow_env/lib/python3.8/site-packages/airflow/example_dags/example_subdag_operator.py
[2023-02-10T21:55:27.628+0200] {processor.py:640} INFO - Processing file /Users/v.lytvyniuk/Documents/библиотечка/DE online1/git/de_7/lesson_07/airflow_env/lib/python3.8/site-packages/airflow/example_dags/example_subdag_operator.py for tasks to queue
[2023-02-10T21:55:27.629+0200] {logging_mixin.py:115} INFO - [2023-02-10T21:55:27.629+0200] {dagbag.py:508} INFO - Filling up the DagBag from /Users/v.lytvyniuk/Documents/библиотечка/DE online1/git/de_7/lesson_07/airflow_env/lib/python3.8/site-packages/airflow/example_dags/example_subdag_operator.py
[2023-02-10T21:55:27.660+0200] {processor.py:650} INFO - DAG(s) dict_keys(['example_subdag_operator.section-1', 'example_subdag_operator.section-2', 'example_subdag_operator']) retrieved from /Users/v.lytvyniuk/Documents/библиотечка/DE online1/git/de_7/lesson_07/airflow_env/lib/python3.8/site-packages/airflow/example_dags/example_subdag_operator.py
[2023-02-10T21:55:27.710+0200] {logging_mixin.py:115} INFO - [2023-02-10T21:55:27.710+0200] {dag.py:2429} INFO - Sync 3 DAGs
[2023-02-10T21:55:27.716+0200] {logging_mixin.py:115} INFO - [2023-02-10T21:55:27.716+0200] {dag.py:2977} INFO - Setting next_dagrun for example_subdag_operator to 2022-01-01T00:00:00+00:00, run_after=2022-01-01T00:00:00+00:00
[2023-02-10T21:55:27.717+0200] {logging_mixin.py:115} INFO - [2023-02-10T21:55:27.717+0200] {dag.py:2977} INFO - Setting next_dagrun for example_subdag_operator.section-1 to None, run_after=None
[2023-02-10T21:55:27.717+0200] {logging_mixin.py:115} INFO - [2023-02-10T21:55:27.717+0200] {dag.py:2977} INFO - Setting next_dagrun for example_subdag_operator.section-2 to None, run_after=None
[2023-02-10T21:55:27.719+0200] {logging_mixin.py:115} INFO - [2023-02-10T21:55:27.719+0200] {dag.py:2429} INFO - Sync 2 DAGs
[2023-02-10T21:55:27.721+0200] {logging_mixin.py:115} INFO - [2023-02-10T21:55:27.721+0200] {dag.py:2977} INFO - Setting next_dagrun for example_subdag_operator.section-1 to None, run_after=None
[2023-02-10T21:55:27.721+0200] {logging_mixin.py:115} INFO - [2023-02-10T21:55:27.721+0200] {dag.py:2977} INFO - Setting next_dagrun for example_subdag_operator.section-2 to None, run_after=None
[2023-02-10T21:55:27.725+0200] {processor.py:161} INFO - Processing /Users/v.lytvyniuk/Documents/библиотечка/DE online1/git/de_7/lesson_07/airflow_env/lib/python3.8/site-packages/airflow/example_dags/example_subdag_operator.py took 0.099 seconds
[2023-02-10T21:56:21.298+0200] {processor.py:153} INFO - Started process (PID=3098) to work on /Users/v.lytvyniuk/Documents/библиотечка/DE online1/git/de_7/lesson_07/airflow_env/lib/python3.8/site-packages/airflow/example_dags/example_subdag_operator.py
[2023-02-10T21:56:21.302+0200] {processor.py:640} INFO - Processing file /Users/v.lytvyniuk/Documents/библиотечка/DE online1/git/de_7/lesson_07/airflow_env/lib/python3.8/site-packages/airflow/example_dags/example_subdag_operator.py for tasks to queue
[2023-02-10T21:56:21.302+0200] {logging_mixin.py:115} INFO - [2023-02-10T21:56:21.302+0200] {dagbag.py:508} INFO - Filling up the DagBag from /Users/v.lytvyniuk/Documents/библиотечка/DE online1/git/de_7/lesson_07/airflow_env/lib/python3.8/site-packages/airflow/example_dags/example_subdag_operator.py
[2023-02-10T21:56:21.332+0200] {processor.py:650} INFO - DAG(s) dict_keys(['example_subdag_operator.section-1', 'example_subdag_operator.section-2', 'example_subdag_operator']) retrieved from /Users/v.lytvyniuk/Documents/библиотечка/DE online1/git/de_7/lesson_07/airflow_env/lib/python3.8/site-packages/airflow/example_dags/example_subdag_operator.py
[2023-02-10T21:56:21.381+0200] {logging_mixin.py:115} INFO - [2023-02-10T21:56:21.380+0200] {dag.py:2429} INFO - Sync 3 DAGs
[2023-02-10T21:56:21.387+0200] {logging_mixin.py:115} INFO - [2023-02-10T21:56:21.387+0200] {dag.py:2977} INFO - Setting next_dagrun for example_subdag_operator to 2022-01-01T00:00:00+00:00, run_after=2022-01-01T00:00:00+00:00
[2023-02-10T21:56:21.387+0200] {logging_mixin.py:115} INFO - [2023-02-10T21:56:21.387+0200] {dag.py:2977} INFO - Setting next_dagrun for example_subdag_operator.section-1 to None, run_after=None
[2023-02-10T21:56:21.388+0200] {logging_mixin.py:115} INFO - [2023-02-10T21:56:21.387+0200] {dag.py:2977} INFO - Setting next_dagrun for example_subdag_operator.section-2 to None, run_after=None
[2023-02-10T21:56:21.390+0200] {logging_mixin.py:115} INFO - [2023-02-10T21:56:21.390+0200] {dag.py:2429} INFO - Sync 2 DAGs
[2023-02-10T21:56:21.392+0200] {logging_mixin.py:115} INFO - [2023-02-10T21:56:21.392+0200] {dag.py:2977} INFO - Setting next_dagrun for example_subdag_operator.section-1 to None, run_after=None
[2023-02-10T21:56:21.392+0200] {logging_mixin.py:115} INFO - [2023-02-10T21:56:21.392+0200] {dag.py:2977} INFO - Setting next_dagrun for example_subdag_operator.section-2 to None, run_after=None
[2023-02-10T21:56:21.395+0200] {processor.py:161} INFO - Processing /Users/v.lytvyniuk/Documents/библиотечка/DE online1/git/de_7/lesson_07/airflow_env/lib/python3.8/site-packages/airflow/example_dags/example_subdag_operator.py took 0.097 seconds
[2023-02-10T21:57:13.416+0200] {processor.py:153} INFO - Started process (PID=3252) to work on /Users/v.lytvyniuk/Documents/библиотечка/DE online1/git/de_7/lesson_07/airflow_env/lib/python3.8/site-packages/airflow/example_dags/example_subdag_operator.py
[2023-02-10T21:57:13.420+0200] {processor.py:640} INFO - Processing file /Users/v.lytvyniuk/Documents/библиотечка/DE online1/git/de_7/lesson_07/airflow_env/lib/python3.8/site-packages/airflow/example_dags/example_subdag_operator.py for tasks to queue
[2023-02-10T21:57:13.420+0200] {logging_mixin.py:115} INFO - [2023-02-10T21:57:13.420+0200] {dagbag.py:508} INFO - Filling up the DagBag from /Users/v.lytvyniuk/Documents/библиотечка/DE online1/git/de_7/lesson_07/airflow_env/lib/python3.8/site-packages/airflow/example_dags/example_subdag_operator.py
[2023-02-10T21:57:13.451+0200] {processor.py:650} INFO - DAG(s) dict_keys(['example_subdag_operator.section-1', 'example_subdag_operator.section-2', 'example_subdag_operator']) retrieved from /Users/v.lytvyniuk/Documents/библиотечка/DE online1/git/de_7/lesson_07/airflow_env/lib/python3.8/site-packages/airflow/example_dags/example_subdag_operator.py
[2023-02-10T21:57:13.502+0200] {logging_mixin.py:115} INFO - [2023-02-10T21:57:13.502+0200] {dag.py:2429} INFO - Sync 3 DAGs
[2023-02-10T21:57:13.509+0200] {logging_mixin.py:115} INFO - [2023-02-10T21:57:13.509+0200] {dag.py:2977} INFO - Setting next_dagrun for example_subdag_operator to 2022-01-01T00:00:00+00:00, run_after=2022-01-01T00:00:00+00:00
[2023-02-10T21:57:13.509+0200] {logging_mixin.py:115} INFO - [2023-02-10T21:57:13.509+0200] {dag.py:2977} INFO - Setting next_dagrun for example_subdag_operator.section-1 to None, run_after=None
[2023-02-10T21:57:13.509+0200] {logging_mixin.py:115} INFO - [2023-02-10T21:57:13.509+0200] {dag.py:2977} INFO - Setting next_dagrun for example_subdag_operator.section-2 to None, run_after=None
[2023-02-10T21:57:13.512+0200] {logging_mixin.py:115} INFO - [2023-02-10T21:57:13.512+0200] {dag.py:2429} INFO - Sync 2 DAGs
[2023-02-10T21:57:13.514+0200] {logging_mixin.py:115} INFO - [2023-02-10T21:57:13.514+0200] {dag.py:2977} INFO - Setting next_dagrun for example_subdag_operator.section-1 to None, run_after=None
[2023-02-10T21:57:13.514+0200] {logging_mixin.py:115} INFO - [2023-02-10T21:57:13.514+0200] {dag.py:2977} INFO - Setting next_dagrun for example_subdag_operator.section-2 to None, run_after=None
[2023-02-10T21:57:13.518+0200] {processor.py:161} INFO - Processing /Users/v.lytvyniuk/Documents/библиотечка/DE online1/git/de_7/lesson_07/airflow_env/lib/python3.8/site-packages/airflow/example_dags/example_subdag_operator.py took 0.102 seconds
[2023-02-10T21:58:07.242+0200] {processor.py:153} INFO - Started process (PID=3576) to work on /Users/v.lytvyniuk/Documents/библиотечка/DE online1/git/de_7/lesson_07/airflow_env/lib/python3.8/site-packages/airflow/example_dags/example_subdag_operator.py
[2023-02-10T21:58:07.245+0200] {processor.py:640} INFO - Processing file /Users/v.lytvyniuk/Documents/библиотечка/DE online1/git/de_7/lesson_07/airflow_env/lib/python3.8/site-packages/airflow/example_dags/example_subdag_operator.py for tasks to queue
[2023-02-10T21:58:07.245+0200] {logging_mixin.py:115} INFO - [2023-02-10T21:58:07.245+0200] {dagbag.py:508} INFO - Filling up the DagBag from /Users/v.lytvyniuk/Documents/библиотечка/DE online1/git/de_7/lesson_07/airflow_env/lib/python3.8/site-packages/airflow/example_dags/example_subdag_operator.py
[2023-02-10T21:58:07.277+0200] {processor.py:650} INFO - DAG(s) dict_keys(['example_subdag_operator.section-1', 'example_subdag_operator.section-2', 'example_subdag_operator']) retrieved from /Users/v.lytvyniuk/Documents/библиотечка/DE online1/git/de_7/lesson_07/airflow_env/lib/python3.8/site-packages/airflow/example_dags/example_subdag_operator.py
[2023-02-10T21:58:07.330+0200] {logging_mixin.py:115} INFO - [2023-02-10T21:58:07.330+0200] {dag.py:2429} INFO - Sync 3 DAGs
[2023-02-10T21:58:07.338+0200] {logging_mixin.py:115} INFO - [2023-02-10T21:58:07.338+0200] {dag.py:2977} INFO - Setting next_dagrun for example_subdag_operator to 2022-01-01T00:00:00+00:00, run_after=2022-01-01T00:00:00+00:00
[2023-02-10T21:58:07.338+0200] {logging_mixin.py:115} INFO - [2023-02-10T21:58:07.338+0200] {dag.py:2977} INFO - Setting next_dagrun for example_subdag_operator.section-1 to None, run_after=None
[2023-02-10T21:58:07.338+0200] {logging_mixin.py:115} INFO - [2023-02-10T21:58:07.338+0200] {dag.py:2977} INFO - Setting next_dagrun for example_subdag_operator.section-2 to None, run_after=None
[2023-02-10T21:58:07.342+0200] {logging_mixin.py:115} INFO - [2023-02-10T21:58:07.341+0200] {dag.py:2429} INFO - Sync 2 DAGs
[2023-02-10T21:58:07.344+0200] {logging_mixin.py:115} INFO - [2023-02-10T21:58:07.344+0200] {dag.py:2977} INFO - Setting next_dagrun for example_subdag_operator.section-1 to None, run_after=None
[2023-02-10T21:58:07.344+0200] {logging_mixin.py:115} INFO - [2023-02-10T21:58:07.344+0200] {dag.py:2977} INFO - Setting next_dagrun for example_subdag_operator.section-2 to None, run_after=None
[2023-02-10T21:58:07.349+0200] {processor.py:161} INFO - Processing /Users/v.lytvyniuk/Documents/библиотечка/DE online1/git/de_7/lesson_07/airflow_env/lib/python3.8/site-packages/airflow/example_dags/example_subdag_operator.py took 0.108 seconds
