[2023-02-10T21:32:49.589+0200] {processor.py:153} INFO - Started process (PID=48370) to work on /Users/v.lytvyniuk/Documents/библиотечка/DE online1/git/de_7/lesson_07/airflow_env/lib/python3.8/site-packages/airflow/example_dags/example_branch_operator_decorator.py
[2023-02-10T21:32:49.593+0200] {processor.py:640} INFO - Processing file /Users/v.lytvyniuk/Documents/библиотечка/DE online1/git/de_7/lesson_07/airflow_env/lib/python3.8/site-packages/airflow/example_dags/example_branch_operator_decorator.py for tasks to queue
[2023-02-10T21:32:49.593+0200] {logging_mixin.py:115} INFO - [2023-02-10T21:32:49.593+0200] {dagbag.py:508} INFO - Filling up the DagBag from /Users/v.lytvyniuk/Documents/библиотечка/DE online1/git/de_7/lesson_07/airflow_env/lib/python3.8/site-packages/airflow/example_dags/example_branch_operator_decorator.py
[2023-02-10T21:32:49.622+0200] {processor.py:650} INFO - DAG(s) dict_keys(['example_branch_python_operator_decorator']) retrieved from /Users/v.lytvyniuk/Documents/библиотечка/DE online1/git/de_7/lesson_07/airflow_env/lib/python3.8/site-packages/airflow/example_dags/example_branch_operator_decorator.py
[2023-02-10T21:32:50.024+0200] {logging_mixin.py:115} INFO - [2023-02-10T21:32:50.024+0200] {manager.py:508} INFO - Created Permission View: can delete on DAG:example_branch_python_operator_decorator
[2023-02-10T21:32:50.027+0200] {logging_mixin.py:115} INFO - [2023-02-10T21:32:50.027+0200] {manager.py:508} INFO - Created Permission View: can read on DAG:example_branch_python_operator_decorator
[2023-02-10T21:32:50.031+0200] {logging_mixin.py:115} INFO - [2023-02-10T21:32:50.031+0200] {manager.py:508} INFO - Created Permission View: can edit on DAG:example_branch_python_operator_decorator
[2023-02-10T21:32:50.031+0200] {logging_mixin.py:115} INFO - [2023-02-10T21:32:50.031+0200] {dag.py:2429} INFO - Sync 1 DAGs
[2023-02-10T21:32:50.036+0200] {logging_mixin.py:115} INFO - [2023-02-10T21:32:50.035+0200] {dag.py:2448} INFO - Creating ORM DAG for example_branch_python_operator_decorator
[2023-02-10T21:32:50.042+0200] {logging_mixin.py:115} INFO - [2023-02-10T21:32:50.041+0200] {dag.py:2977} INFO - Setting next_dagrun for example_branch_python_operator_decorator to 2023-02-09T00:00:00+00:00, run_after=2023-02-10T00:00:00+00:00
[2023-02-10T21:32:50.051+0200] {processor.py:161} INFO - Processing /Users/v.lytvyniuk/Documents/библиотечка/DE online1/git/de_7/lesson_07/airflow_env/lib/python3.8/site-packages/airflow/example_dags/example_branch_operator_decorator.py took 0.462 seconds
[2023-02-10T21:35:20.721+0200] {processor.py:153} INFO - Started process (PID=48840) to work on /Users/v.lytvyniuk/Documents/библиотечка/DE online1/git/de_7/lesson_07/airflow_env/lib/python3.8/site-packages/airflow/example_dags/example_branch_operator_decorator.py
[2023-02-10T21:35:20.725+0200] {processor.py:640} INFO - Processing file /Users/v.lytvyniuk/Documents/библиотечка/DE online1/git/de_7/lesson_07/airflow_env/lib/python3.8/site-packages/airflow/example_dags/example_branch_operator_decorator.py for tasks to queue
[2023-02-10T21:35:20.725+0200] {logging_mixin.py:115} INFO - [2023-02-10T21:35:20.725+0200] {dagbag.py:508} INFO - Filling up the DagBag from /Users/v.lytvyniuk/Documents/библиотечка/DE online1/git/de_7/lesson_07/airflow_env/lib/python3.8/site-packages/airflow/example_dags/example_branch_operator_decorator.py
[2023-02-10T21:35:20.744+0200] {processor.py:650} INFO - DAG(s) dict_keys(['example_branch_python_operator_decorator']) retrieved from /Users/v.lytvyniuk/Documents/библиотечка/DE online1/git/de_7/lesson_07/airflow_env/lib/python3.8/site-packages/airflow/example_dags/example_branch_operator_decorator.py
[2023-02-10T21:35:20.774+0200] {logging_mixin.py:115} INFO - [2023-02-10T21:35:20.774+0200] {dag.py:2429} INFO - Sync 1 DAGs
[2023-02-10T21:35:20.782+0200] {logging_mixin.py:115} INFO - [2023-02-10T21:35:20.782+0200] {dag.py:2977} INFO - Setting next_dagrun for example_branch_python_operator_decorator to 2023-02-09T00:00:00+00:00, run_after=2023-02-10T00:00:00+00:00
[2023-02-10T21:35:20.787+0200] {processor.py:161} INFO - Processing /Users/v.lytvyniuk/Documents/библиотечка/DE online1/git/de_7/lesson_07/airflow_env/lib/python3.8/site-packages/airflow/example_dags/example_branch_operator_decorator.py took 0.067 seconds
[2023-02-10T21:36:13.532+0200] {processor.py:153} INFO - Started process (PID=48982) to work on /Users/v.lytvyniuk/Documents/библиотечка/DE online1/git/de_7/lesson_07/airflow_env/lib/python3.8/site-packages/airflow/example_dags/example_branch_operator_decorator.py
[2023-02-10T21:36:13.535+0200] {processor.py:640} INFO - Processing file /Users/v.lytvyniuk/Documents/библиотечка/DE online1/git/de_7/lesson_07/airflow_env/lib/python3.8/site-packages/airflow/example_dags/example_branch_operator_decorator.py for tasks to queue
[2023-02-10T21:36:13.535+0200] {logging_mixin.py:115} INFO - [2023-02-10T21:36:13.535+0200] {dagbag.py:508} INFO - Filling up the DagBag from /Users/v.lytvyniuk/Documents/библиотечка/DE online1/git/de_7/lesson_07/airflow_env/lib/python3.8/site-packages/airflow/example_dags/example_branch_operator_decorator.py
[2023-02-10T21:36:13.555+0200] {processor.py:650} INFO - DAG(s) dict_keys(['example_branch_python_operator_decorator']) retrieved from /Users/v.lytvyniuk/Documents/библиотечка/DE online1/git/de_7/lesson_07/airflow_env/lib/python3.8/site-packages/airflow/example_dags/example_branch_operator_decorator.py
[2023-02-10T21:36:13.586+0200] {logging_mixin.py:115} INFO - [2023-02-10T21:36:13.586+0200] {dag.py:2429} INFO - Sync 1 DAGs
[2023-02-10T21:36:13.594+0200] {logging_mixin.py:115} INFO - [2023-02-10T21:36:13.594+0200] {dag.py:2977} INFO - Setting next_dagrun for example_branch_python_operator_decorator to 2023-02-09T00:00:00+00:00, run_after=2023-02-10T00:00:00+00:00
[2023-02-10T21:36:13.600+0200] {processor.py:161} INFO - Processing /Users/v.lytvyniuk/Documents/библиотечка/DE online1/git/de_7/lesson_07/airflow_env/lib/python3.8/site-packages/airflow/example_dags/example_branch_operator_decorator.py took 0.069 seconds
[2023-02-10T21:37:03.657+0200] {processor.py:153} INFO - Started process (PID=49136) to work on /Users/v.lytvyniuk/Documents/библиотечка/DE online1/git/de_7/lesson_07/airflow_env/lib/python3.8/site-packages/airflow/example_dags/example_branch_operator_decorator.py
[2023-02-10T21:37:03.660+0200] {processor.py:640} INFO - Processing file /Users/v.lytvyniuk/Documents/библиотечка/DE online1/git/de_7/lesson_07/airflow_env/lib/python3.8/site-packages/airflow/example_dags/example_branch_operator_decorator.py for tasks to queue
[2023-02-10T21:37:03.660+0200] {logging_mixin.py:115} INFO - [2023-02-10T21:37:03.660+0200] {dagbag.py:508} INFO - Filling up the DagBag from /Users/v.lytvyniuk/Documents/библиотечка/DE online1/git/de_7/lesson_07/airflow_env/lib/python3.8/site-packages/airflow/example_dags/example_branch_operator_decorator.py
[2023-02-10T21:37:03.679+0200] {processor.py:650} INFO - DAG(s) dict_keys(['example_branch_python_operator_decorator']) retrieved from /Users/v.lytvyniuk/Documents/библиотечка/DE online1/git/de_7/lesson_07/airflow_env/lib/python3.8/site-packages/airflow/example_dags/example_branch_operator_decorator.py
[2023-02-10T21:37:03.709+0200] {logging_mixin.py:115} INFO - [2023-02-10T21:37:03.709+0200] {dag.py:2429} INFO - Sync 1 DAGs
[2023-02-10T21:37:03.717+0200] {logging_mixin.py:115} INFO - [2023-02-10T21:37:03.717+0200] {dag.py:2977} INFO - Setting next_dagrun for example_branch_python_operator_decorator to 2023-02-09T00:00:00+00:00, run_after=2023-02-10T00:00:00+00:00
[2023-02-10T21:37:03.723+0200] {processor.py:161} INFO - Processing /Users/v.lytvyniuk/Documents/библиотечка/DE online1/git/de_7/lesson_07/airflow_env/lib/python3.8/site-packages/airflow/example_dags/example_branch_operator_decorator.py took 0.066 seconds
[2023-02-10T21:37:52.537+0200] {processor.py:153} INFO - Started process (PID=49269) to work on /Users/v.lytvyniuk/Documents/библиотечка/DE online1/git/de_7/lesson_07/airflow_env/lib/python3.8/site-packages/airflow/example_dags/example_branch_operator_decorator.py
[2023-02-10T21:37:52.541+0200] {processor.py:640} INFO - Processing file /Users/v.lytvyniuk/Documents/библиотечка/DE online1/git/de_7/lesson_07/airflow_env/lib/python3.8/site-packages/airflow/example_dags/example_branch_operator_decorator.py for tasks to queue
[2023-02-10T21:37:52.541+0200] {logging_mixin.py:115} INFO - [2023-02-10T21:37:52.541+0200] {dagbag.py:508} INFO - Filling up the DagBag from /Users/v.lytvyniuk/Documents/библиотечка/DE online1/git/de_7/lesson_07/airflow_env/lib/python3.8/site-packages/airflow/example_dags/example_branch_operator_decorator.py
[2023-02-10T21:37:52.560+0200] {processor.py:650} INFO - DAG(s) dict_keys(['example_branch_python_operator_decorator']) retrieved from /Users/v.lytvyniuk/Documents/библиотечка/DE online1/git/de_7/lesson_07/airflow_env/lib/python3.8/site-packages/airflow/example_dags/example_branch_operator_decorator.py
[2023-02-10T21:37:52.592+0200] {logging_mixin.py:115} INFO - [2023-02-10T21:37:52.592+0200] {dag.py:2429} INFO - Sync 1 DAGs
[2023-02-10T21:37:52.601+0200] {logging_mixin.py:115} INFO - [2023-02-10T21:37:52.601+0200] {dag.py:2977} INFO - Setting next_dagrun for example_branch_python_operator_decorator to 2023-02-09T00:00:00+00:00, run_after=2023-02-10T00:00:00+00:00
[2023-02-10T21:37:52.607+0200] {processor.py:161} INFO - Processing /Users/v.lytvyniuk/Documents/библиотечка/DE online1/git/de_7/lesson_07/airflow_env/lib/python3.8/site-packages/airflow/example_dags/example_branch_operator_decorator.py took 0.070 seconds
[2023-02-10T21:38:43.337+0200] {processor.py:153} INFO - Started process (PID=49426) to work on /Users/v.lytvyniuk/Documents/библиотечка/DE online1/git/de_7/lesson_07/airflow_env/lib/python3.8/site-packages/airflow/example_dags/example_branch_operator_decorator.py
[2023-02-10T21:38:43.340+0200] {processor.py:640} INFO - Processing file /Users/v.lytvyniuk/Documents/библиотечка/DE online1/git/de_7/lesson_07/airflow_env/lib/python3.8/site-packages/airflow/example_dags/example_branch_operator_decorator.py for tasks to queue
[2023-02-10T21:38:43.341+0200] {logging_mixin.py:115} INFO - [2023-02-10T21:38:43.341+0200] {dagbag.py:508} INFO - Filling up the DagBag from /Users/v.lytvyniuk/Documents/библиотечка/DE online1/git/de_7/lesson_07/airflow_env/lib/python3.8/site-packages/airflow/example_dags/example_branch_operator_decorator.py
[2023-02-10T21:38:43.361+0200] {processor.py:650} INFO - DAG(s) dict_keys(['example_branch_python_operator_decorator']) retrieved from /Users/v.lytvyniuk/Documents/библиотечка/DE online1/git/de_7/lesson_07/airflow_env/lib/python3.8/site-packages/airflow/example_dags/example_branch_operator_decorator.py
[2023-02-10T21:38:43.393+0200] {logging_mixin.py:115} INFO - [2023-02-10T21:38:43.393+0200] {dag.py:2429} INFO - Sync 1 DAGs
[2023-02-10T21:38:43.401+0200] {logging_mixin.py:115} INFO - [2023-02-10T21:38:43.401+0200] {dag.py:2977} INFO - Setting next_dagrun for example_branch_python_operator_decorator to 2023-02-09T00:00:00+00:00, run_after=2023-02-10T00:00:00+00:00
[2023-02-10T21:38:43.406+0200] {processor.py:161} INFO - Processing /Users/v.lytvyniuk/Documents/библиотечка/DE online1/git/de_7/lesson_07/airflow_env/lib/python3.8/site-packages/airflow/example_dags/example_branch_operator_decorator.py took 0.069 seconds
[2023-02-10T21:39:32.879+0200] {processor.py:153} INFO - Started process (PID=49602) to work on /Users/v.lytvyniuk/Documents/библиотечка/DE online1/git/de_7/lesson_07/airflow_env/lib/python3.8/site-packages/airflow/example_dags/example_branch_operator_decorator.py
[2023-02-10T21:39:32.883+0200] {processor.py:640} INFO - Processing file /Users/v.lytvyniuk/Documents/библиотечка/DE online1/git/de_7/lesson_07/airflow_env/lib/python3.8/site-packages/airflow/example_dags/example_branch_operator_decorator.py for tasks to queue
[2023-02-10T21:39:32.883+0200] {logging_mixin.py:115} INFO - [2023-02-10T21:39:32.883+0200] {dagbag.py:508} INFO - Filling up the DagBag from /Users/v.lytvyniuk/Documents/библиотечка/DE online1/git/de_7/lesson_07/airflow_env/lib/python3.8/site-packages/airflow/example_dags/example_branch_operator_decorator.py
[2023-02-10T21:39:32.903+0200] {processor.py:650} INFO - DAG(s) dict_keys(['example_branch_python_operator_decorator']) retrieved from /Users/v.lytvyniuk/Documents/библиотечка/DE online1/git/de_7/lesson_07/airflow_env/lib/python3.8/site-packages/airflow/example_dags/example_branch_operator_decorator.py
[2023-02-10T21:39:32.934+0200] {logging_mixin.py:115} INFO - [2023-02-10T21:39:32.934+0200] {dag.py:2429} INFO - Sync 1 DAGs
[2023-02-10T21:39:32.942+0200] {logging_mixin.py:115} INFO - [2023-02-10T21:39:32.942+0200] {dag.py:2977} INFO - Setting next_dagrun for example_branch_python_operator_decorator to 2023-02-09T00:00:00+00:00, run_after=2023-02-10T00:00:00+00:00
[2023-02-10T21:39:32.948+0200] {processor.py:161} INFO - Processing /Users/v.lytvyniuk/Documents/библиотечка/DE online1/git/de_7/lesson_07/airflow_env/lib/python3.8/site-packages/airflow/example_dags/example_branch_operator_decorator.py took 0.069 seconds
[2023-02-10T21:40:21.810+0200] {processor.py:153} INFO - Started process (PID=49745) to work on /Users/v.lytvyniuk/Documents/библиотечка/DE online1/git/de_7/lesson_07/airflow_env/lib/python3.8/site-packages/airflow/example_dags/example_branch_operator_decorator.py
[2023-02-10T21:40:21.814+0200] {processor.py:640} INFO - Processing file /Users/v.lytvyniuk/Documents/библиотечка/DE online1/git/de_7/lesson_07/airflow_env/lib/python3.8/site-packages/airflow/example_dags/example_branch_operator_decorator.py for tasks to queue
[2023-02-10T21:40:21.814+0200] {logging_mixin.py:115} INFO - [2023-02-10T21:40:21.814+0200] {dagbag.py:508} INFO - Filling up the DagBag from /Users/v.lytvyniuk/Documents/библиотечка/DE online1/git/de_7/lesson_07/airflow_env/lib/python3.8/site-packages/airflow/example_dags/example_branch_operator_decorator.py
[2023-02-10T21:40:21.833+0200] {processor.py:650} INFO - DAG(s) dict_keys(['example_branch_python_operator_decorator']) retrieved from /Users/v.lytvyniuk/Documents/библиотечка/DE online1/git/de_7/lesson_07/airflow_env/lib/python3.8/site-packages/airflow/example_dags/example_branch_operator_decorator.py
[2023-02-10T21:40:21.863+0200] {logging_mixin.py:115} INFO - [2023-02-10T21:40:21.863+0200] {dag.py:2429} INFO - Sync 1 DAGs
[2023-02-10T21:40:21.871+0200] {logging_mixin.py:115} INFO - [2023-02-10T21:40:21.871+0200] {dag.py:2977} INFO - Setting next_dagrun for example_branch_python_operator_decorator to 2023-02-09T00:00:00+00:00, run_after=2023-02-10T00:00:00+00:00
[2023-02-10T21:40:21.876+0200] {processor.py:161} INFO - Processing /Users/v.lytvyniuk/Documents/библиотечка/DE online1/git/de_7/lesson_07/airflow_env/lib/python3.8/site-packages/airflow/example_dags/example_branch_operator_decorator.py took 0.066 seconds
[2023-02-10T21:41:13.003+0200] {processor.py:153} INFO - Started process (PID=49883) to work on /Users/v.lytvyniuk/Documents/библиотечка/DE online1/git/de_7/lesson_07/airflow_env/lib/python3.8/site-packages/airflow/example_dags/example_branch_operator_decorator.py
[2023-02-10T21:41:13.007+0200] {processor.py:640} INFO - Processing file /Users/v.lytvyniuk/Documents/библиотечка/DE online1/git/de_7/lesson_07/airflow_env/lib/python3.8/site-packages/airflow/example_dags/example_branch_operator_decorator.py for tasks to queue
[2023-02-10T21:41:13.007+0200] {logging_mixin.py:115} INFO - [2023-02-10T21:41:13.007+0200] {dagbag.py:508} INFO - Filling up the DagBag from /Users/v.lytvyniuk/Documents/библиотечка/DE online1/git/de_7/lesson_07/airflow_env/lib/python3.8/site-packages/airflow/example_dags/example_branch_operator_decorator.py
[2023-02-10T21:41:13.026+0200] {processor.py:650} INFO - DAG(s) dict_keys(['example_branch_python_operator_decorator']) retrieved from /Users/v.lytvyniuk/Documents/библиотечка/DE online1/git/de_7/lesson_07/airflow_env/lib/python3.8/site-packages/airflow/example_dags/example_branch_operator_decorator.py
[2023-02-10T21:41:13.056+0200] {logging_mixin.py:115} INFO - [2023-02-10T21:41:13.056+0200] {dag.py:2429} INFO - Sync 1 DAGs
[2023-02-10T21:41:13.064+0200] {logging_mixin.py:115} INFO - [2023-02-10T21:41:13.064+0200] {dag.py:2977} INFO - Setting next_dagrun for example_branch_python_operator_decorator to 2023-02-09T00:00:00+00:00, run_after=2023-02-10T00:00:00+00:00
[2023-02-10T21:41:13.069+0200] {processor.py:161} INFO - Processing /Users/v.lytvyniuk/Documents/библиотечка/DE online1/git/de_7/lesson_07/airflow_env/lib/python3.8/site-packages/airflow/example_dags/example_branch_operator_decorator.py took 0.066 seconds
[2023-02-10T21:42:04.407+0200] {processor.py:153} INFO - Started process (PID=50018) to work on /Users/v.lytvyniuk/Documents/библиотечка/DE online1/git/de_7/lesson_07/airflow_env/lib/python3.8/site-packages/airflow/example_dags/example_branch_operator_decorator.py
[2023-02-10T21:42:04.411+0200] {processor.py:640} INFO - Processing file /Users/v.lytvyniuk/Documents/библиотечка/DE online1/git/de_7/lesson_07/airflow_env/lib/python3.8/site-packages/airflow/example_dags/example_branch_operator_decorator.py for tasks to queue
[2023-02-10T21:42:04.411+0200] {logging_mixin.py:115} INFO - [2023-02-10T21:42:04.411+0200] {dagbag.py:508} INFO - Filling up the DagBag from /Users/v.lytvyniuk/Documents/библиотечка/DE online1/git/de_7/lesson_07/airflow_env/lib/python3.8/site-packages/airflow/example_dags/example_branch_operator_decorator.py
[2023-02-10T21:42:04.431+0200] {processor.py:650} INFO - DAG(s) dict_keys(['example_branch_python_operator_decorator']) retrieved from /Users/v.lytvyniuk/Documents/библиотечка/DE online1/git/de_7/lesson_07/airflow_env/lib/python3.8/site-packages/airflow/example_dags/example_branch_operator_decorator.py
[2023-02-10T21:42:04.462+0200] {logging_mixin.py:115} INFO - [2023-02-10T21:42:04.462+0200] {dag.py:2429} INFO - Sync 1 DAGs
[2023-02-10T21:42:04.470+0200] {logging_mixin.py:115} INFO - [2023-02-10T21:42:04.470+0200] {dag.py:2977} INFO - Setting next_dagrun for example_branch_python_operator_decorator to 2023-02-09T00:00:00+00:00, run_after=2023-02-10T00:00:00+00:00
[2023-02-10T21:42:04.475+0200] {processor.py:161} INFO - Processing /Users/v.lytvyniuk/Documents/библиотечка/DE online1/git/de_7/lesson_07/airflow_env/lib/python3.8/site-packages/airflow/example_dags/example_branch_operator_decorator.py took 0.068 seconds
[2023-02-10T21:42:55.695+0200] {processor.py:153} INFO - Started process (PID=50166) to work on /Users/v.lytvyniuk/Documents/библиотечка/DE online1/git/de_7/lesson_07/airflow_env/lib/python3.8/site-packages/airflow/example_dags/example_branch_operator_decorator.py
[2023-02-10T21:42:55.698+0200] {processor.py:640} INFO - Processing file /Users/v.lytvyniuk/Documents/библиотечка/DE online1/git/de_7/lesson_07/airflow_env/lib/python3.8/site-packages/airflow/example_dags/example_branch_operator_decorator.py for tasks to queue
[2023-02-10T21:42:55.699+0200] {logging_mixin.py:115} INFO - [2023-02-10T21:42:55.699+0200] {dagbag.py:508} INFO - Filling up the DagBag from /Users/v.lytvyniuk/Documents/библиотечка/DE online1/git/de_7/lesson_07/airflow_env/lib/python3.8/site-packages/airflow/example_dags/example_branch_operator_decorator.py
[2023-02-10T21:42:55.723+0200] {processor.py:650} INFO - DAG(s) dict_keys(['example_branch_python_operator_decorator']) retrieved from /Users/v.lytvyniuk/Documents/библиотечка/DE online1/git/de_7/lesson_07/airflow_env/lib/python3.8/site-packages/airflow/example_dags/example_branch_operator_decorator.py
[2023-02-10T21:42:55.757+0200] {logging_mixin.py:115} INFO - [2023-02-10T21:42:55.757+0200] {dag.py:2429} INFO - Sync 1 DAGs
[2023-02-10T21:42:55.765+0200] {logging_mixin.py:115} INFO - [2023-02-10T21:42:55.765+0200] {dag.py:2977} INFO - Setting next_dagrun for example_branch_python_operator_decorator to 2023-02-09T00:00:00+00:00, run_after=2023-02-10T00:00:00+00:00
[2023-02-10T21:42:55.770+0200] {processor.py:161} INFO - Processing /Users/v.lytvyniuk/Documents/библиотечка/DE online1/git/de_7/lesson_07/airflow_env/lib/python3.8/site-packages/airflow/example_dags/example_branch_operator_decorator.py took 0.076 seconds
[2023-02-10T21:43:44.354+0200] {processor.py:153} INFO - Started process (PID=50289) to work on /Users/v.lytvyniuk/Documents/библиотечка/DE online1/git/de_7/lesson_07/airflow_env/lib/python3.8/site-packages/airflow/example_dags/example_branch_operator_decorator.py
[2023-02-10T21:43:44.357+0200] {processor.py:640} INFO - Processing file /Users/v.lytvyniuk/Documents/библиотечка/DE online1/git/de_7/lesson_07/airflow_env/lib/python3.8/site-packages/airflow/example_dags/example_branch_operator_decorator.py for tasks to queue
[2023-02-10T21:43:44.358+0200] {logging_mixin.py:115} INFO - [2023-02-10T21:43:44.358+0200] {dagbag.py:508} INFO - Filling up the DagBag from /Users/v.lytvyniuk/Documents/библиотечка/DE online1/git/de_7/lesson_07/airflow_env/lib/python3.8/site-packages/airflow/example_dags/example_branch_operator_decorator.py
[2023-02-10T21:43:44.376+0200] {processor.py:650} INFO - DAG(s) dict_keys(['example_branch_python_operator_decorator']) retrieved from /Users/v.lytvyniuk/Documents/библиотечка/DE online1/git/de_7/lesson_07/airflow_env/lib/python3.8/site-packages/airflow/example_dags/example_branch_operator_decorator.py
[2023-02-10T21:43:44.407+0200] {logging_mixin.py:115} INFO - [2023-02-10T21:43:44.406+0200] {dag.py:2429} INFO - Sync 1 DAGs
[2023-02-10T21:43:44.414+0200] {logging_mixin.py:115} INFO - [2023-02-10T21:43:44.414+0200] {dag.py:2977} INFO - Setting next_dagrun for example_branch_python_operator_decorator to 2023-02-09T00:00:00+00:00, run_after=2023-02-10T00:00:00+00:00
[2023-02-10T21:43:44.420+0200] {processor.py:161} INFO - Processing /Users/v.lytvyniuk/Documents/библиотечка/DE online1/git/de_7/lesson_07/airflow_env/lib/python3.8/site-packages/airflow/example_dags/example_branch_operator_decorator.py took 0.066 seconds
[2023-02-10T21:44:37.492+0200] {processor.py:153} INFO - Started process (PID=50432) to work on /Users/v.lytvyniuk/Documents/библиотечка/DE online1/git/de_7/lesson_07/airflow_env/lib/python3.8/site-packages/airflow/example_dags/example_branch_operator_decorator.py
[2023-02-10T21:44:37.495+0200] {processor.py:640} INFO - Processing file /Users/v.lytvyniuk/Documents/библиотечка/DE online1/git/de_7/lesson_07/airflow_env/lib/python3.8/site-packages/airflow/example_dags/example_branch_operator_decorator.py for tasks to queue
[2023-02-10T21:44:37.496+0200] {logging_mixin.py:115} INFO - [2023-02-10T21:44:37.496+0200] {dagbag.py:508} INFO - Filling up the DagBag from /Users/v.lytvyniuk/Documents/библиотечка/DE online1/git/de_7/lesson_07/airflow_env/lib/python3.8/site-packages/airflow/example_dags/example_branch_operator_decorator.py
[2023-02-10T21:44:37.515+0200] {processor.py:650} INFO - DAG(s) dict_keys(['example_branch_python_operator_decorator']) retrieved from /Users/v.lytvyniuk/Documents/библиотечка/DE online1/git/de_7/lesson_07/airflow_env/lib/python3.8/site-packages/airflow/example_dags/example_branch_operator_decorator.py
[2023-02-10T21:44:37.545+0200] {logging_mixin.py:115} INFO - [2023-02-10T21:44:37.545+0200] {dag.py:2429} INFO - Sync 1 DAGs
[2023-02-10T21:44:37.553+0200] {logging_mixin.py:115} INFO - [2023-02-10T21:44:37.553+0200] {dag.py:2977} INFO - Setting next_dagrun for example_branch_python_operator_decorator to 2023-02-09T00:00:00+00:00, run_after=2023-02-10T00:00:00+00:00
[2023-02-10T21:44:37.558+0200] {processor.py:161} INFO - Processing /Users/v.lytvyniuk/Documents/библиотечка/DE online1/git/de_7/lesson_07/airflow_env/lib/python3.8/site-packages/airflow/example_dags/example_branch_operator_decorator.py took 0.067 seconds
[2023-02-10T21:45:27.860+0200] {processor.py:153} INFO - Started process (PID=50944) to work on /Users/v.lytvyniuk/Documents/библиотечка/DE online1/git/de_7/lesson_07/airflow_env/lib/python3.8/site-packages/airflow/example_dags/example_branch_operator_decorator.py
[2023-02-10T21:45:27.864+0200] {processor.py:640} INFO - Processing file /Users/v.lytvyniuk/Documents/библиотечка/DE online1/git/de_7/lesson_07/airflow_env/lib/python3.8/site-packages/airflow/example_dags/example_branch_operator_decorator.py for tasks to queue
[2023-02-10T21:45:27.864+0200] {logging_mixin.py:115} INFO - [2023-02-10T21:45:27.864+0200] {dagbag.py:508} INFO - Filling up the DagBag from /Users/v.lytvyniuk/Documents/библиотечка/DE online1/git/de_7/lesson_07/airflow_env/lib/python3.8/site-packages/airflow/example_dags/example_branch_operator_decorator.py
[2023-02-10T21:45:27.883+0200] {processor.py:650} INFO - DAG(s) dict_keys(['example_branch_python_operator_decorator']) retrieved from /Users/v.lytvyniuk/Documents/библиотечка/DE online1/git/de_7/lesson_07/airflow_env/lib/python3.8/site-packages/airflow/example_dags/example_branch_operator_decorator.py
[2023-02-10T21:45:27.915+0200] {logging_mixin.py:115} INFO - [2023-02-10T21:45:27.915+0200] {dag.py:2429} INFO - Sync 1 DAGs
[2023-02-10T21:45:27.923+0200] {logging_mixin.py:115} INFO - [2023-02-10T21:45:27.923+0200] {dag.py:2977} INFO - Setting next_dagrun for example_branch_python_operator_decorator to 2023-02-09T00:00:00+00:00, run_after=2023-02-10T00:00:00+00:00
[2023-02-10T21:45:27.928+0200] {processor.py:161} INFO - Processing /Users/v.lytvyniuk/Documents/библиотечка/DE online1/git/de_7/lesson_07/airflow_env/lib/python3.8/site-packages/airflow/example_dags/example_branch_operator_decorator.py took 0.068 seconds
[2023-02-10T21:46:20.374+0200] {processor.py:153} INFO - Started process (PID=51075) to work on /Users/v.lytvyniuk/Documents/библиотечка/DE online1/git/de_7/lesson_07/airflow_env/lib/python3.8/site-packages/airflow/example_dags/example_branch_operator_decorator.py
[2023-02-10T21:46:20.377+0200] {processor.py:640} INFO - Processing file /Users/v.lytvyniuk/Documents/библиотечка/DE online1/git/de_7/lesson_07/airflow_env/lib/python3.8/site-packages/airflow/example_dags/example_branch_operator_decorator.py for tasks to queue
[2023-02-10T21:46:20.377+0200] {logging_mixin.py:115} INFO - [2023-02-10T21:46:20.377+0200] {dagbag.py:508} INFO - Filling up the DagBag from /Users/v.lytvyniuk/Documents/библиотечка/DE online1/git/de_7/lesson_07/airflow_env/lib/python3.8/site-packages/airflow/example_dags/example_branch_operator_decorator.py
[2023-02-10T21:46:20.397+0200] {processor.py:650} INFO - DAG(s) dict_keys(['example_branch_python_operator_decorator']) retrieved from /Users/v.lytvyniuk/Documents/библиотечка/DE online1/git/de_7/lesson_07/airflow_env/lib/python3.8/site-packages/airflow/example_dags/example_branch_operator_decorator.py
[2023-02-10T21:46:20.428+0200] {logging_mixin.py:115} INFO - [2023-02-10T21:46:20.428+0200] {dag.py:2429} INFO - Sync 1 DAGs
[2023-02-10T21:46:20.436+0200] {logging_mixin.py:115} INFO - [2023-02-10T21:46:20.436+0200] {dag.py:2977} INFO - Setting next_dagrun for example_branch_python_operator_decorator to 2023-02-09T00:00:00+00:00, run_after=2023-02-10T00:00:00+00:00
[2023-02-10T21:46:20.441+0200] {processor.py:161} INFO - Processing /Users/v.lytvyniuk/Documents/библиотечка/DE online1/git/de_7/lesson_07/airflow_env/lib/python3.8/site-packages/airflow/example_dags/example_branch_operator_decorator.py took 0.068 seconds
[2023-02-10T21:47:09.549+0200] {processor.py:153} INFO - Started process (PID=51383) to work on /Users/v.lytvyniuk/Documents/библиотечка/DE online1/git/de_7/lesson_07/airflow_env/lib/python3.8/site-packages/airflow/example_dags/example_branch_operator_decorator.py
[2023-02-10T21:47:09.553+0200] {processor.py:640} INFO - Processing file /Users/v.lytvyniuk/Documents/библиотечка/DE online1/git/de_7/lesson_07/airflow_env/lib/python3.8/site-packages/airflow/example_dags/example_branch_operator_decorator.py for tasks to queue
[2023-02-10T21:47:09.553+0200] {logging_mixin.py:115} INFO - [2023-02-10T21:47:09.553+0200] {dagbag.py:508} INFO - Filling up the DagBag from /Users/v.lytvyniuk/Documents/библиотечка/DE online1/git/de_7/lesson_07/airflow_env/lib/python3.8/site-packages/airflow/example_dags/example_branch_operator_decorator.py
[2023-02-10T21:47:09.572+0200] {processor.py:650} INFO - DAG(s) dict_keys(['example_branch_python_operator_decorator']) retrieved from /Users/v.lytvyniuk/Documents/библиотечка/DE online1/git/de_7/lesson_07/airflow_env/lib/python3.8/site-packages/airflow/example_dags/example_branch_operator_decorator.py
[2023-02-10T21:47:09.603+0200] {logging_mixin.py:115} INFO - [2023-02-10T21:47:09.602+0200] {dag.py:2429} INFO - Sync 1 DAGs
[2023-02-10T21:47:09.611+0200] {logging_mixin.py:115} INFO - [2023-02-10T21:47:09.611+0200] {dag.py:2977} INFO - Setting next_dagrun for example_branch_python_operator_decorator to 2023-02-09T00:00:00+00:00, run_after=2023-02-10T00:00:00+00:00
[2023-02-10T21:47:09.616+0200] {processor.py:161} INFO - Processing /Users/v.lytvyniuk/Documents/библиотечка/DE online1/git/de_7/lesson_07/airflow_env/lib/python3.8/site-packages/airflow/example_dags/example_branch_operator_decorator.py took 0.067 seconds
[2023-02-10T21:54:06.217+0200] {processor.py:153} INFO - Started process (PID=2615) to work on /Users/v.lytvyniuk/Documents/библиотечка/DE online1/git/de_7/lesson_07/airflow_env/lib/python3.8/site-packages/airflow/example_dags/example_branch_operator_decorator.py
[2023-02-10T21:54:06.220+0200] {processor.py:640} INFO - Processing file /Users/v.lytvyniuk/Documents/библиотечка/DE online1/git/de_7/lesson_07/airflow_env/lib/python3.8/site-packages/airflow/example_dags/example_branch_operator_decorator.py for tasks to queue
[2023-02-10T21:54:06.220+0200] {logging_mixin.py:115} INFO - [2023-02-10T21:54:06.220+0200] {dagbag.py:508} INFO - Filling up the DagBag from /Users/v.lytvyniuk/Documents/библиотечка/DE online1/git/de_7/lesson_07/airflow_env/lib/python3.8/site-packages/airflow/example_dags/example_branch_operator_decorator.py
[2023-02-10T21:54:06.240+0200] {processor.py:650} INFO - DAG(s) dict_keys(['example_branch_python_operator_decorator']) retrieved from /Users/v.lytvyniuk/Documents/библиотечка/DE online1/git/de_7/lesson_07/airflow_env/lib/python3.8/site-packages/airflow/example_dags/example_branch_operator_decorator.py
[2023-02-10T21:54:06.270+0200] {logging_mixin.py:115} INFO - [2023-02-10T21:54:06.270+0200] {dag.py:2429} INFO - Sync 1 DAGs
[2023-02-10T21:54:06.278+0200] {logging_mixin.py:115} INFO - [2023-02-10T21:54:06.278+0200] {dag.py:2977} INFO - Setting next_dagrun for example_branch_python_operator_decorator to 2023-02-09T00:00:00+00:00, run_after=2023-02-10T00:00:00+00:00
[2023-02-10T21:54:06.283+0200] {processor.py:161} INFO - Processing /Users/v.lytvyniuk/Documents/библиотечка/DE online1/git/de_7/lesson_07/airflow_env/lib/python3.8/site-packages/airflow/example_dags/example_branch_operator_decorator.py took 0.067 seconds
[2023-02-10T21:54:58.551+0200] {processor.py:153} INFO - Started process (PID=2830) to work on /Users/v.lytvyniuk/Documents/библиотечка/DE online1/git/de_7/lesson_07/airflow_env/lib/python3.8/site-packages/airflow/example_dags/example_branch_operator_decorator.py
[2023-02-10T21:54:58.554+0200] {processor.py:640} INFO - Processing file /Users/v.lytvyniuk/Documents/библиотечка/DE online1/git/de_7/lesson_07/airflow_env/lib/python3.8/site-packages/airflow/example_dags/example_branch_operator_decorator.py for tasks to queue
[2023-02-10T21:54:58.555+0200] {logging_mixin.py:115} INFO - [2023-02-10T21:54:58.555+0200] {dagbag.py:508} INFO - Filling up the DagBag from /Users/v.lytvyniuk/Documents/библиотечка/DE online1/git/de_7/lesson_07/airflow_env/lib/python3.8/site-packages/airflow/example_dags/example_branch_operator_decorator.py
[2023-02-10T21:54:58.574+0200] {processor.py:650} INFO - DAG(s) dict_keys(['example_branch_python_operator_decorator']) retrieved from /Users/v.lytvyniuk/Documents/библиотечка/DE online1/git/de_7/lesson_07/airflow_env/lib/python3.8/site-packages/airflow/example_dags/example_branch_operator_decorator.py
[2023-02-10T21:54:58.605+0200] {logging_mixin.py:115} INFO - [2023-02-10T21:54:58.605+0200] {dag.py:2429} INFO - Sync 1 DAGs
[2023-02-10T21:54:58.613+0200] {logging_mixin.py:115} INFO - [2023-02-10T21:54:58.613+0200] {dag.py:2977} INFO - Setting next_dagrun for example_branch_python_operator_decorator to 2023-02-09T00:00:00+00:00, run_after=2023-02-10T00:00:00+00:00
[2023-02-10T21:54:58.618+0200] {processor.py:161} INFO - Processing /Users/v.lytvyniuk/Documents/библиотечка/DE online1/git/de_7/lesson_07/airflow_env/lib/python3.8/site-packages/airflow/example_dags/example_branch_operator_decorator.py took 0.067 seconds
[2023-02-10T21:55:50.250+0200] {processor.py:153} INFO - Started process (PID=2999) to work on /Users/v.lytvyniuk/Documents/библиотечка/DE online1/git/de_7/lesson_07/airflow_env/lib/python3.8/site-packages/airflow/example_dags/example_branch_operator_decorator.py
[2023-02-10T21:55:50.253+0200] {processor.py:640} INFO - Processing file /Users/v.lytvyniuk/Documents/библиотечка/DE online1/git/de_7/lesson_07/airflow_env/lib/python3.8/site-packages/airflow/example_dags/example_branch_operator_decorator.py for tasks to queue
[2023-02-10T21:55:50.253+0200] {logging_mixin.py:115} INFO - [2023-02-10T21:55:50.253+0200] {dagbag.py:508} INFO - Filling up the DagBag from /Users/v.lytvyniuk/Documents/библиотечка/DE online1/git/de_7/lesson_07/airflow_env/lib/python3.8/site-packages/airflow/example_dags/example_branch_operator_decorator.py
[2023-02-10T21:55:50.272+0200] {processor.py:650} INFO - DAG(s) dict_keys(['example_branch_python_operator_decorator']) retrieved from /Users/v.lytvyniuk/Documents/библиотечка/DE online1/git/de_7/lesson_07/airflow_env/lib/python3.8/site-packages/airflow/example_dags/example_branch_operator_decorator.py
[2023-02-10T21:55:50.304+0200] {logging_mixin.py:115} INFO - [2023-02-10T21:55:50.303+0200] {dag.py:2429} INFO - Sync 1 DAGs
[2023-02-10T21:55:50.312+0200] {logging_mixin.py:115} INFO - [2023-02-10T21:55:50.312+0200] {dag.py:2977} INFO - Setting next_dagrun for example_branch_python_operator_decorator to 2023-02-09T00:00:00+00:00, run_after=2023-02-10T00:00:00+00:00
[2023-02-10T21:55:50.317+0200] {processor.py:161} INFO - Processing /Users/v.lytvyniuk/Documents/библиотечка/DE online1/git/de_7/lesson_07/airflow_env/lib/python3.8/site-packages/airflow/example_dags/example_branch_operator_decorator.py took 0.068 seconds
[2023-02-10T21:56:43.241+0200] {processor.py:153} INFO - Started process (PID=3154) to work on /Users/v.lytvyniuk/Documents/библиотечка/DE online1/git/de_7/lesson_07/airflow_env/lib/python3.8/site-packages/airflow/example_dags/example_branch_operator_decorator.py
[2023-02-10T21:56:43.245+0200] {processor.py:640} INFO - Processing file /Users/v.lytvyniuk/Documents/библиотечка/DE online1/git/de_7/lesson_07/airflow_env/lib/python3.8/site-packages/airflow/example_dags/example_branch_operator_decorator.py for tasks to queue
[2023-02-10T21:56:43.245+0200] {logging_mixin.py:115} INFO - [2023-02-10T21:56:43.245+0200] {dagbag.py:508} INFO - Filling up the DagBag from /Users/v.lytvyniuk/Documents/библиотечка/DE online1/git/de_7/lesson_07/airflow_env/lib/python3.8/site-packages/airflow/example_dags/example_branch_operator_decorator.py
[2023-02-10T21:56:43.264+0200] {processor.py:650} INFO - DAG(s) dict_keys(['example_branch_python_operator_decorator']) retrieved from /Users/v.lytvyniuk/Documents/библиотечка/DE online1/git/de_7/lesson_07/airflow_env/lib/python3.8/site-packages/airflow/example_dags/example_branch_operator_decorator.py
[2023-02-10T21:56:43.295+0200] {logging_mixin.py:115} INFO - [2023-02-10T21:56:43.294+0200] {dag.py:2429} INFO - Sync 1 DAGs
[2023-02-10T21:56:43.302+0200] {logging_mixin.py:115} INFO - [2023-02-10T21:56:43.302+0200] {dag.py:2977} INFO - Setting next_dagrun for example_branch_python_operator_decorator to 2023-02-09T00:00:00+00:00, run_after=2023-02-10T00:00:00+00:00
[2023-02-10T21:56:43.308+0200] {processor.py:161} INFO - Processing /Users/v.lytvyniuk/Documents/библиотечка/DE online1/git/de_7/lesson_07/airflow_env/lib/python3.8/site-packages/airflow/example_dags/example_branch_operator_decorator.py took 0.067 seconds
[2023-02-10T21:57:35.799+0200] {processor.py:153} INFO - Started process (PID=3318) to work on /Users/v.lytvyniuk/Documents/библиотечка/DE online1/git/de_7/lesson_07/airflow_env/lib/python3.8/site-packages/airflow/example_dags/example_branch_operator_decorator.py
[2023-02-10T21:57:35.802+0200] {processor.py:640} INFO - Processing file /Users/v.lytvyniuk/Documents/библиотечка/DE online1/git/de_7/lesson_07/airflow_env/lib/python3.8/site-packages/airflow/example_dags/example_branch_operator_decorator.py for tasks to queue
[2023-02-10T21:57:35.802+0200] {logging_mixin.py:115} INFO - [2023-02-10T21:57:35.802+0200] {dagbag.py:508} INFO - Filling up the DagBag from /Users/v.lytvyniuk/Documents/библиотечка/DE online1/git/de_7/lesson_07/airflow_env/lib/python3.8/site-packages/airflow/example_dags/example_branch_operator_decorator.py
[2023-02-10T21:57:35.824+0200] {processor.py:650} INFO - DAG(s) dict_keys(['example_branch_python_operator_decorator']) retrieved from /Users/v.lytvyniuk/Documents/библиотечка/DE online1/git/de_7/lesson_07/airflow_env/lib/python3.8/site-packages/airflow/example_dags/example_branch_operator_decorator.py
[2023-02-10T21:57:35.858+0200] {logging_mixin.py:115} INFO - [2023-02-10T21:57:35.858+0200] {dag.py:2429} INFO - Sync 1 DAGs
[2023-02-10T21:57:35.866+0200] {logging_mixin.py:115} INFO - [2023-02-10T21:57:35.866+0200] {dag.py:2977} INFO - Setting next_dagrun for example_branch_python_operator_decorator to 2023-02-09T00:00:00+00:00, run_after=2023-02-10T00:00:00+00:00
[2023-02-10T21:57:35.872+0200] {processor.py:161} INFO - Processing /Users/v.lytvyniuk/Documents/библиотечка/DE online1/git/de_7/lesson_07/airflow_env/lib/python3.8/site-packages/airflow/example_dags/example_branch_operator_decorator.py took 0.074 seconds
