[2023-02-10T21:32:57.636+0200] {processor.py:153} INFO - Started process (PID=48389) to work on /Users/v.lytvyniuk/Documents/библиотечка/DE online1/git/de_7/lesson_07/airflow_env/lib/python3.8/site-packages/airflow/example_dags/example_branch_datetime_operator.py
[2023-02-10T21:32:57.639+0200] {processor.py:640} INFO - Processing file /Users/v.lytvyniuk/Documents/библиотечка/DE online1/git/de_7/lesson_07/airflow_env/lib/python3.8/site-packages/airflow/example_dags/example_branch_datetime_operator.py for tasks to queue
[2023-02-10T21:32:57.639+0200] {logging_mixin.py:115} INFO - [2023-02-10T21:32:57.639+0200] {dagbag.py:508} INFO - Filling up the DagBag from /Users/v.lytvyniuk/Documents/библиотечка/DE online1/git/de_7/lesson_07/airflow_env/lib/python3.8/site-packages/airflow/example_dags/example_branch_datetime_operator.py
[2023-02-10T21:32:57.648+0200] {processor.py:650} INFO - DAG(s) dict_keys(['example_branch_datetime_operator', 'example_branch_datetime_operator_2']) retrieved from /Users/v.lytvyniuk/Documents/библиотечка/DE online1/git/de_7/lesson_07/airflow_env/lib/python3.8/site-packages/airflow/example_dags/example_branch_datetime_operator.py
[2023-02-10T21:32:58.019+0200] {logging_mixin.py:115} INFO - [2023-02-10T21:32:58.019+0200] {manager.py:508} INFO - Created Permission View: can read on DAG:example_branch_datetime_operator
[2023-02-10T21:32:58.023+0200] {logging_mixin.py:115} INFO - [2023-02-10T21:32:58.023+0200] {manager.py:508} INFO - Created Permission View: can delete on DAG:example_branch_datetime_operator
[2023-02-10T21:32:58.026+0200] {logging_mixin.py:115} INFO - [2023-02-10T21:32:58.026+0200] {manager.py:508} INFO - Created Permission View: can edit on DAG:example_branch_datetime_operator
[2023-02-10T21:32:58.031+0200] {logging_mixin.py:115} INFO - [2023-02-10T21:32:58.031+0200] {manager.py:508} INFO - Created Permission View: can read on DAG:example_branch_datetime_operator_2
[2023-02-10T21:32:58.034+0200] {logging_mixin.py:115} INFO - [2023-02-10T21:32:58.034+0200] {manager.py:508} INFO - Created Permission View: can delete on DAG:example_branch_datetime_operator_2
[2023-02-10T21:32:58.036+0200] {logging_mixin.py:115} INFO - [2023-02-10T21:32:58.036+0200] {manager.py:508} INFO - Created Permission View: can edit on DAG:example_branch_datetime_operator_2
[2023-02-10T21:32:58.036+0200] {logging_mixin.py:115} INFO - [2023-02-10T21:32:58.036+0200] {dag.py:2429} INFO - Sync 2 DAGs
[2023-02-10T21:32:58.040+0200] {logging_mixin.py:115} INFO - [2023-02-10T21:32:58.040+0200] {dag.py:2448} INFO - Creating ORM DAG for example_branch_datetime_operator_2
[2023-02-10T21:32:58.040+0200] {logging_mixin.py:115} INFO - [2023-02-10T21:32:58.040+0200] {dag.py:2448} INFO - Creating ORM DAG for example_branch_datetime_operator
[2023-02-10T21:32:58.045+0200] {logging_mixin.py:115} INFO - [2023-02-10T21:32:58.045+0200] {dag.py:2977} INFO - Setting next_dagrun for example_branch_datetime_operator to 2023-02-09T00:00:00+00:00, run_after=2023-02-10T00:00:00+00:00
[2023-02-10T21:32:58.046+0200] {logging_mixin.py:115} INFO - [2023-02-10T21:32:58.046+0200] {dag.py:2977} INFO - Setting next_dagrun for example_branch_datetime_operator_2 to 2023-02-09T00:00:00+00:00, run_after=2023-02-10T00:00:00+00:00
[2023-02-10T21:32:58.052+0200] {processor.py:161} INFO - Processing /Users/v.lytvyniuk/Documents/библиотечка/DE online1/git/de_7/lesson_07/airflow_env/lib/python3.8/site-packages/airflow/example_dags/example_branch_datetime_operator.py took 0.416 seconds
[2023-02-10T21:35:26.332+0200] {processor.py:153} INFO - Started process (PID=48855) to work on /Users/v.lytvyniuk/Documents/библиотечка/DE online1/git/de_7/lesson_07/airflow_env/lib/python3.8/site-packages/airflow/example_dags/example_branch_datetime_operator.py
[2023-02-10T21:35:26.335+0200] {processor.py:640} INFO - Processing file /Users/v.lytvyniuk/Documents/библиотечка/DE online1/git/de_7/lesson_07/airflow_env/lib/python3.8/site-packages/airflow/example_dags/example_branch_datetime_operator.py for tasks to queue
[2023-02-10T21:35:26.336+0200] {logging_mixin.py:115} INFO - [2023-02-10T21:35:26.336+0200] {dagbag.py:508} INFO - Filling up the DagBag from /Users/v.lytvyniuk/Documents/библиотечка/DE online1/git/de_7/lesson_07/airflow_env/lib/python3.8/site-packages/airflow/example_dags/example_branch_datetime_operator.py
[2023-02-10T21:35:26.344+0200] {processor.py:650} INFO - DAG(s) dict_keys(['example_branch_datetime_operator', 'example_branch_datetime_operator_2']) retrieved from /Users/v.lytvyniuk/Documents/библиотечка/DE online1/git/de_7/lesson_07/airflow_env/lib/python3.8/site-packages/airflow/example_dags/example_branch_datetime_operator.py
[2023-02-10T21:35:26.376+0200] {logging_mixin.py:115} INFO - [2023-02-10T21:35:26.376+0200] {dag.py:2429} INFO - Sync 2 DAGs
[2023-02-10T21:35:26.383+0200] {logging_mixin.py:115} INFO - [2023-02-10T21:35:26.383+0200] {dag.py:2977} INFO - Setting next_dagrun for example_branch_datetime_operator to 2023-02-09T00:00:00+00:00, run_after=2023-02-10T00:00:00+00:00
[2023-02-10T21:35:26.384+0200] {logging_mixin.py:115} INFO - [2023-02-10T21:35:26.384+0200] {dag.py:2977} INFO - Setting next_dagrun for example_branch_datetime_operator_2 to 2023-02-09T00:00:00+00:00, run_after=2023-02-10T00:00:00+00:00
[2023-02-10T21:35:26.389+0200] {processor.py:161} INFO - Processing /Users/v.lytvyniuk/Documents/библиотечка/DE online1/git/de_7/lesson_07/airflow_env/lib/python3.8/site-packages/airflow/example_dags/example_branch_datetime_operator.py took 0.057 seconds
[2023-02-10T21:36:19.039+0200] {processor.py:153} INFO - Started process (PID=48999) to work on /Users/v.lytvyniuk/Documents/библиотечка/DE online1/git/de_7/lesson_07/airflow_env/lib/python3.8/site-packages/airflow/example_dags/example_branch_datetime_operator.py
[2023-02-10T21:36:19.042+0200] {processor.py:640} INFO - Processing file /Users/v.lytvyniuk/Documents/библиотечка/DE online1/git/de_7/lesson_07/airflow_env/lib/python3.8/site-packages/airflow/example_dags/example_branch_datetime_operator.py for tasks to queue
[2023-02-10T21:36:19.042+0200] {logging_mixin.py:115} INFO - [2023-02-10T21:36:19.042+0200] {dagbag.py:508} INFO - Filling up the DagBag from /Users/v.lytvyniuk/Documents/библиотечка/DE online1/git/de_7/lesson_07/airflow_env/lib/python3.8/site-packages/airflow/example_dags/example_branch_datetime_operator.py
[2023-02-10T21:36:19.051+0200] {processor.py:650} INFO - DAG(s) dict_keys(['example_branch_datetime_operator', 'example_branch_datetime_operator_2']) retrieved from /Users/v.lytvyniuk/Documents/библиотечка/DE online1/git/de_7/lesson_07/airflow_env/lib/python3.8/site-packages/airflow/example_dags/example_branch_datetime_operator.py
[2023-02-10T21:36:19.083+0200] {logging_mixin.py:115} INFO - [2023-02-10T21:36:19.083+0200] {dag.py:2429} INFO - Sync 2 DAGs
[2023-02-10T21:36:19.091+0200] {logging_mixin.py:115} INFO - [2023-02-10T21:36:19.091+0200] {dag.py:2977} INFO - Setting next_dagrun for example_branch_datetime_operator to 2023-02-09T00:00:00+00:00, run_after=2023-02-10T00:00:00+00:00
[2023-02-10T21:36:19.092+0200] {logging_mixin.py:115} INFO - [2023-02-10T21:36:19.092+0200] {dag.py:2977} INFO - Setting next_dagrun for example_branch_datetime_operator_2 to 2023-02-09T00:00:00+00:00, run_after=2023-02-10T00:00:00+00:00
[2023-02-10T21:36:19.097+0200] {processor.py:161} INFO - Processing /Users/v.lytvyniuk/Documents/библиотечка/DE online1/git/de_7/lesson_07/airflow_env/lib/python3.8/site-packages/airflow/example_dags/example_branch_datetime_operator.py took 0.058 seconds
[2023-02-10T21:37:09.261+0200] {processor.py:153} INFO - Started process (PID=49150) to work on /Users/v.lytvyniuk/Documents/библиотечка/DE online1/git/de_7/lesson_07/airflow_env/lib/python3.8/site-packages/airflow/example_dags/example_branch_datetime_operator.py
[2023-02-10T21:37:09.264+0200] {processor.py:640} INFO - Processing file /Users/v.lytvyniuk/Documents/библиотечка/DE online1/git/de_7/lesson_07/airflow_env/lib/python3.8/site-packages/airflow/example_dags/example_branch_datetime_operator.py for tasks to queue
[2023-02-10T21:37:09.264+0200] {logging_mixin.py:115} INFO - [2023-02-10T21:37:09.264+0200] {dagbag.py:508} INFO - Filling up the DagBag from /Users/v.lytvyniuk/Documents/библиотечка/DE online1/git/de_7/lesson_07/airflow_env/lib/python3.8/site-packages/airflow/example_dags/example_branch_datetime_operator.py
[2023-02-10T21:37:09.273+0200] {processor.py:650} INFO - DAG(s) dict_keys(['example_branch_datetime_operator', 'example_branch_datetime_operator_2']) retrieved from /Users/v.lytvyniuk/Documents/библиотечка/DE online1/git/de_7/lesson_07/airflow_env/lib/python3.8/site-packages/airflow/example_dags/example_branch_datetime_operator.py
[2023-02-10T21:37:09.305+0200] {logging_mixin.py:115} INFO - [2023-02-10T21:37:09.305+0200] {dag.py:2429} INFO - Sync 2 DAGs
[2023-02-10T21:37:09.313+0200] {logging_mixin.py:115} INFO - [2023-02-10T21:37:09.313+0200] {dag.py:2977} INFO - Setting next_dagrun for example_branch_datetime_operator to 2023-02-09T00:00:00+00:00, run_after=2023-02-10T00:00:00+00:00
[2023-02-10T21:37:09.314+0200] {logging_mixin.py:115} INFO - [2023-02-10T21:37:09.314+0200] {dag.py:2977} INFO - Setting next_dagrun for example_branch_datetime_operator_2 to 2023-02-09T00:00:00+00:00, run_after=2023-02-10T00:00:00+00:00
[2023-02-10T21:37:09.319+0200] {processor.py:161} INFO - Processing /Users/v.lytvyniuk/Documents/библиотечка/DE online1/git/de_7/lesson_07/airflow_env/lib/python3.8/site-packages/airflow/example_dags/example_branch_datetime_operator.py took 0.058 seconds
[2023-02-10T21:37:58.194+0200] {processor.py:153} INFO - Started process (PID=49284) to work on /Users/v.lytvyniuk/Documents/библиотечка/DE online1/git/de_7/lesson_07/airflow_env/lib/python3.8/site-packages/airflow/example_dags/example_branch_datetime_operator.py
[2023-02-10T21:37:58.198+0200] {processor.py:640} INFO - Processing file /Users/v.lytvyniuk/Documents/библиотечка/DE online1/git/de_7/lesson_07/airflow_env/lib/python3.8/site-packages/airflow/example_dags/example_branch_datetime_operator.py for tasks to queue
[2023-02-10T21:37:58.198+0200] {logging_mixin.py:115} INFO - [2023-02-10T21:37:58.198+0200] {dagbag.py:508} INFO - Filling up the DagBag from /Users/v.lytvyniuk/Documents/библиотечка/DE online1/git/de_7/lesson_07/airflow_env/lib/python3.8/site-packages/airflow/example_dags/example_branch_datetime_operator.py
[2023-02-10T21:37:58.209+0200] {processor.py:650} INFO - DAG(s) dict_keys(['example_branch_datetime_operator', 'example_branch_datetime_operator_2']) retrieved from /Users/v.lytvyniuk/Documents/библиотечка/DE online1/git/de_7/lesson_07/airflow_env/lib/python3.8/site-packages/airflow/example_dags/example_branch_datetime_operator.py
[2023-02-10T21:37:58.252+0200] {logging_mixin.py:115} INFO - [2023-02-10T21:37:58.252+0200] {dag.py:2429} INFO - Sync 2 DAGs
[2023-02-10T21:37:58.260+0200] {logging_mixin.py:115} INFO - [2023-02-10T21:37:58.260+0200] {dag.py:2977} INFO - Setting next_dagrun for example_branch_datetime_operator to 2023-02-09T00:00:00+00:00, run_after=2023-02-10T00:00:00+00:00
[2023-02-10T21:37:58.261+0200] {logging_mixin.py:115} INFO - [2023-02-10T21:37:58.261+0200] {dag.py:2977} INFO - Setting next_dagrun for example_branch_datetime_operator_2 to 2023-02-09T00:00:00+00:00, run_after=2023-02-10T00:00:00+00:00
[2023-02-10T21:37:58.267+0200] {processor.py:161} INFO - Processing /Users/v.lytvyniuk/Documents/библиотечка/DE online1/git/de_7/lesson_07/airflow_env/lib/python3.8/site-packages/airflow/example_dags/example_branch_datetime_operator.py took 0.073 seconds
[2023-02-10T21:38:47.963+0200] {processor.py:153} INFO - Started process (PID=49445) to work on /Users/v.lytvyniuk/Documents/библиотечка/DE online1/git/de_7/lesson_07/airflow_env/lib/python3.8/site-packages/airflow/example_dags/example_branch_datetime_operator.py
[2023-02-10T21:38:47.966+0200] {processor.py:640} INFO - Processing file /Users/v.lytvyniuk/Documents/библиотечка/DE online1/git/de_7/lesson_07/airflow_env/lib/python3.8/site-packages/airflow/example_dags/example_branch_datetime_operator.py for tasks to queue
[2023-02-10T21:38:47.966+0200] {logging_mixin.py:115} INFO - [2023-02-10T21:38:47.966+0200] {dagbag.py:508} INFO - Filling up the DagBag from /Users/v.lytvyniuk/Documents/библиотечка/DE online1/git/de_7/lesson_07/airflow_env/lib/python3.8/site-packages/airflow/example_dags/example_branch_datetime_operator.py
[2023-02-10T21:38:47.975+0200] {processor.py:650} INFO - DAG(s) dict_keys(['example_branch_datetime_operator', 'example_branch_datetime_operator_2']) retrieved from /Users/v.lytvyniuk/Documents/библиотечка/DE online1/git/de_7/lesson_07/airflow_env/lib/python3.8/site-packages/airflow/example_dags/example_branch_datetime_operator.py
[2023-02-10T21:38:48.007+0200] {logging_mixin.py:115} INFO - [2023-02-10T21:38:48.006+0200] {dag.py:2429} INFO - Sync 2 DAGs
[2023-02-10T21:38:48.014+0200] {logging_mixin.py:115} INFO - [2023-02-10T21:38:48.014+0200] {dag.py:2977} INFO - Setting next_dagrun for example_branch_datetime_operator to 2023-02-09T00:00:00+00:00, run_after=2023-02-10T00:00:00+00:00
[2023-02-10T21:38:48.015+0200] {logging_mixin.py:115} INFO - [2023-02-10T21:38:48.015+0200] {dag.py:2977} INFO - Setting next_dagrun for example_branch_datetime_operator_2 to 2023-02-09T00:00:00+00:00, run_after=2023-02-10T00:00:00+00:00
[2023-02-10T21:38:48.020+0200] {processor.py:161} INFO - Processing /Users/v.lytvyniuk/Documents/библиотечка/DE online1/git/de_7/lesson_07/airflow_env/lib/python3.8/site-packages/airflow/example_dags/example_branch_datetime_operator.py took 0.057 seconds
[2023-02-10T21:39:37.787+0200] {processor.py:153} INFO - Started process (PID=49626) to work on /Users/v.lytvyniuk/Documents/библиотечка/DE online1/git/de_7/lesson_07/airflow_env/lib/python3.8/site-packages/airflow/example_dags/example_branch_datetime_operator.py
[2023-02-10T21:39:37.791+0200] {processor.py:640} INFO - Processing file /Users/v.lytvyniuk/Documents/библиотечка/DE online1/git/de_7/lesson_07/airflow_env/lib/python3.8/site-packages/airflow/example_dags/example_branch_datetime_operator.py for tasks to queue
[2023-02-10T21:39:37.791+0200] {logging_mixin.py:115} INFO - [2023-02-10T21:39:37.791+0200] {dagbag.py:508} INFO - Filling up the DagBag from /Users/v.lytvyniuk/Documents/библиотечка/DE online1/git/de_7/lesson_07/airflow_env/lib/python3.8/site-packages/airflow/example_dags/example_branch_datetime_operator.py
[2023-02-10T21:39:37.801+0200] {processor.py:650} INFO - DAG(s) dict_keys(['example_branch_datetime_operator', 'example_branch_datetime_operator_2']) retrieved from /Users/v.lytvyniuk/Documents/библиотечка/DE online1/git/de_7/lesson_07/airflow_env/lib/python3.8/site-packages/airflow/example_dags/example_branch_datetime_operator.py
[2023-02-10T21:39:37.845+0200] {logging_mixin.py:115} INFO - [2023-02-10T21:39:37.845+0200] {dag.py:2429} INFO - Sync 2 DAGs
[2023-02-10T21:39:37.854+0200] {logging_mixin.py:115} INFO - [2023-02-10T21:39:37.854+0200] {dag.py:2977} INFO - Setting next_dagrun for example_branch_datetime_operator to 2023-02-09T00:00:00+00:00, run_after=2023-02-10T00:00:00+00:00
[2023-02-10T21:39:37.855+0200] {logging_mixin.py:115} INFO - [2023-02-10T21:39:37.855+0200] {dag.py:2977} INFO - Setting next_dagrun for example_branch_datetime_operator_2 to 2023-02-09T00:00:00+00:00, run_after=2023-02-10T00:00:00+00:00
[2023-02-10T21:39:37.861+0200] {processor.py:161} INFO - Processing /Users/v.lytvyniuk/Documents/библиотечка/DE online1/git/de_7/lesson_07/airflow_env/lib/python3.8/site-packages/airflow/example_dags/example_branch_datetime_operator.py took 0.074 seconds
[2023-02-10T21:40:27.440+0200] {processor.py:153} INFO - Started process (PID=49760) to work on /Users/v.lytvyniuk/Documents/библиотечка/DE online1/git/de_7/lesson_07/airflow_env/lib/python3.8/site-packages/airflow/example_dags/example_branch_datetime_operator.py
[2023-02-10T21:40:27.444+0200] {processor.py:640} INFO - Processing file /Users/v.lytvyniuk/Documents/библиотечка/DE online1/git/de_7/lesson_07/airflow_env/lib/python3.8/site-packages/airflow/example_dags/example_branch_datetime_operator.py for tasks to queue
[2023-02-10T21:40:27.444+0200] {logging_mixin.py:115} INFO - [2023-02-10T21:40:27.444+0200] {dagbag.py:508} INFO - Filling up the DagBag from /Users/v.lytvyniuk/Documents/библиотечка/DE online1/git/de_7/lesson_07/airflow_env/lib/python3.8/site-packages/airflow/example_dags/example_branch_datetime_operator.py
[2023-02-10T21:40:27.453+0200] {processor.py:650} INFO - DAG(s) dict_keys(['example_branch_datetime_operator', 'example_branch_datetime_operator_2']) retrieved from /Users/v.lytvyniuk/Documents/библиотечка/DE online1/git/de_7/lesson_07/airflow_env/lib/python3.8/site-packages/airflow/example_dags/example_branch_datetime_operator.py
[2023-02-10T21:40:27.485+0200] {logging_mixin.py:115} INFO - [2023-02-10T21:40:27.485+0200] {dag.py:2429} INFO - Sync 2 DAGs
[2023-02-10T21:40:27.493+0200] {logging_mixin.py:115} INFO - [2023-02-10T21:40:27.493+0200] {dag.py:2977} INFO - Setting next_dagrun for example_branch_datetime_operator to 2023-02-09T00:00:00+00:00, run_after=2023-02-10T00:00:00+00:00
[2023-02-10T21:40:27.493+0200] {logging_mixin.py:115} INFO - [2023-02-10T21:40:27.493+0200] {dag.py:2977} INFO - Setting next_dagrun for example_branch_datetime_operator_2 to 2023-02-09T00:00:00+00:00, run_after=2023-02-10T00:00:00+00:00
[2023-02-10T21:40:27.499+0200] {processor.py:161} INFO - Processing /Users/v.lytvyniuk/Documents/библиотечка/DE online1/git/de_7/lesson_07/airflow_env/lib/python3.8/site-packages/airflow/example_dags/example_branch_datetime_operator.py took 0.059 seconds
[2023-02-10T21:41:18.620+0200] {processor.py:153} INFO - Started process (PID=49898) to work on /Users/v.lytvyniuk/Documents/библиотечка/DE online1/git/de_7/lesson_07/airflow_env/lib/python3.8/site-packages/airflow/example_dags/example_branch_datetime_operator.py
[2023-02-10T21:41:18.623+0200] {processor.py:640} INFO - Processing file /Users/v.lytvyniuk/Documents/библиотечка/DE online1/git/de_7/lesson_07/airflow_env/lib/python3.8/site-packages/airflow/example_dags/example_branch_datetime_operator.py for tasks to queue
[2023-02-10T21:41:18.623+0200] {logging_mixin.py:115} INFO - [2023-02-10T21:41:18.623+0200] {dagbag.py:508} INFO - Filling up the DagBag from /Users/v.lytvyniuk/Documents/библиотечка/DE online1/git/de_7/lesson_07/airflow_env/lib/python3.8/site-packages/airflow/example_dags/example_branch_datetime_operator.py
[2023-02-10T21:41:18.632+0200] {processor.py:650} INFO - DAG(s) dict_keys(['example_branch_datetime_operator', 'example_branch_datetime_operator_2']) retrieved from /Users/v.lytvyniuk/Documents/библиотечка/DE online1/git/de_7/lesson_07/airflow_env/lib/python3.8/site-packages/airflow/example_dags/example_branch_datetime_operator.py
[2023-02-10T21:41:18.664+0200] {logging_mixin.py:115} INFO - [2023-02-10T21:41:18.664+0200] {dag.py:2429} INFO - Sync 2 DAGs
[2023-02-10T21:41:18.672+0200] {logging_mixin.py:115} INFO - [2023-02-10T21:41:18.672+0200] {dag.py:2977} INFO - Setting next_dagrun for example_branch_datetime_operator to 2023-02-09T00:00:00+00:00, run_after=2023-02-10T00:00:00+00:00
[2023-02-10T21:41:18.673+0200] {logging_mixin.py:115} INFO - [2023-02-10T21:41:18.673+0200] {dag.py:2977} INFO - Setting next_dagrun for example_branch_datetime_operator_2 to 2023-02-09T00:00:00+00:00, run_after=2023-02-10T00:00:00+00:00
[2023-02-10T21:41:18.678+0200] {processor.py:161} INFO - Processing /Users/v.lytvyniuk/Documents/библиотечка/DE online1/git/de_7/lesson_07/airflow_env/lib/python3.8/site-packages/airflow/example_dags/example_branch_datetime_operator.py took 0.058 seconds
[2023-02-10T21:42:08.997+0200] {processor.py:153} INFO - Started process (PID=50030) to work on /Users/v.lytvyniuk/Documents/библиотечка/DE online1/git/de_7/lesson_07/airflow_env/lib/python3.8/site-packages/airflow/example_dags/example_branch_datetime_operator.py
[2023-02-10T21:42:09.000+0200] {processor.py:640} INFO - Processing file /Users/v.lytvyniuk/Documents/библиотечка/DE online1/git/de_7/lesson_07/airflow_env/lib/python3.8/site-packages/airflow/example_dags/example_branch_datetime_operator.py for tasks to queue
[2023-02-10T21:42:09.000+0200] {logging_mixin.py:115} INFO - [2023-02-10T21:42:09.000+0200] {dagbag.py:508} INFO - Filling up the DagBag from /Users/v.lytvyniuk/Documents/библиотечка/DE online1/git/de_7/lesson_07/airflow_env/lib/python3.8/site-packages/airflow/example_dags/example_branch_datetime_operator.py
[2023-02-10T21:42:09.009+0200] {processor.py:650} INFO - DAG(s) dict_keys(['example_branch_datetime_operator', 'example_branch_datetime_operator_2']) retrieved from /Users/v.lytvyniuk/Documents/библиотечка/DE online1/git/de_7/lesson_07/airflow_env/lib/python3.8/site-packages/airflow/example_dags/example_branch_datetime_operator.py
[2023-02-10T21:42:09.041+0200] {logging_mixin.py:115} INFO - [2023-02-10T21:42:09.041+0200] {dag.py:2429} INFO - Sync 2 DAGs
[2023-02-10T21:42:09.048+0200] {logging_mixin.py:115} INFO - [2023-02-10T21:42:09.048+0200] {dag.py:2977} INFO - Setting next_dagrun for example_branch_datetime_operator to 2023-02-09T00:00:00+00:00, run_after=2023-02-10T00:00:00+00:00
[2023-02-10T21:42:09.049+0200] {logging_mixin.py:115} INFO - [2023-02-10T21:42:09.049+0200] {dag.py:2977} INFO - Setting next_dagrun for example_branch_datetime_operator_2 to 2023-02-09T00:00:00+00:00, run_after=2023-02-10T00:00:00+00:00
[2023-02-10T21:42:09.054+0200] {processor.py:161} INFO - Processing /Users/v.lytvyniuk/Documents/библиотечка/DE online1/git/de_7/lesson_07/airflow_env/lib/python3.8/site-packages/airflow/example_dags/example_branch_datetime_operator.py took 0.058 seconds
[2023-02-10T21:43:01.658+0200] {processor.py:153} INFO - Started process (PID=50181) to work on /Users/v.lytvyniuk/Documents/библиотечка/DE online1/git/de_7/lesson_07/airflow_env/lib/python3.8/site-packages/airflow/example_dags/example_branch_datetime_operator.py
[2023-02-10T21:43:01.661+0200] {processor.py:640} INFO - Processing file /Users/v.lytvyniuk/Documents/библиотечка/DE online1/git/de_7/lesson_07/airflow_env/lib/python3.8/site-packages/airflow/example_dags/example_branch_datetime_operator.py for tasks to queue
[2023-02-10T21:43:01.661+0200] {logging_mixin.py:115} INFO - [2023-02-10T21:43:01.661+0200] {dagbag.py:508} INFO - Filling up the DagBag from /Users/v.lytvyniuk/Documents/библиотечка/DE online1/git/de_7/lesson_07/airflow_env/lib/python3.8/site-packages/airflow/example_dags/example_branch_datetime_operator.py
[2023-02-10T21:43:01.670+0200] {processor.py:650} INFO - DAG(s) dict_keys(['example_branch_datetime_operator', 'example_branch_datetime_operator_2']) retrieved from /Users/v.lytvyniuk/Documents/библиотечка/DE online1/git/de_7/lesson_07/airflow_env/lib/python3.8/site-packages/airflow/example_dags/example_branch_datetime_operator.py
[2023-02-10T21:43:01.702+0200] {logging_mixin.py:115} INFO - [2023-02-10T21:43:01.702+0200] {dag.py:2429} INFO - Sync 2 DAGs
[2023-02-10T21:43:01.710+0200] {logging_mixin.py:115} INFO - [2023-02-10T21:43:01.710+0200] {dag.py:2977} INFO - Setting next_dagrun for example_branch_datetime_operator to 2023-02-09T00:00:00+00:00, run_after=2023-02-10T00:00:00+00:00
[2023-02-10T21:43:01.710+0200] {logging_mixin.py:115} INFO - [2023-02-10T21:43:01.710+0200] {dag.py:2977} INFO - Setting next_dagrun for example_branch_datetime_operator_2 to 2023-02-09T00:00:00+00:00, run_after=2023-02-10T00:00:00+00:00
[2023-02-10T21:43:01.717+0200] {processor.py:161} INFO - Processing /Users/v.lytvyniuk/Documents/библиотечка/DE online1/git/de_7/lesson_07/airflow_env/lib/python3.8/site-packages/airflow/example_dags/example_branch_datetime_operator.py took 0.060 seconds
[2023-02-10T21:43:49.947+0200] {processor.py:153} INFO - Started process (PID=50306) to work on /Users/v.lytvyniuk/Documents/библиотечка/DE online1/git/de_7/lesson_07/airflow_env/lib/python3.8/site-packages/airflow/example_dags/example_branch_datetime_operator.py
[2023-02-10T21:43:49.951+0200] {processor.py:640} INFO - Processing file /Users/v.lytvyniuk/Documents/библиотечка/DE online1/git/de_7/lesson_07/airflow_env/lib/python3.8/site-packages/airflow/example_dags/example_branch_datetime_operator.py for tasks to queue
[2023-02-10T21:43:49.951+0200] {logging_mixin.py:115} INFO - [2023-02-10T21:43:49.951+0200] {dagbag.py:508} INFO - Filling up the DagBag from /Users/v.lytvyniuk/Documents/библиотечка/DE online1/git/de_7/lesson_07/airflow_env/lib/python3.8/site-packages/airflow/example_dags/example_branch_datetime_operator.py
[2023-02-10T21:43:49.960+0200] {processor.py:650} INFO - DAG(s) dict_keys(['example_branch_datetime_operator', 'example_branch_datetime_operator_2']) retrieved from /Users/v.lytvyniuk/Documents/библиотечка/DE online1/git/de_7/lesson_07/airflow_env/lib/python3.8/site-packages/airflow/example_dags/example_branch_datetime_operator.py
[2023-02-10T21:43:49.991+0200] {logging_mixin.py:115} INFO - [2023-02-10T21:43:49.990+0200] {dag.py:2429} INFO - Sync 2 DAGs
[2023-02-10T21:43:49.998+0200] {logging_mixin.py:115} INFO - [2023-02-10T21:43:49.998+0200] {dag.py:2977} INFO - Setting next_dagrun for example_branch_datetime_operator to 2023-02-09T00:00:00+00:00, run_after=2023-02-10T00:00:00+00:00
[2023-02-10T21:43:49.999+0200] {logging_mixin.py:115} INFO - [2023-02-10T21:43:49.999+0200] {dag.py:2977} INFO - Setting next_dagrun for example_branch_datetime_operator_2 to 2023-02-09T00:00:00+00:00, run_after=2023-02-10T00:00:00+00:00
[2023-02-10T21:43:50.004+0200] {processor.py:161} INFO - Processing /Users/v.lytvyniuk/Documents/библиотечка/DE online1/git/de_7/lesson_07/airflow_env/lib/python3.8/site-packages/airflow/example_dags/example_branch_datetime_operator.py took 0.057 seconds
[2023-02-10T21:44:43.058+0200] {processor.py:153} INFO - Started process (PID=50448) to work on /Users/v.lytvyniuk/Documents/библиотечка/DE online1/git/de_7/lesson_07/airflow_env/lib/python3.8/site-packages/airflow/example_dags/example_branch_datetime_operator.py
[2023-02-10T21:44:43.061+0200] {processor.py:640} INFO - Processing file /Users/v.lytvyniuk/Documents/библиотечка/DE online1/git/de_7/lesson_07/airflow_env/lib/python3.8/site-packages/airflow/example_dags/example_branch_datetime_operator.py for tasks to queue
[2023-02-10T21:44:43.062+0200] {logging_mixin.py:115} INFO - [2023-02-10T21:44:43.062+0200] {dagbag.py:508} INFO - Filling up the DagBag from /Users/v.lytvyniuk/Documents/библиотечка/DE online1/git/de_7/lesson_07/airflow_env/lib/python3.8/site-packages/airflow/example_dags/example_branch_datetime_operator.py
[2023-02-10T21:44:43.070+0200] {processor.py:650} INFO - DAG(s) dict_keys(['example_branch_datetime_operator', 'example_branch_datetime_operator_2']) retrieved from /Users/v.lytvyniuk/Documents/библиотечка/DE online1/git/de_7/lesson_07/airflow_env/lib/python3.8/site-packages/airflow/example_dags/example_branch_datetime_operator.py
[2023-02-10T21:44:43.101+0200] {logging_mixin.py:115} INFO - [2023-02-10T21:44:43.101+0200] {dag.py:2429} INFO - Sync 2 DAGs
[2023-02-10T21:44:43.109+0200] {logging_mixin.py:115} INFO - [2023-02-10T21:44:43.108+0200] {dag.py:2977} INFO - Setting next_dagrun for example_branch_datetime_operator to 2023-02-09T00:00:00+00:00, run_after=2023-02-10T00:00:00+00:00
[2023-02-10T21:44:43.109+0200] {logging_mixin.py:115} INFO - [2023-02-10T21:44:43.109+0200] {dag.py:2977} INFO - Setting next_dagrun for example_branch_datetime_operator_2 to 2023-02-09T00:00:00+00:00, run_after=2023-02-10T00:00:00+00:00
[2023-02-10T21:44:43.114+0200] {processor.py:161} INFO - Processing /Users/v.lytvyniuk/Documents/библиотечка/DE online1/git/de_7/lesson_07/airflow_env/lib/python3.8/site-packages/airflow/example_dags/example_branch_datetime_operator.py took 0.056 seconds
[2023-02-10T21:45:32.501+0200] {processor.py:153} INFO - Started process (PID=50957) to work on /Users/v.lytvyniuk/Documents/библиотечка/DE online1/git/de_7/lesson_07/airflow_env/lib/python3.8/site-packages/airflow/example_dags/example_branch_datetime_operator.py
[2023-02-10T21:45:32.504+0200] {processor.py:640} INFO - Processing file /Users/v.lytvyniuk/Documents/библиотечка/DE online1/git/de_7/lesson_07/airflow_env/lib/python3.8/site-packages/airflow/example_dags/example_branch_datetime_operator.py for tasks to queue
[2023-02-10T21:45:32.504+0200] {logging_mixin.py:115} INFO - [2023-02-10T21:45:32.504+0200] {dagbag.py:508} INFO - Filling up the DagBag from /Users/v.lytvyniuk/Documents/библиотечка/DE online1/git/de_7/lesson_07/airflow_env/lib/python3.8/site-packages/airflow/example_dags/example_branch_datetime_operator.py
[2023-02-10T21:45:32.513+0200] {processor.py:650} INFO - DAG(s) dict_keys(['example_branch_datetime_operator', 'example_branch_datetime_operator_2']) retrieved from /Users/v.lytvyniuk/Documents/библиотечка/DE online1/git/de_7/lesson_07/airflow_env/lib/python3.8/site-packages/airflow/example_dags/example_branch_datetime_operator.py
[2023-02-10T21:45:32.546+0200] {logging_mixin.py:115} INFO - [2023-02-10T21:45:32.546+0200] {dag.py:2429} INFO - Sync 2 DAGs
[2023-02-10T21:45:32.554+0200] {logging_mixin.py:115} INFO - [2023-02-10T21:45:32.554+0200] {dag.py:2977} INFO - Setting next_dagrun for example_branch_datetime_operator to 2023-02-09T00:00:00+00:00, run_after=2023-02-10T00:00:00+00:00
[2023-02-10T21:45:32.555+0200] {logging_mixin.py:115} INFO - [2023-02-10T21:45:32.555+0200] {dag.py:2977} INFO - Setting next_dagrun for example_branch_datetime_operator_2 to 2023-02-09T00:00:00+00:00, run_after=2023-02-10T00:00:00+00:00
[2023-02-10T21:45:32.560+0200] {processor.py:161} INFO - Processing /Users/v.lytvyniuk/Documents/библиотечка/DE online1/git/de_7/lesson_07/airflow_env/lib/python3.8/site-packages/airflow/example_dags/example_branch_datetime_operator.py took 0.060 seconds
[2023-02-10T21:46:25.989+0200] {processor.py:153} INFO - Started process (PID=51090) to work on /Users/v.lytvyniuk/Documents/библиотечка/DE online1/git/de_7/lesson_07/airflow_env/lib/python3.8/site-packages/airflow/example_dags/example_branch_datetime_operator.py
[2023-02-10T21:46:25.993+0200] {processor.py:640} INFO - Processing file /Users/v.lytvyniuk/Documents/библиотечка/DE online1/git/de_7/lesson_07/airflow_env/lib/python3.8/site-packages/airflow/example_dags/example_branch_datetime_operator.py for tasks to queue
[2023-02-10T21:46:25.993+0200] {logging_mixin.py:115} INFO - [2023-02-10T21:46:25.993+0200] {dagbag.py:508} INFO - Filling up the DagBag from /Users/v.lytvyniuk/Documents/библиотечка/DE online1/git/de_7/lesson_07/airflow_env/lib/python3.8/site-packages/airflow/example_dags/example_branch_datetime_operator.py
[2023-02-10T21:46:26.002+0200] {processor.py:650} INFO - DAG(s) dict_keys(['example_branch_datetime_operator', 'example_branch_datetime_operator_2']) retrieved from /Users/v.lytvyniuk/Documents/библиотечка/DE online1/git/de_7/lesson_07/airflow_env/lib/python3.8/site-packages/airflow/example_dags/example_branch_datetime_operator.py
[2023-02-10T21:46:26.035+0200] {logging_mixin.py:115} INFO - [2023-02-10T21:46:26.035+0200] {dag.py:2429} INFO - Sync 2 DAGs
[2023-02-10T21:46:26.042+0200] {logging_mixin.py:115} INFO - [2023-02-10T21:46:26.042+0200] {dag.py:2977} INFO - Setting next_dagrun for example_branch_datetime_operator to 2023-02-09T00:00:00+00:00, run_after=2023-02-10T00:00:00+00:00
[2023-02-10T21:46:26.043+0200] {logging_mixin.py:115} INFO - [2023-02-10T21:46:26.043+0200] {dag.py:2977} INFO - Setting next_dagrun for example_branch_datetime_operator_2 to 2023-02-09T00:00:00+00:00, run_after=2023-02-10T00:00:00+00:00
[2023-02-10T21:46:26.048+0200] {processor.py:161} INFO - Processing /Users/v.lytvyniuk/Documents/библиотечка/DE online1/git/de_7/lesson_07/airflow_env/lib/python3.8/site-packages/airflow/example_dags/example_branch_datetime_operator.py took 0.059 seconds
[2023-02-10T21:47:14.307+0200] {processor.py:153} INFO - Started process (PID=51502) to work on /Users/v.lytvyniuk/Documents/библиотечка/DE online1/git/de_7/lesson_07/airflow_env/lib/python3.8/site-packages/airflow/example_dags/example_branch_datetime_operator.py
[2023-02-10T21:47:14.310+0200] {processor.py:640} INFO - Processing file /Users/v.lytvyniuk/Documents/библиотечка/DE online1/git/de_7/lesson_07/airflow_env/lib/python3.8/site-packages/airflow/example_dags/example_branch_datetime_operator.py for tasks to queue
[2023-02-10T21:47:14.310+0200] {logging_mixin.py:115} INFO - [2023-02-10T21:47:14.310+0200] {dagbag.py:508} INFO - Filling up the DagBag from /Users/v.lytvyniuk/Documents/библиотечка/DE online1/git/de_7/lesson_07/airflow_env/lib/python3.8/site-packages/airflow/example_dags/example_branch_datetime_operator.py
[2023-02-10T21:47:14.320+0200] {processor.py:650} INFO - DAG(s) dict_keys(['example_branch_datetime_operator', 'example_branch_datetime_operator_2']) retrieved from /Users/v.lytvyniuk/Documents/библиотечка/DE online1/git/de_7/lesson_07/airflow_env/lib/python3.8/site-packages/airflow/example_dags/example_branch_datetime_operator.py
[2023-02-10T21:47:14.353+0200] {logging_mixin.py:115} INFO - [2023-02-10T21:47:14.353+0200] {dag.py:2429} INFO - Sync 2 DAGs
[2023-02-10T21:47:14.361+0200] {logging_mixin.py:115} INFO - [2023-02-10T21:47:14.361+0200] {dag.py:2977} INFO - Setting next_dagrun for example_branch_datetime_operator to 2023-02-09T00:00:00+00:00, run_after=2023-02-10T00:00:00+00:00
[2023-02-10T21:47:14.362+0200] {logging_mixin.py:115} INFO - [2023-02-10T21:47:14.362+0200] {dag.py:2977} INFO - Setting next_dagrun for example_branch_datetime_operator_2 to 2023-02-09T00:00:00+00:00, run_after=2023-02-10T00:00:00+00:00
[2023-02-10T21:47:14.368+0200] {processor.py:161} INFO - Processing /Users/v.lytvyniuk/Documents/библиотечка/DE online1/git/de_7/lesson_07/airflow_env/lib/python3.8/site-packages/airflow/example_dags/example_branch_datetime_operator.py took 0.061 seconds
[2023-02-10T21:54:12.618+0200] {processor.py:153} INFO - Started process (PID=2640) to work on /Users/v.lytvyniuk/Documents/библиотечка/DE online1/git/de_7/lesson_07/airflow_env/lib/python3.8/site-packages/airflow/example_dags/example_branch_datetime_operator.py
[2023-02-10T21:54:12.622+0200] {processor.py:640} INFO - Processing file /Users/v.lytvyniuk/Documents/библиотечка/DE online1/git/de_7/lesson_07/airflow_env/lib/python3.8/site-packages/airflow/example_dags/example_branch_datetime_operator.py for tasks to queue
[2023-02-10T21:54:12.622+0200] {logging_mixin.py:115} INFO - [2023-02-10T21:54:12.622+0200] {dagbag.py:508} INFO - Filling up the DagBag from /Users/v.lytvyniuk/Documents/библиотечка/DE online1/git/de_7/lesson_07/airflow_env/lib/python3.8/site-packages/airflow/example_dags/example_branch_datetime_operator.py
[2023-02-10T21:54:12.632+0200] {processor.py:650} INFO - DAG(s) dict_keys(['example_branch_datetime_operator', 'example_branch_datetime_operator_2']) retrieved from /Users/v.lytvyniuk/Documents/библиотечка/DE online1/git/de_7/lesson_07/airflow_env/lib/python3.8/site-packages/airflow/example_dags/example_branch_datetime_operator.py
[2023-02-10T21:54:12.666+0200] {logging_mixin.py:115} INFO - [2023-02-10T21:54:12.665+0200] {dag.py:2429} INFO - Sync 2 DAGs
[2023-02-10T21:54:12.674+0200] {logging_mixin.py:115} INFO - [2023-02-10T21:54:12.674+0200] {dag.py:2977} INFO - Setting next_dagrun for example_branch_datetime_operator to 2023-02-09T00:00:00+00:00, run_after=2023-02-10T00:00:00+00:00
[2023-02-10T21:54:12.675+0200] {logging_mixin.py:115} INFO - [2023-02-10T21:54:12.675+0200] {dag.py:2977} INFO - Setting next_dagrun for example_branch_datetime_operator_2 to 2023-02-09T00:00:00+00:00, run_after=2023-02-10T00:00:00+00:00
[2023-02-10T21:54:12.681+0200] {processor.py:161} INFO - Processing /Users/v.lytvyniuk/Documents/библиотечка/DE online1/git/de_7/lesson_07/airflow_env/lib/python3.8/site-packages/airflow/example_dags/example_branch_datetime_operator.py took 0.063 seconds
[2023-02-10T21:55:04.161+0200] {processor.py:153} INFO - Started process (PID=2848) to work on /Users/v.lytvyniuk/Documents/библиотечка/DE online1/git/de_7/lesson_07/airflow_env/lib/python3.8/site-packages/airflow/example_dags/example_branch_datetime_operator.py
[2023-02-10T21:55:04.164+0200] {processor.py:640} INFO - Processing file /Users/v.lytvyniuk/Documents/библиотечка/DE online1/git/de_7/lesson_07/airflow_env/lib/python3.8/site-packages/airflow/example_dags/example_branch_datetime_operator.py for tasks to queue
[2023-02-10T21:55:04.165+0200] {logging_mixin.py:115} INFO - [2023-02-10T21:55:04.165+0200] {dagbag.py:508} INFO - Filling up the DagBag from /Users/v.lytvyniuk/Documents/библиотечка/DE online1/git/de_7/lesson_07/airflow_env/lib/python3.8/site-packages/airflow/example_dags/example_branch_datetime_operator.py
[2023-02-10T21:55:04.175+0200] {processor.py:650} INFO - DAG(s) dict_keys(['example_branch_datetime_operator', 'example_branch_datetime_operator_2']) retrieved from /Users/v.lytvyniuk/Documents/библиотечка/DE online1/git/de_7/lesson_07/airflow_env/lib/python3.8/site-packages/airflow/example_dags/example_branch_datetime_operator.py
[2023-02-10T21:55:04.219+0200] {logging_mixin.py:115} INFO - [2023-02-10T21:55:04.219+0200] {dag.py:2429} INFO - Sync 2 DAGs
[2023-02-10T21:55:04.228+0200] {logging_mixin.py:115} INFO - [2023-02-10T21:55:04.228+0200] {dag.py:2977} INFO - Setting next_dagrun for example_branch_datetime_operator to 2023-02-09T00:00:00+00:00, run_after=2023-02-10T00:00:00+00:00
[2023-02-10T21:55:04.229+0200] {logging_mixin.py:115} INFO - [2023-02-10T21:55:04.229+0200] {dag.py:2977} INFO - Setting next_dagrun for example_branch_datetime_operator_2 to 2023-02-09T00:00:00+00:00, run_after=2023-02-10T00:00:00+00:00
[2023-02-10T21:55:04.235+0200] {processor.py:161} INFO - Processing /Users/v.lytvyniuk/Documents/библиотечка/DE online1/git/de_7/lesson_07/airflow_env/lib/python3.8/site-packages/airflow/example_dags/example_branch_datetime_operator.py took 0.074 seconds
[2023-02-10T21:55:55.780+0200] {processor.py:153} INFO - Started process (PID=3018) to work on /Users/v.lytvyniuk/Documents/библиотечка/DE online1/git/de_7/lesson_07/airflow_env/lib/python3.8/site-packages/airflow/example_dags/example_branch_datetime_operator.py
[2023-02-10T21:55:55.783+0200] {processor.py:640} INFO - Processing file /Users/v.lytvyniuk/Documents/библиотечка/DE online1/git/de_7/lesson_07/airflow_env/lib/python3.8/site-packages/airflow/example_dags/example_branch_datetime_operator.py for tasks to queue
[2023-02-10T21:55:55.784+0200] {logging_mixin.py:115} INFO - [2023-02-10T21:55:55.784+0200] {dagbag.py:508} INFO - Filling up the DagBag from /Users/v.lytvyniuk/Documents/библиотечка/DE online1/git/de_7/lesson_07/airflow_env/lib/python3.8/site-packages/airflow/example_dags/example_branch_datetime_operator.py
[2023-02-10T21:55:55.792+0200] {processor.py:650} INFO - DAG(s) dict_keys(['example_branch_datetime_operator', 'example_branch_datetime_operator_2']) retrieved from /Users/v.lytvyniuk/Documents/библиотечка/DE online1/git/de_7/lesson_07/airflow_env/lib/python3.8/site-packages/airflow/example_dags/example_branch_datetime_operator.py
[2023-02-10T21:55:55.824+0200] {logging_mixin.py:115} INFO - [2023-02-10T21:55:55.824+0200] {dag.py:2429} INFO - Sync 2 DAGs
[2023-02-10T21:55:55.831+0200] {logging_mixin.py:115} INFO - [2023-02-10T21:55:55.831+0200] {dag.py:2977} INFO - Setting next_dagrun for example_branch_datetime_operator to 2023-02-09T00:00:00+00:00, run_after=2023-02-10T00:00:00+00:00
[2023-02-10T21:55:55.832+0200] {logging_mixin.py:115} INFO - [2023-02-10T21:55:55.832+0200] {dag.py:2977} INFO - Setting next_dagrun for example_branch_datetime_operator_2 to 2023-02-09T00:00:00+00:00, run_after=2023-02-10T00:00:00+00:00
[2023-02-10T21:55:55.837+0200] {processor.py:161} INFO - Processing /Users/v.lytvyniuk/Documents/библиотечка/DE online1/git/de_7/lesson_07/airflow_env/lib/python3.8/site-packages/airflow/example_dags/example_branch_datetime_operator.py took 0.057 seconds
[2023-02-10T21:56:48.861+0200] {processor.py:153} INFO - Started process (PID=3173) to work on /Users/v.lytvyniuk/Documents/библиотечка/DE online1/git/de_7/lesson_07/airflow_env/lib/python3.8/site-packages/airflow/example_dags/example_branch_datetime_operator.py
[2023-02-10T21:56:48.865+0200] {processor.py:640} INFO - Processing file /Users/v.lytvyniuk/Documents/библиотечка/DE online1/git/de_7/lesson_07/airflow_env/lib/python3.8/site-packages/airflow/example_dags/example_branch_datetime_operator.py for tasks to queue
[2023-02-10T21:56:48.865+0200] {logging_mixin.py:115} INFO - [2023-02-10T21:56:48.865+0200] {dagbag.py:508} INFO - Filling up the DagBag from /Users/v.lytvyniuk/Documents/библиотечка/DE online1/git/de_7/lesson_07/airflow_env/lib/python3.8/site-packages/airflow/example_dags/example_branch_datetime_operator.py
[2023-02-10T21:56:48.874+0200] {processor.py:650} INFO - DAG(s) dict_keys(['example_branch_datetime_operator', 'example_branch_datetime_operator_2']) retrieved from /Users/v.lytvyniuk/Documents/библиотечка/DE online1/git/de_7/lesson_07/airflow_env/lib/python3.8/site-packages/airflow/example_dags/example_branch_datetime_operator.py
[2023-02-10T21:56:48.906+0200] {logging_mixin.py:115} INFO - [2023-02-10T21:56:48.906+0200] {dag.py:2429} INFO - Sync 2 DAGs
[2023-02-10T21:56:48.914+0200] {logging_mixin.py:115} INFO - [2023-02-10T21:56:48.914+0200] {dag.py:2977} INFO - Setting next_dagrun for example_branch_datetime_operator to 2023-02-09T00:00:00+00:00, run_after=2023-02-10T00:00:00+00:00
[2023-02-10T21:56:48.915+0200] {logging_mixin.py:115} INFO - [2023-02-10T21:56:48.915+0200] {dag.py:2977} INFO - Setting next_dagrun for example_branch_datetime_operator_2 to 2023-02-09T00:00:00+00:00, run_after=2023-02-10T00:00:00+00:00
[2023-02-10T21:56:48.920+0200] {processor.py:161} INFO - Processing /Users/v.lytvyniuk/Documents/библиотечка/DE online1/git/de_7/lesson_07/airflow_env/lib/python3.8/site-packages/airflow/example_dags/example_branch_datetime_operator.py took 0.059 seconds
[2023-02-10T21:57:41.301+0200] {processor.py:153} INFO - Started process (PID=3332) to work on /Users/v.lytvyniuk/Documents/библиотечка/DE online1/git/de_7/lesson_07/airflow_env/lib/python3.8/site-packages/airflow/example_dags/example_branch_datetime_operator.py
[2023-02-10T21:57:41.305+0200] {processor.py:640} INFO - Processing file /Users/v.lytvyniuk/Documents/библиотечка/DE online1/git/de_7/lesson_07/airflow_env/lib/python3.8/site-packages/airflow/example_dags/example_branch_datetime_operator.py for tasks to queue
[2023-02-10T21:57:41.305+0200] {logging_mixin.py:115} INFO - [2023-02-10T21:57:41.305+0200] {dagbag.py:508} INFO - Filling up the DagBag from /Users/v.lytvyniuk/Documents/библиотечка/DE online1/git/de_7/lesson_07/airflow_env/lib/python3.8/site-packages/airflow/example_dags/example_branch_datetime_operator.py
[2023-02-10T21:57:41.315+0200] {processor.py:650} INFO - DAG(s) dict_keys(['example_branch_datetime_operator', 'example_branch_datetime_operator_2']) retrieved from /Users/v.lytvyniuk/Documents/библиотечка/DE online1/git/de_7/lesson_07/airflow_env/lib/python3.8/site-packages/airflow/example_dags/example_branch_datetime_operator.py
[2023-02-10T21:57:41.350+0200] {logging_mixin.py:115} INFO - [2023-02-10T21:57:41.350+0200] {dag.py:2429} INFO - Sync 2 DAGs
[2023-02-10T21:57:41.357+0200] {logging_mixin.py:115} INFO - [2023-02-10T21:57:41.357+0200] {dag.py:2977} INFO - Setting next_dagrun for example_branch_datetime_operator to 2023-02-09T00:00:00+00:00, run_after=2023-02-10T00:00:00+00:00
[2023-02-10T21:57:41.358+0200] {logging_mixin.py:115} INFO - [2023-02-10T21:57:41.358+0200] {dag.py:2977} INFO - Setting next_dagrun for example_branch_datetime_operator_2 to 2023-02-09T00:00:00+00:00, run_after=2023-02-10T00:00:00+00:00
[2023-02-10T21:57:41.364+0200] {processor.py:161} INFO - Processing /Users/v.lytvyniuk/Documents/библиотечка/DE online1/git/de_7/lesson_07/airflow_env/lib/python3.8/site-packages/airflow/example_dags/example_branch_datetime_operator.py took 0.063 seconds
