[2023-02-10T21:32:37.135+0200] {processor.py:153} INFO - Started process (PID=48342) to work on /Users/v.lytvyniuk/Documents/библиотечка/DE online1/git/de_7/lesson_07/airflow_env/lib/python3.8/site-packages/airflow/example_dags/example_latest_only_with_trigger.py
[2023-02-10T21:32:37.138+0200] {processor.py:640} INFO - Processing file /Users/v.lytvyniuk/Documents/библиотечка/DE online1/git/de_7/lesson_07/airflow_env/lib/python3.8/site-packages/airflow/example_dags/example_latest_only_with_trigger.py for tasks to queue
[2023-02-10T21:32:37.138+0200] {logging_mixin.py:115} INFO - [2023-02-10T21:32:37.138+0200] {dagbag.py:508} INFO - Filling up the DagBag from /Users/v.lytvyniuk/Documents/библиотечка/DE online1/git/de_7/lesson_07/airflow_env/lib/python3.8/site-packages/airflow/example_dags/example_latest_only_with_trigger.py
[2023-02-10T21:32:37.146+0200] {processor.py:650} INFO - DAG(s) dict_keys(['latest_only_with_trigger']) retrieved from /Users/v.lytvyniuk/Documents/библиотечка/DE online1/git/de_7/lesson_07/airflow_env/lib/python3.8/site-packages/airflow/example_dags/example_latest_only_with_trigger.py
[2023-02-10T21:32:37.528+0200] {logging_mixin.py:115} INFO - [2023-02-10T21:32:37.528+0200] {manager.py:508} INFO - Created Permission View: can read on DAG:latest_only_with_trigger
[2023-02-10T21:32:37.532+0200] {logging_mixin.py:115} INFO - [2023-02-10T21:32:37.532+0200] {manager.py:508} INFO - Created Permission View: can delete on DAG:latest_only_with_trigger
[2023-02-10T21:32:37.534+0200] {logging_mixin.py:115} INFO - [2023-02-10T21:32:37.534+0200] {manager.py:508} INFO - Created Permission View: can edit on DAG:latest_only_with_trigger
[2023-02-10T21:32:37.535+0200] {logging_mixin.py:115} INFO - [2023-02-10T21:32:37.534+0200] {dag.py:2429} INFO - Sync 1 DAGs
[2023-02-10T21:32:37.538+0200] {logging_mixin.py:115} INFO - [2023-02-10T21:32:37.538+0200] {dag.py:2448} INFO - Creating ORM DAG for latest_only_with_trigger
[2023-02-10T21:32:37.542+0200] {logging_mixin.py:115} INFO - [2023-02-10T21:32:37.542+0200] {dag.py:2977} INFO - Setting next_dagrun for latest_only_with_trigger to 2023-02-10T15:32:37.542451+00:00, run_after=2023-02-10T19:32:37.542451+00:00
[2023-02-10T21:32:37.548+0200] {processor.py:161} INFO - Processing /Users/v.lytvyniuk/Documents/библиотечка/DE online1/git/de_7/lesson_07/airflow_env/lib/python3.8/site-packages/airflow/example_dags/example_latest_only_with_trigger.py took 0.413 seconds
[2023-02-10T21:35:10.147+0200] {processor.py:153} INFO - Started process (PID=48814) to work on /Users/v.lytvyniuk/Documents/библиотечка/DE online1/git/de_7/lesson_07/airflow_env/lib/python3.8/site-packages/airflow/example_dags/example_latest_only_with_trigger.py
[2023-02-10T21:35:10.150+0200] {processor.py:640} INFO - Processing file /Users/v.lytvyniuk/Documents/библиотечка/DE online1/git/de_7/lesson_07/airflow_env/lib/python3.8/site-packages/airflow/example_dags/example_latest_only_with_trigger.py for tasks to queue
[2023-02-10T21:35:10.151+0200] {logging_mixin.py:115} INFO - [2023-02-10T21:35:10.150+0200] {dagbag.py:508} INFO - Filling up the DagBag from /Users/v.lytvyniuk/Documents/библиотечка/DE online1/git/de_7/lesson_07/airflow_env/lib/python3.8/site-packages/airflow/example_dags/example_latest_only_with_trigger.py
[2023-02-10T21:35:10.160+0200] {processor.py:650} INFO - DAG(s) dict_keys(['latest_only_with_trigger']) retrieved from /Users/v.lytvyniuk/Documents/библиотечка/DE online1/git/de_7/lesson_07/airflow_env/lib/python3.8/site-packages/airflow/example_dags/example_latest_only_with_trigger.py
[2023-02-10T21:35:10.192+0200] {logging_mixin.py:115} INFO - [2023-02-10T21:35:10.192+0200] {dag.py:2429} INFO - Sync 1 DAGs
[2023-02-10T21:35:10.199+0200] {logging_mixin.py:115} INFO - [2023-02-10T21:35:10.199+0200] {dag.py:2977} INFO - Setting next_dagrun for latest_only_with_trigger to 2023-02-10T15:35:10.199176+00:00, run_after=2023-02-10T19:35:10.199176+00:00
[2023-02-10T21:35:10.204+0200] {processor.py:161} INFO - Processing /Users/v.lytvyniuk/Documents/библиотечка/DE online1/git/de_7/lesson_07/airflow_env/lib/python3.8/site-packages/airflow/example_dags/example_latest_only_with_trigger.py took 0.057 seconds
[2023-02-10T21:36:01.856+0200] {processor.py:153} INFO - Started process (PID=48950) to work on /Users/v.lytvyniuk/Documents/библиотечка/DE online1/git/de_7/lesson_07/airflow_env/lib/python3.8/site-packages/airflow/example_dags/example_latest_only_with_trigger.py
[2023-02-10T21:36:01.859+0200] {processor.py:640} INFO - Processing file /Users/v.lytvyniuk/Documents/библиотечка/DE online1/git/de_7/lesson_07/airflow_env/lib/python3.8/site-packages/airflow/example_dags/example_latest_only_with_trigger.py for tasks to queue
[2023-02-10T21:36:01.860+0200] {logging_mixin.py:115} INFO - [2023-02-10T21:36:01.859+0200] {dagbag.py:508} INFO - Filling up the DagBag from /Users/v.lytvyniuk/Documents/библиотечка/DE online1/git/de_7/lesson_07/airflow_env/lib/python3.8/site-packages/airflow/example_dags/example_latest_only_with_trigger.py
[2023-02-10T21:36:01.869+0200] {processor.py:650} INFO - DAG(s) dict_keys(['latest_only_with_trigger']) retrieved from /Users/v.lytvyniuk/Documents/библиотечка/DE online1/git/de_7/lesson_07/airflow_env/lib/python3.8/site-packages/airflow/example_dags/example_latest_only_with_trigger.py
[2023-02-10T21:36:01.902+0200] {logging_mixin.py:115} INFO - [2023-02-10T21:36:01.902+0200] {dag.py:2429} INFO - Sync 1 DAGs
[2023-02-10T21:36:01.911+0200] {logging_mixin.py:115} INFO - [2023-02-10T21:36:01.910+0200] {dag.py:2977} INFO - Setting next_dagrun for latest_only_with_trigger to 2023-02-10T15:36:01.910811+00:00, run_after=2023-02-10T19:36:01.910811+00:00
[2023-02-10T21:36:01.916+0200] {processor.py:161} INFO - Processing /Users/v.lytvyniuk/Documents/библиотечка/DE online1/git/de_7/lesson_07/airflow_env/lib/python3.8/site-packages/airflow/example_dags/example_latest_only_with_trigger.py took 0.061 seconds
[2023-02-10T21:36:52.935+0200] {processor.py:153} INFO - Started process (PID=49111) to work on /Users/v.lytvyniuk/Documents/библиотечка/DE online1/git/de_7/lesson_07/airflow_env/lib/python3.8/site-packages/airflow/example_dags/example_latest_only_with_trigger.py
[2023-02-10T21:36:52.938+0200] {processor.py:640} INFO - Processing file /Users/v.lytvyniuk/Documents/библиотечка/DE online1/git/de_7/lesson_07/airflow_env/lib/python3.8/site-packages/airflow/example_dags/example_latest_only_with_trigger.py for tasks to queue
[2023-02-10T21:36:52.938+0200] {logging_mixin.py:115} INFO - [2023-02-10T21:36:52.938+0200] {dagbag.py:508} INFO - Filling up the DagBag from /Users/v.lytvyniuk/Documents/библиотечка/DE online1/git/de_7/lesson_07/airflow_env/lib/python3.8/site-packages/airflow/example_dags/example_latest_only_with_trigger.py
[2023-02-10T21:36:52.946+0200] {processor.py:650} INFO - DAG(s) dict_keys(['latest_only_with_trigger']) retrieved from /Users/v.lytvyniuk/Documents/библиотечка/DE online1/git/de_7/lesson_07/airflow_env/lib/python3.8/site-packages/airflow/example_dags/example_latest_only_with_trigger.py
[2023-02-10T21:36:52.978+0200] {logging_mixin.py:115} INFO - [2023-02-10T21:36:52.978+0200] {dag.py:2429} INFO - Sync 1 DAGs
[2023-02-10T21:36:52.985+0200] {logging_mixin.py:115} INFO - [2023-02-10T21:36:52.985+0200] {dag.py:2977} INFO - Setting next_dagrun for latest_only_with_trigger to 2023-02-10T15:36:52.985270+00:00, run_after=2023-02-10T19:36:52.985270+00:00
[2023-02-10T21:36:52.990+0200] {processor.py:161} INFO - Processing /Users/v.lytvyniuk/Documents/библиотечка/DE online1/git/de_7/lesson_07/airflow_env/lib/python3.8/site-packages/airflow/example_dags/example_latest_only_with_trigger.py took 0.056 seconds
[2023-02-10T21:37:42.828+0200] {processor.py:153} INFO - Started process (PID=49245) to work on /Users/v.lytvyniuk/Documents/библиотечка/DE online1/git/de_7/lesson_07/airflow_env/lib/python3.8/site-packages/airflow/example_dags/example_latest_only_with_trigger.py
[2023-02-10T21:37:42.833+0200] {processor.py:640} INFO - Processing file /Users/v.lytvyniuk/Documents/библиотечка/DE online1/git/de_7/lesson_07/airflow_env/lib/python3.8/site-packages/airflow/example_dags/example_latest_only_with_trigger.py for tasks to queue
[2023-02-10T21:37:42.833+0200] {logging_mixin.py:115} INFO - [2023-02-10T21:37:42.833+0200] {dagbag.py:508} INFO - Filling up the DagBag from /Users/v.lytvyniuk/Documents/библиотечка/DE online1/git/de_7/lesson_07/airflow_env/lib/python3.8/site-packages/airflow/example_dags/example_latest_only_with_trigger.py
[2023-02-10T21:37:42.840+0200] {processor.py:650} INFO - DAG(s) dict_keys(['latest_only_with_trigger']) retrieved from /Users/v.lytvyniuk/Documents/библиотечка/DE online1/git/de_7/lesson_07/airflow_env/lib/python3.8/site-packages/airflow/example_dags/example_latest_only_with_trigger.py
[2023-02-10T21:37:42.870+0200] {logging_mixin.py:115} INFO - [2023-02-10T21:37:42.870+0200] {dag.py:2429} INFO - Sync 1 DAGs
[2023-02-10T21:37:42.877+0200] {logging_mixin.py:115} INFO - [2023-02-10T21:37:42.877+0200] {dag.py:2977} INFO - Setting next_dagrun for latest_only_with_trigger to 2023-02-10T15:37:42.877276+00:00, run_after=2023-02-10T19:37:42.877276+00:00
[2023-02-10T21:37:42.882+0200] {processor.py:161} INFO - Processing /Users/v.lytvyniuk/Documents/библиотечка/DE online1/git/de_7/lesson_07/airflow_env/lib/python3.8/site-packages/airflow/example_dags/example_latest_only_with_trigger.py took 0.054 seconds
[2023-02-10T21:38:32.432+0200] {processor.py:153} INFO - Started process (PID=49372) to work on /Users/v.lytvyniuk/Documents/библиотечка/DE online1/git/de_7/lesson_07/airflow_env/lib/python3.8/site-packages/airflow/example_dags/example_latest_only_with_trigger.py
[2023-02-10T21:38:32.434+0200] {processor.py:640} INFO - Processing file /Users/v.lytvyniuk/Documents/библиотечка/DE online1/git/de_7/lesson_07/airflow_env/lib/python3.8/site-packages/airflow/example_dags/example_latest_only_with_trigger.py for tasks to queue
[2023-02-10T21:38:32.435+0200] {logging_mixin.py:115} INFO - [2023-02-10T21:38:32.434+0200] {dagbag.py:508} INFO - Filling up the DagBag from /Users/v.lytvyniuk/Documents/библиотечка/DE online1/git/de_7/lesson_07/airflow_env/lib/python3.8/site-packages/airflow/example_dags/example_latest_only_with_trigger.py
[2023-02-10T21:38:32.443+0200] {processor.py:650} INFO - DAG(s) dict_keys(['latest_only_with_trigger']) retrieved from /Users/v.lytvyniuk/Documents/библиотечка/DE online1/git/de_7/lesson_07/airflow_env/lib/python3.8/site-packages/airflow/example_dags/example_latest_only_with_trigger.py
[2023-02-10T21:38:32.474+0200] {logging_mixin.py:115} INFO - [2023-02-10T21:38:32.474+0200] {dag.py:2429} INFO - Sync 1 DAGs
[2023-02-10T21:38:32.481+0200] {logging_mixin.py:115} INFO - [2023-02-10T21:38:32.481+0200] {dag.py:2977} INFO - Setting next_dagrun for latest_only_with_trigger to 2023-02-10T15:38:32.481393+00:00, run_after=2023-02-10T19:38:32.481393+00:00
[2023-02-10T21:38:32.486+0200] {processor.py:161} INFO - Processing /Users/v.lytvyniuk/Documents/библиотечка/DE online1/git/de_7/lesson_07/airflow_env/lib/python3.8/site-packages/airflow/example_dags/example_latest_only_with_trigger.py took 0.055 seconds
[2023-02-10T21:39:22.326+0200] {processor.py:153} INFO - Started process (PID=49572) to work on /Users/v.lytvyniuk/Documents/библиотечка/DE online1/git/de_7/lesson_07/airflow_env/lib/python3.8/site-packages/airflow/example_dags/example_latest_only_with_trigger.py
[2023-02-10T21:39:22.330+0200] {processor.py:640} INFO - Processing file /Users/v.lytvyniuk/Documents/библиотечка/DE online1/git/de_7/lesson_07/airflow_env/lib/python3.8/site-packages/airflow/example_dags/example_latest_only_with_trigger.py for tasks to queue
[2023-02-10T21:39:22.330+0200] {logging_mixin.py:115} INFO - [2023-02-10T21:39:22.330+0200] {dagbag.py:508} INFO - Filling up the DagBag from /Users/v.lytvyniuk/Documents/библиотечка/DE online1/git/de_7/lesson_07/airflow_env/lib/python3.8/site-packages/airflow/example_dags/example_latest_only_with_trigger.py
[2023-02-10T21:39:22.338+0200] {processor.py:650} INFO - DAG(s) dict_keys(['latest_only_with_trigger']) retrieved from /Users/v.lytvyniuk/Documents/библиотечка/DE online1/git/de_7/lesson_07/airflow_env/lib/python3.8/site-packages/airflow/example_dags/example_latest_only_with_trigger.py
[2023-02-10T21:39:22.369+0200] {logging_mixin.py:115} INFO - [2023-02-10T21:39:22.369+0200] {dag.py:2429} INFO - Sync 1 DAGs
[2023-02-10T21:39:22.375+0200] {logging_mixin.py:115} INFO - [2023-02-10T21:39:22.375+0200] {dag.py:2977} INFO - Setting next_dagrun for latest_only_with_trigger to 2023-02-10T15:39:22.375528+00:00, run_after=2023-02-10T19:39:22.375528+00:00
[2023-02-10T21:39:22.380+0200] {processor.py:161} INFO - Processing /Users/v.lytvyniuk/Documents/библиотечка/DE online1/git/de_7/lesson_07/airflow_env/lib/python3.8/site-packages/airflow/example_dags/example_latest_only_with_trigger.py took 0.054 seconds
[2023-02-10T21:40:12.292+0200] {processor.py:153} INFO - Started process (PID=49715) to work on /Users/v.lytvyniuk/Documents/библиотечка/DE online1/git/de_7/lesson_07/airflow_env/lib/python3.8/site-packages/airflow/example_dags/example_latest_only_with_trigger.py
[2023-02-10T21:40:12.295+0200] {processor.py:640} INFO - Processing file /Users/v.lytvyniuk/Documents/библиотечка/DE online1/git/de_7/lesson_07/airflow_env/lib/python3.8/site-packages/airflow/example_dags/example_latest_only_with_trigger.py for tasks to queue
[2023-02-10T21:40:12.295+0200] {logging_mixin.py:115} INFO - [2023-02-10T21:40:12.295+0200] {dagbag.py:508} INFO - Filling up the DagBag from /Users/v.lytvyniuk/Documents/библиотечка/DE online1/git/de_7/lesson_07/airflow_env/lib/python3.8/site-packages/airflow/example_dags/example_latest_only_with_trigger.py
[2023-02-10T21:40:12.302+0200] {processor.py:650} INFO - DAG(s) dict_keys(['latest_only_with_trigger']) retrieved from /Users/v.lytvyniuk/Documents/библиотечка/DE online1/git/de_7/lesson_07/airflow_env/lib/python3.8/site-packages/airflow/example_dags/example_latest_only_with_trigger.py
[2023-02-10T21:40:12.334+0200] {logging_mixin.py:115} INFO - [2023-02-10T21:40:12.333+0200] {dag.py:2429} INFO - Sync 1 DAGs
[2023-02-10T21:40:12.340+0200] {logging_mixin.py:115} INFO - [2023-02-10T21:40:12.340+0200] {dag.py:2977} INFO - Setting next_dagrun for latest_only_with_trigger to 2023-02-10T15:40:12.340686+00:00, run_after=2023-02-10T19:40:12.340686+00:00
[2023-02-10T21:40:12.345+0200] {processor.py:161} INFO - Processing /Users/v.lytvyniuk/Documents/библиотечка/DE online1/git/de_7/lesson_07/airflow_env/lib/python3.8/site-packages/airflow/example_dags/example_latest_only_with_trigger.py took 0.054 seconds
[2023-02-10T21:41:03.342+0200] {processor.py:153} INFO - Started process (PID=49859) to work on /Users/v.lytvyniuk/Documents/библиотечка/DE online1/git/de_7/lesson_07/airflow_env/lib/python3.8/site-packages/airflow/example_dags/example_latest_only_with_trigger.py
[2023-02-10T21:41:03.346+0200] {processor.py:640} INFO - Processing file /Users/v.lytvyniuk/Documents/библиотечка/DE online1/git/de_7/lesson_07/airflow_env/lib/python3.8/site-packages/airflow/example_dags/example_latest_only_with_trigger.py for tasks to queue
[2023-02-10T21:41:03.346+0200] {logging_mixin.py:115} INFO - [2023-02-10T21:41:03.346+0200] {dagbag.py:508} INFO - Filling up the DagBag from /Users/v.lytvyniuk/Documents/библиотечка/DE online1/git/de_7/lesson_07/airflow_env/lib/python3.8/site-packages/airflow/example_dags/example_latest_only_with_trigger.py
[2023-02-10T21:41:03.353+0200] {processor.py:650} INFO - DAG(s) dict_keys(['latest_only_with_trigger']) retrieved from /Users/v.lytvyniuk/Documents/библиотечка/DE online1/git/de_7/lesson_07/airflow_env/lib/python3.8/site-packages/airflow/example_dags/example_latest_only_with_trigger.py
[2023-02-10T21:41:03.384+0200] {logging_mixin.py:115} INFO - [2023-02-10T21:41:03.384+0200] {dag.py:2429} INFO - Sync 1 DAGs
[2023-02-10T21:41:03.391+0200] {logging_mixin.py:115} INFO - [2023-02-10T21:41:03.391+0200] {dag.py:2977} INFO - Setting next_dagrun for latest_only_with_trigger to 2023-02-10T15:41:03.390972+00:00, run_after=2023-02-10T19:41:03.390972+00:00
[2023-02-10T21:41:03.396+0200] {processor.py:161} INFO - Processing /Users/v.lytvyniuk/Documents/библиотечка/DE online1/git/de_7/lesson_07/airflow_env/lib/python3.8/site-packages/airflow/example_dags/example_latest_only_with_trigger.py took 0.054 seconds
[2023-02-10T21:41:53.389+0200] {processor.py:153} INFO - Started process (PID=49991) to work on /Users/v.lytvyniuk/Documents/библиотечка/DE online1/git/de_7/lesson_07/airflow_env/lib/python3.8/site-packages/airflow/example_dags/example_latest_only_with_trigger.py
[2023-02-10T21:41:53.393+0200] {processor.py:640} INFO - Processing file /Users/v.lytvyniuk/Documents/библиотечка/DE online1/git/de_7/lesson_07/airflow_env/lib/python3.8/site-packages/airflow/example_dags/example_latest_only_with_trigger.py for tasks to queue
[2023-02-10T21:41:53.393+0200] {logging_mixin.py:115} INFO - [2023-02-10T21:41:53.393+0200] {dagbag.py:508} INFO - Filling up the DagBag from /Users/v.lytvyniuk/Documents/библиотечка/DE online1/git/de_7/lesson_07/airflow_env/lib/python3.8/site-packages/airflow/example_dags/example_latest_only_with_trigger.py
[2023-02-10T21:41:53.400+0200] {processor.py:650} INFO - DAG(s) dict_keys(['latest_only_with_trigger']) retrieved from /Users/v.lytvyniuk/Documents/библиотечка/DE online1/git/de_7/lesson_07/airflow_env/lib/python3.8/site-packages/airflow/example_dags/example_latest_only_with_trigger.py
[2023-02-10T21:41:53.431+0200] {logging_mixin.py:115} INFO - [2023-02-10T21:41:53.431+0200] {dag.py:2429} INFO - Sync 1 DAGs
[2023-02-10T21:41:53.438+0200] {logging_mixin.py:115} INFO - [2023-02-10T21:41:53.438+0200] {dag.py:2977} INFO - Setting next_dagrun for latest_only_with_trigger to 2023-02-10T15:41:53.437948+00:00, run_after=2023-02-10T19:41:53.437948+00:00
[2023-02-10T21:41:53.443+0200] {processor.py:161} INFO - Processing /Users/v.lytvyniuk/Documents/библиотечка/DE online1/git/de_7/lesson_07/airflow_env/lib/python3.8/site-packages/airflow/example_dags/example_latest_only_with_trigger.py took 0.055 seconds
[2023-02-10T21:42:44.846+0200] {processor.py:153} INFO - Started process (PID=50140) to work on /Users/v.lytvyniuk/Documents/библиотечка/DE online1/git/de_7/lesson_07/airflow_env/lib/python3.8/site-packages/airflow/example_dags/example_latest_only_with_trigger.py
[2023-02-10T21:42:44.850+0200] {processor.py:640} INFO - Processing file /Users/v.lytvyniuk/Documents/библиотечка/DE online1/git/de_7/lesson_07/airflow_env/lib/python3.8/site-packages/airflow/example_dags/example_latest_only_with_trigger.py for tasks to queue
[2023-02-10T21:42:44.850+0200] {logging_mixin.py:115} INFO - [2023-02-10T21:42:44.850+0200] {dagbag.py:508} INFO - Filling up the DagBag from /Users/v.lytvyniuk/Documents/библиотечка/DE online1/git/de_7/lesson_07/airflow_env/lib/python3.8/site-packages/airflow/example_dags/example_latest_only_with_trigger.py
[2023-02-10T21:42:44.857+0200] {processor.py:650} INFO - DAG(s) dict_keys(['latest_only_with_trigger']) retrieved from /Users/v.lytvyniuk/Documents/библиотечка/DE online1/git/de_7/lesson_07/airflow_env/lib/python3.8/site-packages/airflow/example_dags/example_latest_only_with_trigger.py
[2023-02-10T21:42:44.888+0200] {logging_mixin.py:115} INFO - [2023-02-10T21:42:44.888+0200] {dag.py:2429} INFO - Sync 1 DAGs
[2023-02-10T21:42:44.894+0200] {logging_mixin.py:115} INFO - [2023-02-10T21:42:44.894+0200] {dag.py:2977} INFO - Setting next_dagrun for latest_only_with_trigger to 2023-02-10T15:42:44.894827+00:00, run_after=2023-02-10T19:42:44.894827+00:00
[2023-02-10T21:42:44.900+0200] {processor.py:161} INFO - Processing /Users/v.lytvyniuk/Documents/библиотечка/DE online1/git/de_7/lesson_07/airflow_env/lib/python3.8/site-packages/airflow/example_dags/example_latest_only_with_trigger.py took 0.054 seconds
[2023-02-10T21:43:34.728+0200] {processor.py:153} INFO - Started process (PID=50263) to work on /Users/v.lytvyniuk/Documents/библиотечка/DE online1/git/de_7/lesson_07/airflow_env/lib/python3.8/site-packages/airflow/example_dags/example_latest_only_with_trigger.py
[2023-02-10T21:43:34.732+0200] {processor.py:640} INFO - Processing file /Users/v.lytvyniuk/Documents/библиотечка/DE online1/git/de_7/lesson_07/airflow_env/lib/python3.8/site-packages/airflow/example_dags/example_latest_only_with_trigger.py for tasks to queue
[2023-02-10T21:43:34.732+0200] {logging_mixin.py:115} INFO - [2023-02-10T21:43:34.732+0200] {dagbag.py:508} INFO - Filling up the DagBag from /Users/v.lytvyniuk/Documents/библиотечка/DE online1/git/de_7/lesson_07/airflow_env/lib/python3.8/site-packages/airflow/example_dags/example_latest_only_with_trigger.py
[2023-02-10T21:43:34.740+0200] {processor.py:650} INFO - DAG(s) dict_keys(['latest_only_with_trigger']) retrieved from /Users/v.lytvyniuk/Documents/библиотечка/DE online1/git/de_7/lesson_07/airflow_env/lib/python3.8/site-packages/airflow/example_dags/example_latest_only_with_trigger.py
[2023-02-10T21:43:34.770+0200] {logging_mixin.py:115} INFO - [2023-02-10T21:43:34.770+0200] {dag.py:2429} INFO - Sync 1 DAGs
[2023-02-10T21:43:34.777+0200] {logging_mixin.py:115} INFO - [2023-02-10T21:43:34.777+0200] {dag.py:2977} INFO - Setting next_dagrun for latest_only_with_trigger to 2023-02-10T15:43:34.777152+00:00, run_after=2023-02-10T19:43:34.777152+00:00
[2023-02-10T21:43:34.782+0200] {processor.py:161} INFO - Processing /Users/v.lytvyniuk/Documents/библиотечка/DE online1/git/de_7/lesson_07/airflow_env/lib/python3.8/site-packages/airflow/example_dags/example_latest_only_with_trigger.py took 0.054 seconds
[2023-02-10T21:44:25.836+0200] {processor.py:153} INFO - Started process (PID=50402) to work on /Users/v.lytvyniuk/Documents/библиотечка/DE online1/git/de_7/lesson_07/airflow_env/lib/python3.8/site-packages/airflow/example_dags/example_latest_only_with_trigger.py
[2023-02-10T21:44:25.839+0200] {processor.py:640} INFO - Processing file /Users/v.lytvyniuk/Documents/библиотечка/DE online1/git/de_7/lesson_07/airflow_env/lib/python3.8/site-packages/airflow/example_dags/example_latest_only_with_trigger.py for tasks to queue
[2023-02-10T21:44:25.839+0200] {logging_mixin.py:115} INFO - [2023-02-10T21:44:25.839+0200] {dagbag.py:508} INFO - Filling up the DagBag from /Users/v.lytvyniuk/Documents/библиотечка/DE online1/git/de_7/lesson_07/airflow_env/lib/python3.8/site-packages/airflow/example_dags/example_latest_only_with_trigger.py
[2023-02-10T21:44:25.847+0200] {processor.py:650} INFO - DAG(s) dict_keys(['latest_only_with_trigger']) retrieved from /Users/v.lytvyniuk/Documents/библиотечка/DE online1/git/de_7/lesson_07/airflow_env/lib/python3.8/site-packages/airflow/example_dags/example_latest_only_with_trigger.py
[2023-02-10T21:44:25.878+0200] {logging_mixin.py:115} INFO - [2023-02-10T21:44:25.878+0200] {dag.py:2429} INFO - Sync 1 DAGs
[2023-02-10T21:44:25.885+0200] {logging_mixin.py:115} INFO - [2023-02-10T21:44:25.885+0200] {dag.py:2977} INFO - Setting next_dagrun for latest_only_with_trigger to 2023-02-10T15:44:25.884943+00:00, run_after=2023-02-10T19:44:25.884943+00:00
[2023-02-10T21:44:25.890+0200] {processor.py:161} INFO - Processing /Users/v.lytvyniuk/Documents/библиотечка/DE online1/git/de_7/lesson_07/airflow_env/lib/python3.8/site-packages/airflow/example_dags/example_latest_only_with_trigger.py took 0.054 seconds
[2023-02-10T21:45:16.920+0200] {processor.py:153} INFO - Started process (PID=50909) to work on /Users/v.lytvyniuk/Documents/библиотечка/DE online1/git/de_7/lesson_07/airflow_env/lib/python3.8/site-packages/airflow/example_dags/example_latest_only_with_trigger.py
[2023-02-10T21:45:16.924+0200] {processor.py:640} INFO - Processing file /Users/v.lytvyniuk/Documents/библиотечка/DE online1/git/de_7/lesson_07/airflow_env/lib/python3.8/site-packages/airflow/example_dags/example_latest_only_with_trigger.py for tasks to queue
[2023-02-10T21:45:16.924+0200] {logging_mixin.py:115} INFO - [2023-02-10T21:45:16.924+0200] {dagbag.py:508} INFO - Filling up the DagBag from /Users/v.lytvyniuk/Documents/библиотечка/DE online1/git/de_7/lesson_07/airflow_env/lib/python3.8/site-packages/airflow/example_dags/example_latest_only_with_trigger.py
[2023-02-10T21:45:16.932+0200] {processor.py:650} INFO - DAG(s) dict_keys(['latest_only_with_trigger']) retrieved from /Users/v.lytvyniuk/Documents/библиотечка/DE online1/git/de_7/lesson_07/airflow_env/lib/python3.8/site-packages/airflow/example_dags/example_latest_only_with_trigger.py
[2023-02-10T21:45:16.963+0200] {logging_mixin.py:115} INFO - [2023-02-10T21:45:16.963+0200] {dag.py:2429} INFO - Sync 1 DAGs
[2023-02-10T21:45:16.970+0200] {logging_mixin.py:115} INFO - [2023-02-10T21:45:16.969+0200] {dag.py:2977} INFO - Setting next_dagrun for latest_only_with_trigger to 2023-02-10T15:45:16.969896+00:00, run_after=2023-02-10T19:45:16.969896+00:00
[2023-02-10T21:45:16.975+0200] {processor.py:161} INFO - Processing /Users/v.lytvyniuk/Documents/библиотечка/DE online1/git/de_7/lesson_07/airflow_env/lib/python3.8/site-packages/airflow/example_dags/example_latest_only_with_trigger.py took 0.055 seconds
[2023-02-10T21:46:09.541+0200] {processor.py:153} INFO - Started process (PID=51048) to work on /Users/v.lytvyniuk/Documents/библиотечка/DE online1/git/de_7/lesson_07/airflow_env/lib/python3.8/site-packages/airflow/example_dags/example_latest_only_with_trigger.py
[2023-02-10T21:46:09.544+0200] {processor.py:640} INFO - Processing file /Users/v.lytvyniuk/Documents/библиотечка/DE online1/git/de_7/lesson_07/airflow_env/lib/python3.8/site-packages/airflow/example_dags/example_latest_only_with_trigger.py for tasks to queue
[2023-02-10T21:46:09.544+0200] {logging_mixin.py:115} INFO - [2023-02-10T21:46:09.544+0200] {dagbag.py:508} INFO - Filling up the DagBag from /Users/v.lytvyniuk/Documents/библиотечка/DE online1/git/de_7/lesson_07/airflow_env/lib/python3.8/site-packages/airflow/example_dags/example_latest_only_with_trigger.py
[2023-02-10T21:46:09.551+0200] {processor.py:650} INFO - DAG(s) dict_keys(['latest_only_with_trigger']) retrieved from /Users/v.lytvyniuk/Documents/библиотечка/DE online1/git/de_7/lesson_07/airflow_env/lib/python3.8/site-packages/airflow/example_dags/example_latest_only_with_trigger.py
[2023-02-10T21:46:09.582+0200] {logging_mixin.py:115} INFO - [2023-02-10T21:46:09.582+0200] {dag.py:2429} INFO - Sync 1 DAGs
[2023-02-10T21:46:09.589+0200] {logging_mixin.py:115} INFO - [2023-02-10T21:46:09.589+0200] {dag.py:2977} INFO - Setting next_dagrun for latest_only_with_trigger to 2023-02-10T15:46:09.589050+00:00, run_after=2023-02-10T19:46:09.589050+00:00
[2023-02-10T21:46:09.594+0200] {processor.py:161} INFO - Processing /Users/v.lytvyniuk/Documents/библиотечка/DE online1/git/de_7/lesson_07/airflow_env/lib/python3.8/site-packages/airflow/example_dags/example_latest_only_with_trigger.py took 0.054 seconds
[2023-02-10T21:47:00.570+0200] {processor.py:153} INFO - Started process (PID=51179) to work on /Users/v.lytvyniuk/Documents/библиотечка/DE online1/git/de_7/lesson_07/airflow_env/lib/python3.8/site-packages/airflow/example_dags/example_latest_only_with_trigger.py
[2023-02-10T21:47:00.575+0200] {processor.py:640} INFO - Processing file /Users/v.lytvyniuk/Documents/библиотечка/DE online1/git/de_7/lesson_07/airflow_env/lib/python3.8/site-packages/airflow/example_dags/example_latest_only_with_trigger.py for tasks to queue
[2023-02-10T21:47:00.575+0200] {logging_mixin.py:115} INFO - [2023-02-10T21:47:00.575+0200] {dagbag.py:508} INFO - Filling up the DagBag from /Users/v.lytvyniuk/Documents/библиотечка/DE online1/git/de_7/lesson_07/airflow_env/lib/python3.8/site-packages/airflow/example_dags/example_latest_only_with_trigger.py
[2023-02-10T21:47:00.585+0200] {processor.py:650} INFO - DAG(s) dict_keys(['latest_only_with_trigger']) retrieved from /Users/v.lytvyniuk/Documents/библиотечка/DE online1/git/de_7/lesson_07/airflow_env/lib/python3.8/site-packages/airflow/example_dags/example_latest_only_with_trigger.py
[2023-02-10T21:47:00.620+0200] {logging_mixin.py:115} INFO - [2023-02-10T21:47:00.620+0200] {dag.py:2429} INFO - Sync 1 DAGs
[2023-02-10T21:47:00.627+0200] {logging_mixin.py:115} INFO - [2023-02-10T21:47:00.627+0200] {dag.py:2977} INFO - Setting next_dagrun for latest_only_with_trigger to 2023-02-10T15:47:00.627352+00:00, run_after=2023-02-10T19:47:00.627352+00:00
[2023-02-10T21:47:00.632+0200] {processor.py:161} INFO - Processing /Users/v.lytvyniuk/Documents/библиотечка/DE online1/git/de_7/lesson_07/airflow_env/lib/python3.8/site-packages/airflow/example_dags/example_latest_only_with_trigger.py took 0.062 seconds
[2023-02-10T21:53:55.591+0200] {processor.py:153} INFO - Started process (PID=2576) to work on /Users/v.lytvyniuk/Documents/библиотечка/DE online1/git/de_7/lesson_07/airflow_env/lib/python3.8/site-packages/airflow/example_dags/example_latest_only_with_trigger.py
[2023-02-10T21:53:55.594+0200] {processor.py:640} INFO - Processing file /Users/v.lytvyniuk/Documents/библиотечка/DE online1/git/de_7/lesson_07/airflow_env/lib/python3.8/site-packages/airflow/example_dags/example_latest_only_with_trigger.py for tasks to queue
[2023-02-10T21:53:55.594+0200] {logging_mixin.py:115} INFO - [2023-02-10T21:53:55.594+0200] {dagbag.py:508} INFO - Filling up the DagBag from /Users/v.lytvyniuk/Documents/библиотечка/DE online1/git/de_7/lesson_07/airflow_env/lib/python3.8/site-packages/airflow/example_dags/example_latest_only_with_trigger.py
[2023-02-10T21:53:55.601+0200] {processor.py:650} INFO - DAG(s) dict_keys(['latest_only_with_trigger']) retrieved from /Users/v.lytvyniuk/Documents/библиотечка/DE online1/git/de_7/lesson_07/airflow_env/lib/python3.8/site-packages/airflow/example_dags/example_latest_only_with_trigger.py
[2023-02-10T21:53:55.633+0200] {logging_mixin.py:115} INFO - [2023-02-10T21:53:55.633+0200] {dag.py:2429} INFO - Sync 1 DAGs
[2023-02-10T21:53:55.640+0200] {logging_mixin.py:115} INFO - [2023-02-10T21:53:55.640+0200] {dag.py:2977} INFO - Setting next_dagrun for latest_only_with_trigger to 2023-02-10T15:53:55.640512+00:00, run_after=2023-02-10T19:53:55.640512+00:00
[2023-02-10T21:53:55.645+0200] {processor.py:161} INFO - Processing /Users/v.lytvyniuk/Documents/библиотечка/DE online1/git/de_7/lesson_07/airflow_env/lib/python3.8/site-packages/airflow/example_dags/example_latest_only_with_trigger.py took 0.055 seconds
[2023-02-10T21:54:48.218+0200] {processor.py:153} INFO - Started process (PID=2782) to work on /Users/v.lytvyniuk/Documents/библиотечка/DE online1/git/de_7/lesson_07/airflow_env/lib/python3.8/site-packages/airflow/example_dags/example_latest_only_with_trigger.py
[2023-02-10T21:54:48.221+0200] {processor.py:640} INFO - Processing file /Users/v.lytvyniuk/Documents/библиотечка/DE online1/git/de_7/lesson_07/airflow_env/lib/python3.8/site-packages/airflow/example_dags/example_latest_only_with_trigger.py for tasks to queue
[2023-02-10T21:54:48.221+0200] {logging_mixin.py:115} INFO - [2023-02-10T21:54:48.221+0200] {dagbag.py:508} INFO - Filling up the DagBag from /Users/v.lytvyniuk/Documents/библиотечка/DE online1/git/de_7/lesson_07/airflow_env/lib/python3.8/site-packages/airflow/example_dags/example_latest_only_with_trigger.py
[2023-02-10T21:54:48.229+0200] {processor.py:650} INFO - DAG(s) dict_keys(['latest_only_with_trigger']) retrieved from /Users/v.lytvyniuk/Documents/библиотечка/DE online1/git/de_7/lesson_07/airflow_env/lib/python3.8/site-packages/airflow/example_dags/example_latest_only_with_trigger.py
[2023-02-10T21:54:48.259+0200] {logging_mixin.py:115} INFO - [2023-02-10T21:54:48.259+0200] {dag.py:2429} INFO - Sync 1 DAGs
[2023-02-10T21:54:48.266+0200] {logging_mixin.py:115} INFO - [2023-02-10T21:54:48.266+0200] {dag.py:2977} INFO - Setting next_dagrun for latest_only_with_trigger to 2023-02-10T15:54:48.266358+00:00, run_after=2023-02-10T19:54:48.266358+00:00
[2023-02-10T21:54:48.271+0200] {processor.py:161} INFO - Processing /Users/v.lytvyniuk/Documents/библиотечка/DE online1/git/de_7/lesson_07/airflow_env/lib/python3.8/site-packages/airflow/example_dags/example_latest_only_with_trigger.py took 0.054 seconds
[2023-02-10T21:55:39.188+0200] {processor.py:153} INFO - Started process (PID=2963) to work on /Users/v.lytvyniuk/Documents/библиотечка/DE online1/git/de_7/lesson_07/airflow_env/lib/python3.8/site-packages/airflow/example_dags/example_latest_only_with_trigger.py
[2023-02-10T21:55:39.191+0200] {processor.py:640} INFO - Processing file /Users/v.lytvyniuk/Documents/библиотечка/DE online1/git/de_7/lesson_07/airflow_env/lib/python3.8/site-packages/airflow/example_dags/example_latest_only_with_trigger.py for tasks to queue
[2023-02-10T21:55:39.191+0200] {logging_mixin.py:115} INFO - [2023-02-10T21:55:39.191+0200] {dagbag.py:508} INFO - Filling up the DagBag from /Users/v.lytvyniuk/Documents/библиотечка/DE online1/git/de_7/lesson_07/airflow_env/lib/python3.8/site-packages/airflow/example_dags/example_latest_only_with_trigger.py
[2023-02-10T21:55:39.199+0200] {processor.py:650} INFO - DAG(s) dict_keys(['latest_only_with_trigger']) retrieved from /Users/v.lytvyniuk/Documents/библиотечка/DE online1/git/de_7/lesson_07/airflow_env/lib/python3.8/site-packages/airflow/example_dags/example_latest_only_with_trigger.py
[2023-02-10T21:55:39.229+0200] {logging_mixin.py:115} INFO - [2023-02-10T21:55:39.229+0200] {dag.py:2429} INFO - Sync 1 DAGs
[2023-02-10T21:55:39.236+0200] {logging_mixin.py:115} INFO - [2023-02-10T21:55:39.236+0200] {dag.py:2977} INFO - Setting next_dagrun for latest_only_with_trigger to 2023-02-10T15:55:39.236574+00:00, run_after=2023-02-10T19:55:39.236574+00:00
[2023-02-10T21:55:39.241+0200] {processor.py:161} INFO - Processing /Users/v.lytvyniuk/Documents/библиотечка/DE online1/git/de_7/lesson_07/airflow_env/lib/python3.8/site-packages/airflow/example_dags/example_latest_only_with_trigger.py took 0.054 seconds
[2023-02-10T21:56:32.462+0200] {processor.py:153} INFO - Started process (PID=3128) to work on /Users/v.lytvyniuk/Documents/библиотечка/DE online1/git/de_7/lesson_07/airflow_env/lib/python3.8/site-packages/airflow/example_dags/example_latest_only_with_trigger.py
[2023-02-10T21:56:32.465+0200] {processor.py:640} INFO - Processing file /Users/v.lytvyniuk/Documents/библиотечка/DE online1/git/de_7/lesson_07/airflow_env/lib/python3.8/site-packages/airflow/example_dags/example_latest_only_with_trigger.py for tasks to queue
[2023-02-10T21:56:32.465+0200] {logging_mixin.py:115} INFO - [2023-02-10T21:56:32.465+0200] {dagbag.py:508} INFO - Filling up the DagBag from /Users/v.lytvyniuk/Documents/библиотечка/DE online1/git/de_7/lesson_07/airflow_env/lib/python3.8/site-packages/airflow/example_dags/example_latest_only_with_trigger.py
[2023-02-10T21:56:32.473+0200] {processor.py:650} INFO - DAG(s) dict_keys(['latest_only_with_trigger']) retrieved from /Users/v.lytvyniuk/Documents/библиотечка/DE online1/git/de_7/lesson_07/airflow_env/lib/python3.8/site-packages/airflow/example_dags/example_latest_only_with_trigger.py
[2023-02-10T21:56:32.504+0200] {logging_mixin.py:115} INFO - [2023-02-10T21:56:32.504+0200] {dag.py:2429} INFO - Sync 1 DAGs
[2023-02-10T21:56:32.511+0200] {logging_mixin.py:115} INFO - [2023-02-10T21:56:32.510+0200] {dag.py:2977} INFO - Setting next_dagrun for latest_only_with_trigger to 2023-02-10T15:56:32.510898+00:00, run_after=2023-02-10T19:56:32.510898+00:00
[2023-02-10T21:56:32.516+0200] {processor.py:161} INFO - Processing /Users/v.lytvyniuk/Documents/библиотечка/DE online1/git/de_7/lesson_07/airflow_env/lib/python3.8/site-packages/airflow/example_dags/example_latest_only_with_trigger.py took 0.054 seconds
[2023-02-10T21:57:24.728+0200] {processor.py:153} INFO - Started process (PID=3289) to work on /Users/v.lytvyniuk/Documents/библиотечка/DE online1/git/de_7/lesson_07/airflow_env/lib/python3.8/site-packages/airflow/example_dags/example_latest_only_with_trigger.py
[2023-02-10T21:57:24.731+0200] {processor.py:640} INFO - Processing file /Users/v.lytvyniuk/Documents/библиотечка/DE online1/git/de_7/lesson_07/airflow_env/lib/python3.8/site-packages/airflow/example_dags/example_latest_only_with_trigger.py for tasks to queue
[2023-02-10T21:57:24.731+0200] {logging_mixin.py:115} INFO - [2023-02-10T21:57:24.731+0200] {dagbag.py:508} INFO - Filling up the DagBag from /Users/v.lytvyniuk/Documents/библиотечка/DE online1/git/de_7/lesson_07/airflow_env/lib/python3.8/site-packages/airflow/example_dags/example_latest_only_with_trigger.py
[2023-02-10T21:57:24.739+0200] {processor.py:650} INFO - DAG(s) dict_keys(['latest_only_with_trigger']) retrieved from /Users/v.lytvyniuk/Documents/библиотечка/DE online1/git/de_7/lesson_07/airflow_env/lib/python3.8/site-packages/airflow/example_dags/example_latest_only_with_trigger.py
[2023-02-10T21:57:24.779+0200] {logging_mixin.py:115} INFO - [2023-02-10T21:57:24.779+0200] {dag.py:2429} INFO - Sync 1 DAGs
[2023-02-10T21:57:24.788+0200] {logging_mixin.py:115} INFO - [2023-02-10T21:57:24.788+0200] {dag.py:2977} INFO - Setting next_dagrun for latest_only_with_trigger to 2023-02-10T15:57:24.788712+00:00, run_after=2023-02-10T19:57:24.788712+00:00
[2023-02-10T21:57:24.795+0200] {processor.py:161} INFO - Processing /Users/v.lytvyniuk/Documents/библиотечка/DE online1/git/de_7/lesson_07/airflow_env/lib/python3.8/site-packages/airflow/example_dags/example_latest_only_with_trigger.py took 0.068 seconds
