[2023-02-10T21:32:55.633+0200] {processor.py:153} INFO - Started process (PID=48383) to work on /Users/v.lytvyniuk/Documents/библиотечка/DE online1/git/de_7/lesson_07/airflow_env/lib/python3.8/site-packages/airflow/example_dags/example_branch_day_of_week_operator.py
[2023-02-10T21:32:55.636+0200] {processor.py:640} INFO - Processing file /Users/v.lytvyniuk/Documents/библиотечка/DE online1/git/de_7/lesson_07/airflow_env/lib/python3.8/site-packages/airflow/example_dags/example_branch_day_of_week_operator.py for tasks to queue
[2023-02-10T21:32:55.636+0200] {logging_mixin.py:115} INFO - [2023-02-10T21:32:55.636+0200] {dagbag.py:508} INFO - Filling up the DagBag from /Users/v.lytvyniuk/Documents/библиотечка/DE online1/git/de_7/lesson_07/airflow_env/lib/python3.8/site-packages/airflow/example_dags/example_branch_day_of_week_operator.py
[2023-02-10T21:32:55.645+0200] {processor.py:650} INFO - DAG(s) dict_keys(['example_weekday_branch_operator']) retrieved from /Users/v.lytvyniuk/Documents/библиотечка/DE online1/git/de_7/lesson_07/airflow_env/lib/python3.8/site-packages/airflow/example_dags/example_branch_day_of_week_operator.py
[2023-02-10T21:32:56.032+0200] {logging_mixin.py:115} INFO - [2023-02-10T21:32:56.032+0200] {manager.py:508} INFO - Created Permission View: can read on DAG:example_weekday_branch_operator
[2023-02-10T21:32:56.036+0200] {logging_mixin.py:115} INFO - [2023-02-10T21:32:56.035+0200] {manager.py:508} INFO - Created Permission View: can edit on DAG:example_weekday_branch_operator
[2023-02-10T21:32:56.038+0200] {logging_mixin.py:115} INFO - [2023-02-10T21:32:56.038+0200] {manager.py:508} INFO - Created Permission View: can delete on DAG:example_weekday_branch_operator
[2023-02-10T21:32:56.039+0200] {logging_mixin.py:115} INFO - [2023-02-10T21:32:56.038+0200] {dag.py:2429} INFO - Sync 1 DAGs
[2023-02-10T21:32:56.042+0200] {logging_mixin.py:115} INFO - [2023-02-10T21:32:56.042+0200] {dag.py:2448} INFO - Creating ORM DAG for example_weekday_branch_operator
[2023-02-10T21:32:56.047+0200] {logging_mixin.py:115} INFO - [2023-02-10T21:32:56.047+0200] {dag.py:2977} INFO - Setting next_dagrun for example_weekday_branch_operator to 2023-02-09T00:00:00+00:00, run_after=2023-02-10T00:00:00+00:00
[2023-02-10T21:32:56.053+0200] {processor.py:161} INFO - Processing /Users/v.lytvyniuk/Documents/библиотечка/DE online1/git/de_7/lesson_07/airflow_env/lib/python3.8/site-packages/airflow/example_dags/example_branch_day_of_week_operator.py took 0.420 seconds
[2023-02-10T21:35:25.088+0200] {processor.py:153} INFO - Started process (PID=48850) to work on /Users/v.lytvyniuk/Documents/библиотечка/DE online1/git/de_7/lesson_07/airflow_env/lib/python3.8/site-packages/airflow/example_dags/example_branch_day_of_week_operator.py
[2023-02-10T21:35:25.091+0200] {processor.py:640} INFO - Processing file /Users/v.lytvyniuk/Documents/библиотечка/DE online1/git/de_7/lesson_07/airflow_env/lib/python3.8/site-packages/airflow/example_dags/example_branch_day_of_week_operator.py for tasks to queue
[2023-02-10T21:35:25.091+0200] {logging_mixin.py:115} INFO - [2023-02-10T21:35:25.091+0200] {dagbag.py:508} INFO - Filling up the DagBag from /Users/v.lytvyniuk/Documents/библиотечка/DE online1/git/de_7/lesson_07/airflow_env/lib/python3.8/site-packages/airflow/example_dags/example_branch_day_of_week_operator.py
[2023-02-10T21:35:25.100+0200] {processor.py:650} INFO - DAG(s) dict_keys(['example_weekday_branch_operator']) retrieved from /Users/v.lytvyniuk/Documents/библиотечка/DE online1/git/de_7/lesson_07/airflow_env/lib/python3.8/site-packages/airflow/example_dags/example_branch_day_of_week_operator.py
[2023-02-10T21:35:25.132+0200] {logging_mixin.py:115} INFO - [2023-02-10T21:35:25.131+0200] {dag.py:2429} INFO - Sync 1 DAGs
[2023-02-10T21:35:25.139+0200] {logging_mixin.py:115} INFO - [2023-02-10T21:35:25.139+0200] {dag.py:2977} INFO - Setting next_dagrun for example_weekday_branch_operator to 2023-02-09T00:00:00+00:00, run_after=2023-02-10T00:00:00+00:00
[2023-02-10T21:35:25.144+0200] {processor.py:161} INFO - Processing /Users/v.lytvyniuk/Documents/библиотечка/DE online1/git/de_7/lesson_07/airflow_env/lib/python3.8/site-packages/airflow/example_dags/example_branch_day_of_week_operator.py took 0.056 seconds
[2023-02-10T21:36:17.436+0200] {processor.py:153} INFO - Started process (PID=48995) to work on /Users/v.lytvyniuk/Documents/библиотечка/DE online1/git/de_7/lesson_07/airflow_env/lib/python3.8/site-packages/airflow/example_dags/example_branch_day_of_week_operator.py
[2023-02-10T21:36:17.440+0200] {processor.py:640} INFO - Processing file /Users/v.lytvyniuk/Documents/библиотечка/DE online1/git/de_7/lesson_07/airflow_env/lib/python3.8/site-packages/airflow/example_dags/example_branch_day_of_week_operator.py for tasks to queue
[2023-02-10T21:36:17.440+0200] {logging_mixin.py:115} INFO - [2023-02-10T21:36:17.440+0200] {dagbag.py:508} INFO - Filling up the DagBag from /Users/v.lytvyniuk/Documents/библиотечка/DE online1/git/de_7/lesson_07/airflow_env/lib/python3.8/site-packages/airflow/example_dags/example_branch_day_of_week_operator.py
[2023-02-10T21:36:17.449+0200] {processor.py:650} INFO - DAG(s) dict_keys(['example_weekday_branch_operator']) retrieved from /Users/v.lytvyniuk/Documents/библиотечка/DE online1/git/de_7/lesson_07/airflow_env/lib/python3.8/site-packages/airflow/example_dags/example_branch_day_of_week_operator.py
[2023-02-10T21:36:17.480+0200] {logging_mixin.py:115} INFO - [2023-02-10T21:36:17.480+0200] {dag.py:2429} INFO - Sync 1 DAGs
[2023-02-10T21:36:17.488+0200] {logging_mixin.py:115} INFO - [2023-02-10T21:36:17.487+0200] {dag.py:2977} INFO - Setting next_dagrun for example_weekday_branch_operator to 2023-02-09T00:00:00+00:00, run_after=2023-02-10T00:00:00+00:00
[2023-02-10T21:36:17.493+0200] {processor.py:161} INFO - Processing /Users/v.lytvyniuk/Documents/библиотечка/DE online1/git/de_7/lesson_07/airflow_env/lib/python3.8/site-packages/airflow/example_dags/example_branch_day_of_week_operator.py took 0.057 seconds
[2023-02-10T21:37:07.640+0200] {processor.py:153} INFO - Started process (PID=49147) to work on /Users/v.lytvyniuk/Documents/библиотечка/DE online1/git/de_7/lesson_07/airflow_env/lib/python3.8/site-packages/airflow/example_dags/example_branch_day_of_week_operator.py
[2023-02-10T21:37:07.644+0200] {processor.py:640} INFO - Processing file /Users/v.lytvyniuk/Documents/библиотечка/DE online1/git/de_7/lesson_07/airflow_env/lib/python3.8/site-packages/airflow/example_dags/example_branch_day_of_week_operator.py for tasks to queue
[2023-02-10T21:37:07.644+0200] {logging_mixin.py:115} INFO - [2023-02-10T21:37:07.644+0200] {dagbag.py:508} INFO - Filling up the DagBag from /Users/v.lytvyniuk/Documents/библиотечка/DE online1/git/de_7/lesson_07/airflow_env/lib/python3.8/site-packages/airflow/example_dags/example_branch_day_of_week_operator.py
[2023-02-10T21:37:07.652+0200] {processor.py:650} INFO - DAG(s) dict_keys(['example_weekday_branch_operator']) retrieved from /Users/v.lytvyniuk/Documents/библиотечка/DE online1/git/de_7/lesson_07/airflow_env/lib/python3.8/site-packages/airflow/example_dags/example_branch_day_of_week_operator.py
[2023-02-10T21:37:07.682+0200] {logging_mixin.py:115} INFO - [2023-02-10T21:37:07.682+0200] {dag.py:2429} INFO - Sync 1 DAGs
[2023-02-10T21:37:07.690+0200] {logging_mixin.py:115} INFO - [2023-02-10T21:37:07.690+0200] {dag.py:2977} INFO - Setting next_dagrun for example_weekday_branch_operator to 2023-02-09T00:00:00+00:00, run_after=2023-02-10T00:00:00+00:00
[2023-02-10T21:37:07.695+0200] {processor.py:161} INFO - Processing /Users/v.lytvyniuk/Documents/библиотечка/DE online1/git/de_7/lesson_07/airflow_env/lib/python3.8/site-packages/airflow/example_dags/example_branch_day_of_week_operator.py took 0.055 seconds
[2023-02-10T21:37:56.480+0200] {processor.py:153} INFO - Started process (PID=49279) to work on /Users/v.lytvyniuk/Documents/библиотечка/DE online1/git/de_7/lesson_07/airflow_env/lib/python3.8/site-packages/airflow/example_dags/example_branch_day_of_week_operator.py
[2023-02-10T21:37:56.483+0200] {processor.py:640} INFO - Processing file /Users/v.lytvyniuk/Documents/библиотечка/DE online1/git/de_7/lesson_07/airflow_env/lib/python3.8/site-packages/airflow/example_dags/example_branch_day_of_week_operator.py for tasks to queue
[2023-02-10T21:37:56.483+0200] {logging_mixin.py:115} INFO - [2023-02-10T21:37:56.483+0200] {dagbag.py:508} INFO - Filling up the DagBag from /Users/v.lytvyniuk/Documents/библиотечка/DE online1/git/de_7/lesson_07/airflow_env/lib/python3.8/site-packages/airflow/example_dags/example_branch_day_of_week_operator.py
[2023-02-10T21:37:56.491+0200] {processor.py:650} INFO - DAG(s) dict_keys(['example_weekday_branch_operator']) retrieved from /Users/v.lytvyniuk/Documents/библиотечка/DE online1/git/de_7/lesson_07/airflow_env/lib/python3.8/site-packages/airflow/example_dags/example_branch_day_of_week_operator.py
[2023-02-10T21:37:56.523+0200] {logging_mixin.py:115} INFO - [2023-02-10T21:37:56.523+0200] {dag.py:2429} INFO - Sync 1 DAGs
[2023-02-10T21:37:56.531+0200] {logging_mixin.py:115} INFO - [2023-02-10T21:37:56.531+0200] {dag.py:2977} INFO - Setting next_dagrun for example_weekday_branch_operator to 2023-02-09T00:00:00+00:00, run_after=2023-02-10T00:00:00+00:00
[2023-02-10T21:37:56.537+0200] {processor.py:161} INFO - Processing /Users/v.lytvyniuk/Documents/библиотечка/DE online1/git/de_7/lesson_07/airflow_env/lib/python3.8/site-packages/airflow/example_dags/example_branch_day_of_week_operator.py took 0.057 seconds
[2023-02-10T21:38:46.359+0200] {processor.py:153} INFO - Started process (PID=49439) to work on /Users/v.lytvyniuk/Documents/библиотечка/DE online1/git/de_7/lesson_07/airflow_env/lib/python3.8/site-packages/airflow/example_dags/example_branch_day_of_week_operator.py
[2023-02-10T21:38:46.362+0200] {processor.py:640} INFO - Processing file /Users/v.lytvyniuk/Documents/библиотечка/DE online1/git/de_7/lesson_07/airflow_env/lib/python3.8/site-packages/airflow/example_dags/example_branch_day_of_week_operator.py for tasks to queue
[2023-02-10T21:38:46.363+0200] {logging_mixin.py:115} INFO - [2023-02-10T21:38:46.363+0200] {dagbag.py:508} INFO - Filling up the DagBag from /Users/v.lytvyniuk/Documents/библиотечка/DE online1/git/de_7/lesson_07/airflow_env/lib/python3.8/site-packages/airflow/example_dags/example_branch_day_of_week_operator.py
[2023-02-10T21:38:46.371+0200] {processor.py:650} INFO - DAG(s) dict_keys(['example_weekday_branch_operator']) retrieved from /Users/v.lytvyniuk/Documents/библиотечка/DE online1/git/de_7/lesson_07/airflow_env/lib/python3.8/site-packages/airflow/example_dags/example_branch_day_of_week_operator.py
[2023-02-10T21:38:46.401+0200] {logging_mixin.py:115} INFO - [2023-02-10T21:38:46.401+0200] {dag.py:2429} INFO - Sync 1 DAGs
[2023-02-10T21:38:46.409+0200] {logging_mixin.py:115} INFO - [2023-02-10T21:38:46.409+0200] {dag.py:2977} INFO - Setting next_dagrun for example_weekday_branch_operator to 2023-02-09T00:00:00+00:00, run_after=2023-02-10T00:00:00+00:00
[2023-02-10T21:38:46.414+0200] {processor.py:161} INFO - Processing /Users/v.lytvyniuk/Documents/библиотечка/DE online1/git/de_7/lesson_07/airflow_env/lib/python3.8/site-packages/airflow/example_dags/example_branch_day_of_week_operator.py took 0.055 seconds
[2023-02-10T21:39:37.206+0200] {processor.py:153} INFO - Started process (PID=49623) to work on /Users/v.lytvyniuk/Documents/библиотечка/DE online1/git/de_7/lesson_07/airflow_env/lib/python3.8/site-packages/airflow/example_dags/example_branch_day_of_week_operator.py
[2023-02-10T21:39:37.210+0200] {processor.py:640} INFO - Processing file /Users/v.lytvyniuk/Documents/библиотечка/DE online1/git/de_7/lesson_07/airflow_env/lib/python3.8/site-packages/airflow/example_dags/example_branch_day_of_week_operator.py for tasks to queue
[2023-02-10T21:39:37.210+0200] {logging_mixin.py:115} INFO - [2023-02-10T21:39:37.210+0200] {dagbag.py:508} INFO - Filling up the DagBag from /Users/v.lytvyniuk/Documents/библиотечка/DE online1/git/de_7/lesson_07/airflow_env/lib/python3.8/site-packages/airflow/example_dags/example_branch_day_of_week_operator.py
[2023-02-10T21:39:37.219+0200] {processor.py:650} INFO - DAG(s) dict_keys(['example_weekday_branch_operator']) retrieved from /Users/v.lytvyniuk/Documents/библиотечка/DE online1/git/de_7/lesson_07/airflow_env/lib/python3.8/site-packages/airflow/example_dags/example_branch_day_of_week_operator.py
[2023-02-10T21:39:37.250+0200] {logging_mixin.py:115} INFO - [2023-02-10T21:39:37.250+0200] {dag.py:2429} INFO - Sync 1 DAGs
[2023-02-10T21:39:37.258+0200] {logging_mixin.py:115} INFO - [2023-02-10T21:39:37.258+0200] {dag.py:2977} INFO - Setting next_dagrun for example_weekday_branch_operator to 2023-02-09T00:00:00+00:00, run_after=2023-02-10T00:00:00+00:00
[2023-02-10T21:39:37.263+0200] {processor.py:161} INFO - Processing /Users/v.lytvyniuk/Documents/библиотечка/DE online1/git/de_7/lesson_07/airflow_env/lib/python3.8/site-packages/airflow/example_dags/example_branch_day_of_week_operator.py took 0.057 seconds
[2023-02-10T21:40:25.825+0200] {processor.py:153} INFO - Started process (PID=49756) to work on /Users/v.lytvyniuk/Documents/библиотечка/DE online1/git/de_7/lesson_07/airflow_env/lib/python3.8/site-packages/airflow/example_dags/example_branch_day_of_week_operator.py
[2023-02-10T21:40:25.829+0200] {processor.py:640} INFO - Processing file /Users/v.lytvyniuk/Documents/библиотечка/DE online1/git/de_7/lesson_07/airflow_env/lib/python3.8/site-packages/airflow/example_dags/example_branch_day_of_week_operator.py for tasks to queue
[2023-02-10T21:40:25.829+0200] {logging_mixin.py:115} INFO - [2023-02-10T21:40:25.829+0200] {dagbag.py:508} INFO - Filling up the DagBag from /Users/v.lytvyniuk/Documents/библиотечка/DE online1/git/de_7/lesson_07/airflow_env/lib/python3.8/site-packages/airflow/example_dags/example_branch_day_of_week_operator.py
[2023-02-10T21:40:25.838+0200] {processor.py:650} INFO - DAG(s) dict_keys(['example_weekday_branch_operator']) retrieved from /Users/v.lytvyniuk/Documents/библиотечка/DE online1/git/de_7/lesson_07/airflow_env/lib/python3.8/site-packages/airflow/example_dags/example_branch_day_of_week_operator.py
[2023-02-10T21:40:25.868+0200] {logging_mixin.py:115} INFO - [2023-02-10T21:40:25.868+0200] {dag.py:2429} INFO - Sync 1 DAGs
[2023-02-10T21:40:25.876+0200] {logging_mixin.py:115} INFO - [2023-02-10T21:40:25.875+0200] {dag.py:2977} INFO - Setting next_dagrun for example_weekday_branch_operator to 2023-02-09T00:00:00+00:00, run_after=2023-02-10T00:00:00+00:00
[2023-02-10T21:40:25.881+0200] {processor.py:161} INFO - Processing /Users/v.lytvyniuk/Documents/библиотечка/DE online1/git/de_7/lesson_07/airflow_env/lib/python3.8/site-packages/airflow/example_dags/example_branch_day_of_week_operator.py took 0.056 seconds
[2023-02-10T21:41:17.001+0200] {processor.py:153} INFO - Started process (PID=49895) to work on /Users/v.lytvyniuk/Documents/библиотечка/DE online1/git/de_7/lesson_07/airflow_env/lib/python3.8/site-packages/airflow/example_dags/example_branch_day_of_week_operator.py
[2023-02-10T21:41:17.004+0200] {processor.py:640} INFO - Processing file /Users/v.lytvyniuk/Documents/библиотечка/DE online1/git/de_7/lesson_07/airflow_env/lib/python3.8/site-packages/airflow/example_dags/example_branch_day_of_week_operator.py for tasks to queue
[2023-02-10T21:41:17.004+0200] {logging_mixin.py:115} INFO - [2023-02-10T21:41:17.004+0200] {dagbag.py:508} INFO - Filling up the DagBag from /Users/v.lytvyniuk/Documents/библиотечка/DE online1/git/de_7/lesson_07/airflow_env/lib/python3.8/site-packages/airflow/example_dags/example_branch_day_of_week_operator.py
[2023-02-10T21:41:17.014+0200] {processor.py:650} INFO - DAG(s) dict_keys(['example_weekday_branch_operator']) retrieved from /Users/v.lytvyniuk/Documents/библиотечка/DE online1/git/de_7/lesson_07/airflow_env/lib/python3.8/site-packages/airflow/example_dags/example_branch_day_of_week_operator.py
[2023-02-10T21:41:17.045+0200] {logging_mixin.py:115} INFO - [2023-02-10T21:41:17.045+0200] {dag.py:2429} INFO - Sync 1 DAGs
[2023-02-10T21:41:17.053+0200] {logging_mixin.py:115} INFO - [2023-02-10T21:41:17.053+0200] {dag.py:2977} INFO - Setting next_dagrun for example_weekday_branch_operator to 2023-02-09T00:00:00+00:00, run_after=2023-02-10T00:00:00+00:00
[2023-02-10T21:41:17.058+0200] {processor.py:161} INFO - Processing /Users/v.lytvyniuk/Documents/библиотечка/DE online1/git/de_7/lesson_07/airflow_env/lib/python3.8/site-packages/airflow/example_dags/example_branch_day_of_week_operator.py took 0.057 seconds
[2023-02-10T21:42:08.029+0200] {processor.py:153} INFO - Started process (PID=50027) to work on /Users/v.lytvyniuk/Documents/библиотечка/DE online1/git/de_7/lesson_07/airflow_env/lib/python3.8/site-packages/airflow/example_dags/example_branch_day_of_week_operator.py
[2023-02-10T21:42:08.032+0200] {processor.py:640} INFO - Processing file /Users/v.lytvyniuk/Documents/библиотечка/DE online1/git/de_7/lesson_07/airflow_env/lib/python3.8/site-packages/airflow/example_dags/example_branch_day_of_week_operator.py for tasks to queue
[2023-02-10T21:42:08.032+0200] {logging_mixin.py:115} INFO - [2023-02-10T21:42:08.032+0200] {dagbag.py:508} INFO - Filling up the DagBag from /Users/v.lytvyniuk/Documents/библиотечка/DE online1/git/de_7/lesson_07/airflow_env/lib/python3.8/site-packages/airflow/example_dags/example_branch_day_of_week_operator.py
[2023-02-10T21:42:08.040+0200] {processor.py:650} INFO - DAG(s) dict_keys(['example_weekday_branch_operator']) retrieved from /Users/v.lytvyniuk/Documents/библиотечка/DE online1/git/de_7/lesson_07/airflow_env/lib/python3.8/site-packages/airflow/example_dags/example_branch_day_of_week_operator.py
[2023-02-10T21:42:08.070+0200] {logging_mixin.py:115} INFO - [2023-02-10T21:42:08.070+0200] {dag.py:2429} INFO - Sync 1 DAGs
[2023-02-10T21:42:08.078+0200] {logging_mixin.py:115} INFO - [2023-02-10T21:42:08.078+0200] {dag.py:2977} INFO - Setting next_dagrun for example_weekday_branch_operator to 2023-02-09T00:00:00+00:00, run_after=2023-02-10T00:00:00+00:00
[2023-02-10T21:42:08.083+0200] {processor.py:161} INFO - Processing /Users/v.lytvyniuk/Documents/библиотечка/DE online1/git/de_7/lesson_07/airflow_env/lib/python3.8/site-packages/airflow/example_dags/example_branch_day_of_week_operator.py took 0.054 seconds
[2023-02-10T21:43:00.031+0200] {processor.py:153} INFO - Started process (PID=50177) to work on /Users/v.lytvyniuk/Documents/библиотечка/DE online1/git/de_7/lesson_07/airflow_env/lib/python3.8/site-packages/airflow/example_dags/example_branch_day_of_week_operator.py
[2023-02-10T21:43:00.035+0200] {processor.py:640} INFO - Processing file /Users/v.lytvyniuk/Documents/библиотечка/DE online1/git/de_7/lesson_07/airflow_env/lib/python3.8/site-packages/airflow/example_dags/example_branch_day_of_week_operator.py for tasks to queue
[2023-02-10T21:43:00.035+0200] {logging_mixin.py:115} INFO - [2023-02-10T21:43:00.035+0200] {dagbag.py:508} INFO - Filling up the DagBag from /Users/v.lytvyniuk/Documents/библиотечка/DE online1/git/de_7/lesson_07/airflow_env/lib/python3.8/site-packages/airflow/example_dags/example_branch_day_of_week_operator.py
[2023-02-10T21:43:00.044+0200] {processor.py:650} INFO - DAG(s) dict_keys(['example_weekday_branch_operator']) retrieved from /Users/v.lytvyniuk/Documents/библиотечка/DE online1/git/de_7/lesson_07/airflow_env/lib/python3.8/site-packages/airflow/example_dags/example_branch_day_of_week_operator.py
[2023-02-10T21:43:00.074+0200] {logging_mixin.py:115} INFO - [2023-02-10T21:43:00.074+0200] {dag.py:2429} INFO - Sync 1 DAGs
[2023-02-10T21:43:00.081+0200] {logging_mixin.py:115} INFO - [2023-02-10T21:43:00.081+0200] {dag.py:2977} INFO - Setting next_dagrun for example_weekday_branch_operator to 2023-02-09T00:00:00+00:00, run_after=2023-02-10T00:00:00+00:00
[2023-02-10T21:43:00.086+0200] {processor.py:161} INFO - Processing /Users/v.lytvyniuk/Documents/библиотечка/DE online1/git/de_7/lesson_07/airflow_env/lib/python3.8/site-packages/airflow/example_dags/example_branch_day_of_week_operator.py took 0.056 seconds
[2023-02-10T21:43:49.205+0200] {processor.py:153} INFO - Started process (PID=50299) to work on /Users/v.lytvyniuk/Documents/библиотечка/DE online1/git/de_7/lesson_07/airflow_env/lib/python3.8/site-packages/airflow/example_dags/example_branch_day_of_week_operator.py
[2023-02-10T21:43:49.208+0200] {processor.py:640} INFO - Processing file /Users/v.lytvyniuk/Documents/библиотечка/DE online1/git/de_7/lesson_07/airflow_env/lib/python3.8/site-packages/airflow/example_dags/example_branch_day_of_week_operator.py for tasks to queue
[2023-02-10T21:43:49.208+0200] {logging_mixin.py:115} INFO - [2023-02-10T21:43:49.208+0200] {dagbag.py:508} INFO - Filling up the DagBag from /Users/v.lytvyniuk/Documents/библиотечка/DE online1/git/de_7/lesson_07/airflow_env/lib/python3.8/site-packages/airflow/example_dags/example_branch_day_of_week_operator.py
[2023-02-10T21:43:49.217+0200] {processor.py:650} INFO - DAG(s) dict_keys(['example_weekday_branch_operator']) retrieved from /Users/v.lytvyniuk/Documents/библиотечка/DE online1/git/de_7/lesson_07/airflow_env/lib/python3.8/site-packages/airflow/example_dags/example_branch_day_of_week_operator.py
[2023-02-10T21:43:49.249+0200] {logging_mixin.py:115} INFO - [2023-02-10T21:43:49.249+0200] {dag.py:2429} INFO - Sync 1 DAGs
[2023-02-10T21:43:49.256+0200] {logging_mixin.py:115} INFO - [2023-02-10T21:43:49.256+0200] {dag.py:2977} INFO - Setting next_dagrun for example_weekday_branch_operator to 2023-02-09T00:00:00+00:00, run_after=2023-02-10T00:00:00+00:00
[2023-02-10T21:43:49.261+0200] {processor.py:161} INFO - Processing /Users/v.lytvyniuk/Documents/библиотечка/DE online1/git/de_7/lesson_07/airflow_env/lib/python3.8/site-packages/airflow/example_dags/example_branch_day_of_week_operator.py took 0.057 seconds
[2023-02-10T21:44:41.450+0200] {processor.py:153} INFO - Started process (PID=50445) to work on /Users/v.lytvyniuk/Documents/библиотечка/DE online1/git/de_7/lesson_07/airflow_env/lib/python3.8/site-packages/airflow/example_dags/example_branch_day_of_week_operator.py
[2023-02-10T21:44:41.454+0200] {processor.py:640} INFO - Processing file /Users/v.lytvyniuk/Documents/библиотечка/DE online1/git/de_7/lesson_07/airflow_env/lib/python3.8/site-packages/airflow/example_dags/example_branch_day_of_week_operator.py for tasks to queue
[2023-02-10T21:44:41.454+0200] {logging_mixin.py:115} INFO - [2023-02-10T21:44:41.454+0200] {dagbag.py:508} INFO - Filling up the DagBag from /Users/v.lytvyniuk/Documents/библиотечка/DE online1/git/de_7/lesson_07/airflow_env/lib/python3.8/site-packages/airflow/example_dags/example_branch_day_of_week_operator.py
[2023-02-10T21:44:41.463+0200] {processor.py:650} INFO - DAG(s) dict_keys(['example_weekday_branch_operator']) retrieved from /Users/v.lytvyniuk/Documents/библиотечка/DE online1/git/de_7/lesson_07/airflow_env/lib/python3.8/site-packages/airflow/example_dags/example_branch_day_of_week_operator.py
[2023-02-10T21:44:41.495+0200] {logging_mixin.py:115} INFO - [2023-02-10T21:44:41.495+0200] {dag.py:2429} INFO - Sync 1 DAGs
[2023-02-10T21:44:41.502+0200] {logging_mixin.py:115} INFO - [2023-02-10T21:44:41.502+0200] {dag.py:2977} INFO - Setting next_dagrun for example_weekday_branch_operator to 2023-02-09T00:00:00+00:00, run_after=2023-02-10T00:00:00+00:00
[2023-02-10T21:44:41.508+0200] {processor.py:161} INFO - Processing /Users/v.lytvyniuk/Documents/библиотечка/DE online1/git/de_7/lesson_07/airflow_env/lib/python3.8/site-packages/airflow/example_dags/example_branch_day_of_week_operator.py took 0.058 seconds
[2023-02-10T21:45:30.937+0200] {processor.py:153} INFO - Started process (PID=50954) to work on /Users/v.lytvyniuk/Documents/библиотечка/DE online1/git/de_7/lesson_07/airflow_env/lib/python3.8/site-packages/airflow/example_dags/example_branch_day_of_week_operator.py
[2023-02-10T21:45:30.941+0200] {processor.py:640} INFO - Processing file /Users/v.lytvyniuk/Documents/библиотечка/DE online1/git/de_7/lesson_07/airflow_env/lib/python3.8/site-packages/airflow/example_dags/example_branch_day_of_week_operator.py for tasks to queue
[2023-02-10T21:45:30.941+0200] {logging_mixin.py:115} INFO - [2023-02-10T21:45:30.941+0200] {dagbag.py:508} INFO - Filling up the DagBag from /Users/v.lytvyniuk/Documents/библиотечка/DE online1/git/de_7/lesson_07/airflow_env/lib/python3.8/site-packages/airflow/example_dags/example_branch_day_of_week_operator.py
[2023-02-10T21:45:30.950+0200] {processor.py:650} INFO - DAG(s) dict_keys(['example_weekday_branch_operator']) retrieved from /Users/v.lytvyniuk/Documents/библиотечка/DE online1/git/de_7/lesson_07/airflow_env/lib/python3.8/site-packages/airflow/example_dags/example_branch_day_of_week_operator.py
[2023-02-10T21:45:30.980+0200] {logging_mixin.py:115} INFO - [2023-02-10T21:45:30.980+0200] {dag.py:2429} INFO - Sync 1 DAGs
[2023-02-10T21:45:30.987+0200] {logging_mixin.py:115} INFO - [2023-02-10T21:45:30.987+0200] {dag.py:2977} INFO - Setting next_dagrun for example_weekday_branch_operator to 2023-02-09T00:00:00+00:00, run_after=2023-02-10T00:00:00+00:00
[2023-02-10T21:45:30.992+0200] {processor.py:161} INFO - Processing /Users/v.lytvyniuk/Documents/библиотечка/DE online1/git/de_7/lesson_07/airflow_env/lib/python3.8/site-packages/airflow/example_dags/example_branch_day_of_week_operator.py took 0.055 seconds
[2023-02-10T21:46:24.320+0200] {processor.py:153} INFO - Started process (PID=51086) to work on /Users/v.lytvyniuk/Documents/библиотечка/DE online1/git/de_7/lesson_07/airflow_env/lib/python3.8/site-packages/airflow/example_dags/example_branch_day_of_week_operator.py
[2023-02-10T21:46:24.323+0200] {processor.py:640} INFO - Processing file /Users/v.lytvyniuk/Documents/библиотечка/DE online1/git/de_7/lesson_07/airflow_env/lib/python3.8/site-packages/airflow/example_dags/example_branch_day_of_week_operator.py for tasks to queue
[2023-02-10T21:46:24.324+0200] {logging_mixin.py:115} INFO - [2023-02-10T21:46:24.324+0200] {dagbag.py:508} INFO - Filling up the DagBag from /Users/v.lytvyniuk/Documents/библиотечка/DE online1/git/de_7/lesson_07/airflow_env/lib/python3.8/site-packages/airflow/example_dags/example_branch_day_of_week_operator.py
[2023-02-10T21:46:24.333+0200] {processor.py:650} INFO - DAG(s) dict_keys(['example_weekday_branch_operator']) retrieved from /Users/v.lytvyniuk/Documents/библиотечка/DE online1/git/de_7/lesson_07/airflow_env/lib/python3.8/site-packages/airflow/example_dags/example_branch_day_of_week_operator.py
[2023-02-10T21:46:24.396+0200] {logging_mixin.py:115} INFO - [2023-02-10T21:46:24.396+0200] {dag.py:2429} INFO - Sync 1 DAGs
[2023-02-10T21:46:24.405+0200] {logging_mixin.py:115} INFO - [2023-02-10T21:46:24.405+0200] {dag.py:2977} INFO - Setting next_dagrun for example_weekday_branch_operator to 2023-02-09T00:00:00+00:00, run_after=2023-02-10T00:00:00+00:00
[2023-02-10T21:46:24.412+0200] {processor.py:161} INFO - Processing /Users/v.lytvyniuk/Documents/библиотечка/DE online1/git/de_7/lesson_07/airflow_env/lib/python3.8/site-packages/airflow/example_dags/example_branch_day_of_week_operator.py took 0.093 seconds
[2023-02-10T21:47:13.570+0200] {processor.py:153} INFO - Started process (PID=51482) to work on /Users/v.lytvyniuk/Documents/библиотечка/DE online1/git/de_7/lesson_07/airflow_env/lib/python3.8/site-packages/airflow/example_dags/example_branch_day_of_week_operator.py
[2023-02-10T21:47:13.573+0200] {processor.py:640} INFO - Processing file /Users/v.lytvyniuk/Documents/библиотечка/DE online1/git/de_7/lesson_07/airflow_env/lib/python3.8/site-packages/airflow/example_dags/example_branch_day_of_week_operator.py for tasks to queue
[2023-02-10T21:47:13.573+0200] {logging_mixin.py:115} INFO - [2023-02-10T21:47:13.573+0200] {dagbag.py:508} INFO - Filling up the DagBag from /Users/v.lytvyniuk/Documents/библиотечка/DE online1/git/de_7/lesson_07/airflow_env/lib/python3.8/site-packages/airflow/example_dags/example_branch_day_of_week_operator.py
[2023-02-10T21:47:13.583+0200] {processor.py:650} INFO - DAG(s) dict_keys(['example_weekday_branch_operator']) retrieved from /Users/v.lytvyniuk/Documents/библиотечка/DE online1/git/de_7/lesson_07/airflow_env/lib/python3.8/site-packages/airflow/example_dags/example_branch_day_of_week_operator.py
[2023-02-10T21:47:13.617+0200] {logging_mixin.py:115} INFO - [2023-02-10T21:47:13.617+0200] {dag.py:2429} INFO - Sync 1 DAGs
[2023-02-10T21:47:13.626+0200] {logging_mixin.py:115} INFO - [2023-02-10T21:47:13.626+0200] {dag.py:2977} INFO - Setting next_dagrun for example_weekday_branch_operator to 2023-02-09T00:00:00+00:00, run_after=2023-02-10T00:00:00+00:00
[2023-02-10T21:47:13.632+0200] {processor.py:161} INFO - Processing /Users/v.lytvyniuk/Documents/библиотечка/DE online1/git/de_7/lesson_07/airflow_env/lib/python3.8/site-packages/airflow/example_dags/example_branch_day_of_week_operator.py took 0.062 seconds
[2023-02-10T21:54:10.972+0200] {processor.py:153} INFO - Started process (PID=2635) to work on /Users/v.lytvyniuk/Documents/библиотечка/DE online1/git/de_7/lesson_07/airflow_env/lib/python3.8/site-packages/airflow/example_dags/example_branch_day_of_week_operator.py
[2023-02-10T21:54:10.975+0200] {processor.py:640} INFO - Processing file /Users/v.lytvyniuk/Documents/библиотечка/DE online1/git/de_7/lesson_07/airflow_env/lib/python3.8/site-packages/airflow/example_dags/example_branch_day_of_week_operator.py for tasks to queue
[2023-02-10T21:54:10.976+0200] {logging_mixin.py:115} INFO - [2023-02-10T21:54:10.975+0200] {dagbag.py:508} INFO - Filling up the DagBag from /Users/v.lytvyniuk/Documents/библиотечка/DE online1/git/de_7/lesson_07/airflow_env/lib/python3.8/site-packages/airflow/example_dags/example_branch_day_of_week_operator.py
[2023-02-10T21:54:10.984+0200] {processor.py:650} INFO - DAG(s) dict_keys(['example_weekday_branch_operator']) retrieved from /Users/v.lytvyniuk/Documents/библиотечка/DE online1/git/de_7/lesson_07/airflow_env/lib/python3.8/site-packages/airflow/example_dags/example_branch_day_of_week_operator.py
[2023-02-10T21:54:11.041+0200] {logging_mixin.py:115} INFO - [2023-02-10T21:54:11.040+0200] {dag.py:2429} INFO - Sync 1 DAGs
[2023-02-10T21:54:11.048+0200] {logging_mixin.py:115} INFO - [2023-02-10T21:54:11.048+0200] {dag.py:2977} INFO - Setting next_dagrun for example_weekday_branch_operator to 2023-02-09T00:00:00+00:00, run_after=2023-02-10T00:00:00+00:00
[2023-02-10T21:54:11.054+0200] {processor.py:161} INFO - Processing /Users/v.lytvyniuk/Documents/библиотечка/DE online1/git/de_7/lesson_07/airflow_env/lib/python3.8/site-packages/airflow/example_dags/example_branch_day_of_week_operator.py took 0.082 seconds
[2023-02-10T21:55:02.550+0200] {processor.py:153} INFO - Started process (PID=2844) to work on /Users/v.lytvyniuk/Documents/библиотечка/DE online1/git/de_7/lesson_07/airflow_env/lib/python3.8/site-packages/airflow/example_dags/example_branch_day_of_week_operator.py
[2023-02-10T21:55:02.553+0200] {processor.py:640} INFO - Processing file /Users/v.lytvyniuk/Documents/библиотечка/DE online1/git/de_7/lesson_07/airflow_env/lib/python3.8/site-packages/airflow/example_dags/example_branch_day_of_week_operator.py for tasks to queue
[2023-02-10T21:55:02.553+0200] {logging_mixin.py:115} INFO - [2023-02-10T21:55:02.553+0200] {dagbag.py:508} INFO - Filling up the DagBag from /Users/v.lytvyniuk/Documents/библиотечка/DE online1/git/de_7/lesson_07/airflow_env/lib/python3.8/site-packages/airflow/example_dags/example_branch_day_of_week_operator.py
[2023-02-10T21:55:02.562+0200] {processor.py:650} INFO - DAG(s) dict_keys(['example_weekday_branch_operator']) retrieved from /Users/v.lytvyniuk/Documents/библиотечка/DE online1/git/de_7/lesson_07/airflow_env/lib/python3.8/site-packages/airflow/example_dags/example_branch_day_of_week_operator.py
[2023-02-10T21:55:02.592+0200] {logging_mixin.py:115} INFO - [2023-02-10T21:55:02.592+0200] {dag.py:2429} INFO - Sync 1 DAGs
[2023-02-10T21:55:02.599+0200] {logging_mixin.py:115} INFO - [2023-02-10T21:55:02.599+0200] {dag.py:2977} INFO - Setting next_dagrun for example_weekday_branch_operator to 2023-02-09T00:00:00+00:00, run_after=2023-02-10T00:00:00+00:00
[2023-02-10T21:55:02.604+0200] {processor.py:161} INFO - Processing /Users/v.lytvyniuk/Documents/библиотечка/DE online1/git/de_7/lesson_07/airflow_env/lib/python3.8/site-packages/airflow/example_dags/example_branch_day_of_week_operator.py took 0.055 seconds
[2023-02-10T21:55:54.149+0200] {processor.py:153} INFO - Started process (PID=3015) to work on /Users/v.lytvyniuk/Documents/библиотечка/DE online1/git/de_7/lesson_07/airflow_env/lib/python3.8/site-packages/airflow/example_dags/example_branch_day_of_week_operator.py
[2023-02-10T21:55:54.153+0200] {processor.py:640} INFO - Processing file /Users/v.lytvyniuk/Documents/библиотечка/DE online1/git/de_7/lesson_07/airflow_env/lib/python3.8/site-packages/airflow/example_dags/example_branch_day_of_week_operator.py for tasks to queue
[2023-02-10T21:55:54.153+0200] {logging_mixin.py:115} INFO - [2023-02-10T21:55:54.153+0200] {dagbag.py:508} INFO - Filling up the DagBag from /Users/v.lytvyniuk/Documents/библиотечка/DE online1/git/de_7/lesson_07/airflow_env/lib/python3.8/site-packages/airflow/example_dags/example_branch_day_of_week_operator.py
[2023-02-10T21:55:54.161+0200] {processor.py:650} INFO - DAG(s) dict_keys(['example_weekday_branch_operator']) retrieved from /Users/v.lytvyniuk/Documents/библиотечка/DE online1/git/de_7/lesson_07/airflow_env/lib/python3.8/site-packages/airflow/example_dags/example_branch_day_of_week_operator.py
[2023-02-10T21:55:54.192+0200] {logging_mixin.py:115} INFO - [2023-02-10T21:55:54.192+0200] {dag.py:2429} INFO - Sync 1 DAGs
[2023-02-10T21:55:54.200+0200] {logging_mixin.py:115} INFO - [2023-02-10T21:55:54.200+0200] {dag.py:2977} INFO - Setting next_dagrun for example_weekday_branch_operator to 2023-02-09T00:00:00+00:00, run_after=2023-02-10T00:00:00+00:00
[2023-02-10T21:55:54.205+0200] {processor.py:161} INFO - Processing /Users/v.lytvyniuk/Documents/библиотечка/DE online1/git/de_7/lesson_07/airflow_env/lib/python3.8/site-packages/airflow/example_dags/example_branch_day_of_week_operator.py took 0.056 seconds
[2023-02-10T21:56:47.244+0200] {processor.py:153} INFO - Started process (PID=3170) to work on /Users/v.lytvyniuk/Documents/библиотечка/DE online1/git/de_7/lesson_07/airflow_env/lib/python3.8/site-packages/airflow/example_dags/example_branch_day_of_week_operator.py
[2023-02-10T21:56:47.247+0200] {processor.py:640} INFO - Processing file /Users/v.lytvyniuk/Documents/библиотечка/DE online1/git/de_7/lesson_07/airflow_env/lib/python3.8/site-packages/airflow/example_dags/example_branch_day_of_week_operator.py for tasks to queue
[2023-02-10T21:56:47.248+0200] {logging_mixin.py:115} INFO - [2023-02-10T21:56:47.248+0200] {dagbag.py:508} INFO - Filling up the DagBag from /Users/v.lytvyniuk/Documents/библиотечка/DE online1/git/de_7/lesson_07/airflow_env/lib/python3.8/site-packages/airflow/example_dags/example_branch_day_of_week_operator.py
[2023-02-10T21:56:47.258+0200] {processor.py:650} INFO - DAG(s) dict_keys(['example_weekday_branch_operator']) retrieved from /Users/v.lytvyniuk/Documents/библиотечка/DE online1/git/de_7/lesson_07/airflow_env/lib/python3.8/site-packages/airflow/example_dags/example_branch_day_of_week_operator.py
[2023-02-10T21:56:47.289+0200] {logging_mixin.py:115} INFO - [2023-02-10T21:56:47.289+0200] {dag.py:2429} INFO - Sync 1 DAGs
[2023-02-10T21:56:47.297+0200] {logging_mixin.py:115} INFO - [2023-02-10T21:56:47.297+0200] {dag.py:2977} INFO - Setting next_dagrun for example_weekday_branch_operator to 2023-02-09T00:00:00+00:00, run_after=2023-02-10T00:00:00+00:00
[2023-02-10T21:56:47.302+0200] {processor.py:161} INFO - Processing /Users/v.lytvyniuk/Documents/библиотечка/DE online1/git/de_7/lesson_07/airflow_env/lib/python3.8/site-packages/airflow/example_dags/example_branch_day_of_week_operator.py took 0.059 seconds
[2023-02-10T21:57:39.671+0200] {processor.py:153} INFO - Started process (PID=3329) to work on /Users/v.lytvyniuk/Documents/библиотечка/DE online1/git/de_7/lesson_07/airflow_env/lib/python3.8/site-packages/airflow/example_dags/example_branch_day_of_week_operator.py
[2023-02-10T21:57:39.674+0200] {processor.py:640} INFO - Processing file /Users/v.lytvyniuk/Documents/библиотечка/DE online1/git/de_7/lesson_07/airflow_env/lib/python3.8/site-packages/airflow/example_dags/example_branch_day_of_week_operator.py for tasks to queue
[2023-02-10T21:57:39.674+0200] {logging_mixin.py:115} INFO - [2023-02-10T21:57:39.674+0200] {dagbag.py:508} INFO - Filling up the DagBag from /Users/v.lytvyniuk/Documents/библиотечка/DE online1/git/de_7/lesson_07/airflow_env/lib/python3.8/site-packages/airflow/example_dags/example_branch_day_of_week_operator.py
[2023-02-10T21:57:39.683+0200] {processor.py:650} INFO - DAG(s) dict_keys(['example_weekday_branch_operator']) retrieved from /Users/v.lytvyniuk/Documents/библиотечка/DE online1/git/de_7/lesson_07/airflow_env/lib/python3.8/site-packages/airflow/example_dags/example_branch_day_of_week_operator.py
[2023-02-10T21:57:39.716+0200] {logging_mixin.py:115} INFO - [2023-02-10T21:57:39.716+0200] {dag.py:2429} INFO - Sync 1 DAGs
[2023-02-10T21:57:39.725+0200] {logging_mixin.py:115} INFO - [2023-02-10T21:57:39.724+0200] {dag.py:2977} INFO - Setting next_dagrun for example_weekday_branch_operator to 2023-02-09T00:00:00+00:00, run_after=2023-02-10T00:00:00+00:00
[2023-02-10T21:57:39.730+0200] {processor.py:161} INFO - Processing /Users/v.lytvyniuk/Documents/библиотечка/DE online1/git/de_7/lesson_07/airflow_env/lib/python3.8/site-packages/airflow/example_dags/example_branch_day_of_week_operator.py took 0.060 seconds
