[2023-02-10T21:32:45.619+0200] {processor.py:153} INFO - Started process (PID=48362) to work on /Users/v.lytvyniuk/Documents/библиотечка/DE online1/git/de_7/lesson_07/airflow_env/lib/python3.8/site-packages/airflow/example_dags/example_complex.py
[2023-02-10T21:32:45.622+0200] {processor.py:640} INFO - Processing file /Users/v.lytvyniuk/Documents/библиотечка/DE online1/git/de_7/lesson_07/airflow_env/lib/python3.8/site-packages/airflow/example_dags/example_complex.py for tasks to queue
[2023-02-10T21:32:45.622+0200] {logging_mixin.py:115} INFO - [2023-02-10T21:32:45.622+0200] {dagbag.py:508} INFO - Filling up the DagBag from /Users/v.lytvyniuk/Documents/библиотечка/DE online1/git/de_7/lesson_07/airflow_env/lib/python3.8/site-packages/airflow/example_dags/example_complex.py
[2023-02-10T21:32:45.632+0200] {processor.py:650} INFO - DAG(s) dict_keys(['example_complex']) retrieved from /Users/v.lytvyniuk/Documents/библиотечка/DE online1/git/de_7/lesson_07/airflow_env/lib/python3.8/site-packages/airflow/example_dags/example_complex.py
[2023-02-10T21:32:46.021+0200] {logging_mixin.py:115} INFO - [2023-02-10T21:32:46.021+0200] {manager.py:508} INFO - Created Permission View: can read on DAG:example_complex
[2023-02-10T21:32:46.026+0200] {logging_mixin.py:115} INFO - [2023-02-10T21:32:46.026+0200] {manager.py:508} INFO - Created Permission View: can edit on DAG:example_complex
[2023-02-10T21:32:46.029+0200] {logging_mixin.py:115} INFO - [2023-02-10T21:32:46.029+0200] {manager.py:508} INFO - Created Permission View: can delete on DAG:example_complex
[2023-02-10T21:32:46.029+0200] {logging_mixin.py:115} INFO - [2023-02-10T21:32:46.029+0200] {dag.py:2429} INFO - Sync 1 DAGs
[2023-02-10T21:32:46.033+0200] {logging_mixin.py:115} INFO - [2023-02-10T21:32:46.033+0200] {dag.py:2448} INFO - Creating ORM DAG for example_complex
[2023-02-10T21:32:46.037+0200] {logging_mixin.py:115} INFO - [2023-02-10T21:32:46.037+0200] {dag.py:2977} INFO - Setting next_dagrun for example_complex to None, run_after=None
[2023-02-10T21:32:46.045+0200] {processor.py:161} INFO - Processing /Users/v.lytvyniuk/Documents/библиотечка/DE online1/git/de_7/lesson_07/airflow_env/lib/python3.8/site-packages/airflow/example_dags/example_complex.py took 0.426 seconds
[2023-02-10T21:35:18.754+0200] {processor.py:153} INFO - Started process (PID=48833) to work on /Users/v.lytvyniuk/Documents/библиотечка/DE online1/git/de_7/lesson_07/airflow_env/lib/python3.8/site-packages/airflow/example_dags/example_complex.py
[2023-02-10T21:35:18.757+0200] {processor.py:640} INFO - Processing file /Users/v.lytvyniuk/Documents/библиотечка/DE online1/git/de_7/lesson_07/airflow_env/lib/python3.8/site-packages/airflow/example_dags/example_complex.py for tasks to queue
[2023-02-10T21:35:18.757+0200] {logging_mixin.py:115} INFO - [2023-02-10T21:35:18.757+0200] {dagbag.py:508} INFO - Filling up the DagBag from /Users/v.lytvyniuk/Documents/библиотечка/DE online1/git/de_7/lesson_07/airflow_env/lib/python3.8/site-packages/airflow/example_dags/example_complex.py
[2023-02-10T21:35:18.769+0200] {processor.py:650} INFO - DAG(s) dict_keys(['example_complex']) retrieved from /Users/v.lytvyniuk/Documents/библиотечка/DE online1/git/de_7/lesson_07/airflow_env/lib/python3.8/site-packages/airflow/example_dags/example_complex.py
[2023-02-10T21:35:18.805+0200] {logging_mixin.py:115} INFO - [2023-02-10T21:35:18.805+0200] {dag.py:2429} INFO - Sync 1 DAGs
[2023-02-10T21:35:18.813+0200] {logging_mixin.py:115} INFO - [2023-02-10T21:35:18.813+0200] {dag.py:2977} INFO - Setting next_dagrun for example_complex to None, run_after=None
[2023-02-10T21:35:18.819+0200] {processor.py:161} INFO - Processing /Users/v.lytvyniuk/Documents/библиотечка/DE online1/git/de_7/lesson_07/airflow_env/lib/python3.8/site-packages/airflow/example_dags/example_complex.py took 0.066 seconds
[2023-02-10T21:36:10.260+0200] {processor.py:153} INFO - Started process (PID=48972) to work on /Users/v.lytvyniuk/Documents/библиотечка/DE online1/git/de_7/lesson_07/airflow_env/lib/python3.8/site-packages/airflow/example_dags/example_complex.py
[2023-02-10T21:36:10.263+0200] {processor.py:640} INFO - Processing file /Users/v.lytvyniuk/Documents/библиотечка/DE online1/git/de_7/lesson_07/airflow_env/lib/python3.8/site-packages/airflow/example_dags/example_complex.py for tasks to queue
[2023-02-10T21:36:10.263+0200] {logging_mixin.py:115} INFO - [2023-02-10T21:36:10.263+0200] {dagbag.py:508} INFO - Filling up the DagBag from /Users/v.lytvyniuk/Documents/библиотечка/DE online1/git/de_7/lesson_07/airflow_env/lib/python3.8/site-packages/airflow/example_dags/example_complex.py
[2023-02-10T21:36:10.274+0200] {processor.py:650} INFO - DAG(s) dict_keys(['example_complex']) retrieved from /Users/v.lytvyniuk/Documents/библиотечка/DE online1/git/de_7/lesson_07/airflow_env/lib/python3.8/site-packages/airflow/example_dags/example_complex.py
[2023-02-10T21:36:10.307+0200] {logging_mixin.py:115} INFO - [2023-02-10T21:36:10.307+0200] {dag.py:2429} INFO - Sync 1 DAGs
[2023-02-10T21:36:10.315+0200] {logging_mixin.py:115} INFO - [2023-02-10T21:36:10.315+0200] {dag.py:2977} INFO - Setting next_dagrun for example_complex to None, run_after=None
[2023-02-10T21:36:10.320+0200] {processor.py:161} INFO - Processing /Users/v.lytvyniuk/Documents/библиотечка/DE online1/git/de_7/lesson_07/airflow_env/lib/python3.8/site-packages/airflow/example_dags/example_complex.py took 0.060 seconds
[2023-02-10T21:37:00.482+0200] {processor.py:153} INFO - Started process (PID=49129) to work on /Users/v.lytvyniuk/Documents/библиотечка/DE online1/git/de_7/lesson_07/airflow_env/lib/python3.8/site-packages/airflow/example_dags/example_complex.py
[2023-02-10T21:37:00.485+0200] {processor.py:640} INFO - Processing file /Users/v.lytvyniuk/Documents/библиотечка/DE online1/git/de_7/lesson_07/airflow_env/lib/python3.8/site-packages/airflow/example_dags/example_complex.py for tasks to queue
[2023-02-10T21:37:00.485+0200] {logging_mixin.py:115} INFO - [2023-02-10T21:37:00.485+0200] {dagbag.py:508} INFO - Filling up the DagBag from /Users/v.lytvyniuk/Documents/библиотечка/DE online1/git/de_7/lesson_07/airflow_env/lib/python3.8/site-packages/airflow/example_dags/example_complex.py
[2023-02-10T21:37:00.495+0200] {processor.py:650} INFO - DAG(s) dict_keys(['example_complex']) retrieved from /Users/v.lytvyniuk/Documents/библиотечка/DE online1/git/de_7/lesson_07/airflow_env/lib/python3.8/site-packages/airflow/example_dags/example_complex.py
[2023-02-10T21:37:00.528+0200] {logging_mixin.py:115} INFO - [2023-02-10T21:37:00.528+0200] {dag.py:2429} INFO - Sync 1 DAGs
[2023-02-10T21:37:00.534+0200] {logging_mixin.py:115} INFO - [2023-02-10T21:37:00.534+0200] {dag.py:2977} INFO - Setting next_dagrun for example_complex to None, run_after=None
[2023-02-10T21:37:00.539+0200] {processor.py:161} INFO - Processing /Users/v.lytvyniuk/Documents/библиотечка/DE online1/git/de_7/lesson_07/airflow_env/lib/python3.8/site-packages/airflow/example_dags/example_complex.py took 0.058 seconds
[2023-02-10T21:37:50.006+0200] {processor.py:153} INFO - Started process (PID=49263) to work on /Users/v.lytvyniuk/Documents/библиотечка/DE online1/git/de_7/lesson_07/airflow_env/lib/python3.8/site-packages/airflow/example_dags/example_complex.py
[2023-02-10T21:37:50.009+0200] {processor.py:640} INFO - Processing file /Users/v.lytvyniuk/Documents/библиотечка/DE online1/git/de_7/lesson_07/airflow_env/lib/python3.8/site-packages/airflow/example_dags/example_complex.py for tasks to queue
[2023-02-10T21:37:50.009+0200] {logging_mixin.py:115} INFO - [2023-02-10T21:37:50.009+0200] {dagbag.py:508} INFO - Filling up the DagBag from /Users/v.lytvyniuk/Documents/библиотечка/DE online1/git/de_7/lesson_07/airflow_env/lib/python3.8/site-packages/airflow/example_dags/example_complex.py
[2023-02-10T21:37:50.021+0200] {processor.py:650} INFO - DAG(s) dict_keys(['example_complex']) retrieved from /Users/v.lytvyniuk/Documents/библиотечка/DE online1/git/de_7/lesson_07/airflow_env/lib/python3.8/site-packages/airflow/example_dags/example_complex.py
[2023-02-10T21:37:50.056+0200] {logging_mixin.py:115} INFO - [2023-02-10T21:37:50.056+0200] {dag.py:2429} INFO - Sync 1 DAGs
[2023-02-10T21:37:50.064+0200] {logging_mixin.py:115} INFO - [2023-02-10T21:37:50.064+0200] {dag.py:2977} INFO - Setting next_dagrun for example_complex to None, run_after=None
[2023-02-10T21:37:50.069+0200] {processor.py:161} INFO - Processing /Users/v.lytvyniuk/Documents/библиотечка/DE online1/git/de_7/lesson_07/airflow_env/lib/python3.8/site-packages/airflow/example_dags/example_complex.py took 0.064 seconds
[2023-02-10T21:38:40.166+0200] {processor.py:153} INFO - Started process (PID=49390) to work on /Users/v.lytvyniuk/Documents/библиотечка/DE online1/git/de_7/lesson_07/airflow_env/lib/python3.8/site-packages/airflow/example_dags/example_complex.py
[2023-02-10T21:38:40.170+0200] {processor.py:640} INFO - Processing file /Users/v.lytvyniuk/Documents/библиотечка/DE online1/git/de_7/lesson_07/airflow_env/lib/python3.8/site-packages/airflow/example_dags/example_complex.py for tasks to queue
[2023-02-10T21:38:40.170+0200] {logging_mixin.py:115} INFO - [2023-02-10T21:38:40.170+0200] {dagbag.py:508} INFO - Filling up the DagBag from /Users/v.lytvyniuk/Documents/библиотечка/DE online1/git/de_7/lesson_07/airflow_env/lib/python3.8/site-packages/airflow/example_dags/example_complex.py
[2023-02-10T21:38:40.182+0200] {processor.py:650} INFO - DAG(s) dict_keys(['example_complex']) retrieved from /Users/v.lytvyniuk/Documents/библиотечка/DE online1/git/de_7/lesson_07/airflow_env/lib/python3.8/site-packages/airflow/example_dags/example_complex.py
[2023-02-10T21:38:40.216+0200] {logging_mixin.py:115} INFO - [2023-02-10T21:38:40.216+0200] {dag.py:2429} INFO - Sync 1 DAGs
[2023-02-10T21:38:40.222+0200] {logging_mixin.py:115} INFO - [2023-02-10T21:38:40.222+0200] {dag.py:2977} INFO - Setting next_dagrun for example_complex to None, run_after=None
[2023-02-10T21:38:40.228+0200] {processor.py:161} INFO - Processing /Users/v.lytvyniuk/Documents/библиотечка/DE online1/git/de_7/lesson_07/airflow_env/lib/python3.8/site-packages/airflow/example_dags/example_complex.py took 0.062 seconds
[2023-02-10T21:39:30.059+0200] {processor.py:153} INFO - Started process (PID=49595) to work on /Users/v.lytvyniuk/Documents/библиотечка/DE online1/git/de_7/lesson_07/airflow_env/lib/python3.8/site-packages/airflow/example_dags/example_complex.py
[2023-02-10T21:39:30.062+0200] {processor.py:640} INFO - Processing file /Users/v.lytvyniuk/Documents/библиотечка/DE online1/git/de_7/lesson_07/airflow_env/lib/python3.8/site-packages/airflow/example_dags/example_complex.py for tasks to queue
[2023-02-10T21:39:30.062+0200] {logging_mixin.py:115} INFO - [2023-02-10T21:39:30.062+0200] {dagbag.py:508} INFO - Filling up the DagBag from /Users/v.lytvyniuk/Documents/библиотечка/DE online1/git/de_7/lesson_07/airflow_env/lib/python3.8/site-packages/airflow/example_dags/example_complex.py
[2023-02-10T21:39:30.073+0200] {processor.py:650} INFO - DAG(s) dict_keys(['example_complex']) retrieved from /Users/v.lytvyniuk/Documents/библиотечка/DE online1/git/de_7/lesson_07/airflow_env/lib/python3.8/site-packages/airflow/example_dags/example_complex.py
[2023-02-10T21:39:30.108+0200] {logging_mixin.py:115} INFO - [2023-02-10T21:39:30.107+0200] {dag.py:2429} INFO - Sync 1 DAGs
[2023-02-10T21:39:30.115+0200] {logging_mixin.py:115} INFO - [2023-02-10T21:39:30.115+0200] {dag.py:2977} INFO - Setting next_dagrun for example_complex to None, run_after=None
[2023-02-10T21:39:30.121+0200] {processor.py:161} INFO - Processing /Users/v.lytvyniuk/Documents/библиотечка/DE online1/git/de_7/lesson_07/airflow_env/lib/python3.8/site-packages/airflow/example_dags/example_complex.py took 0.062 seconds
[2023-02-10T21:40:19.035+0200] {processor.py:153} INFO - Started process (PID=49735) to work on /Users/v.lytvyniuk/Documents/библиотечка/DE online1/git/de_7/lesson_07/airflow_env/lib/python3.8/site-packages/airflow/example_dags/example_complex.py
[2023-02-10T21:40:19.038+0200] {processor.py:640} INFO - Processing file /Users/v.lytvyniuk/Documents/библиотечка/DE online1/git/de_7/lesson_07/airflow_env/lib/python3.8/site-packages/airflow/example_dags/example_complex.py for tasks to queue
[2023-02-10T21:40:19.039+0200] {logging_mixin.py:115} INFO - [2023-02-10T21:40:19.039+0200] {dagbag.py:508} INFO - Filling up the DagBag from /Users/v.lytvyniuk/Documents/библиотечка/DE online1/git/de_7/lesson_07/airflow_env/lib/python3.8/site-packages/airflow/example_dags/example_complex.py
[2023-02-10T21:40:19.049+0200] {processor.py:650} INFO - DAG(s) dict_keys(['example_complex']) retrieved from /Users/v.lytvyniuk/Documents/библиотечка/DE online1/git/de_7/lesson_07/airflow_env/lib/python3.8/site-packages/airflow/example_dags/example_complex.py
[2023-02-10T21:40:19.082+0200] {logging_mixin.py:115} INFO - [2023-02-10T21:40:19.082+0200] {dag.py:2429} INFO - Sync 1 DAGs
[2023-02-10T21:40:19.088+0200] {logging_mixin.py:115} INFO - [2023-02-10T21:40:19.088+0200] {dag.py:2977} INFO - Setting next_dagrun for example_complex to None, run_after=None
[2023-02-10T21:40:19.094+0200] {processor.py:161} INFO - Processing /Users/v.lytvyniuk/Documents/библиотечка/DE online1/git/de_7/lesson_07/airflow_env/lib/python3.8/site-packages/airflow/example_dags/example_complex.py took 0.059 seconds
[2023-02-10T21:41:09.777+0200] {processor.py:153} INFO - Started process (PID=49876) to work on /Users/v.lytvyniuk/Documents/библиотечка/DE online1/git/de_7/lesson_07/airflow_env/lib/python3.8/site-packages/airflow/example_dags/example_complex.py
[2023-02-10T21:41:09.780+0200] {processor.py:640} INFO - Processing file /Users/v.lytvyniuk/Documents/библиотечка/DE online1/git/de_7/lesson_07/airflow_env/lib/python3.8/site-packages/airflow/example_dags/example_complex.py for tasks to queue
[2023-02-10T21:41:09.780+0200] {logging_mixin.py:115} INFO - [2023-02-10T21:41:09.780+0200] {dagbag.py:508} INFO - Filling up the DagBag from /Users/v.lytvyniuk/Documents/библиотечка/DE online1/git/de_7/lesson_07/airflow_env/lib/python3.8/site-packages/airflow/example_dags/example_complex.py
[2023-02-10T21:41:09.791+0200] {processor.py:650} INFO - DAG(s) dict_keys(['example_complex']) retrieved from /Users/v.lytvyniuk/Documents/библиотечка/DE online1/git/de_7/lesson_07/airflow_env/lib/python3.8/site-packages/airflow/example_dags/example_complex.py
[2023-02-10T21:41:09.824+0200] {logging_mixin.py:115} INFO - [2023-02-10T21:41:09.824+0200] {dag.py:2429} INFO - Sync 1 DAGs
[2023-02-10T21:41:09.831+0200] {logging_mixin.py:115} INFO - [2023-02-10T21:41:09.831+0200] {dag.py:2977} INFO - Setting next_dagrun for example_complex to None, run_after=None
[2023-02-10T21:41:09.836+0200] {processor.py:161} INFO - Processing /Users/v.lytvyniuk/Documents/библиотечка/DE online1/git/de_7/lesson_07/airflow_env/lib/python3.8/site-packages/airflow/example_dags/example_complex.py took 0.060 seconds
[2023-02-10T21:42:01.119+0200] {processor.py:153} INFO - Started process (PID=50011) to work on /Users/v.lytvyniuk/Documents/библиотечка/DE online1/git/de_7/lesson_07/airflow_env/lib/python3.8/site-packages/airflow/example_dags/example_complex.py
[2023-02-10T21:42:01.122+0200] {processor.py:640} INFO - Processing file /Users/v.lytvyniuk/Documents/библиотечка/DE online1/git/de_7/lesson_07/airflow_env/lib/python3.8/site-packages/airflow/example_dags/example_complex.py for tasks to queue
[2023-02-10T21:42:01.122+0200] {logging_mixin.py:115} INFO - [2023-02-10T21:42:01.122+0200] {dagbag.py:508} INFO - Filling up the DagBag from /Users/v.lytvyniuk/Documents/библиотечка/DE online1/git/de_7/lesson_07/airflow_env/lib/python3.8/site-packages/airflow/example_dags/example_complex.py
[2023-02-10T21:42:01.132+0200] {processor.py:650} INFO - DAG(s) dict_keys(['example_complex']) retrieved from /Users/v.lytvyniuk/Documents/библиотечка/DE online1/git/de_7/lesson_07/airflow_env/lib/python3.8/site-packages/airflow/example_dags/example_complex.py
[2023-02-10T21:42:01.166+0200] {logging_mixin.py:115} INFO - [2023-02-10T21:42:01.165+0200] {dag.py:2429} INFO - Sync 1 DAGs
[2023-02-10T21:42:01.172+0200] {logging_mixin.py:115} INFO - [2023-02-10T21:42:01.172+0200] {dag.py:2977} INFO - Setting next_dagrun for example_complex to None, run_after=None
[2023-02-10T21:42:01.177+0200] {processor.py:161} INFO - Processing /Users/v.lytvyniuk/Documents/библиотечка/DE online1/git/de_7/lesson_07/airflow_env/lib/python3.8/site-packages/airflow/example_dags/example_complex.py took 0.059 seconds
[2023-02-10T21:42:52.717+0200] {processor.py:153} INFO - Started process (PID=50160) to work on /Users/v.lytvyniuk/Documents/библиотечка/DE online1/git/de_7/lesson_07/airflow_env/lib/python3.8/site-packages/airflow/example_dags/example_complex.py
[2023-02-10T21:42:52.721+0200] {processor.py:640} INFO - Processing file /Users/v.lytvyniuk/Documents/библиотечка/DE online1/git/de_7/lesson_07/airflow_env/lib/python3.8/site-packages/airflow/example_dags/example_complex.py for tasks to queue
[2023-02-10T21:42:52.721+0200] {logging_mixin.py:115} INFO - [2023-02-10T21:42:52.721+0200] {dagbag.py:508} INFO - Filling up the DagBag from /Users/v.lytvyniuk/Documents/библиотечка/DE online1/git/de_7/lesson_07/airflow_env/lib/python3.8/site-packages/airflow/example_dags/example_complex.py
[2023-02-10T21:42:52.736+0200] {processor.py:650} INFO - DAG(s) dict_keys(['example_complex']) retrieved from /Users/v.lytvyniuk/Documents/библиотечка/DE online1/git/de_7/lesson_07/airflow_env/lib/python3.8/site-packages/airflow/example_dags/example_complex.py
[2023-02-10T21:42:52.784+0200] {logging_mixin.py:115} INFO - [2023-02-10T21:42:52.784+0200] {dag.py:2429} INFO - Sync 1 DAGs
[2023-02-10T21:42:52.792+0200] {logging_mixin.py:115} INFO - [2023-02-10T21:42:52.792+0200] {dag.py:2977} INFO - Setting next_dagrun for example_complex to None, run_after=None
[2023-02-10T21:42:52.799+0200] {processor.py:161} INFO - Processing /Users/v.lytvyniuk/Documents/библиотечка/DE online1/git/de_7/lesson_07/airflow_env/lib/python3.8/site-packages/airflow/example_dags/example_complex.py took 0.082 seconds
[2023-02-10T21:43:42.313+0200] {processor.py:153} INFO - Started process (PID=50283) to work on /Users/v.lytvyniuk/Documents/библиотечка/DE online1/git/de_7/lesson_07/airflow_env/lib/python3.8/site-packages/airflow/example_dags/example_complex.py
[2023-02-10T21:43:42.316+0200] {processor.py:640} INFO - Processing file /Users/v.lytvyniuk/Documents/библиотечка/DE online1/git/de_7/lesson_07/airflow_env/lib/python3.8/site-packages/airflow/example_dags/example_complex.py for tasks to queue
[2023-02-10T21:43:42.316+0200] {logging_mixin.py:115} INFO - [2023-02-10T21:43:42.316+0200] {dagbag.py:508} INFO - Filling up the DagBag from /Users/v.lytvyniuk/Documents/библиотечка/DE online1/git/de_7/lesson_07/airflow_env/lib/python3.8/site-packages/airflow/example_dags/example_complex.py
[2023-02-10T21:43:42.325+0200] {processor.py:650} INFO - DAG(s) dict_keys(['example_complex']) retrieved from /Users/v.lytvyniuk/Documents/библиотечка/DE online1/git/de_7/lesson_07/airflow_env/lib/python3.8/site-packages/airflow/example_dags/example_complex.py
[2023-02-10T21:43:42.358+0200] {logging_mixin.py:115} INFO - [2023-02-10T21:43:42.358+0200] {dag.py:2429} INFO - Sync 1 DAGs
[2023-02-10T21:43:42.364+0200] {logging_mixin.py:115} INFO - [2023-02-10T21:43:42.364+0200] {dag.py:2977} INFO - Setting next_dagrun for example_complex to None, run_after=None
[2023-02-10T21:43:42.369+0200] {processor.py:161} INFO - Processing /Users/v.lytvyniuk/Documents/библиотечка/DE online1/git/de_7/lesson_07/airflow_env/lib/python3.8/site-packages/airflow/example_dags/example_complex.py took 0.057 seconds
[2023-02-10T21:44:34.186+0200] {processor.py:153} INFO - Started process (PID=50421) to work on /Users/v.lytvyniuk/Documents/библиотечка/DE online1/git/de_7/lesson_07/airflow_env/lib/python3.8/site-packages/airflow/example_dags/example_complex.py
[2023-02-10T21:44:34.189+0200] {processor.py:640} INFO - Processing file /Users/v.lytvyniuk/Documents/библиотечка/DE online1/git/de_7/lesson_07/airflow_env/lib/python3.8/site-packages/airflow/example_dags/example_complex.py for tasks to queue
[2023-02-10T21:44:34.190+0200] {logging_mixin.py:115} INFO - [2023-02-10T21:44:34.189+0200] {dagbag.py:508} INFO - Filling up the DagBag from /Users/v.lytvyniuk/Documents/библиотечка/DE online1/git/de_7/lesson_07/airflow_env/lib/python3.8/site-packages/airflow/example_dags/example_complex.py
[2023-02-10T21:44:34.202+0200] {processor.py:650} INFO - DAG(s) dict_keys(['example_complex']) retrieved from /Users/v.lytvyniuk/Documents/библиотечка/DE online1/git/de_7/lesson_07/airflow_env/lib/python3.8/site-packages/airflow/example_dags/example_complex.py
[2023-02-10T21:44:34.239+0200] {logging_mixin.py:115} INFO - [2023-02-10T21:44:34.239+0200] {dag.py:2429} INFO - Sync 1 DAGs
[2023-02-10T21:44:34.246+0200] {logging_mixin.py:115} INFO - [2023-02-10T21:44:34.246+0200] {dag.py:2977} INFO - Setting next_dagrun for example_complex to None, run_after=None
[2023-02-10T21:44:34.252+0200] {processor.py:161} INFO - Processing /Users/v.lytvyniuk/Documents/библиотечка/DE online1/git/de_7/lesson_07/airflow_env/lib/python3.8/site-packages/airflow/example_dags/example_complex.py took 0.066 seconds
[2023-02-10T21:45:24.621+0200] {processor.py:153} INFO - Started process (PID=50937) to work on /Users/v.lytvyniuk/Documents/библиотечка/DE online1/git/de_7/lesson_07/airflow_env/lib/python3.8/site-packages/airflow/example_dags/example_complex.py
[2023-02-10T21:45:24.624+0200] {processor.py:640} INFO - Processing file /Users/v.lytvyniuk/Documents/библиотечка/DE online1/git/de_7/lesson_07/airflow_env/lib/python3.8/site-packages/airflow/example_dags/example_complex.py for tasks to queue
[2023-02-10T21:45:24.625+0200] {logging_mixin.py:115} INFO - [2023-02-10T21:45:24.625+0200] {dagbag.py:508} INFO - Filling up the DagBag from /Users/v.lytvyniuk/Documents/библиотечка/DE online1/git/de_7/lesson_07/airflow_env/lib/python3.8/site-packages/airflow/example_dags/example_complex.py
[2023-02-10T21:45:24.635+0200] {processor.py:650} INFO - DAG(s) dict_keys(['example_complex']) retrieved from /Users/v.lytvyniuk/Documents/библиотечка/DE online1/git/de_7/lesson_07/airflow_env/lib/python3.8/site-packages/airflow/example_dags/example_complex.py
[2023-02-10T21:45:24.669+0200] {logging_mixin.py:115} INFO - [2023-02-10T21:45:24.669+0200] {dag.py:2429} INFO - Sync 1 DAGs
[2023-02-10T21:45:24.675+0200] {logging_mixin.py:115} INFO - [2023-02-10T21:45:24.675+0200] {dag.py:2977} INFO - Setting next_dagrun for example_complex to None, run_after=None
[2023-02-10T21:45:24.681+0200] {processor.py:161} INFO - Processing /Users/v.lytvyniuk/Documents/библиотечка/DE online1/git/de_7/lesson_07/airflow_env/lib/python3.8/site-packages/airflow/example_dags/example_complex.py took 0.060 seconds
[2023-02-10T21:46:17.145+0200] {processor.py:153} INFO - Started process (PID=51068) to work on /Users/v.lytvyniuk/Documents/библиотечка/DE online1/git/de_7/lesson_07/airflow_env/lib/python3.8/site-packages/airflow/example_dags/example_complex.py
[2023-02-10T21:46:17.148+0200] {processor.py:640} INFO - Processing file /Users/v.lytvyniuk/Documents/библиотечка/DE online1/git/de_7/lesson_07/airflow_env/lib/python3.8/site-packages/airflow/example_dags/example_complex.py for tasks to queue
[2023-02-10T21:46:17.148+0200] {logging_mixin.py:115} INFO - [2023-02-10T21:46:17.148+0200] {dagbag.py:508} INFO - Filling up the DagBag from /Users/v.lytvyniuk/Documents/библиотечка/DE online1/git/de_7/lesson_07/airflow_env/lib/python3.8/site-packages/airflow/example_dags/example_complex.py
[2023-02-10T21:46:17.158+0200] {processor.py:650} INFO - DAG(s) dict_keys(['example_complex']) retrieved from /Users/v.lytvyniuk/Documents/библиотечка/DE online1/git/de_7/lesson_07/airflow_env/lib/python3.8/site-packages/airflow/example_dags/example_complex.py
[2023-02-10T21:46:17.191+0200] {logging_mixin.py:115} INFO - [2023-02-10T21:46:17.191+0200] {dag.py:2429} INFO - Sync 1 DAGs
[2023-02-10T21:46:17.197+0200] {logging_mixin.py:115} INFO - [2023-02-10T21:46:17.197+0200] {dag.py:2977} INFO - Setting next_dagrun for example_complex to None, run_after=None
[2023-02-10T21:46:17.202+0200] {processor.py:161} INFO - Processing /Users/v.lytvyniuk/Documents/библиотечка/DE online1/git/de_7/lesson_07/airflow_env/lib/python3.8/site-packages/airflow/example_dags/example_complex.py took 0.057 seconds
[2023-02-10T21:47:06.308+0200] {processor.py:153} INFO - Started process (PID=51198) to work on /Users/v.lytvyniuk/Documents/библиотечка/DE online1/git/de_7/lesson_07/airflow_env/lib/python3.8/site-packages/airflow/example_dags/example_complex.py
[2023-02-10T21:47:06.311+0200] {processor.py:640} INFO - Processing file /Users/v.lytvyniuk/Documents/библиотечка/DE online1/git/de_7/lesson_07/airflow_env/lib/python3.8/site-packages/airflow/example_dags/example_complex.py for tasks to queue
[2023-02-10T21:47:06.311+0200] {logging_mixin.py:115} INFO - [2023-02-10T21:47:06.311+0200] {dagbag.py:508} INFO - Filling up the DagBag from /Users/v.lytvyniuk/Documents/библиотечка/DE online1/git/de_7/lesson_07/airflow_env/lib/python3.8/site-packages/airflow/example_dags/example_complex.py
[2023-02-10T21:47:06.321+0200] {processor.py:650} INFO - DAG(s) dict_keys(['example_complex']) retrieved from /Users/v.lytvyniuk/Documents/библиотечка/DE online1/git/de_7/lesson_07/airflow_env/lib/python3.8/site-packages/airflow/example_dags/example_complex.py
[2023-02-10T21:47:06.354+0200] {logging_mixin.py:115} INFO - [2023-02-10T21:47:06.354+0200] {dag.py:2429} INFO - Sync 1 DAGs
[2023-02-10T21:47:06.361+0200] {logging_mixin.py:115} INFO - [2023-02-10T21:47:06.361+0200] {dag.py:2977} INFO - Setting next_dagrun for example_complex to None, run_after=None
[2023-02-10T21:47:06.366+0200] {processor.py:161} INFO - Processing /Users/v.lytvyniuk/Documents/библиотечка/DE online1/git/de_7/lesson_07/airflow_env/lib/python3.8/site-packages/airflow/example_dags/example_complex.py took 0.059 seconds
[2023-02-10T21:54:03.740+0200] {processor.py:153} INFO - Started process (PID=2600) to work on /Users/v.lytvyniuk/Documents/библиотечка/DE online1/git/de_7/lesson_07/airflow_env/lib/python3.8/site-packages/airflow/example_dags/example_complex.py
[2023-02-10T21:54:03.743+0200] {processor.py:640} INFO - Processing file /Users/v.lytvyniuk/Documents/библиотечка/DE online1/git/de_7/lesson_07/airflow_env/lib/python3.8/site-packages/airflow/example_dags/example_complex.py for tasks to queue
[2023-02-10T21:54:03.744+0200] {logging_mixin.py:115} INFO - [2023-02-10T21:54:03.744+0200] {dagbag.py:508} INFO - Filling up the DagBag from /Users/v.lytvyniuk/Documents/библиотечка/DE online1/git/de_7/lesson_07/airflow_env/lib/python3.8/site-packages/airflow/example_dags/example_complex.py
[2023-02-10T21:54:03.755+0200] {processor.py:650} INFO - DAG(s) dict_keys(['example_complex']) retrieved from /Users/v.lytvyniuk/Documents/библиотечка/DE online1/git/de_7/lesson_07/airflow_env/lib/python3.8/site-packages/airflow/example_dags/example_complex.py
[2023-02-10T21:54:03.793+0200] {logging_mixin.py:115} INFO - [2023-02-10T21:54:03.792+0200] {dag.py:2429} INFO - Sync 1 DAGs
[2023-02-10T21:54:03.800+0200] {logging_mixin.py:115} INFO - [2023-02-10T21:54:03.799+0200] {dag.py:2977} INFO - Setting next_dagrun for example_complex to None, run_after=None
[2023-02-10T21:54:03.805+0200] {processor.py:161} INFO - Processing /Users/v.lytvyniuk/Documents/библиотечка/DE online1/git/de_7/lesson_07/airflow_env/lib/python3.8/site-packages/airflow/example_dags/example_complex.py took 0.066 seconds
[2023-02-10T21:54:56.119+0200] {processor.py:153} INFO - Started process (PID=2824) to work on /Users/v.lytvyniuk/Documents/библиотечка/DE online1/git/de_7/lesson_07/airflow_env/lib/python3.8/site-packages/airflow/example_dags/example_complex.py
[2023-02-10T21:54:56.123+0200] {processor.py:640} INFO - Processing file /Users/v.lytvyniuk/Documents/библиотечка/DE online1/git/de_7/lesson_07/airflow_env/lib/python3.8/site-packages/airflow/example_dags/example_complex.py for tasks to queue
[2023-02-10T21:54:56.123+0200] {logging_mixin.py:115} INFO - [2023-02-10T21:54:56.123+0200] {dagbag.py:508} INFO - Filling up the DagBag from /Users/v.lytvyniuk/Documents/библиотечка/DE online1/git/de_7/lesson_07/airflow_env/lib/python3.8/site-packages/airflow/example_dags/example_complex.py
[2023-02-10T21:54:56.133+0200] {processor.py:650} INFO - DAG(s) dict_keys(['example_complex']) retrieved from /Users/v.lytvyniuk/Documents/библиотечка/DE online1/git/de_7/lesson_07/airflow_env/lib/python3.8/site-packages/airflow/example_dags/example_complex.py
[2023-02-10T21:54:56.166+0200] {logging_mixin.py:115} INFO - [2023-02-10T21:54:56.166+0200] {dag.py:2429} INFO - Sync 1 DAGs
[2023-02-10T21:54:56.173+0200] {logging_mixin.py:115} INFO - [2023-02-10T21:54:56.173+0200] {dag.py:2977} INFO - Setting next_dagrun for example_complex to None, run_after=None
[2023-02-10T21:54:56.179+0200] {processor.py:161} INFO - Processing /Users/v.lytvyniuk/Documents/библиотечка/DE online1/git/de_7/lesson_07/airflow_env/lib/python3.8/site-packages/airflow/example_dags/example_complex.py took 0.059 seconds
[2023-02-10T21:55:46.885+0200] {processor.py:153} INFO - Started process (PID=2985) to work on /Users/v.lytvyniuk/Documents/библиотечка/DE online1/git/de_7/lesson_07/airflow_env/lib/python3.8/site-packages/airflow/example_dags/example_complex.py
[2023-02-10T21:55:46.887+0200] {processor.py:640} INFO - Processing file /Users/v.lytvyniuk/Documents/библиотечка/DE online1/git/de_7/lesson_07/airflow_env/lib/python3.8/site-packages/airflow/example_dags/example_complex.py for tasks to queue
[2023-02-10T21:55:46.888+0200] {logging_mixin.py:115} INFO - [2023-02-10T21:55:46.888+0200] {dagbag.py:508} INFO - Filling up the DagBag from /Users/v.lytvyniuk/Documents/библиотечка/DE online1/git/de_7/lesson_07/airflow_env/lib/python3.8/site-packages/airflow/example_dags/example_complex.py
[2023-02-10T21:55:46.899+0200] {processor.py:650} INFO - DAG(s) dict_keys(['example_complex']) retrieved from /Users/v.lytvyniuk/Documents/библиотечка/DE online1/git/de_7/lesson_07/airflow_env/lib/python3.8/site-packages/airflow/example_dags/example_complex.py
[2023-02-10T21:55:46.936+0200] {logging_mixin.py:115} INFO - [2023-02-10T21:55:46.936+0200] {dag.py:2429} INFO - Sync 1 DAGs
[2023-02-10T21:55:46.944+0200] {logging_mixin.py:115} INFO - [2023-02-10T21:55:46.944+0200] {dag.py:2977} INFO - Setting next_dagrun for example_complex to None, run_after=None
[2023-02-10T21:55:46.950+0200] {processor.py:161} INFO - Processing /Users/v.lytvyniuk/Documents/библиотечка/DE online1/git/de_7/lesson_07/airflow_env/lib/python3.8/site-packages/airflow/example_dags/example_complex.py took 0.066 seconds
[2023-02-10T21:56:40.000+0200] {processor.py:153} INFO - Started process (PID=3146) to work on /Users/v.lytvyniuk/Documents/библиотечка/DE online1/git/de_7/lesson_07/airflow_env/lib/python3.8/site-packages/airflow/example_dags/example_complex.py
[2023-02-10T21:56:40.003+0200] {processor.py:640} INFO - Processing file /Users/v.lytvyniuk/Documents/библиотечка/DE online1/git/de_7/lesson_07/airflow_env/lib/python3.8/site-packages/airflow/example_dags/example_complex.py for tasks to queue
[2023-02-10T21:56:40.004+0200] {logging_mixin.py:115} INFO - [2023-02-10T21:56:40.004+0200] {dagbag.py:508} INFO - Filling up the DagBag from /Users/v.lytvyniuk/Documents/библиотечка/DE online1/git/de_7/lesson_07/airflow_env/lib/python3.8/site-packages/airflow/example_dags/example_complex.py
[2023-02-10T21:56:40.014+0200] {processor.py:650} INFO - DAG(s) dict_keys(['example_complex']) retrieved from /Users/v.lytvyniuk/Documents/библиотечка/DE online1/git/de_7/lesson_07/airflow_env/lib/python3.8/site-packages/airflow/example_dags/example_complex.py
[2023-02-10T21:56:40.047+0200] {logging_mixin.py:115} INFO - [2023-02-10T21:56:40.047+0200] {dag.py:2429} INFO - Sync 1 DAGs
[2023-02-10T21:56:40.054+0200] {logging_mixin.py:115} INFO - [2023-02-10T21:56:40.054+0200] {dag.py:2977} INFO - Setting next_dagrun for example_complex to None, run_after=None
[2023-02-10T21:56:40.059+0200] {processor.py:161} INFO - Processing /Users/v.lytvyniuk/Documents/библиотечка/DE online1/git/de_7/lesson_07/airflow_env/lib/python3.8/site-packages/airflow/example_dags/example_complex.py took 0.059 seconds
[2023-02-10T21:57:32.469+0200] {processor.py:153} INFO - Started process (PID=3310) to work on /Users/v.lytvyniuk/Documents/библиотечка/DE online1/git/de_7/lesson_07/airflow_env/lib/python3.8/site-packages/airflow/example_dags/example_complex.py
[2023-02-10T21:57:32.472+0200] {processor.py:640} INFO - Processing file /Users/v.lytvyniuk/Documents/библиотечка/DE online1/git/de_7/lesson_07/airflow_env/lib/python3.8/site-packages/airflow/example_dags/example_complex.py for tasks to queue
[2023-02-10T21:57:32.472+0200] {logging_mixin.py:115} INFO - [2023-02-10T21:57:32.472+0200] {dagbag.py:508} INFO - Filling up the DagBag from /Users/v.lytvyniuk/Documents/библиотечка/DE online1/git/de_7/lesson_07/airflow_env/lib/python3.8/site-packages/airflow/example_dags/example_complex.py
[2023-02-10T21:57:32.482+0200] {processor.py:650} INFO - DAG(s) dict_keys(['example_complex']) retrieved from /Users/v.lytvyniuk/Documents/библиотечка/DE online1/git/de_7/lesson_07/airflow_env/lib/python3.8/site-packages/airflow/example_dags/example_complex.py
[2023-02-10T21:57:32.516+0200] {logging_mixin.py:115} INFO - [2023-02-10T21:57:32.516+0200] {dag.py:2429} INFO - Sync 1 DAGs
[2023-02-10T21:57:32.523+0200] {logging_mixin.py:115} INFO - [2023-02-10T21:57:32.523+0200] {dag.py:2977} INFO - Setting next_dagrun for example_complex to None, run_after=None
[2023-02-10T21:57:32.529+0200] {processor.py:161} INFO - Processing /Users/v.lytvyniuk/Documents/библиотечка/DE online1/git/de_7/lesson_07/airflow_env/lib/python3.8/site-packages/airflow/example_dags/example_complex.py took 0.060 seconds
