[2023-02-10T21:32:14.363+0200] {processor.py:153} INFO - Started process (PID=48294) to work on /Users/v.lytvyniuk/Documents/библиотечка/DE online1/git/de_7/lesson_07/airflow_env/lib/python3.8/site-packages/airflow/example_dags/example_trigger_controller_dag.py
[2023-02-10T21:32:14.366+0200] {processor.py:640} INFO - Processing file /Users/v.lytvyniuk/Documents/библиотечка/DE online1/git/de_7/lesson_07/airflow_env/lib/python3.8/site-packages/airflow/example_dags/example_trigger_controller_dag.py for tasks to queue
[2023-02-10T21:32:14.366+0200] {logging_mixin.py:115} INFO - [2023-02-10T21:32:14.366+0200] {dagbag.py:508} INFO - Filling up the DagBag from /Users/v.lytvyniuk/Documents/библиотечка/DE online1/git/de_7/lesson_07/airflow_env/lib/python3.8/site-packages/airflow/example_dags/example_trigger_controller_dag.py
[2023-02-10T21:32:14.372+0200] {processor.py:650} INFO - DAG(s) dict_keys(['example_trigger_controller_dag']) retrieved from /Users/v.lytvyniuk/Documents/библиотечка/DE online1/git/de_7/lesson_07/airflow_env/lib/python3.8/site-packages/airflow/example_dags/example_trigger_controller_dag.py
[2023-02-10T21:32:14.785+0200] {logging_mixin.py:115} INFO - [2023-02-10T21:32:14.785+0200] {manager.py:508} INFO - Created Permission View: can delete on DAG:example_trigger_controller_dag
[2023-02-10T21:32:14.789+0200] {logging_mixin.py:115} INFO - [2023-02-10T21:32:14.789+0200] {manager.py:508} INFO - Created Permission View: can edit on DAG:example_trigger_controller_dag
[2023-02-10T21:32:14.793+0200] {logging_mixin.py:115} INFO - [2023-02-10T21:32:14.793+0200] {manager.py:508} INFO - Created Permission View: can read on DAG:example_trigger_controller_dag
[2023-02-10T21:32:14.793+0200] {logging_mixin.py:115} INFO - [2023-02-10T21:32:14.793+0200] {dag.py:2429} INFO - Sync 1 DAGs
[2023-02-10T21:32:14.797+0200] {logging_mixin.py:115} INFO - [2023-02-10T21:32:14.797+0200] {dag.py:2448} INFO - Creating ORM DAG for example_trigger_controller_dag
[2023-02-10T21:32:14.801+0200] {logging_mixin.py:115} INFO - [2023-02-10T21:32:14.801+0200] {dag.py:2977} INFO - Setting next_dagrun for example_trigger_controller_dag to 2021-01-01T00:00:00+00:00, run_after=2021-01-01T00:00:00+00:00
[2023-02-10T21:32:14.808+0200] {processor.py:161} INFO - Processing /Users/v.lytvyniuk/Documents/библиотечка/DE online1/git/de_7/lesson_07/airflow_env/lib/python3.8/site-packages/airflow/example_dags/example_trigger_controller_dag.py took 0.445 seconds
[2023-02-10T21:34:52.843+0200] {processor.py:153} INFO - Started process (PID=48765) to work on /Users/v.lytvyniuk/Documents/библиотечка/DE online1/git/de_7/lesson_07/airflow_env/lib/python3.8/site-packages/airflow/example_dags/example_trigger_controller_dag.py
[2023-02-10T21:34:52.846+0200] {processor.py:640} INFO - Processing file /Users/v.lytvyniuk/Documents/библиотечка/DE online1/git/de_7/lesson_07/airflow_env/lib/python3.8/site-packages/airflow/example_dags/example_trigger_controller_dag.py for tasks to queue
[2023-02-10T21:34:52.847+0200] {logging_mixin.py:115} INFO - [2023-02-10T21:34:52.847+0200] {dagbag.py:508} INFO - Filling up the DagBag from /Users/v.lytvyniuk/Documents/библиотечка/DE online1/git/de_7/lesson_07/airflow_env/lib/python3.8/site-packages/airflow/example_dags/example_trigger_controller_dag.py
[2023-02-10T21:34:52.853+0200] {processor.py:650} INFO - DAG(s) dict_keys(['example_trigger_controller_dag']) retrieved from /Users/v.lytvyniuk/Documents/библиотечка/DE online1/git/de_7/lesson_07/airflow_env/lib/python3.8/site-packages/airflow/example_dags/example_trigger_controller_dag.py
[2023-02-10T21:34:52.884+0200] {logging_mixin.py:115} INFO - [2023-02-10T21:34:52.884+0200] {dag.py:2429} INFO - Sync 1 DAGs
[2023-02-10T21:34:52.891+0200] {logging_mixin.py:115} INFO - [2023-02-10T21:34:52.891+0200] {dag.py:2977} INFO - Setting next_dagrun for example_trigger_controller_dag to 2021-01-01T00:00:00+00:00, run_after=2021-01-01T00:00:00+00:00
[2023-02-10T21:34:52.897+0200] {processor.py:161} INFO - Processing /Users/v.lytvyniuk/Documents/библиотечка/DE online1/git/de_7/lesson_07/airflow_env/lib/python3.8/site-packages/airflow/example_dags/example_trigger_controller_dag.py took 0.054 seconds
[2023-02-10T21:35:44.439+0200] {processor.py:153} INFO - Started process (PID=48903) to work on /Users/v.lytvyniuk/Documents/библиотечка/DE online1/git/de_7/lesson_07/airflow_env/lib/python3.8/site-packages/airflow/example_dags/example_trigger_controller_dag.py
[2023-02-10T21:35:44.443+0200] {processor.py:640} INFO - Processing file /Users/v.lytvyniuk/Documents/библиотечка/DE online1/git/de_7/lesson_07/airflow_env/lib/python3.8/site-packages/airflow/example_dags/example_trigger_controller_dag.py for tasks to queue
[2023-02-10T21:35:44.443+0200] {logging_mixin.py:115} INFO - [2023-02-10T21:35:44.443+0200] {dagbag.py:508} INFO - Filling up the DagBag from /Users/v.lytvyniuk/Documents/библиотечка/DE online1/git/de_7/lesson_07/airflow_env/lib/python3.8/site-packages/airflow/example_dags/example_trigger_controller_dag.py
[2023-02-10T21:35:44.449+0200] {processor.py:650} INFO - DAG(s) dict_keys(['example_trigger_controller_dag']) retrieved from /Users/v.lytvyniuk/Documents/библиотечка/DE online1/git/de_7/lesson_07/airflow_env/lib/python3.8/site-packages/airflow/example_dags/example_trigger_controller_dag.py
[2023-02-10T21:35:44.480+0200] {logging_mixin.py:115} INFO - [2023-02-10T21:35:44.479+0200] {dag.py:2429} INFO - Sync 1 DAGs
[2023-02-10T21:35:44.486+0200] {logging_mixin.py:115} INFO - [2023-02-10T21:35:44.486+0200] {dag.py:2977} INFO - Setting next_dagrun for example_trigger_controller_dag to 2021-01-01T00:00:00+00:00, run_after=2021-01-01T00:00:00+00:00
[2023-02-10T21:35:44.491+0200] {processor.py:161} INFO - Processing /Users/v.lytvyniuk/Documents/библиотечка/DE online1/git/de_7/lesson_07/airflow_env/lib/python3.8/site-packages/airflow/example_dags/example_trigger_controller_dag.py took 0.052 seconds
[2023-02-10T21:36:35.720+0200] {processor.py:153} INFO - Started process (PID=49038) to work on /Users/v.lytvyniuk/Documents/библиотечка/DE online1/git/de_7/lesson_07/airflow_env/lib/python3.8/site-packages/airflow/example_dags/example_trigger_controller_dag.py
[2023-02-10T21:36:35.723+0200] {processor.py:640} INFO - Processing file /Users/v.lytvyniuk/Documents/библиотечка/DE online1/git/de_7/lesson_07/airflow_env/lib/python3.8/site-packages/airflow/example_dags/example_trigger_controller_dag.py for tasks to queue
[2023-02-10T21:36:35.723+0200] {logging_mixin.py:115} INFO - [2023-02-10T21:36:35.723+0200] {dagbag.py:508} INFO - Filling up the DagBag from /Users/v.lytvyniuk/Documents/библиотечка/DE online1/git/de_7/lesson_07/airflow_env/lib/python3.8/site-packages/airflow/example_dags/example_trigger_controller_dag.py
[2023-02-10T21:36:35.729+0200] {processor.py:650} INFO - DAG(s) dict_keys(['example_trigger_controller_dag']) retrieved from /Users/v.lytvyniuk/Documents/библиотечка/DE online1/git/de_7/lesson_07/airflow_env/lib/python3.8/site-packages/airflow/example_dags/example_trigger_controller_dag.py
[2023-02-10T21:36:35.761+0200] {logging_mixin.py:115} INFO - [2023-02-10T21:36:35.761+0200] {dag.py:2429} INFO - Sync 1 DAGs
[2023-02-10T21:36:35.767+0200] {logging_mixin.py:115} INFO - [2023-02-10T21:36:35.767+0200] {dag.py:2977} INFO - Setting next_dagrun for example_trigger_controller_dag to 2021-01-01T00:00:00+00:00, run_after=2021-01-01T00:00:00+00:00
[2023-02-10T21:36:35.773+0200] {processor.py:161} INFO - Processing /Users/v.lytvyniuk/Documents/библиотечка/DE online1/git/de_7/lesson_07/airflow_env/lib/python3.8/site-packages/airflow/example_dags/example_trigger_controller_dag.py took 0.053 seconds
[2023-02-10T21:37:25.101+0200] {processor.py:153} INFO - Started process (PID=49189) to work on /Users/v.lytvyniuk/Documents/библиотечка/DE online1/git/de_7/lesson_07/airflow_env/lib/python3.8/site-packages/airflow/example_dags/example_trigger_controller_dag.py
[2023-02-10T21:37:25.104+0200] {processor.py:640} INFO - Processing file /Users/v.lytvyniuk/Documents/библиотечка/DE online1/git/de_7/lesson_07/airflow_env/lib/python3.8/site-packages/airflow/example_dags/example_trigger_controller_dag.py for tasks to queue
[2023-02-10T21:37:25.105+0200] {logging_mixin.py:115} INFO - [2023-02-10T21:37:25.105+0200] {dagbag.py:508} INFO - Filling up the DagBag from /Users/v.lytvyniuk/Documents/библиотечка/DE online1/git/de_7/lesson_07/airflow_env/lib/python3.8/site-packages/airflow/example_dags/example_trigger_controller_dag.py
[2023-02-10T21:37:25.111+0200] {processor.py:650} INFO - DAG(s) dict_keys(['example_trigger_controller_dag']) retrieved from /Users/v.lytvyniuk/Documents/библиотечка/DE online1/git/de_7/lesson_07/airflow_env/lib/python3.8/site-packages/airflow/example_dags/example_trigger_controller_dag.py
[2023-02-10T21:37:25.141+0200] {logging_mixin.py:115} INFO - [2023-02-10T21:37:25.141+0200] {dag.py:2429} INFO - Sync 1 DAGs
[2023-02-10T21:37:25.147+0200] {logging_mixin.py:115} INFO - [2023-02-10T21:37:25.147+0200] {dag.py:2977} INFO - Setting next_dagrun for example_trigger_controller_dag to 2021-01-01T00:00:00+00:00, run_after=2021-01-01T00:00:00+00:00
[2023-02-10T21:37:25.152+0200] {processor.py:161} INFO - Processing /Users/v.lytvyniuk/Documents/библиотечка/DE online1/git/de_7/lesson_07/airflow_env/lib/python3.8/site-packages/airflow/example_dags/example_trigger_controller_dag.py took 0.052 seconds
[2023-02-10T21:38:15.356+0200] {processor.py:153} INFO - Started process (PID=49327) to work on /Users/v.lytvyniuk/Documents/библиотечка/DE online1/git/de_7/lesson_07/airflow_env/lib/python3.8/site-packages/airflow/example_dags/example_trigger_controller_dag.py
[2023-02-10T21:38:15.359+0200] {processor.py:640} INFO - Processing file /Users/v.lytvyniuk/Documents/библиотечка/DE online1/git/de_7/lesson_07/airflow_env/lib/python3.8/site-packages/airflow/example_dags/example_trigger_controller_dag.py for tasks to queue
[2023-02-10T21:38:15.359+0200] {logging_mixin.py:115} INFO - [2023-02-10T21:38:15.359+0200] {dagbag.py:508} INFO - Filling up the DagBag from /Users/v.lytvyniuk/Documents/библиотечка/DE online1/git/de_7/lesson_07/airflow_env/lib/python3.8/site-packages/airflow/example_dags/example_trigger_controller_dag.py
[2023-02-10T21:38:15.366+0200] {processor.py:650} INFO - DAG(s) dict_keys(['example_trigger_controller_dag']) retrieved from /Users/v.lytvyniuk/Documents/библиотечка/DE online1/git/de_7/lesson_07/airflow_env/lib/python3.8/site-packages/airflow/example_dags/example_trigger_controller_dag.py
[2023-02-10T21:38:15.399+0200] {logging_mixin.py:115} INFO - [2023-02-10T21:38:15.399+0200] {dag.py:2429} INFO - Sync 1 DAGs
[2023-02-10T21:38:15.406+0200] {logging_mixin.py:115} INFO - [2023-02-10T21:38:15.406+0200] {dag.py:2977} INFO - Setting next_dagrun for example_trigger_controller_dag to 2021-01-01T00:00:00+00:00, run_after=2021-01-01T00:00:00+00:00
[2023-02-10T21:38:15.412+0200] {processor.py:161} INFO - Processing /Users/v.lytvyniuk/Documents/библиотечка/DE online1/git/de_7/lesson_07/airflow_env/lib/python3.8/site-packages/airflow/example_dags/example_trigger_controller_dag.py took 0.057 seconds
[2023-02-10T21:39:05.153+0200] {processor.py:153} INFO - Started process (PID=49499) to work on /Users/v.lytvyniuk/Documents/библиотечка/DE online1/git/de_7/lesson_07/airflow_env/lib/python3.8/site-packages/airflow/example_dags/example_trigger_controller_dag.py
[2023-02-10T21:39:05.157+0200] {processor.py:640} INFO - Processing file /Users/v.lytvyniuk/Documents/библиотечка/DE online1/git/de_7/lesson_07/airflow_env/lib/python3.8/site-packages/airflow/example_dags/example_trigger_controller_dag.py for tasks to queue
[2023-02-10T21:39:05.157+0200] {logging_mixin.py:115} INFO - [2023-02-10T21:39:05.157+0200] {dagbag.py:508} INFO - Filling up the DagBag from /Users/v.lytvyniuk/Documents/библиотечка/DE online1/git/de_7/lesson_07/airflow_env/lib/python3.8/site-packages/airflow/example_dags/example_trigger_controller_dag.py
[2023-02-10T21:39:05.163+0200] {processor.py:650} INFO - DAG(s) dict_keys(['example_trigger_controller_dag']) retrieved from /Users/v.lytvyniuk/Documents/библиотечка/DE online1/git/de_7/lesson_07/airflow_env/lib/python3.8/site-packages/airflow/example_dags/example_trigger_controller_dag.py
[2023-02-10T21:39:05.193+0200] {logging_mixin.py:115} INFO - [2023-02-10T21:39:05.193+0200] {dag.py:2429} INFO - Sync 1 DAGs
[2023-02-10T21:39:05.199+0200] {logging_mixin.py:115} INFO - [2023-02-10T21:39:05.199+0200] {dag.py:2977} INFO - Setting next_dagrun for example_trigger_controller_dag to 2021-01-01T00:00:00+00:00, run_after=2021-01-01T00:00:00+00:00
[2023-02-10T21:39:05.205+0200] {processor.py:161} INFO - Processing /Users/v.lytvyniuk/Documents/библиотечка/DE online1/git/de_7/lesson_07/airflow_env/lib/python3.8/site-packages/airflow/example_dags/example_trigger_controller_dag.py took 0.052 seconds
[2023-02-10T21:39:55.065+0200] {processor.py:153} INFO - Started process (PID=49673) to work on /Users/v.lytvyniuk/Documents/библиотечка/DE online1/git/de_7/lesson_07/airflow_env/lib/python3.8/site-packages/airflow/example_dags/example_trigger_controller_dag.py
[2023-02-10T21:39:55.069+0200] {processor.py:640} INFO - Processing file /Users/v.lytvyniuk/Documents/библиотечка/DE online1/git/de_7/lesson_07/airflow_env/lib/python3.8/site-packages/airflow/example_dags/example_trigger_controller_dag.py for tasks to queue
[2023-02-10T21:39:55.069+0200] {logging_mixin.py:115} INFO - [2023-02-10T21:39:55.069+0200] {dagbag.py:508} INFO - Filling up the DagBag from /Users/v.lytvyniuk/Documents/библиотечка/DE online1/git/de_7/lesson_07/airflow_env/lib/python3.8/site-packages/airflow/example_dags/example_trigger_controller_dag.py
[2023-02-10T21:39:55.076+0200] {processor.py:650} INFO - DAG(s) dict_keys(['example_trigger_controller_dag']) retrieved from /Users/v.lytvyniuk/Documents/библиотечка/DE online1/git/de_7/lesson_07/airflow_env/lib/python3.8/site-packages/airflow/example_dags/example_trigger_controller_dag.py
[2023-02-10T21:39:55.108+0200] {logging_mixin.py:115} INFO - [2023-02-10T21:39:55.108+0200] {dag.py:2429} INFO - Sync 1 DAGs
[2023-02-10T21:39:55.114+0200] {logging_mixin.py:115} INFO - [2023-02-10T21:39:55.114+0200] {dag.py:2977} INFO - Setting next_dagrun for example_trigger_controller_dag to 2021-01-01T00:00:00+00:00, run_after=2021-01-01T00:00:00+00:00
[2023-02-10T21:39:55.120+0200] {processor.py:161} INFO - Processing /Users/v.lytvyniuk/Documents/библиотечка/DE online1/git/de_7/lesson_07/airflow_env/lib/python3.8/site-packages/airflow/example_dags/example_trigger_controller_dag.py took 0.055 seconds
[2023-02-10T21:40:45.584+0200] {processor.py:153} INFO - Started process (PID=49809) to work on /Users/v.lytvyniuk/Documents/библиотечка/DE online1/git/de_7/lesson_07/airflow_env/lib/python3.8/site-packages/airflow/example_dags/example_trigger_controller_dag.py
[2023-02-10T21:40:45.588+0200] {processor.py:640} INFO - Processing file /Users/v.lytvyniuk/Documents/библиотечка/DE online1/git/de_7/lesson_07/airflow_env/lib/python3.8/site-packages/airflow/example_dags/example_trigger_controller_dag.py for tasks to queue
[2023-02-10T21:40:45.588+0200] {logging_mixin.py:115} INFO - [2023-02-10T21:40:45.588+0200] {dagbag.py:508} INFO - Filling up the DagBag from /Users/v.lytvyniuk/Documents/библиотечка/DE online1/git/de_7/lesson_07/airflow_env/lib/python3.8/site-packages/airflow/example_dags/example_trigger_controller_dag.py
[2023-02-10T21:40:45.595+0200] {processor.py:650} INFO - DAG(s) dict_keys(['example_trigger_controller_dag']) retrieved from /Users/v.lytvyniuk/Documents/библиотечка/DE online1/git/de_7/lesson_07/airflow_env/lib/python3.8/site-packages/airflow/example_dags/example_trigger_controller_dag.py
[2023-02-10T21:40:45.630+0200] {logging_mixin.py:115} INFO - [2023-02-10T21:40:45.630+0200] {dag.py:2429} INFO - Sync 1 DAGs
[2023-02-10T21:40:45.637+0200] {logging_mixin.py:115} INFO - [2023-02-10T21:40:45.637+0200] {dag.py:2977} INFO - Setting next_dagrun for example_trigger_controller_dag to 2021-01-01T00:00:00+00:00, run_after=2021-01-01T00:00:00+00:00
[2023-02-10T21:40:45.644+0200] {processor.py:161} INFO - Processing /Users/v.lytvyniuk/Documents/библиотечка/DE online1/git/de_7/lesson_07/airflow_env/lib/python3.8/site-packages/airflow/example_dags/example_trigger_controller_dag.py took 0.060 seconds
[2023-02-10T21:41:35.199+0200] {processor.py:153} INFO - Started process (PID=49946) to work on /Users/v.lytvyniuk/Documents/библиотечка/DE online1/git/de_7/lesson_07/airflow_env/lib/python3.8/site-packages/airflow/example_dags/example_trigger_controller_dag.py
[2023-02-10T21:41:35.202+0200] {processor.py:640} INFO - Processing file /Users/v.lytvyniuk/Documents/библиотечка/DE online1/git/de_7/lesson_07/airflow_env/lib/python3.8/site-packages/airflow/example_dags/example_trigger_controller_dag.py for tasks to queue
[2023-02-10T21:41:35.202+0200] {logging_mixin.py:115} INFO - [2023-02-10T21:41:35.202+0200] {dagbag.py:508} INFO - Filling up the DagBag from /Users/v.lytvyniuk/Documents/библиотечка/DE online1/git/de_7/lesson_07/airflow_env/lib/python3.8/site-packages/airflow/example_dags/example_trigger_controller_dag.py
[2023-02-10T21:41:35.209+0200] {processor.py:650} INFO - DAG(s) dict_keys(['example_trigger_controller_dag']) retrieved from /Users/v.lytvyniuk/Documents/библиотечка/DE online1/git/de_7/lesson_07/airflow_env/lib/python3.8/site-packages/airflow/example_dags/example_trigger_controller_dag.py
[2023-02-10T21:41:35.240+0200] {logging_mixin.py:115} INFO - [2023-02-10T21:41:35.240+0200] {dag.py:2429} INFO - Sync 1 DAGs
[2023-02-10T21:41:35.247+0200] {logging_mixin.py:115} INFO - [2023-02-10T21:41:35.247+0200] {dag.py:2977} INFO - Setting next_dagrun for example_trigger_controller_dag to 2021-01-01T00:00:00+00:00, run_after=2021-01-01T00:00:00+00:00
[2023-02-10T21:41:35.253+0200] {processor.py:161} INFO - Processing /Users/v.lytvyniuk/Documents/библиотечка/DE online1/git/de_7/lesson_07/airflow_env/lib/python3.8/site-packages/airflow/example_dags/example_trigger_controller_dag.py took 0.054 seconds
[2023-02-10T21:42:26.246+0200] {processor.py:153} INFO - Started process (PID=50075) to work on /Users/v.lytvyniuk/Documents/библиотечка/DE online1/git/de_7/lesson_07/airflow_env/lib/python3.8/site-packages/airflow/example_dags/example_trigger_controller_dag.py
[2023-02-10T21:42:26.249+0200] {processor.py:640} INFO - Processing file /Users/v.lytvyniuk/Documents/библиотечка/DE online1/git/de_7/lesson_07/airflow_env/lib/python3.8/site-packages/airflow/example_dags/example_trigger_controller_dag.py for tasks to queue
[2023-02-10T21:42:26.249+0200] {logging_mixin.py:115} INFO - [2023-02-10T21:42:26.249+0200] {dagbag.py:508} INFO - Filling up the DagBag from /Users/v.lytvyniuk/Documents/библиотечка/DE online1/git/de_7/lesson_07/airflow_env/lib/python3.8/site-packages/airflow/example_dags/example_trigger_controller_dag.py
[2023-02-10T21:42:26.255+0200] {processor.py:650} INFO - DAG(s) dict_keys(['example_trigger_controller_dag']) retrieved from /Users/v.lytvyniuk/Documents/библиотечка/DE online1/git/de_7/lesson_07/airflow_env/lib/python3.8/site-packages/airflow/example_dags/example_trigger_controller_dag.py
[2023-02-10T21:42:26.286+0200] {logging_mixin.py:115} INFO - [2023-02-10T21:42:26.286+0200] {dag.py:2429} INFO - Sync 1 DAGs
[2023-02-10T21:42:26.293+0200] {logging_mixin.py:115} INFO - [2023-02-10T21:42:26.293+0200] {dag.py:2977} INFO - Setting next_dagrun for example_trigger_controller_dag to 2021-01-01T00:00:00+00:00, run_after=2021-01-01T00:00:00+00:00
[2023-02-10T21:42:26.298+0200] {processor.py:161} INFO - Processing /Users/v.lytvyniuk/Documents/библиотечка/DE online1/git/de_7/lesson_07/airflow_env/lib/python3.8/site-packages/airflow/example_dags/example_trigger_controller_dag.py took 0.053 seconds
[2023-02-10T21:43:18.323+0200] {processor.py:153} INFO - Started process (PID=50219) to work on /Users/v.lytvyniuk/Documents/библиотечка/DE online1/git/de_7/lesson_07/airflow_env/lib/python3.8/site-packages/airflow/example_dags/example_trigger_controller_dag.py
[2023-02-10T21:43:18.326+0200] {processor.py:640} INFO - Processing file /Users/v.lytvyniuk/Documents/библиотечка/DE online1/git/de_7/lesson_07/airflow_env/lib/python3.8/site-packages/airflow/example_dags/example_trigger_controller_dag.py for tasks to queue
[2023-02-10T21:43:18.327+0200] {logging_mixin.py:115} INFO - [2023-02-10T21:43:18.327+0200] {dagbag.py:508} INFO - Filling up the DagBag from /Users/v.lytvyniuk/Documents/библиотечка/DE online1/git/de_7/lesson_07/airflow_env/lib/python3.8/site-packages/airflow/example_dags/example_trigger_controller_dag.py
[2023-02-10T21:43:18.333+0200] {processor.py:650} INFO - DAG(s) dict_keys(['example_trigger_controller_dag']) retrieved from /Users/v.lytvyniuk/Documents/библиотечка/DE online1/git/de_7/lesson_07/airflow_env/lib/python3.8/site-packages/airflow/example_dags/example_trigger_controller_dag.py
[2023-02-10T21:43:18.363+0200] {logging_mixin.py:115} INFO - [2023-02-10T21:43:18.363+0200] {dag.py:2429} INFO - Sync 1 DAGs
[2023-02-10T21:43:18.369+0200] {logging_mixin.py:115} INFO - [2023-02-10T21:43:18.369+0200] {dag.py:2977} INFO - Setting next_dagrun for example_trigger_controller_dag to 2021-01-01T00:00:00+00:00, run_after=2021-01-01T00:00:00+00:00
[2023-02-10T21:43:18.374+0200] {processor.py:161} INFO - Processing /Users/v.lytvyniuk/Documents/библиотечка/DE online1/git/de_7/lesson_07/airflow_env/lib/python3.8/site-packages/airflow/example_dags/example_trigger_controller_dag.py took 0.052 seconds
[2023-02-10T21:44:08.256+0200] {processor.py:153} INFO - Started process (PID=50346) to work on /Users/v.lytvyniuk/Documents/библиотечка/DE online1/git/de_7/lesson_07/airflow_env/lib/python3.8/site-packages/airflow/example_dags/example_trigger_controller_dag.py
[2023-02-10T21:44:08.259+0200] {processor.py:640} INFO - Processing file /Users/v.lytvyniuk/Documents/библиотечка/DE online1/git/de_7/lesson_07/airflow_env/lib/python3.8/site-packages/airflow/example_dags/example_trigger_controller_dag.py for tasks to queue
[2023-02-10T21:44:08.259+0200] {logging_mixin.py:115} INFO - [2023-02-10T21:44:08.259+0200] {dagbag.py:508} INFO - Filling up the DagBag from /Users/v.lytvyniuk/Documents/библиотечка/DE online1/git/de_7/lesson_07/airflow_env/lib/python3.8/site-packages/airflow/example_dags/example_trigger_controller_dag.py
[2023-02-10T21:44:08.266+0200] {processor.py:650} INFO - DAG(s) dict_keys(['example_trigger_controller_dag']) retrieved from /Users/v.lytvyniuk/Documents/библиотечка/DE online1/git/de_7/lesson_07/airflow_env/lib/python3.8/site-packages/airflow/example_dags/example_trigger_controller_dag.py
[2023-02-10T21:44:08.296+0200] {logging_mixin.py:115} INFO - [2023-02-10T21:44:08.296+0200] {dag.py:2429} INFO - Sync 1 DAGs
[2023-02-10T21:44:08.302+0200] {logging_mixin.py:115} INFO - [2023-02-10T21:44:08.302+0200] {dag.py:2977} INFO - Setting next_dagrun for example_trigger_controller_dag to 2021-01-01T00:00:00+00:00, run_after=2021-01-01T00:00:00+00:00
[2023-02-10T21:44:08.308+0200] {processor.py:161} INFO - Processing /Users/v.lytvyniuk/Documents/библиотечка/DE online1/git/de_7/lesson_07/airflow_env/lib/python3.8/site-packages/airflow/example_dags/example_trigger_controller_dag.py took 0.052 seconds
[2023-02-10T21:44:59.885+0200] {processor.py:153} INFO - Started process (PID=50845) to work on /Users/v.lytvyniuk/Documents/библиотечка/DE online1/git/de_7/lesson_07/airflow_env/lib/python3.8/site-packages/airflow/example_dags/example_trigger_controller_dag.py
[2023-02-10T21:44:59.888+0200] {processor.py:640} INFO - Processing file /Users/v.lytvyniuk/Documents/библиотечка/DE online1/git/de_7/lesson_07/airflow_env/lib/python3.8/site-packages/airflow/example_dags/example_trigger_controller_dag.py for tasks to queue
[2023-02-10T21:44:59.888+0200] {logging_mixin.py:115} INFO - [2023-02-10T21:44:59.888+0200] {dagbag.py:508} INFO - Filling up the DagBag from /Users/v.lytvyniuk/Documents/библиотечка/DE online1/git/de_7/lesson_07/airflow_env/lib/python3.8/site-packages/airflow/example_dags/example_trigger_controller_dag.py
[2023-02-10T21:44:59.896+0200] {processor.py:650} INFO - DAG(s) dict_keys(['example_trigger_controller_dag']) retrieved from /Users/v.lytvyniuk/Documents/библиотечка/DE online1/git/de_7/lesson_07/airflow_env/lib/python3.8/site-packages/airflow/example_dags/example_trigger_controller_dag.py
[2023-02-10T21:44:59.931+0200] {logging_mixin.py:115} INFO - [2023-02-10T21:44:59.931+0200] {dag.py:2429} INFO - Sync 1 DAGs
[2023-02-10T21:44:59.940+0200] {logging_mixin.py:115} INFO - [2023-02-10T21:44:59.940+0200] {dag.py:2977} INFO - Setting next_dagrun for example_trigger_controller_dag to 2021-01-01T00:00:00+00:00, run_after=2021-01-01T00:00:00+00:00
[2023-02-10T21:44:59.946+0200] {processor.py:161} INFO - Processing /Users/v.lytvyniuk/Documents/библиотечка/DE online1/git/de_7/lesson_07/airflow_env/lib/python3.8/site-packages/airflow/example_dags/example_trigger_controller_dag.py took 0.061 seconds
[2023-02-10T21:45:51.531+0200] {processor.py:153} INFO - Started process (PID=51004) to work on /Users/v.lytvyniuk/Documents/библиотечка/DE online1/git/de_7/lesson_07/airflow_env/lib/python3.8/site-packages/airflow/example_dags/example_trigger_controller_dag.py
[2023-02-10T21:45:51.534+0200] {processor.py:640} INFO - Processing file /Users/v.lytvyniuk/Documents/библиотечка/DE online1/git/de_7/lesson_07/airflow_env/lib/python3.8/site-packages/airflow/example_dags/example_trigger_controller_dag.py for tasks to queue
[2023-02-10T21:45:51.534+0200] {logging_mixin.py:115} INFO - [2023-02-10T21:45:51.534+0200] {dagbag.py:508} INFO - Filling up the DagBag from /Users/v.lytvyniuk/Documents/библиотечка/DE online1/git/de_7/lesson_07/airflow_env/lib/python3.8/site-packages/airflow/example_dags/example_trigger_controller_dag.py
[2023-02-10T21:45:51.541+0200] {processor.py:650} INFO - DAG(s) dict_keys(['example_trigger_controller_dag']) retrieved from /Users/v.lytvyniuk/Documents/библиотечка/DE online1/git/de_7/lesson_07/airflow_env/lib/python3.8/site-packages/airflow/example_dags/example_trigger_controller_dag.py
[2023-02-10T21:45:51.573+0200] {logging_mixin.py:115} INFO - [2023-02-10T21:45:51.573+0200] {dag.py:2429} INFO - Sync 1 DAGs
[2023-02-10T21:45:51.579+0200] {logging_mixin.py:115} INFO - [2023-02-10T21:45:51.579+0200] {dag.py:2977} INFO - Setting next_dagrun for example_trigger_controller_dag to 2021-01-01T00:00:00+00:00, run_after=2021-01-01T00:00:00+00:00
[2023-02-10T21:45:51.585+0200] {processor.py:161} INFO - Processing /Users/v.lytvyniuk/Documents/библиотечка/DE online1/git/de_7/lesson_07/airflow_env/lib/python3.8/site-packages/airflow/example_dags/example_trigger_controller_dag.py took 0.054 seconds
[2023-02-10T21:46:42.488+0200] {processor.py:153} INFO - Started process (PID=51130) to work on /Users/v.lytvyniuk/Documents/библиотечка/DE online1/git/de_7/lesson_07/airflow_env/lib/python3.8/site-packages/airflow/example_dags/example_trigger_controller_dag.py
[2023-02-10T21:46:42.491+0200] {processor.py:640} INFO - Processing file /Users/v.lytvyniuk/Documents/библиотечка/DE online1/git/de_7/lesson_07/airflow_env/lib/python3.8/site-packages/airflow/example_dags/example_trigger_controller_dag.py for tasks to queue
[2023-02-10T21:46:42.491+0200] {logging_mixin.py:115} INFO - [2023-02-10T21:46:42.491+0200] {dagbag.py:508} INFO - Filling up the DagBag from /Users/v.lytvyniuk/Documents/библиотечка/DE online1/git/de_7/lesson_07/airflow_env/lib/python3.8/site-packages/airflow/example_dags/example_trigger_controller_dag.py
[2023-02-10T21:46:42.497+0200] {processor.py:650} INFO - DAG(s) dict_keys(['example_trigger_controller_dag']) retrieved from /Users/v.lytvyniuk/Documents/библиотечка/DE online1/git/de_7/lesson_07/airflow_env/lib/python3.8/site-packages/airflow/example_dags/example_trigger_controller_dag.py
[2023-02-10T21:46:42.527+0200] {logging_mixin.py:115} INFO - [2023-02-10T21:46:42.527+0200] {dag.py:2429} INFO - Sync 1 DAGs
[2023-02-10T21:46:42.534+0200] {logging_mixin.py:115} INFO - [2023-02-10T21:46:42.534+0200] {dag.py:2977} INFO - Setting next_dagrun for example_trigger_controller_dag to 2021-01-01T00:00:00+00:00, run_after=2021-01-01T00:00:00+00:00
[2023-02-10T21:46:42.539+0200] {processor.py:161} INFO - Processing /Users/v.lytvyniuk/Documents/библиотечка/DE online1/git/de_7/lesson_07/airflow_env/lib/python3.8/site-packages/airflow/example_dags/example_trigger_controller_dag.py took 0.051 seconds
[2023-02-10T21:47:33.040+0200] {processor.py:153} INFO - Started process (PID=51869) to work on /Users/v.lytvyniuk/Documents/библиотечка/DE online1/git/de_7/lesson_07/airflow_env/lib/python3.8/site-packages/airflow/example_dags/example_trigger_controller_dag.py
[2023-02-10T21:47:33.044+0200] {processor.py:640} INFO - Processing file /Users/v.lytvyniuk/Documents/библиотечка/DE online1/git/de_7/lesson_07/airflow_env/lib/python3.8/site-packages/airflow/example_dags/example_trigger_controller_dag.py for tasks to queue
[2023-02-10T21:47:33.044+0200] {logging_mixin.py:115} INFO - [2023-02-10T21:47:33.044+0200] {dagbag.py:508} INFO - Filling up the DagBag from /Users/v.lytvyniuk/Documents/библиотечка/DE online1/git/de_7/lesson_07/airflow_env/lib/python3.8/site-packages/airflow/example_dags/example_trigger_controller_dag.py
[2023-02-10T21:47:33.051+0200] {processor.py:650} INFO - DAG(s) dict_keys(['example_trigger_controller_dag']) retrieved from /Users/v.lytvyniuk/Documents/библиотечка/DE online1/git/de_7/lesson_07/airflow_env/lib/python3.8/site-packages/airflow/example_dags/example_trigger_controller_dag.py
[2023-02-10T21:47:33.084+0200] {logging_mixin.py:115} INFO - [2023-02-10T21:47:33.083+0200] {dag.py:2429} INFO - Sync 1 DAGs
[2023-02-10T21:47:33.091+0200] {logging_mixin.py:115} INFO - [2023-02-10T21:47:33.091+0200] {dag.py:2977} INFO - Setting next_dagrun for example_trigger_controller_dag to 2021-01-01T00:00:00+00:00, run_after=2021-01-01T00:00:00+00:00
[2023-02-10T21:47:33.098+0200] {processor.py:161} INFO - Processing /Users/v.lytvyniuk/Documents/библиотечка/DE online1/git/de_7/lesson_07/airflow_env/lib/python3.8/site-packages/airflow/example_dags/example_trigger_controller_dag.py took 0.059 seconds
[2023-02-10T21:53:38.982+0200] {processor.py:153} INFO - Started process (PID=2514) to work on /Users/v.lytvyniuk/Documents/библиотечка/DE online1/git/de_7/lesson_07/airflow_env/lib/python3.8/site-packages/airflow/example_dags/example_trigger_controller_dag.py
[2023-02-10T21:53:38.986+0200] {processor.py:640} INFO - Processing file /Users/v.lytvyniuk/Documents/библиотечка/DE online1/git/de_7/lesson_07/airflow_env/lib/python3.8/site-packages/airflow/example_dags/example_trigger_controller_dag.py for tasks to queue
[2023-02-10T21:53:38.986+0200] {logging_mixin.py:115} INFO - [2023-02-10T21:53:38.986+0200] {dagbag.py:508} INFO - Filling up the DagBag from /Users/v.lytvyniuk/Documents/библиотечка/DE online1/git/de_7/lesson_07/airflow_env/lib/python3.8/site-packages/airflow/example_dags/example_trigger_controller_dag.py
[2023-02-10T21:53:38.993+0200] {processor.py:650} INFO - DAG(s) dict_keys(['example_trigger_controller_dag']) retrieved from /Users/v.lytvyniuk/Documents/библиотечка/DE online1/git/de_7/lesson_07/airflow_env/lib/python3.8/site-packages/airflow/example_dags/example_trigger_controller_dag.py
[2023-02-10T21:53:39.026+0200] {logging_mixin.py:115} INFO - [2023-02-10T21:53:39.026+0200] {dag.py:2429} INFO - Sync 1 DAGs
[2023-02-10T21:53:39.033+0200] {logging_mixin.py:115} INFO - [2023-02-10T21:53:39.033+0200] {dag.py:2977} INFO - Setting next_dagrun for example_trigger_controller_dag to 2021-01-01T00:00:00+00:00, run_after=2021-01-01T00:00:00+00:00
[2023-02-10T21:53:39.038+0200] {processor.py:161} INFO - Processing /Users/v.lytvyniuk/Documents/библиотечка/DE online1/git/de_7/lesson_07/airflow_env/lib/python3.8/site-packages/airflow/example_dags/example_trigger_controller_dag.py took 0.056 seconds
[2023-02-10T21:54:32.071+0200] {processor.py:153} INFO - Started process (PID=2722) to work on /Users/v.lytvyniuk/Documents/библиотечка/DE online1/git/de_7/lesson_07/airflow_env/lib/python3.8/site-packages/airflow/example_dags/example_trigger_controller_dag.py
[2023-02-10T21:54:32.074+0200] {processor.py:640} INFO - Processing file /Users/v.lytvyniuk/Documents/библиотечка/DE online1/git/de_7/lesson_07/airflow_env/lib/python3.8/site-packages/airflow/example_dags/example_trigger_controller_dag.py for tasks to queue
[2023-02-10T21:54:32.075+0200] {logging_mixin.py:115} INFO - [2023-02-10T21:54:32.075+0200] {dagbag.py:508} INFO - Filling up the DagBag from /Users/v.lytvyniuk/Documents/библиотечка/DE online1/git/de_7/lesson_07/airflow_env/lib/python3.8/site-packages/airflow/example_dags/example_trigger_controller_dag.py
[2023-02-10T21:54:32.081+0200] {processor.py:650} INFO - DAG(s) dict_keys(['example_trigger_controller_dag']) retrieved from /Users/v.lytvyniuk/Documents/библиотечка/DE online1/git/de_7/lesson_07/airflow_env/lib/python3.8/site-packages/airflow/example_dags/example_trigger_controller_dag.py
[2023-02-10T21:54:32.111+0200] {logging_mixin.py:115} INFO - [2023-02-10T21:54:32.111+0200] {dag.py:2429} INFO - Sync 1 DAGs
[2023-02-10T21:54:32.118+0200] {logging_mixin.py:115} INFO - [2023-02-10T21:54:32.118+0200] {dag.py:2977} INFO - Setting next_dagrun for example_trigger_controller_dag to 2021-01-01T00:00:00+00:00, run_after=2021-01-01T00:00:00+00:00
[2023-02-10T21:54:32.123+0200] {processor.py:161} INFO - Processing /Users/v.lytvyniuk/Documents/библиотечка/DE online1/git/de_7/lesson_07/airflow_env/lib/python3.8/site-packages/airflow/example_dags/example_trigger_controller_dag.py took 0.052 seconds
[2023-02-10T21:55:21.337+0200] {processor.py:153} INFO - Started process (PID=2908) to work on /Users/v.lytvyniuk/Documents/библиотечка/DE online1/git/de_7/lesson_07/airflow_env/lib/python3.8/site-packages/airflow/example_dags/example_trigger_controller_dag.py
[2023-02-10T21:55:21.340+0200] {processor.py:640} INFO - Processing file /Users/v.lytvyniuk/Documents/библиотечка/DE online1/git/de_7/lesson_07/airflow_env/lib/python3.8/site-packages/airflow/example_dags/example_trigger_controller_dag.py for tasks to queue
[2023-02-10T21:55:21.340+0200] {logging_mixin.py:115} INFO - [2023-02-10T21:55:21.340+0200] {dagbag.py:508} INFO - Filling up the DagBag from /Users/v.lytvyniuk/Documents/библиотечка/DE online1/git/de_7/lesson_07/airflow_env/lib/python3.8/site-packages/airflow/example_dags/example_trigger_controller_dag.py
[2023-02-10T21:55:21.346+0200] {processor.py:650} INFO - DAG(s) dict_keys(['example_trigger_controller_dag']) retrieved from /Users/v.lytvyniuk/Documents/библиотечка/DE online1/git/de_7/lesson_07/airflow_env/lib/python3.8/site-packages/airflow/example_dags/example_trigger_controller_dag.py
[2023-02-10T21:55:21.377+0200] {logging_mixin.py:115} INFO - [2023-02-10T21:55:21.377+0200] {dag.py:2429} INFO - Sync 1 DAGs
[2023-02-10T21:55:21.383+0200] {logging_mixin.py:115} INFO - [2023-02-10T21:55:21.383+0200] {dag.py:2977} INFO - Setting next_dagrun for example_trigger_controller_dag to 2021-01-01T00:00:00+00:00, run_after=2021-01-01T00:00:00+00:00
[2023-02-10T21:55:21.388+0200] {processor.py:161} INFO - Processing /Users/v.lytvyniuk/Documents/библиотечка/DE online1/git/de_7/lesson_07/airflow_env/lib/python3.8/site-packages/airflow/example_dags/example_trigger_controller_dag.py took 0.052 seconds
[2023-02-10T21:56:14.408+0200] {processor.py:153} INFO - Started process (PID=3078) to work on /Users/v.lytvyniuk/Documents/библиотечка/DE online1/git/de_7/lesson_07/airflow_env/lib/python3.8/site-packages/airflow/example_dags/example_trigger_controller_dag.py
[2023-02-10T21:56:14.412+0200] {processor.py:640} INFO - Processing file /Users/v.lytvyniuk/Documents/библиотечка/DE online1/git/de_7/lesson_07/airflow_env/lib/python3.8/site-packages/airflow/example_dags/example_trigger_controller_dag.py for tasks to queue
[2023-02-10T21:56:14.412+0200] {logging_mixin.py:115} INFO - [2023-02-10T21:56:14.412+0200] {dagbag.py:508} INFO - Filling up the DagBag from /Users/v.lytvyniuk/Documents/библиотечка/DE online1/git/de_7/lesson_07/airflow_env/lib/python3.8/site-packages/airflow/example_dags/example_trigger_controller_dag.py
[2023-02-10T21:56:14.419+0200] {processor.py:650} INFO - DAG(s) dict_keys(['example_trigger_controller_dag']) retrieved from /Users/v.lytvyniuk/Documents/библиотечка/DE online1/git/de_7/lesson_07/airflow_env/lib/python3.8/site-packages/airflow/example_dags/example_trigger_controller_dag.py
[2023-02-10T21:56:14.448+0200] {logging_mixin.py:115} INFO - [2023-02-10T21:56:14.448+0200] {dag.py:2429} INFO - Sync 1 DAGs
[2023-02-10T21:56:14.455+0200] {logging_mixin.py:115} INFO - [2023-02-10T21:56:14.455+0200] {dag.py:2977} INFO - Setting next_dagrun for example_trigger_controller_dag to 2021-01-01T00:00:00+00:00, run_after=2021-01-01T00:00:00+00:00
[2023-02-10T21:56:14.460+0200] {processor.py:161} INFO - Processing /Users/v.lytvyniuk/Documents/библиотечка/DE online1/git/de_7/lesson_07/airflow_env/lib/python3.8/site-packages/airflow/example_dags/example_trigger_controller_dag.py took 0.052 seconds
[2023-02-10T21:57:06.600+0200] {processor.py:153} INFO - Started process (PID=3233) to work on /Users/v.lytvyniuk/Documents/библиотечка/DE online1/git/de_7/lesson_07/airflow_env/lib/python3.8/site-packages/airflow/example_dags/example_trigger_controller_dag.py
[2023-02-10T21:57:06.604+0200] {processor.py:640} INFO - Processing file /Users/v.lytvyniuk/Documents/библиотечка/DE online1/git/de_7/lesson_07/airflow_env/lib/python3.8/site-packages/airflow/example_dags/example_trigger_controller_dag.py for tasks to queue
[2023-02-10T21:57:06.604+0200] {logging_mixin.py:115} INFO - [2023-02-10T21:57:06.604+0200] {dagbag.py:508} INFO - Filling up the DagBag from /Users/v.lytvyniuk/Documents/библиотечка/DE online1/git/de_7/lesson_07/airflow_env/lib/python3.8/site-packages/airflow/example_dags/example_trigger_controller_dag.py
[2023-02-10T21:57:06.610+0200] {processor.py:650} INFO - DAG(s) dict_keys(['example_trigger_controller_dag']) retrieved from /Users/v.lytvyniuk/Documents/библиотечка/DE online1/git/de_7/lesson_07/airflow_env/lib/python3.8/site-packages/airflow/example_dags/example_trigger_controller_dag.py
[2023-02-10T21:57:06.641+0200] {logging_mixin.py:115} INFO - [2023-02-10T21:57:06.641+0200] {dag.py:2429} INFO - Sync 1 DAGs
[2023-02-10T21:57:06.648+0200] {logging_mixin.py:115} INFO - [2023-02-10T21:57:06.648+0200] {dag.py:2977} INFO - Setting next_dagrun for example_trigger_controller_dag to 2021-01-01T00:00:00+00:00, run_after=2021-01-01T00:00:00+00:00
[2023-02-10T21:57:06.653+0200] {processor.py:161} INFO - Processing /Users/v.lytvyniuk/Documents/библиотечка/DE online1/git/de_7/lesson_07/airflow_env/lib/python3.8/site-packages/airflow/example_dags/example_trigger_controller_dag.py took 0.054 seconds
[2023-02-10T21:58:00.006+0200] {processor.py:153} INFO - Started process (PID=3412) to work on /Users/v.lytvyniuk/Documents/библиотечка/DE online1/git/de_7/lesson_07/airflow_env/lib/python3.8/site-packages/airflow/example_dags/example_trigger_controller_dag.py
[2023-02-10T21:58:00.009+0200] {processor.py:640} INFO - Processing file /Users/v.lytvyniuk/Documents/библиотечка/DE online1/git/de_7/lesson_07/airflow_env/lib/python3.8/site-packages/airflow/example_dags/example_trigger_controller_dag.py for tasks to queue
[2023-02-10T21:58:00.009+0200] {logging_mixin.py:115} INFO - [2023-02-10T21:58:00.009+0200] {dagbag.py:508} INFO - Filling up the DagBag from /Users/v.lytvyniuk/Documents/библиотечка/DE online1/git/de_7/lesson_07/airflow_env/lib/python3.8/site-packages/airflow/example_dags/example_trigger_controller_dag.py
[2023-02-10T21:58:00.016+0200] {processor.py:650} INFO - DAG(s) dict_keys(['example_trigger_controller_dag']) retrieved from /Users/v.lytvyniuk/Documents/библиотечка/DE online1/git/de_7/lesson_07/airflow_env/lib/python3.8/site-packages/airflow/example_dags/example_trigger_controller_dag.py
[2023-02-10T21:58:00.052+0200] {logging_mixin.py:115} INFO - [2023-02-10T21:58:00.052+0200] {dag.py:2429} INFO - Sync 1 DAGs
[2023-02-10T21:58:00.060+0200] {logging_mixin.py:115} INFO - [2023-02-10T21:58:00.060+0200] {dag.py:2977} INFO - Setting next_dagrun for example_trigger_controller_dag to 2021-01-01T00:00:00+00:00, run_after=2021-01-01T00:00:00+00:00
[2023-02-10T21:58:00.067+0200] {processor.py:161} INFO - Processing /Users/v.lytvyniuk/Documents/библиотечка/DE online1/git/de_7/lesson_07/airflow_env/lib/python3.8/site-packages/airflow/example_dags/example_trigger_controller_dag.py took 0.061 seconds
