[2023-02-10T21:32:47.650+0200] {processor.py:153} INFO - Started process (PID=48366) to work on /Users/v.lytvyniuk/Documents/библиотечка/DE online1/git/de_7/lesson_07/airflow_env/lib/python3.8/site-packages/airflow/example_dags/example_branch_python_dop_operator_3.py
[2023-02-10T21:32:47.653+0200] {processor.py:640} INFO - Processing file /Users/v.lytvyniuk/Documents/библиотечка/DE online1/git/de_7/lesson_07/airflow_env/lib/python3.8/site-packages/airflow/example_dags/example_branch_python_dop_operator_3.py for tasks to queue
[2023-02-10T21:32:47.653+0200] {logging_mixin.py:115} INFO - [2023-02-10T21:32:47.653+0200] {dagbag.py:508} INFO - Filling up the DagBag from /Users/v.lytvyniuk/Documents/библиотечка/DE online1/git/de_7/lesson_07/airflow_env/lib/python3.8/site-packages/airflow/example_dags/example_branch_python_dop_operator_3.py
[2023-02-10T21:32:47.669+0200] {processor.py:650} INFO - DAG(s) dict_keys(['example_branch_dop_operator_v3']) retrieved from /Users/v.lytvyniuk/Documents/библиотечка/DE online1/git/de_7/lesson_07/airflow_env/lib/python3.8/site-packages/airflow/example_dags/example_branch_python_dop_operator_3.py
[2023-02-10T21:32:48.055+0200] {logging_mixin.py:115} INFO - [2023-02-10T21:32:48.055+0200] {manager.py:508} INFO - Created Permission View: can edit on DAG:example_branch_dop_operator_v3
[2023-02-10T21:32:48.059+0200] {logging_mixin.py:115} INFO - [2023-02-10T21:32:48.059+0200] {manager.py:508} INFO - Created Permission View: can delete on DAG:example_branch_dop_operator_v3
[2023-02-10T21:32:48.061+0200] {logging_mixin.py:115} INFO - [2023-02-10T21:32:48.061+0200] {manager.py:508} INFO - Created Permission View: can read on DAG:example_branch_dop_operator_v3
[2023-02-10T21:32:48.062+0200] {logging_mixin.py:115} INFO - [2023-02-10T21:32:48.061+0200] {dag.py:2429} INFO - Sync 1 DAGs
[2023-02-10T21:32:48.065+0200] {logging_mixin.py:115} INFO - [2023-02-10T21:32:48.065+0200] {dag.py:2448} INFO - Creating ORM DAG for example_branch_dop_operator_v3
[2023-02-10T21:32:48.072+0200] {logging_mixin.py:115} INFO - [2023-02-10T21:32:48.072+0200] {dag.py:2977} INFO - Setting next_dagrun for example_branch_dop_operator_v3 to 2023-02-10T19:31:00+00:00, run_after=2023-02-10T19:32:00+00:00
[2023-02-10T21:32:48.078+0200] {processor.py:161} INFO - Processing /Users/v.lytvyniuk/Documents/библиотечка/DE online1/git/de_7/lesson_07/airflow_env/lib/python3.8/site-packages/airflow/example_dags/example_branch_python_dop_operator_3.py took 0.428 seconds
[2023-02-10T21:35:20.128+0200] {processor.py:153} INFO - Started process (PID=48838) to work on /Users/v.lytvyniuk/Documents/библиотечка/DE online1/git/de_7/lesson_07/airflow_env/lib/python3.8/site-packages/airflow/example_dags/example_branch_python_dop_operator_3.py
[2023-02-10T21:35:20.131+0200] {processor.py:640} INFO - Processing file /Users/v.lytvyniuk/Documents/библиотечка/DE online1/git/de_7/lesson_07/airflow_env/lib/python3.8/site-packages/airflow/example_dags/example_branch_python_dop_operator_3.py for tasks to queue
[2023-02-10T21:35:20.131+0200] {logging_mixin.py:115} INFO - [2023-02-10T21:35:20.131+0200] {dagbag.py:508} INFO - Filling up the DagBag from /Users/v.lytvyniuk/Documents/библиотечка/DE online1/git/de_7/lesson_07/airflow_env/lib/python3.8/site-packages/airflow/example_dags/example_branch_python_dop_operator_3.py
[2023-02-10T21:35:20.147+0200] {processor.py:650} INFO - DAG(s) dict_keys(['example_branch_dop_operator_v3']) retrieved from /Users/v.lytvyniuk/Documents/библиотечка/DE online1/git/de_7/lesson_07/airflow_env/lib/python3.8/site-packages/airflow/example_dags/example_branch_python_dop_operator_3.py
[2023-02-10T21:35:20.177+0200] {logging_mixin.py:115} INFO - [2023-02-10T21:35:20.177+0200] {dag.py:2429} INFO - Sync 1 DAGs
[2023-02-10T21:35:20.187+0200] {logging_mixin.py:115} INFO - [2023-02-10T21:35:20.187+0200] {dag.py:2977} INFO - Setting next_dagrun for example_branch_dop_operator_v3 to 2023-02-10T19:34:00+00:00, run_after=2023-02-10T19:35:00+00:00
[2023-02-10T21:35:20.193+0200] {processor.py:161} INFO - Processing /Users/v.lytvyniuk/Documents/библиотечка/DE online1/git/de_7/lesson_07/airflow_env/lib/python3.8/site-packages/airflow/example_dags/example_branch_python_dop_operator_3.py took 0.065 seconds
[2023-02-10T21:36:11.936+0200] {processor.py:153} INFO - Started process (PID=48979) to work on /Users/v.lytvyniuk/Documents/библиотечка/DE online1/git/de_7/lesson_07/airflow_env/lib/python3.8/site-packages/airflow/example_dags/example_branch_python_dop_operator_3.py
[2023-02-10T21:36:11.939+0200] {processor.py:640} INFO - Processing file /Users/v.lytvyniuk/Documents/библиотечка/DE online1/git/de_7/lesson_07/airflow_env/lib/python3.8/site-packages/airflow/example_dags/example_branch_python_dop_operator_3.py for tasks to queue
[2023-02-10T21:36:11.939+0200] {logging_mixin.py:115} INFO - [2023-02-10T21:36:11.939+0200] {dagbag.py:508} INFO - Filling up the DagBag from /Users/v.lytvyniuk/Documents/библиотечка/DE online1/git/de_7/lesson_07/airflow_env/lib/python3.8/site-packages/airflow/example_dags/example_branch_python_dop_operator_3.py
[2023-02-10T21:36:11.956+0200] {processor.py:650} INFO - DAG(s) dict_keys(['example_branch_dop_operator_v3']) retrieved from /Users/v.lytvyniuk/Documents/библиотечка/DE online1/git/de_7/lesson_07/airflow_env/lib/python3.8/site-packages/airflow/example_dags/example_branch_python_dop_operator_3.py
[2023-02-10T21:36:11.988+0200] {logging_mixin.py:115} INFO - [2023-02-10T21:36:11.987+0200] {dag.py:2429} INFO - Sync 1 DAGs
[2023-02-10T21:36:11.997+0200] {logging_mixin.py:115} INFO - [2023-02-10T21:36:11.997+0200] {dag.py:2977} INFO - Setting next_dagrun for example_branch_dop_operator_v3 to 2023-02-10T19:35:00+00:00, run_after=2023-02-10T19:36:00+00:00
[2023-02-10T21:36:12.004+0200] {processor.py:161} INFO - Processing /Users/v.lytvyniuk/Documents/библиотечка/DE online1/git/de_7/lesson_07/airflow_env/lib/python3.8/site-packages/airflow/example_dags/example_branch_python_dop_operator_3.py took 0.068 seconds
[2023-02-10T21:37:02.068+0200] {processor.py:153} INFO - Started process (PID=49133) to work on /Users/v.lytvyniuk/Documents/библиотечка/DE online1/git/de_7/lesson_07/airflow_env/lib/python3.8/site-packages/airflow/example_dags/example_branch_python_dop_operator_3.py
[2023-02-10T21:37:02.072+0200] {processor.py:640} INFO - Processing file /Users/v.lytvyniuk/Documents/библиотечка/DE online1/git/de_7/lesson_07/airflow_env/lib/python3.8/site-packages/airflow/example_dags/example_branch_python_dop_operator_3.py for tasks to queue
[2023-02-10T21:37:02.072+0200] {logging_mixin.py:115} INFO - [2023-02-10T21:37:02.072+0200] {dagbag.py:508} INFO - Filling up the DagBag from /Users/v.lytvyniuk/Documents/библиотечка/DE online1/git/de_7/lesson_07/airflow_env/lib/python3.8/site-packages/airflow/example_dags/example_branch_python_dop_operator_3.py
[2023-02-10T21:37:02.088+0200] {processor.py:650} INFO - DAG(s) dict_keys(['example_branch_dop_operator_v3']) retrieved from /Users/v.lytvyniuk/Documents/библиотечка/DE online1/git/de_7/lesson_07/airflow_env/lib/python3.8/site-packages/airflow/example_dags/example_branch_python_dop_operator_3.py
[2023-02-10T21:37:02.118+0200] {logging_mixin.py:115} INFO - [2023-02-10T21:37:02.118+0200] {dag.py:2429} INFO - Sync 1 DAGs
[2023-02-10T21:37:02.128+0200] {logging_mixin.py:115} INFO - [2023-02-10T21:37:02.128+0200] {dag.py:2977} INFO - Setting next_dagrun for example_branch_dop_operator_v3 to 2023-02-10T19:36:00+00:00, run_after=2023-02-10T19:37:00+00:00
[2023-02-10T21:37:02.135+0200] {processor.py:161} INFO - Processing /Users/v.lytvyniuk/Documents/библиотечка/DE online1/git/de_7/lesson_07/airflow_env/lib/python3.8/site-packages/airflow/example_dags/example_branch_python_dop_operator_3.py took 0.067 seconds
[2023-02-10T21:37:50.866+0200] {processor.py:153} INFO - Started process (PID=49266) to work on /Users/v.lytvyniuk/Documents/библиотечка/DE online1/git/de_7/lesson_07/airflow_env/lib/python3.8/site-packages/airflow/example_dags/example_branch_python_dop_operator_3.py
[2023-02-10T21:37:50.869+0200] {processor.py:640} INFO - Processing file /Users/v.lytvyniuk/Documents/библиотечка/DE online1/git/de_7/lesson_07/airflow_env/lib/python3.8/site-packages/airflow/example_dags/example_branch_python_dop_operator_3.py for tasks to queue
[2023-02-10T21:37:50.869+0200] {logging_mixin.py:115} INFO - [2023-02-10T21:37:50.869+0200] {dagbag.py:508} INFO - Filling up the DagBag from /Users/v.lytvyniuk/Documents/библиотечка/DE online1/git/de_7/lesson_07/airflow_env/lib/python3.8/site-packages/airflow/example_dags/example_branch_python_dop_operator_3.py
[2023-02-10T21:37:50.886+0200] {processor.py:650} INFO - DAG(s) dict_keys(['example_branch_dop_operator_v3']) retrieved from /Users/v.lytvyniuk/Documents/библиотечка/DE online1/git/de_7/lesson_07/airflow_env/lib/python3.8/site-packages/airflow/example_dags/example_branch_python_dop_operator_3.py
[2023-02-10T21:37:50.916+0200] {logging_mixin.py:115} INFO - [2023-02-10T21:37:50.916+0200] {dag.py:2429} INFO - Sync 1 DAGs
[2023-02-10T21:37:50.926+0200] {logging_mixin.py:115} INFO - [2023-02-10T21:37:50.925+0200] {dag.py:2977} INFO - Setting next_dagrun for example_branch_dop_operator_v3 to 2023-02-10T19:36:00+00:00, run_after=2023-02-10T19:37:00+00:00
[2023-02-10T21:37:50.932+0200] {processor.py:161} INFO - Processing /Users/v.lytvyniuk/Documents/библиотечка/DE online1/git/de_7/lesson_07/airflow_env/lib/python3.8/site-packages/airflow/example_dags/example_branch_python_dop_operator_3.py took 0.066 seconds
[2023-02-10T21:38:41.741+0200] {processor.py:153} INFO - Started process (PID=49418) to work on /Users/v.lytvyniuk/Documents/библиотечка/DE online1/git/de_7/lesson_07/airflow_env/lib/python3.8/site-packages/airflow/example_dags/example_branch_python_dop_operator_3.py
[2023-02-10T21:38:41.745+0200] {processor.py:640} INFO - Processing file /Users/v.lytvyniuk/Documents/библиотечка/DE online1/git/de_7/lesson_07/airflow_env/lib/python3.8/site-packages/airflow/example_dags/example_branch_python_dop_operator_3.py for tasks to queue
[2023-02-10T21:38:41.745+0200] {logging_mixin.py:115} INFO - [2023-02-10T21:38:41.745+0200] {dagbag.py:508} INFO - Filling up the DagBag from /Users/v.lytvyniuk/Documents/библиотечка/DE online1/git/de_7/lesson_07/airflow_env/lib/python3.8/site-packages/airflow/example_dags/example_branch_python_dop_operator_3.py
[2023-02-10T21:38:41.763+0200] {processor.py:650} INFO - DAG(s) dict_keys(['example_branch_dop_operator_v3']) retrieved from /Users/v.lytvyniuk/Documents/библиотечка/DE online1/git/de_7/lesson_07/airflow_env/lib/python3.8/site-packages/airflow/example_dags/example_branch_python_dop_operator_3.py
[2023-02-10T21:38:41.793+0200] {logging_mixin.py:115} INFO - [2023-02-10T21:38:41.793+0200] {dag.py:2429} INFO - Sync 1 DAGs
[2023-02-10T21:38:41.802+0200] {logging_mixin.py:115} INFO - [2023-02-10T21:38:41.802+0200] {dag.py:2977} INFO - Setting next_dagrun for example_branch_dop_operator_v3 to 2023-02-10T19:37:00+00:00, run_after=2023-02-10T19:38:00+00:00
[2023-02-10T21:38:41.808+0200] {processor.py:161} INFO - Processing /Users/v.lytvyniuk/Documents/библиотечка/DE online1/git/de_7/lesson_07/airflow_env/lib/python3.8/site-packages/airflow/example_dags/example_branch_python_dop_operator_3.py took 0.068 seconds
[2023-02-10T21:39:31.278+0200] {processor.py:153} INFO - Started process (PID=49598) to work on /Users/v.lytvyniuk/Documents/библиотечка/DE online1/git/de_7/lesson_07/airflow_env/lib/python3.8/site-packages/airflow/example_dags/example_branch_python_dop_operator_3.py
[2023-02-10T21:39:31.281+0200] {processor.py:640} INFO - Processing file /Users/v.lytvyniuk/Documents/библиотечка/DE online1/git/de_7/lesson_07/airflow_env/lib/python3.8/site-packages/airflow/example_dags/example_branch_python_dop_operator_3.py for tasks to queue
[2023-02-10T21:39:31.282+0200] {logging_mixin.py:115} INFO - [2023-02-10T21:39:31.282+0200] {dagbag.py:508} INFO - Filling up the DagBag from /Users/v.lytvyniuk/Documents/библиотечка/DE online1/git/de_7/lesson_07/airflow_env/lib/python3.8/site-packages/airflow/example_dags/example_branch_python_dop_operator_3.py
[2023-02-10T21:39:31.299+0200] {processor.py:650} INFO - DAG(s) dict_keys(['example_branch_dop_operator_v3']) retrieved from /Users/v.lytvyniuk/Documents/библиотечка/DE online1/git/de_7/lesson_07/airflow_env/lib/python3.8/site-packages/airflow/example_dags/example_branch_python_dop_operator_3.py
[2023-02-10T21:39:31.330+0200] {logging_mixin.py:115} INFO - [2023-02-10T21:39:31.330+0200] {dag.py:2429} INFO - Sync 1 DAGs
[2023-02-10T21:39:31.340+0200] {logging_mixin.py:115} INFO - [2023-02-10T21:39:31.340+0200] {dag.py:2977} INFO - Setting next_dagrun for example_branch_dop_operator_v3 to 2023-02-10T19:38:00+00:00, run_after=2023-02-10T19:39:00+00:00
[2023-02-10T21:39:31.346+0200] {processor.py:161} INFO - Processing /Users/v.lytvyniuk/Documents/библиотечка/DE online1/git/de_7/lesson_07/airflow_env/lib/python3.8/site-packages/airflow/example_dags/example_branch_python_dop_operator_3.py took 0.069 seconds
[2023-02-10T21:40:20.207+0200] {processor.py:153} INFO - Started process (PID=49742) to work on /Users/v.lytvyniuk/Documents/библиотечка/DE online1/git/de_7/lesson_07/airflow_env/lib/python3.8/site-packages/airflow/example_dags/example_branch_python_dop_operator_3.py
[2023-02-10T21:40:20.210+0200] {processor.py:640} INFO - Processing file /Users/v.lytvyniuk/Documents/библиотечка/DE online1/git/de_7/lesson_07/airflow_env/lib/python3.8/site-packages/airflow/example_dags/example_branch_python_dop_operator_3.py for tasks to queue
[2023-02-10T21:40:20.211+0200] {logging_mixin.py:115} INFO - [2023-02-10T21:40:20.211+0200] {dagbag.py:508} INFO - Filling up the DagBag from /Users/v.lytvyniuk/Documents/библиотечка/DE online1/git/de_7/lesson_07/airflow_env/lib/python3.8/site-packages/airflow/example_dags/example_branch_python_dop_operator_3.py
[2023-02-10T21:40:20.226+0200] {processor.py:650} INFO - DAG(s) dict_keys(['example_branch_dop_operator_v3']) retrieved from /Users/v.lytvyniuk/Documents/библиотечка/DE online1/git/de_7/lesson_07/airflow_env/lib/python3.8/site-packages/airflow/example_dags/example_branch_python_dop_operator_3.py
[2023-02-10T21:40:20.256+0200] {logging_mixin.py:115} INFO - [2023-02-10T21:40:20.256+0200] {dag.py:2429} INFO - Sync 1 DAGs
[2023-02-10T21:40:20.265+0200] {logging_mixin.py:115} INFO - [2023-02-10T21:40:20.265+0200] {dag.py:2977} INFO - Setting next_dagrun for example_branch_dop_operator_v3 to 2023-02-10T19:39:00+00:00, run_after=2023-02-10T19:40:00+00:00
[2023-02-10T21:40:20.271+0200] {processor.py:161} INFO - Processing /Users/v.lytvyniuk/Documents/библиотечка/DE online1/git/de_7/lesson_07/airflow_env/lib/python3.8/site-packages/airflow/example_dags/example_branch_python_dop_operator_3.py took 0.064 seconds
[2023-02-10T21:41:11.382+0200] {processor.py:153} INFO - Started process (PID=49879) to work on /Users/v.lytvyniuk/Documents/библиотечка/DE online1/git/de_7/lesson_07/airflow_env/lib/python3.8/site-packages/airflow/example_dags/example_branch_python_dop_operator_3.py
[2023-02-10T21:41:11.385+0200] {processor.py:640} INFO - Processing file /Users/v.lytvyniuk/Documents/библиотечка/DE online1/git/de_7/lesson_07/airflow_env/lib/python3.8/site-packages/airflow/example_dags/example_branch_python_dop_operator_3.py for tasks to queue
[2023-02-10T21:41:11.385+0200] {logging_mixin.py:115} INFO - [2023-02-10T21:41:11.385+0200] {dagbag.py:508} INFO - Filling up the DagBag from /Users/v.lytvyniuk/Documents/библиотечка/DE online1/git/de_7/lesson_07/airflow_env/lib/python3.8/site-packages/airflow/example_dags/example_branch_python_dop_operator_3.py
[2023-02-10T21:41:11.401+0200] {processor.py:650} INFO - DAG(s) dict_keys(['example_branch_dop_operator_v3']) retrieved from /Users/v.lytvyniuk/Documents/библиотечка/DE online1/git/de_7/lesson_07/airflow_env/lib/python3.8/site-packages/airflow/example_dags/example_branch_python_dop_operator_3.py
[2023-02-10T21:41:11.432+0200] {logging_mixin.py:115} INFO - [2023-02-10T21:41:11.432+0200] {dag.py:2429} INFO - Sync 1 DAGs
[2023-02-10T21:41:11.442+0200] {logging_mixin.py:115} INFO - [2023-02-10T21:41:11.442+0200] {dag.py:2977} INFO - Setting next_dagrun for example_branch_dop_operator_v3 to 2023-02-10T19:40:00+00:00, run_after=2023-02-10T19:41:00+00:00
[2023-02-10T21:41:11.451+0200] {processor.py:161} INFO - Processing /Users/v.lytvyniuk/Documents/библиотечка/DE online1/git/de_7/lesson_07/airflow_env/lib/python3.8/site-packages/airflow/example_dags/example_branch_python_dop_operator_3.py took 0.070 seconds
[2023-02-10T21:42:02.750+0200] {processor.py:153} INFO - Started process (PID=50014) to work on /Users/v.lytvyniuk/Documents/библиотечка/DE online1/git/de_7/lesson_07/airflow_env/lib/python3.8/site-packages/airflow/example_dags/example_branch_python_dop_operator_3.py
[2023-02-10T21:42:02.753+0200] {processor.py:640} INFO - Processing file /Users/v.lytvyniuk/Documents/библиотечка/DE online1/git/de_7/lesson_07/airflow_env/lib/python3.8/site-packages/airflow/example_dags/example_branch_python_dop_operator_3.py for tasks to queue
[2023-02-10T21:42:02.754+0200] {logging_mixin.py:115} INFO - [2023-02-10T21:42:02.754+0200] {dagbag.py:508} INFO - Filling up the DagBag from /Users/v.lytvyniuk/Documents/библиотечка/DE online1/git/de_7/lesson_07/airflow_env/lib/python3.8/site-packages/airflow/example_dags/example_branch_python_dop_operator_3.py
[2023-02-10T21:42:02.769+0200] {processor.py:650} INFO - DAG(s) dict_keys(['example_branch_dop_operator_v3']) retrieved from /Users/v.lytvyniuk/Documents/библиотечка/DE online1/git/de_7/lesson_07/airflow_env/lib/python3.8/site-packages/airflow/example_dags/example_branch_python_dop_operator_3.py
[2023-02-10T21:42:02.799+0200] {logging_mixin.py:115} INFO - [2023-02-10T21:42:02.799+0200] {dag.py:2429} INFO - Sync 1 DAGs
[2023-02-10T21:42:02.808+0200] {logging_mixin.py:115} INFO - [2023-02-10T21:42:02.808+0200] {dag.py:2977} INFO - Setting next_dagrun for example_branch_dop_operator_v3 to 2023-02-10T19:41:00+00:00, run_after=2023-02-10T19:42:00+00:00
[2023-02-10T21:42:02.814+0200] {processor.py:161} INFO - Processing /Users/v.lytvyniuk/Documents/библиотечка/DE online1/git/de_7/lesson_07/airflow_env/lib/python3.8/site-packages/airflow/example_dags/example_branch_python_dop_operator_3.py took 0.065 seconds
[2023-02-10T21:42:54.393+0200] {processor.py:153} INFO - Started process (PID=50163) to work on /Users/v.lytvyniuk/Documents/библиотечка/DE online1/git/de_7/lesson_07/airflow_env/lib/python3.8/site-packages/airflow/example_dags/example_branch_python_dop_operator_3.py
[2023-02-10T21:42:54.397+0200] {processor.py:640} INFO - Processing file /Users/v.lytvyniuk/Documents/библиотечка/DE online1/git/de_7/lesson_07/airflow_env/lib/python3.8/site-packages/airflow/example_dags/example_branch_python_dop_operator_3.py for tasks to queue
[2023-02-10T21:42:54.397+0200] {logging_mixin.py:115} INFO - [2023-02-10T21:42:54.397+0200] {dagbag.py:508} INFO - Filling up the DagBag from /Users/v.lytvyniuk/Documents/библиотечка/DE online1/git/de_7/lesson_07/airflow_env/lib/python3.8/site-packages/airflow/example_dags/example_branch_python_dop_operator_3.py
[2023-02-10T21:42:54.414+0200] {processor.py:650} INFO - DAG(s) dict_keys(['example_branch_dop_operator_v3']) retrieved from /Users/v.lytvyniuk/Documents/библиотечка/DE online1/git/de_7/lesson_07/airflow_env/lib/python3.8/site-packages/airflow/example_dags/example_branch_python_dop_operator_3.py
[2023-02-10T21:42:54.446+0200] {logging_mixin.py:115} INFO - [2023-02-10T21:42:54.446+0200] {dag.py:2429} INFO - Sync 1 DAGs
[2023-02-10T21:42:54.456+0200] {logging_mixin.py:115} INFO - [2023-02-10T21:42:54.456+0200] {dag.py:2977} INFO - Setting next_dagrun for example_branch_dop_operator_v3 to 2023-02-10T19:41:00+00:00, run_after=2023-02-10T19:42:00+00:00
[2023-02-10T21:42:54.462+0200] {processor.py:161} INFO - Processing /Users/v.lytvyniuk/Documents/библиотечка/DE online1/git/de_7/lesson_07/airflow_env/lib/python3.8/site-packages/airflow/example_dags/example_branch_python_dop_operator_3.py took 0.070 seconds
[2023-02-10T21:43:43.734+0200] {processor.py:153} INFO - Started process (PID=50286) to work on /Users/v.lytvyniuk/Documents/библиотечка/DE online1/git/de_7/lesson_07/airflow_env/lib/python3.8/site-packages/airflow/example_dags/example_branch_python_dop_operator_3.py
[2023-02-10T21:43:43.737+0200] {processor.py:640} INFO - Processing file /Users/v.lytvyniuk/Documents/библиотечка/DE online1/git/de_7/lesson_07/airflow_env/lib/python3.8/site-packages/airflow/example_dags/example_branch_python_dop_operator_3.py for tasks to queue
[2023-02-10T21:43:43.737+0200] {logging_mixin.py:115} INFO - [2023-02-10T21:43:43.737+0200] {dagbag.py:508} INFO - Filling up the DagBag from /Users/v.lytvyniuk/Documents/библиотечка/DE online1/git/de_7/lesson_07/airflow_env/lib/python3.8/site-packages/airflow/example_dags/example_branch_python_dop_operator_3.py
[2023-02-10T21:43:43.753+0200] {processor.py:650} INFO - DAG(s) dict_keys(['example_branch_dop_operator_v3']) retrieved from /Users/v.lytvyniuk/Documents/библиотечка/DE online1/git/de_7/lesson_07/airflow_env/lib/python3.8/site-packages/airflow/example_dags/example_branch_python_dop_operator_3.py
[2023-02-10T21:43:43.782+0200] {logging_mixin.py:115} INFO - [2023-02-10T21:43:43.782+0200] {dag.py:2429} INFO - Sync 1 DAGs
[2023-02-10T21:43:43.792+0200] {logging_mixin.py:115} INFO - [2023-02-10T21:43:43.792+0200] {dag.py:2977} INFO - Setting next_dagrun for example_branch_dop_operator_v3 to 2023-02-10T19:42:00+00:00, run_after=2023-02-10T19:43:00+00:00
[2023-02-10T21:43:43.798+0200] {processor.py:161} INFO - Processing /Users/v.lytvyniuk/Documents/библиотечка/DE online1/git/de_7/lesson_07/airflow_env/lib/python3.8/site-packages/airflow/example_dags/example_branch_python_dop_operator_3.py took 0.064 seconds
[2023-02-10T21:44:35.837+0200] {processor.py:153} INFO - Started process (PID=50424) to work on /Users/v.lytvyniuk/Documents/библиотечка/DE online1/git/de_7/lesson_07/airflow_env/lib/python3.8/site-packages/airflow/example_dags/example_branch_python_dop_operator_3.py
[2023-02-10T21:44:35.839+0200] {processor.py:640} INFO - Processing file /Users/v.lytvyniuk/Documents/библиотечка/DE online1/git/de_7/lesson_07/airflow_env/lib/python3.8/site-packages/airflow/example_dags/example_branch_python_dop_operator_3.py for tasks to queue
[2023-02-10T21:44:35.840+0200] {logging_mixin.py:115} INFO - [2023-02-10T21:44:35.840+0200] {dagbag.py:508} INFO - Filling up the DagBag from /Users/v.lytvyniuk/Documents/библиотечка/DE online1/git/de_7/lesson_07/airflow_env/lib/python3.8/site-packages/airflow/example_dags/example_branch_python_dop_operator_3.py
[2023-02-10T21:44:35.856+0200] {processor.py:650} INFO - DAG(s) dict_keys(['example_branch_dop_operator_v3']) retrieved from /Users/v.lytvyniuk/Documents/библиотечка/DE online1/git/de_7/lesson_07/airflow_env/lib/python3.8/site-packages/airflow/example_dags/example_branch_python_dop_operator_3.py
[2023-02-10T21:44:35.886+0200] {logging_mixin.py:115} INFO - [2023-02-10T21:44:35.885+0200] {dag.py:2429} INFO - Sync 1 DAGs
[2023-02-10T21:44:35.895+0200] {logging_mixin.py:115} INFO - [2023-02-10T21:44:35.895+0200] {dag.py:2977} INFO - Setting next_dagrun for example_branch_dop_operator_v3 to 2023-02-10T19:43:00+00:00, run_after=2023-02-10T19:44:00+00:00
[2023-02-10T21:44:35.901+0200] {processor.py:161} INFO - Processing /Users/v.lytvyniuk/Documents/библиотечка/DE online1/git/de_7/lesson_07/airflow_env/lib/python3.8/site-packages/airflow/example_dags/example_branch_python_dop_operator_3.py took 0.064 seconds
[2023-02-10T21:45:26.238+0200] {processor.py:153} INFO - Started process (PID=50940) to work on /Users/v.lytvyniuk/Documents/библиотечка/DE online1/git/de_7/lesson_07/airflow_env/lib/python3.8/site-packages/airflow/example_dags/example_branch_python_dop_operator_3.py
[2023-02-10T21:45:26.241+0200] {processor.py:640} INFO - Processing file /Users/v.lytvyniuk/Documents/библиотечка/DE online1/git/de_7/lesson_07/airflow_env/lib/python3.8/site-packages/airflow/example_dags/example_branch_python_dop_operator_3.py for tasks to queue
[2023-02-10T21:45:26.241+0200] {logging_mixin.py:115} INFO - [2023-02-10T21:45:26.241+0200] {dagbag.py:508} INFO - Filling up the DagBag from /Users/v.lytvyniuk/Documents/библиотечка/DE online1/git/de_7/lesson_07/airflow_env/lib/python3.8/site-packages/airflow/example_dags/example_branch_python_dop_operator_3.py
[2023-02-10T21:45:26.258+0200] {processor.py:650} INFO - DAG(s) dict_keys(['example_branch_dop_operator_v3']) retrieved from /Users/v.lytvyniuk/Documents/библиотечка/DE online1/git/de_7/lesson_07/airflow_env/lib/python3.8/site-packages/airflow/example_dags/example_branch_python_dop_operator_3.py
[2023-02-10T21:45:26.288+0200] {logging_mixin.py:115} INFO - [2023-02-10T21:45:26.288+0200] {dag.py:2429} INFO - Sync 1 DAGs
[2023-02-10T21:45:26.297+0200] {logging_mixin.py:115} INFO - [2023-02-10T21:45:26.297+0200] {dag.py:2977} INFO - Setting next_dagrun for example_branch_dop_operator_v3 to 2023-02-10T19:44:00+00:00, run_after=2023-02-10T19:45:00+00:00
[2023-02-10T21:45:26.303+0200] {processor.py:161} INFO - Processing /Users/v.lytvyniuk/Documents/библиотечка/DE online1/git/de_7/lesson_07/airflow_env/lib/python3.8/site-packages/airflow/example_dags/example_branch_python_dop_operator_3.py took 0.066 seconds
[2023-02-10T21:46:18.715+0200] {processor.py:153} INFO - Started process (PID=51071) to work on /Users/v.lytvyniuk/Documents/библиотечка/DE online1/git/de_7/lesson_07/airflow_env/lib/python3.8/site-packages/airflow/example_dags/example_branch_python_dop_operator_3.py
[2023-02-10T21:46:18.719+0200] {processor.py:640} INFO - Processing file /Users/v.lytvyniuk/Documents/библиотечка/DE online1/git/de_7/lesson_07/airflow_env/lib/python3.8/site-packages/airflow/example_dags/example_branch_python_dop_operator_3.py for tasks to queue
[2023-02-10T21:46:18.719+0200] {logging_mixin.py:115} INFO - [2023-02-10T21:46:18.719+0200] {dagbag.py:508} INFO - Filling up the DagBag from /Users/v.lytvyniuk/Documents/библиотечка/DE online1/git/de_7/lesson_07/airflow_env/lib/python3.8/site-packages/airflow/example_dags/example_branch_python_dop_operator_3.py
[2023-02-10T21:46:18.735+0200] {processor.py:650} INFO - DAG(s) dict_keys(['example_branch_dop_operator_v3']) retrieved from /Users/v.lytvyniuk/Documents/библиотечка/DE online1/git/de_7/lesson_07/airflow_env/lib/python3.8/site-packages/airflow/example_dags/example_branch_python_dop_operator_3.py
[2023-02-10T21:46:18.764+0200] {logging_mixin.py:115} INFO - [2023-02-10T21:46:18.764+0200] {dag.py:2429} INFO - Sync 1 DAGs
[2023-02-10T21:46:18.773+0200] {logging_mixin.py:115} INFO - [2023-02-10T21:46:18.773+0200] {dag.py:2977} INFO - Setting next_dagrun for example_branch_dop_operator_v3 to 2023-02-10T19:45:00+00:00, run_after=2023-02-10T19:46:00+00:00
[2023-02-10T21:46:18.780+0200] {processor.py:161} INFO - Processing /Users/v.lytvyniuk/Documents/библиотечка/DE online1/git/de_7/lesson_07/airflow_env/lib/python3.8/site-packages/airflow/example_dags/example_branch_python_dop_operator_3.py took 0.065 seconds
[2023-02-10T21:47:07.911+0200] {processor.py:153} INFO - Started process (PID=51343) to work on /Users/v.lytvyniuk/Documents/библиотечка/DE online1/git/de_7/lesson_07/airflow_env/lib/python3.8/site-packages/airflow/example_dags/example_branch_python_dop_operator_3.py
[2023-02-10T21:47:07.915+0200] {processor.py:640} INFO - Processing file /Users/v.lytvyniuk/Documents/библиотечка/DE online1/git/de_7/lesson_07/airflow_env/lib/python3.8/site-packages/airflow/example_dags/example_branch_python_dop_operator_3.py for tasks to queue
[2023-02-10T21:47:07.915+0200] {logging_mixin.py:115} INFO - [2023-02-10T21:47:07.915+0200] {dagbag.py:508} INFO - Filling up the DagBag from /Users/v.lytvyniuk/Documents/библиотечка/DE online1/git/de_7/lesson_07/airflow_env/lib/python3.8/site-packages/airflow/example_dags/example_branch_python_dop_operator_3.py
[2023-02-10T21:47:07.933+0200] {processor.py:650} INFO - DAG(s) dict_keys(['example_branch_dop_operator_v3']) retrieved from /Users/v.lytvyniuk/Documents/библиотечка/DE online1/git/de_7/lesson_07/airflow_env/lib/python3.8/site-packages/airflow/example_dags/example_branch_python_dop_operator_3.py
[2023-02-10T21:47:07.966+0200] {logging_mixin.py:115} INFO - [2023-02-10T21:47:07.965+0200] {dag.py:2429} INFO - Sync 1 DAGs
[2023-02-10T21:47:07.976+0200] {logging_mixin.py:115} INFO - [2023-02-10T21:47:07.976+0200] {dag.py:2977} INFO - Setting next_dagrun for example_branch_dop_operator_v3 to 2023-02-10T19:46:00+00:00, run_after=2023-02-10T19:47:00+00:00
[2023-02-10T21:47:07.983+0200] {processor.py:161} INFO - Processing /Users/v.lytvyniuk/Documents/библиотечка/DE online1/git/de_7/lesson_07/airflow_env/lib/python3.8/site-packages/airflow/example_dags/example_branch_python_dop_operator_3.py took 0.072 seconds
[2023-02-10T21:54:05.440+0200] {processor.py:153} INFO - Started process (PID=2607) to work on /Users/v.lytvyniuk/Documents/библиотечка/DE online1/git/de_7/lesson_07/airflow_env/lib/python3.8/site-packages/airflow/example_dags/example_branch_python_dop_operator_3.py
[2023-02-10T21:54:05.443+0200] {processor.py:640} INFO - Processing file /Users/v.lytvyniuk/Documents/библиотечка/DE online1/git/de_7/lesson_07/airflow_env/lib/python3.8/site-packages/airflow/example_dags/example_branch_python_dop_operator_3.py for tasks to queue
[2023-02-10T21:54:05.443+0200] {logging_mixin.py:115} INFO - [2023-02-10T21:54:05.443+0200] {dagbag.py:508} INFO - Filling up the DagBag from /Users/v.lytvyniuk/Documents/библиотечка/DE online1/git/de_7/lesson_07/airflow_env/lib/python3.8/site-packages/airflow/example_dags/example_branch_python_dop_operator_3.py
[2023-02-10T21:54:05.460+0200] {processor.py:650} INFO - DAG(s) dict_keys(['example_branch_dop_operator_v3']) retrieved from /Users/v.lytvyniuk/Documents/библиотечка/DE online1/git/de_7/lesson_07/airflow_env/lib/python3.8/site-packages/airflow/example_dags/example_branch_python_dop_operator_3.py
[2023-02-10T21:54:05.491+0200] {logging_mixin.py:115} INFO - [2023-02-10T21:54:05.490+0200] {dag.py:2429} INFO - Sync 1 DAGs
[2023-02-10T21:54:05.500+0200] {logging_mixin.py:115} INFO - [2023-02-10T21:54:05.500+0200] {dag.py:2977} INFO - Setting next_dagrun for example_branch_dop_operator_v3 to 2023-02-10T19:53:00+00:00, run_after=2023-02-10T19:54:00+00:00
[2023-02-10T21:54:05.506+0200] {processor.py:161} INFO - Processing /Users/v.lytvyniuk/Documents/библиотечка/DE online1/git/de_7/lesson_07/airflow_env/lib/python3.8/site-packages/airflow/example_dags/example_branch_python_dop_operator_3.py took 0.067 seconds
[2023-02-10T21:54:56.947+0200] {processor.py:153} INFO - Started process (PID=2826) to work on /Users/v.lytvyniuk/Documents/библиотечка/DE online1/git/de_7/lesson_07/airflow_env/lib/python3.8/site-packages/airflow/example_dags/example_branch_python_dop_operator_3.py
[2023-02-10T21:54:56.951+0200] {processor.py:640} INFO - Processing file /Users/v.lytvyniuk/Documents/библиотечка/DE online1/git/de_7/lesson_07/airflow_env/lib/python3.8/site-packages/airflow/example_dags/example_branch_python_dop_operator_3.py for tasks to queue
[2023-02-10T21:54:56.951+0200] {logging_mixin.py:115} INFO - [2023-02-10T21:54:56.951+0200] {dagbag.py:508} INFO - Filling up the DagBag from /Users/v.lytvyniuk/Documents/библиотечка/DE online1/git/de_7/lesson_07/airflow_env/lib/python3.8/site-packages/airflow/example_dags/example_branch_python_dop_operator_3.py
[2023-02-10T21:54:56.966+0200] {processor.py:650} INFO - DAG(s) dict_keys(['example_branch_dop_operator_v3']) retrieved from /Users/v.lytvyniuk/Documents/библиотечка/DE online1/git/de_7/lesson_07/airflow_env/lib/python3.8/site-packages/airflow/example_dags/example_branch_python_dop_operator_3.py
[2023-02-10T21:54:56.996+0200] {logging_mixin.py:115} INFO - [2023-02-10T21:54:56.996+0200] {dag.py:2429} INFO - Sync 1 DAGs
[2023-02-10T21:54:57.006+0200] {logging_mixin.py:115} INFO - [2023-02-10T21:54:57.006+0200] {dag.py:2977} INFO - Setting next_dagrun for example_branch_dop_operator_v3 to 2023-02-10T19:53:00+00:00, run_after=2023-02-10T19:54:00+00:00
[2023-02-10T21:54:57.016+0200] {processor.py:161} INFO - Processing /Users/v.lytvyniuk/Documents/библиотечка/DE online1/git/de_7/lesson_07/airflow_env/lib/python3.8/site-packages/airflow/example_dags/example_branch_python_dop_operator_3.py took 0.069 seconds
[2023-02-10T21:55:48.633+0200] {processor.py:153} INFO - Started process (PID=2988) to work on /Users/v.lytvyniuk/Documents/библиотечка/DE online1/git/de_7/lesson_07/airflow_env/lib/python3.8/site-packages/airflow/example_dags/example_branch_python_dop_operator_3.py
[2023-02-10T21:55:48.636+0200] {processor.py:640} INFO - Processing file /Users/v.lytvyniuk/Documents/библиотечка/DE online1/git/de_7/lesson_07/airflow_env/lib/python3.8/site-packages/airflow/example_dags/example_branch_python_dop_operator_3.py for tasks to queue
[2023-02-10T21:55:48.636+0200] {logging_mixin.py:115} INFO - [2023-02-10T21:55:48.636+0200] {dagbag.py:508} INFO - Filling up the DagBag from /Users/v.lytvyniuk/Documents/библиотечка/DE online1/git/de_7/lesson_07/airflow_env/lib/python3.8/site-packages/airflow/example_dags/example_branch_python_dop_operator_3.py
[2023-02-10T21:55:48.656+0200] {processor.py:650} INFO - DAG(s) dict_keys(['example_branch_dop_operator_v3']) retrieved from /Users/v.lytvyniuk/Documents/библиотечка/DE online1/git/de_7/lesson_07/airflow_env/lib/python3.8/site-packages/airflow/example_dags/example_branch_python_dop_operator_3.py
[2023-02-10T21:55:48.692+0200] {logging_mixin.py:115} INFO - [2023-02-10T21:55:48.692+0200] {dag.py:2429} INFO - Sync 1 DAGs
[2023-02-10T21:55:48.702+0200] {logging_mixin.py:115} INFO - [2023-02-10T21:55:48.702+0200] {dag.py:2977} INFO - Setting next_dagrun for example_branch_dop_operator_v3 to 2023-02-10T19:54:00+00:00, run_after=2023-02-10T19:55:00+00:00
[2023-02-10T21:55:48.709+0200] {processor.py:161} INFO - Processing /Users/v.lytvyniuk/Documents/библиотечка/DE online1/git/de_7/lesson_07/airflow_env/lib/python3.8/site-packages/airflow/example_dags/example_branch_python_dop_operator_3.py took 0.076 seconds
[2023-02-10T21:56:41.616+0200] {processor.py:153} INFO - Started process (PID=3150) to work on /Users/v.lytvyniuk/Documents/библиотечка/DE online1/git/de_7/lesson_07/airflow_env/lib/python3.8/site-packages/airflow/example_dags/example_branch_python_dop_operator_3.py
[2023-02-10T21:56:41.619+0200] {processor.py:640} INFO - Processing file /Users/v.lytvyniuk/Documents/библиотечка/DE online1/git/de_7/lesson_07/airflow_env/lib/python3.8/site-packages/airflow/example_dags/example_branch_python_dop_operator_3.py for tasks to queue
[2023-02-10T21:56:41.619+0200] {logging_mixin.py:115} INFO - [2023-02-10T21:56:41.619+0200] {dagbag.py:508} INFO - Filling up the DagBag from /Users/v.lytvyniuk/Documents/библиотечка/DE online1/git/de_7/lesson_07/airflow_env/lib/python3.8/site-packages/airflow/example_dags/example_branch_python_dop_operator_3.py
[2023-02-10T21:56:41.635+0200] {processor.py:650} INFO - DAG(s) dict_keys(['example_branch_dop_operator_v3']) retrieved from /Users/v.lytvyniuk/Documents/библиотечка/DE online1/git/de_7/lesson_07/airflow_env/lib/python3.8/site-packages/airflow/example_dags/example_branch_python_dop_operator_3.py
[2023-02-10T21:56:41.667+0200] {logging_mixin.py:115} INFO - [2023-02-10T21:56:41.666+0200] {dag.py:2429} INFO - Sync 1 DAGs
[2023-02-10T21:56:41.676+0200] {logging_mixin.py:115} INFO - [2023-02-10T21:56:41.676+0200] {dag.py:2977} INFO - Setting next_dagrun for example_branch_dop_operator_v3 to 2023-02-10T19:55:00+00:00, run_after=2023-02-10T19:56:00+00:00
[2023-02-10T21:56:41.682+0200] {processor.py:161} INFO - Processing /Users/v.lytvyniuk/Documents/библиотечка/DE online1/git/de_7/lesson_07/airflow_env/lib/python3.8/site-packages/airflow/example_dags/example_branch_python_dop_operator_3.py took 0.066 seconds
[2023-02-10T21:57:34.099+0200] {processor.py:153} INFO - Started process (PID=3314) to work on /Users/v.lytvyniuk/Documents/библиотечка/DE online1/git/de_7/lesson_07/airflow_env/lib/python3.8/site-packages/airflow/example_dags/example_branch_python_dop_operator_3.py
[2023-02-10T21:57:34.103+0200] {processor.py:640} INFO - Processing file /Users/v.lytvyniuk/Documents/библиотечка/DE online1/git/de_7/lesson_07/airflow_env/lib/python3.8/site-packages/airflow/example_dags/example_branch_python_dop_operator_3.py for tasks to queue
[2023-02-10T21:57:34.103+0200] {logging_mixin.py:115} INFO - [2023-02-10T21:57:34.103+0200] {dagbag.py:508} INFO - Filling up the DagBag from /Users/v.lytvyniuk/Documents/библиотечка/DE online1/git/de_7/lesson_07/airflow_env/lib/python3.8/site-packages/airflow/example_dags/example_branch_python_dop_operator_3.py
[2023-02-10T21:57:34.122+0200] {processor.py:650} INFO - DAG(s) dict_keys(['example_branch_dop_operator_v3']) retrieved from /Users/v.lytvyniuk/Documents/библиотечка/DE online1/git/de_7/lesson_07/airflow_env/lib/python3.8/site-packages/airflow/example_dags/example_branch_python_dop_operator_3.py
[2023-02-10T21:57:34.158+0200] {logging_mixin.py:115} INFO - [2023-02-10T21:57:34.158+0200] {dag.py:2429} INFO - Sync 1 DAGs
[2023-02-10T21:57:34.168+0200] {logging_mixin.py:115} INFO - [2023-02-10T21:57:34.168+0200] {dag.py:2977} INFO - Setting next_dagrun for example_branch_dop_operator_v3 to 2023-02-10T19:56:00+00:00, run_after=2023-02-10T19:57:00+00:00
[2023-02-10T21:57:34.177+0200] {processor.py:161} INFO - Processing /Users/v.lytvyniuk/Documents/библиотечка/DE online1/git/de_7/lesson_07/airflow_env/lib/python3.8/site-packages/airflow/example_dags/example_branch_python_dop_operator_3.py took 0.078 seconds
