[2023-02-10T21:32:38.582+0200] {processor.py:153} INFO - Started process (PID=48345) to work on /Users/v.lytvyniuk/Documents/библиотечка/DE online1/git/de_7/lesson_07/airflow_env/lib/python3.8/site-packages/airflow/example_dags/example_latest_only.py
[2023-02-10T21:32:38.585+0200] {processor.py:640} INFO - Processing file /Users/v.lytvyniuk/Documents/библиотечка/DE online1/git/de_7/lesson_07/airflow_env/lib/python3.8/site-packages/airflow/example_dags/example_latest_only.py for tasks to queue
[2023-02-10T21:32:38.585+0200] {logging_mixin.py:115} INFO - [2023-02-10T21:32:38.585+0200] {dagbag.py:508} INFO - Filling up the DagBag from /Users/v.lytvyniuk/Documents/библиотечка/DE online1/git/de_7/lesson_07/airflow_env/lib/python3.8/site-packages/airflow/example_dags/example_latest_only.py
[2023-02-10T21:32:38.592+0200] {processor.py:650} INFO - DAG(s) dict_keys(['latest_only']) retrieved from /Users/v.lytvyniuk/Documents/библиотечка/DE online1/git/de_7/lesson_07/airflow_env/lib/python3.8/site-packages/airflow/example_dags/example_latest_only.py
[2023-02-10T21:32:38.971+0200] {logging_mixin.py:115} INFO - [2023-02-10T21:32:38.971+0200] {manager.py:508} INFO - Created Permission View: can delete on DAG:latest_only
[2023-02-10T21:32:38.974+0200] {logging_mixin.py:115} INFO - [2023-02-10T21:32:38.974+0200] {manager.py:508} INFO - Created Permission View: can edit on DAG:latest_only
[2023-02-10T21:32:38.977+0200] {logging_mixin.py:115} INFO - [2023-02-10T21:32:38.977+0200] {manager.py:508} INFO - Created Permission View: can read on DAG:latest_only
[2023-02-10T21:32:38.977+0200] {logging_mixin.py:115} INFO - [2023-02-10T21:32:38.977+0200] {dag.py:2429} INFO - Sync 1 DAGs
[2023-02-10T21:32:38.981+0200] {logging_mixin.py:115} INFO - [2023-02-10T21:32:38.981+0200] {dag.py:2448} INFO - Creating ORM DAG for latest_only
[2023-02-10T21:32:38.985+0200] {logging_mixin.py:115} INFO - [2023-02-10T21:32:38.985+0200] {dag.py:2977} INFO - Setting next_dagrun for latest_only to 2023-02-10T15:32:38.985122+00:00, run_after=2023-02-10T19:32:38.985122+00:00
[2023-02-10T21:32:38.991+0200] {processor.py:161} INFO - Processing /Users/v.lytvyniuk/Documents/библиотечка/DE online1/git/de_7/lesson_07/airflow_env/lib/python3.8/site-packages/airflow/example_dags/example_latest_only.py took 0.409 seconds
[2023-02-10T21:35:11.816+0200] {processor.py:153} INFO - Started process (PID=48818) to work on /Users/v.lytvyniuk/Documents/библиотечка/DE online1/git/de_7/lesson_07/airflow_env/lib/python3.8/site-packages/airflow/example_dags/example_latest_only.py
[2023-02-10T21:35:11.820+0200] {processor.py:640} INFO - Processing file /Users/v.lytvyniuk/Documents/библиотечка/DE online1/git/de_7/lesson_07/airflow_env/lib/python3.8/site-packages/airflow/example_dags/example_latest_only.py for tasks to queue
[2023-02-10T21:35:11.820+0200] {logging_mixin.py:115} INFO - [2023-02-10T21:35:11.820+0200] {dagbag.py:508} INFO - Filling up the DagBag from /Users/v.lytvyniuk/Documents/библиотечка/DE online1/git/de_7/lesson_07/airflow_env/lib/python3.8/site-packages/airflow/example_dags/example_latest_only.py
[2023-02-10T21:35:11.828+0200] {processor.py:650} INFO - DAG(s) dict_keys(['latest_only']) retrieved from /Users/v.lytvyniuk/Documents/библиотечка/DE online1/git/de_7/lesson_07/airflow_env/lib/python3.8/site-packages/airflow/example_dags/example_latest_only.py
[2023-02-10T21:35:11.862+0200] {logging_mixin.py:115} INFO - [2023-02-10T21:35:11.862+0200] {dag.py:2429} INFO - Sync 1 DAGs
[2023-02-10T21:35:11.869+0200] {logging_mixin.py:115} INFO - [2023-02-10T21:35:11.869+0200] {dag.py:2977} INFO - Setting next_dagrun for latest_only to 2023-02-10T15:35:11.869715+00:00, run_after=2023-02-10T19:35:11.869715+00:00
[2023-02-10T21:35:11.876+0200] {processor.py:161} INFO - Processing /Users/v.lytvyniuk/Documents/библиотечка/DE online1/git/de_7/lesson_07/airflow_env/lib/python3.8/site-packages/airflow/example_dags/example_latest_only.py took 0.060 seconds
[2023-02-10T21:36:03.573+0200] {processor.py:153} INFO - Started process (PID=48955) to work on /Users/v.lytvyniuk/Documents/библиотечка/DE online1/git/de_7/lesson_07/airflow_env/lib/python3.8/site-packages/airflow/example_dags/example_latest_only.py
[2023-02-10T21:36:03.577+0200] {processor.py:640} INFO - Processing file /Users/v.lytvyniuk/Documents/библиотечка/DE online1/git/de_7/lesson_07/airflow_env/lib/python3.8/site-packages/airflow/example_dags/example_latest_only.py for tasks to queue
[2023-02-10T21:36:03.577+0200] {logging_mixin.py:115} INFO - [2023-02-10T21:36:03.577+0200] {dagbag.py:508} INFO - Filling up the DagBag from /Users/v.lytvyniuk/Documents/библиотечка/DE online1/git/de_7/lesson_07/airflow_env/lib/python3.8/site-packages/airflow/example_dags/example_latest_only.py
[2023-02-10T21:36:03.585+0200] {processor.py:650} INFO - DAG(s) dict_keys(['latest_only']) retrieved from /Users/v.lytvyniuk/Documents/библиотечка/DE online1/git/de_7/lesson_07/airflow_env/lib/python3.8/site-packages/airflow/example_dags/example_latest_only.py
[2023-02-10T21:36:03.620+0200] {logging_mixin.py:115} INFO - [2023-02-10T21:36:03.620+0200] {dag.py:2429} INFO - Sync 1 DAGs
[2023-02-10T21:36:03.628+0200] {logging_mixin.py:115} INFO - [2023-02-10T21:36:03.628+0200] {dag.py:2977} INFO - Setting next_dagrun for latest_only to 2023-02-10T15:36:03.628267+00:00, run_after=2023-02-10T19:36:03.628267+00:00
[2023-02-10T21:36:03.634+0200] {processor.py:161} INFO - Processing /Users/v.lytvyniuk/Documents/библиотечка/DE online1/git/de_7/lesson_07/airflow_env/lib/python3.8/site-packages/airflow/example_dags/example_latest_only.py took 0.061 seconds
[2023-02-10T21:36:53.875+0200] {processor.py:153} INFO - Started process (PID=49114) to work on /Users/v.lytvyniuk/Documents/библиотечка/DE online1/git/de_7/lesson_07/airflow_env/lib/python3.8/site-packages/airflow/example_dags/example_latest_only.py
[2023-02-10T21:36:53.878+0200] {processor.py:640} INFO - Processing file /Users/v.lytvyniuk/Documents/библиотечка/DE online1/git/de_7/lesson_07/airflow_env/lib/python3.8/site-packages/airflow/example_dags/example_latest_only.py for tasks to queue
[2023-02-10T21:36:53.878+0200] {logging_mixin.py:115} INFO - [2023-02-10T21:36:53.878+0200] {dagbag.py:508} INFO - Filling up the DagBag from /Users/v.lytvyniuk/Documents/библиотечка/DE online1/git/de_7/lesson_07/airflow_env/lib/python3.8/site-packages/airflow/example_dags/example_latest_only.py
[2023-02-10T21:36:53.886+0200] {processor.py:650} INFO - DAG(s) dict_keys(['latest_only']) retrieved from /Users/v.lytvyniuk/Documents/библиотечка/DE online1/git/de_7/lesson_07/airflow_env/lib/python3.8/site-packages/airflow/example_dags/example_latest_only.py
[2023-02-10T21:36:53.918+0200] {logging_mixin.py:115} INFO - [2023-02-10T21:36:53.918+0200] {dag.py:2429} INFO - Sync 1 DAGs
[2023-02-10T21:36:53.925+0200] {logging_mixin.py:115} INFO - [2023-02-10T21:36:53.925+0200] {dag.py:2977} INFO - Setting next_dagrun for latest_only to 2023-02-10T15:36:53.925096+00:00, run_after=2023-02-10T19:36:53.925096+00:00
[2023-02-10T21:36:53.931+0200] {processor.py:161} INFO - Processing /Users/v.lytvyniuk/Documents/библиотечка/DE online1/git/de_7/lesson_07/airflow_env/lib/python3.8/site-packages/airflow/example_dags/example_latest_only.py took 0.057 seconds
[2023-02-10T21:37:44.100+0200] {processor.py:153} INFO - Started process (PID=49249) to work on /Users/v.lytvyniuk/Documents/библиотечка/DE online1/git/de_7/lesson_07/airflow_env/lib/python3.8/site-packages/airflow/example_dags/example_latest_only.py
[2023-02-10T21:37:44.103+0200] {processor.py:640} INFO - Processing file /Users/v.lytvyniuk/Documents/библиотечка/DE online1/git/de_7/lesson_07/airflow_env/lib/python3.8/site-packages/airflow/example_dags/example_latest_only.py for tasks to queue
[2023-02-10T21:37:44.103+0200] {logging_mixin.py:115} INFO - [2023-02-10T21:37:44.103+0200] {dagbag.py:508} INFO - Filling up the DagBag from /Users/v.lytvyniuk/Documents/библиотечка/DE online1/git/de_7/lesson_07/airflow_env/lib/python3.8/site-packages/airflow/example_dags/example_latest_only.py
[2023-02-10T21:37:44.110+0200] {processor.py:650} INFO - DAG(s) dict_keys(['latest_only']) retrieved from /Users/v.lytvyniuk/Documents/библиотечка/DE online1/git/de_7/lesson_07/airflow_env/lib/python3.8/site-packages/airflow/example_dags/example_latest_only.py
[2023-02-10T21:37:44.141+0200] {logging_mixin.py:115} INFO - [2023-02-10T21:37:44.141+0200] {dag.py:2429} INFO - Sync 1 DAGs
[2023-02-10T21:37:44.148+0200] {logging_mixin.py:115} INFO - [2023-02-10T21:37:44.148+0200] {dag.py:2977} INFO - Setting next_dagrun for latest_only to 2023-02-10T15:37:44.148635+00:00, run_after=2023-02-10T19:37:44.148635+00:00
[2023-02-10T21:37:44.154+0200] {processor.py:161} INFO - Processing /Users/v.lytvyniuk/Documents/библиотечка/DE online1/git/de_7/lesson_07/airflow_env/lib/python3.8/site-packages/airflow/example_dags/example_latest_only.py took 0.054 seconds
[2023-02-10T21:38:34.034+0200] {processor.py:153} INFO - Started process (PID=49375) to work on /Users/v.lytvyniuk/Documents/библиотечка/DE online1/git/de_7/lesson_07/airflow_env/lib/python3.8/site-packages/airflow/example_dags/example_latest_only.py
[2023-02-10T21:38:34.037+0200] {processor.py:640} INFO - Processing file /Users/v.lytvyniuk/Documents/библиотечка/DE online1/git/de_7/lesson_07/airflow_env/lib/python3.8/site-packages/airflow/example_dags/example_latest_only.py for tasks to queue
[2023-02-10T21:38:34.037+0200] {logging_mixin.py:115} INFO - [2023-02-10T21:38:34.037+0200] {dagbag.py:508} INFO - Filling up the DagBag from /Users/v.lytvyniuk/Documents/библиотечка/DE online1/git/de_7/lesson_07/airflow_env/lib/python3.8/site-packages/airflow/example_dags/example_latest_only.py
[2023-02-10T21:38:34.044+0200] {processor.py:650} INFO - DAG(s) dict_keys(['latest_only']) retrieved from /Users/v.lytvyniuk/Documents/библиотечка/DE online1/git/de_7/lesson_07/airflow_env/lib/python3.8/site-packages/airflow/example_dags/example_latest_only.py
[2023-02-10T21:38:34.075+0200] {logging_mixin.py:115} INFO - [2023-02-10T21:38:34.074+0200] {dag.py:2429} INFO - Sync 1 DAGs
[2023-02-10T21:38:34.081+0200] {logging_mixin.py:115} INFO - [2023-02-10T21:38:34.081+0200] {dag.py:2977} INFO - Setting next_dagrun for latest_only to 2023-02-10T15:38:34.081605+00:00, run_after=2023-02-10T19:38:34.081605+00:00
[2023-02-10T21:38:34.086+0200] {processor.py:161} INFO - Processing /Users/v.lytvyniuk/Documents/библиотечка/DE online1/git/de_7/lesson_07/airflow_env/lib/python3.8/site-packages/airflow/example_dags/example_latest_only.py took 0.053 seconds
[2023-02-10T21:39:23.902+0200] {processor.py:153} INFO - Started process (PID=49577) to work on /Users/v.lytvyniuk/Documents/библиотечка/DE online1/git/de_7/lesson_07/airflow_env/lib/python3.8/site-packages/airflow/example_dags/example_latest_only.py
[2023-02-10T21:39:23.906+0200] {processor.py:640} INFO - Processing file /Users/v.lytvyniuk/Documents/библиотечка/DE online1/git/de_7/lesson_07/airflow_env/lib/python3.8/site-packages/airflow/example_dags/example_latest_only.py for tasks to queue
[2023-02-10T21:39:23.906+0200] {logging_mixin.py:115} INFO - [2023-02-10T21:39:23.906+0200] {dagbag.py:508} INFO - Filling up the DagBag from /Users/v.lytvyniuk/Documents/библиотечка/DE online1/git/de_7/lesson_07/airflow_env/lib/python3.8/site-packages/airflow/example_dags/example_latest_only.py
[2023-02-10T21:39:23.913+0200] {processor.py:650} INFO - DAG(s) dict_keys(['latest_only']) retrieved from /Users/v.lytvyniuk/Documents/библиотечка/DE online1/git/de_7/lesson_07/airflow_env/lib/python3.8/site-packages/airflow/example_dags/example_latest_only.py
[2023-02-10T21:39:23.944+0200] {logging_mixin.py:115} INFO - [2023-02-10T21:39:23.944+0200] {dag.py:2429} INFO - Sync 1 DAGs
[2023-02-10T21:39:23.951+0200] {logging_mixin.py:115} INFO - [2023-02-10T21:39:23.951+0200] {dag.py:2977} INFO - Setting next_dagrun for latest_only to 2023-02-10T15:39:23.951672+00:00, run_after=2023-02-10T19:39:23.951672+00:00
[2023-02-10T21:39:23.957+0200] {processor.py:161} INFO - Processing /Users/v.lytvyniuk/Documents/библиотечка/DE online1/git/de_7/lesson_07/airflow_env/lib/python3.8/site-packages/airflow/example_dags/example_latest_only.py took 0.055 seconds
[2023-02-10T21:40:13.099+0200] {processor.py:153} INFO - Started process (PID=49717) to work on /Users/v.lytvyniuk/Documents/библиотечка/DE online1/git/de_7/lesson_07/airflow_env/lib/python3.8/site-packages/airflow/example_dags/example_latest_only.py
[2023-02-10T21:40:13.103+0200] {processor.py:640} INFO - Processing file /Users/v.lytvyniuk/Documents/библиотечка/DE online1/git/de_7/lesson_07/airflow_env/lib/python3.8/site-packages/airflow/example_dags/example_latest_only.py for tasks to queue
[2023-02-10T21:40:13.103+0200] {logging_mixin.py:115} INFO - [2023-02-10T21:40:13.103+0200] {dagbag.py:508} INFO - Filling up the DagBag from /Users/v.lytvyniuk/Documents/библиотечка/DE online1/git/de_7/lesson_07/airflow_env/lib/python3.8/site-packages/airflow/example_dags/example_latest_only.py
[2023-02-10T21:40:13.110+0200] {processor.py:650} INFO - DAG(s) dict_keys(['latest_only']) retrieved from /Users/v.lytvyniuk/Documents/библиотечка/DE online1/git/de_7/lesson_07/airflow_env/lib/python3.8/site-packages/airflow/example_dags/example_latest_only.py
[2023-02-10T21:40:13.140+0200] {logging_mixin.py:115} INFO - [2023-02-10T21:40:13.140+0200] {dag.py:2429} INFO - Sync 1 DAGs
[2023-02-10T21:40:13.147+0200] {logging_mixin.py:115} INFO - [2023-02-10T21:40:13.147+0200] {dag.py:2977} INFO - Setting next_dagrun for latest_only to 2023-02-10T15:40:13.147172+00:00, run_after=2023-02-10T19:40:13.147172+00:00
[2023-02-10T21:40:13.152+0200] {processor.py:161} INFO - Processing /Users/v.lytvyniuk/Documents/библиотечка/DE online1/git/de_7/lesson_07/airflow_env/lib/python3.8/site-packages/airflow/example_dags/example_latest_only.py took 0.053 seconds
[2023-02-10T21:41:04.148+0200] {processor.py:153} INFO - Started process (PID=49862) to work on /Users/v.lytvyniuk/Documents/библиотечка/DE online1/git/de_7/lesson_07/airflow_env/lib/python3.8/site-packages/airflow/example_dags/example_latest_only.py
[2023-02-10T21:41:04.151+0200] {processor.py:640} INFO - Processing file /Users/v.lytvyniuk/Documents/библиотечка/DE online1/git/de_7/lesson_07/airflow_env/lib/python3.8/site-packages/airflow/example_dags/example_latest_only.py for tasks to queue
[2023-02-10T21:41:04.152+0200] {logging_mixin.py:115} INFO - [2023-02-10T21:41:04.152+0200] {dagbag.py:508} INFO - Filling up the DagBag from /Users/v.lytvyniuk/Documents/библиотечка/DE online1/git/de_7/lesson_07/airflow_env/lib/python3.8/site-packages/airflow/example_dags/example_latest_only.py
[2023-02-10T21:41:04.158+0200] {processor.py:650} INFO - DAG(s) dict_keys(['latest_only']) retrieved from /Users/v.lytvyniuk/Documents/библиотечка/DE online1/git/de_7/lesson_07/airflow_env/lib/python3.8/site-packages/airflow/example_dags/example_latest_only.py
[2023-02-10T21:41:04.189+0200] {logging_mixin.py:115} INFO - [2023-02-10T21:41:04.188+0200] {dag.py:2429} INFO - Sync 1 DAGs
[2023-02-10T21:41:04.195+0200] {logging_mixin.py:115} INFO - [2023-02-10T21:41:04.195+0200] {dag.py:2977} INFO - Setting next_dagrun for latest_only to 2023-02-10T15:41:04.195554+00:00, run_after=2023-02-10T19:41:04.195554+00:00
[2023-02-10T21:41:04.200+0200] {processor.py:161} INFO - Processing /Users/v.lytvyniuk/Documents/библиотечка/DE online1/git/de_7/lesson_07/airflow_env/lib/python3.8/site-packages/airflow/example_dags/example_latest_only.py took 0.052 seconds
[2023-02-10T21:41:54.204+0200] {processor.py:153} INFO - Started process (PID=49994) to work on /Users/v.lytvyniuk/Documents/библиотечка/DE online1/git/de_7/lesson_07/airflow_env/lib/python3.8/site-packages/airflow/example_dags/example_latest_only.py
[2023-02-10T21:41:54.208+0200] {processor.py:640} INFO - Processing file /Users/v.lytvyniuk/Documents/библиотечка/DE online1/git/de_7/lesson_07/airflow_env/lib/python3.8/site-packages/airflow/example_dags/example_latest_only.py for tasks to queue
[2023-02-10T21:41:54.208+0200] {logging_mixin.py:115} INFO - [2023-02-10T21:41:54.208+0200] {dagbag.py:508} INFO - Filling up the DagBag from /Users/v.lytvyniuk/Documents/библиотечка/DE online1/git/de_7/lesson_07/airflow_env/lib/python3.8/site-packages/airflow/example_dags/example_latest_only.py
[2023-02-10T21:41:54.215+0200] {processor.py:650} INFO - DAG(s) dict_keys(['latest_only']) retrieved from /Users/v.lytvyniuk/Documents/библиотечка/DE online1/git/de_7/lesson_07/airflow_env/lib/python3.8/site-packages/airflow/example_dags/example_latest_only.py
[2023-02-10T21:41:54.247+0200] {logging_mixin.py:115} INFO - [2023-02-10T21:41:54.246+0200] {dag.py:2429} INFO - Sync 1 DAGs
[2023-02-10T21:41:54.253+0200] {logging_mixin.py:115} INFO - [2023-02-10T21:41:54.253+0200] {dag.py:2977} INFO - Setting next_dagrun for latest_only to 2023-02-10T15:41:54.253733+00:00, run_after=2023-02-10T19:41:54.253733+00:00
[2023-02-10T21:41:54.259+0200] {processor.py:161} INFO - Processing /Users/v.lytvyniuk/Documents/библиотечка/DE online1/git/de_7/lesson_07/airflow_env/lib/python3.8/site-packages/airflow/example_dags/example_latest_only.py took 0.055 seconds
[2023-02-10T21:42:46.469+0200] {processor.py:153} INFO - Started process (PID=50144) to work on /Users/v.lytvyniuk/Documents/библиотечка/DE online1/git/de_7/lesson_07/airflow_env/lib/python3.8/site-packages/airflow/example_dags/example_latest_only.py
[2023-02-10T21:42:46.473+0200] {processor.py:640} INFO - Processing file /Users/v.lytvyniuk/Documents/библиотечка/DE online1/git/de_7/lesson_07/airflow_env/lib/python3.8/site-packages/airflow/example_dags/example_latest_only.py for tasks to queue
[2023-02-10T21:42:46.473+0200] {logging_mixin.py:115} INFO - [2023-02-10T21:42:46.473+0200] {dagbag.py:508} INFO - Filling up the DagBag from /Users/v.lytvyniuk/Documents/библиотечка/DE online1/git/de_7/lesson_07/airflow_env/lib/python3.8/site-packages/airflow/example_dags/example_latest_only.py
[2023-02-10T21:42:46.483+0200] {processor.py:650} INFO - DAG(s) dict_keys(['latest_only']) retrieved from /Users/v.lytvyniuk/Documents/библиотечка/DE online1/git/de_7/lesson_07/airflow_env/lib/python3.8/site-packages/airflow/example_dags/example_latest_only.py
[2023-02-10T21:42:46.513+0200] {logging_mixin.py:115} INFO - [2023-02-10T21:42:46.513+0200] {dag.py:2429} INFO - Sync 1 DAGs
[2023-02-10T21:42:46.520+0200] {logging_mixin.py:115} INFO - [2023-02-10T21:42:46.520+0200] {dag.py:2977} INFO - Setting next_dagrun for latest_only to 2023-02-10T15:42:46.520556+00:00, run_after=2023-02-10T19:42:46.520556+00:00
[2023-02-10T21:42:46.525+0200] {processor.py:161} INFO - Processing /Users/v.lytvyniuk/Documents/библиотечка/DE online1/git/de_7/lesson_07/airflow_env/lib/python3.8/site-packages/airflow/example_dags/example_latest_only.py took 0.056 seconds
[2023-02-10T21:43:36.346+0200] {processor.py:153} INFO - Started process (PID=50266) to work on /Users/v.lytvyniuk/Documents/библиотечка/DE online1/git/de_7/lesson_07/airflow_env/lib/python3.8/site-packages/airflow/example_dags/example_latest_only.py
[2023-02-10T21:43:36.349+0200] {processor.py:640} INFO - Processing file /Users/v.lytvyniuk/Documents/библиотечка/DE online1/git/de_7/lesson_07/airflow_env/lib/python3.8/site-packages/airflow/example_dags/example_latest_only.py for tasks to queue
[2023-02-10T21:43:36.349+0200] {logging_mixin.py:115} INFO - [2023-02-10T21:43:36.349+0200] {dagbag.py:508} INFO - Filling up the DagBag from /Users/v.lytvyniuk/Documents/библиотечка/DE online1/git/de_7/lesson_07/airflow_env/lib/python3.8/site-packages/airflow/example_dags/example_latest_only.py
[2023-02-10T21:43:36.356+0200] {processor.py:650} INFO - DAG(s) dict_keys(['latest_only']) retrieved from /Users/v.lytvyniuk/Documents/библиотечка/DE online1/git/de_7/lesson_07/airflow_env/lib/python3.8/site-packages/airflow/example_dags/example_latest_only.py
[2023-02-10T21:43:36.386+0200] {logging_mixin.py:115} INFO - [2023-02-10T21:43:36.386+0200] {dag.py:2429} INFO - Sync 1 DAGs
[2023-02-10T21:43:36.393+0200] {logging_mixin.py:115} INFO - [2023-02-10T21:43:36.393+0200] {dag.py:2977} INFO - Setting next_dagrun for latest_only to 2023-02-10T15:43:36.393075+00:00, run_after=2023-02-10T19:43:36.393075+00:00
[2023-02-10T21:43:36.398+0200] {processor.py:161} INFO - Processing /Users/v.lytvyniuk/Documents/библиотечка/DE online1/git/de_7/lesson_07/airflow_env/lib/python3.8/site-packages/airflow/example_dags/example_latest_only.py took 0.053 seconds
[2023-02-10T21:44:27.422+0200] {processor.py:153} INFO - Started process (PID=50406) to work on /Users/v.lytvyniuk/Documents/библиотечка/DE online1/git/de_7/lesson_07/airflow_env/lib/python3.8/site-packages/airflow/example_dags/example_latest_only.py
[2023-02-10T21:44:27.425+0200] {processor.py:640} INFO - Processing file /Users/v.lytvyniuk/Documents/библиотечка/DE online1/git/de_7/lesson_07/airflow_env/lib/python3.8/site-packages/airflow/example_dags/example_latest_only.py for tasks to queue
[2023-02-10T21:44:27.425+0200] {logging_mixin.py:115} INFO - [2023-02-10T21:44:27.425+0200] {dagbag.py:508} INFO - Filling up the DagBag from /Users/v.lytvyniuk/Documents/библиотечка/DE online1/git/de_7/lesson_07/airflow_env/lib/python3.8/site-packages/airflow/example_dags/example_latest_only.py
[2023-02-10T21:44:27.431+0200] {processor.py:650} INFO - DAG(s) dict_keys(['latest_only']) retrieved from /Users/v.lytvyniuk/Documents/библиотечка/DE online1/git/de_7/lesson_07/airflow_env/lib/python3.8/site-packages/airflow/example_dags/example_latest_only.py
[2023-02-10T21:44:27.462+0200] {logging_mixin.py:115} INFO - [2023-02-10T21:44:27.462+0200] {dag.py:2429} INFO - Sync 1 DAGs
[2023-02-10T21:44:27.469+0200] {logging_mixin.py:115} INFO - [2023-02-10T21:44:27.469+0200] {dag.py:2977} INFO - Setting next_dagrun for latest_only to 2023-02-10T15:44:27.469396+00:00, run_after=2023-02-10T19:44:27.469396+00:00
[2023-02-10T21:44:27.474+0200] {processor.py:161} INFO - Processing /Users/v.lytvyniuk/Documents/библиотечка/DE online1/git/de_7/lesson_07/airflow_env/lib/python3.8/site-packages/airflow/example_dags/example_latest_only.py took 0.053 seconds
[2023-02-10T21:45:17.937+0200] {processor.py:153} INFO - Started process (PID=50912) to work on /Users/v.lytvyniuk/Documents/библиотечка/DE online1/git/de_7/lesson_07/airflow_env/lib/python3.8/site-packages/airflow/example_dags/example_latest_only.py
[2023-02-10T21:45:17.940+0200] {processor.py:640} INFO - Processing file /Users/v.lytvyniuk/Documents/библиотечка/DE online1/git/de_7/lesson_07/airflow_env/lib/python3.8/site-packages/airflow/example_dags/example_latest_only.py for tasks to queue
[2023-02-10T21:45:17.941+0200] {logging_mixin.py:115} INFO - [2023-02-10T21:45:17.940+0200] {dagbag.py:508} INFO - Filling up the DagBag from /Users/v.lytvyniuk/Documents/библиотечка/DE online1/git/de_7/lesson_07/airflow_env/lib/python3.8/site-packages/airflow/example_dags/example_latest_only.py
[2023-02-10T21:45:17.947+0200] {processor.py:650} INFO - DAG(s) dict_keys(['latest_only']) retrieved from /Users/v.lytvyniuk/Documents/библиотечка/DE online1/git/de_7/lesson_07/airflow_env/lib/python3.8/site-packages/airflow/example_dags/example_latest_only.py
[2023-02-10T21:45:17.978+0200] {logging_mixin.py:115} INFO - [2023-02-10T21:45:17.978+0200] {dag.py:2429} INFO - Sync 1 DAGs
[2023-02-10T21:45:17.984+0200] {logging_mixin.py:115} INFO - [2023-02-10T21:45:17.984+0200] {dag.py:2977} INFO - Setting next_dagrun for latest_only to 2023-02-10T15:45:17.984582+00:00, run_after=2023-02-10T19:45:17.984582+00:00
[2023-02-10T21:45:17.990+0200] {processor.py:161} INFO - Processing /Users/v.lytvyniuk/Documents/библиотечка/DE online1/git/de_7/lesson_07/airflow_env/lib/python3.8/site-packages/airflow/example_dags/example_latest_only.py took 0.053 seconds
[2023-02-10T21:46:10.678+0200] {processor.py:153} INFO - Started process (PID=51051) to work on /Users/v.lytvyniuk/Documents/библиотечка/DE online1/git/de_7/lesson_07/airflow_env/lib/python3.8/site-packages/airflow/example_dags/example_latest_only.py
[2023-02-10T21:46:10.681+0200] {processor.py:640} INFO - Processing file /Users/v.lytvyniuk/Documents/библиотечка/DE online1/git/de_7/lesson_07/airflow_env/lib/python3.8/site-packages/airflow/example_dags/example_latest_only.py for tasks to queue
[2023-02-10T21:46:10.681+0200] {logging_mixin.py:115} INFO - [2023-02-10T21:46:10.681+0200] {dagbag.py:508} INFO - Filling up the DagBag from /Users/v.lytvyniuk/Documents/библиотечка/DE online1/git/de_7/lesson_07/airflow_env/lib/python3.8/site-packages/airflow/example_dags/example_latest_only.py
[2023-02-10T21:46:10.688+0200] {processor.py:650} INFO - DAG(s) dict_keys(['latest_only']) retrieved from /Users/v.lytvyniuk/Documents/библиотечка/DE online1/git/de_7/lesson_07/airflow_env/lib/python3.8/site-packages/airflow/example_dags/example_latest_only.py
[2023-02-10T21:46:10.719+0200] {logging_mixin.py:115} INFO - [2023-02-10T21:46:10.719+0200] {dag.py:2429} INFO - Sync 1 DAGs
[2023-02-10T21:46:10.726+0200] {logging_mixin.py:115} INFO - [2023-02-10T21:46:10.726+0200] {dag.py:2977} INFO - Setting next_dagrun for latest_only to 2023-02-10T15:46:10.726088+00:00, run_after=2023-02-10T19:46:10.726088+00:00
[2023-02-10T21:46:10.731+0200] {processor.py:161} INFO - Processing /Users/v.lytvyniuk/Documents/библиотечка/DE online1/git/de_7/lesson_07/airflow_env/lib/python3.8/site-packages/airflow/example_dags/example_latest_only.py took 0.053 seconds
[2023-02-10T21:47:02.217+0200] {processor.py:153} INFO - Started process (PID=51186) to work on /Users/v.lytvyniuk/Documents/библиотечка/DE online1/git/de_7/lesson_07/airflow_env/lib/python3.8/site-packages/airflow/example_dags/example_latest_only.py
[2023-02-10T21:47:02.220+0200] {processor.py:640} INFO - Processing file /Users/v.lytvyniuk/Documents/библиотечка/DE online1/git/de_7/lesson_07/airflow_env/lib/python3.8/site-packages/airflow/example_dags/example_latest_only.py for tasks to queue
[2023-02-10T21:47:02.220+0200] {logging_mixin.py:115} INFO - [2023-02-10T21:47:02.220+0200] {dagbag.py:508} INFO - Filling up the DagBag from /Users/v.lytvyniuk/Documents/библиотечка/DE online1/git/de_7/lesson_07/airflow_env/lib/python3.8/site-packages/airflow/example_dags/example_latest_only.py
[2023-02-10T21:47:02.229+0200] {processor.py:650} INFO - DAG(s) dict_keys(['latest_only']) retrieved from /Users/v.lytvyniuk/Documents/библиотечка/DE online1/git/de_7/lesson_07/airflow_env/lib/python3.8/site-packages/airflow/example_dags/example_latest_only.py
[2023-02-10T21:47:02.262+0200] {logging_mixin.py:115} INFO - [2023-02-10T21:47:02.262+0200] {dag.py:2429} INFO - Sync 1 DAGs
[2023-02-10T21:47:02.269+0200] {logging_mixin.py:115} INFO - [2023-02-10T21:47:02.269+0200] {dag.py:2977} INFO - Setting next_dagrun for latest_only to 2023-02-10T15:47:02.269338+00:00, run_after=2023-02-10T19:47:02.269338+00:00
[2023-02-10T21:47:02.275+0200] {processor.py:161} INFO - Processing /Users/v.lytvyniuk/Documents/библиотечка/DE online1/git/de_7/lesson_07/airflow_env/lib/python3.8/site-packages/airflow/example_dags/example_latest_only.py took 0.059 seconds
[2023-02-10T21:53:56.817+0200] {processor.py:153} INFO - Started process (PID=2580) to work on /Users/v.lytvyniuk/Documents/библиотечка/DE online1/git/de_7/lesson_07/airflow_env/lib/python3.8/site-packages/airflow/example_dags/example_latest_only.py
[2023-02-10T21:53:56.820+0200] {processor.py:640} INFO - Processing file /Users/v.lytvyniuk/Documents/библиотечка/DE online1/git/de_7/lesson_07/airflow_env/lib/python3.8/site-packages/airflow/example_dags/example_latest_only.py for tasks to queue
[2023-02-10T21:53:56.820+0200] {logging_mixin.py:115} INFO - [2023-02-10T21:53:56.820+0200] {dagbag.py:508} INFO - Filling up the DagBag from /Users/v.lytvyniuk/Documents/библиотечка/DE online1/git/de_7/lesson_07/airflow_env/lib/python3.8/site-packages/airflow/example_dags/example_latest_only.py
[2023-02-10T21:53:56.827+0200] {processor.py:650} INFO - DAG(s) dict_keys(['latest_only']) retrieved from /Users/v.lytvyniuk/Documents/библиотечка/DE online1/git/de_7/lesson_07/airflow_env/lib/python3.8/site-packages/airflow/example_dags/example_latest_only.py
[2023-02-10T21:53:56.858+0200] {logging_mixin.py:115} INFO - [2023-02-10T21:53:56.858+0200] {dag.py:2429} INFO - Sync 1 DAGs
[2023-02-10T21:53:56.866+0200] {logging_mixin.py:115} INFO - [2023-02-10T21:53:56.866+0200] {dag.py:2977} INFO - Setting next_dagrun for latest_only to 2023-02-10T15:53:56.865905+00:00, run_after=2023-02-10T19:53:56.865905+00:00
[2023-02-10T21:53:56.871+0200] {processor.py:161} INFO - Processing /Users/v.lytvyniuk/Documents/библиотечка/DE online1/git/de_7/lesson_07/airflow_env/lib/python3.8/site-packages/airflow/example_dags/example_latest_only.py took 0.055 seconds
[2023-02-10T21:54:49.771+0200] {processor.py:153} INFO - Started process (PID=2791) to work on /Users/v.lytvyniuk/Documents/библиотечка/DE online1/git/de_7/lesson_07/airflow_env/lib/python3.8/site-packages/airflow/example_dags/example_latest_only.py
[2023-02-10T21:54:49.774+0200] {processor.py:640} INFO - Processing file /Users/v.lytvyniuk/Documents/библиотечка/DE online1/git/de_7/lesson_07/airflow_env/lib/python3.8/site-packages/airflow/example_dags/example_latest_only.py for tasks to queue
[2023-02-10T21:54:49.774+0200] {logging_mixin.py:115} INFO - [2023-02-10T21:54:49.774+0200] {dagbag.py:508} INFO - Filling up the DagBag from /Users/v.lytvyniuk/Documents/библиотечка/DE online1/git/de_7/lesson_07/airflow_env/lib/python3.8/site-packages/airflow/example_dags/example_latest_only.py
[2023-02-10T21:54:49.781+0200] {processor.py:650} INFO - DAG(s) dict_keys(['latest_only']) retrieved from /Users/v.lytvyniuk/Documents/библиотечка/DE online1/git/de_7/lesson_07/airflow_env/lib/python3.8/site-packages/airflow/example_dags/example_latest_only.py
[2023-02-10T21:54:49.811+0200] {logging_mixin.py:115} INFO - [2023-02-10T21:54:49.811+0200] {dag.py:2429} INFO - Sync 1 DAGs
[2023-02-10T21:54:49.818+0200] {logging_mixin.py:115} INFO - [2023-02-10T21:54:49.818+0200] {dag.py:2977} INFO - Setting next_dagrun for latest_only to 2023-02-10T15:54:49.818473+00:00, run_after=2023-02-10T19:54:49.818473+00:00
[2023-02-10T21:54:49.823+0200] {processor.py:161} INFO - Processing /Users/v.lytvyniuk/Documents/библиотечка/DE online1/git/de_7/lesson_07/airflow_env/lib/python3.8/site-packages/airflow/example_dags/example_latest_only.py took 0.053 seconds
[2023-02-10T21:55:40.756+0200] {processor.py:153} INFO - Started process (PID=2967) to work on /Users/v.lytvyniuk/Documents/библиотечка/DE online1/git/de_7/lesson_07/airflow_env/lib/python3.8/site-packages/airflow/example_dags/example_latest_only.py
[2023-02-10T21:55:40.759+0200] {processor.py:640} INFO - Processing file /Users/v.lytvyniuk/Documents/библиотечка/DE online1/git/de_7/lesson_07/airflow_env/lib/python3.8/site-packages/airflow/example_dags/example_latest_only.py for tasks to queue
[2023-02-10T21:55:40.759+0200] {logging_mixin.py:115} INFO - [2023-02-10T21:55:40.759+0200] {dagbag.py:508} INFO - Filling up the DagBag from /Users/v.lytvyniuk/Documents/библиотечка/DE online1/git/de_7/lesson_07/airflow_env/lib/python3.8/site-packages/airflow/example_dags/example_latest_only.py
[2023-02-10T21:55:40.766+0200] {processor.py:650} INFO - DAG(s) dict_keys(['latest_only']) retrieved from /Users/v.lytvyniuk/Documents/библиотечка/DE online1/git/de_7/lesson_07/airflow_env/lib/python3.8/site-packages/airflow/example_dags/example_latest_only.py
[2023-02-10T21:55:40.797+0200] {logging_mixin.py:115} INFO - [2023-02-10T21:55:40.797+0200] {dag.py:2429} INFO - Sync 1 DAGs
[2023-02-10T21:55:40.806+0200] {logging_mixin.py:115} INFO - [2023-02-10T21:55:40.805+0200] {dag.py:2977} INFO - Setting next_dagrun for latest_only to 2023-02-10T15:55:40.805858+00:00, run_after=2023-02-10T19:55:40.805858+00:00
[2023-02-10T21:55:40.811+0200] {processor.py:161} INFO - Processing /Users/v.lytvyniuk/Documents/библиотечка/DE online1/git/de_7/lesson_07/airflow_env/lib/python3.8/site-packages/airflow/example_dags/example_latest_only.py took 0.055 seconds
[2023-02-10T21:56:33.594+0200] {processor.py:153} INFO - Started process (PID=3131) to work on /Users/v.lytvyniuk/Documents/библиотечка/DE online1/git/de_7/lesson_07/airflow_env/lib/python3.8/site-packages/airflow/example_dags/example_latest_only.py
[2023-02-10T21:56:33.597+0200] {processor.py:640} INFO - Processing file /Users/v.lytvyniuk/Documents/библиотечка/DE online1/git/de_7/lesson_07/airflow_env/lib/python3.8/site-packages/airflow/example_dags/example_latest_only.py for tasks to queue
[2023-02-10T21:56:33.598+0200] {logging_mixin.py:115} INFO - [2023-02-10T21:56:33.598+0200] {dagbag.py:508} INFO - Filling up the DagBag from /Users/v.lytvyniuk/Documents/библиотечка/DE online1/git/de_7/lesson_07/airflow_env/lib/python3.8/site-packages/airflow/example_dags/example_latest_only.py
[2023-02-10T21:56:33.604+0200] {processor.py:650} INFO - DAG(s) dict_keys(['latest_only']) retrieved from /Users/v.lytvyniuk/Documents/библиотечка/DE online1/git/de_7/lesson_07/airflow_env/lib/python3.8/site-packages/airflow/example_dags/example_latest_only.py
[2023-02-10T21:56:33.635+0200] {logging_mixin.py:115} INFO - [2023-02-10T21:56:33.635+0200] {dag.py:2429} INFO - Sync 1 DAGs
[2023-02-10T21:56:33.641+0200] {logging_mixin.py:115} INFO - [2023-02-10T21:56:33.641+0200] {dag.py:2977} INFO - Setting next_dagrun for latest_only to 2023-02-10T15:56:33.641638+00:00, run_after=2023-02-10T19:56:33.641638+00:00
[2023-02-10T21:56:33.646+0200] {processor.py:161} INFO - Processing /Users/v.lytvyniuk/Documents/библиотечка/DE online1/git/de_7/lesson_07/airflow_env/lib/python3.8/site-packages/airflow/example_dags/example_latest_only.py took 0.052 seconds
[2023-02-10T21:57:25.731+0200] {processor.py:153} INFO - Started process (PID=3292) to work on /Users/v.lytvyniuk/Documents/библиотечка/DE online1/git/de_7/lesson_07/airflow_env/lib/python3.8/site-packages/airflow/example_dags/example_latest_only.py
[2023-02-10T21:57:25.734+0200] {processor.py:640} INFO - Processing file /Users/v.lytvyniuk/Documents/библиотечка/DE online1/git/de_7/lesson_07/airflow_env/lib/python3.8/site-packages/airflow/example_dags/example_latest_only.py for tasks to queue
[2023-02-10T21:57:25.734+0200] {logging_mixin.py:115} INFO - [2023-02-10T21:57:25.734+0200] {dagbag.py:508} INFO - Filling up the DagBag from /Users/v.lytvyniuk/Documents/библиотечка/DE online1/git/de_7/lesson_07/airflow_env/lib/python3.8/site-packages/airflow/example_dags/example_latest_only.py
[2023-02-10T21:57:25.741+0200] {processor.py:650} INFO - DAG(s) dict_keys(['latest_only']) retrieved from /Users/v.lytvyniuk/Documents/библиотечка/DE online1/git/de_7/lesson_07/airflow_env/lib/python3.8/site-packages/airflow/example_dags/example_latest_only.py
[2023-02-10T21:57:25.771+0200] {logging_mixin.py:115} INFO - [2023-02-10T21:57:25.771+0200] {dag.py:2429} INFO - Sync 1 DAGs
[2023-02-10T21:57:25.778+0200] {logging_mixin.py:115} INFO - [2023-02-10T21:57:25.778+0200] {dag.py:2977} INFO - Setting next_dagrun for latest_only to 2023-02-10T15:57:25.778250+00:00, run_after=2023-02-10T19:57:25.778250+00:00
[2023-02-10T21:57:25.783+0200] {processor.py:161} INFO - Processing /Users/v.lytvyniuk/Documents/библиотечка/DE online1/git/de_7/lesson_07/airflow_env/lib/python3.8/site-packages/airflow/example_dags/example_latest_only.py took 0.053 seconds
