[2023-02-10T21:32:16.408+0200] {processor.py:153} INFO - Started process (PID=48298) to work on /Users/v.lytvyniuk/Documents/библиотечка/DE online1/git/de_7/lesson_07/airflow_env/lib/python3.8/site-packages/airflow/example_dags/example_time_delta_sensor_async.py
[2023-02-10T21:32:16.411+0200] {processor.py:640} INFO - Processing file /Users/v.lytvyniuk/Documents/библиотечка/DE online1/git/de_7/lesson_07/airflow_env/lib/python3.8/site-packages/airflow/example_dags/example_time_delta_sensor_async.py for tasks to queue
[2023-02-10T21:32:16.411+0200] {logging_mixin.py:115} INFO - [2023-02-10T21:32:16.411+0200] {dagbag.py:508} INFO - Filling up the DagBag from /Users/v.lytvyniuk/Documents/библиотечка/DE online1/git/de_7/lesson_07/airflow_env/lib/python3.8/site-packages/airflow/example_dags/example_time_delta_sensor_async.py
[2023-02-10T21:32:16.418+0200] {processor.py:650} INFO - DAG(s) dict_keys(['example_time_delta_sensor_async']) retrieved from /Users/v.lytvyniuk/Documents/библиотечка/DE online1/git/de_7/lesson_07/airflow_env/lib/python3.8/site-packages/airflow/example_dags/example_time_delta_sensor_async.py
[2023-02-10T21:32:16.855+0200] {logging_mixin.py:115} INFO - [2023-02-10T21:32:16.855+0200] {manager.py:508} INFO - Created Permission View: can read on DAG:example_time_delta_sensor_async
[2023-02-10T21:32:16.859+0200] {logging_mixin.py:115} INFO - [2023-02-10T21:32:16.859+0200] {manager.py:508} INFO - Created Permission View: can delete on DAG:example_time_delta_sensor_async
[2023-02-10T21:32:16.861+0200] {logging_mixin.py:115} INFO - [2023-02-10T21:32:16.861+0200] {manager.py:508} INFO - Created Permission View: can edit on DAG:example_time_delta_sensor_async
[2023-02-10T21:32:16.862+0200] {logging_mixin.py:115} INFO - [2023-02-10T21:32:16.861+0200] {dag.py:2429} INFO - Sync 1 DAGs
[2023-02-10T21:32:16.865+0200] {logging_mixin.py:115} INFO - [2023-02-10T21:32:16.865+0200] {dag.py:2448} INFO - Creating ORM DAG for example_time_delta_sensor_async
[2023-02-10T21:32:16.869+0200] {logging_mixin.py:115} INFO - [2023-02-10T21:32:16.869+0200] {dag.py:2977} INFO - Setting next_dagrun for example_time_delta_sensor_async to None, run_after=None
[2023-02-10T21:32:16.875+0200] {processor.py:161} INFO - Processing /Users/v.lytvyniuk/Documents/библиотечка/DE online1/git/de_7/lesson_07/airflow_env/lib/python3.8/site-packages/airflow/example_dags/example_time_delta_sensor_async.py took 0.468 seconds
[2023-02-10T21:34:53.893+0200] {processor.py:153} INFO - Started process (PID=48772) to work on /Users/v.lytvyniuk/Documents/библиотечка/DE online1/git/de_7/lesson_07/airflow_env/lib/python3.8/site-packages/airflow/example_dags/example_time_delta_sensor_async.py
[2023-02-10T21:34:53.897+0200] {processor.py:640} INFO - Processing file /Users/v.lytvyniuk/Documents/библиотечка/DE online1/git/de_7/lesson_07/airflow_env/lib/python3.8/site-packages/airflow/example_dags/example_time_delta_sensor_async.py for tasks to queue
[2023-02-10T21:34:53.897+0200] {logging_mixin.py:115} INFO - [2023-02-10T21:34:53.897+0200] {dagbag.py:508} INFO - Filling up the DagBag from /Users/v.lytvyniuk/Documents/библиотечка/DE online1/git/de_7/lesson_07/airflow_env/lib/python3.8/site-packages/airflow/example_dags/example_time_delta_sensor_async.py
[2023-02-10T21:34:53.904+0200] {processor.py:650} INFO - DAG(s) dict_keys(['example_time_delta_sensor_async']) retrieved from /Users/v.lytvyniuk/Documents/библиотечка/DE online1/git/de_7/lesson_07/airflow_env/lib/python3.8/site-packages/airflow/example_dags/example_time_delta_sensor_async.py
[2023-02-10T21:34:53.995+0200] {logging_mixin.py:115} INFO - [2023-02-10T21:34:53.995+0200] {dag.py:2429} INFO - Sync 1 DAGs
[2023-02-10T21:34:54.002+0200] {logging_mixin.py:115} INFO - [2023-02-10T21:34:54.002+0200] {dag.py:2977} INFO - Setting next_dagrun for example_time_delta_sensor_async to None, run_after=None
[2023-02-10T21:34:54.007+0200] {processor.py:161} INFO - Processing /Users/v.lytvyniuk/Documents/библиотечка/DE online1/git/de_7/lesson_07/airflow_env/lib/python3.8/site-packages/airflow/example_dags/example_time_delta_sensor_async.py took 0.114 seconds
[2023-02-10T21:35:46.025+0200] {processor.py:153} INFO - Started process (PID=48908) to work on /Users/v.lytvyniuk/Documents/библиотечка/DE online1/git/de_7/lesson_07/airflow_env/lib/python3.8/site-packages/airflow/example_dags/example_time_delta_sensor_async.py
[2023-02-10T21:35:46.028+0200] {processor.py:640} INFO - Processing file /Users/v.lytvyniuk/Documents/библиотечка/DE online1/git/de_7/lesson_07/airflow_env/lib/python3.8/site-packages/airflow/example_dags/example_time_delta_sensor_async.py for tasks to queue
[2023-02-10T21:35:46.029+0200] {logging_mixin.py:115} INFO - [2023-02-10T21:35:46.029+0200] {dagbag.py:508} INFO - Filling up the DagBag from /Users/v.lytvyniuk/Documents/библиотечка/DE online1/git/de_7/lesson_07/airflow_env/lib/python3.8/site-packages/airflow/example_dags/example_time_delta_sensor_async.py
[2023-02-10T21:35:46.036+0200] {processor.py:650} INFO - DAG(s) dict_keys(['example_time_delta_sensor_async']) retrieved from /Users/v.lytvyniuk/Documents/библиотечка/DE online1/git/de_7/lesson_07/airflow_env/lib/python3.8/site-packages/airflow/example_dags/example_time_delta_sensor_async.py
[2023-02-10T21:35:46.125+0200] {logging_mixin.py:115} INFO - [2023-02-10T21:35:46.125+0200] {dag.py:2429} INFO - Sync 1 DAGs
[2023-02-10T21:35:46.133+0200] {logging_mixin.py:115} INFO - [2023-02-10T21:35:46.133+0200] {dag.py:2977} INFO - Setting next_dagrun for example_time_delta_sensor_async to None, run_after=None
[2023-02-10T21:35:46.138+0200] {processor.py:161} INFO - Processing /Users/v.lytvyniuk/Documents/библиотечка/DE online1/git/de_7/lesson_07/airflow_env/lib/python3.8/site-packages/airflow/example_dags/example_time_delta_sensor_async.py took 0.114 seconds
[2023-02-10T21:36:37.321+0200] {processor.py:153} INFO - Started process (PID=49043) to work on /Users/v.lytvyniuk/Documents/библиотечка/DE online1/git/de_7/lesson_07/airflow_env/lib/python3.8/site-packages/airflow/example_dags/example_time_delta_sensor_async.py
[2023-02-10T21:36:37.325+0200] {processor.py:640} INFO - Processing file /Users/v.lytvyniuk/Documents/библиотечка/DE online1/git/de_7/lesson_07/airflow_env/lib/python3.8/site-packages/airflow/example_dags/example_time_delta_sensor_async.py for tasks to queue
[2023-02-10T21:36:37.325+0200] {logging_mixin.py:115} INFO - [2023-02-10T21:36:37.325+0200] {dagbag.py:508} INFO - Filling up the DagBag from /Users/v.lytvyniuk/Documents/библиотечка/DE online1/git/de_7/lesson_07/airflow_env/lib/python3.8/site-packages/airflow/example_dags/example_time_delta_sensor_async.py
[2023-02-10T21:36:37.333+0200] {processor.py:650} INFO - DAG(s) dict_keys(['example_time_delta_sensor_async']) retrieved from /Users/v.lytvyniuk/Documents/библиотечка/DE online1/git/de_7/lesson_07/airflow_env/lib/python3.8/site-packages/airflow/example_dags/example_time_delta_sensor_async.py
[2023-02-10T21:36:37.430+0200] {logging_mixin.py:115} INFO - [2023-02-10T21:36:37.430+0200] {dag.py:2429} INFO - Sync 1 DAGs
[2023-02-10T21:36:37.438+0200] {logging_mixin.py:115} INFO - [2023-02-10T21:36:37.438+0200] {dag.py:2977} INFO - Setting next_dagrun for example_time_delta_sensor_async to None, run_after=None
[2023-02-10T21:36:37.447+0200] {processor.py:161} INFO - Processing /Users/v.lytvyniuk/Documents/библиотечка/DE online1/git/de_7/lesson_07/airflow_env/lib/python3.8/site-packages/airflow/example_dags/example_time_delta_sensor_async.py took 0.126 seconds
[2023-02-10T21:37:26.668+0200] {processor.py:153} INFO - Started process (PID=49194) to work on /Users/v.lytvyniuk/Documents/библиотечка/DE online1/git/de_7/lesson_07/airflow_env/lib/python3.8/site-packages/airflow/example_dags/example_time_delta_sensor_async.py
[2023-02-10T21:37:26.671+0200] {processor.py:640} INFO - Processing file /Users/v.lytvyniuk/Documents/библиотечка/DE online1/git/de_7/lesson_07/airflow_env/lib/python3.8/site-packages/airflow/example_dags/example_time_delta_sensor_async.py for tasks to queue
[2023-02-10T21:37:26.671+0200] {logging_mixin.py:115} INFO - [2023-02-10T21:37:26.671+0200] {dagbag.py:508} INFO - Filling up the DagBag from /Users/v.lytvyniuk/Documents/библиотечка/DE online1/git/de_7/lesson_07/airflow_env/lib/python3.8/site-packages/airflow/example_dags/example_time_delta_sensor_async.py
[2023-02-10T21:37:26.679+0200] {processor.py:650} INFO - DAG(s) dict_keys(['example_time_delta_sensor_async']) retrieved from /Users/v.lytvyniuk/Documents/библиотечка/DE online1/git/de_7/lesson_07/airflow_env/lib/python3.8/site-packages/airflow/example_dags/example_time_delta_sensor_async.py
[2023-02-10T21:37:26.767+0200] {logging_mixin.py:115} INFO - [2023-02-10T21:37:26.767+0200] {dag.py:2429} INFO - Sync 1 DAGs
[2023-02-10T21:37:26.774+0200] {logging_mixin.py:115} INFO - [2023-02-10T21:37:26.773+0200] {dag.py:2977} INFO - Setting next_dagrun for example_time_delta_sensor_async to None, run_after=None
[2023-02-10T21:37:26.779+0200] {processor.py:161} INFO - Processing /Users/v.lytvyniuk/Documents/библиотечка/DE online1/git/de_7/lesson_07/airflow_env/lib/python3.8/site-packages/airflow/example_dags/example_time_delta_sensor_async.py took 0.112 seconds
[2023-02-10T21:38:16.969+0200] {processor.py:153} INFO - Started process (PID=49332) to work on /Users/v.lytvyniuk/Documents/библиотечка/DE online1/git/de_7/lesson_07/airflow_env/lib/python3.8/site-packages/airflow/example_dags/example_time_delta_sensor_async.py
[2023-02-10T21:38:16.972+0200] {processor.py:640} INFO - Processing file /Users/v.lytvyniuk/Documents/библиотечка/DE online1/git/de_7/lesson_07/airflow_env/lib/python3.8/site-packages/airflow/example_dags/example_time_delta_sensor_async.py for tasks to queue
[2023-02-10T21:38:16.972+0200] {logging_mixin.py:115} INFO - [2023-02-10T21:38:16.972+0200] {dagbag.py:508} INFO - Filling up the DagBag from /Users/v.lytvyniuk/Documents/библиотечка/DE online1/git/de_7/lesson_07/airflow_env/lib/python3.8/site-packages/airflow/example_dags/example_time_delta_sensor_async.py
[2023-02-10T21:38:16.980+0200] {processor.py:650} INFO - DAG(s) dict_keys(['example_time_delta_sensor_async']) retrieved from /Users/v.lytvyniuk/Documents/библиотечка/DE online1/git/de_7/lesson_07/airflow_env/lib/python3.8/site-packages/airflow/example_dags/example_time_delta_sensor_async.py
[2023-02-10T21:38:17.064+0200] {logging_mixin.py:115} INFO - [2023-02-10T21:38:17.064+0200] {dag.py:2429} INFO - Sync 1 DAGs
[2023-02-10T21:38:17.070+0200] {logging_mixin.py:115} INFO - [2023-02-10T21:38:17.070+0200] {dag.py:2977} INFO - Setting next_dagrun for example_time_delta_sensor_async to None, run_after=None
[2023-02-10T21:38:17.075+0200] {processor.py:161} INFO - Processing /Users/v.lytvyniuk/Documents/библиотечка/DE online1/git/de_7/lesson_07/airflow_env/lib/python3.8/site-packages/airflow/example_dags/example_time_delta_sensor_async.py took 0.107 seconds
[2023-02-10T21:39:06.718+0200] {processor.py:153} INFO - Started process (PID=49505) to work on /Users/v.lytvyniuk/Documents/библиотечка/DE online1/git/de_7/lesson_07/airflow_env/lib/python3.8/site-packages/airflow/example_dags/example_time_delta_sensor_async.py
[2023-02-10T21:39:06.721+0200] {processor.py:640} INFO - Processing file /Users/v.lytvyniuk/Documents/библиотечка/DE online1/git/de_7/lesson_07/airflow_env/lib/python3.8/site-packages/airflow/example_dags/example_time_delta_sensor_async.py for tasks to queue
[2023-02-10T21:39:06.721+0200] {logging_mixin.py:115} INFO - [2023-02-10T21:39:06.721+0200] {dagbag.py:508} INFO - Filling up the DagBag from /Users/v.lytvyniuk/Documents/библиотечка/DE online1/git/de_7/lesson_07/airflow_env/lib/python3.8/site-packages/airflow/example_dags/example_time_delta_sensor_async.py
[2023-02-10T21:39:06.728+0200] {processor.py:650} INFO - DAG(s) dict_keys(['example_time_delta_sensor_async']) retrieved from /Users/v.lytvyniuk/Documents/библиотечка/DE online1/git/de_7/lesson_07/airflow_env/lib/python3.8/site-packages/airflow/example_dags/example_time_delta_sensor_async.py
[2023-02-10T21:39:06.813+0200] {logging_mixin.py:115} INFO - [2023-02-10T21:39:06.813+0200] {dag.py:2429} INFO - Sync 1 DAGs
[2023-02-10T21:39:06.819+0200] {logging_mixin.py:115} INFO - [2023-02-10T21:39:06.819+0200] {dag.py:2977} INFO - Setting next_dagrun for example_time_delta_sensor_async to None, run_after=None
[2023-02-10T21:39:06.824+0200] {processor.py:161} INFO - Processing /Users/v.lytvyniuk/Documents/библиотечка/DE online1/git/de_7/lesson_07/airflow_env/lib/python3.8/site-packages/airflow/example_dags/example_time_delta_sensor_async.py took 0.107 seconds
[2023-02-10T21:39:56.625+0200] {processor.py:153} INFO - Started process (PID=49676) to work on /Users/v.lytvyniuk/Documents/библиотечка/DE online1/git/de_7/lesson_07/airflow_env/lib/python3.8/site-packages/airflow/example_dags/example_time_delta_sensor_async.py
[2023-02-10T21:39:56.628+0200] {processor.py:640} INFO - Processing file /Users/v.lytvyniuk/Documents/библиотечка/DE online1/git/de_7/lesson_07/airflow_env/lib/python3.8/site-packages/airflow/example_dags/example_time_delta_sensor_async.py for tasks to queue
[2023-02-10T21:39:56.629+0200] {logging_mixin.py:115} INFO - [2023-02-10T21:39:56.628+0200] {dagbag.py:508} INFO - Filling up the DagBag from /Users/v.lytvyniuk/Documents/библиотечка/DE online1/git/de_7/lesson_07/airflow_env/lib/python3.8/site-packages/airflow/example_dags/example_time_delta_sensor_async.py
[2023-02-10T21:39:56.636+0200] {processor.py:650} INFO - DAG(s) dict_keys(['example_time_delta_sensor_async']) retrieved from /Users/v.lytvyniuk/Documents/библиотечка/DE online1/git/de_7/lesson_07/airflow_env/lib/python3.8/site-packages/airflow/example_dags/example_time_delta_sensor_async.py
[2023-02-10T21:39:56.724+0200] {logging_mixin.py:115} INFO - [2023-02-10T21:39:56.724+0200] {dag.py:2429} INFO - Sync 1 DAGs
[2023-02-10T21:39:56.730+0200] {logging_mixin.py:115} INFO - [2023-02-10T21:39:56.730+0200] {dag.py:2977} INFO - Setting next_dagrun for example_time_delta_sensor_async to None, run_after=None
[2023-02-10T21:39:56.736+0200] {processor.py:161} INFO - Processing /Users/v.lytvyniuk/Documents/библиотечка/DE online1/git/de_7/lesson_07/airflow_env/lib/python3.8/site-packages/airflow/example_dags/example_time_delta_sensor_async.py took 0.111 seconds
[2023-02-10T21:40:47.256+0200] {processor.py:153} INFO - Started process (PID=49814) to work on /Users/v.lytvyniuk/Documents/библиотечка/DE online1/git/de_7/lesson_07/airflow_env/lib/python3.8/site-packages/airflow/example_dags/example_time_delta_sensor_async.py
[2023-02-10T21:40:47.259+0200] {processor.py:640} INFO - Processing file /Users/v.lytvyniuk/Documents/библиотечка/DE online1/git/de_7/lesson_07/airflow_env/lib/python3.8/site-packages/airflow/example_dags/example_time_delta_sensor_async.py for tasks to queue
[2023-02-10T21:40:47.259+0200] {logging_mixin.py:115} INFO - [2023-02-10T21:40:47.259+0200] {dagbag.py:508} INFO - Filling up the DagBag from /Users/v.lytvyniuk/Documents/библиотечка/DE online1/git/de_7/lesson_07/airflow_env/lib/python3.8/site-packages/airflow/example_dags/example_time_delta_sensor_async.py
[2023-02-10T21:40:47.266+0200] {processor.py:650} INFO - DAG(s) dict_keys(['example_time_delta_sensor_async']) retrieved from /Users/v.lytvyniuk/Documents/библиотечка/DE online1/git/de_7/lesson_07/airflow_env/lib/python3.8/site-packages/airflow/example_dags/example_time_delta_sensor_async.py
[2023-02-10T21:40:47.357+0200] {logging_mixin.py:115} INFO - [2023-02-10T21:40:47.357+0200] {dag.py:2429} INFO - Sync 1 DAGs
[2023-02-10T21:40:47.363+0200] {logging_mixin.py:115} INFO - [2023-02-10T21:40:47.363+0200] {dag.py:2977} INFO - Setting next_dagrun for example_time_delta_sensor_async to None, run_after=None
[2023-02-10T21:40:47.368+0200] {processor.py:161} INFO - Processing /Users/v.lytvyniuk/Documents/библиотечка/DE online1/git/de_7/lesson_07/airflow_env/lib/python3.8/site-packages/airflow/example_dags/example_time_delta_sensor_async.py took 0.113 seconds
[2023-02-10T21:41:36.383+0200] {processor.py:153} INFO - Started process (PID=49951) to work on /Users/v.lytvyniuk/Documents/библиотечка/DE online1/git/de_7/lesson_07/airflow_env/lib/python3.8/site-packages/airflow/example_dags/example_time_delta_sensor_async.py
[2023-02-10T21:41:36.386+0200] {processor.py:640} INFO - Processing file /Users/v.lytvyniuk/Documents/библиотечка/DE online1/git/de_7/lesson_07/airflow_env/lib/python3.8/site-packages/airflow/example_dags/example_time_delta_sensor_async.py for tasks to queue
[2023-02-10T21:41:36.386+0200] {logging_mixin.py:115} INFO - [2023-02-10T21:41:36.386+0200] {dagbag.py:508} INFO - Filling up the DagBag from /Users/v.lytvyniuk/Documents/библиотечка/DE online1/git/de_7/lesson_07/airflow_env/lib/python3.8/site-packages/airflow/example_dags/example_time_delta_sensor_async.py
[2023-02-10T21:41:36.393+0200] {processor.py:650} INFO - DAG(s) dict_keys(['example_time_delta_sensor_async']) retrieved from /Users/v.lytvyniuk/Documents/библиотечка/DE online1/git/de_7/lesson_07/airflow_env/lib/python3.8/site-packages/airflow/example_dags/example_time_delta_sensor_async.py
[2023-02-10T21:41:36.477+0200] {logging_mixin.py:115} INFO - [2023-02-10T21:41:36.476+0200] {dag.py:2429} INFO - Sync 1 DAGs
[2023-02-10T21:41:36.483+0200] {logging_mixin.py:115} INFO - [2023-02-10T21:41:36.483+0200] {dag.py:2977} INFO - Setting next_dagrun for example_time_delta_sensor_async to None, run_after=None
[2023-02-10T21:41:36.488+0200] {processor.py:161} INFO - Processing /Users/v.lytvyniuk/Documents/библиотечка/DE online1/git/de_7/lesson_07/airflow_env/lib/python3.8/site-packages/airflow/example_dags/example_time_delta_sensor_async.py took 0.106 seconds
[2023-02-10T21:42:27.349+0200] {processor.py:153} INFO - Started process (PID=50078) to work on /Users/v.lytvyniuk/Documents/библиотечка/DE online1/git/de_7/lesson_07/airflow_env/lib/python3.8/site-packages/airflow/example_dags/example_time_delta_sensor_async.py
[2023-02-10T21:42:27.352+0200] {processor.py:640} INFO - Processing file /Users/v.lytvyniuk/Documents/библиотечка/DE online1/git/de_7/lesson_07/airflow_env/lib/python3.8/site-packages/airflow/example_dags/example_time_delta_sensor_async.py for tasks to queue
[2023-02-10T21:42:27.352+0200] {logging_mixin.py:115} INFO - [2023-02-10T21:42:27.352+0200] {dagbag.py:508} INFO - Filling up the DagBag from /Users/v.lytvyniuk/Documents/библиотечка/DE online1/git/de_7/lesson_07/airflow_env/lib/python3.8/site-packages/airflow/example_dags/example_time_delta_sensor_async.py
[2023-02-10T21:42:27.360+0200] {processor.py:650} INFO - DAG(s) dict_keys(['example_time_delta_sensor_async']) retrieved from /Users/v.lytvyniuk/Documents/библиотечка/DE online1/git/de_7/lesson_07/airflow_env/lib/python3.8/site-packages/airflow/example_dags/example_time_delta_sensor_async.py
[2023-02-10T21:42:27.444+0200] {logging_mixin.py:115} INFO - [2023-02-10T21:42:27.444+0200] {dag.py:2429} INFO - Sync 1 DAGs
[2023-02-10T21:42:27.451+0200] {logging_mixin.py:115} INFO - [2023-02-10T21:42:27.451+0200] {dag.py:2977} INFO - Setting next_dagrun for example_time_delta_sensor_async to None, run_after=None
[2023-02-10T21:42:27.456+0200] {processor.py:161} INFO - Processing /Users/v.lytvyniuk/Documents/библиотечка/DE online1/git/de_7/lesson_07/airflow_env/lib/python3.8/site-packages/airflow/example_dags/example_time_delta_sensor_async.py took 0.108 seconds
[2023-02-10T21:43:19.929+0200] {processor.py:153} INFO - Started process (PID=50225) to work on /Users/v.lytvyniuk/Documents/библиотечка/DE online1/git/de_7/lesson_07/airflow_env/lib/python3.8/site-packages/airflow/example_dags/example_time_delta_sensor_async.py
[2023-02-10T21:43:19.933+0200] {processor.py:640} INFO - Processing file /Users/v.lytvyniuk/Documents/библиотечка/DE online1/git/de_7/lesson_07/airflow_env/lib/python3.8/site-packages/airflow/example_dags/example_time_delta_sensor_async.py for tasks to queue
[2023-02-10T21:43:19.933+0200] {logging_mixin.py:115} INFO - [2023-02-10T21:43:19.933+0200] {dagbag.py:508} INFO - Filling up the DagBag from /Users/v.lytvyniuk/Documents/библиотечка/DE online1/git/de_7/lesson_07/airflow_env/lib/python3.8/site-packages/airflow/example_dags/example_time_delta_sensor_async.py
[2023-02-10T21:43:19.940+0200] {processor.py:650} INFO - DAG(s) dict_keys(['example_time_delta_sensor_async']) retrieved from /Users/v.lytvyniuk/Documents/библиотечка/DE online1/git/de_7/lesson_07/airflow_env/lib/python3.8/site-packages/airflow/example_dags/example_time_delta_sensor_async.py
[2023-02-10T21:43:20.026+0200] {logging_mixin.py:115} INFO - [2023-02-10T21:43:20.025+0200] {dag.py:2429} INFO - Sync 1 DAGs
[2023-02-10T21:43:20.032+0200] {logging_mixin.py:115} INFO - [2023-02-10T21:43:20.032+0200] {dag.py:2977} INFO - Setting next_dagrun for example_time_delta_sensor_async to None, run_after=None
[2023-02-10T21:43:20.037+0200] {processor.py:161} INFO - Processing /Users/v.lytvyniuk/Documents/библиотечка/DE online1/git/de_7/lesson_07/airflow_env/lib/python3.8/site-packages/airflow/example_dags/example_time_delta_sensor_async.py took 0.108 seconds
[2023-02-10T21:44:09.895+0200] {processor.py:153} INFO - Started process (PID=50349) to work on /Users/v.lytvyniuk/Documents/библиотечка/DE online1/git/de_7/lesson_07/airflow_env/lib/python3.8/site-packages/airflow/example_dags/example_time_delta_sensor_async.py
[2023-02-10T21:44:09.898+0200] {processor.py:640} INFO - Processing file /Users/v.lytvyniuk/Documents/библиотечка/DE online1/git/de_7/lesson_07/airflow_env/lib/python3.8/site-packages/airflow/example_dags/example_time_delta_sensor_async.py for tasks to queue
[2023-02-10T21:44:09.898+0200] {logging_mixin.py:115} INFO - [2023-02-10T21:44:09.898+0200] {dagbag.py:508} INFO - Filling up the DagBag from /Users/v.lytvyniuk/Documents/библиотечка/DE online1/git/de_7/lesson_07/airflow_env/lib/python3.8/site-packages/airflow/example_dags/example_time_delta_sensor_async.py
[2023-02-10T21:44:09.906+0200] {processor.py:650} INFO - DAG(s) dict_keys(['example_time_delta_sensor_async']) retrieved from /Users/v.lytvyniuk/Documents/библиотечка/DE online1/git/de_7/lesson_07/airflow_env/lib/python3.8/site-packages/airflow/example_dags/example_time_delta_sensor_async.py
[2023-02-10T21:44:09.990+0200] {logging_mixin.py:115} INFO - [2023-02-10T21:44:09.990+0200] {dag.py:2429} INFO - Sync 1 DAGs
[2023-02-10T21:44:09.997+0200] {logging_mixin.py:115} INFO - [2023-02-10T21:44:09.997+0200] {dag.py:2977} INFO - Setting next_dagrun for example_time_delta_sensor_async to None, run_after=None
[2023-02-10T21:44:10.002+0200] {processor.py:161} INFO - Processing /Users/v.lytvyniuk/Documents/библиотечка/DE online1/git/de_7/lesson_07/airflow_env/lib/python3.8/site-packages/airflow/example_dags/example_time_delta_sensor_async.py took 0.107 seconds
[2023-02-10T21:45:01.503+0200] {processor.py:153} INFO - Started process (PID=50859) to work on /Users/v.lytvyniuk/Documents/библиотечка/DE online1/git/de_7/lesson_07/airflow_env/lib/python3.8/site-packages/airflow/example_dags/example_time_delta_sensor_async.py
[2023-02-10T21:45:01.506+0200] {processor.py:640} INFO - Processing file /Users/v.lytvyniuk/Documents/библиотечка/DE online1/git/de_7/lesson_07/airflow_env/lib/python3.8/site-packages/airflow/example_dags/example_time_delta_sensor_async.py for tasks to queue
[2023-02-10T21:45:01.506+0200] {logging_mixin.py:115} INFO - [2023-02-10T21:45:01.506+0200] {dagbag.py:508} INFO - Filling up the DagBag from /Users/v.lytvyniuk/Documents/библиотечка/DE online1/git/de_7/lesson_07/airflow_env/lib/python3.8/site-packages/airflow/example_dags/example_time_delta_sensor_async.py
[2023-02-10T21:45:01.514+0200] {processor.py:650} INFO - DAG(s) dict_keys(['example_time_delta_sensor_async']) retrieved from /Users/v.lytvyniuk/Documents/библиотечка/DE online1/git/de_7/lesson_07/airflow_env/lib/python3.8/site-packages/airflow/example_dags/example_time_delta_sensor_async.py
[2023-02-10T21:45:01.612+0200] {logging_mixin.py:115} INFO - [2023-02-10T21:45:01.612+0200] {dag.py:2429} INFO - Sync 1 DAGs
[2023-02-10T21:45:01.621+0200] {logging_mixin.py:115} INFO - [2023-02-10T21:45:01.621+0200] {dag.py:2977} INFO - Setting next_dagrun for example_time_delta_sensor_async to None, run_after=None
[2023-02-10T21:45:01.627+0200] {processor.py:161} INFO - Processing /Users/v.lytvyniuk/Documents/библиотечка/DE online1/git/de_7/lesson_07/airflow_env/lib/python3.8/site-packages/airflow/example_dags/example_time_delta_sensor_async.py took 0.125 seconds
[2023-02-10T21:45:53.144+0200] {processor.py:153} INFO - Started process (PID=51008) to work on /Users/v.lytvyniuk/Documents/библиотечка/DE online1/git/de_7/lesson_07/airflow_env/lib/python3.8/site-packages/airflow/example_dags/example_time_delta_sensor_async.py
[2023-02-10T21:45:53.147+0200] {processor.py:640} INFO - Processing file /Users/v.lytvyniuk/Documents/библиотечка/DE online1/git/de_7/lesson_07/airflow_env/lib/python3.8/site-packages/airflow/example_dags/example_time_delta_sensor_async.py for tasks to queue
[2023-02-10T21:45:53.148+0200] {logging_mixin.py:115} INFO - [2023-02-10T21:45:53.147+0200] {dagbag.py:508} INFO - Filling up the DagBag from /Users/v.lytvyniuk/Documents/библиотечка/DE online1/git/de_7/lesson_07/airflow_env/lib/python3.8/site-packages/airflow/example_dags/example_time_delta_sensor_async.py
[2023-02-10T21:45:53.155+0200] {processor.py:650} INFO - DAG(s) dict_keys(['example_time_delta_sensor_async']) retrieved from /Users/v.lytvyniuk/Documents/библиотечка/DE online1/git/de_7/lesson_07/airflow_env/lib/python3.8/site-packages/airflow/example_dags/example_time_delta_sensor_async.py
[2023-02-10T21:45:53.241+0200] {logging_mixin.py:115} INFO - [2023-02-10T21:45:53.241+0200] {dag.py:2429} INFO - Sync 1 DAGs
[2023-02-10T21:45:53.247+0200] {logging_mixin.py:115} INFO - [2023-02-10T21:45:53.247+0200] {dag.py:2977} INFO - Setting next_dagrun for example_time_delta_sensor_async to None, run_after=None
[2023-02-10T21:45:53.252+0200] {processor.py:161} INFO - Processing /Users/v.lytvyniuk/Documents/библиотечка/DE online1/git/de_7/lesson_07/airflow_env/lib/python3.8/site-packages/airflow/example_dags/example_time_delta_sensor_async.py took 0.108 seconds
[2023-02-10T21:46:44.107+0200] {processor.py:153} INFO - Started process (PID=51134) to work on /Users/v.lytvyniuk/Documents/библиотечка/DE online1/git/de_7/lesson_07/airflow_env/lib/python3.8/site-packages/airflow/example_dags/example_time_delta_sensor_async.py
[2023-02-10T21:46:44.111+0200] {processor.py:640} INFO - Processing file /Users/v.lytvyniuk/Documents/библиотечка/DE online1/git/de_7/lesson_07/airflow_env/lib/python3.8/site-packages/airflow/example_dags/example_time_delta_sensor_async.py for tasks to queue
[2023-02-10T21:46:44.111+0200] {logging_mixin.py:115} INFO - [2023-02-10T21:46:44.111+0200] {dagbag.py:508} INFO - Filling up the DagBag from /Users/v.lytvyniuk/Documents/библиотечка/DE online1/git/de_7/lesson_07/airflow_env/lib/python3.8/site-packages/airflow/example_dags/example_time_delta_sensor_async.py
[2023-02-10T21:46:44.118+0200] {processor.py:650} INFO - DAG(s) dict_keys(['example_time_delta_sensor_async']) retrieved from /Users/v.lytvyniuk/Documents/библиотечка/DE online1/git/de_7/lesson_07/airflow_env/lib/python3.8/site-packages/airflow/example_dags/example_time_delta_sensor_async.py
[2023-02-10T21:46:44.201+0200] {logging_mixin.py:115} INFO - [2023-02-10T21:46:44.201+0200] {dag.py:2429} INFO - Sync 1 DAGs
[2023-02-10T21:46:44.208+0200] {logging_mixin.py:115} INFO - [2023-02-10T21:46:44.208+0200] {dag.py:2977} INFO - Setting next_dagrun for example_time_delta_sensor_async to None, run_after=None
[2023-02-10T21:46:44.213+0200] {processor.py:161} INFO - Processing /Users/v.lytvyniuk/Documents/библиотечка/DE online1/git/de_7/lesson_07/airflow_env/lib/python3.8/site-packages/airflow/example_dags/example_time_delta_sensor_async.py took 0.106 seconds
[2023-02-10T21:47:34.640+0200] {processor.py:153} INFO - Started process (PID=51874) to work on /Users/v.lytvyniuk/Documents/библиотечка/DE online1/git/de_7/lesson_07/airflow_env/lib/python3.8/site-packages/airflow/example_dags/example_time_delta_sensor_async.py
[2023-02-10T21:47:34.644+0200] {processor.py:640} INFO - Processing file /Users/v.lytvyniuk/Documents/библиотечка/DE online1/git/de_7/lesson_07/airflow_env/lib/python3.8/site-packages/airflow/example_dags/example_time_delta_sensor_async.py for tasks to queue
[2023-02-10T21:47:34.644+0200] {logging_mixin.py:115} INFO - [2023-02-10T21:47:34.644+0200] {dagbag.py:508} INFO - Filling up the DagBag from /Users/v.lytvyniuk/Documents/библиотечка/DE online1/git/de_7/lesson_07/airflow_env/lib/python3.8/site-packages/airflow/example_dags/example_time_delta_sensor_async.py
[2023-02-10T21:47:34.651+0200] {processor.py:650} INFO - DAG(s) dict_keys(['example_time_delta_sensor_async']) retrieved from /Users/v.lytvyniuk/Documents/библиотечка/DE online1/git/de_7/lesson_07/airflow_env/lib/python3.8/site-packages/airflow/example_dags/example_time_delta_sensor_async.py
[2023-02-10T21:47:34.735+0200] {logging_mixin.py:115} INFO - [2023-02-10T21:47:34.735+0200] {dag.py:2429} INFO - Sync 1 DAGs
[2023-02-10T21:47:34.742+0200] {logging_mixin.py:115} INFO - [2023-02-10T21:47:34.741+0200] {dag.py:2977} INFO - Setting next_dagrun for example_time_delta_sensor_async to None, run_after=None
[2023-02-10T21:47:34.747+0200] {processor.py:161} INFO - Processing /Users/v.lytvyniuk/Documents/библиотечка/DE online1/git/de_7/lesson_07/airflow_env/lib/python3.8/site-packages/airflow/example_dags/example_time_delta_sensor_async.py took 0.107 seconds
[2023-02-10T21:53:39.962+0200] {processor.py:153} INFO - Started process (PID=2517) to work on /Users/v.lytvyniuk/Documents/библиотечка/DE online1/git/de_7/lesson_07/airflow_env/lib/python3.8/site-packages/airflow/example_dags/example_time_delta_sensor_async.py
[2023-02-10T21:53:39.966+0200] {processor.py:640} INFO - Processing file /Users/v.lytvyniuk/Documents/библиотечка/DE online1/git/de_7/lesson_07/airflow_env/lib/python3.8/site-packages/airflow/example_dags/example_time_delta_sensor_async.py for tasks to queue
[2023-02-10T21:53:39.966+0200] {logging_mixin.py:115} INFO - [2023-02-10T21:53:39.966+0200] {dagbag.py:508} INFO - Filling up the DagBag from /Users/v.lytvyniuk/Documents/библиотечка/DE online1/git/de_7/lesson_07/airflow_env/lib/python3.8/site-packages/airflow/example_dags/example_time_delta_sensor_async.py
[2023-02-10T21:53:39.976+0200] {processor.py:650} INFO - DAG(s) dict_keys(['example_time_delta_sensor_async']) retrieved from /Users/v.lytvyniuk/Documents/библиотечка/DE online1/git/de_7/lesson_07/airflow_env/lib/python3.8/site-packages/airflow/example_dags/example_time_delta_sensor_async.py
[2023-02-10T21:53:40.063+0200] {logging_mixin.py:115} INFO - [2023-02-10T21:53:40.063+0200] {dag.py:2429} INFO - Sync 1 DAGs
[2023-02-10T21:53:40.070+0200] {logging_mixin.py:115} INFO - [2023-02-10T21:53:40.070+0200] {dag.py:2977} INFO - Setting next_dagrun for example_time_delta_sensor_async to None, run_after=None
[2023-02-10T21:53:40.076+0200] {processor.py:161} INFO - Processing /Users/v.lytvyniuk/Documents/библиотечка/DE online1/git/de_7/lesson_07/airflow_env/lib/python3.8/site-packages/airflow/example_dags/example_time_delta_sensor_async.py took 0.114 seconds
[2023-02-10T21:54:33.664+0200] {processor.py:153} INFO - Started process (PID=2727) to work on /Users/v.lytvyniuk/Documents/библиотечка/DE online1/git/de_7/lesson_07/airflow_env/lib/python3.8/site-packages/airflow/example_dags/example_time_delta_sensor_async.py
[2023-02-10T21:54:33.667+0200] {processor.py:640} INFO - Processing file /Users/v.lytvyniuk/Documents/библиотечка/DE online1/git/de_7/lesson_07/airflow_env/lib/python3.8/site-packages/airflow/example_dags/example_time_delta_sensor_async.py for tasks to queue
[2023-02-10T21:54:33.667+0200] {logging_mixin.py:115} INFO - [2023-02-10T21:54:33.667+0200] {dagbag.py:508} INFO - Filling up the DagBag from /Users/v.lytvyniuk/Documents/библиотечка/DE online1/git/de_7/lesson_07/airflow_env/lib/python3.8/site-packages/airflow/example_dags/example_time_delta_sensor_async.py
[2023-02-10T21:54:33.674+0200] {processor.py:650} INFO - DAG(s) dict_keys(['example_time_delta_sensor_async']) retrieved from /Users/v.lytvyniuk/Documents/библиотечка/DE online1/git/de_7/lesson_07/airflow_env/lib/python3.8/site-packages/airflow/example_dags/example_time_delta_sensor_async.py
[2023-02-10T21:54:33.758+0200] {logging_mixin.py:115} INFO - [2023-02-10T21:54:33.758+0200] {dag.py:2429} INFO - Sync 1 DAGs
[2023-02-10T21:54:33.765+0200] {logging_mixin.py:115} INFO - [2023-02-10T21:54:33.765+0200] {dag.py:2977} INFO - Setting next_dagrun for example_time_delta_sensor_async to None, run_after=None
[2023-02-10T21:54:33.770+0200] {processor.py:161} INFO - Processing /Users/v.lytvyniuk/Documents/библиотечка/DE online1/git/de_7/lesson_07/airflow_env/lib/python3.8/site-packages/airflow/example_dags/example_time_delta_sensor_async.py took 0.107 seconds
[2023-02-10T21:55:22.917+0200] {processor.py:153} INFO - Started process (PID=2912) to work on /Users/v.lytvyniuk/Documents/библиотечка/DE online1/git/de_7/lesson_07/airflow_env/lib/python3.8/site-packages/airflow/example_dags/example_time_delta_sensor_async.py
[2023-02-10T21:55:22.920+0200] {processor.py:640} INFO - Processing file /Users/v.lytvyniuk/Documents/библиотечка/DE online1/git/de_7/lesson_07/airflow_env/lib/python3.8/site-packages/airflow/example_dags/example_time_delta_sensor_async.py for tasks to queue
[2023-02-10T21:55:22.920+0200] {logging_mixin.py:115} INFO - [2023-02-10T21:55:22.920+0200] {dagbag.py:508} INFO - Filling up the DagBag from /Users/v.lytvyniuk/Documents/библиотечка/DE online1/git/de_7/lesson_07/airflow_env/lib/python3.8/site-packages/airflow/example_dags/example_time_delta_sensor_async.py
[2023-02-10T21:55:22.928+0200] {processor.py:650} INFO - DAG(s) dict_keys(['example_time_delta_sensor_async']) retrieved from /Users/v.lytvyniuk/Documents/библиотечка/DE online1/git/de_7/lesson_07/airflow_env/lib/python3.8/site-packages/airflow/example_dags/example_time_delta_sensor_async.py
[2023-02-10T21:55:22.997+0200] {logging_mixin.py:115} INFO - [2023-02-10T21:55:22.997+0200] {dag.py:2429} INFO - Sync 1 DAGs
[2023-02-10T21:55:23.004+0200] {logging_mixin.py:115} INFO - [2023-02-10T21:55:23.004+0200] {dag.py:2977} INFO - Setting next_dagrun for example_time_delta_sensor_async to None, run_after=None
[2023-02-10T21:55:23.010+0200] {processor.py:161} INFO - Processing /Users/v.lytvyniuk/Documents/библиотечка/DE online1/git/de_7/lesson_07/airflow_env/lib/python3.8/site-packages/airflow/example_dags/example_time_delta_sensor_async.py took 0.093 seconds
[2023-02-10T21:56:16.012+0200] {processor.py:153} INFO - Started process (PID=3083) to work on /Users/v.lytvyniuk/Documents/библиотечка/DE online1/git/de_7/lesson_07/airflow_env/lib/python3.8/site-packages/airflow/example_dags/example_time_delta_sensor_async.py
[2023-02-10T21:56:16.015+0200] {processor.py:640} INFO - Processing file /Users/v.lytvyniuk/Documents/библиотечка/DE online1/git/de_7/lesson_07/airflow_env/lib/python3.8/site-packages/airflow/example_dags/example_time_delta_sensor_async.py for tasks to queue
[2023-02-10T21:56:16.015+0200] {logging_mixin.py:115} INFO - [2023-02-10T21:56:16.015+0200] {dagbag.py:508} INFO - Filling up the DagBag from /Users/v.lytvyniuk/Documents/библиотечка/DE online1/git/de_7/lesson_07/airflow_env/lib/python3.8/site-packages/airflow/example_dags/example_time_delta_sensor_async.py
[2023-02-10T21:56:16.023+0200] {processor.py:650} INFO - DAG(s) dict_keys(['example_time_delta_sensor_async']) retrieved from /Users/v.lytvyniuk/Documents/библиотечка/DE online1/git/de_7/lesson_07/airflow_env/lib/python3.8/site-packages/airflow/example_dags/example_time_delta_sensor_async.py
[2023-02-10T21:56:16.107+0200] {logging_mixin.py:115} INFO - [2023-02-10T21:56:16.107+0200] {dag.py:2429} INFO - Sync 1 DAGs
[2023-02-10T21:56:16.114+0200] {logging_mixin.py:115} INFO - [2023-02-10T21:56:16.114+0200] {dag.py:2977} INFO - Setting next_dagrun for example_time_delta_sensor_async to None, run_after=None
[2023-02-10T21:56:16.119+0200] {processor.py:161} INFO - Processing /Users/v.lytvyniuk/Documents/библиотечка/DE online1/git/de_7/lesson_07/airflow_env/lib/python3.8/site-packages/airflow/example_dags/example_time_delta_sensor_async.py took 0.107 seconds
[2023-02-10T21:57:08.214+0200] {processor.py:153} INFO - Started process (PID=3236) to work on /Users/v.lytvyniuk/Documents/библиотечка/DE online1/git/de_7/lesson_07/airflow_env/lib/python3.8/site-packages/airflow/example_dags/example_time_delta_sensor_async.py
[2023-02-10T21:57:08.218+0200] {processor.py:640} INFO - Processing file /Users/v.lytvyniuk/Documents/библиотечка/DE online1/git/de_7/lesson_07/airflow_env/lib/python3.8/site-packages/airflow/example_dags/example_time_delta_sensor_async.py for tasks to queue
[2023-02-10T21:57:08.218+0200] {logging_mixin.py:115} INFO - [2023-02-10T21:57:08.218+0200] {dagbag.py:508} INFO - Filling up the DagBag from /Users/v.lytvyniuk/Documents/библиотечка/DE online1/git/de_7/lesson_07/airflow_env/lib/python3.8/site-packages/airflow/example_dags/example_time_delta_sensor_async.py
[2023-02-10T21:57:08.226+0200] {processor.py:650} INFO - DAG(s) dict_keys(['example_time_delta_sensor_async']) retrieved from /Users/v.lytvyniuk/Documents/библиотечка/DE online1/git/de_7/lesson_07/airflow_env/lib/python3.8/site-packages/airflow/example_dags/example_time_delta_sensor_async.py
[2023-02-10T21:57:08.313+0200] {logging_mixin.py:115} INFO - [2023-02-10T21:57:08.313+0200] {dag.py:2429} INFO - Sync 1 DAGs
[2023-02-10T21:57:08.320+0200] {logging_mixin.py:115} INFO - [2023-02-10T21:57:08.320+0200] {dag.py:2977} INFO - Setting next_dagrun for example_time_delta_sensor_async to None, run_after=None
[2023-02-10T21:57:08.326+0200] {processor.py:161} INFO - Processing /Users/v.lytvyniuk/Documents/библиотечка/DE online1/git/de_7/lesson_07/airflow_env/lib/python3.8/site-packages/airflow/example_dags/example_time_delta_sensor_async.py took 0.112 seconds
[2023-02-10T21:58:02.190+0200] {processor.py:153} INFO - Started process (PID=3488) to work on /Users/v.lytvyniuk/Documents/библиотечка/DE online1/git/de_7/lesson_07/airflow_env/lib/python3.8/site-packages/airflow/example_dags/example_time_delta_sensor_async.py
[2023-02-10T21:58:02.194+0200] {processor.py:640} INFO - Processing file /Users/v.lytvyniuk/Documents/библиотечка/DE online1/git/de_7/lesson_07/airflow_env/lib/python3.8/site-packages/airflow/example_dags/example_time_delta_sensor_async.py for tasks to queue
[2023-02-10T21:58:02.194+0200] {logging_mixin.py:115} INFO - [2023-02-10T21:58:02.194+0200] {dagbag.py:508} INFO - Filling up the DagBag from /Users/v.lytvyniuk/Documents/библиотечка/DE online1/git/de_7/lesson_07/airflow_env/lib/python3.8/site-packages/airflow/example_dags/example_time_delta_sensor_async.py
[2023-02-10T21:58:02.202+0200] {processor.py:650} INFO - DAG(s) dict_keys(['example_time_delta_sensor_async']) retrieved from /Users/v.lytvyniuk/Documents/библиотечка/DE online1/git/de_7/lesson_07/airflow_env/lib/python3.8/site-packages/airflow/example_dags/example_time_delta_sensor_async.py
[2023-02-10T21:58:02.296+0200] {logging_mixin.py:115} INFO - [2023-02-10T21:58:02.296+0200] {dag.py:2429} INFO - Sync 1 DAGs
[2023-02-10T21:58:02.304+0200] {logging_mixin.py:115} INFO - [2023-02-10T21:58:02.304+0200] {dag.py:2977} INFO - Setting next_dagrun for example_time_delta_sensor_async to None, run_after=None
[2023-02-10T21:58:02.310+0200] {processor.py:161} INFO - Processing /Users/v.lytvyniuk/Documents/библиотечка/DE online1/git/de_7/lesson_07/airflow_env/lib/python3.8/site-packages/airflow/example_dags/example_time_delta_sensor_async.py took 0.120 seconds
