[2023-02-10T21:32:33.599+0200] {processor.py:153} INFO - Started process (PID=48333) to work on /Users/v.lytvyniuk/Documents/библиотечка/DE online1/git/de_7/lesson_07/airflow_env/lib/python3.8/site-packages/airflow/example_dags/example_nested_branch_dag.py
[2023-02-10T21:32:33.602+0200] {processor.py:640} INFO - Processing file /Users/v.lytvyniuk/Documents/библиотечка/DE online1/git/de_7/lesson_07/airflow_env/lib/python3.8/site-packages/airflow/example_dags/example_nested_branch_dag.py for tasks to queue
[2023-02-10T21:32:33.602+0200] {logging_mixin.py:115} INFO - [2023-02-10T21:32:33.602+0200] {dagbag.py:508} INFO - Filling up the DagBag from /Users/v.lytvyniuk/Documents/библиотечка/DE online1/git/de_7/lesson_07/airflow_env/lib/python3.8/site-packages/airflow/example_dags/example_nested_branch_dag.py
[2023-02-10T21:32:33.618+0200] {processor.py:650} INFO - DAG(s) dict_keys(['example_nested_branch_dag']) retrieved from /Users/v.lytvyniuk/Documents/библиотечка/DE online1/git/de_7/lesson_07/airflow_env/lib/python3.8/site-packages/airflow/example_dags/example_nested_branch_dag.py
[2023-02-10T21:32:33.997+0200] {logging_mixin.py:115} INFO - [2023-02-10T21:32:33.996+0200] {manager.py:508} INFO - Created Permission View: can read on DAG:example_nested_branch_dag
[2023-02-10T21:32:34.000+0200] {logging_mixin.py:115} INFO - [2023-02-10T21:32:34.000+0200] {manager.py:508} INFO - Created Permission View: can delete on DAG:example_nested_branch_dag
[2023-02-10T21:32:34.003+0200] {logging_mixin.py:115} INFO - [2023-02-10T21:32:34.003+0200] {manager.py:508} INFO - Created Permission View: can edit on DAG:example_nested_branch_dag
[2023-02-10T21:32:34.003+0200] {logging_mixin.py:115} INFO - [2023-02-10T21:32:34.003+0200] {dag.py:2429} INFO - Sync 1 DAGs
[2023-02-10T21:32:34.007+0200] {logging_mixin.py:115} INFO - [2023-02-10T21:32:34.007+0200] {dag.py:2448} INFO - Creating ORM DAG for example_nested_branch_dag
[2023-02-10T21:32:34.012+0200] {logging_mixin.py:115} INFO - [2023-02-10T21:32:34.012+0200] {dag.py:2977} INFO - Setting next_dagrun for example_nested_branch_dag to 2023-02-09T00:00:00+00:00, run_after=2023-02-10T00:00:00+00:00
[2023-02-10T21:32:34.019+0200] {processor.py:161} INFO - Processing /Users/v.lytvyniuk/Documents/библиотечка/DE online1/git/de_7/lesson_07/airflow_env/lib/python3.8/site-packages/airflow/example_dags/example_nested_branch_dag.py took 0.420 seconds
[2023-02-10T21:35:07.867+0200] {processor.py:153} INFO - Started process (PID=48807) to work on /Users/v.lytvyniuk/Documents/библиотечка/DE online1/git/de_7/lesson_07/airflow_env/lib/python3.8/site-packages/airflow/example_dags/example_nested_branch_dag.py
[2023-02-10T21:35:07.871+0200] {processor.py:640} INFO - Processing file /Users/v.lytvyniuk/Documents/библиотечка/DE online1/git/de_7/lesson_07/airflow_env/lib/python3.8/site-packages/airflow/example_dags/example_nested_branch_dag.py for tasks to queue
[2023-02-10T21:35:07.871+0200] {logging_mixin.py:115} INFO - [2023-02-10T21:35:07.871+0200] {dagbag.py:508} INFO - Filling up the DagBag from /Users/v.lytvyniuk/Documents/библиотечка/DE online1/git/de_7/lesson_07/airflow_env/lib/python3.8/site-packages/airflow/example_dags/example_nested_branch_dag.py
[2023-02-10T21:35:07.888+0200] {processor.py:650} INFO - DAG(s) dict_keys(['example_nested_branch_dag']) retrieved from /Users/v.lytvyniuk/Documents/библиотечка/DE online1/git/de_7/lesson_07/airflow_env/lib/python3.8/site-packages/airflow/example_dags/example_nested_branch_dag.py
[2023-02-10T21:35:07.920+0200] {logging_mixin.py:115} INFO - [2023-02-10T21:35:07.920+0200] {dag.py:2429} INFO - Sync 1 DAGs
[2023-02-10T21:35:07.927+0200] {logging_mixin.py:115} INFO - [2023-02-10T21:35:07.927+0200] {dag.py:2977} INFO - Setting next_dagrun for example_nested_branch_dag to 2023-02-09T00:00:00+00:00, run_after=2023-02-10T00:00:00+00:00
[2023-02-10T21:35:07.933+0200] {processor.py:161} INFO - Processing /Users/v.lytvyniuk/Documents/библиотечка/DE online1/git/de_7/lesson_07/airflow_env/lib/python3.8/site-packages/airflow/example_dags/example_nested_branch_dag.py took 0.066 seconds
[2023-02-10T21:35:59.241+0200] {processor.py:153} INFO - Started process (PID=48943) to work on /Users/v.lytvyniuk/Documents/библиотечка/DE online1/git/de_7/lesson_07/airflow_env/lib/python3.8/site-packages/airflow/example_dags/example_nested_branch_dag.py
[2023-02-10T21:35:59.244+0200] {processor.py:640} INFO - Processing file /Users/v.lytvyniuk/Documents/библиотечка/DE online1/git/de_7/lesson_07/airflow_env/lib/python3.8/site-packages/airflow/example_dags/example_nested_branch_dag.py for tasks to queue
[2023-02-10T21:35:59.244+0200] {logging_mixin.py:115} INFO - [2023-02-10T21:35:59.244+0200] {dagbag.py:508} INFO - Filling up the DagBag from /Users/v.lytvyniuk/Documents/библиотечка/DE online1/git/de_7/lesson_07/airflow_env/lib/python3.8/site-packages/airflow/example_dags/example_nested_branch_dag.py
[2023-02-10T21:35:59.262+0200] {processor.py:650} INFO - DAG(s) dict_keys(['example_nested_branch_dag']) retrieved from /Users/v.lytvyniuk/Documents/библиотечка/DE online1/git/de_7/lesson_07/airflow_env/lib/python3.8/site-packages/airflow/example_dags/example_nested_branch_dag.py
[2023-02-10T21:35:59.294+0200] {logging_mixin.py:115} INFO - [2023-02-10T21:35:59.294+0200] {dag.py:2429} INFO - Sync 1 DAGs
[2023-02-10T21:35:59.302+0200] {logging_mixin.py:115} INFO - [2023-02-10T21:35:59.302+0200] {dag.py:2977} INFO - Setting next_dagrun for example_nested_branch_dag to 2023-02-09T00:00:00+00:00, run_after=2023-02-10T00:00:00+00:00
[2023-02-10T21:35:59.307+0200] {processor.py:161} INFO - Processing /Users/v.lytvyniuk/Documents/библиотечка/DE online1/git/de_7/lesson_07/airflow_env/lib/python3.8/site-packages/airflow/example_dags/example_nested_branch_dag.py took 0.067 seconds
[2023-02-10T21:36:49.701+0200] {processor.py:153} INFO - Started process (PID=49103) to work on /Users/v.lytvyniuk/Documents/библиотечка/DE online1/git/de_7/lesson_07/airflow_env/lib/python3.8/site-packages/airflow/example_dags/example_nested_branch_dag.py
[2023-02-10T21:36:49.704+0200] {processor.py:640} INFO - Processing file /Users/v.lytvyniuk/Documents/библиотечка/DE online1/git/de_7/lesson_07/airflow_env/lib/python3.8/site-packages/airflow/example_dags/example_nested_branch_dag.py for tasks to queue
[2023-02-10T21:36:49.704+0200] {logging_mixin.py:115} INFO - [2023-02-10T21:36:49.704+0200] {dagbag.py:508} INFO - Filling up the DagBag from /Users/v.lytvyniuk/Documents/библиотечка/DE online1/git/de_7/lesson_07/airflow_env/lib/python3.8/site-packages/airflow/example_dags/example_nested_branch_dag.py
[2023-02-10T21:36:49.719+0200] {processor.py:650} INFO - DAG(s) dict_keys(['example_nested_branch_dag']) retrieved from /Users/v.lytvyniuk/Documents/библиотечка/DE online1/git/de_7/lesson_07/airflow_env/lib/python3.8/site-packages/airflow/example_dags/example_nested_branch_dag.py
[2023-02-10T21:36:49.751+0200] {logging_mixin.py:115} INFO - [2023-02-10T21:36:49.751+0200] {dag.py:2429} INFO - Sync 1 DAGs
[2023-02-10T21:36:49.760+0200] {logging_mixin.py:115} INFO - [2023-02-10T21:36:49.760+0200] {dag.py:2977} INFO - Setting next_dagrun for example_nested_branch_dag to 2023-02-09T00:00:00+00:00, run_after=2023-02-10T00:00:00+00:00
[2023-02-10T21:36:49.766+0200] {processor.py:161} INFO - Processing /Users/v.lytvyniuk/Documents/библиотечка/DE online1/git/de_7/lesson_07/airflow_env/lib/python3.8/site-packages/airflow/example_dags/example_nested_branch_dag.py took 0.065 seconds
[2023-02-10T21:37:39.643+0200] {processor.py:153} INFO - Started process (PID=49229) to work on /Users/v.lytvyniuk/Documents/библиотечка/DE online1/git/de_7/lesson_07/airflow_env/lib/python3.8/site-packages/airflow/example_dags/example_nested_branch_dag.py
[2023-02-10T21:37:39.646+0200] {processor.py:640} INFO - Processing file /Users/v.lytvyniuk/Documents/библиотечка/DE online1/git/de_7/lesson_07/airflow_env/lib/python3.8/site-packages/airflow/example_dags/example_nested_branch_dag.py for tasks to queue
[2023-02-10T21:37:39.646+0200] {logging_mixin.py:115} INFO - [2023-02-10T21:37:39.646+0200] {dagbag.py:508} INFO - Filling up the DagBag from /Users/v.lytvyniuk/Documents/библиотечка/DE online1/git/de_7/lesson_07/airflow_env/lib/python3.8/site-packages/airflow/example_dags/example_nested_branch_dag.py
[2023-02-10T21:37:39.663+0200] {processor.py:650} INFO - DAG(s) dict_keys(['example_nested_branch_dag']) retrieved from /Users/v.lytvyniuk/Documents/библиотечка/DE online1/git/de_7/lesson_07/airflow_env/lib/python3.8/site-packages/airflow/example_dags/example_nested_branch_dag.py
[2023-02-10T21:37:39.697+0200] {logging_mixin.py:115} INFO - [2023-02-10T21:37:39.697+0200] {dag.py:2429} INFO - Sync 1 DAGs
[2023-02-10T21:37:39.705+0200] {logging_mixin.py:115} INFO - [2023-02-10T21:37:39.705+0200] {dag.py:2977} INFO - Setting next_dagrun for example_nested_branch_dag to 2023-02-09T00:00:00+00:00, run_after=2023-02-10T00:00:00+00:00
[2023-02-10T21:37:39.712+0200] {processor.py:161} INFO - Processing /Users/v.lytvyniuk/Documents/библиотечка/DE online1/git/de_7/lesson_07/airflow_env/lib/python3.8/site-packages/airflow/example_dags/example_nested_branch_dag.py took 0.069 seconds
[2023-02-10T21:38:29.182+0200] {processor.py:153} INFO - Started process (PID=49365) to work on /Users/v.lytvyniuk/Documents/библиотечка/DE online1/git/de_7/lesson_07/airflow_env/lib/python3.8/site-packages/airflow/example_dags/example_nested_branch_dag.py
[2023-02-10T21:38:29.186+0200] {processor.py:640} INFO - Processing file /Users/v.lytvyniuk/Documents/библиотечка/DE online1/git/de_7/lesson_07/airflow_env/lib/python3.8/site-packages/airflow/example_dags/example_nested_branch_dag.py for tasks to queue
[2023-02-10T21:38:29.186+0200] {logging_mixin.py:115} INFO - [2023-02-10T21:38:29.186+0200] {dagbag.py:508} INFO - Filling up the DagBag from /Users/v.lytvyniuk/Documents/библиотечка/DE online1/git/de_7/lesson_07/airflow_env/lib/python3.8/site-packages/airflow/example_dags/example_nested_branch_dag.py
[2023-02-10T21:38:29.202+0200] {processor.py:650} INFO - DAG(s) dict_keys(['example_nested_branch_dag']) retrieved from /Users/v.lytvyniuk/Documents/библиотечка/DE online1/git/de_7/lesson_07/airflow_env/lib/python3.8/site-packages/airflow/example_dags/example_nested_branch_dag.py
[2023-02-10T21:38:29.231+0200] {logging_mixin.py:115} INFO - [2023-02-10T21:38:29.231+0200] {dag.py:2429} INFO - Sync 1 DAGs
[2023-02-10T21:38:29.239+0200] {logging_mixin.py:115} INFO - [2023-02-10T21:38:29.239+0200] {dag.py:2977} INFO - Setting next_dagrun for example_nested_branch_dag to 2023-02-09T00:00:00+00:00, run_after=2023-02-10T00:00:00+00:00
[2023-02-10T21:38:29.244+0200] {processor.py:161} INFO - Processing /Users/v.lytvyniuk/Documents/библиотечка/DE online1/git/de_7/lesson_07/airflow_env/lib/python3.8/site-packages/airflow/example_dags/example_nested_branch_dag.py took 0.062 seconds
[2023-02-10T21:39:19.097+0200] {processor.py:153} INFO - Started process (PID=49546) to work on /Users/v.lytvyniuk/Documents/библиотечка/DE online1/git/de_7/lesson_07/airflow_env/lib/python3.8/site-packages/airflow/example_dags/example_nested_branch_dag.py
[2023-02-10T21:39:19.100+0200] {processor.py:640} INFO - Processing file /Users/v.lytvyniuk/Documents/библиотечка/DE online1/git/de_7/lesson_07/airflow_env/lib/python3.8/site-packages/airflow/example_dags/example_nested_branch_dag.py for tasks to queue
[2023-02-10T21:39:19.100+0200] {logging_mixin.py:115} INFO - [2023-02-10T21:39:19.100+0200] {dagbag.py:508} INFO - Filling up the DagBag from /Users/v.lytvyniuk/Documents/библиотечка/DE online1/git/de_7/lesson_07/airflow_env/lib/python3.8/site-packages/airflow/example_dags/example_nested_branch_dag.py
[2023-02-10T21:39:19.117+0200] {processor.py:650} INFO - DAG(s) dict_keys(['example_nested_branch_dag']) retrieved from /Users/v.lytvyniuk/Documents/библиотечка/DE online1/git/de_7/lesson_07/airflow_env/lib/python3.8/site-packages/airflow/example_dags/example_nested_branch_dag.py
[2023-02-10T21:39:19.148+0200] {logging_mixin.py:115} INFO - [2023-02-10T21:39:19.148+0200] {dag.py:2429} INFO - Sync 1 DAGs
[2023-02-10T21:39:19.155+0200] {logging_mixin.py:115} INFO - [2023-02-10T21:39:19.155+0200] {dag.py:2977} INFO - Setting next_dagrun for example_nested_branch_dag to 2023-02-09T00:00:00+00:00, run_after=2023-02-10T00:00:00+00:00
[2023-02-10T21:39:19.161+0200] {processor.py:161} INFO - Processing /Users/v.lytvyniuk/Documents/библиотечка/DE online1/git/de_7/lesson_07/airflow_env/lib/python3.8/site-packages/airflow/example_dags/example_nested_branch_dag.py took 0.064 seconds
[2023-02-10T21:40:09.090+0200] {processor.py:153} INFO - Started process (PID=49708) to work on /Users/v.lytvyniuk/Documents/библиотечка/DE online1/git/de_7/lesson_07/airflow_env/lib/python3.8/site-packages/airflow/example_dags/example_nested_branch_dag.py
[2023-02-10T21:40:09.093+0200] {processor.py:640} INFO - Processing file /Users/v.lytvyniuk/Documents/библиотечка/DE online1/git/de_7/lesson_07/airflow_env/lib/python3.8/site-packages/airflow/example_dags/example_nested_branch_dag.py for tasks to queue
[2023-02-10T21:40:09.093+0200] {logging_mixin.py:115} INFO - [2023-02-10T21:40:09.093+0200] {dagbag.py:508} INFO - Filling up the DagBag from /Users/v.lytvyniuk/Documents/библиотечка/DE online1/git/de_7/lesson_07/airflow_env/lib/python3.8/site-packages/airflow/example_dags/example_nested_branch_dag.py
[2023-02-10T21:40:09.111+0200] {processor.py:650} INFO - DAG(s) dict_keys(['example_nested_branch_dag']) retrieved from /Users/v.lytvyniuk/Documents/библиотечка/DE online1/git/de_7/lesson_07/airflow_env/lib/python3.8/site-packages/airflow/example_dags/example_nested_branch_dag.py
[2023-02-10T21:40:09.143+0200] {logging_mixin.py:115} INFO - [2023-02-10T21:40:09.143+0200] {dag.py:2429} INFO - Sync 1 DAGs
[2023-02-10T21:40:09.152+0200] {logging_mixin.py:115} INFO - [2023-02-10T21:40:09.152+0200] {dag.py:2977} INFO - Setting next_dagrun for example_nested_branch_dag to 2023-02-09T00:00:00+00:00, run_after=2023-02-10T00:00:00+00:00
[2023-02-10T21:40:09.158+0200] {processor.py:161} INFO - Processing /Users/v.lytvyniuk/Documents/библиотечка/DE online1/git/de_7/lesson_07/airflow_env/lib/python3.8/site-packages/airflow/example_dags/example_nested_branch_dag.py took 0.069 seconds
[2023-02-10T21:41:00.147+0200] {processor.py:153} INFO - Started process (PID=49852) to work on /Users/v.lytvyniuk/Documents/библиотечка/DE online1/git/de_7/lesson_07/airflow_env/lib/python3.8/site-packages/airflow/example_dags/example_nested_branch_dag.py
[2023-02-10T21:41:00.150+0200] {processor.py:640} INFO - Processing file /Users/v.lytvyniuk/Documents/библиотечка/DE online1/git/de_7/lesson_07/airflow_env/lib/python3.8/site-packages/airflow/example_dags/example_nested_branch_dag.py for tasks to queue
[2023-02-10T21:41:00.150+0200] {logging_mixin.py:115} INFO - [2023-02-10T21:41:00.150+0200] {dagbag.py:508} INFO - Filling up the DagBag from /Users/v.lytvyniuk/Documents/библиотечка/DE online1/git/de_7/lesson_07/airflow_env/lib/python3.8/site-packages/airflow/example_dags/example_nested_branch_dag.py
[2023-02-10T21:41:00.166+0200] {processor.py:650} INFO - DAG(s) dict_keys(['example_nested_branch_dag']) retrieved from /Users/v.lytvyniuk/Documents/библиотечка/DE online1/git/de_7/lesson_07/airflow_env/lib/python3.8/site-packages/airflow/example_dags/example_nested_branch_dag.py
[2023-02-10T21:41:00.196+0200] {logging_mixin.py:115} INFO - [2023-02-10T21:41:00.196+0200] {dag.py:2429} INFO - Sync 1 DAGs
[2023-02-10T21:41:00.204+0200] {logging_mixin.py:115} INFO - [2023-02-10T21:41:00.204+0200] {dag.py:2977} INFO - Setting next_dagrun for example_nested_branch_dag to 2023-02-09T00:00:00+00:00, run_after=2023-02-10T00:00:00+00:00
[2023-02-10T21:41:00.210+0200] {processor.py:161} INFO - Processing /Users/v.lytvyniuk/Documents/библиотечка/DE online1/git/de_7/lesson_07/airflow_env/lib/python3.8/site-packages/airflow/example_dags/example_nested_branch_dag.py took 0.063 seconds
[2023-02-10T21:41:50.176+0200] {processor.py:153} INFO - Started process (PID=49984) to work on /Users/v.lytvyniuk/Documents/библиотечка/DE online1/git/de_7/lesson_07/airflow_env/lib/python3.8/site-packages/airflow/example_dags/example_nested_branch_dag.py
[2023-02-10T21:41:50.179+0200] {processor.py:640} INFO - Processing file /Users/v.lytvyniuk/Documents/библиотечка/DE online1/git/de_7/lesson_07/airflow_env/lib/python3.8/site-packages/airflow/example_dags/example_nested_branch_dag.py for tasks to queue
[2023-02-10T21:41:50.179+0200] {logging_mixin.py:115} INFO - [2023-02-10T21:41:50.179+0200] {dagbag.py:508} INFO - Filling up the DagBag from /Users/v.lytvyniuk/Documents/библиотечка/DE online1/git/de_7/lesson_07/airflow_env/lib/python3.8/site-packages/airflow/example_dags/example_nested_branch_dag.py
[2023-02-10T21:41:50.194+0200] {processor.py:650} INFO - DAG(s) dict_keys(['example_nested_branch_dag']) retrieved from /Users/v.lytvyniuk/Documents/библиотечка/DE online1/git/de_7/lesson_07/airflow_env/lib/python3.8/site-packages/airflow/example_dags/example_nested_branch_dag.py
[2023-02-10T21:41:50.226+0200] {logging_mixin.py:115} INFO - [2023-02-10T21:41:50.226+0200] {dag.py:2429} INFO - Sync 1 DAGs
[2023-02-10T21:41:50.234+0200] {logging_mixin.py:115} INFO - [2023-02-10T21:41:50.234+0200] {dag.py:2977} INFO - Setting next_dagrun for example_nested_branch_dag to 2023-02-09T00:00:00+00:00, run_after=2023-02-10T00:00:00+00:00
[2023-02-10T21:41:50.240+0200] {processor.py:161} INFO - Processing /Users/v.lytvyniuk/Documents/библиотечка/DE online1/git/de_7/lesson_07/airflow_env/lib/python3.8/site-packages/airflow/example_dags/example_nested_branch_dag.py took 0.065 seconds
[2023-02-10T21:42:41.624+0200] {processor.py:153} INFO - Started process (PID=50133) to work on /Users/v.lytvyniuk/Documents/библиотечка/DE online1/git/de_7/lesson_07/airflow_env/lib/python3.8/site-packages/airflow/example_dags/example_nested_branch_dag.py
[2023-02-10T21:42:41.627+0200] {processor.py:640} INFO - Processing file /Users/v.lytvyniuk/Documents/библиотечка/DE online1/git/de_7/lesson_07/airflow_env/lib/python3.8/site-packages/airflow/example_dags/example_nested_branch_dag.py for tasks to queue
[2023-02-10T21:42:41.627+0200] {logging_mixin.py:115} INFO - [2023-02-10T21:42:41.627+0200] {dagbag.py:508} INFO - Filling up the DagBag from /Users/v.lytvyniuk/Documents/библиотечка/DE online1/git/de_7/lesson_07/airflow_env/lib/python3.8/site-packages/airflow/example_dags/example_nested_branch_dag.py
[2023-02-10T21:42:41.645+0200] {processor.py:650} INFO - DAG(s) dict_keys(['example_nested_branch_dag']) retrieved from /Users/v.lytvyniuk/Documents/библиотечка/DE online1/git/de_7/lesson_07/airflow_env/lib/python3.8/site-packages/airflow/example_dags/example_nested_branch_dag.py
[2023-02-10T21:42:41.677+0200] {logging_mixin.py:115} INFO - [2023-02-10T21:42:41.677+0200] {dag.py:2429} INFO - Sync 1 DAGs
[2023-02-10T21:42:41.685+0200] {logging_mixin.py:115} INFO - [2023-02-10T21:42:41.685+0200] {dag.py:2977} INFO - Setting next_dagrun for example_nested_branch_dag to 2023-02-09T00:00:00+00:00, run_after=2023-02-10T00:00:00+00:00
[2023-02-10T21:42:41.692+0200] {processor.py:161} INFO - Processing /Users/v.lytvyniuk/Documents/библиотечка/DE online1/git/de_7/lesson_07/airflow_env/lib/python3.8/site-packages/airflow/example_dags/example_nested_branch_dag.py took 0.068 seconds
[2023-02-10T21:43:32.403+0200] {processor.py:153} INFO - Started process (PID=50257) to work on /Users/v.lytvyniuk/Documents/библиотечка/DE online1/git/de_7/lesson_07/airflow_env/lib/python3.8/site-packages/airflow/example_dags/example_nested_branch_dag.py
[2023-02-10T21:43:32.406+0200] {processor.py:640} INFO - Processing file /Users/v.lytvyniuk/Documents/библиотечка/DE online1/git/de_7/lesson_07/airflow_env/lib/python3.8/site-packages/airflow/example_dags/example_nested_branch_dag.py for tasks to queue
[2023-02-10T21:43:32.406+0200] {logging_mixin.py:115} INFO - [2023-02-10T21:43:32.406+0200] {dagbag.py:508} INFO - Filling up the DagBag from /Users/v.lytvyniuk/Documents/библиотечка/DE online1/git/de_7/lesson_07/airflow_env/lib/python3.8/site-packages/airflow/example_dags/example_nested_branch_dag.py
[2023-02-10T21:43:32.422+0200] {processor.py:650} INFO - DAG(s) dict_keys(['example_nested_branch_dag']) retrieved from /Users/v.lytvyniuk/Documents/библиотечка/DE online1/git/de_7/lesson_07/airflow_env/lib/python3.8/site-packages/airflow/example_dags/example_nested_branch_dag.py
[2023-02-10T21:43:32.452+0200] {logging_mixin.py:115} INFO - [2023-02-10T21:43:32.451+0200] {dag.py:2429} INFO - Sync 1 DAGs
[2023-02-10T21:43:32.459+0200] {logging_mixin.py:115} INFO - [2023-02-10T21:43:32.459+0200] {dag.py:2977} INFO - Setting next_dagrun for example_nested_branch_dag to 2023-02-09T00:00:00+00:00, run_after=2023-02-10T00:00:00+00:00
[2023-02-10T21:43:32.465+0200] {processor.py:161} INFO - Processing /Users/v.lytvyniuk/Documents/библиотечка/DE online1/git/de_7/lesson_07/airflow_env/lib/python3.8/site-packages/airflow/example_dags/example_nested_branch_dag.py took 0.062 seconds
[2023-02-10T21:44:23.122+0200] {processor.py:153} INFO - Started process (PID=50395) to work on /Users/v.lytvyniuk/Documents/библиотечка/DE online1/git/de_7/lesson_07/airflow_env/lib/python3.8/site-packages/airflow/example_dags/example_nested_branch_dag.py
[2023-02-10T21:44:23.125+0200] {processor.py:640} INFO - Processing file /Users/v.lytvyniuk/Documents/библиотечка/DE online1/git/de_7/lesson_07/airflow_env/lib/python3.8/site-packages/airflow/example_dags/example_nested_branch_dag.py for tasks to queue
[2023-02-10T21:44:23.126+0200] {logging_mixin.py:115} INFO - [2023-02-10T21:44:23.126+0200] {dagbag.py:508} INFO - Filling up the DagBag from /Users/v.lytvyniuk/Documents/библиотечка/DE online1/git/de_7/lesson_07/airflow_env/lib/python3.8/site-packages/airflow/example_dags/example_nested_branch_dag.py
[2023-02-10T21:44:23.142+0200] {processor.py:650} INFO - DAG(s) dict_keys(['example_nested_branch_dag']) retrieved from /Users/v.lytvyniuk/Documents/библиотечка/DE online1/git/de_7/lesson_07/airflow_env/lib/python3.8/site-packages/airflow/example_dags/example_nested_branch_dag.py
[2023-02-10T21:44:23.173+0200] {logging_mixin.py:115} INFO - [2023-02-10T21:44:23.173+0200] {dag.py:2429} INFO - Sync 1 DAGs
[2023-02-10T21:44:23.180+0200] {logging_mixin.py:115} INFO - [2023-02-10T21:44:23.180+0200] {dag.py:2977} INFO - Setting next_dagrun for example_nested_branch_dag to 2023-02-09T00:00:00+00:00, run_after=2023-02-10T00:00:00+00:00
[2023-02-10T21:44:23.186+0200] {processor.py:161} INFO - Processing /Users/v.lytvyniuk/Documents/библиотечка/DE online1/git/de_7/lesson_07/airflow_env/lib/python3.8/site-packages/airflow/example_dags/example_nested_branch_dag.py took 0.065 seconds
[2023-02-10T21:45:13.700+0200] {processor.py:153} INFO - Started process (PID=50898) to work on /Users/v.lytvyniuk/Documents/библиотечка/DE online1/git/de_7/lesson_07/airflow_env/lib/python3.8/site-packages/airflow/example_dags/example_nested_branch_dag.py
[2023-02-10T21:45:13.703+0200] {processor.py:640} INFO - Processing file /Users/v.lytvyniuk/Documents/библиотечка/DE online1/git/de_7/lesson_07/airflow_env/lib/python3.8/site-packages/airflow/example_dags/example_nested_branch_dag.py for tasks to queue
[2023-02-10T21:45:13.703+0200] {logging_mixin.py:115} INFO - [2023-02-10T21:45:13.703+0200] {dagbag.py:508} INFO - Filling up the DagBag from /Users/v.lytvyniuk/Documents/библиотечка/DE online1/git/de_7/lesson_07/airflow_env/lib/python3.8/site-packages/airflow/example_dags/example_nested_branch_dag.py
[2023-02-10T21:45:13.719+0200] {processor.py:650} INFO - DAG(s) dict_keys(['example_nested_branch_dag']) retrieved from /Users/v.lytvyniuk/Documents/библиотечка/DE online1/git/de_7/lesson_07/airflow_env/lib/python3.8/site-packages/airflow/example_dags/example_nested_branch_dag.py
[2023-02-10T21:45:13.749+0200] {logging_mixin.py:115} INFO - [2023-02-10T21:45:13.749+0200] {dag.py:2429} INFO - Sync 1 DAGs
[2023-02-10T21:45:13.756+0200] {logging_mixin.py:115} INFO - [2023-02-10T21:45:13.756+0200] {dag.py:2977} INFO - Setting next_dagrun for example_nested_branch_dag to 2023-02-09T00:00:00+00:00, run_after=2023-02-10T00:00:00+00:00
[2023-02-10T21:45:13.762+0200] {processor.py:161} INFO - Processing /Users/v.lytvyniuk/Documents/библиотечка/DE online1/git/de_7/lesson_07/airflow_env/lib/python3.8/site-packages/airflow/example_dags/example_nested_branch_dag.py took 0.063 seconds
[2023-02-10T21:46:07.187+0200] {processor.py:153} INFO - Started process (PID=51042) to work on /Users/v.lytvyniuk/Documents/библиотечка/DE online1/git/de_7/lesson_07/airflow_env/lib/python3.8/site-packages/airflow/example_dags/example_nested_branch_dag.py
[2023-02-10T21:46:07.190+0200] {processor.py:640} INFO - Processing file /Users/v.lytvyniuk/Documents/библиотечка/DE online1/git/de_7/lesson_07/airflow_env/lib/python3.8/site-packages/airflow/example_dags/example_nested_branch_dag.py for tasks to queue
[2023-02-10T21:46:07.191+0200] {logging_mixin.py:115} INFO - [2023-02-10T21:46:07.191+0200] {dagbag.py:508} INFO - Filling up the DagBag from /Users/v.lytvyniuk/Documents/библиотечка/DE online1/git/de_7/lesson_07/airflow_env/lib/python3.8/site-packages/airflow/example_dags/example_nested_branch_dag.py
[2023-02-10T21:46:07.206+0200] {processor.py:650} INFO - DAG(s) dict_keys(['example_nested_branch_dag']) retrieved from /Users/v.lytvyniuk/Documents/библиотечка/DE online1/git/de_7/lesson_07/airflow_env/lib/python3.8/site-packages/airflow/example_dags/example_nested_branch_dag.py
[2023-02-10T21:46:07.236+0200] {logging_mixin.py:115} INFO - [2023-02-10T21:46:07.236+0200] {dag.py:2429} INFO - Sync 1 DAGs
[2023-02-10T21:46:07.244+0200] {logging_mixin.py:115} INFO - [2023-02-10T21:46:07.244+0200] {dag.py:2977} INFO - Setting next_dagrun for example_nested_branch_dag to 2023-02-09T00:00:00+00:00, run_after=2023-02-10T00:00:00+00:00
[2023-02-10T21:46:07.250+0200] {processor.py:161} INFO - Processing /Users/v.lytvyniuk/Documents/библиотечка/DE online1/git/de_7/lesson_07/airflow_env/lib/python3.8/site-packages/airflow/example_dags/example_nested_branch_dag.py took 0.063 seconds
[2023-02-10T21:46:57.345+0200] {processor.py:153} INFO - Started process (PID=51172) to work on /Users/v.lytvyniuk/Documents/библиотечка/DE online1/git/de_7/lesson_07/airflow_env/lib/python3.8/site-packages/airflow/example_dags/example_nested_branch_dag.py
[2023-02-10T21:46:57.349+0200] {processor.py:640} INFO - Processing file /Users/v.lytvyniuk/Documents/библиотечка/DE online1/git/de_7/lesson_07/airflow_env/lib/python3.8/site-packages/airflow/example_dags/example_nested_branch_dag.py for tasks to queue
[2023-02-10T21:46:57.349+0200] {logging_mixin.py:115} INFO - [2023-02-10T21:46:57.349+0200] {dagbag.py:508} INFO - Filling up the DagBag from /Users/v.lytvyniuk/Documents/библиотечка/DE online1/git/de_7/lesson_07/airflow_env/lib/python3.8/site-packages/airflow/example_dags/example_nested_branch_dag.py
[2023-02-10T21:46:57.365+0200] {processor.py:650} INFO - DAG(s) dict_keys(['example_nested_branch_dag']) retrieved from /Users/v.lytvyniuk/Documents/библиотечка/DE online1/git/de_7/lesson_07/airflow_env/lib/python3.8/site-packages/airflow/example_dags/example_nested_branch_dag.py
[2023-02-10T21:46:57.395+0200] {logging_mixin.py:115} INFO - [2023-02-10T21:46:57.395+0200] {dag.py:2429} INFO - Sync 1 DAGs
[2023-02-10T21:46:57.404+0200] {logging_mixin.py:115} INFO - [2023-02-10T21:46:57.404+0200] {dag.py:2977} INFO - Setting next_dagrun for example_nested_branch_dag to 2023-02-09T00:00:00+00:00, run_after=2023-02-10T00:00:00+00:00
[2023-02-10T21:46:57.410+0200] {processor.py:161} INFO - Processing /Users/v.lytvyniuk/Documents/библиотечка/DE online1/git/de_7/lesson_07/airflow_env/lib/python3.8/site-packages/airflow/example_dags/example_nested_branch_dag.py took 0.065 seconds
[2023-02-10T21:53:52.804+0200] {processor.py:153} INFO - Started process (PID=2564) to work on /Users/v.lytvyniuk/Documents/библиотечка/DE online1/git/de_7/lesson_07/airflow_env/lib/python3.8/site-packages/airflow/example_dags/example_nested_branch_dag.py
[2023-02-10T21:53:52.807+0200] {processor.py:640} INFO - Processing file /Users/v.lytvyniuk/Documents/библиотечка/DE online1/git/de_7/lesson_07/airflow_env/lib/python3.8/site-packages/airflow/example_dags/example_nested_branch_dag.py for tasks to queue
[2023-02-10T21:53:52.808+0200] {logging_mixin.py:115} INFO - [2023-02-10T21:53:52.808+0200] {dagbag.py:508} INFO - Filling up the DagBag from /Users/v.lytvyniuk/Documents/библиотечка/DE online1/git/de_7/lesson_07/airflow_env/lib/python3.8/site-packages/airflow/example_dags/example_nested_branch_dag.py
[2023-02-10T21:53:52.823+0200] {processor.py:650} INFO - DAG(s) dict_keys(['example_nested_branch_dag']) retrieved from /Users/v.lytvyniuk/Documents/библиотечка/DE online1/git/de_7/lesson_07/airflow_env/lib/python3.8/site-packages/airflow/example_dags/example_nested_branch_dag.py
[2023-02-10T21:53:52.855+0200] {logging_mixin.py:115} INFO - [2023-02-10T21:53:52.854+0200] {dag.py:2429} INFO - Sync 1 DAGs
[2023-02-10T21:53:52.862+0200] {logging_mixin.py:115} INFO - [2023-02-10T21:53:52.862+0200] {dag.py:2977} INFO - Setting next_dagrun for example_nested_branch_dag to 2023-02-09T00:00:00+00:00, run_after=2023-02-10T00:00:00+00:00
[2023-02-10T21:53:52.868+0200] {processor.py:161} INFO - Processing /Users/v.lytvyniuk/Documents/библиотечка/DE online1/git/de_7/lesson_07/airflow_env/lib/python3.8/site-packages/airflow/example_dags/example_nested_branch_dag.py took 0.064 seconds
[2023-02-10T21:54:46.073+0200] {processor.py:153} INFO - Started process (PID=2774) to work on /Users/v.lytvyniuk/Documents/библиотечка/DE online1/git/de_7/lesson_07/airflow_env/lib/python3.8/site-packages/airflow/example_dags/example_nested_branch_dag.py
[2023-02-10T21:54:46.076+0200] {processor.py:640} INFO - Processing file /Users/v.lytvyniuk/Documents/библиотечка/DE online1/git/de_7/lesson_07/airflow_env/lib/python3.8/site-packages/airflow/example_dags/example_nested_branch_dag.py for tasks to queue
[2023-02-10T21:54:46.076+0200] {logging_mixin.py:115} INFO - [2023-02-10T21:54:46.076+0200] {dagbag.py:508} INFO - Filling up the DagBag from /Users/v.lytvyniuk/Documents/библиотечка/DE online1/git/de_7/lesson_07/airflow_env/lib/python3.8/site-packages/airflow/example_dags/example_nested_branch_dag.py
[2023-02-10T21:54:46.092+0200] {processor.py:650} INFO - DAG(s) dict_keys(['example_nested_branch_dag']) retrieved from /Users/v.lytvyniuk/Documents/библиотечка/DE online1/git/de_7/lesson_07/airflow_env/lib/python3.8/site-packages/airflow/example_dags/example_nested_branch_dag.py
[2023-02-10T21:54:46.123+0200] {logging_mixin.py:115} INFO - [2023-02-10T21:54:46.123+0200] {dag.py:2429} INFO - Sync 1 DAGs
[2023-02-10T21:54:46.131+0200] {logging_mixin.py:115} INFO - [2023-02-10T21:54:46.131+0200] {dag.py:2977} INFO - Setting next_dagrun for example_nested_branch_dag to 2023-02-09T00:00:00+00:00, run_after=2023-02-10T00:00:00+00:00
[2023-02-10T21:54:46.137+0200] {processor.py:161} INFO - Processing /Users/v.lytvyniuk/Documents/библиотечка/DE online1/git/de_7/lesson_07/airflow_env/lib/python3.8/site-packages/airflow/example_dags/example_nested_branch_dag.py took 0.064 seconds
[2023-02-10T21:55:35.984+0200] {processor.py:153} INFO - Started process (PID=2956) to work on /Users/v.lytvyniuk/Documents/библиотечка/DE online1/git/de_7/lesson_07/airflow_env/lib/python3.8/site-packages/airflow/example_dags/example_nested_branch_dag.py
[2023-02-10T21:55:35.987+0200] {processor.py:640} INFO - Processing file /Users/v.lytvyniuk/Documents/библиотечка/DE online1/git/de_7/lesson_07/airflow_env/lib/python3.8/site-packages/airflow/example_dags/example_nested_branch_dag.py for tasks to queue
[2023-02-10T21:55:35.987+0200] {logging_mixin.py:115} INFO - [2023-02-10T21:55:35.987+0200] {dagbag.py:508} INFO - Filling up the DagBag from /Users/v.lytvyniuk/Documents/библиотечка/DE online1/git/de_7/lesson_07/airflow_env/lib/python3.8/site-packages/airflow/example_dags/example_nested_branch_dag.py
[2023-02-10T21:55:36.004+0200] {processor.py:650} INFO - DAG(s) dict_keys(['example_nested_branch_dag']) retrieved from /Users/v.lytvyniuk/Documents/библиотечка/DE online1/git/de_7/lesson_07/airflow_env/lib/python3.8/site-packages/airflow/example_dags/example_nested_branch_dag.py
[2023-02-10T21:55:36.035+0200] {logging_mixin.py:115} INFO - [2023-02-10T21:55:36.035+0200] {dag.py:2429} INFO - Sync 1 DAGs
[2023-02-10T21:55:36.042+0200] {logging_mixin.py:115} INFO - [2023-02-10T21:55:36.042+0200] {dag.py:2977} INFO - Setting next_dagrun for example_nested_branch_dag to 2023-02-09T00:00:00+00:00, run_after=2023-02-10T00:00:00+00:00
[2023-02-10T21:55:36.048+0200] {processor.py:161} INFO - Processing /Users/v.lytvyniuk/Documents/библиотечка/DE online1/git/de_7/lesson_07/airflow_env/lib/python3.8/site-packages/airflow/example_dags/example_nested_branch_dag.py took 0.065 seconds
[2023-02-10T21:56:30.012+0200] {processor.py:153} INFO - Started process (PID=3121) to work on /Users/v.lytvyniuk/Documents/библиотечка/DE online1/git/de_7/lesson_07/airflow_env/lib/python3.8/site-packages/airflow/example_dags/example_nested_branch_dag.py
[2023-02-10T21:56:30.015+0200] {processor.py:640} INFO - Processing file /Users/v.lytvyniuk/Documents/библиотечка/DE online1/git/de_7/lesson_07/airflow_env/lib/python3.8/site-packages/airflow/example_dags/example_nested_branch_dag.py for tasks to queue
[2023-02-10T21:56:30.016+0200] {logging_mixin.py:115} INFO - [2023-02-10T21:56:30.016+0200] {dagbag.py:508} INFO - Filling up the DagBag from /Users/v.lytvyniuk/Documents/библиотечка/DE online1/git/de_7/lesson_07/airflow_env/lib/python3.8/site-packages/airflow/example_dags/example_nested_branch_dag.py
[2023-02-10T21:56:30.031+0200] {processor.py:650} INFO - DAG(s) dict_keys(['example_nested_branch_dag']) retrieved from /Users/v.lytvyniuk/Documents/библиотечка/DE online1/git/de_7/lesson_07/airflow_env/lib/python3.8/site-packages/airflow/example_dags/example_nested_branch_dag.py
[2023-02-10T21:56:30.063+0200] {logging_mixin.py:115} INFO - [2023-02-10T21:56:30.062+0200] {dag.py:2429} INFO - Sync 1 DAGs
[2023-02-10T21:56:30.070+0200] {logging_mixin.py:115} INFO - [2023-02-10T21:56:30.070+0200] {dag.py:2977} INFO - Setting next_dagrun for example_nested_branch_dag to 2023-02-09T00:00:00+00:00, run_after=2023-02-10T00:00:00+00:00
[2023-02-10T21:56:30.075+0200] {processor.py:161} INFO - Processing /Users/v.lytvyniuk/Documents/библиотечка/DE online1/git/de_7/lesson_07/airflow_env/lib/python3.8/site-packages/airflow/example_dags/example_nested_branch_dag.py took 0.064 seconds
[2023-02-10T21:57:21.484+0200] {processor.py:153} INFO - Started process (PID=3279) to work on /Users/v.lytvyniuk/Documents/библиотечка/DE online1/git/de_7/lesson_07/airflow_env/lib/python3.8/site-packages/airflow/example_dags/example_nested_branch_dag.py
[2023-02-10T21:57:21.487+0200] {processor.py:640} INFO - Processing file /Users/v.lytvyniuk/Documents/библиотечка/DE online1/git/de_7/lesson_07/airflow_env/lib/python3.8/site-packages/airflow/example_dags/example_nested_branch_dag.py for tasks to queue
[2023-02-10T21:57:21.487+0200] {logging_mixin.py:115} INFO - [2023-02-10T21:57:21.487+0200] {dagbag.py:508} INFO - Filling up the DagBag from /Users/v.lytvyniuk/Documents/библиотечка/DE online1/git/de_7/lesson_07/airflow_env/lib/python3.8/site-packages/airflow/example_dags/example_nested_branch_dag.py
[2023-02-10T21:57:21.503+0200] {processor.py:650} INFO - DAG(s) dict_keys(['example_nested_branch_dag']) retrieved from /Users/v.lytvyniuk/Documents/библиотечка/DE online1/git/de_7/lesson_07/airflow_env/lib/python3.8/site-packages/airflow/example_dags/example_nested_branch_dag.py
[2023-02-10T21:57:21.533+0200] {logging_mixin.py:115} INFO - [2023-02-10T21:57:21.533+0200] {dag.py:2429} INFO - Sync 1 DAGs
[2023-02-10T21:57:21.540+0200] {logging_mixin.py:115} INFO - [2023-02-10T21:57:21.540+0200] {dag.py:2977} INFO - Setting next_dagrun for example_nested_branch_dag to 2023-02-09T00:00:00+00:00, run_after=2023-02-10T00:00:00+00:00
[2023-02-10T21:57:21.546+0200] {processor.py:161} INFO - Processing /Users/v.lytvyniuk/Documents/библиотечка/DE online1/git/de_7/lesson_07/airflow_env/lib/python3.8/site-packages/airflow/example_dags/example_nested_branch_dag.py took 0.062 seconds
