[2023-02-10T21:32:12.282+0200] {processor.py:153} INFO - Started process (PID=48287) to work on /Users/v.lytvyniuk/Documents/библиотечка/DE online1/git/de_7/lesson_07/airflow_env/lib/python3.8/site-packages/airflow/example_dags/example_trigger_target_dag.py
[2023-02-10T21:32:12.285+0200] {processor.py:640} INFO - Processing file /Users/v.lytvyniuk/Documents/библиотечка/DE online1/git/de_7/lesson_07/airflow_env/lib/python3.8/site-packages/airflow/example_dags/example_trigger_target_dag.py for tasks to queue
[2023-02-10T21:32:12.285+0200] {logging_mixin.py:115} INFO - [2023-02-10T21:32:12.285+0200] {dagbag.py:508} INFO - Filling up the DagBag from /Users/v.lytvyniuk/Documents/библиотечка/DE online1/git/de_7/lesson_07/airflow_env/lib/python3.8/site-packages/airflow/example_dags/example_trigger_target_dag.py
[2023-02-10T21:32:12.305+0200] {processor.py:650} INFO - DAG(s) dict_keys(['example_trigger_target_dag']) retrieved from /Users/v.lytvyniuk/Documents/библиотечка/DE online1/git/de_7/lesson_07/airflow_env/lib/python3.8/site-packages/airflow/example_dags/example_trigger_target_dag.py
[2023-02-10T21:32:12.699+0200] {logging_mixin.py:115} INFO - [2023-02-10T21:32:12.699+0200] {manager.py:508} INFO - Created Permission View: can delete on DAG:example_trigger_target_dag
[2023-02-10T21:32:12.703+0200] {logging_mixin.py:115} INFO - [2023-02-10T21:32:12.703+0200] {manager.py:508} INFO - Created Permission View: can read on DAG:example_trigger_target_dag
[2023-02-10T21:32:12.706+0200] {logging_mixin.py:115} INFO - [2023-02-10T21:32:12.706+0200] {manager.py:508} INFO - Created Permission View: can edit on DAG:example_trigger_target_dag
[2023-02-10T21:32:12.706+0200] {logging_mixin.py:115} INFO - [2023-02-10T21:32:12.706+0200] {dag.py:2429} INFO - Sync 1 DAGs
[2023-02-10T21:32:12.710+0200] {logging_mixin.py:115} INFO - [2023-02-10T21:32:12.710+0200] {dag.py:2448} INFO - Creating ORM DAG for example_trigger_target_dag
[2023-02-10T21:32:12.714+0200] {logging_mixin.py:115} INFO - [2023-02-10T21:32:12.714+0200] {dag.py:2977} INFO - Setting next_dagrun for example_trigger_target_dag to None, run_after=None
[2023-02-10T21:32:12.720+0200] {processor.py:161} INFO - Processing /Users/v.lytvyniuk/Documents/библиотечка/DE online1/git/de_7/lesson_07/airflow_env/lib/python3.8/site-packages/airflow/example_dags/example_trigger_target_dag.py took 0.439 seconds
[2023-02-10T21:34:51.928+0200] {processor.py:153} INFO - Started process (PID=48762) to work on /Users/v.lytvyniuk/Documents/библиотечка/DE online1/git/de_7/lesson_07/airflow_env/lib/python3.8/site-packages/airflow/example_dags/example_trigger_target_dag.py
[2023-02-10T21:34:51.931+0200] {processor.py:640} INFO - Processing file /Users/v.lytvyniuk/Documents/библиотечка/DE online1/git/de_7/lesson_07/airflow_env/lib/python3.8/site-packages/airflow/example_dags/example_trigger_target_dag.py for tasks to queue
[2023-02-10T21:34:51.931+0200] {logging_mixin.py:115} INFO - [2023-02-10T21:34:51.931+0200] {dagbag.py:508} INFO - Filling up the DagBag from /Users/v.lytvyniuk/Documents/библиотечка/DE online1/git/de_7/lesson_07/airflow_env/lib/python3.8/site-packages/airflow/example_dags/example_trigger_target_dag.py
[2023-02-10T21:34:51.949+0200] {processor.py:650} INFO - DAG(s) dict_keys(['example_trigger_target_dag']) retrieved from /Users/v.lytvyniuk/Documents/библиотечка/DE online1/git/de_7/lesson_07/airflow_env/lib/python3.8/site-packages/airflow/example_dags/example_trigger_target_dag.py
[2023-02-10T21:34:51.981+0200] {logging_mixin.py:115} INFO - [2023-02-10T21:34:51.981+0200] {dag.py:2429} INFO - Sync 1 DAGs
[2023-02-10T21:34:51.988+0200] {logging_mixin.py:115} INFO - [2023-02-10T21:34:51.988+0200] {dag.py:2977} INFO - Setting next_dagrun for example_trigger_target_dag to None, run_after=None
[2023-02-10T21:34:51.994+0200] {processor.py:161} INFO - Processing /Users/v.lytvyniuk/Documents/библиотечка/DE online1/git/de_7/lesson_07/airflow_env/lib/python3.8/site-packages/airflow/example_dags/example_trigger_target_dag.py took 0.067 seconds
[2023-02-10T21:35:42.826+0200] {processor.py:153} INFO - Started process (PID=48900) to work on /Users/v.lytvyniuk/Documents/библиотечка/DE online1/git/de_7/lesson_07/airflow_env/lib/python3.8/site-packages/airflow/example_dags/example_trigger_target_dag.py
[2023-02-10T21:35:42.829+0200] {processor.py:640} INFO - Processing file /Users/v.lytvyniuk/Documents/библиотечка/DE online1/git/de_7/lesson_07/airflow_env/lib/python3.8/site-packages/airflow/example_dags/example_trigger_target_dag.py for tasks to queue
[2023-02-10T21:35:42.829+0200] {logging_mixin.py:115} INFO - [2023-02-10T21:35:42.829+0200] {dagbag.py:508} INFO - Filling up the DagBag from /Users/v.lytvyniuk/Documents/библиотечка/DE online1/git/de_7/lesson_07/airflow_env/lib/python3.8/site-packages/airflow/example_dags/example_trigger_target_dag.py
[2023-02-10T21:35:42.847+0200] {processor.py:650} INFO - DAG(s) dict_keys(['example_trigger_target_dag']) retrieved from /Users/v.lytvyniuk/Documents/библиотечка/DE online1/git/de_7/lesson_07/airflow_env/lib/python3.8/site-packages/airflow/example_dags/example_trigger_target_dag.py
[2023-02-10T21:35:42.877+0200] {logging_mixin.py:115} INFO - [2023-02-10T21:35:42.877+0200] {dag.py:2429} INFO - Sync 1 DAGs
[2023-02-10T21:35:42.884+0200] {logging_mixin.py:115} INFO - [2023-02-10T21:35:42.884+0200] {dag.py:2977} INFO - Setting next_dagrun for example_trigger_target_dag to None, run_after=None
[2023-02-10T21:35:42.889+0200] {processor.py:161} INFO - Processing /Users/v.lytvyniuk/Documents/библиотечка/DE online1/git/de_7/lesson_07/airflow_env/lib/python3.8/site-packages/airflow/example_dags/example_trigger_target_dag.py took 0.063 seconds
[2023-02-10T21:36:34.094+0200] {processor.py:153} INFO - Started process (PID=49035) to work on /Users/v.lytvyniuk/Documents/библиотечка/DE online1/git/de_7/lesson_07/airflow_env/lib/python3.8/site-packages/airflow/example_dags/example_trigger_target_dag.py
[2023-02-10T21:36:34.097+0200] {processor.py:640} INFO - Processing file /Users/v.lytvyniuk/Documents/библиотечка/DE online1/git/de_7/lesson_07/airflow_env/lib/python3.8/site-packages/airflow/example_dags/example_trigger_target_dag.py for tasks to queue
[2023-02-10T21:36:34.098+0200] {logging_mixin.py:115} INFO - [2023-02-10T21:36:34.098+0200] {dagbag.py:508} INFO - Filling up the DagBag from /Users/v.lytvyniuk/Documents/библиотечка/DE online1/git/de_7/lesson_07/airflow_env/lib/python3.8/site-packages/airflow/example_dags/example_trigger_target_dag.py
[2023-02-10T21:36:34.115+0200] {processor.py:650} INFO - DAG(s) dict_keys(['example_trigger_target_dag']) retrieved from /Users/v.lytvyniuk/Documents/библиотечка/DE online1/git/de_7/lesson_07/airflow_env/lib/python3.8/site-packages/airflow/example_dags/example_trigger_target_dag.py
[2023-02-10T21:36:34.146+0200] {logging_mixin.py:115} INFO - [2023-02-10T21:36:34.146+0200] {dag.py:2429} INFO - Sync 1 DAGs
[2023-02-10T21:36:34.153+0200] {logging_mixin.py:115} INFO - [2023-02-10T21:36:34.153+0200] {dag.py:2977} INFO - Setting next_dagrun for example_trigger_target_dag to None, run_after=None
[2023-02-10T21:36:34.159+0200] {processor.py:161} INFO - Processing /Users/v.lytvyniuk/Documents/библиотечка/DE online1/git/de_7/lesson_07/airflow_env/lib/python3.8/site-packages/airflow/example_dags/example_trigger_target_dag.py took 0.066 seconds
[2023-02-10T21:37:24.216+0200] {processor.py:153} INFO - Started process (PID=49186) to work on /Users/v.lytvyniuk/Documents/библиотечка/DE online1/git/de_7/lesson_07/airflow_env/lib/python3.8/site-packages/airflow/example_dags/example_trigger_target_dag.py
[2023-02-10T21:37:24.220+0200] {processor.py:640} INFO - Processing file /Users/v.lytvyniuk/Documents/библиотечка/DE online1/git/de_7/lesson_07/airflow_env/lib/python3.8/site-packages/airflow/example_dags/example_trigger_target_dag.py for tasks to queue
[2023-02-10T21:37:24.220+0200] {logging_mixin.py:115} INFO - [2023-02-10T21:37:24.220+0200] {dagbag.py:508} INFO - Filling up the DagBag from /Users/v.lytvyniuk/Documents/библиотечка/DE online1/git/de_7/lesson_07/airflow_env/lib/python3.8/site-packages/airflow/example_dags/example_trigger_target_dag.py
[2023-02-10T21:37:24.238+0200] {processor.py:650} INFO - DAG(s) dict_keys(['example_trigger_target_dag']) retrieved from /Users/v.lytvyniuk/Documents/библиотечка/DE online1/git/de_7/lesson_07/airflow_env/lib/python3.8/site-packages/airflow/example_dags/example_trigger_target_dag.py
[2023-02-10T21:37:24.268+0200] {logging_mixin.py:115} INFO - [2023-02-10T21:37:24.268+0200] {dag.py:2429} INFO - Sync 1 DAGs
[2023-02-10T21:37:24.275+0200] {logging_mixin.py:115} INFO - [2023-02-10T21:37:24.275+0200] {dag.py:2977} INFO - Setting next_dagrun for example_trigger_target_dag to None, run_after=None
[2023-02-10T21:37:24.280+0200] {processor.py:161} INFO - Processing /Users/v.lytvyniuk/Documents/библиотечка/DE online1/git/de_7/lesson_07/airflow_env/lib/python3.8/site-packages/airflow/example_dags/example_trigger_target_dag.py took 0.064 seconds
[2023-02-10T21:38:14.286+0200] {processor.py:153} INFO - Started process (PID=49324) to work on /Users/v.lytvyniuk/Documents/библиотечка/DE online1/git/de_7/lesson_07/airflow_env/lib/python3.8/site-packages/airflow/example_dags/example_trigger_target_dag.py
[2023-02-10T21:38:14.289+0200] {processor.py:640} INFO - Processing file /Users/v.lytvyniuk/Documents/библиотечка/DE online1/git/de_7/lesson_07/airflow_env/lib/python3.8/site-packages/airflow/example_dags/example_trigger_target_dag.py for tasks to queue
[2023-02-10T21:38:14.289+0200] {logging_mixin.py:115} INFO - [2023-02-10T21:38:14.289+0200] {dagbag.py:508} INFO - Filling up the DagBag from /Users/v.lytvyniuk/Documents/библиотечка/DE online1/git/de_7/lesson_07/airflow_env/lib/python3.8/site-packages/airflow/example_dags/example_trigger_target_dag.py
[2023-02-10T21:38:14.307+0200] {processor.py:650} INFO - DAG(s) dict_keys(['example_trigger_target_dag']) retrieved from /Users/v.lytvyniuk/Documents/библиотечка/DE online1/git/de_7/lesson_07/airflow_env/lib/python3.8/site-packages/airflow/example_dags/example_trigger_target_dag.py
[2023-02-10T21:38:14.337+0200] {logging_mixin.py:115} INFO - [2023-02-10T21:38:14.337+0200] {dag.py:2429} INFO - Sync 1 DAGs
[2023-02-10T21:38:14.344+0200] {logging_mixin.py:115} INFO - [2023-02-10T21:38:14.344+0200] {dag.py:2977} INFO - Setting next_dagrun for example_trigger_target_dag to None, run_after=None
[2023-02-10T21:38:14.349+0200] {processor.py:161} INFO - Processing /Users/v.lytvyniuk/Documents/библиотечка/DE online1/git/de_7/lesson_07/airflow_env/lib/python3.8/site-packages/airflow/example_dags/example_trigger_target_dag.py took 0.064 seconds
[2023-02-10T21:39:03.540+0200] {processor.py:153} INFO - Started process (PID=49496) to work on /Users/v.lytvyniuk/Documents/библиотечка/DE online1/git/de_7/lesson_07/airflow_env/lib/python3.8/site-packages/airflow/example_dags/example_trigger_target_dag.py
[2023-02-10T21:39:03.544+0200] {processor.py:640} INFO - Processing file /Users/v.lytvyniuk/Documents/библиотечка/DE online1/git/de_7/lesson_07/airflow_env/lib/python3.8/site-packages/airflow/example_dags/example_trigger_target_dag.py for tasks to queue
[2023-02-10T21:39:03.544+0200] {logging_mixin.py:115} INFO - [2023-02-10T21:39:03.544+0200] {dagbag.py:508} INFO - Filling up the DagBag from /Users/v.lytvyniuk/Documents/библиотечка/DE online1/git/de_7/lesson_07/airflow_env/lib/python3.8/site-packages/airflow/example_dags/example_trigger_target_dag.py
[2023-02-10T21:39:03.561+0200] {processor.py:650} INFO - DAG(s) dict_keys(['example_trigger_target_dag']) retrieved from /Users/v.lytvyniuk/Documents/библиотечка/DE online1/git/de_7/lesson_07/airflow_env/lib/python3.8/site-packages/airflow/example_dags/example_trigger_target_dag.py
[2023-02-10T21:39:03.591+0200] {logging_mixin.py:115} INFO - [2023-02-10T21:39:03.591+0200] {dag.py:2429} INFO - Sync 1 DAGs
[2023-02-10T21:39:03.598+0200] {logging_mixin.py:115} INFO - [2023-02-10T21:39:03.598+0200] {dag.py:2977} INFO - Setting next_dagrun for example_trigger_target_dag to None, run_after=None
[2023-02-10T21:39:03.604+0200] {processor.py:161} INFO - Processing /Users/v.lytvyniuk/Documents/библиотечка/DE online1/git/de_7/lesson_07/airflow_env/lib/python3.8/site-packages/airflow/example_dags/example_trigger_target_dag.py took 0.064 seconds
[2023-02-10T21:39:53.485+0200] {processor.py:153} INFO - Started process (PID=49669) to work on /Users/v.lytvyniuk/Documents/библиотечка/DE online1/git/de_7/lesson_07/airflow_env/lib/python3.8/site-packages/airflow/example_dags/example_trigger_target_dag.py
[2023-02-10T21:39:53.489+0200] {processor.py:640} INFO - Processing file /Users/v.lytvyniuk/Documents/библиотечка/DE online1/git/de_7/lesson_07/airflow_env/lib/python3.8/site-packages/airflow/example_dags/example_trigger_target_dag.py for tasks to queue
[2023-02-10T21:39:53.490+0200] {logging_mixin.py:115} INFO - [2023-02-10T21:39:53.489+0200] {dagbag.py:508} INFO - Filling up the DagBag from /Users/v.lytvyniuk/Documents/библиотечка/DE online1/git/de_7/lesson_07/airflow_env/lib/python3.8/site-packages/airflow/example_dags/example_trigger_target_dag.py
[2023-02-10T21:39:53.508+0200] {processor.py:650} INFO - DAG(s) dict_keys(['example_trigger_target_dag']) retrieved from /Users/v.lytvyniuk/Documents/библиотечка/DE online1/git/de_7/lesson_07/airflow_env/lib/python3.8/site-packages/airflow/example_dags/example_trigger_target_dag.py
[2023-02-10T21:39:53.540+0200] {logging_mixin.py:115} INFO - [2023-02-10T21:39:53.540+0200] {dag.py:2429} INFO - Sync 1 DAGs
[2023-02-10T21:39:53.547+0200] {logging_mixin.py:115} INFO - [2023-02-10T21:39:53.547+0200] {dag.py:2977} INFO - Setting next_dagrun for example_trigger_target_dag to None, run_after=None
[2023-02-10T21:39:53.553+0200] {processor.py:161} INFO - Processing /Users/v.lytvyniuk/Documents/библиотечка/DE online1/git/de_7/lesson_07/airflow_env/lib/python3.8/site-packages/airflow/example_dags/example_trigger_target_dag.py took 0.068 seconds
[2023-02-10T21:40:43.837+0200] {processor.py:153} INFO - Started process (PID=49806) to work on /Users/v.lytvyniuk/Documents/библиотечка/DE online1/git/de_7/lesson_07/airflow_env/lib/python3.8/site-packages/airflow/example_dags/example_trigger_target_dag.py
[2023-02-10T21:40:43.840+0200] {processor.py:640} INFO - Processing file /Users/v.lytvyniuk/Documents/библиотечка/DE online1/git/de_7/lesson_07/airflow_env/lib/python3.8/site-packages/airflow/example_dags/example_trigger_target_dag.py for tasks to queue
[2023-02-10T21:40:43.841+0200] {logging_mixin.py:115} INFO - [2023-02-10T21:40:43.840+0200] {dagbag.py:508} INFO - Filling up the DagBag from /Users/v.lytvyniuk/Documents/библиотечка/DE online1/git/de_7/lesson_07/airflow_env/lib/python3.8/site-packages/airflow/example_dags/example_trigger_target_dag.py
[2023-02-10T21:40:43.860+0200] {processor.py:650} INFO - DAG(s) dict_keys(['example_trigger_target_dag']) retrieved from /Users/v.lytvyniuk/Documents/библиотечка/DE online1/git/de_7/lesson_07/airflow_env/lib/python3.8/site-packages/airflow/example_dags/example_trigger_target_dag.py
[2023-02-10T21:40:43.894+0200] {logging_mixin.py:115} INFO - [2023-02-10T21:40:43.894+0200] {dag.py:2429} INFO - Sync 1 DAGs
[2023-02-10T21:40:43.902+0200] {logging_mixin.py:115} INFO - [2023-02-10T21:40:43.902+0200] {dag.py:2977} INFO - Setting next_dagrun for example_trigger_target_dag to None, run_after=None
[2023-02-10T21:40:43.907+0200] {processor.py:161} INFO - Processing /Users/v.lytvyniuk/Documents/библиотечка/DE online1/git/de_7/lesson_07/airflow_env/lib/python3.8/site-packages/airflow/example_dags/example_trigger_target_dag.py took 0.071 seconds
[2023-02-10T21:41:33.593+0200] {processor.py:153} INFO - Started process (PID=49940) to work on /Users/v.lytvyniuk/Documents/библиотечка/DE online1/git/de_7/lesson_07/airflow_env/lib/python3.8/site-packages/airflow/example_dags/example_trigger_target_dag.py
[2023-02-10T21:41:33.596+0200] {processor.py:640} INFO - Processing file /Users/v.lytvyniuk/Documents/библиотечка/DE online1/git/de_7/lesson_07/airflow_env/lib/python3.8/site-packages/airflow/example_dags/example_trigger_target_dag.py for tasks to queue
[2023-02-10T21:41:33.596+0200] {logging_mixin.py:115} INFO - [2023-02-10T21:41:33.596+0200] {dagbag.py:508} INFO - Filling up the DagBag from /Users/v.lytvyniuk/Documents/библиотечка/DE online1/git/de_7/lesson_07/airflow_env/lib/python3.8/site-packages/airflow/example_dags/example_trigger_target_dag.py
[2023-02-10T21:41:33.614+0200] {processor.py:650} INFO - DAG(s) dict_keys(['example_trigger_target_dag']) retrieved from /Users/v.lytvyniuk/Documents/библиотечка/DE online1/git/de_7/lesson_07/airflow_env/lib/python3.8/site-packages/airflow/example_dags/example_trigger_target_dag.py
[2023-02-10T21:41:33.644+0200] {logging_mixin.py:115} INFO - [2023-02-10T21:41:33.644+0200] {dag.py:2429} INFO - Sync 1 DAGs
[2023-02-10T21:41:33.651+0200] {logging_mixin.py:115} INFO - [2023-02-10T21:41:33.651+0200] {dag.py:2977} INFO - Setting next_dagrun for example_trigger_target_dag to None, run_after=None
[2023-02-10T21:41:33.656+0200] {processor.py:161} INFO - Processing /Users/v.lytvyniuk/Documents/библиотечка/DE online1/git/de_7/lesson_07/airflow_env/lib/python3.8/site-packages/airflow/example_dags/example_trigger_target_dag.py took 0.064 seconds
[2023-02-10T21:42:24.615+0200] {processor.py:153} INFO - Started process (PID=50072) to work on /Users/v.lytvyniuk/Documents/библиотечка/DE online1/git/de_7/lesson_07/airflow_env/lib/python3.8/site-packages/airflow/example_dags/example_trigger_target_dag.py
[2023-02-10T21:42:24.619+0200] {processor.py:640} INFO - Processing file /Users/v.lytvyniuk/Documents/библиотечка/DE online1/git/de_7/lesson_07/airflow_env/lib/python3.8/site-packages/airflow/example_dags/example_trigger_target_dag.py for tasks to queue
[2023-02-10T21:42:24.619+0200] {logging_mixin.py:115} INFO - [2023-02-10T21:42:24.619+0200] {dagbag.py:508} INFO - Filling up the DagBag from /Users/v.lytvyniuk/Documents/библиотечка/DE online1/git/de_7/lesson_07/airflow_env/lib/python3.8/site-packages/airflow/example_dags/example_trigger_target_dag.py
[2023-02-10T21:42:24.636+0200] {processor.py:650} INFO - DAG(s) dict_keys(['example_trigger_target_dag']) retrieved from /Users/v.lytvyniuk/Documents/библиотечка/DE online1/git/de_7/lesson_07/airflow_env/lib/python3.8/site-packages/airflow/example_dags/example_trigger_target_dag.py
[2023-02-10T21:42:24.666+0200] {logging_mixin.py:115} INFO - [2023-02-10T21:42:24.666+0200] {dag.py:2429} INFO - Sync 1 DAGs
[2023-02-10T21:42:24.673+0200] {logging_mixin.py:115} INFO - [2023-02-10T21:42:24.673+0200] {dag.py:2977} INFO - Setting next_dagrun for example_trigger_target_dag to None, run_after=None
[2023-02-10T21:42:24.679+0200] {processor.py:161} INFO - Processing /Users/v.lytvyniuk/Documents/библиотечка/DE online1/git/de_7/lesson_07/airflow_env/lib/python3.8/site-packages/airflow/example_dags/example_trigger_target_dag.py took 0.065 seconds
[2023-02-10T21:43:16.714+0200] {processor.py:153} INFO - Started process (PID=50216) to work on /Users/v.lytvyniuk/Documents/библиотечка/DE online1/git/de_7/lesson_07/airflow_env/lib/python3.8/site-packages/airflow/example_dags/example_trigger_target_dag.py
[2023-02-10T21:43:16.717+0200] {processor.py:640} INFO - Processing file /Users/v.lytvyniuk/Documents/библиотечка/DE online1/git/de_7/lesson_07/airflow_env/lib/python3.8/site-packages/airflow/example_dags/example_trigger_target_dag.py for tasks to queue
[2023-02-10T21:43:16.717+0200] {logging_mixin.py:115} INFO - [2023-02-10T21:43:16.717+0200] {dagbag.py:508} INFO - Filling up the DagBag from /Users/v.lytvyniuk/Documents/библиотечка/DE online1/git/de_7/lesson_07/airflow_env/lib/python3.8/site-packages/airflow/example_dags/example_trigger_target_dag.py
[2023-02-10T21:43:16.734+0200] {processor.py:650} INFO - DAG(s) dict_keys(['example_trigger_target_dag']) retrieved from /Users/v.lytvyniuk/Documents/библиотечка/DE online1/git/de_7/lesson_07/airflow_env/lib/python3.8/site-packages/airflow/example_dags/example_trigger_target_dag.py
[2023-02-10T21:43:16.764+0200] {logging_mixin.py:115} INFO - [2023-02-10T21:43:16.764+0200] {dag.py:2429} INFO - Sync 1 DAGs
[2023-02-10T21:43:16.771+0200] {logging_mixin.py:115} INFO - [2023-02-10T21:43:16.771+0200] {dag.py:2977} INFO - Setting next_dagrun for example_trigger_target_dag to None, run_after=None
[2023-02-10T21:43:16.776+0200] {processor.py:161} INFO - Processing /Users/v.lytvyniuk/Documents/библиотечка/DE online1/git/de_7/lesson_07/airflow_env/lib/python3.8/site-packages/airflow/example_dags/example_trigger_target_dag.py took 0.062 seconds
[2023-02-10T21:44:06.636+0200] {processor.py:153} INFO - Started process (PID=50342) to work on /Users/v.lytvyniuk/Documents/библиотечка/DE online1/git/de_7/lesson_07/airflow_env/lib/python3.8/site-packages/airflow/example_dags/example_trigger_target_dag.py
[2023-02-10T21:44:06.639+0200] {processor.py:640} INFO - Processing file /Users/v.lytvyniuk/Documents/библиотечка/DE online1/git/de_7/lesson_07/airflow_env/lib/python3.8/site-packages/airflow/example_dags/example_trigger_target_dag.py for tasks to queue
[2023-02-10T21:44:06.640+0200] {logging_mixin.py:115} INFO - [2023-02-10T21:44:06.639+0200] {dagbag.py:508} INFO - Filling up the DagBag from /Users/v.lytvyniuk/Documents/библиотечка/DE online1/git/de_7/lesson_07/airflow_env/lib/python3.8/site-packages/airflow/example_dags/example_trigger_target_dag.py
[2023-02-10T21:44:06.657+0200] {processor.py:650} INFO - DAG(s) dict_keys(['example_trigger_target_dag']) retrieved from /Users/v.lytvyniuk/Documents/библиотечка/DE online1/git/de_7/lesson_07/airflow_env/lib/python3.8/site-packages/airflow/example_dags/example_trigger_target_dag.py
[2023-02-10T21:44:06.687+0200] {logging_mixin.py:115} INFO - [2023-02-10T21:44:06.687+0200] {dag.py:2429} INFO - Sync 1 DAGs
[2023-02-10T21:44:06.694+0200] {logging_mixin.py:115} INFO - [2023-02-10T21:44:06.694+0200] {dag.py:2977} INFO - Setting next_dagrun for example_trigger_target_dag to None, run_after=None
[2023-02-10T21:44:06.699+0200] {processor.py:161} INFO - Processing /Users/v.lytvyniuk/Documents/библиотечка/DE online1/git/de_7/lesson_07/airflow_env/lib/python3.8/site-packages/airflow/example_dags/example_trigger_target_dag.py took 0.064 seconds
[2023-02-10T21:44:58.265+0200] {processor.py:153} INFO - Started process (PID=50529) to work on /Users/v.lytvyniuk/Documents/библиотечка/DE online1/git/de_7/lesson_07/airflow_env/lib/python3.8/site-packages/airflow/example_dags/example_trigger_target_dag.py
[2023-02-10T21:44:58.269+0200] {processor.py:640} INFO - Processing file /Users/v.lytvyniuk/Documents/библиотечка/DE online1/git/de_7/lesson_07/airflow_env/lib/python3.8/site-packages/airflow/example_dags/example_trigger_target_dag.py for tasks to queue
[2023-02-10T21:44:58.269+0200] {logging_mixin.py:115} INFO - [2023-02-10T21:44:58.269+0200] {dagbag.py:508} INFO - Filling up the DagBag from /Users/v.lytvyniuk/Documents/библиотечка/DE online1/git/de_7/lesson_07/airflow_env/lib/python3.8/site-packages/airflow/example_dags/example_trigger_target_dag.py
[2023-02-10T21:44:58.288+0200] {processor.py:650} INFO - DAG(s) dict_keys(['example_trigger_target_dag']) retrieved from /Users/v.lytvyniuk/Documents/библиотечка/DE online1/git/de_7/lesson_07/airflow_env/lib/python3.8/site-packages/airflow/example_dags/example_trigger_target_dag.py
[2023-02-10T21:44:58.321+0200] {logging_mixin.py:115} INFO - [2023-02-10T21:44:58.320+0200] {dag.py:2429} INFO - Sync 1 DAGs
[2023-02-10T21:44:58.328+0200] {logging_mixin.py:115} INFO - [2023-02-10T21:44:58.328+0200] {dag.py:2977} INFO - Setting next_dagrun for example_trigger_target_dag to None, run_after=None
[2023-02-10T21:44:58.334+0200] {processor.py:161} INFO - Processing /Users/v.lytvyniuk/Documents/библиотечка/DE online1/git/de_7/lesson_07/airflow_env/lib/python3.8/site-packages/airflow/example_dags/example_trigger_target_dag.py took 0.070 seconds
[2023-02-10T21:45:49.895+0200] {processor.py:153} INFO - Started process (PID=50998) to work on /Users/v.lytvyniuk/Documents/библиотечка/DE online1/git/de_7/lesson_07/airflow_env/lib/python3.8/site-packages/airflow/example_dags/example_trigger_target_dag.py
[2023-02-10T21:45:49.899+0200] {processor.py:640} INFO - Processing file /Users/v.lytvyniuk/Documents/библиотечка/DE online1/git/de_7/lesson_07/airflow_env/lib/python3.8/site-packages/airflow/example_dags/example_trigger_target_dag.py for tasks to queue
[2023-02-10T21:45:49.899+0200] {logging_mixin.py:115} INFO - [2023-02-10T21:45:49.899+0200] {dagbag.py:508} INFO - Filling up the DagBag from /Users/v.lytvyniuk/Documents/библиотечка/DE online1/git/de_7/lesson_07/airflow_env/lib/python3.8/site-packages/airflow/example_dags/example_trigger_target_dag.py
[2023-02-10T21:45:49.917+0200] {processor.py:650} INFO - DAG(s) dict_keys(['example_trigger_target_dag']) retrieved from /Users/v.lytvyniuk/Documents/библиотечка/DE online1/git/de_7/lesson_07/airflow_env/lib/python3.8/site-packages/airflow/example_dags/example_trigger_target_dag.py
[2023-02-10T21:45:49.946+0200] {logging_mixin.py:115} INFO - [2023-02-10T21:45:49.946+0200] {dag.py:2429} INFO - Sync 1 DAGs
[2023-02-10T21:45:49.953+0200] {logging_mixin.py:115} INFO - [2023-02-10T21:45:49.953+0200] {dag.py:2977} INFO - Setting next_dagrun for example_trigger_target_dag to None, run_after=None
[2023-02-10T21:45:49.958+0200] {processor.py:161} INFO - Processing /Users/v.lytvyniuk/Documents/библиотечка/DE online1/git/de_7/lesson_07/airflow_env/lib/python3.8/site-packages/airflow/example_dags/example_trigger_target_dag.py took 0.063 seconds
[2023-02-10T21:46:41.013+0200] {processor.py:153} INFO - Started process (PID=51126) to work on /Users/v.lytvyniuk/Documents/библиотечка/DE online1/git/de_7/lesson_07/airflow_env/lib/python3.8/site-packages/airflow/example_dags/example_trigger_target_dag.py
[2023-02-10T21:46:41.018+0200] {processor.py:640} INFO - Processing file /Users/v.lytvyniuk/Documents/библиотечка/DE online1/git/de_7/lesson_07/airflow_env/lib/python3.8/site-packages/airflow/example_dags/example_trigger_target_dag.py for tasks to queue
[2023-02-10T21:46:41.018+0200] {logging_mixin.py:115} INFO - [2023-02-10T21:46:41.018+0200] {dagbag.py:508} INFO - Filling up the DagBag from /Users/v.lytvyniuk/Documents/библиотечка/DE online1/git/de_7/lesson_07/airflow_env/lib/python3.8/site-packages/airflow/example_dags/example_trigger_target_dag.py
[2023-02-10T21:46:41.036+0200] {processor.py:650} INFO - DAG(s) dict_keys(['example_trigger_target_dag']) retrieved from /Users/v.lytvyniuk/Documents/библиотечка/DE online1/git/de_7/lesson_07/airflow_env/lib/python3.8/site-packages/airflow/example_dags/example_trigger_target_dag.py
[2023-02-10T21:46:41.065+0200] {logging_mixin.py:115} INFO - [2023-02-10T21:46:41.065+0200] {dag.py:2429} INFO - Sync 1 DAGs
[2023-02-10T21:46:41.073+0200] {logging_mixin.py:115} INFO - [2023-02-10T21:46:41.072+0200] {dag.py:2977} INFO - Setting next_dagrun for example_trigger_target_dag to None, run_after=None
[2023-02-10T21:46:41.078+0200] {processor.py:161} INFO - Processing /Users/v.lytvyniuk/Documents/библиотечка/DE online1/git/de_7/lesson_07/airflow_env/lib/python3.8/site-packages/airflow/example_dags/example_trigger_target_dag.py took 0.065 seconds
[2023-02-10T21:47:31.423+0200] {processor.py:153} INFO - Started process (PID=51861) to work on /Users/v.lytvyniuk/Documents/библиотечка/DE online1/git/de_7/lesson_07/airflow_env/lib/python3.8/site-packages/airflow/example_dags/example_trigger_target_dag.py
[2023-02-10T21:47:31.426+0200] {processor.py:640} INFO - Processing file /Users/v.lytvyniuk/Documents/библиотечка/DE online1/git/de_7/lesson_07/airflow_env/lib/python3.8/site-packages/airflow/example_dags/example_trigger_target_dag.py for tasks to queue
[2023-02-10T21:47:31.426+0200] {logging_mixin.py:115} INFO - [2023-02-10T21:47:31.426+0200] {dagbag.py:508} INFO - Filling up the DagBag from /Users/v.lytvyniuk/Documents/библиотечка/DE online1/git/de_7/lesson_07/airflow_env/lib/python3.8/site-packages/airflow/example_dags/example_trigger_target_dag.py
[2023-02-10T21:47:31.446+0200] {processor.py:650} INFO - DAG(s) dict_keys(['example_trigger_target_dag']) retrieved from /Users/v.lytvyniuk/Documents/библиотечка/DE online1/git/de_7/lesson_07/airflow_env/lib/python3.8/site-packages/airflow/example_dags/example_trigger_target_dag.py
[2023-02-10T21:47:31.477+0200] {logging_mixin.py:115} INFO - [2023-02-10T21:47:31.477+0200] {dag.py:2429} INFO - Sync 1 DAGs
[2023-02-10T21:47:31.484+0200] {logging_mixin.py:115} INFO - [2023-02-10T21:47:31.484+0200] {dag.py:2977} INFO - Setting next_dagrun for example_trigger_target_dag to None, run_after=None
[2023-02-10T21:47:31.490+0200] {processor.py:161} INFO - Processing /Users/v.lytvyniuk/Documents/библиотечка/DE online1/git/de_7/lesson_07/airflow_env/lib/python3.8/site-packages/airflow/example_dags/example_trigger_target_dag.py took 0.067 seconds
[2023-02-10T21:53:38.150+0200] {processor.py:153} INFO - Started process (PID=2507) to work on /Users/v.lytvyniuk/Documents/библиотечка/DE online1/git/de_7/lesson_07/airflow_env/lib/python3.8/site-packages/airflow/example_dags/example_trigger_target_dag.py
[2023-02-10T21:53:38.153+0200] {processor.py:640} INFO - Processing file /Users/v.lytvyniuk/Documents/библиотечка/DE online1/git/de_7/lesson_07/airflow_env/lib/python3.8/site-packages/airflow/example_dags/example_trigger_target_dag.py for tasks to queue
[2023-02-10T21:53:38.153+0200] {logging_mixin.py:115} INFO - [2023-02-10T21:53:38.153+0200] {dagbag.py:508} INFO - Filling up the DagBag from /Users/v.lytvyniuk/Documents/библиотечка/DE online1/git/de_7/lesson_07/airflow_env/lib/python3.8/site-packages/airflow/example_dags/example_trigger_target_dag.py
[2023-02-10T21:53:38.171+0200] {processor.py:650} INFO - DAG(s) dict_keys(['example_trigger_target_dag']) retrieved from /Users/v.lytvyniuk/Documents/библиотечка/DE online1/git/de_7/lesson_07/airflow_env/lib/python3.8/site-packages/airflow/example_dags/example_trigger_target_dag.py
[2023-02-10T21:53:38.203+0200] {logging_mixin.py:115} INFO - [2023-02-10T21:53:38.203+0200] {dag.py:2429} INFO - Sync 1 DAGs
[2023-02-10T21:53:38.210+0200] {logging_mixin.py:115} INFO - [2023-02-10T21:53:38.210+0200] {dag.py:2977} INFO - Setting next_dagrun for example_trigger_target_dag to None, run_after=None
[2023-02-10T21:53:38.216+0200] {processor.py:161} INFO - Processing /Users/v.lytvyniuk/Documents/библиотечка/DE online1/git/de_7/lesson_07/airflow_env/lib/python3.8/site-packages/airflow/example_dags/example_trigger_target_dag.py took 0.067 seconds
[2023-02-10T21:54:30.466+0200] {processor.py:153} INFO - Started process (PID=2719) to work on /Users/v.lytvyniuk/Documents/библиотечка/DE online1/git/de_7/lesson_07/airflow_env/lib/python3.8/site-packages/airflow/example_dags/example_trigger_target_dag.py
[2023-02-10T21:54:30.470+0200] {processor.py:640} INFO - Processing file /Users/v.lytvyniuk/Documents/библиотечка/DE online1/git/de_7/lesson_07/airflow_env/lib/python3.8/site-packages/airflow/example_dags/example_trigger_target_dag.py for tasks to queue
[2023-02-10T21:54:30.470+0200] {logging_mixin.py:115} INFO - [2023-02-10T21:54:30.470+0200] {dagbag.py:508} INFO - Filling up the DagBag from /Users/v.lytvyniuk/Documents/библиотечка/DE online1/git/de_7/lesson_07/airflow_env/lib/python3.8/site-packages/airflow/example_dags/example_trigger_target_dag.py
[2023-02-10T21:54:30.488+0200] {processor.py:650} INFO - DAG(s) dict_keys(['example_trigger_target_dag']) retrieved from /Users/v.lytvyniuk/Documents/библиотечка/DE online1/git/de_7/lesson_07/airflow_env/lib/python3.8/site-packages/airflow/example_dags/example_trigger_target_dag.py
[2023-02-10T21:54:30.519+0200] {logging_mixin.py:115} INFO - [2023-02-10T21:54:30.519+0200] {dag.py:2429} INFO - Sync 1 DAGs
[2023-02-10T21:54:30.527+0200] {logging_mixin.py:115} INFO - [2023-02-10T21:54:30.527+0200] {dag.py:2977} INFO - Setting next_dagrun for example_trigger_target_dag to None, run_after=None
[2023-02-10T21:54:30.532+0200] {processor.py:161} INFO - Processing /Users/v.lytvyniuk/Documents/библиотечка/DE online1/git/de_7/lesson_07/airflow_env/lib/python3.8/site-packages/airflow/example_dags/example_trigger_target_dag.py took 0.067 seconds
[2023-02-10T21:55:19.715+0200] {processor.py:153} INFO - Started process (PID=2900) to work on /Users/v.lytvyniuk/Documents/библиотечка/DE online1/git/de_7/lesson_07/airflow_env/lib/python3.8/site-packages/airflow/example_dags/example_trigger_target_dag.py
[2023-02-10T21:55:19.719+0200] {processor.py:640} INFO - Processing file /Users/v.lytvyniuk/Documents/библиотечка/DE online1/git/de_7/lesson_07/airflow_env/lib/python3.8/site-packages/airflow/example_dags/example_trigger_target_dag.py for tasks to queue
[2023-02-10T21:55:19.719+0200] {logging_mixin.py:115} INFO - [2023-02-10T21:55:19.719+0200] {dagbag.py:508} INFO - Filling up the DagBag from /Users/v.lytvyniuk/Documents/библиотечка/DE online1/git/de_7/lesson_07/airflow_env/lib/python3.8/site-packages/airflow/example_dags/example_trigger_target_dag.py
[2023-02-10T21:55:19.740+0200] {processor.py:650} INFO - DAG(s) dict_keys(['example_trigger_target_dag']) retrieved from /Users/v.lytvyniuk/Documents/библиотечка/DE online1/git/de_7/lesson_07/airflow_env/lib/python3.8/site-packages/airflow/example_dags/example_trigger_target_dag.py
[2023-02-10T21:55:19.772+0200] {logging_mixin.py:115} INFO - [2023-02-10T21:55:19.772+0200] {dag.py:2429} INFO - Sync 1 DAGs
[2023-02-10T21:55:19.779+0200] {logging_mixin.py:115} INFO - [2023-02-10T21:55:19.779+0200] {dag.py:2977} INFO - Setting next_dagrun for example_trigger_target_dag to None, run_after=None
[2023-02-10T21:55:19.784+0200] {processor.py:161} INFO - Processing /Users/v.lytvyniuk/Documents/библиотечка/DE online1/git/de_7/lesson_07/airflow_env/lib/python3.8/site-packages/airflow/example_dags/example_trigger_target_dag.py took 0.069 seconds
[2023-02-10T21:56:12.855+0200] {processor.py:153} INFO - Started process (PID=3073) to work on /Users/v.lytvyniuk/Documents/библиотечка/DE online1/git/de_7/lesson_07/airflow_env/lib/python3.8/site-packages/airflow/example_dags/example_trigger_target_dag.py
[2023-02-10T21:56:12.859+0200] {processor.py:640} INFO - Processing file /Users/v.lytvyniuk/Documents/библиотечка/DE online1/git/de_7/lesson_07/airflow_env/lib/python3.8/site-packages/airflow/example_dags/example_trigger_target_dag.py for tasks to queue
[2023-02-10T21:56:12.860+0200] {logging_mixin.py:115} INFO - [2023-02-10T21:56:12.859+0200] {dagbag.py:508} INFO - Filling up the DagBag from /Users/v.lytvyniuk/Documents/библиотечка/DE online1/git/de_7/lesson_07/airflow_env/lib/python3.8/site-packages/airflow/example_dags/example_trigger_target_dag.py
[2023-02-10T21:56:12.880+0200] {processor.py:650} INFO - DAG(s) dict_keys(['example_trigger_target_dag']) retrieved from /Users/v.lytvyniuk/Documents/библиотечка/DE online1/git/de_7/lesson_07/airflow_env/lib/python3.8/site-packages/airflow/example_dags/example_trigger_target_dag.py
[2023-02-10T21:56:12.911+0200] {logging_mixin.py:115} INFO - [2023-02-10T21:56:12.911+0200] {dag.py:2429} INFO - Sync 1 DAGs
[2023-02-10T21:56:12.919+0200] {logging_mixin.py:115} INFO - [2023-02-10T21:56:12.919+0200] {dag.py:2977} INFO - Setting next_dagrun for example_trigger_target_dag to None, run_after=None
[2023-02-10T21:56:12.925+0200] {processor.py:161} INFO - Processing /Users/v.lytvyniuk/Documents/библиотечка/DE online1/git/de_7/lesson_07/airflow_env/lib/python3.8/site-packages/airflow/example_dags/example_trigger_target_dag.py took 0.070 seconds
[2023-02-10T21:57:04.967+0200] {processor.py:153} INFO - Started process (PID=3229) to work on /Users/v.lytvyniuk/Documents/библиотечка/DE online1/git/de_7/lesson_07/airflow_env/lib/python3.8/site-packages/airflow/example_dags/example_trigger_target_dag.py
[2023-02-10T21:57:04.970+0200] {processor.py:640} INFO - Processing file /Users/v.lytvyniuk/Documents/библиотечка/DE online1/git/de_7/lesson_07/airflow_env/lib/python3.8/site-packages/airflow/example_dags/example_trigger_target_dag.py for tasks to queue
[2023-02-10T21:57:04.970+0200] {logging_mixin.py:115} INFO - [2023-02-10T21:57:04.970+0200] {dagbag.py:508} INFO - Filling up the DagBag from /Users/v.lytvyniuk/Documents/библиотечка/DE online1/git/de_7/lesson_07/airflow_env/lib/python3.8/site-packages/airflow/example_dags/example_trigger_target_dag.py
[2023-02-10T21:57:04.988+0200] {processor.py:650} INFO - DAG(s) dict_keys(['example_trigger_target_dag']) retrieved from /Users/v.lytvyniuk/Documents/библиотечка/DE online1/git/de_7/lesson_07/airflow_env/lib/python3.8/site-packages/airflow/example_dags/example_trigger_target_dag.py
[2023-02-10T21:57:05.019+0200] {logging_mixin.py:115} INFO - [2023-02-10T21:57:05.019+0200] {dag.py:2429} INFO - Sync 1 DAGs
[2023-02-10T21:57:05.026+0200] {logging_mixin.py:115} INFO - [2023-02-10T21:57:05.026+0200] {dag.py:2977} INFO - Setting next_dagrun for example_trigger_target_dag to None, run_after=None
[2023-02-10T21:57:05.031+0200] {processor.py:161} INFO - Processing /Users/v.lytvyniuk/Documents/библиотечка/DE online1/git/de_7/lesson_07/airflow_env/lib/python3.8/site-packages/airflow/example_dags/example_trigger_target_dag.py took 0.065 seconds
[2023-02-10T21:57:58.367+0200] {processor.py:153} INFO - Started process (PID=3408) to work on /Users/v.lytvyniuk/Documents/библиотечка/DE online1/git/de_7/lesson_07/airflow_env/lib/python3.8/site-packages/airflow/example_dags/example_trigger_target_dag.py
[2023-02-10T21:57:58.370+0200] {processor.py:640} INFO - Processing file /Users/v.lytvyniuk/Documents/библиотечка/DE online1/git/de_7/lesson_07/airflow_env/lib/python3.8/site-packages/airflow/example_dags/example_trigger_target_dag.py for tasks to queue
[2023-02-10T21:57:58.370+0200] {logging_mixin.py:115} INFO - [2023-02-10T21:57:58.370+0200] {dagbag.py:508} INFO - Filling up the DagBag from /Users/v.lytvyniuk/Documents/библиотечка/DE online1/git/de_7/lesson_07/airflow_env/lib/python3.8/site-packages/airflow/example_dags/example_trigger_target_dag.py
[2023-02-10T21:57:58.388+0200] {processor.py:650} INFO - DAG(s) dict_keys(['example_trigger_target_dag']) retrieved from /Users/v.lytvyniuk/Documents/библиотечка/DE online1/git/de_7/lesson_07/airflow_env/lib/python3.8/site-packages/airflow/example_dags/example_trigger_target_dag.py
[2023-02-10T21:57:58.418+0200] {logging_mixin.py:115} INFO - [2023-02-10T21:57:58.417+0200] {dag.py:2429} INFO - Sync 1 DAGs
[2023-02-10T21:57:58.425+0200] {logging_mixin.py:115} INFO - [2023-02-10T21:57:58.424+0200] {dag.py:2977} INFO - Setting next_dagrun for example_trigger_target_dag to None, run_after=None
[2023-02-10T21:57:58.429+0200] {processor.py:161} INFO - Processing /Users/v.lytvyniuk/Documents/библиотечка/DE online1/git/de_7/lesson_07/airflow_env/lib/python3.8/site-packages/airflow/example_dags/example_trigger_target_dag.py took 0.063 seconds
