[2023-02-10T21:32:27.586+0200] {processor.py:153} INFO - Started process (PID=48321) to work on /Users/v.lytvyniuk/Documents/библиотечка/DE online1/git/de_7/lesson_07/airflow_env/lib/python3.8/site-packages/airflow/example_dags/example_short_circuit_operator.py
[2023-02-10T21:32:27.588+0200] {processor.py:640} INFO - Processing file /Users/v.lytvyniuk/Documents/библиотечка/DE online1/git/de_7/lesson_07/airflow_env/lib/python3.8/site-packages/airflow/example_dags/example_short_circuit_operator.py for tasks to queue
[2023-02-10T21:32:27.589+0200] {logging_mixin.py:115} INFO - [2023-02-10T21:32:27.589+0200] {dagbag.py:508} INFO - Filling up the DagBag from /Users/v.lytvyniuk/Documents/библиотечка/DE online1/git/de_7/lesson_07/airflow_env/lib/python3.8/site-packages/airflow/example_dags/example_short_circuit_operator.py
[2023-02-10T21:32:27.604+0200] {processor.py:650} INFO - DAG(s) dict_keys(['example_short_circuit_operator']) retrieved from /Users/v.lytvyniuk/Documents/библиотечка/DE online1/git/de_7/lesson_07/airflow_env/lib/python3.8/site-packages/airflow/example_dags/example_short_circuit_operator.py
[2023-02-10T21:32:27.968+0200] {logging_mixin.py:115} INFO - [2023-02-10T21:32:27.968+0200] {manager.py:508} INFO - Created Permission View: can delete on DAG:example_short_circuit_operator
[2023-02-10T21:32:27.971+0200] {logging_mixin.py:115} INFO - [2023-02-10T21:32:27.971+0200] {manager.py:508} INFO - Created Permission View: can edit on DAG:example_short_circuit_operator
[2023-02-10T21:32:27.974+0200] {logging_mixin.py:115} INFO - [2023-02-10T21:32:27.974+0200] {manager.py:508} INFO - Created Permission View: can read on DAG:example_short_circuit_operator
[2023-02-10T21:32:27.974+0200] {logging_mixin.py:115} INFO - [2023-02-10T21:32:27.974+0200] {dag.py:2429} INFO - Sync 1 DAGs
[2023-02-10T21:32:27.978+0200] {logging_mixin.py:115} INFO - [2023-02-10T21:32:27.978+0200] {dag.py:2448} INFO - Creating ORM DAG for example_short_circuit_operator
[2023-02-10T21:32:27.981+0200] {logging_mixin.py:115} INFO - [2023-02-10T21:32:27.981+0200] {dag.py:2977} INFO - Setting next_dagrun for example_short_circuit_operator to 2023-02-09T19:32:27.981767+00:00, run_after=2023-02-10T19:32:27.981767+00:00
[2023-02-10T21:32:27.987+0200] {processor.py:161} INFO - Processing /Users/v.lytvyniuk/Documents/библиотечка/DE online1/git/de_7/lesson_07/airflow_env/lib/python3.8/site-packages/airflow/example_dags/example_short_circuit_operator.py took 0.402 seconds
[2023-02-10T21:35:03.866+0200] {processor.py:153} INFO - Started process (PID=48796) to work on /Users/v.lytvyniuk/Documents/библиотечка/DE online1/git/de_7/lesson_07/airflow_env/lib/python3.8/site-packages/airflow/example_dags/example_short_circuit_operator.py
[2023-02-10T21:35:03.870+0200] {processor.py:640} INFO - Processing file /Users/v.lytvyniuk/Documents/библиотечка/DE online1/git/de_7/lesson_07/airflow_env/lib/python3.8/site-packages/airflow/example_dags/example_short_circuit_operator.py for tasks to queue
[2023-02-10T21:35:03.870+0200] {logging_mixin.py:115} INFO - [2023-02-10T21:35:03.870+0200] {dagbag.py:508} INFO - Filling up the DagBag from /Users/v.lytvyniuk/Documents/библиотечка/DE online1/git/de_7/lesson_07/airflow_env/lib/python3.8/site-packages/airflow/example_dags/example_short_circuit_operator.py
[2023-02-10T21:35:03.886+0200] {processor.py:650} INFO - DAG(s) dict_keys(['example_short_circuit_operator']) retrieved from /Users/v.lytvyniuk/Documents/библиотечка/DE online1/git/de_7/lesson_07/airflow_env/lib/python3.8/site-packages/airflow/example_dags/example_short_circuit_operator.py
[2023-02-10T21:35:03.918+0200] {logging_mixin.py:115} INFO - [2023-02-10T21:35:03.918+0200] {dag.py:2429} INFO - Sync 1 DAGs
[2023-02-10T21:35:03.925+0200] {logging_mixin.py:115} INFO - [2023-02-10T21:35:03.925+0200] {dag.py:2977} INFO - Setting next_dagrun for example_short_circuit_operator to 2023-02-09T19:35:03.925210+00:00, run_after=2023-02-10T19:35:03.925210+00:00
[2023-02-10T21:35:03.931+0200] {processor.py:161} INFO - Processing /Users/v.lytvyniuk/Documents/библиотечка/DE online1/git/de_7/lesson_07/airflow_env/lib/python3.8/site-packages/airflow/example_dags/example_short_circuit_operator.py took 0.065 seconds
[2023-02-10T21:35:54.915+0200] {processor.py:153} INFO - Started process (PID=48928) to work on /Users/v.lytvyniuk/Documents/библиотечка/DE online1/git/de_7/lesson_07/airflow_env/lib/python3.8/site-packages/airflow/example_dags/example_short_circuit_operator.py
[2023-02-10T21:35:54.918+0200] {processor.py:640} INFO - Processing file /Users/v.lytvyniuk/Documents/библиотечка/DE online1/git/de_7/lesson_07/airflow_env/lib/python3.8/site-packages/airflow/example_dags/example_short_circuit_operator.py for tasks to queue
[2023-02-10T21:35:54.918+0200] {logging_mixin.py:115} INFO - [2023-02-10T21:35:54.918+0200] {dagbag.py:508} INFO - Filling up the DagBag from /Users/v.lytvyniuk/Documents/библиотечка/DE online1/git/de_7/lesson_07/airflow_env/lib/python3.8/site-packages/airflow/example_dags/example_short_circuit_operator.py
[2023-02-10T21:35:54.935+0200] {processor.py:650} INFO - DAG(s) dict_keys(['example_short_circuit_operator']) retrieved from /Users/v.lytvyniuk/Documents/библиотечка/DE online1/git/de_7/lesson_07/airflow_env/lib/python3.8/site-packages/airflow/example_dags/example_short_circuit_operator.py
[2023-02-10T21:35:54.967+0200] {logging_mixin.py:115} INFO - [2023-02-10T21:35:54.967+0200] {dag.py:2429} INFO - Sync 1 DAGs
[2023-02-10T21:35:54.974+0200] {logging_mixin.py:115} INFO - [2023-02-10T21:35:54.974+0200] {dag.py:2977} INFO - Setting next_dagrun for example_short_circuit_operator to 2023-02-09T19:35:54.974183+00:00, run_after=2023-02-10T19:35:54.974183+00:00
[2023-02-10T21:35:54.981+0200] {processor.py:161} INFO - Processing /Users/v.lytvyniuk/Documents/библиотечка/DE online1/git/de_7/lesson_07/airflow_env/lib/python3.8/site-packages/airflow/example_dags/example_short_circuit_operator.py took 0.066 seconds
[2023-02-10T21:36:45.760+0200] {processor.py:153} INFO - Started process (PID=49091) to work on /Users/v.lytvyniuk/Documents/библиотечка/DE online1/git/de_7/lesson_07/airflow_env/lib/python3.8/site-packages/airflow/example_dags/example_short_circuit_operator.py
[2023-02-10T21:36:45.763+0200] {processor.py:640} INFO - Processing file /Users/v.lytvyniuk/Documents/библиотечка/DE online1/git/de_7/lesson_07/airflow_env/lib/python3.8/site-packages/airflow/example_dags/example_short_circuit_operator.py for tasks to queue
[2023-02-10T21:36:45.764+0200] {logging_mixin.py:115} INFO - [2023-02-10T21:36:45.764+0200] {dagbag.py:508} INFO - Filling up the DagBag from /Users/v.lytvyniuk/Documents/библиотечка/DE online1/git/de_7/lesson_07/airflow_env/lib/python3.8/site-packages/airflow/example_dags/example_short_circuit_operator.py
[2023-02-10T21:36:45.781+0200] {processor.py:650} INFO - DAG(s) dict_keys(['example_short_circuit_operator']) retrieved from /Users/v.lytvyniuk/Documents/библиотечка/DE online1/git/de_7/lesson_07/airflow_env/lib/python3.8/site-packages/airflow/example_dags/example_short_circuit_operator.py
[2023-02-10T21:36:45.815+0200] {logging_mixin.py:115} INFO - [2023-02-10T21:36:45.815+0200] {dag.py:2429} INFO - Sync 1 DAGs
[2023-02-10T21:36:45.822+0200] {logging_mixin.py:115} INFO - [2023-02-10T21:36:45.822+0200] {dag.py:2977} INFO - Setting next_dagrun for example_short_circuit_operator to 2023-02-09T19:36:45.822407+00:00, run_after=2023-02-10T19:36:45.822407+00:00
[2023-02-10T21:36:45.829+0200] {processor.py:161} INFO - Processing /Users/v.lytvyniuk/Documents/библиотечка/DE online1/git/de_7/lesson_07/airflow_env/lib/python3.8/site-packages/airflow/example_dags/example_short_circuit_operator.py took 0.069 seconds
[2023-02-10T21:37:35.633+0200] {processor.py:153} INFO - Started process (PID=49216) to work on /Users/v.lytvyniuk/Documents/библиотечка/DE online1/git/de_7/lesson_07/airflow_env/lib/python3.8/site-packages/airflow/example_dags/example_short_circuit_operator.py
[2023-02-10T21:37:35.637+0200] {processor.py:640} INFO - Processing file /Users/v.lytvyniuk/Documents/библиотечка/DE online1/git/de_7/lesson_07/airflow_env/lib/python3.8/site-packages/airflow/example_dags/example_short_circuit_operator.py for tasks to queue
[2023-02-10T21:37:35.637+0200] {logging_mixin.py:115} INFO - [2023-02-10T21:37:35.637+0200] {dagbag.py:508} INFO - Filling up the DagBag from /Users/v.lytvyniuk/Documents/библиотечка/DE online1/git/de_7/lesson_07/airflow_env/lib/python3.8/site-packages/airflow/example_dags/example_short_circuit_operator.py
[2023-02-10T21:37:35.652+0200] {processor.py:650} INFO - DAG(s) dict_keys(['example_short_circuit_operator']) retrieved from /Users/v.lytvyniuk/Documents/библиотечка/DE online1/git/de_7/lesson_07/airflow_env/lib/python3.8/site-packages/airflow/example_dags/example_short_circuit_operator.py
[2023-02-10T21:37:35.683+0200] {logging_mixin.py:115} INFO - [2023-02-10T21:37:35.683+0200] {dag.py:2429} INFO - Sync 1 DAGs
[2023-02-10T21:37:35.690+0200] {logging_mixin.py:115} INFO - [2023-02-10T21:37:35.690+0200] {dag.py:2977} INFO - Setting next_dagrun for example_short_circuit_operator to 2023-02-09T19:37:35.690214+00:00, run_after=2023-02-10T19:37:35.690214+00:00
[2023-02-10T21:37:35.696+0200] {processor.py:161} INFO - Processing /Users/v.lytvyniuk/Documents/библиотечка/DE online1/git/de_7/lesson_07/airflow_env/lib/python3.8/site-packages/airflow/example_dags/example_short_circuit_operator.py took 0.063 seconds
[2023-02-10T21:38:25.268+0200] {processor.py:153} INFO - Started process (PID=49353) to work on /Users/v.lytvyniuk/Documents/библиотечка/DE online1/git/de_7/lesson_07/airflow_env/lib/python3.8/site-packages/airflow/example_dags/example_short_circuit_operator.py
[2023-02-10T21:38:25.271+0200] {processor.py:640} INFO - Processing file /Users/v.lytvyniuk/Documents/библиотечка/DE online1/git/de_7/lesson_07/airflow_env/lib/python3.8/site-packages/airflow/example_dags/example_short_circuit_operator.py for tasks to queue
[2023-02-10T21:38:25.272+0200] {logging_mixin.py:115} INFO - [2023-02-10T21:38:25.272+0200] {dagbag.py:508} INFO - Filling up the DagBag from /Users/v.lytvyniuk/Documents/библиотечка/DE online1/git/de_7/lesson_07/airflow_env/lib/python3.8/site-packages/airflow/example_dags/example_short_circuit_operator.py
[2023-02-10T21:38:25.289+0200] {processor.py:650} INFO - DAG(s) dict_keys(['example_short_circuit_operator']) retrieved from /Users/v.lytvyniuk/Documents/библиотечка/DE online1/git/de_7/lesson_07/airflow_env/lib/python3.8/site-packages/airflow/example_dags/example_short_circuit_operator.py
[2023-02-10T21:38:25.322+0200] {logging_mixin.py:115} INFO - [2023-02-10T21:38:25.322+0200] {dag.py:2429} INFO - Sync 1 DAGs
[2023-02-10T21:38:25.329+0200] {logging_mixin.py:115} INFO - [2023-02-10T21:38:25.329+0200] {dag.py:2977} INFO - Setting next_dagrun for example_short_circuit_operator to 2023-02-09T19:38:25.329690+00:00, run_after=2023-02-10T19:38:25.329690+00:00
[2023-02-10T21:38:25.336+0200] {processor.py:161} INFO - Processing /Users/v.lytvyniuk/Documents/библиотечка/DE online1/git/de_7/lesson_07/airflow_env/lib/python3.8/site-packages/airflow/example_dags/example_short_circuit_operator.py took 0.068 seconds
[2023-02-10T21:39:15.077+0200] {processor.py:153} INFO - Started process (PID=49534) to work on /Users/v.lytvyniuk/Documents/библиотечка/DE online1/git/de_7/lesson_07/airflow_env/lib/python3.8/site-packages/airflow/example_dags/example_short_circuit_operator.py
[2023-02-10T21:39:15.080+0200] {processor.py:640} INFO - Processing file /Users/v.lytvyniuk/Documents/библиотечка/DE online1/git/de_7/lesson_07/airflow_env/lib/python3.8/site-packages/airflow/example_dags/example_short_circuit_operator.py for tasks to queue
[2023-02-10T21:39:15.080+0200] {logging_mixin.py:115} INFO - [2023-02-10T21:39:15.080+0200] {dagbag.py:508} INFO - Filling up the DagBag from /Users/v.lytvyniuk/Documents/библиотечка/DE online1/git/de_7/lesson_07/airflow_env/lib/python3.8/site-packages/airflow/example_dags/example_short_circuit_operator.py
[2023-02-10T21:39:15.096+0200] {processor.py:650} INFO - DAG(s) dict_keys(['example_short_circuit_operator']) retrieved from /Users/v.lytvyniuk/Documents/библиотечка/DE online1/git/de_7/lesson_07/airflow_env/lib/python3.8/site-packages/airflow/example_dags/example_short_circuit_operator.py
[2023-02-10T21:39:15.127+0200] {logging_mixin.py:115} INFO - [2023-02-10T21:39:15.127+0200] {dag.py:2429} INFO - Sync 1 DAGs
[2023-02-10T21:39:15.135+0200] {logging_mixin.py:115} INFO - [2023-02-10T21:39:15.134+0200] {dag.py:2977} INFO - Setting next_dagrun for example_short_circuit_operator to 2023-02-09T19:39:15.134822+00:00, run_after=2023-02-10T19:39:15.134822+00:00
[2023-02-10T21:39:15.141+0200] {processor.py:161} INFO - Processing /Users/v.lytvyniuk/Documents/библиотечка/DE online1/git/de_7/lesson_07/airflow_env/lib/python3.8/site-packages/airflow/example_dags/example_short_circuit_operator.py took 0.064 seconds
[2023-02-10T21:40:05.095+0200] {processor.py:153} INFO - Started process (PID=49697) to work on /Users/v.lytvyniuk/Documents/библиотечка/DE online1/git/de_7/lesson_07/airflow_env/lib/python3.8/site-packages/airflow/example_dags/example_short_circuit_operator.py
[2023-02-10T21:40:05.098+0200] {processor.py:640} INFO - Processing file /Users/v.lytvyniuk/Documents/библиотечка/DE online1/git/de_7/lesson_07/airflow_env/lib/python3.8/site-packages/airflow/example_dags/example_short_circuit_operator.py for tasks to queue
[2023-02-10T21:40:05.098+0200] {logging_mixin.py:115} INFO - [2023-02-10T21:40:05.098+0200] {dagbag.py:508} INFO - Filling up the DagBag from /Users/v.lytvyniuk/Documents/библиотечка/DE online1/git/de_7/lesson_07/airflow_env/lib/python3.8/site-packages/airflow/example_dags/example_short_circuit_operator.py
[2023-02-10T21:40:05.113+0200] {processor.py:650} INFO - DAG(s) dict_keys(['example_short_circuit_operator']) retrieved from /Users/v.lytvyniuk/Documents/библиотечка/DE online1/git/de_7/lesson_07/airflow_env/lib/python3.8/site-packages/airflow/example_dags/example_short_circuit_operator.py
[2023-02-10T21:40:05.144+0200] {logging_mixin.py:115} INFO - [2023-02-10T21:40:05.144+0200] {dag.py:2429} INFO - Sync 1 DAGs
[2023-02-10T21:40:05.151+0200] {logging_mixin.py:115} INFO - [2023-02-10T21:40:05.151+0200] {dag.py:2977} INFO - Setting next_dagrun for example_short_circuit_operator to 2023-02-09T19:40:05.151015+00:00, run_after=2023-02-10T19:40:05.151015+00:00
[2023-02-10T21:40:05.157+0200] {processor.py:161} INFO - Processing /Users/v.lytvyniuk/Documents/библиотечка/DE online1/git/de_7/lesson_07/airflow_env/lib/python3.8/site-packages/airflow/example_dags/example_short_circuit_operator.py took 0.063 seconds
[2023-02-10T21:40:56.123+0200] {processor.py:153} INFO - Started process (PID=49841) to work on /Users/v.lytvyniuk/Documents/библиотечка/DE online1/git/de_7/lesson_07/airflow_env/lib/python3.8/site-packages/airflow/example_dags/example_short_circuit_operator.py
[2023-02-10T21:40:56.126+0200] {processor.py:640} INFO - Processing file /Users/v.lytvyniuk/Documents/библиотечка/DE online1/git/de_7/lesson_07/airflow_env/lib/python3.8/site-packages/airflow/example_dags/example_short_circuit_operator.py for tasks to queue
[2023-02-10T21:40:56.126+0200] {logging_mixin.py:115} INFO - [2023-02-10T21:40:56.126+0200] {dagbag.py:508} INFO - Filling up the DagBag from /Users/v.lytvyniuk/Documents/библиотечка/DE online1/git/de_7/lesson_07/airflow_env/lib/python3.8/site-packages/airflow/example_dags/example_short_circuit_operator.py
[2023-02-10T21:40:56.141+0200] {processor.py:650} INFO - DAG(s) dict_keys(['example_short_circuit_operator']) retrieved from /Users/v.lytvyniuk/Documents/библиотечка/DE online1/git/de_7/lesson_07/airflow_env/lib/python3.8/site-packages/airflow/example_dags/example_short_circuit_operator.py
[2023-02-10T21:40:56.172+0200] {logging_mixin.py:115} INFO - [2023-02-10T21:40:56.172+0200] {dag.py:2429} INFO - Sync 1 DAGs
[2023-02-10T21:40:56.179+0200] {logging_mixin.py:115} INFO - [2023-02-10T21:40:56.179+0200] {dag.py:2977} INFO - Setting next_dagrun for example_short_circuit_operator to 2023-02-09T19:40:56.179519+00:00, run_after=2023-02-10T19:40:56.179519+00:00
[2023-02-10T21:40:56.185+0200] {processor.py:161} INFO - Processing /Users/v.lytvyniuk/Documents/библиотечка/DE online1/git/de_7/lesson_07/airflow_env/lib/python3.8/site-packages/airflow/example_dags/example_short_circuit_operator.py took 0.063 seconds
[2023-02-10T21:41:46.218+0200] {processor.py:153} INFO - Started process (PID=49973) to work on /Users/v.lytvyniuk/Documents/библиотечка/DE online1/git/de_7/lesson_07/airflow_env/lib/python3.8/site-packages/airflow/example_dags/example_short_circuit_operator.py
[2023-02-10T21:41:46.222+0200] {processor.py:640} INFO - Processing file /Users/v.lytvyniuk/Documents/библиотечка/DE online1/git/de_7/lesson_07/airflow_env/lib/python3.8/site-packages/airflow/example_dags/example_short_circuit_operator.py for tasks to queue
[2023-02-10T21:41:46.222+0200] {logging_mixin.py:115} INFO - [2023-02-10T21:41:46.222+0200] {dagbag.py:508} INFO - Filling up the DagBag from /Users/v.lytvyniuk/Documents/библиотечка/DE online1/git/de_7/lesson_07/airflow_env/lib/python3.8/site-packages/airflow/example_dags/example_short_circuit_operator.py
[2023-02-10T21:41:46.237+0200] {processor.py:650} INFO - DAG(s) dict_keys(['example_short_circuit_operator']) retrieved from /Users/v.lytvyniuk/Documents/библиотечка/DE online1/git/de_7/lesson_07/airflow_env/lib/python3.8/site-packages/airflow/example_dags/example_short_circuit_operator.py
[2023-02-10T21:41:46.268+0200] {logging_mixin.py:115} INFO - [2023-02-10T21:41:46.267+0200] {dag.py:2429} INFO - Sync 1 DAGs
[2023-02-10T21:41:46.274+0200] {logging_mixin.py:115} INFO - [2023-02-10T21:41:46.274+0200] {dag.py:2977} INFO - Setting next_dagrun for example_short_circuit_operator to 2023-02-09T19:41:46.274429+00:00, run_after=2023-02-10T19:41:46.274429+00:00
[2023-02-10T21:41:46.280+0200] {processor.py:161} INFO - Processing /Users/v.lytvyniuk/Documents/библиотечка/DE online1/git/de_7/lesson_07/airflow_env/lib/python3.8/site-packages/airflow/example_dags/example_short_circuit_operator.py took 0.062 seconds
[2023-02-10T21:42:37.625+0200] {processor.py:153} INFO - Started process (PID=50104) to work on /Users/v.lytvyniuk/Documents/библиотечка/DE online1/git/de_7/lesson_07/airflow_env/lib/python3.8/site-packages/airflow/example_dags/example_short_circuit_operator.py
[2023-02-10T21:42:37.628+0200] {processor.py:640} INFO - Processing file /Users/v.lytvyniuk/Documents/библиотечка/DE online1/git/de_7/lesson_07/airflow_env/lib/python3.8/site-packages/airflow/example_dags/example_short_circuit_operator.py for tasks to queue
[2023-02-10T21:42:37.628+0200] {logging_mixin.py:115} INFO - [2023-02-10T21:42:37.628+0200] {dagbag.py:508} INFO - Filling up the DagBag from /Users/v.lytvyniuk/Documents/библиотечка/DE online1/git/de_7/lesson_07/airflow_env/lib/python3.8/site-packages/airflow/example_dags/example_short_circuit_operator.py
[2023-02-10T21:42:37.644+0200] {processor.py:650} INFO - DAG(s) dict_keys(['example_short_circuit_operator']) retrieved from /Users/v.lytvyniuk/Documents/библиотечка/DE online1/git/de_7/lesson_07/airflow_env/lib/python3.8/site-packages/airflow/example_dags/example_short_circuit_operator.py
[2023-02-10T21:42:37.676+0200] {logging_mixin.py:115} INFO - [2023-02-10T21:42:37.676+0200] {dag.py:2429} INFO - Sync 1 DAGs
[2023-02-10T21:42:37.683+0200] {logging_mixin.py:115} INFO - [2023-02-10T21:42:37.683+0200] {dag.py:2977} INFO - Setting next_dagrun for example_short_circuit_operator to 2023-02-09T19:42:37.683341+00:00, run_after=2023-02-10T19:42:37.683341+00:00
[2023-02-10T21:42:37.689+0200] {processor.py:161} INFO - Processing /Users/v.lytvyniuk/Documents/библиотечка/DE online1/git/de_7/lesson_07/airflow_env/lib/python3.8/site-packages/airflow/example_dags/example_short_circuit_operator.py took 0.065 seconds
[2023-02-10T21:43:27.540+0200] {processor.py:153} INFO - Started process (PID=50244) to work on /Users/v.lytvyniuk/Documents/библиотечка/DE online1/git/de_7/lesson_07/airflow_env/lib/python3.8/site-packages/airflow/example_dags/example_short_circuit_operator.py
[2023-02-10T21:43:27.543+0200] {processor.py:640} INFO - Processing file /Users/v.lytvyniuk/Documents/библиотечка/DE online1/git/de_7/lesson_07/airflow_env/lib/python3.8/site-packages/airflow/example_dags/example_short_circuit_operator.py for tasks to queue
[2023-02-10T21:43:27.544+0200] {logging_mixin.py:115} INFO - [2023-02-10T21:43:27.543+0200] {dagbag.py:508} INFO - Filling up the DagBag from /Users/v.lytvyniuk/Documents/библиотечка/DE online1/git/de_7/lesson_07/airflow_env/lib/python3.8/site-packages/airflow/example_dags/example_short_circuit_operator.py
[2023-02-10T21:43:27.559+0200] {processor.py:650} INFO - DAG(s) dict_keys(['example_short_circuit_operator']) retrieved from /Users/v.lytvyniuk/Documents/библиотечка/DE online1/git/de_7/lesson_07/airflow_env/lib/python3.8/site-packages/airflow/example_dags/example_short_circuit_operator.py
[2023-02-10T21:43:27.589+0200] {logging_mixin.py:115} INFO - [2023-02-10T21:43:27.589+0200] {dag.py:2429} INFO - Sync 1 DAGs
[2023-02-10T21:43:27.596+0200] {logging_mixin.py:115} INFO - [2023-02-10T21:43:27.595+0200] {dag.py:2977} INFO - Setting next_dagrun for example_short_circuit_operator to 2023-02-09T19:43:27.595857+00:00, run_after=2023-02-10T19:43:27.595857+00:00
[2023-02-10T21:43:27.601+0200] {processor.py:161} INFO - Processing /Users/v.lytvyniuk/Documents/библиотечка/DE online1/git/de_7/lesson_07/airflow_env/lib/python3.8/site-packages/airflow/example_dags/example_short_circuit_operator.py took 0.062 seconds
[2023-02-10T21:44:19.088+0200] {processor.py:153} INFO - Started process (PID=50381) to work on /Users/v.lytvyniuk/Documents/библиотечка/DE online1/git/de_7/lesson_07/airflow_env/lib/python3.8/site-packages/airflow/example_dags/example_short_circuit_operator.py
[2023-02-10T21:44:19.092+0200] {processor.py:640} INFO - Processing file /Users/v.lytvyniuk/Documents/библиотечка/DE online1/git/de_7/lesson_07/airflow_env/lib/python3.8/site-packages/airflow/example_dags/example_short_circuit_operator.py for tasks to queue
[2023-02-10T21:44:19.092+0200] {logging_mixin.py:115} INFO - [2023-02-10T21:44:19.092+0200] {dagbag.py:508} INFO - Filling up the DagBag from /Users/v.lytvyniuk/Documents/библиотечка/DE online1/git/de_7/lesson_07/airflow_env/lib/python3.8/site-packages/airflow/example_dags/example_short_circuit_operator.py
[2023-02-10T21:44:19.108+0200] {processor.py:650} INFO - DAG(s) dict_keys(['example_short_circuit_operator']) retrieved from /Users/v.lytvyniuk/Documents/библиотечка/DE online1/git/de_7/lesson_07/airflow_env/lib/python3.8/site-packages/airflow/example_dags/example_short_circuit_operator.py
[2023-02-10T21:44:19.139+0200] {logging_mixin.py:115} INFO - [2023-02-10T21:44:19.139+0200] {dag.py:2429} INFO - Sync 1 DAGs
[2023-02-10T21:44:19.145+0200] {logging_mixin.py:115} INFO - [2023-02-10T21:44:19.145+0200] {dag.py:2977} INFO - Setting next_dagrun for example_short_circuit_operator to 2023-02-09T19:44:19.145524+00:00, run_after=2023-02-10T19:44:19.145524+00:00
[2023-02-10T21:44:19.151+0200] {processor.py:161} INFO - Processing /Users/v.lytvyniuk/Documents/библиотечка/DE online1/git/de_7/lesson_07/airflow_env/lib/python3.8/site-packages/airflow/example_dags/example_short_circuit_operator.py took 0.063 seconds
[2023-02-10T21:45:09.786+0200] {processor.py:153} INFO - Started process (PID=50884) to work on /Users/v.lytvyniuk/Documents/библиотечка/DE online1/git/de_7/lesson_07/airflow_env/lib/python3.8/site-packages/airflow/example_dags/example_short_circuit_operator.py
[2023-02-10T21:45:09.790+0200] {processor.py:640} INFO - Processing file /Users/v.lytvyniuk/Documents/библиотечка/DE online1/git/de_7/lesson_07/airflow_env/lib/python3.8/site-packages/airflow/example_dags/example_short_circuit_operator.py for tasks to queue
[2023-02-10T21:45:09.790+0200] {logging_mixin.py:115} INFO - [2023-02-10T21:45:09.790+0200] {dagbag.py:508} INFO - Filling up the DagBag from /Users/v.lytvyniuk/Documents/библиотечка/DE online1/git/de_7/lesson_07/airflow_env/lib/python3.8/site-packages/airflow/example_dags/example_short_circuit_operator.py
[2023-02-10T21:45:09.807+0200] {processor.py:650} INFO - DAG(s) dict_keys(['example_short_circuit_operator']) retrieved from /Users/v.lytvyniuk/Documents/библиотечка/DE online1/git/de_7/lesson_07/airflow_env/lib/python3.8/site-packages/airflow/example_dags/example_short_circuit_operator.py
[2023-02-10T21:45:09.841+0200] {logging_mixin.py:115} INFO - [2023-02-10T21:45:09.841+0200] {dag.py:2429} INFO - Sync 1 DAGs
[2023-02-10T21:45:09.849+0200] {logging_mixin.py:115} INFO - [2023-02-10T21:45:09.849+0200] {dag.py:2977} INFO - Setting next_dagrun for example_short_circuit_operator to 2023-02-09T19:45:09.849471+00:00, run_after=2023-02-10T19:45:09.849471+00:00
[2023-02-10T21:45:09.855+0200] {processor.py:161} INFO - Processing /Users/v.lytvyniuk/Documents/библиотечка/DE online1/git/de_7/lesson_07/airflow_env/lib/python3.8/site-packages/airflow/example_dags/example_short_circuit_operator.py took 0.069 seconds
[2023-02-10T21:46:02.342+0200] {processor.py:153} INFO - Started process (PID=51030) to work on /Users/v.lytvyniuk/Documents/библиотечка/DE online1/git/de_7/lesson_07/airflow_env/lib/python3.8/site-packages/airflow/example_dags/example_short_circuit_operator.py
[2023-02-10T21:46:02.345+0200] {processor.py:640} INFO - Processing file /Users/v.lytvyniuk/Documents/библиотечка/DE online1/git/de_7/lesson_07/airflow_env/lib/python3.8/site-packages/airflow/example_dags/example_short_circuit_operator.py for tasks to queue
[2023-02-10T21:46:02.346+0200] {logging_mixin.py:115} INFO - [2023-02-10T21:46:02.345+0200] {dagbag.py:508} INFO - Filling up the DagBag from /Users/v.lytvyniuk/Documents/библиотечка/DE online1/git/de_7/lesson_07/airflow_env/lib/python3.8/site-packages/airflow/example_dags/example_short_circuit_operator.py
[2023-02-10T21:46:02.361+0200] {processor.py:650} INFO - DAG(s) dict_keys(['example_short_circuit_operator']) retrieved from /Users/v.lytvyniuk/Documents/библиотечка/DE online1/git/de_7/lesson_07/airflow_env/lib/python3.8/site-packages/airflow/example_dags/example_short_circuit_operator.py
[2023-02-10T21:46:02.391+0200] {logging_mixin.py:115} INFO - [2023-02-10T21:46:02.391+0200] {dag.py:2429} INFO - Sync 1 DAGs
[2023-02-10T21:46:02.398+0200] {logging_mixin.py:115} INFO - [2023-02-10T21:46:02.397+0200] {dag.py:2977} INFO - Setting next_dagrun for example_short_circuit_operator to 2023-02-09T19:46:02.397881+00:00, run_after=2023-02-10T19:46:02.397881+00:00
[2023-02-10T21:46:02.404+0200] {processor.py:161} INFO - Processing /Users/v.lytvyniuk/Documents/библиотечка/DE online1/git/de_7/lesson_07/airflow_env/lib/python3.8/site-packages/airflow/example_dags/example_short_circuit_operator.py took 0.062 seconds
[2023-02-10T21:46:53.061+0200] {processor.py:153} INFO - Started process (PID=51158) to work on /Users/v.lytvyniuk/Documents/библиотечка/DE online1/git/de_7/lesson_07/airflow_env/lib/python3.8/site-packages/airflow/example_dags/example_short_circuit_operator.py
[2023-02-10T21:46:53.064+0200] {processor.py:640} INFO - Processing file /Users/v.lytvyniuk/Documents/библиотечка/DE online1/git/de_7/lesson_07/airflow_env/lib/python3.8/site-packages/airflow/example_dags/example_short_circuit_operator.py for tasks to queue
[2023-02-10T21:46:53.064+0200] {logging_mixin.py:115} INFO - [2023-02-10T21:46:53.064+0200] {dagbag.py:508} INFO - Filling up the DagBag from /Users/v.lytvyniuk/Documents/библиотечка/DE online1/git/de_7/lesson_07/airflow_env/lib/python3.8/site-packages/airflow/example_dags/example_short_circuit_operator.py
[2023-02-10T21:46:53.081+0200] {processor.py:650} INFO - DAG(s) dict_keys(['example_short_circuit_operator']) retrieved from /Users/v.lytvyniuk/Documents/библиотечка/DE online1/git/de_7/lesson_07/airflow_env/lib/python3.8/site-packages/airflow/example_dags/example_short_circuit_operator.py
[2023-02-10T21:46:53.114+0200] {logging_mixin.py:115} INFO - [2023-02-10T21:46:53.114+0200] {dag.py:2429} INFO - Sync 1 DAGs
[2023-02-10T21:46:53.121+0200] {logging_mixin.py:115} INFO - [2023-02-10T21:46:53.121+0200] {dag.py:2977} INFO - Setting next_dagrun for example_short_circuit_operator to 2023-02-09T19:46:53.121019+00:00, run_after=2023-02-10T19:46:53.121019+00:00
[2023-02-10T21:46:53.127+0200] {processor.py:161} INFO - Processing /Users/v.lytvyniuk/Documents/библиотечка/DE online1/git/de_7/lesson_07/airflow_env/lib/python3.8/site-packages/airflow/example_dags/example_short_circuit_operator.py took 0.066 seconds
[2023-02-10T21:47:42.852+0200] {processor.py:153} INFO - Started process (PID=51905) to work on /Users/v.lytvyniuk/Documents/библиотечка/DE online1/git/de_7/lesson_07/airflow_env/lib/python3.8/site-packages/airflow/example_dags/example_short_circuit_operator.py
[2023-02-10T21:47:42.855+0200] {processor.py:640} INFO - Processing file /Users/v.lytvyniuk/Documents/библиотечка/DE online1/git/de_7/lesson_07/airflow_env/lib/python3.8/site-packages/airflow/example_dags/example_short_circuit_operator.py for tasks to queue
[2023-02-10T21:47:42.855+0200] {logging_mixin.py:115} INFO - [2023-02-10T21:47:42.855+0200] {dagbag.py:508} INFO - Filling up the DagBag from /Users/v.lytvyniuk/Documents/библиотечка/DE online1/git/de_7/lesson_07/airflow_env/lib/python3.8/site-packages/airflow/example_dags/example_short_circuit_operator.py
[2023-02-10T21:47:42.872+0200] {processor.py:650} INFO - DAG(s) dict_keys(['example_short_circuit_operator']) retrieved from /Users/v.lytvyniuk/Documents/библиотечка/DE online1/git/de_7/lesson_07/airflow_env/lib/python3.8/site-packages/airflow/example_dags/example_short_circuit_operator.py
[2023-02-10T21:47:42.904+0200] {logging_mixin.py:115} INFO - [2023-02-10T21:47:42.903+0200] {dag.py:2429} INFO - Sync 1 DAGs
[2023-02-10T21:47:42.911+0200] {logging_mixin.py:115} INFO - [2023-02-10T21:47:42.911+0200] {dag.py:2977} INFO - Setting next_dagrun for example_short_circuit_operator to 2023-02-09T19:47:42.911000+00:00, run_after=2023-02-10T19:47:42.911000+00:00
[2023-02-10T21:47:42.917+0200] {processor.py:161} INFO - Processing /Users/v.lytvyniuk/Documents/библиотечка/DE online1/git/de_7/lesson_07/airflow_env/lib/python3.8/site-packages/airflow/example_dags/example_short_circuit_operator.py took 0.065 seconds
[2023-02-10T21:53:48.821+0200] {processor.py:153} INFO - Started process (PID=2549) to work on /Users/v.lytvyniuk/Documents/библиотечка/DE online1/git/de_7/lesson_07/airflow_env/lib/python3.8/site-packages/airflow/example_dags/example_short_circuit_operator.py
[2023-02-10T21:53:48.824+0200] {processor.py:640} INFO - Processing file /Users/v.lytvyniuk/Documents/библиотечка/DE online1/git/de_7/lesson_07/airflow_env/lib/python3.8/site-packages/airflow/example_dags/example_short_circuit_operator.py for tasks to queue
[2023-02-10T21:53:48.824+0200] {logging_mixin.py:115} INFO - [2023-02-10T21:53:48.824+0200] {dagbag.py:508} INFO - Filling up the DagBag from /Users/v.lytvyniuk/Documents/библиотечка/DE online1/git/de_7/lesson_07/airflow_env/lib/python3.8/site-packages/airflow/example_dags/example_short_circuit_operator.py
[2023-02-10T21:53:48.849+0200] {processor.py:650} INFO - DAG(s) dict_keys(['example_short_circuit_operator']) retrieved from /Users/v.lytvyniuk/Documents/библиотечка/DE online1/git/de_7/lesson_07/airflow_env/lib/python3.8/site-packages/airflow/example_dags/example_short_circuit_operator.py
[2023-02-10T21:53:48.893+0200] {logging_mixin.py:115} INFO - [2023-02-10T21:53:48.892+0200] {dag.py:2429} INFO - Sync 1 DAGs
[2023-02-10T21:53:48.900+0200] {logging_mixin.py:115} INFO - [2023-02-10T21:53:48.900+0200] {dag.py:2977} INFO - Setting next_dagrun for example_short_circuit_operator to 2023-02-09T19:53:48.899966+00:00, run_after=2023-02-10T19:53:48.899966+00:00
[2023-02-10T21:53:48.907+0200] {processor.py:161} INFO - Processing /Users/v.lytvyniuk/Documents/библиотечка/DE online1/git/de_7/lesson_07/airflow_env/lib/python3.8/site-packages/airflow/example_dags/example_short_circuit_operator.py took 0.086 seconds
[2023-02-10T21:54:42.142+0200] {processor.py:153} INFO - Started process (PID=2756) to work on /Users/v.lytvyniuk/Documents/библиотечка/DE online1/git/de_7/lesson_07/airflow_env/lib/python3.8/site-packages/airflow/example_dags/example_short_circuit_operator.py
[2023-02-10T21:54:42.145+0200] {processor.py:640} INFO - Processing file /Users/v.lytvyniuk/Documents/библиотечка/DE online1/git/de_7/lesson_07/airflow_env/lib/python3.8/site-packages/airflow/example_dags/example_short_circuit_operator.py for tasks to queue
[2023-02-10T21:54:42.145+0200] {logging_mixin.py:115} INFO - [2023-02-10T21:54:42.145+0200] {dagbag.py:508} INFO - Filling up the DagBag from /Users/v.lytvyniuk/Documents/библиотечка/DE online1/git/de_7/lesson_07/airflow_env/lib/python3.8/site-packages/airflow/example_dags/example_short_circuit_operator.py
[2023-02-10T21:54:42.162+0200] {processor.py:650} INFO - DAG(s) dict_keys(['example_short_circuit_operator']) retrieved from /Users/v.lytvyniuk/Documents/библиотечка/DE online1/git/de_7/lesson_07/airflow_env/lib/python3.8/site-packages/airflow/example_dags/example_short_circuit_operator.py
[2023-02-10T21:54:42.200+0200] {logging_mixin.py:115} INFO - [2023-02-10T21:54:42.200+0200] {dag.py:2429} INFO - Sync 1 DAGs
[2023-02-10T21:54:42.208+0200] {logging_mixin.py:115} INFO - [2023-02-10T21:54:42.208+0200] {dag.py:2977} INFO - Setting next_dagrun for example_short_circuit_operator to 2023-02-09T19:54:42.208062+00:00, run_after=2023-02-10T19:54:42.208062+00:00
[2023-02-10T21:54:42.214+0200] {processor.py:161} INFO - Processing /Users/v.lytvyniuk/Documents/библиотечка/DE online1/git/de_7/lesson_07/airflow_env/lib/python3.8/site-packages/airflow/example_dags/example_short_circuit_operator.py took 0.073 seconds
[2023-02-10T21:55:31.982+0200] {processor.py:153} INFO - Started process (PID=2941) to work on /Users/v.lytvyniuk/Documents/библиотечка/DE online1/git/de_7/lesson_07/airflow_env/lib/python3.8/site-packages/airflow/example_dags/example_short_circuit_operator.py
[2023-02-10T21:55:31.985+0200] {processor.py:640} INFO - Processing file /Users/v.lytvyniuk/Documents/библиотечка/DE online1/git/de_7/lesson_07/airflow_env/lib/python3.8/site-packages/airflow/example_dags/example_short_circuit_operator.py for tasks to queue
[2023-02-10T21:55:31.985+0200] {logging_mixin.py:115} INFO - [2023-02-10T21:55:31.985+0200] {dagbag.py:508} INFO - Filling up the DagBag from /Users/v.lytvyniuk/Documents/библиотечка/DE online1/git/de_7/lesson_07/airflow_env/lib/python3.8/site-packages/airflow/example_dags/example_short_circuit_operator.py
[2023-02-10T21:55:32.001+0200] {processor.py:650} INFO - DAG(s) dict_keys(['example_short_circuit_operator']) retrieved from /Users/v.lytvyniuk/Documents/библиотечка/DE online1/git/de_7/lesson_07/airflow_env/lib/python3.8/site-packages/airflow/example_dags/example_short_circuit_operator.py
[2023-02-10T21:55:32.031+0200] {logging_mixin.py:115} INFO - [2023-02-10T21:55:32.031+0200] {dag.py:2429} INFO - Sync 1 DAGs
[2023-02-10T21:55:32.038+0200] {logging_mixin.py:115} INFO - [2023-02-10T21:55:32.038+0200] {dag.py:2977} INFO - Setting next_dagrun for example_short_circuit_operator to 2023-02-09T19:55:32.038224+00:00, run_after=2023-02-10T19:55:32.038224+00:00
[2023-02-10T21:55:32.044+0200] {processor.py:161} INFO - Processing /Users/v.lytvyniuk/Documents/библиотечка/DE online1/git/de_7/lesson_07/airflow_env/lib/python3.8/site-packages/airflow/example_dags/example_short_circuit_operator.py took 0.062 seconds
[2023-02-10T21:56:25.247+0200] {processor.py:153} INFO - Started process (PID=3110) to work on /Users/v.lytvyniuk/Documents/библиотечка/DE online1/git/de_7/lesson_07/airflow_env/lib/python3.8/site-packages/airflow/example_dags/example_short_circuit_operator.py
[2023-02-10T21:56:25.251+0200] {processor.py:640} INFO - Processing file /Users/v.lytvyniuk/Documents/библиотечка/DE online1/git/de_7/lesson_07/airflow_env/lib/python3.8/site-packages/airflow/example_dags/example_short_circuit_operator.py for tasks to queue
[2023-02-10T21:56:25.251+0200] {logging_mixin.py:115} INFO - [2023-02-10T21:56:25.251+0200] {dagbag.py:508} INFO - Filling up the DagBag from /Users/v.lytvyniuk/Documents/библиотечка/DE online1/git/de_7/lesson_07/airflow_env/lib/python3.8/site-packages/airflow/example_dags/example_short_circuit_operator.py
[2023-02-10T21:56:25.267+0200] {processor.py:650} INFO - DAG(s) dict_keys(['example_short_circuit_operator']) retrieved from /Users/v.lytvyniuk/Documents/библиотечка/DE online1/git/de_7/lesson_07/airflow_env/lib/python3.8/site-packages/airflow/example_dags/example_short_circuit_operator.py
[2023-02-10T21:56:25.299+0200] {logging_mixin.py:115} INFO - [2023-02-10T21:56:25.298+0200] {dag.py:2429} INFO - Sync 1 DAGs
[2023-02-10T21:56:25.305+0200] {logging_mixin.py:115} INFO - [2023-02-10T21:56:25.305+0200] {dag.py:2977} INFO - Setting next_dagrun for example_short_circuit_operator to 2023-02-09T19:56:25.305577+00:00, run_after=2023-02-10T19:56:25.305577+00:00
[2023-02-10T21:56:25.312+0200] {processor.py:161} INFO - Processing /Users/v.lytvyniuk/Documents/библиотечка/DE online1/git/de_7/lesson_07/airflow_env/lib/python3.8/site-packages/airflow/example_dags/example_short_circuit_operator.py took 0.065 seconds
[2023-02-10T21:57:16.900+0200] {processor.py:153} INFO - Started process (PID=3267) to work on /Users/v.lytvyniuk/Documents/библиотечка/DE online1/git/de_7/lesson_07/airflow_env/lib/python3.8/site-packages/airflow/example_dags/example_short_circuit_operator.py
[2023-02-10T21:57:16.903+0200] {processor.py:640} INFO - Processing file /Users/v.lytvyniuk/Documents/библиотечка/DE online1/git/de_7/lesson_07/airflow_env/lib/python3.8/site-packages/airflow/example_dags/example_short_circuit_operator.py for tasks to queue
[2023-02-10T21:57:16.904+0200] {logging_mixin.py:115} INFO - [2023-02-10T21:57:16.904+0200] {dagbag.py:508} INFO - Filling up the DagBag from /Users/v.lytvyniuk/Documents/библиотечка/DE online1/git/de_7/lesson_07/airflow_env/lib/python3.8/site-packages/airflow/example_dags/example_short_circuit_operator.py
[2023-02-10T21:57:16.921+0200] {processor.py:650} INFO - DAG(s) dict_keys(['example_short_circuit_operator']) retrieved from /Users/v.lytvyniuk/Documents/библиотечка/DE online1/git/de_7/lesson_07/airflow_env/lib/python3.8/site-packages/airflow/example_dags/example_short_circuit_operator.py
[2023-02-10T21:57:16.956+0200] {logging_mixin.py:115} INFO - [2023-02-10T21:57:16.956+0200] {dag.py:2429} INFO - Sync 1 DAGs
[2023-02-10T21:57:16.965+0200] {logging_mixin.py:115} INFO - [2023-02-10T21:57:16.964+0200] {dag.py:2977} INFO - Setting next_dagrun for example_short_circuit_operator to 2023-02-09T19:57:16.964792+00:00, run_after=2023-02-10T19:57:16.964792+00:00
[2023-02-10T21:57:16.972+0200] {processor.py:161} INFO - Processing /Users/v.lytvyniuk/Documents/библиотечка/DE online1/git/de_7/lesson_07/airflow_env/lib/python3.8/site-packages/airflow/example_dags/example_short_circuit_operator.py took 0.072 seconds
[2023-02-10T21:58:12.301+0200] {processor.py:153} INFO - Started process (PID=3592) to work on /Users/v.lytvyniuk/Documents/библиотечка/DE online1/git/de_7/lesson_07/airflow_env/lib/python3.8/site-packages/airflow/example_dags/example_short_circuit_operator.py
[2023-02-10T21:58:12.305+0200] {processor.py:640} INFO - Processing file /Users/v.lytvyniuk/Documents/библиотечка/DE online1/git/de_7/lesson_07/airflow_env/lib/python3.8/site-packages/airflow/example_dags/example_short_circuit_operator.py for tasks to queue
[2023-02-10T21:58:12.305+0200] {logging_mixin.py:115} INFO - [2023-02-10T21:58:12.305+0200] {dagbag.py:508} INFO - Filling up the DagBag from /Users/v.lytvyniuk/Documents/библиотечка/DE online1/git/de_7/lesson_07/airflow_env/lib/python3.8/site-packages/airflow/example_dags/example_short_circuit_operator.py
[2023-02-10T21:58:12.321+0200] {processor.py:650} INFO - DAG(s) dict_keys(['example_short_circuit_operator']) retrieved from /Users/v.lytvyniuk/Documents/библиотечка/DE online1/git/de_7/lesson_07/airflow_env/lib/python3.8/site-packages/airflow/example_dags/example_short_circuit_operator.py
[2023-02-10T21:58:12.353+0200] {logging_mixin.py:115} INFO - [2023-02-10T21:58:12.353+0200] {dag.py:2429} INFO - Sync 1 DAGs
[2023-02-10T21:58:12.360+0200] {logging_mixin.py:115} INFO - [2023-02-10T21:58:12.360+0200] {dag.py:2977} INFO - Setting next_dagrun for example_short_circuit_operator to 2023-02-09T19:58:12.360795+00:00, run_after=2023-02-10T19:58:12.360795+00:00
[2023-02-10T21:58:12.367+0200] {processor.py:161} INFO - Processing /Users/v.lytvyniuk/Documents/библиотечка/DE online1/git/de_7/lesson_07/airflow_env/lib/python3.8/site-packages/airflow/example_dags/example_short_circuit_operator.py took 0.066 seconds
