[2023-02-10T21:32:35.582+0200] {processor.py:153} INFO - Started process (PID=48337) to work on /Users/v.lytvyniuk/Documents/библиотечка/DE online1/git/de_7/lesson_07/airflow_env/lib/python3.8/site-packages/airflow/example_dags/example_local_kubernetes_executor.py
[2023-02-10T21:32:35.584+0200] {processor.py:640} INFO - Processing file /Users/v.lytvyniuk/Documents/библиотечка/DE online1/git/de_7/lesson_07/airflow_env/lib/python3.8/site-packages/airflow/example_dags/example_local_kubernetes_executor.py for tasks to queue
[2023-02-10T21:32:35.585+0200] {logging_mixin.py:115} INFO - [2023-02-10T21:32:35.585+0200] {dagbag.py:508} INFO - Filling up the DagBag from /Users/v.lytvyniuk/Documents/библиотечка/DE online1/git/de_7/lesson_07/airflow_env/lib/python3.8/site-packages/airflow/example_dags/example_local_kubernetes_executor.py
[2023-02-10T21:32:35.601+0200] {logging_mixin.py:115} INFO - [2023-02-10T21:32:35.601+0200] {example_local_kubernetes_executor.py:37} WARNING - Could not import DAGs in example_local_kubernetes_executor.py
Traceback (most recent call last):
  File "/Users/v.lytvyniuk/Documents/библиотечка/DE online1/git/de_7/lesson_07/airflow_env/lib/python3.8/site-packages/airflow/example_dags/example_local_kubernetes_executor.py", line 35, in <module>
    from kubernetes.client import models as k8s
ModuleNotFoundError: No module named 'kubernetes'
[2023-02-10T21:32:35.601+0200] {logging_mixin.py:115} INFO - [2023-02-10T21:32:35.601+0200] {example_local_kubernetes_executor.py:38} WARNING - Install Kubernetes dependencies with: pip install apache-airflow[cncf.kubernetes]
[2023-02-10T21:32:35.601+0200] {processor.py:652} WARNING - No viable dags retrieved from /Users/v.lytvyniuk/Documents/библиотечка/DE online1/git/de_7/lesson_07/airflow_env/lib/python3.8/site-packages/airflow/example_dags/example_local_kubernetes_executor.py
[2023-02-10T21:32:35.621+0200] {processor.py:161} INFO - Processing /Users/v.lytvyniuk/Documents/библиотечка/DE online1/git/de_7/lesson_07/airflow_env/lib/python3.8/site-packages/airflow/example_dags/example_local_kubernetes_executor.py took 0.039 seconds
[2023-02-10T21:35:09.529+0200] {processor.py:153} INFO - Started process (PID=48811) to work on /Users/v.lytvyniuk/Documents/библиотечка/DE online1/git/de_7/lesson_07/airflow_env/lib/python3.8/site-packages/airflow/example_dags/example_local_kubernetes_executor.py
[2023-02-10T21:35:09.532+0200] {processor.py:640} INFO - Processing file /Users/v.lytvyniuk/Documents/библиотечка/DE online1/git/de_7/lesson_07/airflow_env/lib/python3.8/site-packages/airflow/example_dags/example_local_kubernetes_executor.py for tasks to queue
[2023-02-10T21:35:09.533+0200] {logging_mixin.py:115} INFO - [2023-02-10T21:35:09.532+0200] {dagbag.py:508} INFO - Filling up the DagBag from /Users/v.lytvyniuk/Documents/библиотечка/DE online1/git/de_7/lesson_07/airflow_env/lib/python3.8/site-packages/airflow/example_dags/example_local_kubernetes_executor.py
[2023-02-10T21:35:09.548+0200] {logging_mixin.py:115} INFO - [2023-02-10T21:35:09.548+0200] {example_local_kubernetes_executor.py:37} WARNING - Could not import DAGs in example_local_kubernetes_executor.py
Traceback (most recent call last):
  File "/Users/v.lytvyniuk/Documents/библиотечка/DE online1/git/de_7/lesson_07/airflow_env/lib/python3.8/site-packages/airflow/example_dags/example_local_kubernetes_executor.py", line 35, in <module>
    from kubernetes.client import models as k8s
ModuleNotFoundError: No module named 'kubernetes'
[2023-02-10T21:35:09.549+0200] {logging_mixin.py:115} INFO - [2023-02-10T21:35:09.548+0200] {example_local_kubernetes_executor.py:38} WARNING - Install Kubernetes dependencies with: pip install apache-airflow[cncf.kubernetes]
[2023-02-10T21:35:09.549+0200] {processor.py:652} WARNING - No viable dags retrieved from /Users/v.lytvyniuk/Documents/библиотечка/DE online1/git/de_7/lesson_07/airflow_env/lib/python3.8/site-packages/airflow/example_dags/example_local_kubernetes_executor.py
[2023-02-10T21:35:09.568+0200] {processor.py:161} INFO - Processing /Users/v.lytvyniuk/Documents/библиотечка/DE online1/git/de_7/lesson_07/airflow_env/lib/python3.8/site-packages/airflow/example_dags/example_local_kubernetes_executor.py took 0.040 seconds
[2023-02-10T21:36:00.898+0200] {processor.py:153} INFO - Started process (PID=48948) to work on /Users/v.lytvyniuk/Documents/библиотечка/DE online1/git/de_7/lesson_07/airflow_env/lib/python3.8/site-packages/airflow/example_dags/example_local_kubernetes_executor.py
[2023-02-10T21:36:00.901+0200] {processor.py:640} INFO - Processing file /Users/v.lytvyniuk/Documents/библиотечка/DE online1/git/de_7/lesson_07/airflow_env/lib/python3.8/site-packages/airflow/example_dags/example_local_kubernetes_executor.py for tasks to queue
[2023-02-10T21:36:00.901+0200] {logging_mixin.py:115} INFO - [2023-02-10T21:36:00.901+0200] {dagbag.py:508} INFO - Filling up the DagBag from /Users/v.lytvyniuk/Documents/библиотечка/DE online1/git/de_7/lesson_07/airflow_env/lib/python3.8/site-packages/airflow/example_dags/example_local_kubernetes_executor.py
[2023-02-10T21:36:00.915+0200] {logging_mixin.py:115} INFO - [2023-02-10T21:36:00.915+0200] {example_local_kubernetes_executor.py:37} WARNING - Could not import DAGs in example_local_kubernetes_executor.py
Traceback (most recent call last):
  File "/Users/v.lytvyniuk/Documents/библиотечка/DE online1/git/de_7/lesson_07/airflow_env/lib/python3.8/site-packages/airflow/example_dags/example_local_kubernetes_executor.py", line 35, in <module>
    from kubernetes.client import models as k8s
ModuleNotFoundError: No module named 'kubernetes'
[2023-02-10T21:36:00.916+0200] {logging_mixin.py:115} INFO - [2023-02-10T21:36:00.915+0200] {example_local_kubernetes_executor.py:38} WARNING - Install Kubernetes dependencies with: pip install apache-airflow[cncf.kubernetes]
[2023-02-10T21:36:00.916+0200] {processor.py:652} WARNING - No viable dags retrieved from /Users/v.lytvyniuk/Documents/библиотечка/DE online1/git/de_7/lesson_07/airflow_env/lib/python3.8/site-packages/airflow/example_dags/example_local_kubernetes_executor.py
[2023-02-10T21:36:00.935+0200] {processor.py:161} INFO - Processing /Users/v.lytvyniuk/Documents/библиотечка/DE online1/git/de_7/lesson_07/airflow_env/lib/python3.8/site-packages/airflow/example_dags/example_local_kubernetes_executor.py took 0.037 seconds
[2023-02-10T21:36:51.335+0200] {processor.py:153} INFO - Started process (PID=49107) to work on /Users/v.lytvyniuk/Documents/библиотечка/DE online1/git/de_7/lesson_07/airflow_env/lib/python3.8/site-packages/airflow/example_dags/example_local_kubernetes_executor.py
[2023-02-10T21:36:51.338+0200] {processor.py:640} INFO - Processing file /Users/v.lytvyniuk/Documents/библиотечка/DE online1/git/de_7/lesson_07/airflow_env/lib/python3.8/site-packages/airflow/example_dags/example_local_kubernetes_executor.py for tasks to queue
[2023-02-10T21:36:51.338+0200] {logging_mixin.py:115} INFO - [2023-02-10T21:36:51.338+0200] {dagbag.py:508} INFO - Filling up the DagBag from /Users/v.lytvyniuk/Documents/библиотечка/DE online1/git/de_7/lesson_07/airflow_env/lib/python3.8/site-packages/airflow/example_dags/example_local_kubernetes_executor.py
[2023-02-10T21:36:51.353+0200] {logging_mixin.py:115} INFO - [2023-02-10T21:36:51.353+0200] {example_local_kubernetes_executor.py:37} WARNING - Could not import DAGs in example_local_kubernetes_executor.py
Traceback (most recent call last):
  File "/Users/v.lytvyniuk/Documents/библиотечка/DE online1/git/de_7/lesson_07/airflow_env/lib/python3.8/site-packages/airflow/example_dags/example_local_kubernetes_executor.py", line 35, in <module>
    from kubernetes.client import models as k8s
ModuleNotFoundError: No module named 'kubernetes'
[2023-02-10T21:36:51.353+0200] {logging_mixin.py:115} INFO - [2023-02-10T21:36:51.353+0200] {example_local_kubernetes_executor.py:38} WARNING - Install Kubernetes dependencies with: pip install apache-airflow[cncf.kubernetes]
[2023-02-10T21:36:51.353+0200] {processor.py:652} WARNING - No viable dags retrieved from /Users/v.lytvyniuk/Documents/библиотечка/DE online1/git/de_7/lesson_07/airflow_env/lib/python3.8/site-packages/airflow/example_dags/example_local_kubernetes_executor.py
[2023-02-10T21:36:51.373+0200] {processor.py:161} INFO - Processing /Users/v.lytvyniuk/Documents/библиотечка/DE online1/git/de_7/lesson_07/airflow_env/lib/python3.8/site-packages/airflow/example_dags/example_local_kubernetes_executor.py took 0.038 seconds
[2023-02-10T21:37:41.288+0200] {processor.py:153} INFO - Started process (PID=49239) to work on /Users/v.lytvyniuk/Documents/библиотечка/DE online1/git/de_7/lesson_07/airflow_env/lib/python3.8/site-packages/airflow/example_dags/example_local_kubernetes_executor.py
[2023-02-10T21:37:41.291+0200] {processor.py:640} INFO - Processing file /Users/v.lytvyniuk/Documents/библиотечка/DE online1/git/de_7/lesson_07/airflow_env/lib/python3.8/site-packages/airflow/example_dags/example_local_kubernetes_executor.py for tasks to queue
[2023-02-10T21:37:41.291+0200] {logging_mixin.py:115} INFO - [2023-02-10T21:37:41.291+0200] {dagbag.py:508} INFO - Filling up the DagBag from /Users/v.lytvyniuk/Documents/библиотечка/DE online1/git/de_7/lesson_07/airflow_env/lib/python3.8/site-packages/airflow/example_dags/example_local_kubernetes_executor.py
[2023-02-10T21:37:41.305+0200] {logging_mixin.py:115} INFO - [2023-02-10T21:37:41.305+0200] {example_local_kubernetes_executor.py:37} WARNING - Could not import DAGs in example_local_kubernetes_executor.py
Traceback (most recent call last):
  File "/Users/v.lytvyniuk/Documents/библиотечка/DE online1/git/de_7/lesson_07/airflow_env/lib/python3.8/site-packages/airflow/example_dags/example_local_kubernetes_executor.py", line 35, in <module>
    from kubernetes.client import models as k8s
ModuleNotFoundError: No module named 'kubernetes'
[2023-02-10T21:37:41.305+0200] {logging_mixin.py:115} INFO - [2023-02-10T21:37:41.305+0200] {example_local_kubernetes_executor.py:38} WARNING - Install Kubernetes dependencies with: pip install apache-airflow[cncf.kubernetes]
[2023-02-10T21:37:41.305+0200] {processor.py:652} WARNING - No viable dags retrieved from /Users/v.lytvyniuk/Documents/библиотечка/DE online1/git/de_7/lesson_07/airflow_env/lib/python3.8/site-packages/airflow/example_dags/example_local_kubernetes_executor.py
[2023-02-10T21:37:41.324+0200] {processor.py:161} INFO - Processing /Users/v.lytvyniuk/Documents/библиотечка/DE online1/git/de_7/lesson_07/airflow_env/lib/python3.8/site-packages/airflow/example_dags/example_local_kubernetes_executor.py took 0.036 seconds
[2023-02-10T21:38:30.830+0200] {processor.py:153} INFO - Started process (PID=49368) to work on /Users/v.lytvyniuk/Documents/библиотечка/DE online1/git/de_7/lesson_07/airflow_env/lib/python3.8/site-packages/airflow/example_dags/example_local_kubernetes_executor.py
[2023-02-10T21:38:30.833+0200] {processor.py:640} INFO - Processing file /Users/v.lytvyniuk/Documents/библиотечка/DE online1/git/de_7/lesson_07/airflow_env/lib/python3.8/site-packages/airflow/example_dags/example_local_kubernetes_executor.py for tasks to queue
[2023-02-10T21:38:30.833+0200] {logging_mixin.py:115} INFO - [2023-02-10T21:38:30.833+0200] {dagbag.py:508} INFO - Filling up the DagBag from /Users/v.lytvyniuk/Documents/библиотечка/DE online1/git/de_7/lesson_07/airflow_env/lib/python3.8/site-packages/airflow/example_dags/example_local_kubernetes_executor.py
[2023-02-10T21:38:30.848+0200] {logging_mixin.py:115} INFO - [2023-02-10T21:38:30.848+0200] {example_local_kubernetes_executor.py:37} WARNING - Could not import DAGs in example_local_kubernetes_executor.py
Traceback (most recent call last):
  File "/Users/v.lytvyniuk/Documents/библиотечка/DE online1/git/de_7/lesson_07/airflow_env/lib/python3.8/site-packages/airflow/example_dags/example_local_kubernetes_executor.py", line 35, in <module>
    from kubernetes.client import models as k8s
ModuleNotFoundError: No module named 'kubernetes'
[2023-02-10T21:38:30.848+0200] {logging_mixin.py:115} INFO - [2023-02-10T21:38:30.848+0200] {example_local_kubernetes_executor.py:38} WARNING - Install Kubernetes dependencies with: pip install apache-airflow[cncf.kubernetes]
[2023-02-10T21:38:30.848+0200] {processor.py:652} WARNING - No viable dags retrieved from /Users/v.lytvyniuk/Documents/библиотечка/DE online1/git/de_7/lesson_07/airflow_env/lib/python3.8/site-packages/airflow/example_dags/example_local_kubernetes_executor.py
[2023-02-10T21:38:30.868+0200] {processor.py:161} INFO - Processing /Users/v.lytvyniuk/Documents/библиотечка/DE online1/git/de_7/lesson_07/airflow_env/lib/python3.8/site-packages/airflow/example_dags/example_local_kubernetes_executor.py took 0.038 seconds
[2023-02-10T21:39:20.726+0200] {processor.py:153} INFO - Started process (PID=49566) to work on /Users/v.lytvyniuk/Documents/библиотечка/DE online1/git/de_7/lesson_07/airflow_env/lib/python3.8/site-packages/airflow/example_dags/example_local_kubernetes_executor.py
[2023-02-10T21:39:20.729+0200] {processor.py:640} INFO - Processing file /Users/v.lytvyniuk/Documents/библиотечка/DE online1/git/de_7/lesson_07/airflow_env/lib/python3.8/site-packages/airflow/example_dags/example_local_kubernetes_executor.py for tasks to queue
[2023-02-10T21:39:20.729+0200] {logging_mixin.py:115} INFO - [2023-02-10T21:39:20.729+0200] {dagbag.py:508} INFO - Filling up the DagBag from /Users/v.lytvyniuk/Documents/библиотечка/DE online1/git/de_7/lesson_07/airflow_env/lib/python3.8/site-packages/airflow/example_dags/example_local_kubernetes_executor.py
[2023-02-10T21:39:20.745+0200] {logging_mixin.py:115} INFO - [2023-02-10T21:39:20.744+0200] {example_local_kubernetes_executor.py:37} WARNING - Could not import DAGs in example_local_kubernetes_executor.py
Traceback (most recent call last):
  File "/Users/v.lytvyniuk/Documents/библиотечка/DE online1/git/de_7/lesson_07/airflow_env/lib/python3.8/site-packages/airflow/example_dags/example_local_kubernetes_executor.py", line 35, in <module>
    from kubernetes.client import models as k8s
ModuleNotFoundError: No module named 'kubernetes'
[2023-02-10T21:39:20.745+0200] {logging_mixin.py:115} INFO - [2023-02-10T21:39:20.745+0200] {example_local_kubernetes_executor.py:38} WARNING - Install Kubernetes dependencies with: pip install apache-airflow[cncf.kubernetes]
[2023-02-10T21:39:20.745+0200] {processor.py:652} WARNING - No viable dags retrieved from /Users/v.lytvyniuk/Documents/библиотечка/DE online1/git/de_7/lesson_07/airflow_env/lib/python3.8/site-packages/airflow/example_dags/example_local_kubernetes_executor.py
[2023-02-10T21:39:20.765+0200] {processor.py:161} INFO - Processing /Users/v.lytvyniuk/Documents/библиотечка/DE online1/git/de_7/lesson_07/airflow_env/lib/python3.8/site-packages/airflow/example_dags/example_local_kubernetes_executor.py took 0.039 seconds
[2023-02-10T21:40:10.714+0200] {processor.py:153} INFO - Started process (PID=49711) to work on /Users/v.lytvyniuk/Documents/библиотечка/DE online1/git/de_7/lesson_07/airflow_env/lib/python3.8/site-packages/airflow/example_dags/example_local_kubernetes_executor.py
[2023-02-10T21:40:10.717+0200] {processor.py:640} INFO - Processing file /Users/v.lytvyniuk/Documents/библиотечка/DE online1/git/de_7/lesson_07/airflow_env/lib/python3.8/site-packages/airflow/example_dags/example_local_kubernetes_executor.py for tasks to queue
[2023-02-10T21:40:10.717+0200] {logging_mixin.py:115} INFO - [2023-02-10T21:40:10.717+0200] {dagbag.py:508} INFO - Filling up the DagBag from /Users/v.lytvyniuk/Documents/библиотечка/DE online1/git/de_7/lesson_07/airflow_env/lib/python3.8/site-packages/airflow/example_dags/example_local_kubernetes_executor.py
[2023-02-10T21:40:10.731+0200] {logging_mixin.py:115} INFO - [2023-02-10T21:40:10.731+0200] {example_local_kubernetes_executor.py:37} WARNING - Could not import DAGs in example_local_kubernetes_executor.py
Traceback (most recent call last):
  File "/Users/v.lytvyniuk/Documents/библиотечка/DE online1/git/de_7/lesson_07/airflow_env/lib/python3.8/site-packages/airflow/example_dags/example_local_kubernetes_executor.py", line 35, in <module>
    from kubernetes.client import models as k8s
ModuleNotFoundError: No module named 'kubernetes'
[2023-02-10T21:40:10.731+0200] {logging_mixin.py:115} INFO - [2023-02-10T21:40:10.731+0200] {example_local_kubernetes_executor.py:38} WARNING - Install Kubernetes dependencies with: pip install apache-airflow[cncf.kubernetes]
[2023-02-10T21:40:10.731+0200] {processor.py:652} WARNING - No viable dags retrieved from /Users/v.lytvyniuk/Documents/библиотечка/DE online1/git/de_7/lesson_07/airflow_env/lib/python3.8/site-packages/airflow/example_dags/example_local_kubernetes_executor.py
[2023-02-10T21:40:10.750+0200] {processor.py:161} INFO - Processing /Users/v.lytvyniuk/Documents/библиотечка/DE online1/git/de_7/lesson_07/airflow_env/lib/python3.8/site-packages/airflow/example_dags/example_local_kubernetes_executor.py took 0.036 seconds
[2023-02-10T21:41:01.756+0200] {processor.py:153} INFO - Started process (PID=49856) to work on /Users/v.lytvyniuk/Documents/библиотечка/DE online1/git/de_7/lesson_07/airflow_env/lib/python3.8/site-packages/airflow/example_dags/example_local_kubernetes_executor.py
[2023-02-10T21:41:01.759+0200] {processor.py:640} INFO - Processing file /Users/v.lytvyniuk/Documents/библиотечка/DE online1/git/de_7/lesson_07/airflow_env/lib/python3.8/site-packages/airflow/example_dags/example_local_kubernetes_executor.py for tasks to queue
[2023-02-10T21:41:01.760+0200] {logging_mixin.py:115} INFO - [2023-02-10T21:41:01.760+0200] {dagbag.py:508} INFO - Filling up the DagBag from /Users/v.lytvyniuk/Documents/библиотечка/DE online1/git/de_7/lesson_07/airflow_env/lib/python3.8/site-packages/airflow/example_dags/example_local_kubernetes_executor.py
[2023-02-10T21:41:01.774+0200] {logging_mixin.py:115} INFO - [2023-02-10T21:41:01.773+0200] {example_local_kubernetes_executor.py:37} WARNING - Could not import DAGs in example_local_kubernetes_executor.py
Traceback (most recent call last):
  File "/Users/v.lytvyniuk/Documents/библиотечка/DE online1/git/de_7/lesson_07/airflow_env/lib/python3.8/site-packages/airflow/example_dags/example_local_kubernetes_executor.py", line 35, in <module>
    from kubernetes.client import models as k8s
ModuleNotFoundError: No module named 'kubernetes'
[2023-02-10T21:41:01.774+0200] {logging_mixin.py:115} INFO - [2023-02-10T21:41:01.774+0200] {example_local_kubernetes_executor.py:38} WARNING - Install Kubernetes dependencies with: pip install apache-airflow[cncf.kubernetes]
[2023-02-10T21:41:01.774+0200] {processor.py:652} WARNING - No viable dags retrieved from /Users/v.lytvyniuk/Documents/библиотечка/DE online1/git/de_7/lesson_07/airflow_env/lib/python3.8/site-packages/airflow/example_dags/example_local_kubernetes_executor.py
[2023-02-10T21:41:01.792+0200] {processor.py:161} INFO - Processing /Users/v.lytvyniuk/Documents/библиотечка/DE online1/git/de_7/lesson_07/airflow_env/lib/python3.8/site-packages/airflow/example_dags/example_local_kubernetes_executor.py took 0.037 seconds
[2023-02-10T21:41:51.797+0200] {processor.py:153} INFO - Started process (PID=49988) to work on /Users/v.lytvyniuk/Documents/библиотечка/DE online1/git/de_7/lesson_07/airflow_env/lib/python3.8/site-packages/airflow/example_dags/example_local_kubernetes_executor.py
[2023-02-10T21:41:51.800+0200] {processor.py:640} INFO - Processing file /Users/v.lytvyniuk/Documents/библиотечка/DE online1/git/de_7/lesson_07/airflow_env/lib/python3.8/site-packages/airflow/example_dags/example_local_kubernetes_executor.py for tasks to queue
[2023-02-10T21:41:51.800+0200] {logging_mixin.py:115} INFO - [2023-02-10T21:41:51.800+0200] {dagbag.py:508} INFO - Filling up the DagBag from /Users/v.lytvyniuk/Documents/библиотечка/DE online1/git/de_7/lesson_07/airflow_env/lib/python3.8/site-packages/airflow/example_dags/example_local_kubernetes_executor.py
[2023-02-10T21:41:51.814+0200] {logging_mixin.py:115} INFO - [2023-02-10T21:41:51.814+0200] {example_local_kubernetes_executor.py:37} WARNING - Could not import DAGs in example_local_kubernetes_executor.py
Traceback (most recent call last):
  File "/Users/v.lytvyniuk/Documents/библиотечка/DE online1/git/de_7/lesson_07/airflow_env/lib/python3.8/site-packages/airflow/example_dags/example_local_kubernetes_executor.py", line 35, in <module>
    from kubernetes.client import models as k8s
ModuleNotFoundError: No module named 'kubernetes'
[2023-02-10T21:41:51.814+0200] {logging_mixin.py:115} INFO - [2023-02-10T21:41:51.814+0200] {example_local_kubernetes_executor.py:38} WARNING - Install Kubernetes dependencies with: pip install apache-airflow[cncf.kubernetes]
[2023-02-10T21:41:51.814+0200] {processor.py:652} WARNING - No viable dags retrieved from /Users/v.lytvyniuk/Documents/библиотечка/DE online1/git/de_7/lesson_07/airflow_env/lib/python3.8/site-packages/airflow/example_dags/example_local_kubernetes_executor.py
[2023-02-10T21:41:51.833+0200] {processor.py:161} INFO - Processing /Users/v.lytvyniuk/Documents/библиотечка/DE online1/git/de_7/lesson_07/airflow_env/lib/python3.8/site-packages/airflow/example_dags/example_local_kubernetes_executor.py took 0.036 seconds
[2023-02-10T21:42:43.273+0200] {processor.py:153} INFO - Started process (PID=50137) to work on /Users/v.lytvyniuk/Documents/библиотечка/DE online1/git/de_7/lesson_07/airflow_env/lib/python3.8/site-packages/airflow/example_dags/example_local_kubernetes_executor.py
[2023-02-10T21:42:43.277+0200] {processor.py:640} INFO - Processing file /Users/v.lytvyniuk/Documents/библиотечка/DE online1/git/de_7/lesson_07/airflow_env/lib/python3.8/site-packages/airflow/example_dags/example_local_kubernetes_executor.py for tasks to queue
[2023-02-10T21:42:43.277+0200] {logging_mixin.py:115} INFO - [2023-02-10T21:42:43.277+0200] {dagbag.py:508} INFO - Filling up the DagBag from /Users/v.lytvyniuk/Documents/библиотечка/DE online1/git/de_7/lesson_07/airflow_env/lib/python3.8/site-packages/airflow/example_dags/example_local_kubernetes_executor.py
[2023-02-10T21:42:43.291+0200] {logging_mixin.py:115} INFO - [2023-02-10T21:42:43.291+0200] {example_local_kubernetes_executor.py:37} WARNING - Could not import DAGs in example_local_kubernetes_executor.py
Traceback (most recent call last):
  File "/Users/v.lytvyniuk/Documents/библиотечка/DE online1/git/de_7/lesson_07/airflow_env/lib/python3.8/site-packages/airflow/example_dags/example_local_kubernetes_executor.py", line 35, in <module>
    from kubernetes.client import models as k8s
ModuleNotFoundError: No module named 'kubernetes'
[2023-02-10T21:42:43.291+0200] {logging_mixin.py:115} INFO - [2023-02-10T21:42:43.291+0200] {example_local_kubernetes_executor.py:38} WARNING - Install Kubernetes dependencies with: pip install apache-airflow[cncf.kubernetes]
[2023-02-10T21:42:43.291+0200] {processor.py:652} WARNING - No viable dags retrieved from /Users/v.lytvyniuk/Documents/библиотечка/DE online1/git/de_7/lesson_07/airflow_env/lib/python3.8/site-packages/airflow/example_dags/example_local_kubernetes_executor.py
[2023-02-10T21:42:43.310+0200] {processor.py:161} INFO - Processing /Users/v.lytvyniuk/Documents/библиотечка/DE online1/git/de_7/lesson_07/airflow_env/lib/python3.8/site-packages/airflow/example_dags/example_local_kubernetes_executor.py took 0.036 seconds
[2023-02-10T21:43:33.132+0200] {processor.py:153} INFO - Started process (PID=50259) to work on /Users/v.lytvyniuk/Documents/библиотечка/DE online1/git/de_7/lesson_07/airflow_env/lib/python3.8/site-packages/airflow/example_dags/example_local_kubernetes_executor.py
[2023-02-10T21:43:33.135+0200] {processor.py:640} INFO - Processing file /Users/v.lytvyniuk/Documents/библиотечка/DE online1/git/de_7/lesson_07/airflow_env/lib/python3.8/site-packages/airflow/example_dags/example_local_kubernetes_executor.py for tasks to queue
[2023-02-10T21:43:33.135+0200] {logging_mixin.py:115} INFO - [2023-02-10T21:43:33.135+0200] {dagbag.py:508} INFO - Filling up the DagBag from /Users/v.lytvyniuk/Documents/библиотечка/DE online1/git/de_7/lesson_07/airflow_env/lib/python3.8/site-packages/airflow/example_dags/example_local_kubernetes_executor.py
[2023-02-10T21:43:33.149+0200] {logging_mixin.py:115} INFO - [2023-02-10T21:43:33.149+0200] {example_local_kubernetes_executor.py:37} WARNING - Could not import DAGs in example_local_kubernetes_executor.py
Traceback (most recent call last):
  File "/Users/v.lytvyniuk/Documents/библиотечка/DE online1/git/de_7/lesson_07/airflow_env/lib/python3.8/site-packages/airflow/example_dags/example_local_kubernetes_executor.py", line 35, in <module>
    from kubernetes.client import models as k8s
ModuleNotFoundError: No module named 'kubernetes'
[2023-02-10T21:43:33.150+0200] {logging_mixin.py:115} INFO - [2023-02-10T21:43:33.150+0200] {example_local_kubernetes_executor.py:38} WARNING - Install Kubernetes dependencies with: pip install apache-airflow[cncf.kubernetes]
[2023-02-10T21:43:33.150+0200] {processor.py:652} WARNING - No viable dags retrieved from /Users/v.lytvyniuk/Documents/библиотечка/DE online1/git/de_7/lesson_07/airflow_env/lib/python3.8/site-packages/airflow/example_dags/example_local_kubernetes_executor.py
[2023-02-10T21:43:33.168+0200] {processor.py:161} INFO - Processing /Users/v.lytvyniuk/Documents/библиотечка/DE online1/git/de_7/lesson_07/airflow_env/lib/python3.8/site-packages/airflow/example_dags/example_local_kubernetes_executor.py took 0.036 seconds
[2023-02-10T21:44:24.820+0200] {processor.py:153} INFO - Started process (PID=50398) to work on /Users/v.lytvyniuk/Documents/библиотечка/DE online1/git/de_7/lesson_07/airflow_env/lib/python3.8/site-packages/airflow/example_dags/example_local_kubernetes_executor.py
[2023-02-10T21:44:24.824+0200] {processor.py:640} INFO - Processing file /Users/v.lytvyniuk/Documents/библиотечка/DE online1/git/de_7/lesson_07/airflow_env/lib/python3.8/site-packages/airflow/example_dags/example_local_kubernetes_executor.py for tasks to queue
[2023-02-10T21:44:24.824+0200] {logging_mixin.py:115} INFO - [2023-02-10T21:44:24.824+0200] {dagbag.py:508} INFO - Filling up the DagBag from /Users/v.lytvyniuk/Documents/библиотечка/DE online1/git/de_7/lesson_07/airflow_env/lib/python3.8/site-packages/airflow/example_dags/example_local_kubernetes_executor.py
[2023-02-10T21:44:24.840+0200] {logging_mixin.py:115} INFO - [2023-02-10T21:44:24.839+0200] {example_local_kubernetes_executor.py:37} WARNING - Could not import DAGs in example_local_kubernetes_executor.py
Traceback (most recent call last):
  File "/Users/v.lytvyniuk/Documents/библиотечка/DE online1/git/de_7/lesson_07/airflow_env/lib/python3.8/site-packages/airflow/example_dags/example_local_kubernetes_executor.py", line 35, in <module>
    from kubernetes.client import models as k8s
ModuleNotFoundError: No module named 'kubernetes'
[2023-02-10T21:44:24.840+0200] {logging_mixin.py:115} INFO - [2023-02-10T21:44:24.840+0200] {example_local_kubernetes_executor.py:38} WARNING - Install Kubernetes dependencies with: pip install apache-airflow[cncf.kubernetes]
[2023-02-10T21:44:24.840+0200] {processor.py:652} WARNING - No viable dags retrieved from /Users/v.lytvyniuk/Documents/библиотечка/DE online1/git/de_7/lesson_07/airflow_env/lib/python3.8/site-packages/airflow/example_dags/example_local_kubernetes_executor.py
[2023-02-10T21:44:24.860+0200] {processor.py:161} INFO - Processing /Users/v.lytvyniuk/Documents/библиотечка/DE online1/git/de_7/lesson_07/airflow_env/lib/python3.8/site-packages/airflow/example_dags/example_local_kubernetes_executor.py took 0.040 seconds
[2023-02-10T21:45:15.341+0200] {processor.py:153} INFO - Started process (PID=50905) to work on /Users/v.lytvyniuk/Documents/библиотечка/DE online1/git/de_7/lesson_07/airflow_env/lib/python3.8/site-packages/airflow/example_dags/example_local_kubernetes_executor.py
[2023-02-10T21:45:15.344+0200] {processor.py:640} INFO - Processing file /Users/v.lytvyniuk/Documents/библиотечка/DE online1/git/de_7/lesson_07/airflow_env/lib/python3.8/site-packages/airflow/example_dags/example_local_kubernetes_executor.py for tasks to queue
[2023-02-10T21:45:15.344+0200] {logging_mixin.py:115} INFO - [2023-02-10T21:45:15.344+0200] {dagbag.py:508} INFO - Filling up the DagBag from /Users/v.lytvyniuk/Documents/библиотечка/DE online1/git/de_7/lesson_07/airflow_env/lib/python3.8/site-packages/airflow/example_dags/example_local_kubernetes_executor.py
[2023-02-10T21:45:15.358+0200] {logging_mixin.py:115} INFO - [2023-02-10T21:45:15.358+0200] {example_local_kubernetes_executor.py:37} WARNING - Could not import DAGs in example_local_kubernetes_executor.py
Traceback (most recent call last):
  File "/Users/v.lytvyniuk/Documents/библиотечка/DE online1/git/de_7/lesson_07/airflow_env/lib/python3.8/site-packages/airflow/example_dags/example_local_kubernetes_executor.py", line 35, in <module>
    from kubernetes.client import models as k8s
ModuleNotFoundError: No module named 'kubernetes'
[2023-02-10T21:45:15.358+0200] {logging_mixin.py:115} INFO - [2023-02-10T21:45:15.358+0200] {example_local_kubernetes_executor.py:38} WARNING - Install Kubernetes dependencies with: pip install apache-airflow[cncf.kubernetes]
[2023-02-10T21:45:15.358+0200] {processor.py:652} WARNING - No viable dags retrieved from /Users/v.lytvyniuk/Documents/библиотечка/DE online1/git/de_7/lesson_07/airflow_env/lib/python3.8/site-packages/airflow/example_dags/example_local_kubernetes_executor.py
[2023-02-10T21:45:15.377+0200] {processor.py:161} INFO - Processing /Users/v.lytvyniuk/Documents/библиотечка/DE online1/git/de_7/lesson_07/airflow_env/lib/python3.8/site-packages/airflow/example_dags/example_local_kubernetes_executor.py took 0.036 seconds
[2023-02-10T21:46:07.947+0200] {processor.py:153} INFO - Started process (PID=51044) to work on /Users/v.lytvyniuk/Documents/библиотечка/DE online1/git/de_7/lesson_07/airflow_env/lib/python3.8/site-packages/airflow/example_dags/example_local_kubernetes_executor.py
[2023-02-10T21:46:07.950+0200] {processor.py:640} INFO - Processing file /Users/v.lytvyniuk/Documents/библиотечка/DE online1/git/de_7/lesson_07/airflow_env/lib/python3.8/site-packages/airflow/example_dags/example_local_kubernetes_executor.py for tasks to queue
[2023-02-10T21:46:07.950+0200] {logging_mixin.py:115} INFO - [2023-02-10T21:46:07.950+0200] {dagbag.py:508} INFO - Filling up the DagBag from /Users/v.lytvyniuk/Documents/библиотечка/DE online1/git/de_7/lesson_07/airflow_env/lib/python3.8/site-packages/airflow/example_dags/example_local_kubernetes_executor.py
[2023-02-10T21:46:07.964+0200] {logging_mixin.py:115} INFO - [2023-02-10T21:46:07.964+0200] {example_local_kubernetes_executor.py:37} WARNING - Could not import DAGs in example_local_kubernetes_executor.py
Traceback (most recent call last):
  File "/Users/v.lytvyniuk/Documents/библиотечка/DE online1/git/de_7/lesson_07/airflow_env/lib/python3.8/site-packages/airflow/example_dags/example_local_kubernetes_executor.py", line 35, in <module>
    from kubernetes.client import models as k8s
ModuleNotFoundError: No module named 'kubernetes'
[2023-02-10T21:46:07.964+0200] {logging_mixin.py:115} INFO - [2023-02-10T21:46:07.964+0200] {example_local_kubernetes_executor.py:38} WARNING - Install Kubernetes dependencies with: pip install apache-airflow[cncf.kubernetes]
[2023-02-10T21:46:07.964+0200] {processor.py:652} WARNING - No viable dags retrieved from /Users/v.lytvyniuk/Documents/библиотечка/DE online1/git/de_7/lesson_07/airflow_env/lib/python3.8/site-packages/airflow/example_dags/example_local_kubernetes_executor.py
[2023-02-10T21:46:07.983+0200] {processor.py:161} INFO - Processing /Users/v.lytvyniuk/Documents/библиотечка/DE online1/git/de_7/lesson_07/airflow_env/lib/python3.8/site-packages/airflow/example_dags/example_local_kubernetes_executor.py took 0.036 seconds
[2023-02-10T21:46:58.980+0200] {processor.py:153} INFO - Started process (PID=51176) to work on /Users/v.lytvyniuk/Documents/библиотечка/DE online1/git/de_7/lesson_07/airflow_env/lib/python3.8/site-packages/airflow/example_dags/example_local_kubernetes_executor.py
[2023-02-10T21:46:58.985+0200] {processor.py:640} INFO - Processing file /Users/v.lytvyniuk/Documents/библиотечка/DE online1/git/de_7/lesson_07/airflow_env/lib/python3.8/site-packages/airflow/example_dags/example_local_kubernetes_executor.py for tasks to queue
[2023-02-10T21:46:58.986+0200] {logging_mixin.py:115} INFO - [2023-02-10T21:46:58.985+0200] {dagbag.py:508} INFO - Filling up the DagBag from /Users/v.lytvyniuk/Documents/библиотечка/DE online1/git/de_7/lesson_07/airflow_env/lib/python3.8/site-packages/airflow/example_dags/example_local_kubernetes_executor.py
[2023-02-10T21:46:59.011+0200] {logging_mixin.py:115} INFO - [2023-02-10T21:46:59.010+0200] {example_local_kubernetes_executor.py:37} WARNING - Could not import DAGs in example_local_kubernetes_executor.py
Traceback (most recent call last):
  File "/Users/v.lytvyniuk/Documents/библиотечка/DE online1/git/de_7/lesson_07/airflow_env/lib/python3.8/site-packages/airflow/example_dags/example_local_kubernetes_executor.py", line 35, in <module>
    from kubernetes.client import models as k8s
ModuleNotFoundError: No module named 'kubernetes'
[2023-02-10T21:46:59.011+0200] {logging_mixin.py:115} INFO - [2023-02-10T21:46:59.011+0200] {example_local_kubernetes_executor.py:38} WARNING - Install Kubernetes dependencies with: pip install apache-airflow[cncf.kubernetes]
[2023-02-10T21:46:59.011+0200] {processor.py:652} WARNING - No viable dags retrieved from /Users/v.lytvyniuk/Documents/библиотечка/DE online1/git/de_7/lesson_07/airflow_env/lib/python3.8/site-packages/airflow/example_dags/example_local_kubernetes_executor.py
[2023-02-10T21:46:59.036+0200] {processor.py:161} INFO - Processing /Users/v.lytvyniuk/Documents/библиотечка/DE online1/git/de_7/lesson_07/airflow_env/lib/python3.8/site-packages/airflow/example_dags/example_local_kubernetes_executor.py took 0.056 seconds
[2023-02-10T21:53:54.383+0200] {processor.py:153} INFO - Started process (PID=2569) to work on /Users/v.lytvyniuk/Documents/библиотечка/DE online1/git/de_7/lesson_07/airflow_env/lib/python3.8/site-packages/airflow/example_dags/example_local_kubernetes_executor.py
[2023-02-10T21:53:54.386+0200] {processor.py:640} INFO - Processing file /Users/v.lytvyniuk/Documents/библиотечка/DE online1/git/de_7/lesson_07/airflow_env/lib/python3.8/site-packages/airflow/example_dags/example_local_kubernetes_executor.py for tasks to queue
[2023-02-10T21:53:54.386+0200] {logging_mixin.py:115} INFO - [2023-02-10T21:53:54.386+0200] {dagbag.py:508} INFO - Filling up the DagBag from /Users/v.lytvyniuk/Documents/библиотечка/DE online1/git/de_7/lesson_07/airflow_env/lib/python3.8/site-packages/airflow/example_dags/example_local_kubernetes_executor.py
[2023-02-10T21:53:54.400+0200] {logging_mixin.py:115} INFO - [2023-02-10T21:53:54.400+0200] {example_local_kubernetes_executor.py:37} WARNING - Could not import DAGs in example_local_kubernetes_executor.py
Traceback (most recent call last):
  File "/Users/v.lytvyniuk/Documents/библиотечка/DE online1/git/de_7/lesson_07/airflow_env/lib/python3.8/site-packages/airflow/example_dags/example_local_kubernetes_executor.py", line 35, in <module>
    from kubernetes.client import models as k8s
ModuleNotFoundError: No module named 'kubernetes'
[2023-02-10T21:53:54.400+0200] {logging_mixin.py:115} INFO - [2023-02-10T21:53:54.400+0200] {example_local_kubernetes_executor.py:38} WARNING - Install Kubernetes dependencies with: pip install apache-airflow[cncf.kubernetes]
[2023-02-10T21:53:54.400+0200] {processor.py:652} WARNING - No viable dags retrieved from /Users/v.lytvyniuk/Documents/библиотечка/DE online1/git/de_7/lesson_07/airflow_env/lib/python3.8/site-packages/airflow/example_dags/example_local_kubernetes_executor.py
[2023-02-10T21:53:54.420+0200] {processor.py:161} INFO - Processing /Users/v.lytvyniuk/Documents/библиотечка/DE online1/git/de_7/lesson_07/airflow_env/lib/python3.8/site-packages/airflow/example_dags/example_local_kubernetes_executor.py took 0.037 seconds
[2023-02-10T21:54:47.669+0200] {processor.py:153} INFO - Started process (PID=2780) to work on /Users/v.lytvyniuk/Documents/библиотечка/DE online1/git/de_7/lesson_07/airflow_env/lib/python3.8/site-packages/airflow/example_dags/example_local_kubernetes_executor.py
[2023-02-10T21:54:47.673+0200] {processor.py:640} INFO - Processing file /Users/v.lytvyniuk/Documents/библиотечка/DE online1/git/de_7/lesson_07/airflow_env/lib/python3.8/site-packages/airflow/example_dags/example_local_kubernetes_executor.py for tasks to queue
[2023-02-10T21:54:47.673+0200] {logging_mixin.py:115} INFO - [2023-02-10T21:54:47.673+0200] {dagbag.py:508} INFO - Filling up the DagBag from /Users/v.lytvyniuk/Documents/библиотечка/DE online1/git/de_7/lesson_07/airflow_env/lib/python3.8/site-packages/airflow/example_dags/example_local_kubernetes_executor.py
[2023-02-10T21:54:47.688+0200] {logging_mixin.py:115} INFO - [2023-02-10T21:54:47.687+0200] {example_local_kubernetes_executor.py:37} WARNING - Could not import DAGs in example_local_kubernetes_executor.py
Traceback (most recent call last):
  File "/Users/v.lytvyniuk/Documents/библиотечка/DE online1/git/de_7/lesson_07/airflow_env/lib/python3.8/site-packages/airflow/example_dags/example_local_kubernetes_executor.py", line 35, in <module>
    from kubernetes.client import models as k8s
ModuleNotFoundError: No module named 'kubernetes'
[2023-02-10T21:54:47.688+0200] {logging_mixin.py:115} INFO - [2023-02-10T21:54:47.688+0200] {example_local_kubernetes_executor.py:38} WARNING - Install Kubernetes dependencies with: pip install apache-airflow[cncf.kubernetes]
[2023-02-10T21:54:47.688+0200] {processor.py:652} WARNING - No viable dags retrieved from /Users/v.lytvyniuk/Documents/библиотечка/DE online1/git/de_7/lesson_07/airflow_env/lib/python3.8/site-packages/airflow/example_dags/example_local_kubernetes_executor.py
[2023-02-10T21:54:47.707+0200] {processor.py:161} INFO - Processing /Users/v.lytvyniuk/Documents/библиотечка/DE online1/git/de_7/lesson_07/airflow_env/lib/python3.8/site-packages/airflow/example_dags/example_local_kubernetes_executor.py took 0.038 seconds
[2023-02-10T21:55:37.612+0200] {processor.py:153} INFO - Started process (PID=2959) to work on /Users/v.lytvyniuk/Documents/библиотечка/DE online1/git/de_7/lesson_07/airflow_env/lib/python3.8/site-packages/airflow/example_dags/example_local_kubernetes_executor.py
[2023-02-10T21:55:37.614+0200] {processor.py:640} INFO - Processing file /Users/v.lytvyniuk/Documents/библиотечка/DE online1/git/de_7/lesson_07/airflow_env/lib/python3.8/site-packages/airflow/example_dags/example_local_kubernetes_executor.py for tasks to queue
[2023-02-10T21:55:37.615+0200] {logging_mixin.py:115} INFO - [2023-02-10T21:55:37.615+0200] {dagbag.py:508} INFO - Filling up the DagBag from /Users/v.lytvyniuk/Documents/библиотечка/DE online1/git/de_7/lesson_07/airflow_env/lib/python3.8/site-packages/airflow/example_dags/example_local_kubernetes_executor.py
[2023-02-10T21:55:37.629+0200] {logging_mixin.py:115} INFO - [2023-02-10T21:55:37.628+0200] {example_local_kubernetes_executor.py:37} WARNING - Could not import DAGs in example_local_kubernetes_executor.py
Traceback (most recent call last):
  File "/Users/v.lytvyniuk/Documents/библиотечка/DE online1/git/de_7/lesson_07/airflow_env/lib/python3.8/site-packages/airflow/example_dags/example_local_kubernetes_executor.py", line 35, in <module>
    from kubernetes.client import models as k8s
ModuleNotFoundError: No module named 'kubernetes'
[2023-02-10T21:55:37.629+0200] {logging_mixin.py:115} INFO - [2023-02-10T21:55:37.629+0200] {example_local_kubernetes_executor.py:38} WARNING - Install Kubernetes dependencies with: pip install apache-airflow[cncf.kubernetes]
[2023-02-10T21:55:37.629+0200] {processor.py:652} WARNING - No viable dags retrieved from /Users/v.lytvyniuk/Documents/библиотечка/DE online1/git/de_7/lesson_07/airflow_env/lib/python3.8/site-packages/airflow/example_dags/example_local_kubernetes_executor.py
[2023-02-10T21:55:37.647+0200] {processor.py:161} INFO - Processing /Users/v.lytvyniuk/Documents/библиотечка/DE online1/git/de_7/lesson_07/airflow_env/lib/python3.8/site-packages/airflow/example_dags/example_local_kubernetes_executor.py took 0.036 seconds
[2023-02-10T21:56:30.849+0200] {processor.py:153} INFO - Started process (PID=3124) to work on /Users/v.lytvyniuk/Documents/библиотечка/DE online1/git/de_7/lesson_07/airflow_env/lib/python3.8/site-packages/airflow/example_dags/example_local_kubernetes_executor.py
[2023-02-10T21:56:30.853+0200] {processor.py:640} INFO - Processing file /Users/v.lytvyniuk/Documents/библиотечка/DE online1/git/de_7/lesson_07/airflow_env/lib/python3.8/site-packages/airflow/example_dags/example_local_kubernetes_executor.py for tasks to queue
[2023-02-10T21:56:30.853+0200] {logging_mixin.py:115} INFO - [2023-02-10T21:56:30.853+0200] {dagbag.py:508} INFO - Filling up the DagBag from /Users/v.lytvyniuk/Documents/библиотечка/DE online1/git/de_7/lesson_07/airflow_env/lib/python3.8/site-packages/airflow/example_dags/example_local_kubernetes_executor.py
[2023-02-10T21:56:30.867+0200] {logging_mixin.py:115} INFO - [2023-02-10T21:56:30.867+0200] {example_local_kubernetes_executor.py:37} WARNING - Could not import DAGs in example_local_kubernetes_executor.py
Traceback (most recent call last):
  File "/Users/v.lytvyniuk/Documents/библиотечка/DE online1/git/de_7/lesson_07/airflow_env/lib/python3.8/site-packages/airflow/example_dags/example_local_kubernetes_executor.py", line 35, in <module>
    from kubernetes.client import models as k8s
ModuleNotFoundError: No module named 'kubernetes'
[2023-02-10T21:56:30.867+0200] {logging_mixin.py:115} INFO - [2023-02-10T21:56:30.867+0200] {example_local_kubernetes_executor.py:38} WARNING - Install Kubernetes dependencies with: pip install apache-airflow[cncf.kubernetes]
[2023-02-10T21:56:30.867+0200] {processor.py:652} WARNING - No viable dags retrieved from /Users/v.lytvyniuk/Documents/библиотечка/DE online1/git/de_7/lesson_07/airflow_env/lib/python3.8/site-packages/airflow/example_dags/example_local_kubernetes_executor.py
[2023-02-10T21:56:30.885+0200] {processor.py:161} INFO - Processing /Users/v.lytvyniuk/Documents/библиотечка/DE online1/git/de_7/lesson_07/airflow_env/lib/python3.8/site-packages/airflow/example_dags/example_local_kubernetes_executor.py took 0.037 seconds
[2023-02-10T21:57:23.131+0200] {processor.py:153} INFO - Started process (PID=3284) to work on /Users/v.lytvyniuk/Documents/библиотечка/DE online1/git/de_7/lesson_07/airflow_env/lib/python3.8/site-packages/airflow/example_dags/example_local_kubernetes_executor.py
[2023-02-10T21:57:23.135+0200] {processor.py:640} INFO - Processing file /Users/v.lytvyniuk/Documents/библиотечка/DE online1/git/de_7/lesson_07/airflow_env/lib/python3.8/site-packages/airflow/example_dags/example_local_kubernetes_executor.py for tasks to queue
[2023-02-10T21:57:23.135+0200] {logging_mixin.py:115} INFO - [2023-02-10T21:57:23.135+0200] {dagbag.py:508} INFO - Filling up the DagBag from /Users/v.lytvyniuk/Documents/библиотечка/DE online1/git/de_7/lesson_07/airflow_env/lib/python3.8/site-packages/airflow/example_dags/example_local_kubernetes_executor.py
[2023-02-10T21:57:23.149+0200] {logging_mixin.py:115} INFO - [2023-02-10T21:57:23.149+0200] {example_local_kubernetes_executor.py:37} WARNING - Could not import DAGs in example_local_kubernetes_executor.py
Traceback (most recent call last):
  File "/Users/v.lytvyniuk/Documents/библиотечка/DE online1/git/de_7/lesson_07/airflow_env/lib/python3.8/site-packages/airflow/example_dags/example_local_kubernetes_executor.py", line 35, in <module>
    from kubernetes.client import models as k8s
ModuleNotFoundError: No module named 'kubernetes'
[2023-02-10T21:57:23.149+0200] {logging_mixin.py:115} INFO - [2023-02-10T21:57:23.149+0200] {example_local_kubernetes_executor.py:38} WARNING - Install Kubernetes dependencies with: pip install apache-airflow[cncf.kubernetes]
[2023-02-10T21:57:23.150+0200] {processor.py:652} WARNING - No viable dags retrieved from /Users/v.lytvyniuk/Documents/библиотечка/DE online1/git/de_7/lesson_07/airflow_env/lib/python3.8/site-packages/airflow/example_dags/example_local_kubernetes_executor.py
[2023-02-10T21:57:23.168+0200] {processor.py:161} INFO - Processing /Users/v.lytvyniuk/Documents/библиотечка/DE online1/git/de_7/lesson_07/airflow_env/lib/python3.8/site-packages/airflow/example_dags/example_local_kubernetes_executor.py took 0.037 seconds
