[2023-02-10T21:32:25.491+0200] {processor.py:153} INFO - Started process (PID=48317) to work on /Users/v.lytvyniuk/Documents/библиотечка/DE online1/git/de_7/lesson_07/airflow_env/lib/python3.8/site-packages/airflow/example_dags/example_skip_dag.py
[2023-02-10T21:32:25.493+0200] {processor.py:640} INFO - Processing file /Users/v.lytvyniuk/Documents/библиотечка/DE online1/git/de_7/lesson_07/airflow_env/lib/python3.8/site-packages/airflow/example_dags/example_skip_dag.py for tasks to queue
[2023-02-10T21:32:25.494+0200] {logging_mixin.py:115} INFO - [2023-02-10T21:32:25.494+0200] {dagbag.py:508} INFO - Filling up the DagBag from /Users/v.lytvyniuk/Documents/библиотечка/DE online1/git/de_7/lesson_07/airflow_env/lib/python3.8/site-packages/airflow/example_dags/example_skip_dag.py
[2023-02-10T21:32:25.502+0200] {processor.py:650} INFO - DAG(s) dict_keys(['example_skip_dag']) retrieved from /Users/v.lytvyniuk/Documents/библиотечка/DE online1/git/de_7/lesson_07/airflow_env/lib/python3.8/site-packages/airflow/example_dags/example_skip_dag.py
[2023-02-10T21:32:25.941+0200] {logging_mixin.py:115} INFO - [2023-02-10T21:32:25.941+0200] {manager.py:508} INFO - Created Permission View: can read on DAG:example_skip_dag
[2023-02-10T21:32:25.945+0200] {logging_mixin.py:115} INFO - [2023-02-10T21:32:25.945+0200] {manager.py:508} INFO - Created Permission View: can edit on DAG:example_skip_dag
[2023-02-10T21:32:25.948+0200] {logging_mixin.py:115} INFO - [2023-02-10T21:32:25.947+0200] {manager.py:508} INFO - Created Permission View: can delete on DAG:example_skip_dag
[2023-02-10T21:32:25.948+0200] {logging_mixin.py:115} INFO - [2023-02-10T21:32:25.948+0200] {dag.py:2429} INFO - Sync 1 DAGs
[2023-02-10T21:32:25.951+0200] {logging_mixin.py:115} INFO - [2023-02-10T21:32:25.951+0200] {dag.py:2448} INFO - Creating ORM DAG for example_skip_dag
[2023-02-10T21:32:25.955+0200] {logging_mixin.py:115} INFO - [2023-02-10T21:32:25.955+0200] {dag.py:2977} INFO - Setting next_dagrun for example_skip_dag to 2023-02-09T19:32:25.955751+00:00, run_after=2023-02-10T19:32:25.955751+00:00
[2023-02-10T21:32:25.963+0200] {processor.py:161} INFO - Processing /Users/v.lytvyniuk/Documents/библиотечка/DE online1/git/de_7/lesson_07/airflow_env/lib/python3.8/site-packages/airflow/example_dags/example_skip_dag.py took 0.472 seconds
[2023-02-10T21:35:02.259+0200] {processor.py:153} INFO - Started process (PID=48793) to work on /Users/v.lytvyniuk/Documents/библиотечка/DE online1/git/de_7/lesson_07/airflow_env/lib/python3.8/site-packages/airflow/example_dags/example_skip_dag.py
[2023-02-10T21:35:02.263+0200] {processor.py:640} INFO - Processing file /Users/v.lytvyniuk/Documents/библиотечка/DE online1/git/de_7/lesson_07/airflow_env/lib/python3.8/site-packages/airflow/example_dags/example_skip_dag.py for tasks to queue
[2023-02-10T21:35:02.263+0200] {logging_mixin.py:115} INFO - [2023-02-10T21:35:02.263+0200] {dagbag.py:508} INFO - Filling up the DagBag from /Users/v.lytvyniuk/Documents/библиотечка/DE online1/git/de_7/lesson_07/airflow_env/lib/python3.8/site-packages/airflow/example_dags/example_skip_dag.py
[2023-02-10T21:35:02.270+0200] {processor.py:650} INFO - DAG(s) dict_keys(['example_skip_dag']) retrieved from /Users/v.lytvyniuk/Documents/библиотечка/DE online1/git/de_7/lesson_07/airflow_env/lib/python3.8/site-packages/airflow/example_dags/example_skip_dag.py
[2023-02-10T21:35:02.302+0200] {logging_mixin.py:115} INFO - [2023-02-10T21:35:02.302+0200] {dag.py:2429} INFO - Sync 1 DAGs
[2023-02-10T21:35:02.310+0200] {logging_mixin.py:115} INFO - [2023-02-10T21:35:02.310+0200] {dag.py:2977} INFO - Setting next_dagrun for example_skip_dag to 2023-02-09T19:35:02.310237+00:00, run_after=2023-02-10T19:35:02.310237+00:00
[2023-02-10T21:35:02.316+0200] {processor.py:161} INFO - Processing /Users/v.lytvyniuk/Documents/библиотечка/DE online1/git/de_7/lesson_07/airflow_env/lib/python3.8/site-packages/airflow/example_dags/example_skip_dag.py took 0.057 seconds
[2023-02-10T21:35:53.588+0200] {processor.py:153} INFO - Started process (PID=48925) to work on /Users/v.lytvyniuk/Documents/библиотечка/DE online1/git/de_7/lesson_07/airflow_env/lib/python3.8/site-packages/airflow/example_dags/example_skip_dag.py
[2023-02-10T21:35:53.592+0200] {processor.py:640} INFO - Processing file /Users/v.lytvyniuk/Documents/библиотечка/DE online1/git/de_7/lesson_07/airflow_env/lib/python3.8/site-packages/airflow/example_dags/example_skip_dag.py for tasks to queue
[2023-02-10T21:35:53.593+0200] {logging_mixin.py:115} INFO - [2023-02-10T21:35:53.593+0200] {dagbag.py:508} INFO - Filling up the DagBag from /Users/v.lytvyniuk/Documents/библиотечка/DE online1/git/de_7/lesson_07/airflow_env/lib/python3.8/site-packages/airflow/example_dags/example_skip_dag.py
[2023-02-10T21:35:53.602+0200] {processor.py:650} INFO - DAG(s) dict_keys(['example_skip_dag']) retrieved from /Users/v.lytvyniuk/Documents/библиотечка/DE online1/git/de_7/lesson_07/airflow_env/lib/python3.8/site-packages/airflow/example_dags/example_skip_dag.py
[2023-02-10T21:35:53.638+0200] {logging_mixin.py:115} INFO - [2023-02-10T21:35:53.638+0200] {dag.py:2429} INFO - Sync 1 DAGs
[2023-02-10T21:35:53.646+0200] {logging_mixin.py:115} INFO - [2023-02-10T21:35:53.646+0200] {dag.py:2977} INFO - Setting next_dagrun for example_skip_dag to 2023-02-09T19:35:53.645887+00:00, run_after=2023-02-10T19:35:53.645887+00:00
[2023-02-10T21:35:53.651+0200] {processor.py:161} INFO - Processing /Users/v.lytvyniuk/Documents/библиотечка/DE online1/git/de_7/lesson_07/airflow_env/lib/python3.8/site-packages/airflow/example_dags/example_skip_dag.py took 0.064 seconds
[2023-02-10T21:36:44.093+0200] {processor.py:153} INFO - Started process (PID=49082) to work on /Users/v.lytvyniuk/Documents/библиотечка/DE online1/git/de_7/lesson_07/airflow_env/lib/python3.8/site-packages/airflow/example_dags/example_skip_dag.py
[2023-02-10T21:36:44.097+0200] {processor.py:640} INFO - Processing file /Users/v.lytvyniuk/Documents/библиотечка/DE online1/git/de_7/lesson_07/airflow_env/lib/python3.8/site-packages/airflow/example_dags/example_skip_dag.py for tasks to queue
[2023-02-10T21:36:44.097+0200] {logging_mixin.py:115} INFO - [2023-02-10T21:36:44.097+0200] {dagbag.py:508} INFO - Filling up the DagBag from /Users/v.lytvyniuk/Documents/библиотечка/DE online1/git/de_7/lesson_07/airflow_env/lib/python3.8/site-packages/airflow/example_dags/example_skip_dag.py
[2023-02-10T21:36:44.105+0200] {processor.py:650} INFO - DAG(s) dict_keys(['example_skip_dag']) retrieved from /Users/v.lytvyniuk/Documents/библиотечка/DE online1/git/de_7/lesson_07/airflow_env/lib/python3.8/site-packages/airflow/example_dags/example_skip_dag.py
[2023-02-10T21:36:44.141+0200] {logging_mixin.py:115} INFO - [2023-02-10T21:36:44.141+0200] {dag.py:2429} INFO - Sync 1 DAGs
[2023-02-10T21:36:44.148+0200] {logging_mixin.py:115} INFO - [2023-02-10T21:36:44.148+0200] {dag.py:2977} INFO - Setting next_dagrun for example_skip_dag to 2023-02-09T19:36:44.148756+00:00, run_after=2023-02-10T19:36:44.148756+00:00
[2023-02-10T21:36:44.156+0200] {processor.py:161} INFO - Processing /Users/v.lytvyniuk/Documents/библиотечка/DE online1/git/de_7/lesson_07/airflow_env/lib/python3.8/site-packages/airflow/example_dags/example_skip_dag.py took 0.063 seconds
[2023-02-10T21:37:34.047+0200] {processor.py:153} INFO - Started process (PID=49212) to work on /Users/v.lytvyniuk/Documents/библиотечка/DE online1/git/de_7/lesson_07/airflow_env/lib/python3.8/site-packages/airflow/example_dags/example_skip_dag.py
[2023-02-10T21:37:34.051+0200] {processor.py:640} INFO - Processing file /Users/v.lytvyniuk/Documents/библиотечка/DE online1/git/de_7/lesson_07/airflow_env/lib/python3.8/site-packages/airflow/example_dags/example_skip_dag.py for tasks to queue
[2023-02-10T21:37:34.051+0200] {logging_mixin.py:115} INFO - [2023-02-10T21:37:34.051+0200] {dagbag.py:508} INFO - Filling up the DagBag from /Users/v.lytvyniuk/Documents/библиотечка/DE online1/git/de_7/lesson_07/airflow_env/lib/python3.8/site-packages/airflow/example_dags/example_skip_dag.py
[2023-02-10T21:37:34.058+0200] {processor.py:650} INFO - DAG(s) dict_keys(['example_skip_dag']) retrieved from /Users/v.lytvyniuk/Documents/библиотечка/DE online1/git/de_7/lesson_07/airflow_env/lib/python3.8/site-packages/airflow/example_dags/example_skip_dag.py
[2023-02-10T21:37:34.091+0200] {logging_mixin.py:115} INFO - [2023-02-10T21:37:34.091+0200] {dag.py:2429} INFO - Sync 1 DAGs
[2023-02-10T21:37:34.099+0200] {logging_mixin.py:115} INFO - [2023-02-10T21:37:34.099+0200] {dag.py:2977} INFO - Setting next_dagrun for example_skip_dag to 2023-02-09T19:37:34.098999+00:00, run_after=2023-02-10T19:37:34.098999+00:00
[2023-02-10T21:37:34.104+0200] {processor.py:161} INFO - Processing /Users/v.lytvyniuk/Documents/библиотечка/DE online1/git/de_7/lesson_07/airflow_env/lib/python3.8/site-packages/airflow/example_dags/example_skip_dag.py took 0.057 seconds
[2023-02-10T21:38:23.611+0200] {processor.py:153} INFO - Started process (PID=49349) to work on /Users/v.lytvyniuk/Documents/библиотечка/DE online1/git/de_7/lesson_07/airflow_env/lib/python3.8/site-packages/airflow/example_dags/example_skip_dag.py
[2023-02-10T21:38:23.614+0200] {processor.py:640} INFO - Processing file /Users/v.lytvyniuk/Documents/библиотечка/DE online1/git/de_7/lesson_07/airflow_env/lib/python3.8/site-packages/airflow/example_dags/example_skip_dag.py for tasks to queue
[2023-02-10T21:38:23.614+0200] {logging_mixin.py:115} INFO - [2023-02-10T21:38:23.614+0200] {dagbag.py:508} INFO - Filling up the DagBag from /Users/v.lytvyniuk/Documents/библиотечка/DE online1/git/de_7/lesson_07/airflow_env/lib/python3.8/site-packages/airflow/example_dags/example_skip_dag.py
[2023-02-10T21:38:23.621+0200] {processor.py:650} INFO - DAG(s) dict_keys(['example_skip_dag']) retrieved from /Users/v.lytvyniuk/Documents/библиотечка/DE online1/git/de_7/lesson_07/airflow_env/lib/python3.8/site-packages/airflow/example_dags/example_skip_dag.py
[2023-02-10T21:38:23.651+0200] {logging_mixin.py:115} INFO - [2023-02-10T21:38:23.651+0200] {dag.py:2429} INFO - Sync 1 DAGs
[2023-02-10T21:38:23.658+0200] {logging_mixin.py:115} INFO - [2023-02-10T21:38:23.658+0200] {dag.py:2977} INFO - Setting next_dagrun for example_skip_dag to 2023-02-09T19:38:23.658326+00:00, run_after=2023-02-10T19:38:23.658326+00:00
[2023-02-10T21:38:23.663+0200] {processor.py:161} INFO - Processing /Users/v.lytvyniuk/Documents/библиотечка/DE online1/git/de_7/lesson_07/airflow_env/lib/python3.8/site-packages/airflow/example_dags/example_skip_dag.py took 0.053 seconds
[2023-02-10T21:39:13.465+0200] {processor.py:153} INFO - Started process (PID=49525) to work on /Users/v.lytvyniuk/Documents/библиотечка/DE online1/git/de_7/lesson_07/airflow_env/lib/python3.8/site-packages/airflow/example_dags/example_skip_dag.py
[2023-02-10T21:39:13.469+0200] {processor.py:640} INFO - Processing file /Users/v.lytvyniuk/Documents/библиотечка/DE online1/git/de_7/lesson_07/airflow_env/lib/python3.8/site-packages/airflow/example_dags/example_skip_dag.py for tasks to queue
[2023-02-10T21:39:13.469+0200] {logging_mixin.py:115} INFO - [2023-02-10T21:39:13.469+0200] {dagbag.py:508} INFO - Filling up the DagBag from /Users/v.lytvyniuk/Documents/библиотечка/DE online1/git/de_7/lesson_07/airflow_env/lib/python3.8/site-packages/airflow/example_dags/example_skip_dag.py
[2023-02-10T21:39:13.476+0200] {processor.py:650} INFO - DAG(s) dict_keys(['example_skip_dag']) retrieved from /Users/v.lytvyniuk/Documents/библиотечка/DE online1/git/de_7/lesson_07/airflow_env/lib/python3.8/site-packages/airflow/example_dags/example_skip_dag.py
[2023-02-10T21:39:13.506+0200] {logging_mixin.py:115} INFO - [2023-02-10T21:39:13.506+0200] {dag.py:2429} INFO - Sync 1 DAGs
[2023-02-10T21:39:13.513+0200] {logging_mixin.py:115} INFO - [2023-02-10T21:39:13.513+0200] {dag.py:2977} INFO - Setting next_dagrun for example_skip_dag to 2023-02-09T19:39:13.513063+00:00, run_after=2023-02-10T19:39:13.513063+00:00
[2023-02-10T21:39:13.518+0200] {processor.py:161} INFO - Processing /Users/v.lytvyniuk/Documents/библиотечка/DE online1/git/de_7/lesson_07/airflow_env/lib/python3.8/site-packages/airflow/example_dags/example_skip_dag.py took 0.053 seconds
[2023-02-10T21:40:03.472+0200] {processor.py:153} INFO - Started process (PID=49693) to work on /Users/v.lytvyniuk/Documents/библиотечка/DE online1/git/de_7/lesson_07/airflow_env/lib/python3.8/site-packages/airflow/example_dags/example_skip_dag.py
[2023-02-10T21:40:03.475+0200] {processor.py:640} INFO - Processing file /Users/v.lytvyniuk/Documents/библиотечка/DE online1/git/de_7/lesson_07/airflow_env/lib/python3.8/site-packages/airflow/example_dags/example_skip_dag.py for tasks to queue
[2023-02-10T21:40:03.475+0200] {logging_mixin.py:115} INFO - [2023-02-10T21:40:03.475+0200] {dagbag.py:508} INFO - Filling up the DagBag from /Users/v.lytvyniuk/Documents/библиотечка/DE online1/git/de_7/lesson_07/airflow_env/lib/python3.8/site-packages/airflow/example_dags/example_skip_dag.py
[2023-02-10T21:40:03.482+0200] {processor.py:650} INFO - DAG(s) dict_keys(['example_skip_dag']) retrieved from /Users/v.lytvyniuk/Documents/библиотечка/DE online1/git/de_7/lesson_07/airflow_env/lib/python3.8/site-packages/airflow/example_dags/example_skip_dag.py
[2023-02-10T21:40:03.513+0200] {logging_mixin.py:115} INFO - [2023-02-10T21:40:03.513+0200] {dag.py:2429} INFO - Sync 1 DAGs
[2023-02-10T21:40:03.520+0200] {logging_mixin.py:115} INFO - [2023-02-10T21:40:03.520+0200] {dag.py:2977} INFO - Setting next_dagrun for example_skip_dag to 2023-02-09T19:40:03.520141+00:00, run_after=2023-02-10T19:40:03.520141+00:00
[2023-02-10T21:40:03.525+0200] {processor.py:161} INFO - Processing /Users/v.lytvyniuk/Documents/библиотечка/DE online1/git/de_7/lesson_07/airflow_env/lib/python3.8/site-packages/airflow/example_dags/example_skip_dag.py took 0.054 seconds
[2023-02-10T21:40:54.478+0200] {processor.py:153} INFO - Started process (PID=49838) to work on /Users/v.lytvyniuk/Documents/библиотечка/DE online1/git/de_7/lesson_07/airflow_env/lib/python3.8/site-packages/airflow/example_dags/example_skip_dag.py
[2023-02-10T21:40:54.482+0200] {processor.py:640} INFO - Processing file /Users/v.lytvyniuk/Documents/библиотечка/DE online1/git/de_7/lesson_07/airflow_env/lib/python3.8/site-packages/airflow/example_dags/example_skip_dag.py for tasks to queue
[2023-02-10T21:40:54.482+0200] {logging_mixin.py:115} INFO - [2023-02-10T21:40:54.482+0200] {dagbag.py:508} INFO - Filling up the DagBag from /Users/v.lytvyniuk/Documents/библиотечка/DE online1/git/de_7/lesson_07/airflow_env/lib/python3.8/site-packages/airflow/example_dags/example_skip_dag.py
[2023-02-10T21:40:54.489+0200] {processor.py:650} INFO - DAG(s) dict_keys(['example_skip_dag']) retrieved from /Users/v.lytvyniuk/Documents/библиотечка/DE online1/git/de_7/lesson_07/airflow_env/lib/python3.8/site-packages/airflow/example_dags/example_skip_dag.py
[2023-02-10T21:40:54.524+0200] {logging_mixin.py:115} INFO - [2023-02-10T21:40:54.524+0200] {dag.py:2429} INFO - Sync 1 DAGs
[2023-02-10T21:40:54.532+0200] {logging_mixin.py:115} INFO - [2023-02-10T21:40:54.532+0200] {dag.py:2977} INFO - Setting next_dagrun for example_skip_dag to 2023-02-09T19:40:54.532757+00:00, run_after=2023-02-10T19:40:54.532757+00:00
[2023-02-10T21:40:54.538+0200] {processor.py:161} INFO - Processing /Users/v.lytvyniuk/Documents/библиотечка/DE online1/git/de_7/lesson_07/airflow_env/lib/python3.8/site-packages/airflow/example_dags/example_skip_dag.py took 0.061 seconds
[2023-02-10T21:41:44.560+0200] {processor.py:153} INFO - Started process (PID=49969) to work on /Users/v.lytvyniuk/Documents/библиотечка/DE online1/git/de_7/lesson_07/airflow_env/lib/python3.8/site-packages/airflow/example_dags/example_skip_dag.py
[2023-02-10T21:41:44.563+0200] {processor.py:640} INFO - Processing file /Users/v.lytvyniuk/Documents/библиотечка/DE online1/git/de_7/lesson_07/airflow_env/lib/python3.8/site-packages/airflow/example_dags/example_skip_dag.py for tasks to queue
[2023-02-10T21:41:44.564+0200] {logging_mixin.py:115} INFO - [2023-02-10T21:41:44.564+0200] {dagbag.py:508} INFO - Filling up the DagBag from /Users/v.lytvyniuk/Documents/библиотечка/DE online1/git/de_7/lesson_07/airflow_env/lib/python3.8/site-packages/airflow/example_dags/example_skip_dag.py
[2023-02-10T21:41:44.571+0200] {processor.py:650} INFO - DAG(s) dict_keys(['example_skip_dag']) retrieved from /Users/v.lytvyniuk/Documents/библиотечка/DE online1/git/de_7/lesson_07/airflow_env/lib/python3.8/site-packages/airflow/example_dags/example_skip_dag.py
[2023-02-10T21:41:44.603+0200] {logging_mixin.py:115} INFO - [2023-02-10T21:41:44.603+0200] {dag.py:2429} INFO - Sync 1 DAGs
[2023-02-10T21:41:44.610+0200] {logging_mixin.py:115} INFO - [2023-02-10T21:41:44.610+0200] {dag.py:2977} INFO - Setting next_dagrun for example_skip_dag to 2023-02-09T19:41:44.610698+00:00, run_after=2023-02-10T19:41:44.610698+00:00
[2023-02-10T21:41:44.616+0200] {processor.py:161} INFO - Processing /Users/v.lytvyniuk/Documents/библиотечка/DE online1/git/de_7/lesson_07/airflow_env/lib/python3.8/site-packages/airflow/example_dags/example_skip_dag.py took 0.057 seconds
[2023-02-10T21:42:35.933+0200] {processor.py:153} INFO - Started process (PID=50097) to work on /Users/v.lytvyniuk/Documents/библиотечка/DE online1/git/de_7/lesson_07/airflow_env/lib/python3.8/site-packages/airflow/example_dags/example_skip_dag.py
[2023-02-10T21:42:35.937+0200] {processor.py:640} INFO - Processing file /Users/v.lytvyniuk/Documents/библиотечка/DE online1/git/de_7/lesson_07/airflow_env/lib/python3.8/site-packages/airflow/example_dags/example_skip_dag.py for tasks to queue
[2023-02-10T21:42:35.937+0200] {logging_mixin.py:115} INFO - [2023-02-10T21:42:35.937+0200] {dagbag.py:508} INFO - Filling up the DagBag from /Users/v.lytvyniuk/Documents/библиотечка/DE online1/git/de_7/lesson_07/airflow_env/lib/python3.8/site-packages/airflow/example_dags/example_skip_dag.py
[2023-02-10T21:42:35.944+0200] {processor.py:650} INFO - DAG(s) dict_keys(['example_skip_dag']) retrieved from /Users/v.lytvyniuk/Documents/библиотечка/DE online1/git/de_7/lesson_07/airflow_env/lib/python3.8/site-packages/airflow/example_dags/example_skip_dag.py
[2023-02-10T21:42:35.975+0200] {logging_mixin.py:115} INFO - [2023-02-10T21:42:35.975+0200] {dag.py:2429} INFO - Sync 1 DAGs
[2023-02-10T21:42:35.981+0200] {logging_mixin.py:115} INFO - [2023-02-10T21:42:35.981+0200] {dag.py:2977} INFO - Setting next_dagrun for example_skip_dag to 2023-02-09T19:42:35.981610+00:00, run_after=2023-02-10T19:42:35.981610+00:00
[2023-02-10T21:42:35.986+0200] {processor.py:161} INFO - Processing /Users/v.lytvyniuk/Documents/библиотечка/DE online1/git/de_7/lesson_07/airflow_env/lib/python3.8/site-packages/airflow/example_dags/example_skip_dag.py took 0.054 seconds
[2023-02-10T21:43:26.690+0200] {processor.py:153} INFO - Started process (PID=50241) to work on /Users/v.lytvyniuk/Documents/библиотечка/DE online1/git/de_7/lesson_07/airflow_env/lib/python3.8/site-packages/airflow/example_dags/example_skip_dag.py
[2023-02-10T21:43:26.694+0200] {processor.py:640} INFO - Processing file /Users/v.lytvyniuk/Documents/библиотечка/DE online1/git/de_7/lesson_07/airflow_env/lib/python3.8/site-packages/airflow/example_dags/example_skip_dag.py for tasks to queue
[2023-02-10T21:43:26.694+0200] {logging_mixin.py:115} INFO - [2023-02-10T21:43:26.694+0200] {dagbag.py:508} INFO - Filling up the DagBag from /Users/v.lytvyniuk/Documents/библиотечка/DE online1/git/de_7/lesson_07/airflow_env/lib/python3.8/site-packages/airflow/example_dags/example_skip_dag.py
[2023-02-10T21:43:26.701+0200] {processor.py:650} INFO - DAG(s) dict_keys(['example_skip_dag']) retrieved from /Users/v.lytvyniuk/Documents/библиотечка/DE online1/git/de_7/lesson_07/airflow_env/lib/python3.8/site-packages/airflow/example_dags/example_skip_dag.py
[2023-02-10T21:43:26.732+0200] {logging_mixin.py:115} INFO - [2023-02-10T21:43:26.732+0200] {dag.py:2429} INFO - Sync 1 DAGs
[2023-02-10T21:43:26.738+0200] {logging_mixin.py:115} INFO - [2023-02-10T21:43:26.738+0200] {dag.py:2977} INFO - Setting next_dagrun for example_skip_dag to 2023-02-09T19:43:26.738709+00:00, run_after=2023-02-10T19:43:26.738709+00:00
[2023-02-10T21:43:26.743+0200] {processor.py:161} INFO - Processing /Users/v.lytvyniuk/Documents/библиотечка/DE online1/git/de_7/lesson_07/airflow_env/lib/python3.8/site-packages/airflow/example_dags/example_skip_dag.py took 0.053 seconds
[2023-02-10T21:44:17.489+0200] {processor.py:153} INFO - Started process (PID=50368) to work on /Users/v.lytvyniuk/Documents/библиотечка/DE online1/git/de_7/lesson_07/airflow_env/lib/python3.8/site-packages/airflow/example_dags/example_skip_dag.py
[2023-02-10T21:44:17.491+0200] {processor.py:640} INFO - Processing file /Users/v.lytvyniuk/Documents/библиотечка/DE online1/git/de_7/lesson_07/airflow_env/lib/python3.8/site-packages/airflow/example_dags/example_skip_dag.py for tasks to queue
[2023-02-10T21:44:17.492+0200] {logging_mixin.py:115} INFO - [2023-02-10T21:44:17.492+0200] {dagbag.py:508} INFO - Filling up the DagBag from /Users/v.lytvyniuk/Documents/библиотечка/DE online1/git/de_7/lesson_07/airflow_env/lib/python3.8/site-packages/airflow/example_dags/example_skip_dag.py
[2023-02-10T21:44:17.499+0200] {processor.py:650} INFO - DAG(s) dict_keys(['example_skip_dag']) retrieved from /Users/v.lytvyniuk/Documents/библиотечка/DE online1/git/de_7/lesson_07/airflow_env/lib/python3.8/site-packages/airflow/example_dags/example_skip_dag.py
[2023-02-10T21:44:17.531+0200] {logging_mixin.py:115} INFO - [2023-02-10T21:44:17.531+0200] {dag.py:2429} INFO - Sync 1 DAGs
[2023-02-10T21:44:17.538+0200] {logging_mixin.py:115} INFO - [2023-02-10T21:44:17.538+0200] {dag.py:2977} INFO - Setting next_dagrun for example_skip_dag to 2023-02-09T19:44:17.538057+00:00, run_after=2023-02-10T19:44:17.538057+00:00
[2023-02-10T21:44:17.543+0200] {processor.py:161} INFO - Processing /Users/v.lytvyniuk/Documents/библиотечка/DE online1/git/de_7/lesson_07/airflow_env/lib/python3.8/site-packages/airflow/example_dags/example_skip_dag.py took 0.055 seconds
[2023-02-10T21:45:08.140+0200] {processor.py:153} INFO - Started process (PID=50879) to work on /Users/v.lytvyniuk/Documents/библиотечка/DE online1/git/de_7/lesson_07/airflow_env/lib/python3.8/site-packages/airflow/example_dags/example_skip_dag.py
[2023-02-10T21:45:08.143+0200] {processor.py:640} INFO - Processing file /Users/v.lytvyniuk/Documents/библиотечка/DE online1/git/de_7/lesson_07/airflow_env/lib/python3.8/site-packages/airflow/example_dags/example_skip_dag.py for tasks to queue
[2023-02-10T21:45:08.143+0200] {logging_mixin.py:115} INFO - [2023-02-10T21:45:08.143+0200] {dagbag.py:508} INFO - Filling up the DagBag from /Users/v.lytvyniuk/Documents/библиотечка/DE online1/git/de_7/lesson_07/airflow_env/lib/python3.8/site-packages/airflow/example_dags/example_skip_dag.py
[2023-02-10T21:45:08.150+0200] {processor.py:650} INFO - DAG(s) dict_keys(['example_skip_dag']) retrieved from /Users/v.lytvyniuk/Documents/библиотечка/DE online1/git/de_7/lesson_07/airflow_env/lib/python3.8/site-packages/airflow/example_dags/example_skip_dag.py
[2023-02-10T21:45:08.181+0200] {logging_mixin.py:115} INFO - [2023-02-10T21:45:08.181+0200] {dag.py:2429} INFO - Sync 1 DAGs
[2023-02-10T21:45:08.187+0200] {logging_mixin.py:115} INFO - [2023-02-10T21:45:08.187+0200] {dag.py:2977} INFO - Setting next_dagrun for example_skip_dag to 2023-02-09T19:45:08.187777+00:00, run_after=2023-02-10T19:45:08.187777+00:00
[2023-02-10T21:45:08.192+0200] {processor.py:161} INFO - Processing /Users/v.lytvyniuk/Documents/библиотечка/DE online1/git/de_7/lesson_07/airflow_env/lib/python3.8/site-packages/airflow/example_dags/example_skip_dag.py took 0.052 seconds
[2023-02-10T21:46:01.675+0200] {processor.py:153} INFO - Started process (PID=51027) to work on /Users/v.lytvyniuk/Documents/библиотечка/DE online1/git/de_7/lesson_07/airflow_env/lib/python3.8/site-packages/airflow/example_dags/example_skip_dag.py
[2023-02-10T21:46:01.678+0200] {processor.py:640} INFO - Processing file /Users/v.lytvyniuk/Documents/библиотечка/DE online1/git/de_7/lesson_07/airflow_env/lib/python3.8/site-packages/airflow/example_dags/example_skip_dag.py for tasks to queue
[2023-02-10T21:46:01.678+0200] {logging_mixin.py:115} INFO - [2023-02-10T21:46:01.678+0200] {dagbag.py:508} INFO - Filling up the DagBag from /Users/v.lytvyniuk/Documents/библиотечка/DE online1/git/de_7/lesson_07/airflow_env/lib/python3.8/site-packages/airflow/example_dags/example_skip_dag.py
[2023-02-10T21:46:01.685+0200] {processor.py:650} INFO - DAG(s) dict_keys(['example_skip_dag']) retrieved from /Users/v.lytvyniuk/Documents/библиотечка/DE online1/git/de_7/lesson_07/airflow_env/lib/python3.8/site-packages/airflow/example_dags/example_skip_dag.py
[2023-02-10T21:46:01.716+0200] {logging_mixin.py:115} INFO - [2023-02-10T21:46:01.716+0200] {dag.py:2429} INFO - Sync 1 DAGs
[2023-02-10T21:46:01.723+0200] {logging_mixin.py:115} INFO - [2023-02-10T21:46:01.723+0200] {dag.py:2977} INFO - Setting next_dagrun for example_skip_dag to 2023-02-09T19:46:01.723060+00:00, run_after=2023-02-10T19:46:01.723060+00:00
[2023-02-10T21:46:01.728+0200] {processor.py:161} INFO - Processing /Users/v.lytvyniuk/Documents/библиотечка/DE online1/git/de_7/lesson_07/airflow_env/lib/python3.8/site-packages/airflow/example_dags/example_skip_dag.py took 0.053 seconds
[2023-02-10T21:46:51.718+0200] {processor.py:153} INFO - Started process (PID=51153) to work on /Users/v.lytvyniuk/Documents/библиотечка/DE online1/git/de_7/lesson_07/airflow_env/lib/python3.8/site-packages/airflow/example_dags/example_skip_dag.py
[2023-02-10T21:46:51.720+0200] {processor.py:640} INFO - Processing file /Users/v.lytvyniuk/Documents/библиотечка/DE online1/git/de_7/lesson_07/airflow_env/lib/python3.8/site-packages/airflow/example_dags/example_skip_dag.py for tasks to queue
[2023-02-10T21:46:51.721+0200] {logging_mixin.py:115} INFO - [2023-02-10T21:46:51.721+0200] {dagbag.py:508} INFO - Filling up the DagBag from /Users/v.lytvyniuk/Documents/библиотечка/DE online1/git/de_7/lesson_07/airflow_env/lib/python3.8/site-packages/airflow/example_dags/example_skip_dag.py
[2023-02-10T21:46:51.728+0200] {processor.py:650} INFO - DAG(s) dict_keys(['example_skip_dag']) retrieved from /Users/v.lytvyniuk/Documents/библиотечка/DE online1/git/de_7/lesson_07/airflow_env/lib/python3.8/site-packages/airflow/example_dags/example_skip_dag.py
[2023-02-10T21:46:51.761+0200] {logging_mixin.py:115} INFO - [2023-02-10T21:46:51.761+0200] {dag.py:2429} INFO - Sync 1 DAGs
[2023-02-10T21:46:51.768+0200] {logging_mixin.py:115} INFO - [2023-02-10T21:46:51.768+0200] {dag.py:2977} INFO - Setting next_dagrun for example_skip_dag to 2023-02-09T19:46:51.768223+00:00, run_after=2023-02-10T19:46:51.768223+00:00
[2023-02-10T21:46:51.774+0200] {processor.py:161} INFO - Processing /Users/v.lytvyniuk/Documents/библиотечка/DE online1/git/de_7/lesson_07/airflow_env/lib/python3.8/site-packages/airflow/example_dags/example_skip_dag.py took 0.056 seconds
[2023-02-10T21:47:41.259+0200] {processor.py:153} INFO - Started process (PID=51896) to work on /Users/v.lytvyniuk/Documents/библиотечка/DE online1/git/de_7/lesson_07/airflow_env/lib/python3.8/site-packages/airflow/example_dags/example_skip_dag.py
[2023-02-10T21:47:41.262+0200] {processor.py:640} INFO - Processing file /Users/v.lytvyniuk/Documents/библиотечка/DE online1/git/de_7/lesson_07/airflow_env/lib/python3.8/site-packages/airflow/example_dags/example_skip_dag.py for tasks to queue
[2023-02-10T21:47:41.262+0200] {logging_mixin.py:115} INFO - [2023-02-10T21:47:41.262+0200] {dagbag.py:508} INFO - Filling up the DagBag from /Users/v.lytvyniuk/Documents/библиотечка/DE online1/git/de_7/lesson_07/airflow_env/lib/python3.8/site-packages/airflow/example_dags/example_skip_dag.py
[2023-02-10T21:47:41.270+0200] {processor.py:650} INFO - DAG(s) dict_keys(['example_skip_dag']) retrieved from /Users/v.lytvyniuk/Documents/библиотечка/DE online1/git/de_7/lesson_07/airflow_env/lib/python3.8/site-packages/airflow/example_dags/example_skip_dag.py
[2023-02-10T21:47:41.304+0200] {logging_mixin.py:115} INFO - [2023-02-10T21:47:41.304+0200] {dag.py:2429} INFO - Sync 1 DAGs
[2023-02-10T21:47:41.312+0200] {logging_mixin.py:115} INFO - [2023-02-10T21:47:41.312+0200] {dag.py:2977} INFO - Setting next_dagrun for example_skip_dag to 2023-02-09T19:47:41.312495+00:00, run_after=2023-02-10T19:47:41.312495+00:00
[2023-02-10T21:47:41.318+0200] {processor.py:161} INFO - Processing /Users/v.lytvyniuk/Documents/библиотечка/DE online1/git/de_7/lesson_07/airflow_env/lib/python3.8/site-packages/airflow/example_dags/example_skip_dag.py took 0.059 seconds
[2023-02-10T21:53:47.211+0200] {processor.py:153} INFO - Started process (PID=2543) to work on /Users/v.lytvyniuk/Documents/библиотечка/DE online1/git/de_7/lesson_07/airflow_env/lib/python3.8/site-packages/airflow/example_dags/example_skip_dag.py
[2023-02-10T21:53:47.215+0200] {processor.py:640} INFO - Processing file /Users/v.lytvyniuk/Documents/библиотечка/DE online1/git/de_7/lesson_07/airflow_env/lib/python3.8/site-packages/airflow/example_dags/example_skip_dag.py for tasks to queue
[2023-02-10T21:53:47.215+0200] {logging_mixin.py:115} INFO - [2023-02-10T21:53:47.215+0200] {dagbag.py:508} INFO - Filling up the DagBag from /Users/v.lytvyniuk/Documents/библиотечка/DE online1/git/de_7/lesson_07/airflow_env/lib/python3.8/site-packages/airflow/example_dags/example_skip_dag.py
[2023-02-10T21:53:47.222+0200] {processor.py:650} INFO - DAG(s) dict_keys(['example_skip_dag']) retrieved from /Users/v.lytvyniuk/Documents/библиотечка/DE online1/git/de_7/lesson_07/airflow_env/lib/python3.8/site-packages/airflow/example_dags/example_skip_dag.py
[2023-02-10T21:53:47.252+0200] {logging_mixin.py:115} INFO - [2023-02-10T21:53:47.252+0200] {dag.py:2429} INFO - Sync 1 DAGs
[2023-02-10T21:53:47.259+0200] {logging_mixin.py:115} INFO - [2023-02-10T21:53:47.259+0200] {dag.py:2977} INFO - Setting next_dagrun for example_skip_dag to 2023-02-09T19:53:47.259288+00:00, run_after=2023-02-10T19:53:47.259288+00:00
[2023-02-10T21:53:47.264+0200] {processor.py:161} INFO - Processing /Users/v.lytvyniuk/Documents/библиотечка/DE online1/git/de_7/lesson_07/airflow_env/lib/python3.8/site-packages/airflow/example_dags/example_skip_dag.py took 0.053 seconds
[2023-02-10T21:54:40.510+0200] {processor.py:153} INFO - Started process (PID=2751) to work on /Users/v.lytvyniuk/Documents/библиотечка/DE online1/git/de_7/lesson_07/airflow_env/lib/python3.8/site-packages/airflow/example_dags/example_skip_dag.py
[2023-02-10T21:54:40.513+0200] {processor.py:640} INFO - Processing file /Users/v.lytvyniuk/Documents/библиотечка/DE online1/git/de_7/lesson_07/airflow_env/lib/python3.8/site-packages/airflow/example_dags/example_skip_dag.py for tasks to queue
[2023-02-10T21:54:40.513+0200] {logging_mixin.py:115} INFO - [2023-02-10T21:54:40.513+0200] {dagbag.py:508} INFO - Filling up the DagBag from /Users/v.lytvyniuk/Documents/библиотечка/DE online1/git/de_7/lesson_07/airflow_env/lib/python3.8/site-packages/airflow/example_dags/example_skip_dag.py
[2023-02-10T21:54:40.520+0200] {processor.py:650} INFO - DAG(s) dict_keys(['example_skip_dag']) retrieved from /Users/v.lytvyniuk/Documents/библиотечка/DE online1/git/de_7/lesson_07/airflow_env/lib/python3.8/site-packages/airflow/example_dags/example_skip_dag.py
[2023-02-10T21:54:40.550+0200] {logging_mixin.py:115} INFO - [2023-02-10T21:54:40.550+0200] {dag.py:2429} INFO - Sync 1 DAGs
[2023-02-10T21:54:40.557+0200] {logging_mixin.py:115} INFO - [2023-02-10T21:54:40.557+0200] {dag.py:2977} INFO - Setting next_dagrun for example_skip_dag to 2023-02-09T19:54:40.557380+00:00, run_after=2023-02-10T19:54:40.557380+00:00
[2023-02-10T21:54:40.562+0200] {processor.py:161} INFO - Processing /Users/v.lytvyniuk/Documents/библиотечка/DE online1/git/de_7/lesson_07/airflow_env/lib/python3.8/site-packages/airflow/example_dags/example_skip_dag.py took 0.053 seconds
[2023-02-10T21:55:30.355+0200] {processor.py:153} INFO - Started process (PID=2933) to work on /Users/v.lytvyniuk/Documents/библиотечка/DE online1/git/de_7/lesson_07/airflow_env/lib/python3.8/site-packages/airflow/example_dags/example_skip_dag.py
[2023-02-10T21:55:30.359+0200] {processor.py:640} INFO - Processing file /Users/v.lytvyniuk/Documents/библиотечка/DE online1/git/de_7/lesson_07/airflow_env/lib/python3.8/site-packages/airflow/example_dags/example_skip_dag.py for tasks to queue
[2023-02-10T21:55:30.359+0200] {logging_mixin.py:115} INFO - [2023-02-10T21:55:30.359+0200] {dagbag.py:508} INFO - Filling up the DagBag from /Users/v.lytvyniuk/Documents/библиотечка/DE online1/git/de_7/lesson_07/airflow_env/lib/python3.8/site-packages/airflow/example_dags/example_skip_dag.py
[2023-02-10T21:55:30.367+0200] {processor.py:650} INFO - DAG(s) dict_keys(['example_skip_dag']) retrieved from /Users/v.lytvyniuk/Documents/библиотечка/DE online1/git/de_7/lesson_07/airflow_env/lib/python3.8/site-packages/airflow/example_dags/example_skip_dag.py
[2023-02-10T21:55:30.402+0200] {logging_mixin.py:115} INFO - [2023-02-10T21:55:30.402+0200] {dag.py:2429} INFO - Sync 1 DAGs
[2023-02-10T21:55:30.411+0200] {logging_mixin.py:115} INFO - [2023-02-10T21:55:30.410+0200] {dag.py:2977} INFO - Setting next_dagrun for example_skip_dag to 2023-02-09T19:55:30.410865+00:00, run_after=2023-02-10T19:55:30.410865+00:00
[2023-02-10T21:55:30.417+0200] {processor.py:161} INFO - Processing /Users/v.lytvyniuk/Documents/библиотечка/DE online1/git/de_7/lesson_07/airflow_env/lib/python3.8/site-packages/airflow/example_dags/example_skip_dag.py took 0.062 seconds
[2023-02-10T21:56:24.588+0200] {processor.py:153} INFO - Started process (PID=3107) to work on /Users/v.lytvyniuk/Documents/библиотечка/DE online1/git/de_7/lesson_07/airflow_env/lib/python3.8/site-packages/airflow/example_dags/example_skip_dag.py
[2023-02-10T21:56:24.592+0200] {processor.py:640} INFO - Processing file /Users/v.lytvyniuk/Documents/библиотечка/DE online1/git/de_7/lesson_07/airflow_env/lib/python3.8/site-packages/airflow/example_dags/example_skip_dag.py for tasks to queue
[2023-02-10T21:56:24.592+0200] {logging_mixin.py:115} INFO - [2023-02-10T21:56:24.592+0200] {dagbag.py:508} INFO - Filling up the DagBag from /Users/v.lytvyniuk/Documents/библиотечка/DE online1/git/de_7/lesson_07/airflow_env/lib/python3.8/site-packages/airflow/example_dags/example_skip_dag.py
[2023-02-10T21:56:24.599+0200] {processor.py:650} INFO - DAG(s) dict_keys(['example_skip_dag']) retrieved from /Users/v.lytvyniuk/Documents/библиотечка/DE online1/git/de_7/lesson_07/airflow_env/lib/python3.8/site-packages/airflow/example_dags/example_skip_dag.py
[2023-02-10T21:56:24.629+0200] {logging_mixin.py:115} INFO - [2023-02-10T21:56:24.629+0200] {dag.py:2429} INFO - Sync 1 DAGs
[2023-02-10T21:56:24.636+0200] {logging_mixin.py:115} INFO - [2023-02-10T21:56:24.636+0200] {dag.py:2977} INFO - Setting next_dagrun for example_skip_dag to 2023-02-09T19:56:24.636096+00:00, run_after=2023-02-10T19:56:24.636096+00:00
[2023-02-10T21:56:24.641+0200] {processor.py:161} INFO - Processing /Users/v.lytvyniuk/Documents/библиотечка/DE online1/git/de_7/lesson_07/airflow_env/lib/python3.8/site-packages/airflow/example_dags/example_skip_dag.py took 0.053 seconds
[2023-02-10T21:57:15.859+0200] {processor.py:153} INFO - Started process (PID=3264) to work on /Users/v.lytvyniuk/Documents/библиотечка/DE online1/git/de_7/lesson_07/airflow_env/lib/python3.8/site-packages/airflow/example_dags/example_skip_dag.py
[2023-02-10T21:57:15.862+0200] {processor.py:640} INFO - Processing file /Users/v.lytvyniuk/Documents/библиотечка/DE online1/git/de_7/lesson_07/airflow_env/lib/python3.8/site-packages/airflow/example_dags/example_skip_dag.py for tasks to queue
[2023-02-10T21:57:15.862+0200] {logging_mixin.py:115} INFO - [2023-02-10T21:57:15.862+0200] {dagbag.py:508} INFO - Filling up the DagBag from /Users/v.lytvyniuk/Documents/библиотечка/DE online1/git/de_7/lesson_07/airflow_env/lib/python3.8/site-packages/airflow/example_dags/example_skip_dag.py
[2023-02-10T21:57:15.870+0200] {processor.py:650} INFO - DAG(s) dict_keys(['example_skip_dag']) retrieved from /Users/v.lytvyniuk/Documents/библиотечка/DE online1/git/de_7/lesson_07/airflow_env/lib/python3.8/site-packages/airflow/example_dags/example_skip_dag.py
[2023-02-10T21:57:15.905+0200] {logging_mixin.py:115} INFO - [2023-02-10T21:57:15.905+0200] {dag.py:2429} INFO - Sync 1 DAGs
[2023-02-10T21:57:15.913+0200] {logging_mixin.py:115} INFO - [2023-02-10T21:57:15.913+0200] {dag.py:2977} INFO - Setting next_dagrun for example_skip_dag to 2023-02-09T19:57:15.913663+00:00, run_after=2023-02-10T19:57:15.913663+00:00
[2023-02-10T21:57:15.919+0200] {processor.py:161} INFO - Processing /Users/v.lytvyniuk/Documents/библиотечка/DE online1/git/de_7/lesson_07/airflow_env/lib/python3.8/site-packages/airflow/example_dags/example_skip_dag.py took 0.061 seconds
[2023-02-10T21:58:10.706+0200] {processor.py:153} INFO - Started process (PID=3589) to work on /Users/v.lytvyniuk/Documents/библиотечка/DE online1/git/de_7/lesson_07/airflow_env/lib/python3.8/site-packages/airflow/example_dags/example_skip_dag.py
[2023-02-10T21:58:10.710+0200] {processor.py:640} INFO - Processing file /Users/v.lytvyniuk/Documents/библиотечка/DE online1/git/de_7/lesson_07/airflow_env/lib/python3.8/site-packages/airflow/example_dags/example_skip_dag.py for tasks to queue
[2023-02-10T21:58:10.710+0200] {logging_mixin.py:115} INFO - [2023-02-10T21:58:10.710+0200] {dagbag.py:508} INFO - Filling up the DagBag from /Users/v.lytvyniuk/Documents/библиотечка/DE online1/git/de_7/lesson_07/airflow_env/lib/python3.8/site-packages/airflow/example_dags/example_skip_dag.py
[2023-02-10T21:58:10.717+0200] {processor.py:650} INFO - DAG(s) dict_keys(['example_skip_dag']) retrieved from /Users/v.lytvyniuk/Documents/библиотечка/DE online1/git/de_7/lesson_07/airflow_env/lib/python3.8/site-packages/airflow/example_dags/example_skip_dag.py
[2023-02-10T21:58:10.748+0200] {logging_mixin.py:115} INFO - [2023-02-10T21:58:10.748+0200] {dag.py:2429} INFO - Sync 1 DAGs
[2023-02-10T21:58:10.755+0200] {logging_mixin.py:115} INFO - [2023-02-10T21:58:10.755+0200] {dag.py:2977} INFO - Setting next_dagrun for example_skip_dag to 2023-02-09T19:58:10.755038+00:00, run_after=2023-02-10T19:58:10.755038+00:00
[2023-02-10T21:58:10.760+0200] {processor.py:161} INFO - Processing /Users/v.lytvyniuk/Documents/библиотечка/DE online1/git/de_7/lesson_07/airflow_env/lib/python3.8/site-packages/airflow/example_dags/example_skip_dag.py took 0.054 seconds
