[2023-02-10T21:32:23.492+0200] {processor.py:153} INFO - Started process (PID=48312) to work on /Users/v.lytvyniuk/Documents/библиотечка/DE online1/git/de_7/lesson_07/airflow_env/lib/python3.8/site-packages/airflow/example_dags/example_sla_dag.py
[2023-02-10T21:32:23.495+0200] {processor.py:640} INFO - Processing file /Users/v.lytvyniuk/Documents/библиотечка/DE online1/git/de_7/lesson_07/airflow_env/lib/python3.8/site-packages/airflow/example_dags/example_sla_dag.py for tasks to queue
[2023-02-10T21:32:23.495+0200] {logging_mixin.py:115} INFO - [2023-02-10T21:32:23.495+0200] {dagbag.py:508} INFO - Filling up the DagBag from /Users/v.lytvyniuk/Documents/библиотечка/DE online1/git/de_7/lesson_07/airflow_env/lib/python3.8/site-packages/airflow/example_dags/example_sla_dag.py
[2023-02-10T21:32:23.516+0200] {processor.py:650} INFO - DAG(s) dict_keys(['example_sla_dag']) retrieved from /Users/v.lytvyniuk/Documents/библиотечка/DE online1/git/de_7/lesson_07/airflow_env/lib/python3.8/site-packages/airflow/example_dags/example_sla_dag.py
[2023-02-10T21:32:23.898+0200] {logging_mixin.py:115} INFO - [2023-02-10T21:32:23.898+0200] {manager.py:508} INFO - Created Permission View: can edit on DAG:example_sla_dag
[2023-02-10T21:32:23.901+0200] {logging_mixin.py:115} INFO - [2023-02-10T21:32:23.901+0200] {manager.py:508} INFO - Created Permission View: can delete on DAG:example_sla_dag
[2023-02-10T21:32:23.904+0200] {logging_mixin.py:115} INFO - [2023-02-10T21:32:23.904+0200] {manager.py:508} INFO - Created Permission View: can read on DAG:example_sla_dag
[2023-02-10T21:32:23.904+0200] {logging_mixin.py:115} INFO - [2023-02-10T21:32:23.904+0200] {dag.py:2429} INFO - Sync 1 DAGs
[2023-02-10T21:32:23.908+0200] {logging_mixin.py:115} INFO - [2023-02-10T21:32:23.908+0200] {dag.py:2448} INFO - Creating ORM DAG for example_sla_dag
[2023-02-10T21:32:23.914+0200] {logging_mixin.py:115} INFO - [2023-02-10T21:32:23.913+0200] {dag.py:2977} INFO - Setting next_dagrun for example_sla_dag to 2023-02-10T19:30:00+00:00, run_after=2023-02-10T19:32:00+00:00
[2023-02-10T21:32:23.919+0200] {processor.py:161} INFO - Processing /Users/v.lytvyniuk/Documents/библиотечка/DE online1/git/de_7/lesson_07/airflow_env/lib/python3.8/site-packages/airflow/example_dags/example_sla_dag.py took 0.427 seconds
[2023-02-10T21:35:00.629+0200] {processor.py:153} INFO - Started process (PID=48789) to work on /Users/v.lytvyniuk/Documents/библиотечка/DE online1/git/de_7/lesson_07/airflow_env/lib/python3.8/site-packages/airflow/example_dags/example_sla_dag.py
[2023-02-10T21:35:00.633+0200] {processor.py:640} INFO - Processing file /Users/v.lytvyniuk/Documents/библиотечка/DE online1/git/de_7/lesson_07/airflow_env/lib/python3.8/site-packages/airflow/example_dags/example_sla_dag.py for tasks to queue
[2023-02-10T21:35:00.633+0200] {logging_mixin.py:115} INFO - [2023-02-10T21:35:00.633+0200] {dagbag.py:508} INFO - Filling up the DagBag from /Users/v.lytvyniuk/Documents/библиотечка/DE online1/git/de_7/lesson_07/airflow_env/lib/python3.8/site-packages/airflow/example_dags/example_sla_dag.py
[2023-02-10T21:35:00.654+0200] {processor.py:650} INFO - DAG(s) dict_keys(['example_sla_dag']) retrieved from /Users/v.lytvyniuk/Documents/библиотечка/DE online1/git/de_7/lesson_07/airflow_env/lib/python3.8/site-packages/airflow/example_dags/example_sla_dag.py
[2023-02-10T21:35:00.688+0200] {logging_mixin.py:115} INFO - [2023-02-10T21:35:00.688+0200] {dag.py:2429} INFO - Sync 1 DAGs
[2023-02-10T21:35:00.699+0200] {logging_mixin.py:115} INFO - [2023-02-10T21:35:00.699+0200] {dag.py:2977} INFO - Setting next_dagrun for example_sla_dag to 2023-02-10T19:32:00+00:00, run_after=2023-02-10T19:34:00+00:00
[2023-02-10T21:35:00.706+0200] {processor.py:161} INFO - Processing /Users/v.lytvyniuk/Documents/библиотечка/DE online1/git/de_7/lesson_07/airflow_env/lib/python3.8/site-packages/airflow/example_dags/example_sla_dag.py took 0.077 seconds
[2023-02-10T21:35:52.838+0200] {processor.py:153} INFO - Started process (PID=48922) to work on /Users/v.lytvyniuk/Documents/библиотечка/DE online1/git/de_7/lesson_07/airflow_env/lib/python3.8/site-packages/airflow/example_dags/example_sla_dag.py
[2023-02-10T21:35:52.842+0200] {processor.py:640} INFO - Processing file /Users/v.lytvyniuk/Documents/библиотечка/DE online1/git/de_7/lesson_07/airflow_env/lib/python3.8/site-packages/airflow/example_dags/example_sla_dag.py for tasks to queue
[2023-02-10T21:35:52.842+0200] {logging_mixin.py:115} INFO - [2023-02-10T21:35:52.842+0200] {dagbag.py:508} INFO - Filling up the DagBag from /Users/v.lytvyniuk/Documents/библиотечка/DE online1/git/de_7/lesson_07/airflow_env/lib/python3.8/site-packages/airflow/example_dags/example_sla_dag.py
[2023-02-10T21:35:52.861+0200] {processor.py:650} INFO - DAG(s) dict_keys(['example_sla_dag']) retrieved from /Users/v.lytvyniuk/Documents/библиотечка/DE online1/git/de_7/lesson_07/airflow_env/lib/python3.8/site-packages/airflow/example_dags/example_sla_dag.py
[2023-02-10T21:35:52.891+0200] {logging_mixin.py:115} INFO - [2023-02-10T21:35:52.891+0200] {dag.py:2429} INFO - Sync 1 DAGs
[2023-02-10T21:35:52.900+0200] {logging_mixin.py:115} INFO - [2023-02-10T21:35:52.900+0200] {dag.py:2977} INFO - Setting next_dagrun for example_sla_dag to 2023-02-10T19:32:00+00:00, run_after=2023-02-10T19:34:00+00:00
[2023-02-10T21:35:52.905+0200] {processor.py:161} INFO - Processing /Users/v.lytvyniuk/Documents/библиотечка/DE online1/git/de_7/lesson_07/airflow_env/lib/python3.8/site-packages/airflow/example_dags/example_sla_dag.py took 0.067 seconds
[2023-02-10T21:36:43.212+0200] {processor.py:153} INFO - Started process (PID=49072) to work on /Users/v.lytvyniuk/Documents/библиотечка/DE online1/git/de_7/lesson_07/airflow_env/lib/python3.8/site-packages/airflow/example_dags/example_sla_dag.py
[2023-02-10T21:36:43.215+0200] {processor.py:640} INFO - Processing file /Users/v.lytvyniuk/Documents/библиотечка/DE online1/git/de_7/lesson_07/airflow_env/lib/python3.8/site-packages/airflow/example_dags/example_sla_dag.py for tasks to queue
[2023-02-10T21:36:43.215+0200] {logging_mixin.py:115} INFO - [2023-02-10T21:36:43.215+0200] {dagbag.py:508} INFO - Filling up the DagBag from /Users/v.lytvyniuk/Documents/библиотечка/DE online1/git/de_7/lesson_07/airflow_env/lib/python3.8/site-packages/airflow/example_dags/example_sla_dag.py
[2023-02-10T21:36:43.239+0200] {processor.py:650} INFO - DAG(s) dict_keys(['example_sla_dag']) retrieved from /Users/v.lytvyniuk/Documents/библиотечка/DE online1/git/de_7/lesson_07/airflow_env/lib/python3.8/site-packages/airflow/example_dags/example_sla_dag.py
[2023-02-10T21:36:43.277+0200] {logging_mixin.py:115} INFO - [2023-02-10T21:36:43.276+0200] {dag.py:2429} INFO - Sync 1 DAGs
[2023-02-10T21:36:43.286+0200] {logging_mixin.py:115} INFO - [2023-02-10T21:36:43.286+0200] {dag.py:2977} INFO - Setting next_dagrun for example_sla_dag to 2023-02-10T19:34:00+00:00, run_after=2023-02-10T19:36:00+00:00
[2023-02-10T21:36:43.292+0200] {processor.py:161} INFO - Processing /Users/v.lytvyniuk/Documents/библиотечка/DE online1/git/de_7/lesson_07/airflow_env/lib/python3.8/site-packages/airflow/example_dags/example_sla_dag.py took 0.080 seconds
[2023-02-10T21:37:33.407+0200] {processor.py:153} INFO - Started process (PID=49210) to work on /Users/v.lytvyniuk/Documents/библиотечка/DE online1/git/de_7/lesson_07/airflow_env/lib/python3.8/site-packages/airflow/example_dags/example_sla_dag.py
[2023-02-10T21:37:33.411+0200] {processor.py:640} INFO - Processing file /Users/v.lytvyniuk/Documents/библиотечка/DE online1/git/de_7/lesson_07/airflow_env/lib/python3.8/site-packages/airflow/example_dags/example_sla_dag.py for tasks to queue
[2023-02-10T21:37:33.411+0200] {logging_mixin.py:115} INFO - [2023-02-10T21:37:33.411+0200] {dagbag.py:508} INFO - Filling up the DagBag from /Users/v.lytvyniuk/Documents/библиотечка/DE online1/git/de_7/lesson_07/airflow_env/lib/python3.8/site-packages/airflow/example_dags/example_sla_dag.py
[2023-02-10T21:37:33.429+0200] {processor.py:650} INFO - DAG(s) dict_keys(['example_sla_dag']) retrieved from /Users/v.lytvyniuk/Documents/библиотечка/DE online1/git/de_7/lesson_07/airflow_env/lib/python3.8/site-packages/airflow/example_dags/example_sla_dag.py
[2023-02-10T21:37:33.459+0200] {logging_mixin.py:115} INFO - [2023-02-10T21:37:33.459+0200] {dag.py:2429} INFO - Sync 1 DAGs
[2023-02-10T21:37:33.468+0200] {logging_mixin.py:115} INFO - [2023-02-10T21:37:33.468+0200] {dag.py:2977} INFO - Setting next_dagrun for example_sla_dag to 2023-02-10T19:34:00+00:00, run_after=2023-02-10T19:36:00+00:00
[2023-02-10T21:37:33.473+0200] {processor.py:161} INFO - Processing /Users/v.lytvyniuk/Documents/библиотечка/DE online1/git/de_7/lesson_07/airflow_env/lib/python3.8/site-packages/airflow/example_dags/example_sla_dag.py took 0.066 seconds
[2023-02-10T21:38:22.925+0200] {processor.py:153} INFO - Started process (PID=49347) to work on /Users/v.lytvyniuk/Documents/библиотечка/DE online1/git/de_7/lesson_07/airflow_env/lib/python3.8/site-packages/airflow/example_dags/example_sla_dag.py
[2023-02-10T21:38:22.928+0200] {processor.py:640} INFO - Processing file /Users/v.lytvyniuk/Documents/библиотечка/DE online1/git/de_7/lesson_07/airflow_env/lib/python3.8/site-packages/airflow/example_dags/example_sla_dag.py for tasks to queue
[2023-02-10T21:38:22.928+0200] {logging_mixin.py:115} INFO - [2023-02-10T21:38:22.928+0200] {dagbag.py:508} INFO - Filling up the DagBag from /Users/v.lytvyniuk/Documents/библиотечка/DE online1/git/de_7/lesson_07/airflow_env/lib/python3.8/site-packages/airflow/example_dags/example_sla_dag.py
[2023-02-10T21:38:22.946+0200] {processor.py:650} INFO - DAG(s) dict_keys(['example_sla_dag']) retrieved from /Users/v.lytvyniuk/Documents/библиотечка/DE online1/git/de_7/lesson_07/airflow_env/lib/python3.8/site-packages/airflow/example_dags/example_sla_dag.py
[2023-02-10T21:38:22.976+0200] {logging_mixin.py:115} INFO - [2023-02-10T21:38:22.976+0200] {dag.py:2429} INFO - Sync 1 DAGs
[2023-02-10T21:38:22.985+0200] {logging_mixin.py:115} INFO - [2023-02-10T21:38:22.985+0200] {dag.py:2977} INFO - Setting next_dagrun for example_sla_dag to 2023-02-10T19:36:00+00:00, run_after=2023-02-10T19:38:00+00:00
[2023-02-10T21:38:22.990+0200] {processor.py:161} INFO - Processing /Users/v.lytvyniuk/Documents/библиотечка/DE online1/git/de_7/lesson_07/airflow_env/lib/python3.8/site-packages/airflow/example_dags/example_sla_dag.py took 0.066 seconds
[2023-02-10T21:39:12.307+0200] {processor.py:153} INFO - Started process (PID=49522) to work on /Users/v.lytvyniuk/Documents/библиотечка/DE online1/git/de_7/lesson_07/airflow_env/lib/python3.8/site-packages/airflow/example_dags/example_sla_dag.py
[2023-02-10T21:39:12.310+0200] {processor.py:640} INFO - Processing file /Users/v.lytvyniuk/Documents/библиотечка/DE online1/git/de_7/lesson_07/airflow_env/lib/python3.8/site-packages/airflow/example_dags/example_sla_dag.py for tasks to queue
[2023-02-10T21:39:12.310+0200] {logging_mixin.py:115} INFO - [2023-02-10T21:39:12.310+0200] {dagbag.py:508} INFO - Filling up the DagBag from /Users/v.lytvyniuk/Documents/библиотечка/DE online1/git/de_7/lesson_07/airflow_env/lib/python3.8/site-packages/airflow/example_dags/example_sla_dag.py
[2023-02-10T21:39:12.329+0200] {processor.py:650} INFO - DAG(s) dict_keys(['example_sla_dag']) retrieved from /Users/v.lytvyniuk/Documents/библиотечка/DE online1/git/de_7/lesson_07/airflow_env/lib/python3.8/site-packages/airflow/example_dags/example_sla_dag.py
[2023-02-10T21:39:12.361+0200] {logging_mixin.py:115} INFO - [2023-02-10T21:39:12.361+0200] {dag.py:2429} INFO - Sync 1 DAGs
[2023-02-10T21:39:12.371+0200] {logging_mixin.py:115} INFO - [2023-02-10T21:39:12.371+0200] {dag.py:2977} INFO - Setting next_dagrun for example_sla_dag to 2023-02-10T19:36:00+00:00, run_after=2023-02-10T19:38:00+00:00
[2023-02-10T21:39:12.378+0200] {processor.py:161} INFO - Processing /Users/v.lytvyniuk/Documents/библиотечка/DE online1/git/de_7/lesson_07/airflow_env/lib/python3.8/site-packages/airflow/example_dags/example_sla_dag.py took 0.072 seconds
[2023-02-10T21:40:02.491+0200] {processor.py:153} INFO - Started process (PID=49690) to work on /Users/v.lytvyniuk/Documents/библиотечка/DE online1/git/de_7/lesson_07/airflow_env/lib/python3.8/site-packages/airflow/example_dags/example_sla_dag.py
[2023-02-10T21:40:02.495+0200] {processor.py:640} INFO - Processing file /Users/v.lytvyniuk/Documents/библиотечка/DE online1/git/de_7/lesson_07/airflow_env/lib/python3.8/site-packages/airflow/example_dags/example_sla_dag.py for tasks to queue
[2023-02-10T21:40:02.495+0200] {logging_mixin.py:115} INFO - [2023-02-10T21:40:02.495+0200] {dagbag.py:508} INFO - Filling up the DagBag from /Users/v.lytvyniuk/Documents/библиотечка/DE online1/git/de_7/lesson_07/airflow_env/lib/python3.8/site-packages/airflow/example_dags/example_sla_dag.py
[2023-02-10T21:40:02.514+0200] {processor.py:650} INFO - DAG(s) dict_keys(['example_sla_dag']) retrieved from /Users/v.lytvyniuk/Documents/библиотечка/DE online1/git/de_7/lesson_07/airflow_env/lib/python3.8/site-packages/airflow/example_dags/example_sla_dag.py
[2023-02-10T21:40:02.545+0200] {logging_mixin.py:115} INFO - [2023-02-10T21:40:02.544+0200] {dag.py:2429} INFO - Sync 1 DAGs
[2023-02-10T21:40:02.554+0200] {logging_mixin.py:115} INFO - [2023-02-10T21:40:02.554+0200] {dag.py:2977} INFO - Setting next_dagrun for example_sla_dag to 2023-02-10T19:38:00+00:00, run_after=2023-02-10T19:40:00+00:00
[2023-02-10T21:40:02.559+0200] {processor.py:161} INFO - Processing /Users/v.lytvyniuk/Documents/библиотечка/DE online1/git/de_7/lesson_07/airflow_env/lib/python3.8/site-packages/airflow/example_dags/example_sla_dag.py took 0.069 seconds
[2023-02-10T21:40:52.899+0200] {processor.py:153} INFO - Started process (PID=49834) to work on /Users/v.lytvyniuk/Documents/библиотечка/DE online1/git/de_7/lesson_07/airflow_env/lib/python3.8/site-packages/airflow/example_dags/example_sla_dag.py
[2023-02-10T21:40:52.902+0200] {processor.py:640} INFO - Processing file /Users/v.lytvyniuk/Documents/библиотечка/DE online1/git/de_7/lesson_07/airflow_env/lib/python3.8/site-packages/airflow/example_dags/example_sla_dag.py for tasks to queue
[2023-02-10T21:40:52.902+0200] {logging_mixin.py:115} INFO - [2023-02-10T21:40:52.902+0200] {dagbag.py:508} INFO - Filling up the DagBag from /Users/v.lytvyniuk/Documents/библиотечка/DE online1/git/de_7/lesson_07/airflow_env/lib/python3.8/site-packages/airflow/example_dags/example_sla_dag.py
[2023-02-10T21:40:52.921+0200] {processor.py:650} INFO - DAG(s) dict_keys(['example_sla_dag']) retrieved from /Users/v.lytvyniuk/Documents/библиотечка/DE online1/git/de_7/lesson_07/airflow_env/lib/python3.8/site-packages/airflow/example_dags/example_sla_dag.py
[2023-02-10T21:40:52.952+0200] {logging_mixin.py:115} INFO - [2023-02-10T21:40:52.951+0200] {dag.py:2429} INFO - Sync 1 DAGs
[2023-02-10T21:40:52.961+0200] {logging_mixin.py:115} INFO - [2023-02-10T21:40:52.960+0200] {dag.py:2977} INFO - Setting next_dagrun for example_sla_dag to 2023-02-10T19:38:00+00:00, run_after=2023-02-10T19:40:00+00:00
[2023-02-10T21:40:52.966+0200] {processor.py:161} INFO - Processing /Users/v.lytvyniuk/Documents/библиотечка/DE online1/git/de_7/lesson_07/airflow_env/lib/python3.8/site-packages/airflow/example_dags/example_sla_dag.py took 0.067 seconds
[2023-02-10T21:41:42.861+0200] {processor.py:153} INFO - Started process (PID=49966) to work on /Users/v.lytvyniuk/Documents/библиотечка/DE online1/git/de_7/lesson_07/airflow_env/lib/python3.8/site-packages/airflow/example_dags/example_sla_dag.py
[2023-02-10T21:41:42.864+0200] {processor.py:640} INFO - Processing file /Users/v.lytvyniuk/Documents/библиотечка/DE online1/git/de_7/lesson_07/airflow_env/lib/python3.8/site-packages/airflow/example_dags/example_sla_dag.py for tasks to queue
[2023-02-10T21:41:42.864+0200] {logging_mixin.py:115} INFO - [2023-02-10T21:41:42.864+0200] {dagbag.py:508} INFO - Filling up the DagBag from /Users/v.lytvyniuk/Documents/библиотечка/DE online1/git/de_7/lesson_07/airflow_env/lib/python3.8/site-packages/airflow/example_dags/example_sla_dag.py
[2023-02-10T21:41:42.884+0200] {processor.py:650} INFO - DAG(s) dict_keys(['example_sla_dag']) retrieved from /Users/v.lytvyniuk/Documents/библиотечка/DE online1/git/de_7/lesson_07/airflow_env/lib/python3.8/site-packages/airflow/example_dags/example_sla_dag.py
[2023-02-10T21:41:42.915+0200] {logging_mixin.py:115} INFO - [2023-02-10T21:41:42.915+0200] {dag.py:2429} INFO - Sync 1 DAGs
[2023-02-10T21:41:42.925+0200] {logging_mixin.py:115} INFO - [2023-02-10T21:41:42.925+0200] {dag.py:2977} INFO - Setting next_dagrun for example_sla_dag to 2023-02-10T19:38:00+00:00, run_after=2023-02-10T19:40:00+00:00
[2023-02-10T21:41:42.930+0200] {processor.py:161} INFO - Processing /Users/v.lytvyniuk/Documents/библиотечка/DE online1/git/de_7/lesson_07/airflow_env/lib/python3.8/site-packages/airflow/example_dags/example_sla_dag.py took 0.069 seconds
[2023-02-10T21:42:34.248+0200] {processor.py:153} INFO - Started process (PID=50093) to work on /Users/v.lytvyniuk/Documents/библиотечка/DE online1/git/de_7/lesson_07/airflow_env/lib/python3.8/site-packages/airflow/example_dags/example_sla_dag.py
[2023-02-10T21:42:34.252+0200] {processor.py:640} INFO - Processing file /Users/v.lytvyniuk/Documents/библиотечка/DE online1/git/de_7/lesson_07/airflow_env/lib/python3.8/site-packages/airflow/example_dags/example_sla_dag.py for tasks to queue
[2023-02-10T21:42:34.252+0200] {logging_mixin.py:115} INFO - [2023-02-10T21:42:34.252+0200] {dagbag.py:508} INFO - Filling up the DagBag from /Users/v.lytvyniuk/Documents/библиотечка/DE online1/git/de_7/lesson_07/airflow_env/lib/python3.8/site-packages/airflow/example_dags/example_sla_dag.py
[2023-02-10T21:42:34.271+0200] {processor.py:650} INFO - DAG(s) dict_keys(['example_sla_dag']) retrieved from /Users/v.lytvyniuk/Documents/библиотечка/DE online1/git/de_7/lesson_07/airflow_env/lib/python3.8/site-packages/airflow/example_dags/example_sla_dag.py
[2023-02-10T21:42:34.302+0200] {logging_mixin.py:115} INFO - [2023-02-10T21:42:34.302+0200] {dag.py:2429} INFO - Sync 1 DAGs
[2023-02-10T21:42:34.312+0200] {logging_mixin.py:115} INFO - [2023-02-10T21:42:34.312+0200] {dag.py:2977} INFO - Setting next_dagrun for example_sla_dag to 2023-02-10T19:40:00+00:00, run_after=2023-02-10T19:42:00+00:00
[2023-02-10T21:42:34.318+0200] {processor.py:161} INFO - Processing /Users/v.lytvyniuk/Documents/библиотечка/DE online1/git/de_7/lesson_07/airflow_env/lib/python3.8/site-packages/airflow/example_dags/example_sla_dag.py took 0.070 seconds
[2023-02-10T21:43:26.133+0200] {processor.py:153} INFO - Started process (PID=50239) to work on /Users/v.lytvyniuk/Documents/библиотечка/DE online1/git/de_7/lesson_07/airflow_env/lib/python3.8/site-packages/airflow/example_dags/example_sla_dag.py
[2023-02-10T21:43:26.136+0200] {processor.py:640} INFO - Processing file /Users/v.lytvyniuk/Documents/библиотечка/DE online1/git/de_7/lesson_07/airflow_env/lib/python3.8/site-packages/airflow/example_dags/example_sla_dag.py for tasks to queue
[2023-02-10T21:43:26.136+0200] {logging_mixin.py:115} INFO - [2023-02-10T21:43:26.136+0200] {dagbag.py:508} INFO - Filling up the DagBag from /Users/v.lytvyniuk/Documents/библиотечка/DE online1/git/de_7/lesson_07/airflow_env/lib/python3.8/site-packages/airflow/example_dags/example_sla_dag.py
[2023-02-10T21:43:26.155+0200] {processor.py:650} INFO - DAG(s) dict_keys(['example_sla_dag']) retrieved from /Users/v.lytvyniuk/Documents/библиотечка/DE online1/git/de_7/lesson_07/airflow_env/lib/python3.8/site-packages/airflow/example_dags/example_sla_dag.py
[2023-02-10T21:43:26.185+0200] {logging_mixin.py:115} INFO - [2023-02-10T21:43:26.185+0200] {dag.py:2429} INFO - Sync 1 DAGs
[2023-02-10T21:43:26.195+0200] {logging_mixin.py:115} INFO - [2023-02-10T21:43:26.195+0200] {dag.py:2977} INFO - Setting next_dagrun for example_sla_dag to 2023-02-10T19:40:00+00:00, run_after=2023-02-10T19:42:00+00:00
[2023-02-10T21:43:26.200+0200] {processor.py:161} INFO - Processing /Users/v.lytvyniuk/Documents/библиотечка/DE online1/git/de_7/lesson_07/airflow_env/lib/python3.8/site-packages/airflow/example_dags/example_sla_dag.py took 0.067 seconds
[2023-02-10T21:44:16.816+0200] {processor.py:153} INFO - Started process (PID=50366) to work on /Users/v.lytvyniuk/Documents/библиотечка/DE online1/git/de_7/lesson_07/airflow_env/lib/python3.8/site-packages/airflow/example_dags/example_sla_dag.py
[2023-02-10T21:44:16.820+0200] {processor.py:640} INFO - Processing file /Users/v.lytvyniuk/Documents/библиотечка/DE online1/git/de_7/lesson_07/airflow_env/lib/python3.8/site-packages/airflow/example_dags/example_sla_dag.py for tasks to queue
[2023-02-10T21:44:16.820+0200] {logging_mixin.py:115} INFO - [2023-02-10T21:44:16.820+0200] {dagbag.py:508} INFO - Filling up the DagBag from /Users/v.lytvyniuk/Documents/библиотечка/DE online1/git/de_7/lesson_07/airflow_env/lib/python3.8/site-packages/airflow/example_dags/example_sla_dag.py
[2023-02-10T21:44:16.839+0200] {processor.py:650} INFO - DAG(s) dict_keys(['example_sla_dag']) retrieved from /Users/v.lytvyniuk/Documents/библиотечка/DE online1/git/de_7/lesson_07/airflow_env/lib/python3.8/site-packages/airflow/example_dags/example_sla_dag.py
[2023-02-10T21:44:16.868+0200] {logging_mixin.py:115} INFO - [2023-02-10T21:44:16.868+0200] {dag.py:2429} INFO - Sync 1 DAGs
[2023-02-10T21:44:16.877+0200] {logging_mixin.py:115} INFO - [2023-02-10T21:44:16.877+0200] {dag.py:2977} INFO - Setting next_dagrun for example_sla_dag to 2023-02-10T19:42:00+00:00, run_after=2023-02-10T19:44:00+00:00
[2023-02-10T21:44:16.882+0200] {processor.py:161} INFO - Processing /Users/v.lytvyniuk/Documents/библиотечка/DE online1/git/de_7/lesson_07/airflow_env/lib/python3.8/site-packages/airflow/example_dags/example_sla_dag.py took 0.067 seconds
[2023-02-10T21:45:07.296+0200] {processor.py:153} INFO - Started process (PID=50875) to work on /Users/v.lytvyniuk/Documents/библиотечка/DE online1/git/de_7/lesson_07/airflow_env/lib/python3.8/site-packages/airflow/example_dags/example_sla_dag.py
[2023-02-10T21:45:07.299+0200] {processor.py:640} INFO - Processing file /Users/v.lytvyniuk/Documents/библиотечка/DE online1/git/de_7/lesson_07/airflow_env/lib/python3.8/site-packages/airflow/example_dags/example_sla_dag.py for tasks to queue
[2023-02-10T21:45:07.300+0200] {logging_mixin.py:115} INFO - [2023-02-10T21:45:07.299+0200] {dagbag.py:508} INFO - Filling up the DagBag from /Users/v.lytvyniuk/Documents/библиотечка/DE online1/git/de_7/lesson_07/airflow_env/lib/python3.8/site-packages/airflow/example_dags/example_sla_dag.py
[2023-02-10T21:45:07.319+0200] {processor.py:650} INFO - DAG(s) dict_keys(['example_sla_dag']) retrieved from /Users/v.lytvyniuk/Documents/библиотечка/DE online1/git/de_7/lesson_07/airflow_env/lib/python3.8/site-packages/airflow/example_dags/example_sla_dag.py
[2023-02-10T21:45:07.350+0200] {logging_mixin.py:115} INFO - [2023-02-10T21:45:07.350+0200] {dag.py:2429} INFO - Sync 1 DAGs
[2023-02-10T21:45:07.359+0200] {logging_mixin.py:115} INFO - [2023-02-10T21:45:07.359+0200] {dag.py:2977} INFO - Setting next_dagrun for example_sla_dag to 2023-02-10T19:42:00+00:00, run_after=2023-02-10T19:44:00+00:00
[2023-02-10T21:45:07.364+0200] {processor.py:161} INFO - Processing /Users/v.lytvyniuk/Documents/библиотечка/DE online1/git/de_7/lesson_07/airflow_env/lib/python3.8/site-packages/airflow/example_dags/example_sla_dag.py took 0.068 seconds
[2023-02-10T21:46:00.057+0200] {processor.py:153} INFO - Started process (PID=51023) to work on /Users/v.lytvyniuk/Documents/библиотечка/DE online1/git/de_7/lesson_07/airflow_env/lib/python3.8/site-packages/airflow/example_dags/example_sla_dag.py
[2023-02-10T21:46:00.061+0200] {processor.py:640} INFO - Processing file /Users/v.lytvyniuk/Documents/библиотечка/DE online1/git/de_7/lesson_07/airflow_env/lib/python3.8/site-packages/airflow/example_dags/example_sla_dag.py for tasks to queue
[2023-02-10T21:46:00.061+0200] {logging_mixin.py:115} INFO - [2023-02-10T21:46:00.061+0200] {dagbag.py:508} INFO - Filling up the DagBag from /Users/v.lytvyniuk/Documents/библиотечка/DE online1/git/de_7/lesson_07/airflow_env/lib/python3.8/site-packages/airflow/example_dags/example_sla_dag.py
[2023-02-10T21:46:00.080+0200] {processor.py:650} INFO - DAG(s) dict_keys(['example_sla_dag']) retrieved from /Users/v.lytvyniuk/Documents/библиотечка/DE online1/git/de_7/lesson_07/airflow_env/lib/python3.8/site-packages/airflow/example_dags/example_sla_dag.py
[2023-02-10T21:46:00.109+0200] {logging_mixin.py:115} INFO - [2023-02-10T21:46:00.109+0200] {dag.py:2429} INFO - Sync 1 DAGs
[2023-02-10T21:46:00.118+0200] {logging_mixin.py:115} INFO - [2023-02-10T21:46:00.118+0200] {dag.py:2977} INFO - Setting next_dagrun for example_sla_dag to 2023-02-10T19:44:00+00:00, run_after=2023-02-10T19:46:00+00:00
[2023-02-10T21:46:00.123+0200] {processor.py:161} INFO - Processing /Users/v.lytvyniuk/Documents/библиотечка/DE online1/git/de_7/lesson_07/airflow_env/lib/python3.8/site-packages/airflow/example_dags/example_sla_dag.py took 0.066 seconds
[2023-02-10T21:46:50.361+0200] {processor.py:153} INFO - Started process (PID=51149) to work on /Users/v.lytvyniuk/Documents/библиотечка/DE online1/git/de_7/lesson_07/airflow_env/lib/python3.8/site-packages/airflow/example_dags/example_sla_dag.py
[2023-02-10T21:46:50.364+0200] {processor.py:640} INFO - Processing file /Users/v.lytvyniuk/Documents/библиотечка/DE online1/git/de_7/lesson_07/airflow_env/lib/python3.8/site-packages/airflow/example_dags/example_sla_dag.py for tasks to queue
[2023-02-10T21:46:50.364+0200] {logging_mixin.py:115} INFO - [2023-02-10T21:46:50.364+0200] {dagbag.py:508} INFO - Filling up the DagBag from /Users/v.lytvyniuk/Documents/библиотечка/DE online1/git/de_7/lesson_07/airflow_env/lib/python3.8/site-packages/airflow/example_dags/example_sla_dag.py
[2023-02-10T21:46:50.384+0200] {processor.py:650} INFO - DAG(s) dict_keys(['example_sla_dag']) retrieved from /Users/v.lytvyniuk/Documents/библиотечка/DE online1/git/de_7/lesson_07/airflow_env/lib/python3.8/site-packages/airflow/example_dags/example_sla_dag.py
[2023-02-10T21:46:50.416+0200] {logging_mixin.py:115} INFO - [2023-02-10T21:46:50.416+0200] {dag.py:2429} INFO - Sync 1 DAGs
[2023-02-10T21:46:50.426+0200] {logging_mixin.py:115} INFO - [2023-02-10T21:46:50.426+0200] {dag.py:2977} INFO - Setting next_dagrun for example_sla_dag to 2023-02-10T19:44:00+00:00, run_after=2023-02-10T19:46:00+00:00
[2023-02-10T21:46:50.431+0200] {processor.py:161} INFO - Processing /Users/v.lytvyniuk/Documents/библиотечка/DE online1/git/de_7/lesson_07/airflow_env/lib/python3.8/site-packages/airflow/example_dags/example_sla_dag.py took 0.070 seconds
[2023-02-10T21:47:39.675+0200] {processor.py:153} INFO - Started process (PID=51887) to work on /Users/v.lytvyniuk/Documents/библиотечка/DE online1/git/de_7/lesson_07/airflow_env/lib/python3.8/site-packages/airflow/example_dags/example_sla_dag.py
[2023-02-10T21:47:39.678+0200] {processor.py:640} INFO - Processing file /Users/v.lytvyniuk/Documents/библиотечка/DE online1/git/de_7/lesson_07/airflow_env/lib/python3.8/site-packages/airflow/example_dags/example_sla_dag.py for tasks to queue
[2023-02-10T21:47:39.678+0200] {logging_mixin.py:115} INFO - [2023-02-10T21:47:39.678+0200] {dagbag.py:508} INFO - Filling up the DagBag from /Users/v.lytvyniuk/Documents/библиотечка/DE online1/git/de_7/lesson_07/airflow_env/lib/python3.8/site-packages/airflow/example_dags/example_sla_dag.py
[2023-02-10T21:47:39.697+0200] {processor.py:650} INFO - DAG(s) dict_keys(['example_sla_dag']) retrieved from /Users/v.lytvyniuk/Documents/библиотечка/DE online1/git/de_7/lesson_07/airflow_env/lib/python3.8/site-packages/airflow/example_dags/example_sla_dag.py
[2023-02-10T21:47:39.728+0200] {logging_mixin.py:115} INFO - [2023-02-10T21:47:39.727+0200] {dag.py:2429} INFO - Sync 1 DAGs
[2023-02-10T21:47:39.737+0200] {logging_mixin.py:115} INFO - [2023-02-10T21:47:39.737+0200] {dag.py:2977} INFO - Setting next_dagrun for example_sla_dag to 2023-02-10T19:44:00+00:00, run_after=2023-02-10T19:46:00+00:00
[2023-02-10T21:47:39.742+0200] {processor.py:161} INFO - Processing /Users/v.lytvyniuk/Documents/библиотечка/DE online1/git/de_7/lesson_07/airflow_env/lib/python3.8/site-packages/airflow/example_dags/example_sla_dag.py took 0.067 seconds
[2023-02-10T21:53:45.595+0200] {processor.py:153} INFO - Started process (PID=2539) to work on /Users/v.lytvyniuk/Documents/библиотечка/DE online1/git/de_7/lesson_07/airflow_env/lib/python3.8/site-packages/airflow/example_dags/example_sla_dag.py
[2023-02-10T21:53:45.598+0200] {processor.py:640} INFO - Processing file /Users/v.lytvyniuk/Documents/библиотечка/DE online1/git/de_7/lesson_07/airflow_env/lib/python3.8/site-packages/airflow/example_dags/example_sla_dag.py for tasks to queue
[2023-02-10T21:53:45.599+0200] {logging_mixin.py:115} INFO - [2023-02-10T21:53:45.598+0200] {dagbag.py:508} INFO - Filling up the DagBag from /Users/v.lytvyniuk/Documents/библиотечка/DE online1/git/de_7/lesson_07/airflow_env/lib/python3.8/site-packages/airflow/example_dags/example_sla_dag.py
[2023-02-10T21:53:45.617+0200] {processor.py:650} INFO - DAG(s) dict_keys(['example_sla_dag']) retrieved from /Users/v.lytvyniuk/Documents/библиотечка/DE online1/git/de_7/lesson_07/airflow_env/lib/python3.8/site-packages/airflow/example_dags/example_sla_dag.py
[2023-02-10T21:53:45.647+0200] {logging_mixin.py:115} INFO - [2023-02-10T21:53:45.647+0200] {dag.py:2429} INFO - Sync 1 DAGs
[2023-02-10T21:53:45.656+0200] {logging_mixin.py:115} INFO - [2023-02-10T21:53:45.656+0200] {dag.py:2977} INFO - Setting next_dagrun for example_sla_dag to 2023-02-10T19:50:00+00:00, run_after=2023-02-10T19:52:00+00:00
[2023-02-10T21:53:45.661+0200] {processor.py:161} INFO - Processing /Users/v.lytvyniuk/Documents/библиотечка/DE online1/git/de_7/lesson_07/airflow_env/lib/python3.8/site-packages/airflow/example_dags/example_sla_dag.py took 0.067 seconds
[2023-02-10T21:54:39.283+0200] {processor.py:153} INFO - Started process (PID=2747) to work on /Users/v.lytvyniuk/Documents/библиотечка/DE online1/git/de_7/lesson_07/airflow_env/lib/python3.8/site-packages/airflow/example_dags/example_sla_dag.py
[2023-02-10T21:54:39.286+0200] {processor.py:640} INFO - Processing file /Users/v.lytvyniuk/Documents/библиотечка/DE online1/git/de_7/lesson_07/airflow_env/lib/python3.8/site-packages/airflow/example_dags/example_sla_dag.py for tasks to queue
[2023-02-10T21:54:39.286+0200] {logging_mixin.py:115} INFO - [2023-02-10T21:54:39.286+0200] {dagbag.py:508} INFO - Filling up the DagBag from /Users/v.lytvyniuk/Documents/библиотечка/DE online1/git/de_7/lesson_07/airflow_env/lib/python3.8/site-packages/airflow/example_dags/example_sla_dag.py
[2023-02-10T21:54:39.306+0200] {processor.py:650} INFO - DAG(s) dict_keys(['example_sla_dag']) retrieved from /Users/v.lytvyniuk/Documents/библиотечка/DE online1/git/de_7/lesson_07/airflow_env/lib/python3.8/site-packages/airflow/example_dags/example_sla_dag.py
[2023-02-10T21:54:39.337+0200] {logging_mixin.py:115} INFO - [2023-02-10T21:54:39.337+0200] {dag.py:2429} INFO - Sync 1 DAGs
[2023-02-10T21:54:39.346+0200] {logging_mixin.py:115} INFO - [2023-02-10T21:54:39.346+0200] {dag.py:2977} INFO - Setting next_dagrun for example_sla_dag to 2023-02-10T19:52:00+00:00, run_after=2023-02-10T19:54:00+00:00
[2023-02-10T21:54:39.351+0200] {processor.py:161} INFO - Processing /Users/v.lytvyniuk/Documents/библиотечка/DE online1/git/de_7/lesson_07/airflow_env/lib/python3.8/site-packages/airflow/example_dags/example_sla_dag.py took 0.069 seconds
[2023-02-10T21:55:29.236+0200] {processor.py:153} INFO - Started process (PID=2930) to work on /Users/v.lytvyniuk/Documents/библиотечка/DE online1/git/de_7/lesson_07/airflow_env/lib/python3.8/site-packages/airflow/example_dags/example_sla_dag.py
[2023-02-10T21:55:29.239+0200] {processor.py:640} INFO - Processing file /Users/v.lytvyniuk/Documents/библиотечка/DE online1/git/de_7/lesson_07/airflow_env/lib/python3.8/site-packages/airflow/example_dags/example_sla_dag.py for tasks to queue
[2023-02-10T21:55:29.239+0200] {logging_mixin.py:115} INFO - [2023-02-10T21:55:29.239+0200] {dagbag.py:508} INFO - Filling up the DagBag from /Users/v.lytvyniuk/Documents/библиотечка/DE online1/git/de_7/lesson_07/airflow_env/lib/python3.8/site-packages/airflow/example_dags/example_sla_dag.py
[2023-02-10T21:55:29.258+0200] {processor.py:650} INFO - DAG(s) dict_keys(['example_sla_dag']) retrieved from /Users/v.lytvyniuk/Documents/библиотечка/DE online1/git/de_7/lesson_07/airflow_env/lib/python3.8/site-packages/airflow/example_dags/example_sla_dag.py
[2023-02-10T21:55:29.288+0200] {logging_mixin.py:115} INFO - [2023-02-10T21:55:29.288+0200] {dag.py:2429} INFO - Sync 1 DAGs
[2023-02-10T21:55:29.297+0200] {logging_mixin.py:115} INFO - [2023-02-10T21:55:29.297+0200] {dag.py:2977} INFO - Setting next_dagrun for example_sla_dag to 2023-02-10T19:52:00+00:00, run_after=2023-02-10T19:54:00+00:00
[2023-02-10T21:55:29.302+0200] {processor.py:161} INFO - Processing /Users/v.lytvyniuk/Documents/библиотечка/DE online1/git/de_7/lesson_07/airflow_env/lib/python3.8/site-packages/airflow/example_dags/example_sla_dag.py took 0.067 seconds
[2023-02-10T21:56:22.967+0200] {processor.py:153} INFO - Started process (PID=3102) to work on /Users/v.lytvyniuk/Documents/библиотечка/DE online1/git/de_7/lesson_07/airflow_env/lib/python3.8/site-packages/airflow/example_dags/example_sla_dag.py
[2023-02-10T21:56:22.970+0200] {processor.py:640} INFO - Processing file /Users/v.lytvyniuk/Documents/библиотечка/DE online1/git/de_7/lesson_07/airflow_env/lib/python3.8/site-packages/airflow/example_dags/example_sla_dag.py for tasks to queue
[2023-02-10T21:56:22.971+0200] {logging_mixin.py:115} INFO - [2023-02-10T21:56:22.971+0200] {dagbag.py:508} INFO - Filling up the DagBag from /Users/v.lytvyniuk/Documents/библиотечка/DE online1/git/de_7/lesson_07/airflow_env/lib/python3.8/site-packages/airflow/example_dags/example_sla_dag.py
[2023-02-10T21:56:22.989+0200] {processor.py:650} INFO - DAG(s) dict_keys(['example_sla_dag']) retrieved from /Users/v.lytvyniuk/Documents/библиотечка/DE online1/git/de_7/lesson_07/airflow_env/lib/python3.8/site-packages/airflow/example_dags/example_sla_dag.py
[2023-02-10T21:56:23.020+0200] {logging_mixin.py:115} INFO - [2023-02-10T21:56:23.019+0200] {dag.py:2429} INFO - Sync 1 DAGs
[2023-02-10T21:56:23.029+0200] {logging_mixin.py:115} INFO - [2023-02-10T21:56:23.028+0200] {dag.py:2977} INFO - Setting next_dagrun for example_sla_dag to 2023-02-10T19:54:00+00:00, run_after=2023-02-10T19:56:00+00:00
[2023-02-10T21:56:23.034+0200] {processor.py:161} INFO - Processing /Users/v.lytvyniuk/Documents/библиотечка/DE online1/git/de_7/lesson_07/airflow_env/lib/python3.8/site-packages/airflow/example_dags/example_sla_dag.py took 0.067 seconds
[2023-02-10T21:57:15.103+0200] {processor.py:153} INFO - Started process (PID=3261) to work on /Users/v.lytvyniuk/Documents/библиотечка/DE online1/git/de_7/lesson_07/airflow_env/lib/python3.8/site-packages/airflow/example_dags/example_sla_dag.py
[2023-02-10T21:57:15.107+0200] {processor.py:640} INFO - Processing file /Users/v.lytvyniuk/Documents/библиотечка/DE online1/git/de_7/lesson_07/airflow_env/lib/python3.8/site-packages/airflow/example_dags/example_sla_dag.py for tasks to queue
[2023-02-10T21:57:15.107+0200] {logging_mixin.py:115} INFO - [2023-02-10T21:57:15.107+0200] {dagbag.py:508} INFO - Filling up the DagBag from /Users/v.lytvyniuk/Documents/библиотечка/DE online1/git/de_7/lesson_07/airflow_env/lib/python3.8/site-packages/airflow/example_dags/example_sla_dag.py
[2023-02-10T21:57:15.125+0200] {processor.py:650} INFO - DAG(s) dict_keys(['example_sla_dag']) retrieved from /Users/v.lytvyniuk/Documents/библиотечка/DE online1/git/de_7/lesson_07/airflow_env/lib/python3.8/site-packages/airflow/example_dags/example_sla_dag.py
[2023-02-10T21:57:15.155+0200] {logging_mixin.py:115} INFO - [2023-02-10T21:57:15.155+0200] {dag.py:2429} INFO - Sync 1 DAGs
[2023-02-10T21:57:15.164+0200] {logging_mixin.py:115} INFO - [2023-02-10T21:57:15.164+0200] {dag.py:2977} INFO - Setting next_dagrun for example_sla_dag to 2023-02-10T19:54:00+00:00, run_after=2023-02-10T19:56:00+00:00
[2023-02-10T21:57:15.169+0200] {processor.py:161} INFO - Processing /Users/v.lytvyniuk/Documents/библиотечка/DE online1/git/de_7/lesson_07/airflow_env/lib/python3.8/site-packages/airflow/example_dags/example_sla_dag.py took 0.067 seconds
[2023-02-10T21:58:09.019+0200] {processor.py:153} INFO - Started process (PID=3582) to work on /Users/v.lytvyniuk/Documents/библиотечка/DE online1/git/de_7/lesson_07/airflow_env/lib/python3.8/site-packages/airflow/example_dags/example_sla_dag.py
[2023-02-10T21:58:09.023+0200] {processor.py:640} INFO - Processing file /Users/v.lytvyniuk/Documents/библиотечка/DE online1/git/de_7/lesson_07/airflow_env/lib/python3.8/site-packages/airflow/example_dags/example_sla_dag.py for tasks to queue
[2023-02-10T21:58:09.023+0200] {logging_mixin.py:115} INFO - [2023-02-10T21:58:09.023+0200] {dagbag.py:508} INFO - Filling up the DagBag from /Users/v.lytvyniuk/Documents/библиотечка/DE online1/git/de_7/lesson_07/airflow_env/lib/python3.8/site-packages/airflow/example_dags/example_sla_dag.py
[2023-02-10T21:58:09.046+0200] {processor.py:650} INFO - DAG(s) dict_keys(['example_sla_dag']) retrieved from /Users/v.lytvyniuk/Documents/библиотечка/DE online1/git/de_7/lesson_07/airflow_env/lib/python3.8/site-packages/airflow/example_dags/example_sla_dag.py
[2023-02-10T21:58:09.079+0200] {logging_mixin.py:115} INFO - [2023-02-10T21:58:09.079+0200] {dag.py:2429} INFO - Sync 1 DAGs
[2023-02-10T21:58:09.091+0200] {logging_mixin.py:115} INFO - [2023-02-10T21:58:09.090+0200] {dag.py:2977} INFO - Setting next_dagrun for example_sla_dag to 2023-02-10T19:56:00+00:00, run_after=2023-02-10T19:58:00+00:00
[2023-02-10T21:58:09.100+0200] {processor.py:161} INFO - Processing /Users/v.lytvyniuk/Documents/библиотечка/DE online1/git/de_7/lesson_07/airflow_env/lib/python3.8/site-packages/airflow/example_dags/example_sla_dag.py took 0.081 seconds
