[2023-02-10T21:32:59.599+0200] {processor.py:153} INFO - Started process (PID=48393) to work on /Users/v.lytvyniuk/Documents/библиотечка/DE online1/git/de_7/lesson_07/airflow_env/lib/python3.8/site-packages/airflow/example_dags/example_bash_operator.py
[2023-02-10T21:32:59.602+0200] {processor.py:640} INFO - Processing file /Users/v.lytvyniuk/Documents/библиотечка/DE online1/git/de_7/lesson_07/airflow_env/lib/python3.8/site-packages/airflow/example_dags/example_bash_operator.py for tasks to queue
[2023-02-10T21:32:59.602+0200] {logging_mixin.py:115} INFO - [2023-02-10T21:32:59.602+0200] {dagbag.py:508} INFO - Filling up the DagBag from /Users/v.lytvyniuk/Documents/библиотечка/DE online1/git/de_7/lesson_07/airflow_env/lib/python3.8/site-packages/airflow/example_dags/example_bash_operator.py
[2023-02-10T21:32:59.612+0200] {processor.py:650} INFO - DAG(s) dict_keys(['example_bash_operator']) retrieved from /Users/v.lytvyniuk/Documents/библиотечка/DE online1/git/de_7/lesson_07/airflow_env/lib/python3.8/site-packages/airflow/example_dags/example_bash_operator.py
[2023-02-10T21:32:59.995+0200] {logging_mixin.py:115} INFO - [2023-02-10T21:32:59.995+0200] {manager.py:508} INFO - Created Permission View: can read on DAG:example_bash_operator
[2023-02-10T21:32:59.999+0200] {logging_mixin.py:115} INFO - [2023-02-10T21:32:59.999+0200] {manager.py:508} INFO - Created Permission View: can edit on DAG:example_bash_operator
[2023-02-10T21:33:00.001+0200] {logging_mixin.py:115} INFO - [2023-02-10T21:33:00.001+0200] {manager.py:508} INFO - Created Permission View: can delete on DAG:example_bash_operator
[2023-02-10T21:33:00.002+0200] {logging_mixin.py:115} INFO - [2023-02-10T21:33:00.002+0200] {dag.py:2429} INFO - Sync 1 DAGs
[2023-02-10T21:33:00.005+0200] {logging_mixin.py:115} INFO - [2023-02-10T21:33:00.005+0200] {dag.py:2448} INFO - Creating ORM DAG for example_bash_operator
[2023-02-10T21:33:00.010+0200] {logging_mixin.py:115} INFO - [2023-02-10T21:33:00.010+0200] {dag.py:2977} INFO - Setting next_dagrun for example_bash_operator to 2023-02-09T00:00:00+00:00, run_after=2023-02-10T00:00:00+00:00
[2023-02-10T21:33:00.016+0200] {processor.py:161} INFO - Processing /Users/v.lytvyniuk/Documents/библиотечка/DE online1/git/de_7/lesson_07/airflow_env/lib/python3.8/site-packages/airflow/example_dags/example_bash_operator.py took 0.417 seconds
[2023-02-10T21:35:27.927+0200] {processor.py:153} INFO - Started process (PID=48860) to work on /Users/v.lytvyniuk/Documents/библиотечка/DE online1/git/de_7/lesson_07/airflow_env/lib/python3.8/site-packages/airflow/example_dags/example_bash_operator.py
[2023-02-10T21:35:27.931+0200] {processor.py:640} INFO - Processing file /Users/v.lytvyniuk/Documents/библиотечка/DE online1/git/de_7/lesson_07/airflow_env/lib/python3.8/site-packages/airflow/example_dags/example_bash_operator.py for tasks to queue
[2023-02-10T21:35:27.931+0200] {logging_mixin.py:115} INFO - [2023-02-10T21:35:27.931+0200] {dagbag.py:508} INFO - Filling up the DagBag from /Users/v.lytvyniuk/Documents/библиотечка/DE online1/git/de_7/lesson_07/airflow_env/lib/python3.8/site-packages/airflow/example_dags/example_bash_operator.py
[2023-02-10T21:35:27.941+0200] {processor.py:650} INFO - DAG(s) dict_keys(['example_bash_operator']) retrieved from /Users/v.lytvyniuk/Documents/библиотечка/DE online1/git/de_7/lesson_07/airflow_env/lib/python3.8/site-packages/airflow/example_dags/example_bash_operator.py
[2023-02-10T21:35:27.978+0200] {logging_mixin.py:115} INFO - [2023-02-10T21:35:27.978+0200] {dag.py:2429} INFO - Sync 1 DAGs
[2023-02-10T21:35:27.986+0200] {logging_mixin.py:115} INFO - [2023-02-10T21:35:27.986+0200] {dag.py:2977} INFO - Setting next_dagrun for example_bash_operator to 2023-02-09T00:00:00+00:00, run_after=2023-02-10T00:00:00+00:00
[2023-02-10T21:35:27.992+0200] {processor.py:161} INFO - Processing /Users/v.lytvyniuk/Documents/библиотечка/DE online1/git/de_7/lesson_07/airflow_env/lib/python3.8/site-packages/airflow/example_dags/example_bash_operator.py took 0.065 seconds
[2023-02-10T21:36:20.634+0200] {processor.py:153} INFO - Started process (PID=49002) to work on /Users/v.lytvyniuk/Documents/библиотечка/DE online1/git/de_7/lesson_07/airflow_env/lib/python3.8/site-packages/airflow/example_dags/example_bash_operator.py
[2023-02-10T21:36:20.638+0200] {processor.py:640} INFO - Processing file /Users/v.lytvyniuk/Documents/библиотечка/DE online1/git/de_7/lesson_07/airflow_env/lib/python3.8/site-packages/airflow/example_dags/example_bash_operator.py for tasks to queue
[2023-02-10T21:36:20.638+0200] {logging_mixin.py:115} INFO - [2023-02-10T21:36:20.638+0200] {dagbag.py:508} INFO - Filling up the DagBag from /Users/v.lytvyniuk/Documents/библиотечка/DE online1/git/de_7/lesson_07/airflow_env/lib/python3.8/site-packages/airflow/example_dags/example_bash_operator.py
[2023-02-10T21:36:20.648+0200] {processor.py:650} INFO - DAG(s) dict_keys(['example_bash_operator']) retrieved from /Users/v.lytvyniuk/Documents/библиотечка/DE online1/git/de_7/lesson_07/airflow_env/lib/python3.8/site-packages/airflow/example_dags/example_bash_operator.py
[2023-02-10T21:36:20.682+0200] {logging_mixin.py:115} INFO - [2023-02-10T21:36:20.682+0200] {dag.py:2429} INFO - Sync 1 DAGs
[2023-02-10T21:36:20.689+0200] {logging_mixin.py:115} INFO - [2023-02-10T21:36:20.689+0200] {dag.py:2977} INFO - Setting next_dagrun for example_bash_operator to 2023-02-09T00:00:00+00:00, run_after=2023-02-10T00:00:00+00:00
[2023-02-10T21:36:20.695+0200] {processor.py:161} INFO - Processing /Users/v.lytvyniuk/Documents/библиотечка/DE online1/git/de_7/lesson_07/airflow_env/lib/python3.8/site-packages/airflow/example_dags/example_bash_operator.py took 0.061 seconds
[2023-02-10T21:37:10.832+0200] {processor.py:153} INFO - Started process (PID=49154) to work on /Users/v.lytvyniuk/Documents/библиотечка/DE online1/git/de_7/lesson_07/airflow_env/lib/python3.8/site-packages/airflow/example_dags/example_bash_operator.py
[2023-02-10T21:37:10.837+0200] {processor.py:640} INFO - Processing file /Users/v.lytvyniuk/Documents/библиотечка/DE online1/git/de_7/lesson_07/airflow_env/lib/python3.8/site-packages/airflow/example_dags/example_bash_operator.py for tasks to queue
[2023-02-10T21:37:10.837+0200] {logging_mixin.py:115} INFO - [2023-02-10T21:37:10.837+0200] {dagbag.py:508} INFO - Filling up the DagBag from /Users/v.lytvyniuk/Documents/библиотечка/DE online1/git/de_7/lesson_07/airflow_env/lib/python3.8/site-packages/airflow/example_dags/example_bash_operator.py
[2023-02-10T21:37:10.846+0200] {processor.py:650} INFO - DAG(s) dict_keys(['example_bash_operator']) retrieved from /Users/v.lytvyniuk/Documents/библиотечка/DE online1/git/de_7/lesson_07/airflow_env/lib/python3.8/site-packages/airflow/example_dags/example_bash_operator.py
[2023-02-10T21:37:10.882+0200] {logging_mixin.py:115} INFO - [2023-02-10T21:37:10.882+0200] {dag.py:2429} INFO - Sync 1 DAGs
[2023-02-10T21:37:10.890+0200] {logging_mixin.py:115} INFO - [2023-02-10T21:37:10.890+0200] {dag.py:2977} INFO - Setting next_dagrun for example_bash_operator to 2023-02-09T00:00:00+00:00, run_after=2023-02-10T00:00:00+00:00
[2023-02-10T21:37:10.896+0200] {processor.py:161} INFO - Processing /Users/v.lytvyniuk/Documents/библиотечка/DE online1/git/de_7/lesson_07/airflow_env/lib/python3.8/site-packages/airflow/example_dags/example_bash_operator.py took 0.065 seconds
[2023-02-10T21:37:59.708+0200] {processor.py:153} INFO - Started process (PID=49288) to work on /Users/v.lytvyniuk/Documents/библиотечка/DE online1/git/de_7/lesson_07/airflow_env/lib/python3.8/site-packages/airflow/example_dags/example_bash_operator.py
[2023-02-10T21:37:59.711+0200] {processor.py:640} INFO - Processing file /Users/v.lytvyniuk/Documents/библиотечка/DE online1/git/de_7/lesson_07/airflow_env/lib/python3.8/site-packages/airflow/example_dags/example_bash_operator.py for tasks to queue
[2023-02-10T21:37:59.711+0200] {logging_mixin.py:115} INFO - [2023-02-10T21:37:59.711+0200] {dagbag.py:508} INFO - Filling up the DagBag from /Users/v.lytvyniuk/Documents/библиотечка/DE online1/git/de_7/lesson_07/airflow_env/lib/python3.8/site-packages/airflow/example_dags/example_bash_operator.py
[2023-02-10T21:37:59.721+0200] {processor.py:650} INFO - DAG(s) dict_keys(['example_bash_operator']) retrieved from /Users/v.lytvyniuk/Documents/библиотечка/DE online1/git/de_7/lesson_07/airflow_env/lib/python3.8/site-packages/airflow/example_dags/example_bash_operator.py
[2023-02-10T21:37:59.758+0200] {logging_mixin.py:115} INFO - [2023-02-10T21:37:59.758+0200] {dag.py:2429} INFO - Sync 1 DAGs
[2023-02-10T21:37:59.767+0200] {logging_mixin.py:115} INFO - [2023-02-10T21:37:59.767+0200] {dag.py:2977} INFO - Setting next_dagrun for example_bash_operator to 2023-02-09T00:00:00+00:00, run_after=2023-02-10T00:00:00+00:00
[2023-02-10T21:37:59.773+0200] {processor.py:161} INFO - Processing /Users/v.lytvyniuk/Documents/библиотечка/DE online1/git/de_7/lesson_07/airflow_env/lib/python3.8/site-packages/airflow/example_dags/example_bash_operator.py took 0.066 seconds
[2023-02-10T21:38:49.126+0200] {processor.py:153} INFO - Started process (PID=49448) to work on /Users/v.lytvyniuk/Documents/библиотечка/DE online1/git/de_7/lesson_07/airflow_env/lib/python3.8/site-packages/airflow/example_dags/example_bash_operator.py
[2023-02-10T21:38:49.129+0200] {processor.py:640} INFO - Processing file /Users/v.lytvyniuk/Documents/библиотечка/DE online1/git/de_7/lesson_07/airflow_env/lib/python3.8/site-packages/airflow/example_dags/example_bash_operator.py for tasks to queue
[2023-02-10T21:38:49.129+0200] {logging_mixin.py:115} INFO - [2023-02-10T21:38:49.129+0200] {dagbag.py:508} INFO - Filling up the DagBag from /Users/v.lytvyniuk/Documents/библиотечка/DE online1/git/de_7/lesson_07/airflow_env/lib/python3.8/site-packages/airflow/example_dags/example_bash_operator.py
[2023-02-10T21:38:49.139+0200] {processor.py:650} INFO - DAG(s) dict_keys(['example_bash_operator']) retrieved from /Users/v.lytvyniuk/Documents/библиотечка/DE online1/git/de_7/lesson_07/airflow_env/lib/python3.8/site-packages/airflow/example_dags/example_bash_operator.py
[2023-02-10T21:38:49.172+0200] {logging_mixin.py:115} INFO - [2023-02-10T21:38:49.172+0200] {dag.py:2429} INFO - Sync 1 DAGs
[2023-02-10T21:38:49.180+0200] {logging_mixin.py:115} INFO - [2023-02-10T21:38:49.180+0200] {dag.py:2977} INFO - Setting next_dagrun for example_bash_operator to 2023-02-09T00:00:00+00:00, run_after=2023-02-10T00:00:00+00:00
[2023-02-10T21:38:49.185+0200] {processor.py:161} INFO - Processing /Users/v.lytvyniuk/Documents/библиотечка/DE online1/git/de_7/lesson_07/airflow_env/lib/python3.8/site-packages/airflow/example_dags/example_bash_operator.py took 0.059 seconds
[2023-02-10T21:39:39.407+0200] {processor.py:153} INFO - Started process (PID=49632) to work on /Users/v.lytvyniuk/Documents/библиотечка/DE online1/git/de_7/lesson_07/airflow_env/lib/python3.8/site-packages/airflow/example_dags/example_bash_operator.py
[2023-02-10T21:39:39.411+0200] {processor.py:640} INFO - Processing file /Users/v.lytvyniuk/Documents/библиотечка/DE online1/git/de_7/lesson_07/airflow_env/lib/python3.8/site-packages/airflow/example_dags/example_bash_operator.py for tasks to queue
[2023-02-10T21:39:39.411+0200] {logging_mixin.py:115} INFO - [2023-02-10T21:39:39.411+0200] {dagbag.py:508} INFO - Filling up the DagBag from /Users/v.lytvyniuk/Documents/библиотечка/DE online1/git/de_7/lesson_07/airflow_env/lib/python3.8/site-packages/airflow/example_dags/example_bash_operator.py
[2023-02-10T21:39:39.420+0200] {processor.py:650} INFO - DAG(s) dict_keys(['example_bash_operator']) retrieved from /Users/v.lytvyniuk/Documents/библиотечка/DE online1/git/de_7/lesson_07/airflow_env/lib/python3.8/site-packages/airflow/example_dags/example_bash_operator.py
[2023-02-10T21:39:39.455+0200] {logging_mixin.py:115} INFO - [2023-02-10T21:39:39.455+0200] {dag.py:2429} INFO - Sync 1 DAGs
[2023-02-10T21:39:39.463+0200] {logging_mixin.py:115} INFO - [2023-02-10T21:39:39.463+0200] {dag.py:2977} INFO - Setting next_dagrun for example_bash_operator to 2023-02-09T00:00:00+00:00, run_after=2023-02-10T00:00:00+00:00
[2023-02-10T21:39:39.469+0200] {processor.py:161} INFO - Processing /Users/v.lytvyniuk/Documents/библиотечка/DE online1/git/de_7/lesson_07/airflow_env/lib/python3.8/site-packages/airflow/example_dags/example_bash_operator.py took 0.062 seconds
[2023-02-10T21:40:29.031+0200] {processor.py:153} INFO - Started process (PID=49765) to work on /Users/v.lytvyniuk/Documents/библиотечка/DE online1/git/de_7/lesson_07/airflow_env/lib/python3.8/site-packages/airflow/example_dags/example_bash_operator.py
[2023-02-10T21:40:29.034+0200] {processor.py:640} INFO - Processing file /Users/v.lytvyniuk/Documents/библиотечка/DE online1/git/de_7/lesson_07/airflow_env/lib/python3.8/site-packages/airflow/example_dags/example_bash_operator.py for tasks to queue
[2023-02-10T21:40:29.034+0200] {logging_mixin.py:115} INFO - [2023-02-10T21:40:29.034+0200] {dagbag.py:508} INFO - Filling up the DagBag from /Users/v.lytvyniuk/Documents/библиотечка/DE online1/git/de_7/lesson_07/airflow_env/lib/python3.8/site-packages/airflow/example_dags/example_bash_operator.py
[2023-02-10T21:40:29.044+0200] {processor.py:650} INFO - DAG(s) dict_keys(['example_bash_operator']) retrieved from /Users/v.lytvyniuk/Documents/библиотечка/DE online1/git/de_7/lesson_07/airflow_env/lib/python3.8/site-packages/airflow/example_dags/example_bash_operator.py
[2023-02-10T21:40:29.080+0200] {logging_mixin.py:115} INFO - [2023-02-10T21:40:29.080+0200] {dag.py:2429} INFO - Sync 1 DAGs
[2023-02-10T21:40:29.088+0200] {logging_mixin.py:115} INFO - [2023-02-10T21:40:29.088+0200] {dag.py:2977} INFO - Setting next_dagrun for example_bash_operator to 2023-02-09T00:00:00+00:00, run_after=2023-02-10T00:00:00+00:00
[2023-02-10T21:40:29.093+0200] {processor.py:161} INFO - Processing /Users/v.lytvyniuk/Documents/библиотечка/DE online1/git/de_7/lesson_07/airflow_env/lib/python3.8/site-packages/airflow/example_dags/example_bash_operator.py took 0.063 seconds
[2023-02-10T21:41:20.238+0200] {processor.py:153} INFO - Started process (PID=49903) to work on /Users/v.lytvyniuk/Documents/библиотечка/DE online1/git/de_7/lesson_07/airflow_env/lib/python3.8/site-packages/airflow/example_dags/example_bash_operator.py
[2023-02-10T21:41:20.241+0200] {processor.py:640} INFO - Processing file /Users/v.lytvyniuk/Documents/библиотечка/DE online1/git/de_7/lesson_07/airflow_env/lib/python3.8/site-packages/airflow/example_dags/example_bash_operator.py for tasks to queue
[2023-02-10T21:41:20.241+0200] {logging_mixin.py:115} INFO - [2023-02-10T21:41:20.241+0200] {dagbag.py:508} INFO - Filling up the DagBag from /Users/v.lytvyniuk/Documents/библиотечка/DE online1/git/de_7/lesson_07/airflow_env/lib/python3.8/site-packages/airflow/example_dags/example_bash_operator.py
[2023-02-10T21:41:20.250+0200] {processor.py:650} INFO - DAG(s) dict_keys(['example_bash_operator']) retrieved from /Users/v.lytvyniuk/Documents/библиотечка/DE online1/git/de_7/lesson_07/airflow_env/lib/python3.8/site-packages/airflow/example_dags/example_bash_operator.py
[2023-02-10T21:41:20.284+0200] {logging_mixin.py:115} INFO - [2023-02-10T21:41:20.284+0200] {dag.py:2429} INFO - Sync 1 DAGs
[2023-02-10T21:41:20.292+0200] {logging_mixin.py:115} INFO - [2023-02-10T21:41:20.292+0200] {dag.py:2977} INFO - Setting next_dagrun for example_bash_operator to 2023-02-09T00:00:00+00:00, run_after=2023-02-10T00:00:00+00:00
[2023-02-10T21:41:20.297+0200] {processor.py:161} INFO - Processing /Users/v.lytvyniuk/Documents/библиотечка/DE online1/git/de_7/lesson_07/airflow_env/lib/python3.8/site-packages/airflow/example_dags/example_bash_operator.py took 0.060 seconds
[2023-02-10T21:42:10.598+0200] {processor.py:153} INFO - Started process (PID=50034) to work on /Users/v.lytvyniuk/Documents/библиотечка/DE online1/git/de_7/lesson_07/airflow_env/lib/python3.8/site-packages/airflow/example_dags/example_bash_operator.py
[2023-02-10T21:42:10.601+0200] {processor.py:640} INFO - Processing file /Users/v.lytvyniuk/Documents/библиотечка/DE online1/git/de_7/lesson_07/airflow_env/lib/python3.8/site-packages/airflow/example_dags/example_bash_operator.py for tasks to queue
[2023-02-10T21:42:10.602+0200] {logging_mixin.py:115} INFO - [2023-02-10T21:42:10.602+0200] {dagbag.py:508} INFO - Filling up the DagBag from /Users/v.lytvyniuk/Documents/библиотечка/DE online1/git/de_7/lesson_07/airflow_env/lib/python3.8/site-packages/airflow/example_dags/example_bash_operator.py
[2023-02-10T21:42:10.610+0200] {processor.py:650} INFO - DAG(s) dict_keys(['example_bash_operator']) retrieved from /Users/v.lytvyniuk/Documents/библиотечка/DE online1/git/de_7/lesson_07/airflow_env/lib/python3.8/site-packages/airflow/example_dags/example_bash_operator.py
[2023-02-10T21:42:10.644+0200] {logging_mixin.py:115} INFO - [2023-02-10T21:42:10.644+0200] {dag.py:2429} INFO - Sync 1 DAGs
[2023-02-10T21:42:10.651+0200] {logging_mixin.py:115} INFO - [2023-02-10T21:42:10.651+0200] {dag.py:2977} INFO - Setting next_dagrun for example_bash_operator to 2023-02-09T00:00:00+00:00, run_after=2023-02-10T00:00:00+00:00
[2023-02-10T21:42:10.657+0200] {processor.py:161} INFO - Processing /Users/v.lytvyniuk/Documents/библиотечка/DE online1/git/de_7/lesson_07/airflow_env/lib/python3.8/site-packages/airflow/example_dags/example_bash_operator.py took 0.059 seconds
[2023-02-10T21:43:03.287+0200] {processor.py:153} INFO - Started process (PID=50184) to work on /Users/v.lytvyniuk/Documents/библиотечка/DE online1/git/de_7/lesson_07/airflow_env/lib/python3.8/site-packages/airflow/example_dags/example_bash_operator.py
[2023-02-10T21:43:03.289+0200] {processor.py:640} INFO - Processing file /Users/v.lytvyniuk/Documents/библиотечка/DE online1/git/de_7/lesson_07/airflow_env/lib/python3.8/site-packages/airflow/example_dags/example_bash_operator.py for tasks to queue
[2023-02-10T21:43:03.290+0200] {logging_mixin.py:115} INFO - [2023-02-10T21:43:03.290+0200] {dagbag.py:508} INFO - Filling up the DagBag from /Users/v.lytvyniuk/Documents/библиотечка/DE online1/git/de_7/lesson_07/airflow_env/lib/python3.8/site-packages/airflow/example_dags/example_bash_operator.py
[2023-02-10T21:43:03.299+0200] {processor.py:650} INFO - DAG(s) dict_keys(['example_bash_operator']) retrieved from /Users/v.lytvyniuk/Documents/библиотечка/DE online1/git/de_7/lesson_07/airflow_env/lib/python3.8/site-packages/airflow/example_dags/example_bash_operator.py
[2023-02-10T21:43:03.334+0200] {logging_mixin.py:115} INFO - [2023-02-10T21:43:03.334+0200] {dag.py:2429} INFO - Sync 1 DAGs
[2023-02-10T21:43:03.342+0200] {logging_mixin.py:115} INFO - [2023-02-10T21:43:03.342+0200] {dag.py:2977} INFO - Setting next_dagrun for example_bash_operator to 2023-02-09T00:00:00+00:00, run_after=2023-02-10T00:00:00+00:00
[2023-02-10T21:43:03.347+0200] {processor.py:161} INFO - Processing /Users/v.lytvyniuk/Documents/библиотечка/DE online1/git/de_7/lesson_07/airflow_env/lib/python3.8/site-packages/airflow/example_dags/example_bash_operator.py took 0.061 seconds
[2023-02-10T21:43:51.559+0200] {processor.py:153} INFO - Started process (PID=50309) to work on /Users/v.lytvyniuk/Documents/библиотечка/DE online1/git/de_7/lesson_07/airflow_env/lib/python3.8/site-packages/airflow/example_dags/example_bash_operator.py
[2023-02-10T21:43:51.563+0200] {processor.py:640} INFO - Processing file /Users/v.lytvyniuk/Documents/библиотечка/DE online1/git/de_7/lesson_07/airflow_env/lib/python3.8/site-packages/airflow/example_dags/example_bash_operator.py for tasks to queue
[2023-02-10T21:43:51.563+0200] {logging_mixin.py:115} INFO - [2023-02-10T21:43:51.563+0200] {dagbag.py:508} INFO - Filling up the DagBag from /Users/v.lytvyniuk/Documents/библиотечка/DE online1/git/de_7/lesson_07/airflow_env/lib/python3.8/site-packages/airflow/example_dags/example_bash_operator.py
[2023-02-10T21:43:51.572+0200] {processor.py:650} INFO - DAG(s) dict_keys(['example_bash_operator']) retrieved from /Users/v.lytvyniuk/Documents/библиотечка/DE online1/git/de_7/lesson_07/airflow_env/lib/python3.8/site-packages/airflow/example_dags/example_bash_operator.py
[2023-02-10T21:43:51.605+0200] {logging_mixin.py:115} INFO - [2023-02-10T21:43:51.605+0200] {dag.py:2429} INFO - Sync 1 DAGs
[2023-02-10T21:43:51.612+0200] {logging_mixin.py:115} INFO - [2023-02-10T21:43:51.612+0200] {dag.py:2977} INFO - Setting next_dagrun for example_bash_operator to 2023-02-09T00:00:00+00:00, run_after=2023-02-10T00:00:00+00:00
[2023-02-10T21:43:51.617+0200] {processor.py:161} INFO - Processing /Users/v.lytvyniuk/Documents/библиотечка/DE online1/git/de_7/lesson_07/airflow_env/lib/python3.8/site-packages/airflow/example_dags/example_bash_operator.py took 0.058 seconds
[2023-02-10T21:44:44.439+0200] {processor.py:153} INFO - Started process (PID=50452) to work on /Users/v.lytvyniuk/Documents/библиотечка/DE online1/git/de_7/lesson_07/airflow_env/lib/python3.8/site-packages/airflow/example_dags/example_bash_operator.py
[2023-02-10T21:44:44.442+0200] {processor.py:640} INFO - Processing file /Users/v.lytvyniuk/Documents/библиотечка/DE online1/git/de_7/lesson_07/airflow_env/lib/python3.8/site-packages/airflow/example_dags/example_bash_operator.py for tasks to queue
[2023-02-10T21:44:44.443+0200] {logging_mixin.py:115} INFO - [2023-02-10T21:44:44.443+0200] {dagbag.py:508} INFO - Filling up the DagBag from /Users/v.lytvyniuk/Documents/библиотечка/DE online1/git/de_7/lesson_07/airflow_env/lib/python3.8/site-packages/airflow/example_dags/example_bash_operator.py
[2023-02-10T21:44:44.454+0200] {processor.py:650} INFO - DAG(s) dict_keys(['example_bash_operator']) retrieved from /Users/v.lytvyniuk/Documents/библиотечка/DE online1/git/de_7/lesson_07/airflow_env/lib/python3.8/site-packages/airflow/example_dags/example_bash_operator.py
[2023-02-10T21:44:44.491+0200] {logging_mixin.py:115} INFO - [2023-02-10T21:44:44.491+0200] {dag.py:2429} INFO - Sync 1 DAGs
[2023-02-10T21:44:44.499+0200] {logging_mixin.py:115} INFO - [2023-02-10T21:44:44.499+0200] {dag.py:2977} INFO - Setting next_dagrun for example_bash_operator to 2023-02-09T00:00:00+00:00, run_after=2023-02-10T00:00:00+00:00
[2023-02-10T21:44:44.505+0200] {processor.py:161} INFO - Processing /Users/v.lytvyniuk/Documents/библиотечка/DE online1/git/de_7/lesson_07/airflow_env/lib/python3.8/site-packages/airflow/example_dags/example_bash_operator.py took 0.066 seconds
[2023-02-10T21:45:34.071+0200] {processor.py:153} INFO - Started process (PID=50963) to work on /Users/v.lytvyniuk/Documents/библиотечка/DE online1/git/de_7/lesson_07/airflow_env/lib/python3.8/site-packages/airflow/example_dags/example_bash_operator.py
[2023-02-10T21:45:34.075+0200] {processor.py:640} INFO - Processing file /Users/v.lytvyniuk/Documents/библиотечка/DE online1/git/de_7/lesson_07/airflow_env/lib/python3.8/site-packages/airflow/example_dags/example_bash_operator.py for tasks to queue
[2023-02-10T21:45:34.075+0200] {logging_mixin.py:115} INFO - [2023-02-10T21:45:34.075+0200] {dagbag.py:508} INFO - Filling up the DagBag from /Users/v.lytvyniuk/Documents/библиотечка/DE online1/git/de_7/lesson_07/airflow_env/lib/python3.8/site-packages/airflow/example_dags/example_bash_operator.py
[2023-02-10T21:45:34.085+0200] {processor.py:650} INFO - DAG(s) dict_keys(['example_bash_operator']) retrieved from /Users/v.lytvyniuk/Documents/библиотечка/DE online1/git/de_7/lesson_07/airflow_env/lib/python3.8/site-packages/airflow/example_dags/example_bash_operator.py
[2023-02-10T21:45:34.121+0200] {logging_mixin.py:115} INFO - [2023-02-10T21:45:34.121+0200] {dag.py:2429} INFO - Sync 1 DAGs
[2023-02-10T21:45:34.129+0200] {logging_mixin.py:115} INFO - [2023-02-10T21:45:34.129+0200] {dag.py:2977} INFO - Setting next_dagrun for example_bash_operator to 2023-02-09T00:00:00+00:00, run_after=2023-02-10T00:00:00+00:00
[2023-02-10T21:45:34.134+0200] {processor.py:161} INFO - Processing /Users/v.lytvyniuk/Documents/библиотечка/DE online1/git/de_7/lesson_07/airflow_env/lib/python3.8/site-packages/airflow/example_dags/example_bash_operator.py took 0.063 seconds
[2023-02-10T21:46:27.577+0200] {processor.py:153} INFO - Started process (PID=51093) to work on /Users/v.lytvyniuk/Documents/библиотечка/DE online1/git/de_7/lesson_07/airflow_env/lib/python3.8/site-packages/airflow/example_dags/example_bash_operator.py
[2023-02-10T21:46:27.580+0200] {processor.py:640} INFO - Processing file /Users/v.lytvyniuk/Documents/библиотечка/DE online1/git/de_7/lesson_07/airflow_env/lib/python3.8/site-packages/airflow/example_dags/example_bash_operator.py for tasks to queue
[2023-02-10T21:46:27.581+0200] {logging_mixin.py:115} INFO - [2023-02-10T21:46:27.580+0200] {dagbag.py:508} INFO - Filling up the DagBag from /Users/v.lytvyniuk/Documents/библиотечка/DE online1/git/de_7/lesson_07/airflow_env/lib/python3.8/site-packages/airflow/example_dags/example_bash_operator.py
[2023-02-10T21:46:27.590+0200] {processor.py:650} INFO - DAG(s) dict_keys(['example_bash_operator']) retrieved from /Users/v.lytvyniuk/Documents/библиотечка/DE online1/git/de_7/lesson_07/airflow_env/lib/python3.8/site-packages/airflow/example_dags/example_bash_operator.py
[2023-02-10T21:46:27.624+0200] {logging_mixin.py:115} INFO - [2023-02-10T21:46:27.624+0200] {dag.py:2429} INFO - Sync 1 DAGs
[2023-02-10T21:46:27.631+0200] {logging_mixin.py:115} INFO - [2023-02-10T21:46:27.631+0200] {dag.py:2977} INFO - Setting next_dagrun for example_bash_operator to 2023-02-09T00:00:00+00:00, run_after=2023-02-10T00:00:00+00:00
[2023-02-10T21:46:27.636+0200] {processor.py:161} INFO - Processing /Users/v.lytvyniuk/Documents/библиотечка/DE online1/git/de_7/lesson_07/airflow_env/lib/python3.8/site-packages/airflow/example_dags/example_bash_operator.py took 0.060 seconds
[2023-02-10T21:47:15.913+0200] {processor.py:153} INFO - Started process (PID=51556) to work on /Users/v.lytvyniuk/Documents/библиотечка/DE online1/git/de_7/lesson_07/airflow_env/lib/python3.8/site-packages/airflow/example_dags/example_bash_operator.py
[2023-02-10T21:47:15.917+0200] {processor.py:640} INFO - Processing file /Users/v.lytvyniuk/Documents/библиотечка/DE online1/git/de_7/lesson_07/airflow_env/lib/python3.8/site-packages/airflow/example_dags/example_bash_operator.py for tasks to queue
[2023-02-10T21:47:15.917+0200] {logging_mixin.py:115} INFO - [2023-02-10T21:47:15.917+0200] {dagbag.py:508} INFO - Filling up the DagBag from /Users/v.lytvyniuk/Documents/библиотечка/DE online1/git/de_7/lesson_07/airflow_env/lib/python3.8/site-packages/airflow/example_dags/example_bash_operator.py
[2023-02-10T21:47:15.926+0200] {processor.py:650} INFO - DAG(s) dict_keys(['example_bash_operator']) retrieved from /Users/v.lytvyniuk/Documents/библиотечка/DE online1/git/de_7/lesson_07/airflow_env/lib/python3.8/site-packages/airflow/example_dags/example_bash_operator.py
[2023-02-10T21:47:15.960+0200] {logging_mixin.py:115} INFO - [2023-02-10T21:47:15.960+0200] {dag.py:2429} INFO - Sync 1 DAGs
[2023-02-10T21:47:15.967+0200] {logging_mixin.py:115} INFO - [2023-02-10T21:47:15.967+0200] {dag.py:2977} INFO - Setting next_dagrun for example_bash_operator to 2023-02-09T00:00:00+00:00, run_after=2023-02-10T00:00:00+00:00
[2023-02-10T21:47:15.972+0200] {processor.py:161} INFO - Processing /Users/v.lytvyniuk/Documents/библиотечка/DE online1/git/de_7/lesson_07/airflow_env/lib/python3.8/site-packages/airflow/example_dags/example_bash_operator.py took 0.059 seconds
[2023-02-10T21:54:13.289+0200] {processor.py:153} INFO - Started process (PID=2643) to work on /Users/v.lytvyniuk/Documents/библиотечка/DE online1/git/de_7/lesson_07/airflow_env/lib/python3.8/site-packages/airflow/example_dags/example_bash_operator.py
[2023-02-10T21:54:13.293+0200] {processor.py:640} INFO - Processing file /Users/v.lytvyniuk/Documents/библиотечка/DE online1/git/de_7/lesson_07/airflow_env/lib/python3.8/site-packages/airflow/example_dags/example_bash_operator.py for tasks to queue
[2023-02-10T21:54:13.293+0200] {logging_mixin.py:115} INFO - [2023-02-10T21:54:13.293+0200] {dagbag.py:508} INFO - Filling up the DagBag from /Users/v.lytvyniuk/Documents/библиотечка/DE online1/git/de_7/lesson_07/airflow_env/lib/python3.8/site-packages/airflow/example_dags/example_bash_operator.py
[2023-02-10T21:54:13.302+0200] {processor.py:650} INFO - DAG(s) dict_keys(['example_bash_operator']) retrieved from /Users/v.lytvyniuk/Documents/библиотечка/DE online1/git/de_7/lesson_07/airflow_env/lib/python3.8/site-packages/airflow/example_dags/example_bash_operator.py
[2023-02-10T21:54:13.336+0200] {logging_mixin.py:115} INFO - [2023-02-10T21:54:13.336+0200] {dag.py:2429} INFO - Sync 1 DAGs
[2023-02-10T21:54:13.344+0200] {logging_mixin.py:115} INFO - [2023-02-10T21:54:13.344+0200] {dag.py:2977} INFO - Setting next_dagrun for example_bash_operator to 2023-02-09T00:00:00+00:00, run_after=2023-02-10T00:00:00+00:00
[2023-02-10T21:54:13.349+0200] {processor.py:161} INFO - Processing /Users/v.lytvyniuk/Documents/библиотечка/DE online1/git/de_7/lesson_07/airflow_env/lib/python3.8/site-packages/airflow/example_dags/example_bash_operator.py took 0.061 seconds
[2023-02-10T21:55:05.778+0200] {processor.py:153} INFO - Started process (PID=2856) to work on /Users/v.lytvyniuk/Documents/библиотечка/DE online1/git/de_7/lesson_07/airflow_env/lib/python3.8/site-packages/airflow/example_dags/example_bash_operator.py
[2023-02-10T21:55:05.781+0200] {processor.py:640} INFO - Processing file /Users/v.lytvyniuk/Documents/библиотечка/DE online1/git/de_7/lesson_07/airflow_env/lib/python3.8/site-packages/airflow/example_dags/example_bash_operator.py for tasks to queue
[2023-02-10T21:55:05.781+0200] {logging_mixin.py:115} INFO - [2023-02-10T21:55:05.781+0200] {dagbag.py:508} INFO - Filling up the DagBag from /Users/v.lytvyniuk/Documents/библиотечка/DE online1/git/de_7/lesson_07/airflow_env/lib/python3.8/site-packages/airflow/example_dags/example_bash_operator.py
[2023-02-10T21:55:05.791+0200] {processor.py:650} INFO - DAG(s) dict_keys(['example_bash_operator']) retrieved from /Users/v.lytvyniuk/Documents/библиотечка/DE online1/git/de_7/lesson_07/airflow_env/lib/python3.8/site-packages/airflow/example_dags/example_bash_operator.py
[2023-02-10T21:55:05.825+0200] {logging_mixin.py:115} INFO - [2023-02-10T21:55:05.824+0200] {dag.py:2429} INFO - Sync 1 DAGs
[2023-02-10T21:55:05.832+0200] {logging_mixin.py:115} INFO - [2023-02-10T21:55:05.832+0200] {dag.py:2977} INFO - Setting next_dagrun for example_bash_operator to 2023-02-09T00:00:00+00:00, run_after=2023-02-10T00:00:00+00:00
[2023-02-10T21:55:05.837+0200] {processor.py:161} INFO - Processing /Users/v.lytvyniuk/Documents/библиотечка/DE online1/git/de_7/lesson_07/airflow_env/lib/python3.8/site-packages/airflow/example_dags/example_bash_operator.py took 0.060 seconds
[2023-02-10T21:55:57.427+0200] {processor.py:153} INFO - Started process (PID=3022) to work on /Users/v.lytvyniuk/Documents/библиотечка/DE online1/git/de_7/lesson_07/airflow_env/lib/python3.8/site-packages/airflow/example_dags/example_bash_operator.py
[2023-02-10T21:55:57.431+0200] {processor.py:640} INFO - Processing file /Users/v.lytvyniuk/Documents/библиотечка/DE online1/git/de_7/lesson_07/airflow_env/lib/python3.8/site-packages/airflow/example_dags/example_bash_operator.py for tasks to queue
[2023-02-10T21:55:57.431+0200] {logging_mixin.py:115} INFO - [2023-02-10T21:55:57.431+0200] {dagbag.py:508} INFO - Filling up the DagBag from /Users/v.lytvyniuk/Documents/библиотечка/DE online1/git/de_7/lesson_07/airflow_env/lib/python3.8/site-packages/airflow/example_dags/example_bash_operator.py
[2023-02-10T21:55:57.440+0200] {processor.py:650} INFO - DAG(s) dict_keys(['example_bash_operator']) retrieved from /Users/v.lytvyniuk/Documents/библиотечка/DE online1/git/de_7/lesson_07/airflow_env/lib/python3.8/site-packages/airflow/example_dags/example_bash_operator.py
[2023-02-10T21:55:57.474+0200] {logging_mixin.py:115} INFO - [2023-02-10T21:55:57.474+0200] {dag.py:2429} INFO - Sync 1 DAGs
[2023-02-10T21:55:57.481+0200] {logging_mixin.py:115} INFO - [2023-02-10T21:55:57.481+0200] {dag.py:2977} INFO - Setting next_dagrun for example_bash_operator to 2023-02-09T00:00:00+00:00, run_after=2023-02-10T00:00:00+00:00
[2023-02-10T21:55:57.486+0200] {processor.py:161} INFO - Processing /Users/v.lytvyniuk/Documents/библиотечка/DE online1/git/de_7/lesson_07/airflow_env/lib/python3.8/site-packages/airflow/example_dags/example_bash_operator.py took 0.060 seconds
[2023-02-10T21:56:50.514+0200] {processor.py:153} INFO - Started process (PID=3178) to work on /Users/v.lytvyniuk/Documents/библиотечка/DE online1/git/de_7/lesson_07/airflow_env/lib/python3.8/site-packages/airflow/example_dags/example_bash_operator.py
[2023-02-10T21:56:50.518+0200] {processor.py:640} INFO - Processing file /Users/v.lytvyniuk/Documents/библиотечка/DE online1/git/de_7/lesson_07/airflow_env/lib/python3.8/site-packages/airflow/example_dags/example_bash_operator.py for tasks to queue
[2023-02-10T21:56:50.518+0200] {logging_mixin.py:115} INFO - [2023-02-10T21:56:50.518+0200] {dagbag.py:508} INFO - Filling up the DagBag from /Users/v.lytvyniuk/Documents/библиотечка/DE online1/git/de_7/lesson_07/airflow_env/lib/python3.8/site-packages/airflow/example_dags/example_bash_operator.py
[2023-02-10T21:56:50.529+0200] {processor.py:650} INFO - DAG(s) dict_keys(['example_bash_operator']) retrieved from /Users/v.lytvyniuk/Documents/библиотечка/DE online1/git/de_7/lesson_07/airflow_env/lib/python3.8/site-packages/airflow/example_dags/example_bash_operator.py
[2023-02-10T21:56:50.566+0200] {logging_mixin.py:115} INFO - [2023-02-10T21:56:50.566+0200] {dag.py:2429} INFO - Sync 1 DAGs
[2023-02-10T21:56:50.574+0200] {logging_mixin.py:115} INFO - [2023-02-10T21:56:50.574+0200] {dag.py:2977} INFO - Setting next_dagrun for example_bash_operator to 2023-02-09T00:00:00+00:00, run_after=2023-02-10T00:00:00+00:00
[2023-02-10T21:56:50.580+0200] {processor.py:161} INFO - Processing /Users/v.lytvyniuk/Documents/библиотечка/DE online1/git/de_7/lesson_07/airflow_env/lib/python3.8/site-packages/airflow/example_dags/example_bash_operator.py took 0.067 seconds
[2023-02-10T21:57:42.933+0200] {processor.py:153} INFO - Started process (PID=3337) to work on /Users/v.lytvyniuk/Documents/библиотечка/DE online1/git/de_7/lesson_07/airflow_env/lib/python3.8/site-packages/airflow/example_dags/example_bash_operator.py
[2023-02-10T21:57:42.937+0200] {processor.py:640} INFO - Processing file /Users/v.lytvyniuk/Documents/библиотечка/DE online1/git/de_7/lesson_07/airflow_env/lib/python3.8/site-packages/airflow/example_dags/example_bash_operator.py for tasks to queue
[2023-02-10T21:57:42.937+0200] {logging_mixin.py:115} INFO - [2023-02-10T21:57:42.937+0200] {dagbag.py:508} INFO - Filling up the DagBag from /Users/v.lytvyniuk/Documents/библиотечка/DE online1/git/de_7/lesson_07/airflow_env/lib/python3.8/site-packages/airflow/example_dags/example_bash_operator.py
[2023-02-10T21:57:42.946+0200] {processor.py:650} INFO - DAG(s) dict_keys(['example_bash_operator']) retrieved from /Users/v.lytvyniuk/Documents/библиотечка/DE online1/git/de_7/lesson_07/airflow_env/lib/python3.8/site-packages/airflow/example_dags/example_bash_operator.py
[2023-02-10T21:57:42.982+0200] {logging_mixin.py:115} INFO - [2023-02-10T21:57:42.981+0200] {dag.py:2429} INFO - Sync 1 DAGs
[2023-02-10T21:57:42.989+0200] {logging_mixin.py:115} INFO - [2023-02-10T21:57:42.989+0200] {dag.py:2977} INFO - Setting next_dagrun for example_bash_operator to 2023-02-09T00:00:00+00:00, run_after=2023-02-10T00:00:00+00:00
[2023-02-10T21:57:42.994+0200] {processor.py:161} INFO - Processing /Users/v.lytvyniuk/Documents/библиотечка/DE online1/git/de_7/lesson_07/airflow_env/lib/python3.8/site-packages/airflow/example_dags/example_bash_operator.py took 0.062 seconds
