[2023-02-10T21:32:06.463+0200] {processor.py:153} INFO - Started process (PID=48274) to work on /Users/v.lytvyniuk/Documents/библиотечка/DE online1/git/de_7/lesson_07/airflow_env/lib/python3.8/site-packages/airflow/example_dags/tutorial.py
[2023-02-10T21:32:06.466+0200] {processor.py:640} INFO - Processing file /Users/v.lytvyniuk/Documents/библиотечка/DE online1/git/de_7/lesson_07/airflow_env/lib/python3.8/site-packages/airflow/example_dags/tutorial.py for tasks to queue
[2023-02-10T21:32:06.466+0200] {logging_mixin.py:115} INFO - [2023-02-10T21:32:06.466+0200] {dagbag.py:508} INFO - Filling up the DagBag from /Users/v.lytvyniuk/Documents/библиотечка/DE online1/git/de_7/lesson_07/airflow_env/lib/python3.8/site-packages/airflow/example_dags/tutorial.py
[2023-02-10T21:32:06.473+0200] {processor.py:650} INFO - DAG(s) dict_keys(['tutorial']) retrieved from /Users/v.lytvyniuk/Documents/библиотечка/DE online1/git/de_7/lesson_07/airflow_env/lib/python3.8/site-packages/airflow/example_dags/tutorial.py
[2023-02-10T21:32:06.856+0200] {logging_mixin.py:115} INFO - [2023-02-10T21:32:06.855+0200] {manager.py:508} INFO - Created Permission View: can delete on DAG:tutorial
[2023-02-10T21:32:06.859+0200] {logging_mixin.py:115} INFO - [2023-02-10T21:32:06.859+0200] {manager.py:508} INFO - Created Permission View: can edit on DAG:tutorial
[2023-02-10T21:32:06.862+0200] {logging_mixin.py:115} INFO - [2023-02-10T21:32:06.862+0200] {manager.py:508} INFO - Created Permission View: can read on DAG:tutorial
[2023-02-10T21:32:06.862+0200] {logging_mixin.py:115} INFO - [2023-02-10T21:32:06.862+0200] {dag.py:2429} INFO - Sync 1 DAGs
[2023-02-10T21:32:06.866+0200] {logging_mixin.py:115} INFO - [2023-02-10T21:32:06.866+0200] {dag.py:2448} INFO - Creating ORM DAG for tutorial
[2023-02-10T21:32:06.870+0200] {logging_mixin.py:115} INFO - [2023-02-10T21:32:06.870+0200] {dag.py:2977} INFO - Setting next_dagrun for tutorial to 2023-02-09T19:32:06.870390+00:00, run_after=2023-02-10T19:32:06.870390+00:00
[2023-02-10T21:32:06.876+0200] {processor.py:161} INFO - Processing /Users/v.lytvyniuk/Documents/библиотечка/DE online1/git/de_7/lesson_07/airflow_env/lib/python3.8/site-packages/airflow/example_dags/tutorial.py took 0.414 seconds
[2023-02-10T21:33:09.120+0200] {processor.py:153} INFO - Started process (PID=48419) to work on /Users/v.lytvyniuk/Documents/библиотечка/DE online1/git/de_7/lesson_07/airflow_env/lib/python3.8/site-packages/airflow/example_dags/tutorial.py
[2023-02-10T21:33:09.124+0200] {processor.py:640} INFO - Processing file /Users/v.lytvyniuk/Documents/библиотечка/DE online1/git/de_7/lesson_07/airflow_env/lib/python3.8/site-packages/airflow/example_dags/tutorial.py for tasks to queue
[2023-02-10T21:33:09.124+0200] {logging_mixin.py:115} INFO - [2023-02-10T21:33:09.124+0200] {dagbag.py:508} INFO - Filling up the DagBag from /Users/v.lytvyniuk/Documents/библиотечка/DE online1/git/de_7/lesson_07/airflow_env/lib/python3.8/site-packages/airflow/example_dags/tutorial.py
[2023-02-10T21:33:09.130+0200] {processor.py:650} INFO - DAG(s) dict_keys(['tutorial']) retrieved from /Users/v.lytvyniuk/Documents/библиотечка/DE online1/git/de_7/lesson_07/airflow_env/lib/python3.8/site-packages/airflow/example_dags/tutorial.py
[2023-02-10T21:33:09.166+0200] {logging_mixin.py:115} INFO - [2023-02-10T21:33:09.165+0200] {dag.py:2429} INFO - Sync 1 DAGs
[2023-02-10T21:33:09.174+0200] {logging_mixin.py:115} INFO - [2023-02-10T21:33:09.174+0200] {dag.py:2977} INFO - Setting next_dagrun for tutorial to 2023-02-09T19:33:09.174144+00:00, run_after=2023-02-10T19:33:09.174144+00:00
[2023-02-10T21:33:09.181+0200] {processor.py:161} INFO - Processing /Users/v.lytvyniuk/Documents/библиотечка/DE online1/git/de_7/lesson_07/airflow_env/lib/python3.8/site-packages/airflow/example_dags/tutorial.py took 0.061 seconds
[2023-02-10T21:34:46.377+0200] {processor.py:153} INFO - Started process (PID=48744) to work on /Users/v.lytvyniuk/Documents/библиотечка/DE online1/git/de_7/lesson_07/airflow_env/lib/python3.8/site-packages/airflow/example_dags/tutorial.py
[2023-02-10T21:34:46.380+0200] {processor.py:640} INFO - Processing file /Users/v.lytvyniuk/Documents/библиотечка/DE online1/git/de_7/lesson_07/airflow_env/lib/python3.8/site-packages/airflow/example_dags/tutorial.py for tasks to queue
[2023-02-10T21:34:46.381+0200] {logging_mixin.py:115} INFO - [2023-02-10T21:34:46.381+0200] {dagbag.py:508} INFO - Filling up the DagBag from /Users/v.lytvyniuk/Documents/библиотечка/DE online1/git/de_7/lesson_07/airflow_env/lib/python3.8/site-packages/airflow/example_dags/tutorial.py
[2023-02-10T21:34:46.387+0200] {processor.py:650} INFO - DAG(s) dict_keys(['tutorial']) retrieved from /Users/v.lytvyniuk/Documents/библиотечка/DE online1/git/de_7/lesson_07/airflow_env/lib/python3.8/site-packages/airflow/example_dags/tutorial.py
[2023-02-10T21:34:46.418+0200] {logging_mixin.py:115} INFO - [2023-02-10T21:34:46.418+0200] {dag.py:2429} INFO - Sync 1 DAGs
[2023-02-10T21:34:46.424+0200] {logging_mixin.py:115} INFO - [2023-02-10T21:34:46.424+0200] {dag.py:2977} INFO - Setting next_dagrun for tutorial to 2023-02-09T19:34:46.424698+00:00, run_after=2023-02-10T19:34:46.424698+00:00
[2023-02-10T21:34:46.430+0200] {processor.py:161} INFO - Processing /Users/v.lytvyniuk/Documents/библиотечка/DE online1/git/de_7/lesson_07/airflow_env/lib/python3.8/site-packages/airflow/example_dags/tutorial.py took 0.053 seconds
[2023-02-10T21:35:37.405+0200] {processor.py:153} INFO - Started process (PID=48888) to work on /Users/v.lytvyniuk/Documents/библиотечка/DE online1/git/de_7/lesson_07/airflow_env/lib/python3.8/site-packages/airflow/example_dags/tutorial.py
[2023-02-10T21:35:37.408+0200] {processor.py:640} INFO - Processing file /Users/v.lytvyniuk/Documents/библиотечка/DE online1/git/de_7/lesson_07/airflow_env/lib/python3.8/site-packages/airflow/example_dags/tutorial.py for tasks to queue
[2023-02-10T21:35:37.408+0200] {logging_mixin.py:115} INFO - [2023-02-10T21:35:37.408+0200] {dagbag.py:508} INFO - Filling up the DagBag from /Users/v.lytvyniuk/Documents/библиотечка/DE online1/git/de_7/lesson_07/airflow_env/lib/python3.8/site-packages/airflow/example_dags/tutorial.py
[2023-02-10T21:35:37.415+0200] {processor.py:650} INFO - DAG(s) dict_keys(['tutorial']) retrieved from /Users/v.lytvyniuk/Documents/библиотечка/DE online1/git/de_7/lesson_07/airflow_env/lib/python3.8/site-packages/airflow/example_dags/tutorial.py
[2023-02-10T21:35:37.445+0200] {logging_mixin.py:115} INFO - [2023-02-10T21:35:37.445+0200] {dag.py:2429} INFO - Sync 1 DAGs
[2023-02-10T21:35:37.452+0200] {logging_mixin.py:115} INFO - [2023-02-10T21:35:37.452+0200] {dag.py:2977} INFO - Setting next_dagrun for tutorial to 2023-02-09T19:35:37.452490+00:00, run_after=2023-02-10T19:35:37.452490+00:00
[2023-02-10T21:35:37.458+0200] {processor.py:161} INFO - Processing /Users/v.lytvyniuk/Documents/библиотечка/DE online1/git/de_7/lesson_07/airflow_env/lib/python3.8/site-packages/airflow/example_dags/tutorial.py took 0.053 seconds
[2023-02-10T21:36:28.594+0200] {processor.py:153} INFO - Started process (PID=49022) to work on /Users/v.lytvyniuk/Documents/библиотечка/DE online1/git/de_7/lesson_07/airflow_env/lib/python3.8/site-packages/airflow/example_dags/tutorial.py
[2023-02-10T21:36:28.597+0200] {processor.py:640} INFO - Processing file /Users/v.lytvyniuk/Documents/библиотечка/DE online1/git/de_7/lesson_07/airflow_env/lib/python3.8/site-packages/airflow/example_dags/tutorial.py for tasks to queue
[2023-02-10T21:36:28.597+0200] {logging_mixin.py:115} INFO - [2023-02-10T21:36:28.597+0200] {dagbag.py:508} INFO - Filling up the DagBag from /Users/v.lytvyniuk/Documents/библиотечка/DE online1/git/de_7/lesson_07/airflow_env/lib/python3.8/site-packages/airflow/example_dags/tutorial.py
[2023-02-10T21:36:28.604+0200] {processor.py:650} INFO - DAG(s) dict_keys(['tutorial']) retrieved from /Users/v.lytvyniuk/Documents/библиотечка/DE online1/git/de_7/lesson_07/airflow_env/lib/python3.8/site-packages/airflow/example_dags/tutorial.py
[2023-02-10T21:36:28.636+0200] {logging_mixin.py:115} INFO - [2023-02-10T21:36:28.636+0200] {dag.py:2429} INFO - Sync 1 DAGs
[2023-02-10T21:36:28.643+0200] {logging_mixin.py:115} INFO - [2023-02-10T21:36:28.643+0200] {dag.py:2977} INFO - Setting next_dagrun for tutorial to 2023-02-09T19:36:28.643576+00:00, run_after=2023-02-10T19:36:28.643576+00:00
[2023-02-10T21:36:28.649+0200] {processor.py:161} INFO - Processing /Users/v.lytvyniuk/Documents/библиотечка/DE online1/git/de_7/lesson_07/airflow_env/lib/python3.8/site-packages/airflow/example_dags/tutorial.py took 0.056 seconds
[2023-02-10T21:37:18.786+0200] {processor.py:153} INFO - Started process (PID=49175) to work on /Users/v.lytvyniuk/Documents/библиотечка/DE online1/git/de_7/lesson_07/airflow_env/lib/python3.8/site-packages/airflow/example_dags/tutorial.py
[2023-02-10T21:37:18.789+0200] {processor.py:640} INFO - Processing file /Users/v.lytvyniuk/Documents/библиотечка/DE online1/git/de_7/lesson_07/airflow_env/lib/python3.8/site-packages/airflow/example_dags/tutorial.py for tasks to queue
[2023-02-10T21:37:18.789+0200] {logging_mixin.py:115} INFO - [2023-02-10T21:37:18.789+0200] {dagbag.py:508} INFO - Filling up the DagBag from /Users/v.lytvyniuk/Documents/библиотечка/DE online1/git/de_7/lesson_07/airflow_env/lib/python3.8/site-packages/airflow/example_dags/tutorial.py
[2023-02-10T21:37:18.796+0200] {processor.py:650} INFO - DAG(s) dict_keys(['tutorial']) retrieved from /Users/v.lytvyniuk/Documents/библиотечка/DE online1/git/de_7/lesson_07/airflow_env/lib/python3.8/site-packages/airflow/example_dags/tutorial.py
[2023-02-10T21:37:18.827+0200] {logging_mixin.py:115} INFO - [2023-02-10T21:37:18.827+0200] {dag.py:2429} INFO - Sync 1 DAGs
[2023-02-10T21:37:18.833+0200] {logging_mixin.py:115} INFO - [2023-02-10T21:37:18.833+0200] {dag.py:2977} INFO - Setting next_dagrun for tutorial to 2023-02-09T19:37:18.833685+00:00, run_after=2023-02-10T19:37:18.833685+00:00
[2023-02-10T21:37:18.839+0200] {processor.py:161} INFO - Processing /Users/v.lytvyniuk/Documents/библиотечка/DE online1/git/de_7/lesson_07/airflow_env/lib/python3.8/site-packages/airflow/example_dags/tutorial.py took 0.053 seconds
[2023-02-10T21:38:08.762+0200] {processor.py:153} INFO - Started process (PID=49312) to work on /Users/v.lytvyniuk/Documents/библиотечка/DE online1/git/de_7/lesson_07/airflow_env/lib/python3.8/site-packages/airflow/example_dags/tutorial.py
[2023-02-10T21:38:08.765+0200] {processor.py:640} INFO - Processing file /Users/v.lytvyniuk/Documents/библиотечка/DE online1/git/de_7/lesson_07/airflow_env/lib/python3.8/site-packages/airflow/example_dags/tutorial.py for tasks to queue
[2023-02-10T21:38:08.765+0200] {logging_mixin.py:115} INFO - [2023-02-10T21:38:08.765+0200] {dagbag.py:508} INFO - Filling up the DagBag from /Users/v.lytvyniuk/Documents/библиотечка/DE online1/git/de_7/lesson_07/airflow_env/lib/python3.8/site-packages/airflow/example_dags/tutorial.py
[2023-02-10T21:38:08.772+0200] {processor.py:650} INFO - DAG(s) dict_keys(['tutorial']) retrieved from /Users/v.lytvyniuk/Documents/библиотечка/DE online1/git/de_7/lesson_07/airflow_env/lib/python3.8/site-packages/airflow/example_dags/tutorial.py
[2023-02-10T21:38:08.803+0200] {logging_mixin.py:115} INFO - [2023-02-10T21:38:08.803+0200] {dag.py:2429} INFO - Sync 1 DAGs
[2023-02-10T21:38:08.814+0200] {logging_mixin.py:115} INFO - [2023-02-10T21:38:08.814+0200] {dag.py:2977} INFO - Setting next_dagrun for tutorial to 2023-02-09T19:38:08.814762+00:00, run_after=2023-02-10T19:38:08.814762+00:00
[2023-02-10T21:38:08.820+0200] {processor.py:161} INFO - Processing /Users/v.lytvyniuk/Documents/библиотечка/DE online1/git/de_7/lesson_07/airflow_env/lib/python3.8/site-packages/airflow/example_dags/tutorial.py took 0.059 seconds
[2023-02-10T21:38:58.507+0200] {processor.py:153} INFO - Started process (PID=49483) to work on /Users/v.lytvyniuk/Documents/библиотечка/DE online1/git/de_7/lesson_07/airflow_env/lib/python3.8/site-packages/airflow/example_dags/tutorial.py
[2023-02-10T21:38:58.510+0200] {processor.py:640} INFO - Processing file /Users/v.lytvyniuk/Documents/библиотечка/DE online1/git/de_7/lesson_07/airflow_env/lib/python3.8/site-packages/airflow/example_dags/tutorial.py for tasks to queue
[2023-02-10T21:38:58.510+0200] {logging_mixin.py:115} INFO - [2023-02-10T21:38:58.510+0200] {dagbag.py:508} INFO - Filling up the DagBag from /Users/v.lytvyniuk/Documents/библиотечка/DE online1/git/de_7/lesson_07/airflow_env/lib/python3.8/site-packages/airflow/example_dags/tutorial.py
[2023-02-10T21:38:58.517+0200] {processor.py:650} INFO - DAG(s) dict_keys(['tutorial']) retrieved from /Users/v.lytvyniuk/Documents/библиотечка/DE online1/git/de_7/lesson_07/airflow_env/lib/python3.8/site-packages/airflow/example_dags/tutorial.py
[2023-02-10T21:38:58.548+0200] {logging_mixin.py:115} INFO - [2023-02-10T21:38:58.548+0200] {dag.py:2429} INFO - Sync 1 DAGs
[2023-02-10T21:38:58.555+0200] {logging_mixin.py:115} INFO - [2023-02-10T21:38:58.555+0200] {dag.py:2977} INFO - Setting next_dagrun for tutorial to 2023-02-09T19:38:58.555178+00:00, run_after=2023-02-10T19:38:58.555178+00:00
[2023-02-10T21:38:58.560+0200] {processor.py:161} INFO - Processing /Users/v.lytvyniuk/Documents/библиотечка/DE online1/git/de_7/lesson_07/airflow_env/lib/python3.8/site-packages/airflow/example_dags/tutorial.py took 0.054 seconds
[2023-02-10T21:39:48.124+0200] {processor.py:153} INFO - Started process (PID=49657) to work on /Users/v.lytvyniuk/Documents/библиотечка/DE online1/git/de_7/lesson_07/airflow_env/lib/python3.8/site-packages/airflow/example_dags/tutorial.py
[2023-02-10T21:39:48.127+0200] {processor.py:640} INFO - Processing file /Users/v.lytvyniuk/Documents/библиотечка/DE online1/git/de_7/lesson_07/airflow_env/lib/python3.8/site-packages/airflow/example_dags/tutorial.py for tasks to queue
[2023-02-10T21:39:48.127+0200] {logging_mixin.py:115} INFO - [2023-02-10T21:39:48.127+0200] {dagbag.py:508} INFO - Filling up the DagBag from /Users/v.lytvyniuk/Documents/библиотечка/DE online1/git/de_7/lesson_07/airflow_env/lib/python3.8/site-packages/airflow/example_dags/tutorial.py
[2023-02-10T21:39:48.134+0200] {processor.py:650} INFO - DAG(s) dict_keys(['tutorial']) retrieved from /Users/v.lytvyniuk/Documents/библиотечка/DE online1/git/de_7/lesson_07/airflow_env/lib/python3.8/site-packages/airflow/example_dags/tutorial.py
[2023-02-10T21:39:48.166+0200] {logging_mixin.py:115} INFO - [2023-02-10T21:39:48.165+0200] {dag.py:2429} INFO - Sync 1 DAGs
[2023-02-10T21:39:48.172+0200] {logging_mixin.py:115} INFO - [2023-02-10T21:39:48.172+0200] {dag.py:2977} INFO - Setting next_dagrun for tutorial to 2023-02-09T19:39:48.172719+00:00, run_after=2023-02-10T19:39:48.172719+00:00
[2023-02-10T21:39:48.178+0200] {processor.py:161} INFO - Processing /Users/v.lytvyniuk/Documents/библиотечка/DE online1/git/de_7/lesson_07/airflow_env/lib/python3.8/site-packages/airflow/example_dags/tutorial.py took 0.054 seconds
[2023-02-10T21:40:38.279+0200] {processor.py:153} INFO - Started process (PID=49794) to work on /Users/v.lytvyniuk/Documents/библиотечка/DE online1/git/de_7/lesson_07/airflow_env/lib/python3.8/site-packages/airflow/example_dags/tutorial.py
[2023-02-10T21:40:38.282+0200] {processor.py:640} INFO - Processing file /Users/v.lytvyniuk/Documents/библиотечка/DE online1/git/de_7/lesson_07/airflow_env/lib/python3.8/site-packages/airflow/example_dags/tutorial.py for tasks to queue
[2023-02-10T21:40:38.282+0200] {logging_mixin.py:115} INFO - [2023-02-10T21:40:38.282+0200] {dagbag.py:508} INFO - Filling up the DagBag from /Users/v.lytvyniuk/Documents/библиотечка/DE online1/git/de_7/lesson_07/airflow_env/lib/python3.8/site-packages/airflow/example_dags/tutorial.py
[2023-02-10T21:40:38.290+0200] {processor.py:650} INFO - DAG(s) dict_keys(['tutorial']) retrieved from /Users/v.lytvyniuk/Documents/библиотечка/DE online1/git/de_7/lesson_07/airflow_env/lib/python3.8/site-packages/airflow/example_dags/tutorial.py
[2023-02-10T21:40:38.321+0200] {logging_mixin.py:115} INFO - [2023-02-10T21:40:38.321+0200] {dag.py:2429} INFO - Sync 1 DAGs
[2023-02-10T21:40:38.328+0200] {logging_mixin.py:115} INFO - [2023-02-10T21:40:38.328+0200] {dag.py:2977} INFO - Setting next_dagrun for tutorial to 2023-02-09T19:40:38.328561+00:00, run_after=2023-02-10T19:40:38.328561+00:00
[2023-02-10T21:40:38.333+0200] {processor.py:161} INFO - Processing /Users/v.lytvyniuk/Documents/библиотечка/DE online1/git/de_7/lesson_07/airflow_env/lib/python3.8/site-packages/airflow/example_dags/tutorial.py took 0.054 seconds
[2023-02-10T21:41:28.143+0200] {processor.py:153} INFO - Started process (PID=49928) to work on /Users/v.lytvyniuk/Documents/библиотечка/DE online1/git/de_7/lesson_07/airflow_env/lib/python3.8/site-packages/airflow/example_dags/tutorial.py
[2023-02-10T21:41:28.146+0200] {processor.py:640} INFO - Processing file /Users/v.lytvyniuk/Documents/библиотечка/DE online1/git/de_7/lesson_07/airflow_env/lib/python3.8/site-packages/airflow/example_dags/tutorial.py for tasks to queue
[2023-02-10T21:41:28.146+0200] {logging_mixin.py:115} INFO - [2023-02-10T21:41:28.146+0200] {dagbag.py:508} INFO - Filling up the DagBag from /Users/v.lytvyniuk/Documents/библиотечка/DE online1/git/de_7/lesson_07/airflow_env/lib/python3.8/site-packages/airflow/example_dags/tutorial.py
[2023-02-10T21:41:28.153+0200] {processor.py:650} INFO - DAG(s) dict_keys(['tutorial']) retrieved from /Users/v.lytvyniuk/Documents/библиотечка/DE online1/git/de_7/lesson_07/airflow_env/lib/python3.8/site-packages/airflow/example_dags/tutorial.py
[2023-02-10T21:41:28.183+0200] {logging_mixin.py:115} INFO - [2023-02-10T21:41:28.183+0200] {dag.py:2429} INFO - Sync 1 DAGs
[2023-02-10T21:41:28.190+0200] {logging_mixin.py:115} INFO - [2023-02-10T21:41:28.190+0200] {dag.py:2977} INFO - Setting next_dagrun for tutorial to 2023-02-09T19:41:28.190209+00:00, run_after=2023-02-10T19:41:28.190209+00:00
[2023-02-10T21:41:28.195+0200] {processor.py:161} INFO - Processing /Users/v.lytvyniuk/Documents/библиотечка/DE online1/git/de_7/lesson_07/airflow_env/lib/python3.8/site-packages/airflow/example_dags/tutorial.py took 0.052 seconds
[2023-02-10T21:42:20.281+0200] {processor.py:153} INFO - Started process (PID=50061) to work on /Users/v.lytvyniuk/Documents/библиотечка/DE online1/git/de_7/lesson_07/airflow_env/lib/python3.8/site-packages/airflow/example_dags/tutorial.py
[2023-02-10T21:42:20.284+0200] {processor.py:640} INFO - Processing file /Users/v.lytvyniuk/Documents/библиотечка/DE online1/git/de_7/lesson_07/airflow_env/lib/python3.8/site-packages/airflow/example_dags/tutorial.py for tasks to queue
[2023-02-10T21:42:20.285+0200] {logging_mixin.py:115} INFO - [2023-02-10T21:42:20.285+0200] {dagbag.py:508} INFO - Filling up the DagBag from /Users/v.lytvyniuk/Documents/библиотечка/DE online1/git/de_7/lesson_07/airflow_env/lib/python3.8/site-packages/airflow/example_dags/tutorial.py
[2023-02-10T21:42:20.292+0200] {processor.py:650} INFO - DAG(s) dict_keys(['tutorial']) retrieved from /Users/v.lytvyniuk/Documents/библиотечка/DE online1/git/de_7/lesson_07/airflow_env/lib/python3.8/site-packages/airflow/example_dags/tutorial.py
[2023-02-10T21:42:20.323+0200] {logging_mixin.py:115} INFO - [2023-02-10T21:42:20.323+0200] {dag.py:2429} INFO - Sync 1 DAGs
[2023-02-10T21:42:20.330+0200] {logging_mixin.py:115} INFO - [2023-02-10T21:42:20.330+0200] {dag.py:2977} INFO - Setting next_dagrun for tutorial to 2023-02-09T19:42:20.330287+00:00, run_after=2023-02-10T19:42:20.330287+00:00
[2023-02-10T21:42:20.335+0200] {processor.py:161} INFO - Processing /Users/v.lytvyniuk/Documents/библиотечка/DE online1/git/de_7/lesson_07/airflow_env/lib/python3.8/site-packages/airflow/example_dags/tutorial.py took 0.054 seconds
[2023-02-10T21:43:12.258+0200] {processor.py:153} INFO - Started process (PID=50206) to work on /Users/v.lytvyniuk/Documents/библиотечка/DE online1/git/de_7/lesson_07/airflow_env/lib/python3.8/site-packages/airflow/example_dags/tutorial.py
[2023-02-10T21:43:12.262+0200] {processor.py:640} INFO - Processing file /Users/v.lytvyniuk/Documents/библиотечка/DE online1/git/de_7/lesson_07/airflow_env/lib/python3.8/site-packages/airflow/example_dags/tutorial.py for tasks to queue
[2023-02-10T21:43:12.262+0200] {logging_mixin.py:115} INFO - [2023-02-10T21:43:12.262+0200] {dagbag.py:508} INFO - Filling up the DagBag from /Users/v.lytvyniuk/Documents/библиотечка/DE online1/git/de_7/lesson_07/airflow_env/lib/python3.8/site-packages/airflow/example_dags/tutorial.py
[2023-02-10T21:43:12.268+0200] {processor.py:650} INFO - DAG(s) dict_keys(['tutorial']) retrieved from /Users/v.lytvyniuk/Documents/библиотечка/DE online1/git/de_7/lesson_07/airflow_env/lib/python3.8/site-packages/airflow/example_dags/tutorial.py
[2023-02-10T21:43:12.299+0200] {logging_mixin.py:115} INFO - [2023-02-10T21:43:12.298+0200] {dag.py:2429} INFO - Sync 1 DAGs
[2023-02-10T21:43:12.305+0200] {logging_mixin.py:115} INFO - [2023-02-10T21:43:12.305+0200] {dag.py:2977} INFO - Setting next_dagrun for tutorial to 2023-02-09T19:43:12.305351+00:00, run_after=2023-02-10T19:43:12.305351+00:00
[2023-02-10T21:43:12.310+0200] {processor.py:161} INFO - Processing /Users/v.lytvyniuk/Documents/библиотечка/DE online1/git/de_7/lesson_07/airflow_env/lib/python3.8/site-packages/airflow/example_dags/tutorial.py took 0.052 seconds
[2023-02-10T21:44:01.171+0200] {processor.py:153} INFO - Started process (PID=50331) to work on /Users/v.lytvyniuk/Documents/библиотечка/DE online1/git/de_7/lesson_07/airflow_env/lib/python3.8/site-packages/airflow/example_dags/tutorial.py
[2023-02-10T21:44:01.174+0200] {processor.py:640} INFO - Processing file /Users/v.lytvyniuk/Documents/библиотечка/DE online1/git/de_7/lesson_07/airflow_env/lib/python3.8/site-packages/airflow/example_dags/tutorial.py for tasks to queue
[2023-02-10T21:44:01.174+0200] {logging_mixin.py:115} INFO - [2023-02-10T21:44:01.174+0200] {dagbag.py:508} INFO - Filling up the DagBag from /Users/v.lytvyniuk/Documents/библиотечка/DE online1/git/de_7/lesson_07/airflow_env/lib/python3.8/site-packages/airflow/example_dags/tutorial.py
[2023-02-10T21:44:01.181+0200] {processor.py:650} INFO - DAG(s) dict_keys(['tutorial']) retrieved from /Users/v.lytvyniuk/Documents/библиотечка/DE online1/git/de_7/lesson_07/airflow_env/lib/python3.8/site-packages/airflow/example_dags/tutorial.py
[2023-02-10T21:44:01.211+0200] {logging_mixin.py:115} INFO - [2023-02-10T21:44:01.211+0200] {dag.py:2429} INFO - Sync 1 DAGs
[2023-02-10T21:44:01.218+0200] {logging_mixin.py:115} INFO - [2023-02-10T21:44:01.218+0200] {dag.py:2977} INFO - Setting next_dagrun for tutorial to 2023-02-09T19:44:01.218043+00:00, run_after=2023-02-10T19:44:01.218043+00:00
[2023-02-10T21:44:01.223+0200] {processor.py:161} INFO - Processing /Users/v.lytvyniuk/Documents/библиотечка/DE online1/git/de_7/lesson_07/airflow_env/lib/python3.8/site-packages/airflow/example_dags/tutorial.py took 0.053 seconds
[2023-02-10T21:44:52.716+0200] {processor.py:153} INFO - Started process (PID=50474) to work on /Users/v.lytvyniuk/Documents/библиотечка/DE online1/git/de_7/lesson_07/airflow_env/lib/python3.8/site-packages/airflow/example_dags/tutorial.py
[2023-02-10T21:44:52.719+0200] {processor.py:640} INFO - Processing file /Users/v.lytvyniuk/Documents/библиотечка/DE online1/git/de_7/lesson_07/airflow_env/lib/python3.8/site-packages/airflow/example_dags/tutorial.py for tasks to queue
[2023-02-10T21:44:52.719+0200] {logging_mixin.py:115} INFO - [2023-02-10T21:44:52.719+0200] {dagbag.py:508} INFO - Filling up the DagBag from /Users/v.lytvyniuk/Documents/библиотечка/DE online1/git/de_7/lesson_07/airflow_env/lib/python3.8/site-packages/airflow/example_dags/tutorial.py
[2023-02-10T21:44:52.727+0200] {processor.py:650} INFO - DAG(s) dict_keys(['tutorial']) retrieved from /Users/v.lytvyniuk/Documents/библиотечка/DE online1/git/de_7/lesson_07/airflow_env/lib/python3.8/site-packages/airflow/example_dags/tutorial.py
[2023-02-10T21:44:52.758+0200] {logging_mixin.py:115} INFO - [2023-02-10T21:44:52.758+0200] {dag.py:2429} INFO - Sync 1 DAGs
[2023-02-10T21:44:52.765+0200] {logging_mixin.py:115} INFO - [2023-02-10T21:44:52.765+0200] {dag.py:2977} INFO - Setting next_dagrun for tutorial to 2023-02-09T19:44:52.764925+00:00, run_after=2023-02-10T19:44:52.764925+00:00
[2023-02-10T21:44:52.770+0200] {processor.py:161} INFO - Processing /Users/v.lytvyniuk/Documents/библиотечка/DE online1/git/de_7/lesson_07/airflow_env/lib/python3.8/site-packages/airflow/example_dags/tutorial.py took 0.054 seconds
[2023-02-10T21:45:44.433+0200] {processor.py:153} INFO - Started process (PID=50987) to work on /Users/v.lytvyniuk/Documents/библиотечка/DE online1/git/de_7/lesson_07/airflow_env/lib/python3.8/site-packages/airflow/example_dags/tutorial.py
[2023-02-10T21:45:44.437+0200] {processor.py:640} INFO - Processing file /Users/v.lytvyniuk/Documents/библиотечка/DE online1/git/de_7/lesson_07/airflow_env/lib/python3.8/site-packages/airflow/example_dags/tutorial.py for tasks to queue
[2023-02-10T21:45:44.437+0200] {logging_mixin.py:115} INFO - [2023-02-10T21:45:44.437+0200] {dagbag.py:508} INFO - Filling up the DagBag from /Users/v.lytvyniuk/Documents/библиотечка/DE online1/git/de_7/lesson_07/airflow_env/lib/python3.8/site-packages/airflow/example_dags/tutorial.py
[2023-02-10T21:45:44.443+0200] {processor.py:650} INFO - DAG(s) dict_keys(['tutorial']) retrieved from /Users/v.lytvyniuk/Documents/библиотечка/DE online1/git/de_7/lesson_07/airflow_env/lib/python3.8/site-packages/airflow/example_dags/tutorial.py
[2023-02-10T21:45:44.474+0200] {logging_mixin.py:115} INFO - [2023-02-10T21:45:44.474+0200] {dag.py:2429} INFO - Sync 1 DAGs
[2023-02-10T21:45:44.481+0200] {logging_mixin.py:115} INFO - [2023-02-10T21:45:44.481+0200] {dag.py:2977} INFO - Setting next_dagrun for tutorial to 2023-02-09T19:45:44.480975+00:00, run_after=2023-02-10T19:45:44.480975+00:00
[2023-02-10T21:45:44.486+0200] {processor.py:161} INFO - Processing /Users/v.lytvyniuk/Documents/библиотечка/DE online1/git/de_7/lesson_07/airflow_env/lib/python3.8/site-packages/airflow/example_dags/tutorial.py took 0.053 seconds
[2023-02-10T21:46:35.562+0200] {processor.py:153} INFO - Started process (PID=51114) to work on /Users/v.lytvyniuk/Documents/библиотечка/DE online1/git/de_7/lesson_07/airflow_env/lib/python3.8/site-packages/airflow/example_dags/tutorial.py
[2023-02-10T21:46:35.566+0200] {processor.py:640} INFO - Processing file /Users/v.lytvyniuk/Documents/библиотечка/DE online1/git/de_7/lesson_07/airflow_env/lib/python3.8/site-packages/airflow/example_dags/tutorial.py for tasks to queue
[2023-02-10T21:46:35.566+0200] {logging_mixin.py:115} INFO - [2023-02-10T21:46:35.566+0200] {dagbag.py:508} INFO - Filling up the DagBag from /Users/v.lytvyniuk/Documents/библиотечка/DE online1/git/de_7/lesson_07/airflow_env/lib/python3.8/site-packages/airflow/example_dags/tutorial.py
[2023-02-10T21:46:35.572+0200] {processor.py:650} INFO - DAG(s) dict_keys(['tutorial']) retrieved from /Users/v.lytvyniuk/Documents/библиотечка/DE online1/git/de_7/lesson_07/airflow_env/lib/python3.8/site-packages/airflow/example_dags/tutorial.py
[2023-02-10T21:46:35.603+0200] {logging_mixin.py:115} INFO - [2023-02-10T21:46:35.603+0200] {dag.py:2429} INFO - Sync 1 DAGs
[2023-02-10T21:46:35.609+0200] {logging_mixin.py:115} INFO - [2023-02-10T21:46:35.609+0200] {dag.py:2977} INFO - Setting next_dagrun for tutorial to 2023-02-09T19:46:35.609566+00:00, run_after=2023-02-10T19:46:35.609566+00:00
[2023-02-10T21:46:35.615+0200] {processor.py:161} INFO - Processing /Users/v.lytvyniuk/Documents/библиотечка/DE online1/git/de_7/lesson_07/airflow_env/lib/python3.8/site-packages/airflow/example_dags/tutorial.py took 0.053 seconds
[2023-02-10T21:47:25.917+0200] {processor.py:153} INFO - Started process (PID=51832) to work on /Users/v.lytvyniuk/Documents/библиотечка/DE online1/git/de_7/lesson_07/airflow_env/lib/python3.8/site-packages/airflow/example_dags/tutorial.py
[2023-02-10T21:47:25.920+0200] {processor.py:640} INFO - Processing file /Users/v.lytvyniuk/Documents/библиотечка/DE online1/git/de_7/lesson_07/airflow_env/lib/python3.8/site-packages/airflow/example_dags/tutorial.py for tasks to queue
[2023-02-10T21:47:25.921+0200] {logging_mixin.py:115} INFO - [2023-02-10T21:47:25.921+0200] {dagbag.py:508} INFO - Filling up the DagBag from /Users/v.lytvyniuk/Documents/библиотечка/DE online1/git/de_7/lesson_07/airflow_env/lib/python3.8/site-packages/airflow/example_dags/tutorial.py
[2023-02-10T21:47:25.928+0200] {processor.py:650} INFO - DAG(s) dict_keys(['tutorial']) retrieved from /Users/v.lytvyniuk/Documents/библиотечка/DE online1/git/de_7/lesson_07/airflow_env/lib/python3.8/site-packages/airflow/example_dags/tutorial.py
[2023-02-10T21:47:25.959+0200] {logging_mixin.py:115} INFO - [2023-02-10T21:47:25.959+0200] {dag.py:2429} INFO - Sync 1 DAGs
[2023-02-10T21:47:25.965+0200] {logging_mixin.py:115} INFO - [2023-02-10T21:47:25.965+0200] {dag.py:2977} INFO - Setting next_dagrun for tutorial to 2023-02-09T19:47:25.965721+00:00, run_after=2023-02-10T19:47:25.965721+00:00
[2023-02-10T21:47:25.971+0200] {processor.py:161} INFO - Processing /Users/v.lytvyniuk/Documents/библиотечка/DE online1/git/de_7/lesson_07/airflow_env/lib/python3.8/site-packages/airflow/example_dags/tutorial.py took 0.054 seconds
[2023-02-10T21:53:32.637+0200] {processor.py:153} INFO - Started process (PID=2491) to work on /Users/v.lytvyniuk/Documents/библиотечка/DE online1/git/de_7/lesson_07/airflow_env/lib/python3.8/site-packages/airflow/example_dags/tutorial.py
[2023-02-10T21:53:32.641+0200] {processor.py:640} INFO - Processing file /Users/v.lytvyniuk/Documents/библиотечка/DE online1/git/de_7/lesson_07/airflow_env/lib/python3.8/site-packages/airflow/example_dags/tutorial.py for tasks to queue
[2023-02-10T21:53:32.641+0200] {logging_mixin.py:115} INFO - [2023-02-10T21:53:32.641+0200] {dagbag.py:508} INFO - Filling up the DagBag from /Users/v.lytvyniuk/Documents/библиотечка/DE online1/git/de_7/lesson_07/airflow_env/lib/python3.8/site-packages/airflow/example_dags/tutorial.py
[2023-02-10T21:53:32.648+0200] {processor.py:650} INFO - DAG(s) dict_keys(['tutorial']) retrieved from /Users/v.lytvyniuk/Documents/библиотечка/DE online1/git/de_7/lesson_07/airflow_env/lib/python3.8/site-packages/airflow/example_dags/tutorial.py
[2023-02-10T21:53:32.681+0200] {logging_mixin.py:115} INFO - [2023-02-10T21:53:32.681+0200] {dag.py:2429} INFO - Sync 1 DAGs
[2023-02-10T21:53:32.690+0200] {logging_mixin.py:115} INFO - [2023-02-10T21:53:32.690+0200] {dag.py:2977} INFO - Setting next_dagrun for tutorial to 2023-02-09T19:53:32.689159+00:00, run_after=2023-02-10T19:53:32.689159+00:00
[2023-02-10T21:53:32.695+0200] {processor.py:161} INFO - Processing /Users/v.lytvyniuk/Documents/библиотечка/DE online1/git/de_7/lesson_07/airflow_env/lib/python3.8/site-packages/airflow/example_dags/tutorial.py took 0.058 seconds
[2023-02-10T21:54:24.990+0200] {processor.py:153} INFO - Started process (PID=2704) to work on /Users/v.lytvyniuk/Documents/библиотечка/DE online1/git/de_7/lesson_07/airflow_env/lib/python3.8/site-packages/airflow/example_dags/tutorial.py
[2023-02-10T21:54:24.994+0200] {processor.py:640} INFO - Processing file /Users/v.lytvyniuk/Documents/библиотечка/DE online1/git/de_7/lesson_07/airflow_env/lib/python3.8/site-packages/airflow/example_dags/tutorial.py for tasks to queue
[2023-02-10T21:54:24.994+0200] {logging_mixin.py:115} INFO - [2023-02-10T21:54:24.994+0200] {dagbag.py:508} INFO - Filling up the DagBag from /Users/v.lytvyniuk/Documents/библиотечка/DE online1/git/de_7/lesson_07/airflow_env/lib/python3.8/site-packages/airflow/example_dags/tutorial.py
[2023-02-10T21:54:25.001+0200] {processor.py:650} INFO - DAG(s) dict_keys(['tutorial']) retrieved from /Users/v.lytvyniuk/Documents/библиотечка/DE online1/git/de_7/lesson_07/airflow_env/lib/python3.8/site-packages/airflow/example_dags/tutorial.py
[2023-02-10T21:54:25.040+0200] {logging_mixin.py:115} INFO - [2023-02-10T21:54:25.040+0200] {dag.py:2429} INFO - Sync 1 DAGs
[2023-02-10T21:54:25.049+0200] {logging_mixin.py:115} INFO - [2023-02-10T21:54:25.049+0200] {dag.py:2977} INFO - Setting next_dagrun for tutorial to 2023-02-09T19:54:25.049162+00:00, run_after=2023-02-10T19:54:25.049162+00:00
[2023-02-10T21:54:25.056+0200] {processor.py:161} INFO - Processing /Users/v.lytvyniuk/Documents/библиотечка/DE online1/git/de_7/lesson_07/airflow_env/lib/python3.8/site-packages/airflow/example_dags/tutorial.py took 0.066 seconds
[2023-02-10T21:55:15.221+0200] {processor.py:153} INFO - Started process (PID=2888) to work on /Users/v.lytvyniuk/Documents/библиотечка/DE online1/git/de_7/lesson_07/airflow_env/lib/python3.8/site-packages/airflow/example_dags/tutorial.py
[2023-02-10T21:55:15.225+0200] {processor.py:640} INFO - Processing file /Users/v.lytvyniuk/Documents/библиотечка/DE online1/git/de_7/lesson_07/airflow_env/lib/python3.8/site-packages/airflow/example_dags/tutorial.py for tasks to queue
[2023-02-10T21:55:15.225+0200] {logging_mixin.py:115} INFO - [2023-02-10T21:55:15.225+0200] {dagbag.py:508} INFO - Filling up the DagBag from /Users/v.lytvyniuk/Documents/библиотечка/DE online1/git/de_7/lesson_07/airflow_env/lib/python3.8/site-packages/airflow/example_dags/tutorial.py
[2023-02-10T21:55:15.232+0200] {processor.py:650} INFO - DAG(s) dict_keys(['tutorial']) retrieved from /Users/v.lytvyniuk/Documents/библиотечка/DE online1/git/de_7/lesson_07/airflow_env/lib/python3.8/site-packages/airflow/example_dags/tutorial.py
[2023-02-10T21:55:15.263+0200] {logging_mixin.py:115} INFO - [2023-02-10T21:55:15.263+0200] {dag.py:2429} INFO - Sync 1 DAGs
[2023-02-10T21:55:15.270+0200] {logging_mixin.py:115} INFO - [2023-02-10T21:55:15.269+0200] {dag.py:2977} INFO - Setting next_dagrun for tutorial to 2023-02-09T19:55:15.269868+00:00, run_after=2023-02-10T19:55:15.269868+00:00
[2023-02-10T21:55:15.275+0200] {processor.py:161} INFO - Processing /Users/v.lytvyniuk/Documents/библиотечка/DE online1/git/de_7/lesson_07/airflow_env/lib/python3.8/site-packages/airflow/example_dags/tutorial.py took 0.054 seconds
[2023-02-10T21:56:07.375+0200] {processor.py:153} INFO - Started process (PID=3061) to work on /Users/v.lytvyniuk/Documents/библиотечка/DE online1/git/de_7/lesson_07/airflow_env/lib/python3.8/site-packages/airflow/example_dags/tutorial.py
[2023-02-10T21:56:07.379+0200] {processor.py:640} INFO - Processing file /Users/v.lytvyniuk/Documents/библиотечка/DE online1/git/de_7/lesson_07/airflow_env/lib/python3.8/site-packages/airflow/example_dags/tutorial.py for tasks to queue
[2023-02-10T21:56:07.379+0200] {logging_mixin.py:115} INFO - [2023-02-10T21:56:07.379+0200] {dagbag.py:508} INFO - Filling up the DagBag from /Users/v.lytvyniuk/Documents/библиотечка/DE online1/git/de_7/lesson_07/airflow_env/lib/python3.8/site-packages/airflow/example_dags/tutorial.py
[2023-02-10T21:56:07.386+0200] {processor.py:650} INFO - DAG(s) dict_keys(['tutorial']) retrieved from /Users/v.lytvyniuk/Documents/библиотечка/DE online1/git/de_7/lesson_07/airflow_env/lib/python3.8/site-packages/airflow/example_dags/tutorial.py
[2023-02-10T21:56:07.420+0200] {logging_mixin.py:115} INFO - [2023-02-10T21:56:07.420+0200] {dag.py:2429} INFO - Sync 1 DAGs
[2023-02-10T21:56:07.427+0200] {logging_mixin.py:115} INFO - [2023-02-10T21:56:07.427+0200] {dag.py:2977} INFO - Setting next_dagrun for tutorial to 2023-02-09T19:56:07.427694+00:00, run_after=2023-02-10T19:56:07.427694+00:00
[2023-02-10T21:56:07.433+0200] {processor.py:161} INFO - Processing /Users/v.lytvyniuk/Documents/библиотечка/DE online1/git/de_7/lesson_07/airflow_env/lib/python3.8/site-packages/airflow/example_dags/tutorial.py took 0.057 seconds
[2023-02-10T21:57:01.223+0200] {processor.py:153} INFO - Started process (PID=3215) to work on /Users/v.lytvyniuk/Documents/библиотечка/DE online1/git/de_7/lesson_07/airflow_env/lib/python3.8/site-packages/airflow/example_dags/tutorial.py
[2023-02-10T21:57:01.227+0200] {processor.py:640} INFO - Processing file /Users/v.lytvyniuk/Documents/библиотечка/DE online1/git/de_7/lesson_07/airflow_env/lib/python3.8/site-packages/airflow/example_dags/tutorial.py for tasks to queue
[2023-02-10T21:57:01.227+0200] {logging_mixin.py:115} INFO - [2023-02-10T21:57:01.227+0200] {dagbag.py:508} INFO - Filling up the DagBag from /Users/v.lytvyniuk/Documents/библиотечка/DE online1/git/de_7/lesson_07/airflow_env/lib/python3.8/site-packages/airflow/example_dags/tutorial.py
[2023-02-10T21:57:01.233+0200] {processor.py:650} INFO - DAG(s) dict_keys(['tutorial']) retrieved from /Users/v.lytvyniuk/Documents/библиотечка/DE online1/git/de_7/lesson_07/airflow_env/lib/python3.8/site-packages/airflow/example_dags/tutorial.py
[2023-02-10T21:57:01.264+0200] {logging_mixin.py:115} INFO - [2023-02-10T21:57:01.264+0200] {dag.py:2429} INFO - Sync 1 DAGs
[2023-02-10T21:57:01.271+0200] {logging_mixin.py:115} INFO - [2023-02-10T21:57:01.271+0200] {dag.py:2977} INFO - Setting next_dagrun for tutorial to 2023-02-09T19:57:01.271075+00:00, run_after=2023-02-10T19:57:01.271075+00:00
[2023-02-10T21:57:01.276+0200] {processor.py:161} INFO - Processing /Users/v.lytvyniuk/Documents/библиотечка/DE online1/git/de_7/lesson_07/airflow_env/lib/python3.8/site-packages/airflow/example_dags/tutorial.py took 0.053 seconds
[2023-02-10T21:57:52.842+0200] {processor.py:153} INFO - Started process (PID=3372) to work on /Users/v.lytvyniuk/Documents/библиотечка/DE online1/git/de_7/lesson_07/airflow_env/lib/python3.8/site-packages/airflow/example_dags/tutorial.py
[2023-02-10T21:57:52.846+0200] {processor.py:640} INFO - Processing file /Users/v.lytvyniuk/Documents/библиотечка/DE online1/git/de_7/lesson_07/airflow_env/lib/python3.8/site-packages/airflow/example_dags/tutorial.py for tasks to queue
[2023-02-10T21:57:52.846+0200] {logging_mixin.py:115} INFO - [2023-02-10T21:57:52.846+0200] {dagbag.py:508} INFO - Filling up the DagBag from /Users/v.lytvyniuk/Documents/библиотечка/DE online1/git/de_7/lesson_07/airflow_env/lib/python3.8/site-packages/airflow/example_dags/tutorial.py
[2023-02-10T21:57:52.853+0200] {processor.py:650} INFO - DAG(s) dict_keys(['tutorial']) retrieved from /Users/v.lytvyniuk/Documents/библиотечка/DE online1/git/de_7/lesson_07/airflow_env/lib/python3.8/site-packages/airflow/example_dags/tutorial.py
[2023-02-10T21:57:52.889+0200] {logging_mixin.py:115} INFO - [2023-02-10T21:57:52.889+0200] {dag.py:2429} INFO - Sync 1 DAGs
[2023-02-10T21:57:52.897+0200] {logging_mixin.py:115} INFO - [2023-02-10T21:57:52.897+0200] {dag.py:2977} INFO - Setting next_dagrun for tutorial to 2023-02-09T19:57:52.897336+00:00, run_after=2023-02-10T19:57:52.897336+00:00
[2023-02-10T21:57:52.903+0200] {processor.py:161} INFO - Processing /Users/v.lytvyniuk/Documents/библиотечка/DE online1/git/de_7/lesson_07/airflow_env/lib/python3.8/site-packages/airflow/example_dags/tutorial.py took 0.061 seconds
