[2023-02-10T21:32:04.412+0200] {processor.py:153} INFO - Started process (PID=48267) to work on /Users/v.lytvyniuk/Documents/библиотечка/DE online1/git/de_7/lesson_07/airflow_env/lib/python3.8/site-packages/airflow/example_dags/tutorial_etl_dag.py
[2023-02-10T21:32:04.415+0200] {processor.py:640} INFO - Processing file /Users/v.lytvyniuk/Documents/библиотечка/DE online1/git/de_7/lesson_07/airflow_env/lib/python3.8/site-packages/airflow/example_dags/tutorial_etl_dag.py for tasks to queue
[2023-02-10T21:32:04.415+0200] {logging_mixin.py:115} INFO - [2023-02-10T21:32:04.415+0200] {dagbag.py:508} INFO - Filling up the DagBag from /Users/v.lytvyniuk/Documents/библиотечка/DE online1/git/de_7/lesson_07/airflow_env/lib/python3.8/site-packages/airflow/example_dags/tutorial_etl_dag.py
[2023-02-10T21:32:04.429+0200] {processor.py:650} INFO - DAG(s) dict_keys(['tutorial_etl_dag']) retrieved from /Users/v.lytvyniuk/Documents/библиотечка/DE online1/git/de_7/lesson_07/airflow_env/lib/python3.8/site-packages/airflow/example_dags/tutorial_etl_dag.py
[2023-02-10T21:32:04.826+0200] {logging_mixin.py:115} INFO - [2023-02-10T21:32:04.825+0200] {manager.py:508} INFO - Created Permission View: can read on DAG:tutorial_etl_dag
[2023-02-10T21:32:04.829+0200] {logging_mixin.py:115} INFO - [2023-02-10T21:32:04.829+0200] {manager.py:508} INFO - Created Permission View: can edit on DAG:tutorial_etl_dag
[2023-02-10T21:32:04.832+0200] {logging_mixin.py:115} INFO - [2023-02-10T21:32:04.832+0200] {manager.py:508} INFO - Created Permission View: can delete on DAG:tutorial_etl_dag
[2023-02-10T21:32:04.832+0200] {logging_mixin.py:115} INFO - [2023-02-10T21:32:04.832+0200] {dag.py:2429} INFO - Sync 1 DAGs
[2023-02-10T21:32:04.835+0200] {logging_mixin.py:115} INFO - [2023-02-10T21:32:04.835+0200] {dag.py:2448} INFO - Creating ORM DAG for tutorial_etl_dag
[2023-02-10T21:32:04.839+0200] {logging_mixin.py:115} INFO - [2023-02-10T21:32:04.839+0200] {dag.py:2977} INFO - Setting next_dagrun for tutorial_etl_dag to None, run_after=None
[2023-02-10T21:32:04.845+0200] {processor.py:161} INFO - Processing /Users/v.lytvyniuk/Documents/библиотечка/DE online1/git/de_7/lesson_07/airflow_env/lib/python3.8/site-packages/airflow/example_dags/tutorial_etl_dag.py took 0.433 seconds
[2023-02-10T21:33:07.523+0200] {processor.py:153} INFO - Started process (PID=48413) to work on /Users/v.lytvyniuk/Documents/библиотечка/DE online1/git/de_7/lesson_07/airflow_env/lib/python3.8/site-packages/airflow/example_dags/tutorial_etl_dag.py
[2023-02-10T21:33:07.527+0200] {processor.py:640} INFO - Processing file /Users/v.lytvyniuk/Documents/библиотечка/DE online1/git/de_7/lesson_07/airflow_env/lib/python3.8/site-packages/airflow/example_dags/tutorial_etl_dag.py for tasks to queue
[2023-02-10T21:33:07.527+0200] {logging_mixin.py:115} INFO - [2023-02-10T21:33:07.527+0200] {dagbag.py:508} INFO - Filling up the DagBag from /Users/v.lytvyniuk/Documents/библиотечка/DE online1/git/de_7/lesson_07/airflow_env/lib/python3.8/site-packages/airflow/example_dags/tutorial_etl_dag.py
[2023-02-10T21:33:07.541+0200] {processor.py:650} INFO - DAG(s) dict_keys(['tutorial_etl_dag']) retrieved from /Users/v.lytvyniuk/Documents/библиотечка/DE online1/git/de_7/lesson_07/airflow_env/lib/python3.8/site-packages/airflow/example_dags/tutorial_etl_dag.py
[2023-02-10T21:33:07.573+0200] {logging_mixin.py:115} INFO - [2023-02-10T21:33:07.573+0200] {dag.py:2429} INFO - Sync 1 DAGs
[2023-02-10T21:33:07.580+0200] {logging_mixin.py:115} INFO - [2023-02-10T21:33:07.580+0200] {dag.py:2977} INFO - Setting next_dagrun for tutorial_etl_dag to None, run_after=None
[2023-02-10T21:33:07.586+0200] {processor.py:161} INFO - Processing /Users/v.lytvyniuk/Documents/библиотечка/DE online1/git/de_7/lesson_07/airflow_env/lib/python3.8/site-packages/airflow/example_dags/tutorial_etl_dag.py took 0.063 seconds
[2023-02-10T21:34:44.774+0200] {processor.py:153} INFO - Started process (PID=48740) to work on /Users/v.lytvyniuk/Documents/библиотечка/DE online1/git/de_7/lesson_07/airflow_env/lib/python3.8/site-packages/airflow/example_dags/tutorial_etl_dag.py
[2023-02-10T21:34:44.776+0200] {processor.py:640} INFO - Processing file /Users/v.lytvyniuk/Documents/библиотечка/DE online1/git/de_7/lesson_07/airflow_env/lib/python3.8/site-packages/airflow/example_dags/tutorial_etl_dag.py for tasks to queue
[2023-02-10T21:34:44.777+0200] {logging_mixin.py:115} INFO - [2023-02-10T21:34:44.777+0200] {dagbag.py:508} INFO - Filling up the DagBag from /Users/v.lytvyniuk/Documents/библиотечка/DE online1/git/de_7/lesson_07/airflow_env/lib/python3.8/site-packages/airflow/example_dags/tutorial_etl_dag.py
[2023-02-10T21:34:44.791+0200] {processor.py:650} INFO - DAG(s) dict_keys(['tutorial_etl_dag']) retrieved from /Users/v.lytvyniuk/Documents/библиотечка/DE online1/git/de_7/lesson_07/airflow_env/lib/python3.8/site-packages/airflow/example_dags/tutorial_etl_dag.py
[2023-02-10T21:34:44.821+0200] {logging_mixin.py:115} INFO - [2023-02-10T21:34:44.821+0200] {dag.py:2429} INFO - Sync 1 DAGs
[2023-02-10T21:34:44.827+0200] {logging_mixin.py:115} INFO - [2023-02-10T21:34:44.827+0200] {dag.py:2977} INFO - Setting next_dagrun for tutorial_etl_dag to None, run_after=None
[2023-02-10T21:34:44.833+0200] {processor.py:161} INFO - Processing /Users/v.lytvyniuk/Documents/библиотечка/DE online1/git/de_7/lesson_07/airflow_env/lib/python3.8/site-packages/airflow/example_dags/tutorial_etl_dag.py took 0.060 seconds
[2023-02-10T21:35:35.839+0200] {processor.py:153} INFO - Started process (PID=48884) to work on /Users/v.lytvyniuk/Documents/библиотечка/DE online1/git/de_7/lesson_07/airflow_env/lib/python3.8/site-packages/airflow/example_dags/tutorial_etl_dag.py
[2023-02-10T21:35:35.842+0200] {processor.py:640} INFO - Processing file /Users/v.lytvyniuk/Documents/библиотечка/DE online1/git/de_7/lesson_07/airflow_env/lib/python3.8/site-packages/airflow/example_dags/tutorial_etl_dag.py for tasks to queue
[2023-02-10T21:35:35.842+0200] {logging_mixin.py:115} INFO - [2023-02-10T21:35:35.842+0200] {dagbag.py:508} INFO - Filling up the DagBag from /Users/v.lytvyniuk/Documents/библиотечка/DE online1/git/de_7/lesson_07/airflow_env/lib/python3.8/site-packages/airflow/example_dags/tutorial_etl_dag.py
[2023-02-10T21:35:35.856+0200] {processor.py:650} INFO - DAG(s) dict_keys(['tutorial_etl_dag']) retrieved from /Users/v.lytvyniuk/Documents/библиотечка/DE online1/git/de_7/lesson_07/airflow_env/lib/python3.8/site-packages/airflow/example_dags/tutorial_etl_dag.py
[2023-02-10T21:35:35.886+0200] {logging_mixin.py:115} INFO - [2023-02-10T21:35:35.886+0200] {dag.py:2429} INFO - Sync 1 DAGs
[2023-02-10T21:35:35.893+0200] {logging_mixin.py:115} INFO - [2023-02-10T21:35:35.892+0200] {dag.py:2977} INFO - Setting next_dagrun for tutorial_etl_dag to None, run_after=None
[2023-02-10T21:35:35.899+0200] {processor.py:161} INFO - Processing /Users/v.lytvyniuk/Documents/библиотечка/DE online1/git/de_7/lesson_07/airflow_env/lib/python3.8/site-packages/airflow/example_dags/tutorial_etl_dag.py took 0.061 seconds
[2023-02-10T21:36:26.999+0200] {processor.py:153} INFO - Started process (PID=49019) to work on /Users/v.lytvyniuk/Documents/библиотечка/DE online1/git/de_7/lesson_07/airflow_env/lib/python3.8/site-packages/airflow/example_dags/tutorial_etl_dag.py
[2023-02-10T21:36:27.002+0200] {processor.py:640} INFO - Processing file /Users/v.lytvyniuk/Documents/библиотечка/DE online1/git/de_7/lesson_07/airflow_env/lib/python3.8/site-packages/airflow/example_dags/tutorial_etl_dag.py for tasks to queue
[2023-02-10T21:36:27.002+0200] {logging_mixin.py:115} INFO - [2023-02-10T21:36:27.002+0200] {dagbag.py:508} INFO - Filling up the DagBag from /Users/v.lytvyniuk/Documents/библиотечка/DE online1/git/de_7/lesson_07/airflow_env/lib/python3.8/site-packages/airflow/example_dags/tutorial_etl_dag.py
[2023-02-10T21:36:27.017+0200] {processor.py:650} INFO - DAG(s) dict_keys(['tutorial_etl_dag']) retrieved from /Users/v.lytvyniuk/Documents/библиотечка/DE online1/git/de_7/lesson_07/airflow_env/lib/python3.8/site-packages/airflow/example_dags/tutorial_etl_dag.py
[2023-02-10T21:36:27.048+0200] {logging_mixin.py:115} INFO - [2023-02-10T21:36:27.048+0200] {dag.py:2429} INFO - Sync 1 DAGs
[2023-02-10T21:36:27.055+0200] {logging_mixin.py:115} INFO - [2023-02-10T21:36:27.055+0200] {dag.py:2977} INFO - Setting next_dagrun for tutorial_etl_dag to None, run_after=None
[2023-02-10T21:36:27.061+0200] {processor.py:161} INFO - Processing /Users/v.lytvyniuk/Documents/библиотечка/DE online1/git/de_7/lesson_07/airflow_env/lib/python3.8/site-packages/airflow/example_dags/tutorial_etl_dag.py took 0.063 seconds
[2023-02-10T21:37:17.168+0200] {processor.py:153} INFO - Started process (PID=49172) to work on /Users/v.lytvyniuk/Documents/библиотечка/DE online1/git/de_7/lesson_07/airflow_env/lib/python3.8/site-packages/airflow/example_dags/tutorial_etl_dag.py
[2023-02-10T21:37:17.171+0200] {processor.py:640} INFO - Processing file /Users/v.lytvyniuk/Documents/библиотечка/DE online1/git/de_7/lesson_07/airflow_env/lib/python3.8/site-packages/airflow/example_dags/tutorial_etl_dag.py for tasks to queue
[2023-02-10T21:37:17.171+0200] {logging_mixin.py:115} INFO - [2023-02-10T21:37:17.171+0200] {dagbag.py:508} INFO - Filling up the DagBag from /Users/v.lytvyniuk/Documents/библиотечка/DE online1/git/de_7/lesson_07/airflow_env/lib/python3.8/site-packages/airflow/example_dags/tutorial_etl_dag.py
[2023-02-10T21:37:17.187+0200] {processor.py:650} INFO - DAG(s) dict_keys(['tutorial_etl_dag']) retrieved from /Users/v.lytvyniuk/Documents/библиотечка/DE online1/git/de_7/lesson_07/airflow_env/lib/python3.8/site-packages/airflow/example_dags/tutorial_etl_dag.py
[2023-02-10T21:37:17.220+0200] {logging_mixin.py:115} INFO - [2023-02-10T21:37:17.220+0200] {dag.py:2429} INFO - Sync 1 DAGs
[2023-02-10T21:37:17.228+0200] {logging_mixin.py:115} INFO - [2023-02-10T21:37:17.228+0200] {dag.py:2977} INFO - Setting next_dagrun for tutorial_etl_dag to None, run_after=None
[2023-02-10T21:37:17.238+0200] {processor.py:161} INFO - Processing /Users/v.lytvyniuk/Documents/библиотечка/DE online1/git/de_7/lesson_07/airflow_env/lib/python3.8/site-packages/airflow/example_dags/tutorial_etl_dag.py took 0.070 seconds
[2023-02-10T21:38:07.142+0200] {processor.py:153} INFO - Started process (PID=49308) to work on /Users/v.lytvyniuk/Documents/библиотечка/DE online1/git/de_7/lesson_07/airflow_env/lib/python3.8/site-packages/airflow/example_dags/tutorial_etl_dag.py
[2023-02-10T21:38:07.145+0200] {processor.py:640} INFO - Processing file /Users/v.lytvyniuk/Documents/библиотечка/DE online1/git/de_7/lesson_07/airflow_env/lib/python3.8/site-packages/airflow/example_dags/tutorial_etl_dag.py for tasks to queue
[2023-02-10T21:38:07.145+0200] {logging_mixin.py:115} INFO - [2023-02-10T21:38:07.145+0200] {dagbag.py:508} INFO - Filling up the DagBag from /Users/v.lytvyniuk/Documents/библиотечка/DE online1/git/de_7/lesson_07/airflow_env/lib/python3.8/site-packages/airflow/example_dags/tutorial_etl_dag.py
[2023-02-10T21:38:07.159+0200] {processor.py:650} INFO - DAG(s) dict_keys(['tutorial_etl_dag']) retrieved from /Users/v.lytvyniuk/Documents/библиотечка/DE online1/git/de_7/lesson_07/airflow_env/lib/python3.8/site-packages/airflow/example_dags/tutorial_etl_dag.py
[2023-02-10T21:38:07.189+0200] {logging_mixin.py:115} INFO - [2023-02-10T21:38:07.189+0200] {dag.py:2429} INFO - Sync 1 DAGs
[2023-02-10T21:38:07.195+0200] {logging_mixin.py:115} INFO - [2023-02-10T21:38:07.195+0200] {dag.py:2977} INFO - Setting next_dagrun for tutorial_etl_dag to None, run_after=None
[2023-02-10T21:38:07.200+0200] {processor.py:161} INFO - Processing /Users/v.lytvyniuk/Documents/библиотечка/DE online1/git/de_7/lesson_07/airflow_env/lib/python3.8/site-packages/airflow/example_dags/tutorial_etl_dag.py took 0.059 seconds
[2023-02-10T21:38:56.879+0200] {processor.py:153} INFO - Started process (PID=49474) to work on /Users/v.lytvyniuk/Documents/библиотечка/DE online1/git/de_7/lesson_07/airflow_env/lib/python3.8/site-packages/airflow/example_dags/tutorial_etl_dag.py
[2023-02-10T21:38:56.882+0200] {processor.py:640} INFO - Processing file /Users/v.lytvyniuk/Documents/библиотечка/DE online1/git/de_7/lesson_07/airflow_env/lib/python3.8/site-packages/airflow/example_dags/tutorial_etl_dag.py for tasks to queue
[2023-02-10T21:38:56.883+0200] {logging_mixin.py:115} INFO - [2023-02-10T21:38:56.883+0200] {dagbag.py:508} INFO - Filling up the DagBag from /Users/v.lytvyniuk/Documents/библиотечка/DE online1/git/de_7/lesson_07/airflow_env/lib/python3.8/site-packages/airflow/example_dags/tutorial_etl_dag.py
[2023-02-10T21:38:56.898+0200] {processor.py:650} INFO - DAG(s) dict_keys(['tutorial_etl_dag']) retrieved from /Users/v.lytvyniuk/Documents/библиотечка/DE online1/git/de_7/lesson_07/airflow_env/lib/python3.8/site-packages/airflow/example_dags/tutorial_etl_dag.py
[2023-02-10T21:38:56.931+0200] {logging_mixin.py:115} INFO - [2023-02-10T21:38:56.931+0200] {dag.py:2429} INFO - Sync 1 DAGs
[2023-02-10T21:38:56.938+0200] {logging_mixin.py:115} INFO - [2023-02-10T21:38:56.938+0200] {dag.py:2977} INFO - Setting next_dagrun for tutorial_etl_dag to None, run_after=None
[2023-02-10T21:38:56.944+0200] {processor.py:161} INFO - Processing /Users/v.lytvyniuk/Documents/библиотечка/DE online1/git/de_7/lesson_07/airflow_env/lib/python3.8/site-packages/airflow/example_dags/tutorial_etl_dag.py took 0.066 seconds
[2023-02-10T21:39:46.541+0200] {processor.py:153} INFO - Started process (PID=49653) to work on /Users/v.lytvyniuk/Documents/библиотечка/DE online1/git/de_7/lesson_07/airflow_env/lib/python3.8/site-packages/airflow/example_dags/tutorial_etl_dag.py
[2023-02-10T21:39:46.544+0200] {processor.py:640} INFO - Processing file /Users/v.lytvyniuk/Documents/библиотечка/DE online1/git/de_7/lesson_07/airflow_env/lib/python3.8/site-packages/airflow/example_dags/tutorial_etl_dag.py for tasks to queue
[2023-02-10T21:39:46.544+0200] {logging_mixin.py:115} INFO - [2023-02-10T21:39:46.544+0200] {dagbag.py:508} INFO - Filling up the DagBag from /Users/v.lytvyniuk/Documents/библиотечка/DE online1/git/de_7/lesson_07/airflow_env/lib/python3.8/site-packages/airflow/example_dags/tutorial_etl_dag.py
[2023-02-10T21:39:46.558+0200] {processor.py:650} INFO - DAG(s) dict_keys(['tutorial_etl_dag']) retrieved from /Users/v.lytvyniuk/Documents/библиотечка/DE online1/git/de_7/lesson_07/airflow_env/lib/python3.8/site-packages/airflow/example_dags/tutorial_etl_dag.py
[2023-02-10T21:39:46.590+0200] {logging_mixin.py:115} INFO - [2023-02-10T21:39:46.590+0200] {dag.py:2429} INFO - Sync 1 DAGs
[2023-02-10T21:39:46.596+0200] {logging_mixin.py:115} INFO - [2023-02-10T21:39:46.596+0200] {dag.py:2977} INFO - Setting next_dagrun for tutorial_etl_dag to None, run_after=None
[2023-02-10T21:39:46.602+0200] {processor.py:161} INFO - Processing /Users/v.lytvyniuk/Documents/библиотечка/DE online1/git/de_7/lesson_07/airflow_env/lib/python3.8/site-packages/airflow/example_dags/tutorial_etl_dag.py took 0.061 seconds
[2023-02-10T21:40:36.627+0200] {processor.py:153} INFO - Started process (PID=49790) to work on /Users/v.lytvyniuk/Documents/библиотечка/DE online1/git/de_7/lesson_07/airflow_env/lib/python3.8/site-packages/airflow/example_dags/tutorial_etl_dag.py
[2023-02-10T21:40:36.630+0200] {processor.py:640} INFO - Processing file /Users/v.lytvyniuk/Documents/библиотечка/DE online1/git/de_7/lesson_07/airflow_env/lib/python3.8/site-packages/airflow/example_dags/tutorial_etl_dag.py for tasks to queue
[2023-02-10T21:40:36.631+0200] {logging_mixin.py:115} INFO - [2023-02-10T21:40:36.631+0200] {dagbag.py:508} INFO - Filling up the DagBag from /Users/v.lytvyniuk/Documents/библиотечка/DE online1/git/de_7/lesson_07/airflow_env/lib/python3.8/site-packages/airflow/example_dags/tutorial_etl_dag.py
[2023-02-10T21:40:36.647+0200] {processor.py:650} INFO - DAG(s) dict_keys(['tutorial_etl_dag']) retrieved from /Users/v.lytvyniuk/Documents/библиотечка/DE online1/git/de_7/lesson_07/airflow_env/lib/python3.8/site-packages/airflow/example_dags/tutorial_etl_dag.py
[2023-02-10T21:40:36.678+0200] {logging_mixin.py:115} INFO - [2023-02-10T21:40:36.678+0200] {dag.py:2429} INFO - Sync 1 DAGs
[2023-02-10T21:40:36.685+0200] {logging_mixin.py:115} INFO - [2023-02-10T21:40:36.685+0200] {dag.py:2977} INFO - Setting next_dagrun for tutorial_etl_dag to None, run_after=None
[2023-02-10T21:40:36.690+0200] {processor.py:161} INFO - Processing /Users/v.lytvyniuk/Documents/библиотечка/DE online1/git/de_7/lesson_07/airflow_env/lib/python3.8/site-packages/airflow/example_dags/tutorial_etl_dag.py took 0.063 seconds
[2023-02-10T21:41:26.537+0200] {processor.py:153} INFO - Started process (PID=49925) to work on /Users/v.lytvyniuk/Documents/библиотечка/DE online1/git/de_7/lesson_07/airflow_env/lib/python3.8/site-packages/airflow/example_dags/tutorial_etl_dag.py
[2023-02-10T21:41:26.541+0200] {processor.py:640} INFO - Processing file /Users/v.lytvyniuk/Documents/библиотечка/DE online1/git/de_7/lesson_07/airflow_env/lib/python3.8/site-packages/airflow/example_dags/tutorial_etl_dag.py for tasks to queue
[2023-02-10T21:41:26.541+0200] {logging_mixin.py:115} INFO - [2023-02-10T21:41:26.541+0200] {dagbag.py:508} INFO - Filling up the DagBag from /Users/v.lytvyniuk/Documents/библиотечка/DE online1/git/de_7/lesson_07/airflow_env/lib/python3.8/site-packages/airflow/example_dags/tutorial_etl_dag.py
[2023-02-10T21:41:26.554+0200] {processor.py:650} INFO - DAG(s) dict_keys(['tutorial_etl_dag']) retrieved from /Users/v.lytvyniuk/Documents/библиотечка/DE online1/git/de_7/lesson_07/airflow_env/lib/python3.8/site-packages/airflow/example_dags/tutorial_etl_dag.py
[2023-02-10T21:41:26.584+0200] {logging_mixin.py:115} INFO - [2023-02-10T21:41:26.584+0200] {dag.py:2429} INFO - Sync 1 DAGs
[2023-02-10T21:41:26.590+0200] {logging_mixin.py:115} INFO - [2023-02-10T21:41:26.590+0200] {dag.py:2977} INFO - Setting next_dagrun for tutorial_etl_dag to None, run_after=None
[2023-02-10T21:41:26.595+0200] {processor.py:161} INFO - Processing /Users/v.lytvyniuk/Documents/библиотечка/DE online1/git/de_7/lesson_07/airflow_env/lib/python3.8/site-packages/airflow/example_dags/tutorial_etl_dag.py took 0.058 seconds
[2023-02-10T21:42:18.632+0200] {processor.py:153} INFO - Started process (PID=50057) to work on /Users/v.lytvyniuk/Documents/библиотечка/DE online1/git/de_7/lesson_07/airflow_env/lib/python3.8/site-packages/airflow/example_dags/tutorial_etl_dag.py
[2023-02-10T21:42:18.635+0200] {processor.py:640} INFO - Processing file /Users/v.lytvyniuk/Documents/библиотечка/DE online1/git/de_7/lesson_07/airflow_env/lib/python3.8/site-packages/airflow/example_dags/tutorial_etl_dag.py for tasks to queue
[2023-02-10T21:42:18.635+0200] {logging_mixin.py:115} INFO - [2023-02-10T21:42:18.635+0200] {dagbag.py:508} INFO - Filling up the DagBag from /Users/v.lytvyniuk/Documents/библиотечка/DE online1/git/de_7/lesson_07/airflow_env/lib/python3.8/site-packages/airflow/example_dags/tutorial_etl_dag.py
[2023-02-10T21:42:18.651+0200] {processor.py:650} INFO - DAG(s) dict_keys(['tutorial_etl_dag']) retrieved from /Users/v.lytvyniuk/Documents/библиотечка/DE online1/git/de_7/lesson_07/airflow_env/lib/python3.8/site-packages/airflow/example_dags/tutorial_etl_dag.py
[2023-02-10T21:42:18.690+0200] {logging_mixin.py:115} INFO - [2023-02-10T21:42:18.689+0200] {dag.py:2429} INFO - Sync 1 DAGs
[2023-02-10T21:42:18.701+0200] {logging_mixin.py:115} INFO - [2023-02-10T21:42:18.701+0200] {dag.py:2977} INFO - Setting next_dagrun for tutorial_etl_dag to None, run_after=None
[2023-02-10T21:42:18.708+0200] {processor.py:161} INFO - Processing /Users/v.lytvyniuk/Documents/библиотечка/DE online1/git/de_7/lesson_07/airflow_env/lib/python3.8/site-packages/airflow/example_dags/tutorial_etl_dag.py took 0.076 seconds
[2023-02-10T21:43:11.148+0200] {processor.py:153} INFO - Started process (PID=50203) to work on /Users/v.lytvyniuk/Documents/библиотечка/DE online1/git/de_7/lesson_07/airflow_env/lib/python3.8/site-packages/airflow/example_dags/tutorial_etl_dag.py
[2023-02-10T21:43:11.152+0200] {processor.py:640} INFO - Processing file /Users/v.lytvyniuk/Documents/библиотечка/DE online1/git/de_7/lesson_07/airflow_env/lib/python3.8/site-packages/airflow/example_dags/tutorial_etl_dag.py for tasks to queue
[2023-02-10T21:43:11.152+0200] {logging_mixin.py:115} INFO - [2023-02-10T21:43:11.152+0200] {dagbag.py:508} INFO - Filling up the DagBag from /Users/v.lytvyniuk/Documents/библиотечка/DE online1/git/de_7/lesson_07/airflow_env/lib/python3.8/site-packages/airflow/example_dags/tutorial_etl_dag.py
[2023-02-10T21:43:11.165+0200] {processor.py:650} INFO - DAG(s) dict_keys(['tutorial_etl_dag']) retrieved from /Users/v.lytvyniuk/Documents/библиотечка/DE online1/git/de_7/lesson_07/airflow_env/lib/python3.8/site-packages/airflow/example_dags/tutorial_etl_dag.py
[2023-02-10T21:43:11.195+0200] {logging_mixin.py:115} INFO - [2023-02-10T21:43:11.195+0200] {dag.py:2429} INFO - Sync 1 DAGs
[2023-02-10T21:43:11.202+0200] {logging_mixin.py:115} INFO - [2023-02-10T21:43:11.201+0200] {dag.py:2977} INFO - Setting next_dagrun for tutorial_etl_dag to None, run_after=None
[2023-02-10T21:43:11.206+0200] {processor.py:161} INFO - Processing /Users/v.lytvyniuk/Documents/библиотечка/DE online1/git/de_7/lesson_07/airflow_env/lib/python3.8/site-packages/airflow/example_dags/tutorial_etl_dag.py took 0.058 seconds
[2023-02-10T21:43:59.522+0200] {processor.py:153} INFO - Started process (PID=50327) to work on /Users/v.lytvyniuk/Documents/библиотечка/DE online1/git/de_7/lesson_07/airflow_env/lib/python3.8/site-packages/airflow/example_dags/tutorial_etl_dag.py
[2023-02-10T21:43:59.525+0200] {processor.py:640} INFO - Processing file /Users/v.lytvyniuk/Documents/библиотечка/DE online1/git/de_7/lesson_07/airflow_env/lib/python3.8/site-packages/airflow/example_dags/tutorial_etl_dag.py for tasks to queue
[2023-02-10T21:43:59.525+0200] {logging_mixin.py:115} INFO - [2023-02-10T21:43:59.525+0200] {dagbag.py:508} INFO - Filling up the DagBag from /Users/v.lytvyniuk/Documents/библиотечка/DE online1/git/de_7/lesson_07/airflow_env/lib/python3.8/site-packages/airflow/example_dags/tutorial_etl_dag.py
[2023-02-10T21:43:59.539+0200] {processor.py:650} INFO - DAG(s) dict_keys(['tutorial_etl_dag']) retrieved from /Users/v.lytvyniuk/Documents/библиотечка/DE online1/git/de_7/lesson_07/airflow_env/lib/python3.8/site-packages/airflow/example_dags/tutorial_etl_dag.py
[2023-02-10T21:43:59.569+0200] {logging_mixin.py:115} INFO - [2023-02-10T21:43:59.569+0200] {dag.py:2429} INFO - Sync 1 DAGs
[2023-02-10T21:43:59.576+0200] {logging_mixin.py:115} INFO - [2023-02-10T21:43:59.576+0200] {dag.py:2977} INFO - Setting next_dagrun for tutorial_etl_dag to None, run_after=None
[2023-02-10T21:43:59.581+0200] {processor.py:161} INFO - Processing /Users/v.lytvyniuk/Documents/библиотечка/DE online1/git/de_7/lesson_07/airflow_env/lib/python3.8/site-packages/airflow/example_dags/tutorial_etl_dag.py took 0.060 seconds
[2023-02-10T21:44:51.083+0200] {processor.py:153} INFO - Started process (PID=50471) to work on /Users/v.lytvyniuk/Documents/библиотечка/DE online1/git/de_7/lesson_07/airflow_env/lib/python3.8/site-packages/airflow/example_dags/tutorial_etl_dag.py
[2023-02-10T21:44:51.086+0200] {processor.py:640} INFO - Processing file /Users/v.lytvyniuk/Documents/библиотечка/DE online1/git/de_7/lesson_07/airflow_env/lib/python3.8/site-packages/airflow/example_dags/tutorial_etl_dag.py for tasks to queue
[2023-02-10T21:44:51.086+0200] {logging_mixin.py:115} INFO - [2023-02-10T21:44:51.086+0200] {dagbag.py:508} INFO - Filling up the DagBag from /Users/v.lytvyniuk/Documents/библиотечка/DE online1/git/de_7/lesson_07/airflow_env/lib/python3.8/site-packages/airflow/example_dags/tutorial_etl_dag.py
[2023-02-10T21:44:51.101+0200] {processor.py:650} INFO - DAG(s) dict_keys(['tutorial_etl_dag']) retrieved from /Users/v.lytvyniuk/Documents/библиотечка/DE online1/git/de_7/lesson_07/airflow_env/lib/python3.8/site-packages/airflow/example_dags/tutorial_etl_dag.py
[2023-02-10T21:44:51.134+0200] {logging_mixin.py:115} INFO - [2023-02-10T21:44:51.134+0200] {dag.py:2429} INFO - Sync 1 DAGs
[2023-02-10T21:44:51.142+0200] {logging_mixin.py:115} INFO - [2023-02-10T21:44:51.141+0200] {dag.py:2977} INFO - Setting next_dagrun for tutorial_etl_dag to None, run_after=None
[2023-02-10T21:44:51.147+0200] {processor.py:161} INFO - Processing /Users/v.lytvyniuk/Documents/библиотечка/DE online1/git/de_7/lesson_07/airflow_env/lib/python3.8/site-packages/airflow/example_dags/tutorial_etl_dag.py took 0.064 seconds
[2023-02-10T21:45:42.818+0200] {processor.py:153} INFO - Started process (PID=50984) to work on /Users/v.lytvyniuk/Documents/библиотечка/DE online1/git/de_7/lesson_07/airflow_env/lib/python3.8/site-packages/airflow/example_dags/tutorial_etl_dag.py
[2023-02-10T21:45:42.822+0200] {processor.py:640} INFO - Processing file /Users/v.lytvyniuk/Documents/библиотечка/DE online1/git/de_7/lesson_07/airflow_env/lib/python3.8/site-packages/airflow/example_dags/tutorial_etl_dag.py for tasks to queue
[2023-02-10T21:45:42.822+0200] {logging_mixin.py:115} INFO - [2023-02-10T21:45:42.822+0200] {dagbag.py:508} INFO - Filling up the DagBag from /Users/v.lytvyniuk/Documents/библиотечка/DE online1/git/de_7/lesson_07/airflow_env/lib/python3.8/site-packages/airflow/example_dags/tutorial_etl_dag.py
[2023-02-10T21:45:42.836+0200] {processor.py:650} INFO - DAG(s) dict_keys(['tutorial_etl_dag']) retrieved from /Users/v.lytvyniuk/Documents/библиотечка/DE online1/git/de_7/lesson_07/airflow_env/lib/python3.8/site-packages/airflow/example_dags/tutorial_etl_dag.py
[2023-02-10T21:45:42.866+0200] {logging_mixin.py:115} INFO - [2023-02-10T21:45:42.866+0200] {dag.py:2429} INFO - Sync 1 DAGs
[2023-02-10T21:45:42.873+0200] {logging_mixin.py:115} INFO - [2023-02-10T21:45:42.872+0200] {dag.py:2977} INFO - Setting next_dagrun for tutorial_etl_dag to None, run_after=None
[2023-02-10T21:45:42.878+0200] {processor.py:161} INFO - Processing /Users/v.lytvyniuk/Documents/библиотечка/DE online1/git/de_7/lesson_07/airflow_env/lib/python3.8/site-packages/airflow/example_dags/tutorial_etl_dag.py took 0.059 seconds
[2023-02-10T21:46:34.689+0200] {processor.py:153} INFO - Started process (PID=51111) to work on /Users/v.lytvyniuk/Documents/библиотечка/DE online1/git/de_7/lesson_07/airflow_env/lib/python3.8/site-packages/airflow/example_dags/tutorial_etl_dag.py
[2023-02-10T21:46:34.692+0200] {processor.py:640} INFO - Processing file /Users/v.lytvyniuk/Documents/библиотечка/DE online1/git/de_7/lesson_07/airflow_env/lib/python3.8/site-packages/airflow/example_dags/tutorial_etl_dag.py for tasks to queue
[2023-02-10T21:46:34.692+0200] {logging_mixin.py:115} INFO - [2023-02-10T21:46:34.692+0200] {dagbag.py:508} INFO - Filling up the DagBag from /Users/v.lytvyniuk/Documents/библиотечка/DE online1/git/de_7/lesson_07/airflow_env/lib/python3.8/site-packages/airflow/example_dags/tutorial_etl_dag.py
[2023-02-10T21:46:34.706+0200] {processor.py:650} INFO - DAG(s) dict_keys(['tutorial_etl_dag']) retrieved from /Users/v.lytvyniuk/Documents/библиотечка/DE online1/git/de_7/lesson_07/airflow_env/lib/python3.8/site-packages/airflow/example_dags/tutorial_etl_dag.py
[2023-02-10T21:46:34.736+0200] {logging_mixin.py:115} INFO - [2023-02-10T21:46:34.736+0200] {dag.py:2429} INFO - Sync 1 DAGs
[2023-02-10T21:46:34.743+0200] {logging_mixin.py:115} INFO - [2023-02-10T21:46:34.743+0200] {dag.py:2977} INFO - Setting next_dagrun for tutorial_etl_dag to None, run_after=None
[2023-02-10T21:46:34.748+0200] {processor.py:161} INFO - Processing /Users/v.lytvyniuk/Documents/библиотечка/DE online1/git/de_7/lesson_07/airflow_env/lib/python3.8/site-packages/airflow/example_dags/tutorial_etl_dag.py took 0.059 seconds
[2023-02-10T21:47:24.306+0200] {processor.py:153} INFO - Started process (PID=51826) to work on /Users/v.lytvyniuk/Documents/библиотечка/DE online1/git/de_7/lesson_07/airflow_env/lib/python3.8/site-packages/airflow/example_dags/tutorial_etl_dag.py
[2023-02-10T21:47:24.309+0200] {processor.py:640} INFO - Processing file /Users/v.lytvyniuk/Documents/библиотечка/DE online1/git/de_7/lesson_07/airflow_env/lib/python3.8/site-packages/airflow/example_dags/tutorial_etl_dag.py for tasks to queue
[2023-02-10T21:47:24.310+0200] {logging_mixin.py:115} INFO - [2023-02-10T21:47:24.310+0200] {dagbag.py:508} INFO - Filling up the DagBag from /Users/v.lytvyniuk/Documents/библиотечка/DE online1/git/de_7/lesson_07/airflow_env/lib/python3.8/site-packages/airflow/example_dags/tutorial_etl_dag.py
[2023-02-10T21:47:24.324+0200] {processor.py:650} INFO - DAG(s) dict_keys(['tutorial_etl_dag']) retrieved from /Users/v.lytvyniuk/Documents/библиотечка/DE online1/git/de_7/lesson_07/airflow_env/lib/python3.8/site-packages/airflow/example_dags/tutorial_etl_dag.py
[2023-02-10T21:47:24.356+0200] {logging_mixin.py:115} INFO - [2023-02-10T21:47:24.356+0200] {dag.py:2429} INFO - Sync 1 DAGs
[2023-02-10T21:47:24.363+0200] {logging_mixin.py:115} INFO - [2023-02-10T21:47:24.363+0200] {dag.py:2977} INFO - Setting next_dagrun for tutorial_etl_dag to None, run_after=None
[2023-02-10T21:47:24.368+0200] {processor.py:161} INFO - Processing /Users/v.lytvyniuk/Documents/библиотечка/DE online1/git/de_7/lesson_07/airflow_env/lib/python3.8/site-packages/airflow/example_dags/tutorial_etl_dag.py took 0.062 seconds
[2023-02-10T21:53:30.904+0200] {processor.py:153} INFO - Started process (PID=2480) to work on /Users/v.lytvyniuk/Documents/библиотечка/DE online1/git/de_7/lesson_07/airflow_env/lib/python3.8/site-packages/airflow/example_dags/tutorial_etl_dag.py
[2023-02-10T21:53:30.908+0200] {processor.py:640} INFO - Processing file /Users/v.lytvyniuk/Documents/библиотечка/DE online1/git/de_7/lesson_07/airflow_env/lib/python3.8/site-packages/airflow/example_dags/tutorial_etl_dag.py for tasks to queue
[2023-02-10T21:53:30.908+0200] {logging_mixin.py:115} INFO - [2023-02-10T21:53:30.908+0200] {dagbag.py:508} INFO - Filling up the DagBag from /Users/v.lytvyniuk/Documents/библиотечка/DE online1/git/de_7/lesson_07/airflow_env/lib/python3.8/site-packages/airflow/example_dags/tutorial_etl_dag.py
[2023-02-10T21:53:30.922+0200] {processor.py:650} INFO - DAG(s) dict_keys(['tutorial_etl_dag']) retrieved from /Users/v.lytvyniuk/Documents/библиотечка/DE online1/git/de_7/lesson_07/airflow_env/lib/python3.8/site-packages/airflow/example_dags/tutorial_etl_dag.py
[2023-02-10T21:53:30.952+0200] {logging_mixin.py:115} INFO - [2023-02-10T21:53:30.952+0200] {dag.py:2429} INFO - Sync 1 DAGs
[2023-02-10T21:53:30.958+0200] {logging_mixin.py:115} INFO - [2023-02-10T21:53:30.958+0200] {dag.py:2977} INFO - Setting next_dagrun for tutorial_etl_dag to None, run_after=None
[2023-02-10T21:53:30.964+0200] {processor.py:161} INFO - Processing /Users/v.lytvyniuk/Documents/библиотечка/DE online1/git/de_7/lesson_07/airflow_env/lib/python3.8/site-packages/airflow/example_dags/tutorial_etl_dag.py took 0.060 seconds
[2023-02-10T21:54:23.801+0200] {processor.py:153} INFO - Started process (PID=2694) to work on /Users/v.lytvyniuk/Documents/библиотечка/DE online1/git/de_7/lesson_07/airflow_env/lib/python3.8/site-packages/airflow/example_dags/tutorial_etl_dag.py
[2023-02-10T21:54:23.804+0200] {processor.py:640} INFO - Processing file /Users/v.lytvyniuk/Documents/библиотечка/DE online1/git/de_7/lesson_07/airflow_env/lib/python3.8/site-packages/airflow/example_dags/tutorial_etl_dag.py for tasks to queue
[2023-02-10T21:54:23.804+0200] {logging_mixin.py:115} INFO - [2023-02-10T21:54:23.804+0200] {dagbag.py:508} INFO - Filling up the DagBag from /Users/v.lytvyniuk/Documents/библиотечка/DE online1/git/de_7/lesson_07/airflow_env/lib/python3.8/site-packages/airflow/example_dags/tutorial_etl_dag.py
[2023-02-10T21:54:23.818+0200] {processor.py:650} INFO - DAG(s) dict_keys(['tutorial_etl_dag']) retrieved from /Users/v.lytvyniuk/Documents/библиотечка/DE online1/git/de_7/lesson_07/airflow_env/lib/python3.8/site-packages/airflow/example_dags/tutorial_etl_dag.py
[2023-02-10T21:54:23.849+0200] {logging_mixin.py:115} INFO - [2023-02-10T21:54:23.848+0200] {dag.py:2429} INFO - Sync 1 DAGs
[2023-02-10T21:54:23.855+0200] {logging_mixin.py:115} INFO - [2023-02-10T21:54:23.855+0200] {dag.py:2977} INFO - Setting next_dagrun for tutorial_etl_dag to None, run_after=None
[2023-02-10T21:54:23.860+0200] {processor.py:161} INFO - Processing /Users/v.lytvyniuk/Documents/библиотечка/DE online1/git/de_7/lesson_07/airflow_env/lib/python3.8/site-packages/airflow/example_dags/tutorial_etl_dag.py took 0.059 seconds
[2023-02-10T21:55:13.607+0200] {processor.py:153} INFO - Started process (PID=2881) to work on /Users/v.lytvyniuk/Documents/библиотечка/DE online1/git/de_7/lesson_07/airflow_env/lib/python3.8/site-packages/airflow/example_dags/tutorial_etl_dag.py
[2023-02-10T21:55:13.611+0200] {processor.py:640} INFO - Processing file /Users/v.lytvyniuk/Documents/библиотечка/DE online1/git/de_7/lesson_07/airflow_env/lib/python3.8/site-packages/airflow/example_dags/tutorial_etl_dag.py for tasks to queue
[2023-02-10T21:55:13.611+0200] {logging_mixin.py:115} INFO - [2023-02-10T21:55:13.611+0200] {dagbag.py:508} INFO - Filling up the DagBag from /Users/v.lytvyniuk/Documents/библиотечка/DE online1/git/de_7/lesson_07/airflow_env/lib/python3.8/site-packages/airflow/example_dags/tutorial_etl_dag.py
[2023-02-10T21:55:13.626+0200] {processor.py:650} INFO - DAG(s) dict_keys(['tutorial_etl_dag']) retrieved from /Users/v.lytvyniuk/Documents/библиотечка/DE online1/git/de_7/lesson_07/airflow_env/lib/python3.8/site-packages/airflow/example_dags/tutorial_etl_dag.py
[2023-02-10T21:55:13.659+0200] {logging_mixin.py:115} INFO - [2023-02-10T21:55:13.659+0200] {dag.py:2429} INFO - Sync 1 DAGs
[2023-02-10T21:55:13.666+0200] {logging_mixin.py:115} INFO - [2023-02-10T21:55:13.666+0200] {dag.py:2977} INFO - Setting next_dagrun for tutorial_etl_dag to None, run_after=None
[2023-02-10T21:55:13.671+0200] {processor.py:161} INFO - Processing /Users/v.lytvyniuk/Documents/библиотечка/DE online1/git/de_7/lesson_07/airflow_env/lib/python3.8/site-packages/airflow/example_dags/tutorial_etl_dag.py took 0.065 seconds
[2023-02-10T21:56:05.749+0200] {processor.py:153} INFO - Started process (PID=3057) to work on /Users/v.lytvyniuk/Documents/библиотечка/DE online1/git/de_7/lesson_07/airflow_env/lib/python3.8/site-packages/airflow/example_dags/tutorial_etl_dag.py
[2023-02-10T21:56:05.753+0200] {processor.py:640} INFO - Processing file /Users/v.lytvyniuk/Documents/библиотечка/DE online1/git/de_7/lesson_07/airflow_env/lib/python3.8/site-packages/airflow/example_dags/tutorial_etl_dag.py for tasks to queue
[2023-02-10T21:56:05.753+0200] {logging_mixin.py:115} INFO - [2023-02-10T21:56:05.753+0200] {dagbag.py:508} INFO - Filling up the DagBag from /Users/v.lytvyniuk/Documents/библиотечка/DE online1/git/de_7/lesson_07/airflow_env/lib/python3.8/site-packages/airflow/example_dags/tutorial_etl_dag.py
[2023-02-10T21:56:05.769+0200] {processor.py:650} INFO - DAG(s) dict_keys(['tutorial_etl_dag']) retrieved from /Users/v.lytvyniuk/Documents/библиотечка/DE online1/git/de_7/lesson_07/airflow_env/lib/python3.8/site-packages/airflow/example_dags/tutorial_etl_dag.py
[2023-02-10T21:56:05.802+0200] {logging_mixin.py:115} INFO - [2023-02-10T21:56:05.802+0200] {dag.py:2429} INFO - Sync 1 DAGs
[2023-02-10T21:56:05.810+0200] {logging_mixin.py:115} INFO - [2023-02-10T21:56:05.810+0200] {dag.py:2977} INFO - Setting next_dagrun for tutorial_etl_dag to None, run_after=None
[2023-02-10T21:56:05.816+0200] {processor.py:161} INFO - Processing /Users/v.lytvyniuk/Documents/библиотечка/DE online1/git/de_7/lesson_07/airflow_env/lib/python3.8/site-packages/airflow/example_dags/tutorial_etl_dag.py took 0.067 seconds
[2023-02-10T21:56:59.937+0200] {processor.py:153} INFO - Started process (PID=3212) to work on /Users/v.lytvyniuk/Documents/библиотечка/DE online1/git/de_7/lesson_07/airflow_env/lib/python3.8/site-packages/airflow/example_dags/tutorial_etl_dag.py
[2023-02-10T21:56:59.941+0200] {processor.py:640} INFO - Processing file /Users/v.lytvyniuk/Documents/библиотечка/DE online1/git/de_7/lesson_07/airflow_env/lib/python3.8/site-packages/airflow/example_dags/tutorial_etl_dag.py for tasks to queue
[2023-02-10T21:56:59.941+0200] {logging_mixin.py:115} INFO - [2023-02-10T21:56:59.941+0200] {dagbag.py:508} INFO - Filling up the DagBag from /Users/v.lytvyniuk/Documents/библиотечка/DE online1/git/de_7/lesson_07/airflow_env/lib/python3.8/site-packages/airflow/example_dags/tutorial_etl_dag.py
[2023-02-10T21:56:59.955+0200] {processor.py:650} INFO - DAG(s) dict_keys(['tutorial_etl_dag']) retrieved from /Users/v.lytvyniuk/Documents/библиотечка/DE online1/git/de_7/lesson_07/airflow_env/lib/python3.8/site-packages/airflow/example_dags/tutorial_etl_dag.py
[2023-02-10T21:56:59.985+0200] {logging_mixin.py:115} INFO - [2023-02-10T21:56:59.985+0200] {dag.py:2429} INFO - Sync 1 DAGs
[2023-02-10T21:56:59.991+0200] {logging_mixin.py:115} INFO - [2023-02-10T21:56:59.991+0200] {dag.py:2977} INFO - Setting next_dagrun for tutorial_etl_dag to None, run_after=None
[2023-02-10T21:56:59.996+0200] {processor.py:161} INFO - Processing /Users/v.lytvyniuk/Documents/библиотечка/DE online1/git/de_7/lesson_07/airflow_env/lib/python3.8/site-packages/airflow/example_dags/tutorial_etl_dag.py took 0.059 seconds
[2023-02-10T21:57:51.236+0200] {processor.py:153} INFO - Started process (PID=3362) to work on /Users/v.lytvyniuk/Documents/библиотечка/DE online1/git/de_7/lesson_07/airflow_env/lib/python3.8/site-packages/airflow/example_dags/tutorial_etl_dag.py
[2023-02-10T21:57:51.240+0200] {processor.py:640} INFO - Processing file /Users/v.lytvyniuk/Documents/библиотечка/DE online1/git/de_7/lesson_07/airflow_env/lib/python3.8/site-packages/airflow/example_dags/tutorial_etl_dag.py for tasks to queue
[2023-02-10T21:57:51.240+0200] {logging_mixin.py:115} INFO - [2023-02-10T21:57:51.240+0200] {dagbag.py:508} INFO - Filling up the DagBag from /Users/v.lytvyniuk/Documents/библиотечка/DE online1/git/de_7/lesson_07/airflow_env/lib/python3.8/site-packages/airflow/example_dags/tutorial_etl_dag.py
[2023-02-10T21:57:51.255+0200] {processor.py:650} INFO - DAG(s) dict_keys(['tutorial_etl_dag']) retrieved from /Users/v.lytvyniuk/Documents/библиотечка/DE online1/git/de_7/lesson_07/airflow_env/lib/python3.8/site-packages/airflow/example_dags/tutorial_etl_dag.py
[2023-02-10T21:57:51.286+0200] {logging_mixin.py:115} INFO - [2023-02-10T21:57:51.286+0200] {dag.py:2429} INFO - Sync 1 DAGs
[2023-02-10T21:57:51.294+0200] {logging_mixin.py:115} INFO - [2023-02-10T21:57:51.294+0200] {dag.py:2977} INFO - Setting next_dagrun for tutorial_etl_dag to None, run_after=None
[2023-02-10T21:57:51.300+0200] {processor.py:161} INFO - Processing /Users/v.lytvyniuk/Documents/библиотечка/DE online1/git/de_7/lesson_07/airflow_env/lib/python3.8/site-packages/airflow/example_dags/tutorial_etl_dag.py took 0.064 seconds
