[2023-02-10T21:31:59.303+0200] {processor.py:153} INFO - Started process (PID=48254) to work on /Users/v.lytvyniuk/Documents/библиотечка/DE online1/git/de_7/lesson_07/airflow_env/lib/python3.8/site-packages/airflow/example_dags/plugins/workday.py
[2023-02-10T21:31:59.306+0200] {processor.py:640} INFO - Processing file /Users/v.lytvyniuk/Documents/библиотечка/DE online1/git/de_7/lesson_07/airflow_env/lib/python3.8/site-packages/airflow/example_dags/plugins/workday.py for tasks to queue
[2023-02-10T21:31:59.306+0200] {logging_mixin.py:115} INFO - [2023-02-10T21:31:59.306+0200] {dagbag.py:508} INFO - Filling up the DagBag from /Users/v.lytvyniuk/Documents/библиотечка/DE online1/git/de_7/lesson_07/airflow_env/lib/python3.8/site-packages/airflow/example_dags/plugins/workday.py
[2023-02-10T21:31:59.306+0200] {processor.py:652} WARNING - No viable dags retrieved from /Users/v.lytvyniuk/Documents/библиотечка/DE online1/git/de_7/lesson_07/airflow_env/lib/python3.8/site-packages/airflow/example_dags/plugins/workday.py
[2023-02-10T21:31:59.326+0200] {processor.py:161} INFO - Processing /Users/v.lytvyniuk/Documents/библиотечка/DE online1/git/de_7/lesson_07/airflow_env/lib/python3.8/site-packages/airflow/example_dags/plugins/workday.py took 0.023 seconds
[2023-02-10T21:33:02.163+0200] {processor.py:153} INFO - Started process (PID=48401) to work on /Users/v.lytvyniuk/Documents/библиотечка/DE online1/git/de_7/lesson_07/airflow_env/lib/python3.8/site-packages/airflow/example_dags/plugins/workday.py
[2023-02-10T21:33:02.166+0200] {processor.py:640} INFO - Processing file /Users/v.lytvyniuk/Documents/библиотечка/DE online1/git/de_7/lesson_07/airflow_env/lib/python3.8/site-packages/airflow/example_dags/plugins/workday.py for tasks to queue
[2023-02-10T21:33:02.166+0200] {logging_mixin.py:115} INFO - [2023-02-10T21:33:02.166+0200] {dagbag.py:508} INFO - Filling up the DagBag from /Users/v.lytvyniuk/Documents/библиотечка/DE online1/git/de_7/lesson_07/airflow_env/lib/python3.8/site-packages/airflow/example_dags/plugins/workday.py
[2023-02-10T21:33:02.167+0200] {processor.py:652} WARNING - No viable dags retrieved from /Users/v.lytvyniuk/Documents/библиотечка/DE online1/git/de_7/lesson_07/airflow_env/lib/python3.8/site-packages/airflow/example_dags/plugins/workday.py
[2023-02-10T21:33:02.186+0200] {processor.py:161} INFO - Processing /Users/v.lytvyniuk/Documents/библиотечка/DE online1/git/de_7/lesson_07/airflow_env/lib/python3.8/site-packages/airflow/example_dags/plugins/workday.py took 0.024 seconds
[2023-02-10T21:34:39.942+0200] {processor.py:153} INFO - Started process (PID=48726) to work on /Users/v.lytvyniuk/Documents/библиотечка/DE online1/git/de_7/lesson_07/airflow_env/lib/python3.8/site-packages/airflow/example_dags/plugins/workday.py
[2023-02-10T21:34:39.945+0200] {processor.py:640} INFO - Processing file /Users/v.lytvyniuk/Documents/библиотечка/DE online1/git/de_7/lesson_07/airflow_env/lib/python3.8/site-packages/airflow/example_dags/plugins/workday.py for tasks to queue
[2023-02-10T21:34:39.945+0200] {logging_mixin.py:115} INFO - [2023-02-10T21:34:39.945+0200] {dagbag.py:508} INFO - Filling up the DagBag from /Users/v.lytvyniuk/Documents/библиотечка/DE online1/git/de_7/lesson_07/airflow_env/lib/python3.8/site-packages/airflow/example_dags/plugins/workday.py
[2023-02-10T21:34:39.946+0200] {processor.py:652} WARNING - No viable dags retrieved from /Users/v.lytvyniuk/Documents/библиотечка/DE online1/git/de_7/lesson_07/airflow_env/lib/python3.8/site-packages/airflow/example_dags/plugins/workday.py
[2023-02-10T21:34:39.967+0200] {processor.py:161} INFO - Processing /Users/v.lytvyniuk/Documents/библиотечка/DE online1/git/de_7/lesson_07/airflow_env/lib/python3.8/site-packages/airflow/example_dags/plugins/workday.py took 0.025 seconds
[2023-02-10T21:35:30.733+0200] {processor.py:153} INFO - Started process (PID=48870) to work on /Users/v.lytvyniuk/Documents/библиотечка/DE online1/git/de_7/lesson_07/airflow_env/lib/python3.8/site-packages/airflow/example_dags/plugins/workday.py
[2023-02-10T21:35:30.736+0200] {processor.py:640} INFO - Processing file /Users/v.lytvyniuk/Documents/библиотечка/DE online1/git/de_7/lesson_07/airflow_env/lib/python3.8/site-packages/airflow/example_dags/plugins/workday.py for tasks to queue
[2023-02-10T21:35:30.736+0200] {logging_mixin.py:115} INFO - [2023-02-10T21:35:30.736+0200] {dagbag.py:508} INFO - Filling up the DagBag from /Users/v.lytvyniuk/Documents/библиотечка/DE online1/git/de_7/lesson_07/airflow_env/lib/python3.8/site-packages/airflow/example_dags/plugins/workday.py
[2023-02-10T21:35:30.737+0200] {processor.py:652} WARNING - No viable dags retrieved from /Users/v.lytvyniuk/Documents/библиотечка/DE online1/git/de_7/lesson_07/airflow_env/lib/python3.8/site-packages/airflow/example_dags/plugins/workday.py
[2023-02-10T21:35:30.757+0200] {processor.py:161} INFO - Processing /Users/v.lytvyniuk/Documents/библиотечка/DE online1/git/de_7/lesson_07/airflow_env/lib/python3.8/site-packages/airflow/example_dags/plugins/workday.py took 0.025 seconds
[2023-02-10T21:36:22.554+0200] {processor.py:153} INFO - Started process (PID=49008) to work on /Users/v.lytvyniuk/Documents/библиотечка/DE online1/git/de_7/lesson_07/airflow_env/lib/python3.8/site-packages/airflow/example_dags/plugins/workday.py
[2023-02-10T21:36:22.558+0200] {processor.py:640} INFO - Processing file /Users/v.lytvyniuk/Documents/библиотечка/DE online1/git/de_7/lesson_07/airflow_env/lib/python3.8/site-packages/airflow/example_dags/plugins/workday.py for tasks to queue
[2023-02-10T21:36:22.558+0200] {logging_mixin.py:115} INFO - [2023-02-10T21:36:22.558+0200] {dagbag.py:508} INFO - Filling up the DagBag from /Users/v.lytvyniuk/Documents/библиотечка/DE online1/git/de_7/lesson_07/airflow_env/lib/python3.8/site-packages/airflow/example_dags/plugins/workday.py
[2023-02-10T21:36:22.559+0200] {processor.py:652} WARNING - No viable dags retrieved from /Users/v.lytvyniuk/Documents/библиотечка/DE online1/git/de_7/lesson_07/airflow_env/lib/python3.8/site-packages/airflow/example_dags/plugins/workday.py
[2023-02-10T21:36:22.579+0200] {processor.py:161} INFO - Processing /Users/v.lytvyniuk/Documents/библиотечка/DE online1/git/de_7/lesson_07/airflow_env/lib/python3.8/site-packages/airflow/example_dags/plugins/workday.py took 0.025 seconds
[2023-02-10T21:37:12.540+0200] {processor.py:153} INFO - Started process (PID=49160) to work on /Users/v.lytvyniuk/Documents/библиотечка/DE online1/git/de_7/lesson_07/airflow_env/lib/python3.8/site-packages/airflow/example_dags/plugins/workday.py
[2023-02-10T21:37:12.542+0200] {processor.py:640} INFO - Processing file /Users/v.lytvyniuk/Documents/библиотечка/DE online1/git/de_7/lesson_07/airflow_env/lib/python3.8/site-packages/airflow/example_dags/plugins/workday.py for tasks to queue
[2023-02-10T21:37:12.543+0200] {logging_mixin.py:115} INFO - [2023-02-10T21:37:12.543+0200] {dagbag.py:508} INFO - Filling up the DagBag from /Users/v.lytvyniuk/Documents/библиотечка/DE online1/git/de_7/lesson_07/airflow_env/lib/python3.8/site-packages/airflow/example_dags/plugins/workday.py
[2023-02-10T21:37:12.543+0200] {processor.py:652} WARNING - No viable dags retrieved from /Users/v.lytvyniuk/Documents/библиотечка/DE online1/git/de_7/lesson_07/airflow_env/lib/python3.8/site-packages/airflow/example_dags/plugins/workday.py
[2023-02-10T21:37:12.562+0200] {processor.py:161} INFO - Processing /Users/v.lytvyniuk/Documents/библиотечка/DE online1/git/de_7/lesson_07/airflow_env/lib/python3.8/site-packages/airflow/example_dags/plugins/workday.py took 0.023 seconds
[2023-02-10T21:38:02.140+0200] {processor.py:153} INFO - Started process (PID=49294) to work on /Users/v.lytvyniuk/Documents/библиотечка/DE online1/git/de_7/lesson_07/airflow_env/lib/python3.8/site-packages/airflow/example_dags/plugins/workday.py
[2023-02-10T21:38:02.144+0200] {processor.py:640} INFO - Processing file /Users/v.lytvyniuk/Documents/библиотечка/DE online1/git/de_7/lesson_07/airflow_env/lib/python3.8/site-packages/airflow/example_dags/plugins/workday.py for tasks to queue
[2023-02-10T21:38:02.144+0200] {logging_mixin.py:115} INFO - [2023-02-10T21:38:02.144+0200] {dagbag.py:508} INFO - Filling up the DagBag from /Users/v.lytvyniuk/Documents/библиотечка/DE online1/git/de_7/lesson_07/airflow_env/lib/python3.8/site-packages/airflow/example_dags/plugins/workday.py
[2023-02-10T21:38:02.145+0200] {processor.py:652} WARNING - No viable dags retrieved from /Users/v.lytvyniuk/Documents/библиотечка/DE online1/git/de_7/lesson_07/airflow_env/lib/python3.8/site-packages/airflow/example_dags/plugins/workday.py
[2023-02-10T21:38:02.165+0200] {processor.py:161} INFO - Processing /Users/v.lytvyniuk/Documents/библиотечка/DE online1/git/de_7/lesson_07/airflow_env/lib/python3.8/site-packages/airflow/example_dags/plugins/workday.py took 0.025 seconds
[2023-02-10T21:38:51.292+0200] {processor.py:153} INFO - Started process (PID=49456) to work on /Users/v.lytvyniuk/Documents/библиотечка/DE online1/git/de_7/lesson_07/airflow_env/lib/python3.8/site-packages/airflow/example_dags/plugins/workday.py
[2023-02-10T21:38:51.296+0200] {processor.py:640} INFO - Processing file /Users/v.lytvyniuk/Documents/библиотечка/DE online1/git/de_7/lesson_07/airflow_env/lib/python3.8/site-packages/airflow/example_dags/plugins/workday.py for tasks to queue
[2023-02-10T21:38:51.296+0200] {logging_mixin.py:115} INFO - [2023-02-10T21:38:51.296+0200] {dagbag.py:508} INFO - Filling up the DagBag from /Users/v.lytvyniuk/Documents/библиотечка/DE online1/git/de_7/lesson_07/airflow_env/lib/python3.8/site-packages/airflow/example_dags/plugins/workday.py
[2023-02-10T21:38:51.297+0200] {processor.py:652} WARNING - No viable dags retrieved from /Users/v.lytvyniuk/Documents/библиотечка/DE online1/git/de_7/lesson_07/airflow_env/lib/python3.8/site-packages/airflow/example_dags/plugins/workday.py
[2023-02-10T21:38:51.315+0200] {processor.py:161} INFO - Processing /Users/v.lytvyniuk/Documents/библиотечка/DE online1/git/de_7/lesson_07/airflow_env/lib/python3.8/site-packages/airflow/example_dags/plugins/workday.py took 0.024 seconds
[2023-02-10T21:39:41.880+0200] {processor.py:153} INFO - Started process (PID=49640) to work on /Users/v.lytvyniuk/Documents/библиотечка/DE online1/git/de_7/lesson_07/airflow_env/lib/python3.8/site-packages/airflow/example_dags/plugins/workday.py
[2023-02-10T21:39:41.883+0200] {processor.py:640} INFO - Processing file /Users/v.lytvyniuk/Documents/библиотечка/DE online1/git/de_7/lesson_07/airflow_env/lib/python3.8/site-packages/airflow/example_dags/plugins/workday.py for tasks to queue
[2023-02-10T21:39:41.884+0200] {logging_mixin.py:115} INFO - [2023-02-10T21:39:41.884+0200] {dagbag.py:508} INFO - Filling up the DagBag from /Users/v.lytvyniuk/Documents/библиотечка/DE online1/git/de_7/lesson_07/airflow_env/lib/python3.8/site-packages/airflow/example_dags/plugins/workday.py
[2023-02-10T21:39:41.884+0200] {processor.py:652} WARNING - No viable dags retrieved from /Users/v.lytvyniuk/Documents/библиотечка/DE online1/git/de_7/lesson_07/airflow_env/lib/python3.8/site-packages/airflow/example_dags/plugins/workday.py
[2023-02-10T21:39:41.904+0200] {processor.py:161} INFO - Processing /Users/v.lytvyniuk/Documents/библиотечка/DE online1/git/de_7/lesson_07/airflow_env/lib/python3.8/site-packages/airflow/example_dags/plugins/workday.py took 0.024 seconds
[2023-02-10T21:40:31.396+0200] {processor.py:153} INFO - Started process (PID=49775) to work on /Users/v.lytvyniuk/Documents/библиотечка/DE online1/git/de_7/lesson_07/airflow_env/lib/python3.8/site-packages/airflow/example_dags/plugins/workday.py
[2023-02-10T21:40:31.399+0200] {processor.py:640} INFO - Processing file /Users/v.lytvyniuk/Documents/библиотечка/DE online1/git/de_7/lesson_07/airflow_env/lib/python3.8/site-packages/airflow/example_dags/plugins/workday.py for tasks to queue
[2023-02-10T21:40:31.399+0200] {logging_mixin.py:115} INFO - [2023-02-10T21:40:31.399+0200] {dagbag.py:508} INFO - Filling up the DagBag from /Users/v.lytvyniuk/Documents/библиотечка/DE online1/git/de_7/lesson_07/airflow_env/lib/python3.8/site-packages/airflow/example_dags/plugins/workday.py
[2023-02-10T21:40:31.400+0200] {processor.py:652} WARNING - No viable dags retrieved from /Users/v.lytvyniuk/Documents/библиотечка/DE online1/git/de_7/lesson_07/airflow_env/lib/python3.8/site-packages/airflow/example_dags/plugins/workday.py
[2023-02-10T21:40:31.419+0200] {processor.py:161} INFO - Processing /Users/v.lytvyniuk/Documents/библиотечка/DE online1/git/de_7/lesson_07/airflow_env/lib/python3.8/site-packages/airflow/example_dags/plugins/workday.py took 0.024 seconds
[2023-02-10T21:41:21.872+0200] {processor.py:153} INFO - Started process (PID=49911) to work on /Users/v.lytvyniuk/Documents/библиотечка/DE online1/git/de_7/lesson_07/airflow_env/lib/python3.8/site-packages/airflow/example_dags/plugins/workday.py
[2023-02-10T21:41:21.874+0200] {processor.py:640} INFO - Processing file /Users/v.lytvyniuk/Documents/библиотечка/DE online1/git/de_7/lesson_07/airflow_env/lib/python3.8/site-packages/airflow/example_dags/plugins/workday.py for tasks to queue
[2023-02-10T21:41:21.875+0200] {logging_mixin.py:115} INFO - [2023-02-10T21:41:21.875+0200] {dagbag.py:508} INFO - Filling up the DagBag from /Users/v.lytvyniuk/Documents/библиотечка/DE online1/git/de_7/lesson_07/airflow_env/lib/python3.8/site-packages/airflow/example_dags/plugins/workday.py
[2023-02-10T21:41:21.876+0200] {processor.py:652} WARNING - No viable dags retrieved from /Users/v.lytvyniuk/Documents/библиотечка/DE online1/git/de_7/lesson_07/airflow_env/lib/python3.8/site-packages/airflow/example_dags/plugins/workday.py
[2023-02-10T21:41:21.896+0200] {processor.py:161} INFO - Processing /Users/v.lytvyniuk/Documents/библиотечка/DE online1/git/de_7/lesson_07/airflow_env/lib/python3.8/site-packages/airflow/example_dags/plugins/workday.py took 0.025 seconds
[2023-02-10T21:42:13.806+0200] {processor.py:153} INFO - Started process (PID=50041) to work on /Users/v.lytvyniuk/Documents/библиотечка/DE online1/git/de_7/lesson_07/airflow_env/lib/python3.8/site-packages/airflow/example_dags/plugins/workday.py
[2023-02-10T21:42:13.809+0200] {processor.py:640} INFO - Processing file /Users/v.lytvyniuk/Documents/библиотечка/DE online1/git/de_7/lesson_07/airflow_env/lib/python3.8/site-packages/airflow/example_dags/plugins/workday.py for tasks to queue
[2023-02-10T21:42:13.810+0200] {logging_mixin.py:115} INFO - [2023-02-10T21:42:13.810+0200] {dagbag.py:508} INFO - Filling up the DagBag from /Users/v.lytvyniuk/Documents/библиотечка/DE online1/git/de_7/lesson_07/airflow_env/lib/python3.8/site-packages/airflow/example_dags/plugins/workday.py
[2023-02-10T21:42:13.810+0200] {processor.py:652} WARNING - No viable dags retrieved from /Users/v.lytvyniuk/Documents/библиотечка/DE online1/git/de_7/lesson_07/airflow_env/lib/python3.8/site-packages/airflow/example_dags/plugins/workday.py
[2023-02-10T21:42:13.831+0200] {processor.py:161} INFO - Processing /Users/v.lytvyniuk/Documents/библиотечка/DE online1/git/de_7/lesson_07/airflow_env/lib/python3.8/site-packages/airflow/example_dags/plugins/workday.py took 0.026 seconds
[2023-02-10T21:43:05.654+0200] {processor.py:153} INFO - Started process (PID=50191) to work on /Users/v.lytvyniuk/Documents/библиотечка/DE online1/git/de_7/lesson_07/airflow_env/lib/python3.8/site-packages/airflow/example_dags/plugins/workday.py
[2023-02-10T21:43:05.657+0200] {processor.py:640} INFO - Processing file /Users/v.lytvyniuk/Documents/библиотечка/DE online1/git/de_7/lesson_07/airflow_env/lib/python3.8/site-packages/airflow/example_dags/plugins/workday.py for tasks to queue
[2023-02-10T21:43:05.658+0200] {logging_mixin.py:115} INFO - [2023-02-10T21:43:05.657+0200] {dagbag.py:508} INFO - Filling up the DagBag from /Users/v.lytvyniuk/Documents/библиотечка/DE online1/git/de_7/lesson_07/airflow_env/lib/python3.8/site-packages/airflow/example_dags/plugins/workday.py
[2023-02-10T21:43:05.659+0200] {processor.py:652} WARNING - No viable dags retrieved from /Users/v.lytvyniuk/Documents/библиотечка/DE online1/git/de_7/lesson_07/airflow_env/lib/python3.8/site-packages/airflow/example_dags/plugins/workday.py
[2023-02-10T21:43:05.677+0200] {processor.py:161} INFO - Processing /Users/v.lytvyniuk/Documents/библиотечка/DE online1/git/de_7/lesson_07/airflow_env/lib/python3.8/site-packages/airflow/example_dags/plugins/workday.py took 0.024 seconds
[2023-02-10T21:43:54.340+0200] {processor.py:153} INFO - Started process (PID=50316) to work on /Users/v.lytvyniuk/Documents/библиотечка/DE online1/git/de_7/lesson_07/airflow_env/lib/python3.8/site-packages/airflow/example_dags/plugins/workday.py
[2023-02-10T21:43:54.344+0200] {processor.py:640} INFO - Processing file /Users/v.lytvyniuk/Documents/библиотечка/DE online1/git/de_7/lesson_07/airflow_env/lib/python3.8/site-packages/airflow/example_dags/plugins/workday.py for tasks to queue
[2023-02-10T21:43:54.344+0200] {logging_mixin.py:115} INFO - [2023-02-10T21:43:54.344+0200] {dagbag.py:508} INFO - Filling up the DagBag from /Users/v.lytvyniuk/Documents/библиотечка/DE online1/git/de_7/lesson_07/airflow_env/lib/python3.8/site-packages/airflow/example_dags/plugins/workday.py
[2023-02-10T21:43:54.345+0200] {processor.py:652} WARNING - No viable dags retrieved from /Users/v.lytvyniuk/Documents/библиотечка/DE online1/git/de_7/lesson_07/airflow_env/lib/python3.8/site-packages/airflow/example_dags/plugins/workday.py
[2023-02-10T21:43:54.364+0200] {processor.py:161} INFO - Processing /Users/v.lytvyniuk/Documents/библиотечка/DE online1/git/de_7/lesson_07/airflow_env/lib/python3.8/site-packages/airflow/example_dags/plugins/workday.py took 0.023 seconds
[2023-02-10T21:44:46.497+0200] {processor.py:153} INFO - Started process (PID=50458) to work on /Users/v.lytvyniuk/Documents/библиотечка/DE online1/git/de_7/lesson_07/airflow_env/lib/python3.8/site-packages/airflow/example_dags/plugins/workday.py
[2023-02-10T21:44:46.500+0200] {processor.py:640} INFO - Processing file /Users/v.lytvyniuk/Documents/библиотечка/DE online1/git/de_7/lesson_07/airflow_env/lib/python3.8/site-packages/airflow/example_dags/plugins/workday.py for tasks to queue
[2023-02-10T21:44:46.500+0200] {logging_mixin.py:115} INFO - [2023-02-10T21:44:46.500+0200] {dagbag.py:508} INFO - Filling up the DagBag from /Users/v.lytvyniuk/Documents/библиотечка/DE online1/git/de_7/lesson_07/airflow_env/lib/python3.8/site-packages/airflow/example_dags/plugins/workday.py
[2023-02-10T21:44:46.501+0200] {processor.py:652} WARNING - No viable dags retrieved from /Users/v.lytvyniuk/Documents/библиотечка/DE online1/git/de_7/lesson_07/airflow_env/lib/python3.8/site-packages/airflow/example_dags/plugins/workday.py
[2023-02-10T21:44:46.522+0200] {processor.py:161} INFO - Processing /Users/v.lytvyniuk/Documents/библиотечка/DE online1/git/de_7/lesson_07/airflow_env/lib/python3.8/site-packages/airflow/example_dags/plugins/workday.py took 0.025 seconds
[2023-02-10T21:45:37.317+0200] {processor.py:153} INFO - Started process (PID=50972) to work on /Users/v.lytvyniuk/Documents/библиотечка/DE online1/git/de_7/lesson_07/airflow_env/lib/python3.8/site-packages/airflow/example_dags/plugins/workday.py
[2023-02-10T21:45:37.321+0200] {processor.py:640} INFO - Processing file /Users/v.lytvyniuk/Documents/библиотечка/DE online1/git/de_7/lesson_07/airflow_env/lib/python3.8/site-packages/airflow/example_dags/plugins/workday.py for tasks to queue
[2023-02-10T21:45:37.321+0200] {logging_mixin.py:115} INFO - [2023-02-10T21:45:37.321+0200] {dagbag.py:508} INFO - Filling up the DagBag from /Users/v.lytvyniuk/Documents/библиотечка/DE online1/git/de_7/lesson_07/airflow_env/lib/python3.8/site-packages/airflow/example_dags/plugins/workday.py
[2023-02-10T21:45:37.322+0200] {processor.py:652} WARNING - No viable dags retrieved from /Users/v.lytvyniuk/Documents/библиотечка/DE online1/git/de_7/lesson_07/airflow_env/lib/python3.8/site-packages/airflow/example_dags/plugins/workday.py
[2023-02-10T21:45:37.341+0200] {processor.py:161} INFO - Processing /Users/v.lytvyniuk/Documents/библиотечка/DE online1/git/de_7/lesson_07/airflow_env/lib/python3.8/site-packages/airflow/example_dags/plugins/workday.py took 0.024 seconds
[2023-02-10T21:46:29.992+0200] {processor.py:153} INFO - Started process (PID=51100) to work on /Users/v.lytvyniuk/Documents/библиотечка/DE online1/git/de_7/lesson_07/airflow_env/lib/python3.8/site-packages/airflow/example_dags/plugins/workday.py
[2023-02-10T21:46:29.995+0200] {processor.py:640} INFO - Processing file /Users/v.lytvyniuk/Documents/библиотечка/DE online1/git/de_7/lesson_07/airflow_env/lib/python3.8/site-packages/airflow/example_dags/plugins/workday.py for tasks to queue
[2023-02-10T21:46:29.995+0200] {logging_mixin.py:115} INFO - [2023-02-10T21:46:29.995+0200] {dagbag.py:508} INFO - Filling up the DagBag from /Users/v.lytvyniuk/Documents/библиотечка/DE online1/git/de_7/lesson_07/airflow_env/lib/python3.8/site-packages/airflow/example_dags/plugins/workday.py
[2023-02-10T21:46:29.996+0200] {processor.py:652} WARNING - No viable dags retrieved from /Users/v.lytvyniuk/Documents/библиотечка/DE online1/git/de_7/lesson_07/airflow_env/lib/python3.8/site-packages/airflow/example_dags/plugins/workday.py
[2023-02-10T21:46:30.014+0200] {processor.py:161} INFO - Processing /Users/v.lytvyniuk/Documents/библиотечка/DE online1/git/de_7/lesson_07/airflow_env/lib/python3.8/site-packages/airflow/example_dags/plugins/workday.py took 0.023 seconds
[2023-02-10T21:47:19.064+0200] {processor.py:153} INFO - Started process (PID=51696) to work on /Users/v.lytvyniuk/Documents/библиотечка/DE online1/git/de_7/lesson_07/airflow_env/lib/python3.8/site-packages/airflow/example_dags/plugins/workday.py
[2023-02-10T21:47:19.067+0200] {processor.py:640} INFO - Processing file /Users/v.lytvyniuk/Documents/библиотечка/DE online1/git/de_7/lesson_07/airflow_env/lib/python3.8/site-packages/airflow/example_dags/plugins/workday.py for tasks to queue
[2023-02-10T21:47:19.067+0200] {logging_mixin.py:115} INFO - [2023-02-10T21:47:19.067+0200] {dagbag.py:508} INFO - Filling up the DagBag from /Users/v.lytvyniuk/Documents/библиотечка/DE online1/git/de_7/lesson_07/airflow_env/lib/python3.8/site-packages/airflow/example_dags/plugins/workday.py
[2023-02-10T21:47:19.068+0200] {processor.py:652} WARNING - No viable dags retrieved from /Users/v.lytvyniuk/Documents/библиотечка/DE online1/git/de_7/lesson_07/airflow_env/lib/python3.8/site-packages/airflow/example_dags/plugins/workday.py
[2023-02-10T21:47:19.089+0200] {processor.py:161} INFO - Processing /Users/v.lytvyniuk/Documents/библиотечка/DE online1/git/de_7/lesson_07/airflow_env/lib/python3.8/site-packages/airflow/example_dags/plugins/workday.py took 0.025 seconds
[2023-02-10T21:53:26.248+0200] {processor.py:153} INFO - Started process (PID=2466) to work on /Users/v.lytvyniuk/Documents/библиотечка/DE online1/git/de_7/lesson_07/airflow_env/lib/python3.8/site-packages/airflow/example_dags/plugins/workday.py
[2023-02-10T21:53:26.252+0200] {processor.py:640} INFO - Processing file /Users/v.lytvyniuk/Documents/библиотечка/DE online1/git/de_7/lesson_07/airflow_env/lib/python3.8/site-packages/airflow/example_dags/plugins/workday.py for tasks to queue
[2023-02-10T21:53:26.252+0200] {logging_mixin.py:115} INFO - [2023-02-10T21:53:26.252+0200] {dagbag.py:508} INFO - Filling up the DagBag from /Users/v.lytvyniuk/Documents/библиотечка/DE online1/git/de_7/lesson_07/airflow_env/lib/python3.8/site-packages/airflow/example_dags/plugins/workday.py
[2023-02-10T21:53:26.253+0200] {processor.py:652} WARNING - No viable dags retrieved from /Users/v.lytvyniuk/Documents/библиотечка/DE online1/git/de_7/lesson_07/airflow_env/lib/python3.8/site-packages/airflow/example_dags/plugins/workday.py
[2023-02-10T21:53:26.273+0200] {processor.py:161} INFO - Processing /Users/v.lytvyniuk/Documents/библиотечка/DE online1/git/de_7/lesson_07/airflow_env/lib/python3.8/site-packages/airflow/example_dags/plugins/workday.py took 0.025 seconds
[2023-02-10T21:54:18.389+0200] {processor.py:153} INFO - Started process (PID=2659) to work on /Users/v.lytvyniuk/Documents/библиотечка/DE online1/git/de_7/lesson_07/airflow_env/lib/python3.8/site-packages/airflow/example_dags/plugins/workday.py
[2023-02-10T21:54:18.394+0200] {processor.py:640} INFO - Processing file /Users/v.lytvyniuk/Documents/библиотечка/DE online1/git/de_7/lesson_07/airflow_env/lib/python3.8/site-packages/airflow/example_dags/plugins/workday.py for tasks to queue
[2023-02-10T21:54:18.394+0200] {logging_mixin.py:115} INFO - [2023-02-10T21:54:18.394+0200] {dagbag.py:508} INFO - Filling up the DagBag from /Users/v.lytvyniuk/Documents/библиотечка/DE online1/git/de_7/lesson_07/airflow_env/lib/python3.8/site-packages/airflow/example_dags/plugins/workday.py
[2023-02-10T21:54:18.395+0200] {processor.py:652} WARNING - No viable dags retrieved from /Users/v.lytvyniuk/Documents/библиотечка/DE online1/git/de_7/lesson_07/airflow_env/lib/python3.8/site-packages/airflow/example_dags/plugins/workday.py
[2023-02-10T21:54:18.414+0200] {processor.py:161} INFO - Processing /Users/v.lytvyniuk/Documents/библиотечка/DE online1/git/de_7/lesson_07/airflow_env/lib/python3.8/site-packages/airflow/example_dags/plugins/workday.py took 0.026 seconds
[2023-02-10T21:55:09.154+0200] {processor.py:153} INFO - Started process (PID=2865) to work on /Users/v.lytvyniuk/Documents/библиотечка/DE online1/git/de_7/lesson_07/airflow_env/lib/python3.8/site-packages/airflow/example_dags/plugins/workday.py
[2023-02-10T21:55:09.157+0200] {processor.py:640} INFO - Processing file /Users/v.lytvyniuk/Documents/библиотечка/DE online1/git/de_7/lesson_07/airflow_env/lib/python3.8/site-packages/airflow/example_dags/plugins/workday.py for tasks to queue
[2023-02-10T21:55:09.158+0200] {logging_mixin.py:115} INFO - [2023-02-10T21:55:09.158+0200] {dagbag.py:508} INFO - Filling up the DagBag from /Users/v.lytvyniuk/Documents/библиотечка/DE online1/git/de_7/lesson_07/airflow_env/lib/python3.8/site-packages/airflow/example_dags/plugins/workday.py
[2023-02-10T21:55:09.158+0200] {processor.py:652} WARNING - No viable dags retrieved from /Users/v.lytvyniuk/Documents/библиотечка/DE online1/git/de_7/lesson_07/airflow_env/lib/python3.8/site-packages/airflow/example_dags/plugins/workday.py
[2023-02-10T21:55:09.177+0200] {processor.py:161} INFO - Processing /Users/v.lytvyniuk/Documents/библиотечка/DE online1/git/de_7/lesson_07/airflow_env/lib/python3.8/site-packages/airflow/example_dags/plugins/workday.py took 0.024 seconds
[2023-02-10T21:56:00.420+0200] {processor.py:153} INFO - Started process (PID=3031) to work on /Users/v.lytvyniuk/Documents/библиотечка/DE online1/git/de_7/lesson_07/airflow_env/lib/python3.8/site-packages/airflow/example_dags/plugins/workday.py
[2023-02-10T21:56:00.423+0200] {processor.py:640} INFO - Processing file /Users/v.lytvyniuk/Documents/библиотечка/DE online1/git/de_7/lesson_07/airflow_env/lib/python3.8/site-packages/airflow/example_dags/plugins/workday.py for tasks to queue
[2023-02-10T21:56:00.424+0200] {logging_mixin.py:115} INFO - [2023-02-10T21:56:00.424+0200] {dagbag.py:508} INFO - Filling up the DagBag from /Users/v.lytvyniuk/Documents/библиотечка/DE online1/git/de_7/lesson_07/airflow_env/lib/python3.8/site-packages/airflow/example_dags/plugins/workday.py
[2023-02-10T21:56:00.424+0200] {processor.py:652} WARNING - No viable dags retrieved from /Users/v.lytvyniuk/Documents/библиотечка/DE online1/git/de_7/lesson_07/airflow_env/lib/python3.8/site-packages/airflow/example_dags/plugins/workday.py
[2023-02-10T21:56:00.443+0200] {processor.py:161} INFO - Processing /Users/v.lytvyniuk/Documents/библиотечка/DE online1/git/de_7/lesson_07/airflow_env/lib/python3.8/site-packages/airflow/example_dags/plugins/workday.py took 0.023 seconds
[2023-02-10T21:56:54.425+0200] {processor.py:153} INFO - Started process (PID=3195) to work on /Users/v.lytvyniuk/Documents/библиотечка/DE online1/git/de_7/lesson_07/airflow_env/lib/python3.8/site-packages/airflow/example_dags/plugins/workday.py
[2023-02-10T21:56:54.428+0200] {processor.py:640} INFO - Processing file /Users/v.lytvyniuk/Documents/библиотечка/DE online1/git/de_7/lesson_07/airflow_env/lib/python3.8/site-packages/airflow/example_dags/plugins/workday.py for tasks to queue
[2023-02-10T21:56:54.429+0200] {logging_mixin.py:115} INFO - [2023-02-10T21:56:54.429+0200] {dagbag.py:508} INFO - Filling up the DagBag from /Users/v.lytvyniuk/Documents/библиотечка/DE online1/git/de_7/lesson_07/airflow_env/lib/python3.8/site-packages/airflow/example_dags/plugins/workday.py
[2023-02-10T21:56:54.430+0200] {processor.py:652} WARNING - No viable dags retrieved from /Users/v.lytvyniuk/Documents/библиотечка/DE online1/git/de_7/lesson_07/airflow_env/lib/python3.8/site-packages/airflow/example_dags/plugins/workday.py
[2023-02-10T21:56:54.448+0200] {processor.py:161} INFO - Processing /Users/v.lytvyniuk/Documents/библиотечка/DE online1/git/de_7/lesson_07/airflow_env/lib/python3.8/site-packages/airflow/example_dags/plugins/workday.py took 0.024 seconds
[2023-02-10T21:57:46.436+0200] {processor.py:153} INFO - Started process (PID=3351) to work on /Users/v.lytvyniuk/Documents/библиотечка/DE online1/git/de_7/lesson_07/airflow_env/lib/python3.8/site-packages/airflow/example_dags/plugins/workday.py
[2023-02-10T21:57:46.440+0200] {processor.py:640} INFO - Processing file /Users/v.lytvyniuk/Documents/библиотечка/DE online1/git/de_7/lesson_07/airflow_env/lib/python3.8/site-packages/airflow/example_dags/plugins/workday.py for tasks to queue
[2023-02-10T21:57:46.440+0200] {logging_mixin.py:115} INFO - [2023-02-10T21:57:46.440+0200] {dagbag.py:508} INFO - Filling up the DagBag from /Users/v.lytvyniuk/Documents/библиотечка/DE online1/git/de_7/lesson_07/airflow_env/lib/python3.8/site-packages/airflow/example_dags/plugins/workday.py
[2023-02-10T21:57:46.441+0200] {processor.py:652} WARNING - No viable dags retrieved from /Users/v.lytvyniuk/Documents/библиотечка/DE online1/git/de_7/lesson_07/airflow_env/lib/python3.8/site-packages/airflow/example_dags/plugins/workday.py
[2023-02-10T21:57:46.465+0200] {processor.py:161} INFO - Processing /Users/v.lytvyniuk/Documents/библиотечка/DE online1/git/de_7/lesson_07/airflow_env/lib/python3.8/site-packages/airflow/example_dags/plugins/workday.py took 0.030 seconds
